
Build and version information

Build number 6.0.15
Build date   20240314
Built:       
      by     p315462
      on     login1
      git id adc28a635c78993922188615a73366ace3402081
      with   GNU Fortran GCC 11.3.0
qfep version 6.0.15 , git id=adc28a635c78993922188615a73366ace3402081 initialising
Current date 2024- 4-18 and time 17:11:19

Welcome in qfep modification date 20240314

 Q6, Copyright © 2017 Johan Åqvist, John Marelius, Shina Caroline Lynn Kamerlin and Paul Bauer
 Q6 comes with ABSOLUTELY NO WARRANTY.  This is free software, and you are welcome
 to redistribute it under certain conditions. For details, add the --help flag.
--> Number of energy files: # Number of files                 =    51
--> No. of states, no. of predefined off-diag elements: # Number of states                 =     2
# Number of off-diagonal elements =     0
--> Give kT & no, of pts to skip   & calculation mode: # kT                              = 0.592
# Number of data points to skip   =   100
# Only QQ interactions will be considered   =   0
--> Give number of gap-bins: # Number of gap-bins              =   100
--> Give minimum # pts/bin: # Minimum number of points per bin=    20
--> Give alpha for state  2:                                                    # Alpha for state  2              =  -520.50
--> Number of off-diagonal elements:# Number of off-diagonal elements =     1
#   i   j   A(i,j)  mu(i,j) eta(i,j) rxy0(i,j)
--> i, j, A_ij, mu_ij, eta_ij, r_xy0: #   1   2     30.00      0.00      0.00      0.00
--> linear combination of states defining reaction coord: # Linear combination co-efficients=  1.00 -1.00


# Part 0: Average energies for all states in all files
# file             state   pts   lambda    EQtot   EQbond  EQang   EQtor   EQimp    EQel   EQvdW  Eel_qq  EvdW_qq Eel_qp  EvdW_qp Eel_qw EvdW_qw Eqrstr
--> Name of file number   1:                                                     
# Energy files from Qdyn, version: 6.0.16 , git id=adc28a635c78993922188615a73366ace3402081                        
fep_050_1.000.en        1      1899  1.000000  -10006.96   -9780.46    12.22     9.10     0.00  -234.82   -12.99   -57.84     5.20   -15.51     0.20  -161.48   -18.39     0.00
fep_050_1.000.en        2      1899  0.000000   -9257.54   -9595.85   172.24     3.42     0.00  -319.68   482.34  -177.74   500.87   -10.38     0.25  -131.56   -18.78     0.00
--> Name of file number   2:                                                     
# Energy files from Qdyn, version: 6.0.16 , git id=adc28a635c78993922188615a73366ace3402081                        
fep_049_0.980.en        1      1899  0.980000  -10023.22   -9778.99    11.59     9.27     0.00  -253.69   -11.39   -51.69     6.70   -15.29     0.37  -186.72   -18.46     0.00
fep_049_0.980.en        2      1899  0.020000   -9498.05   -9723.57   157.03     3.14     0.00  -328.79   394.15  -163.75   412.58   -10.56     0.41  -154.48   -18.84     0.00
--> Name of file number   3:                                                     
# Energy files from Qdyn, version: 6.0.16 , git id=adc28a635c78993922188615a73366ace3402081                        
fep_048_0.960.en        1      1899  0.960000  -10017.86   -9776.52    10.68     9.30     0.00  -251.63    -9.69   -53.45     9.64   -15.00     0.10  -183.18   -19.43     0.00
fep_048_0.960.en        2      1899  0.040000   -9668.29   -9845.10   150.52     3.44     0.00  -318.83   341.67  -152.58   361.39   -10.41     0.14  -155.83   -19.86     0.00
--> Name of file number   4:                                                     
# Energy files from Qdyn, version: 6.0.16 , git id=adc28a635c78993922188615a73366ace3402081                        
fep_047_0.940.en        1      1899  0.940000  -10008.06   -9773.61    11.16     9.37     0.00  -251.77    -3.20   -55.48    13.30   -15.98     0.51  -180.31   -17.01     0.00
fep_047_0.940.en        2      1899  0.060000   -9773.55   -9914.33   146.98     3.71     0.00  -313.50   303.59  -145.70   320.56   -10.64     0.55  -157.16   -17.52     0.00
--> Name of file number   5:                                                     
# Energy files from Qdyn, version: 6.0.16 , git id=adc28a635c78993922188615a73366ace3402081                        
fep_046_0.920.en        1      1899  0.920000   -9981.72   -9768.89    10.72     9.49     0.00  -233.42     0.39   -62.26    18.48   -15.69     0.43  -155.47   -18.52     0.00
fep_046_0.920.en        2      1899  0.080000   -9890.42  -10019.89   139.55     4.15     0.00  -291.02   276.78  -140.82   295.31   -10.59     0.47  -139.60   -19.01     0.00
--> Name of file number   6:                                                     
# Energy files from Qdyn, version: 6.0.16 , git id=adc28a635c78993922188615a73366ace3402081                        
fep_000_0.900.en        1      1899  0.900000   -9969.52   -9762.57    10.61     9.88     0.00  -233.19     5.76   -63.70    25.67   -16.19     0.39  -153.30   -20.30     0.00
fep_000_0.900.en        2      1899  0.100000  -10030.02  -10128.61   134.37     4.37     0.00  -288.12   247.97  -134.42   268.32   -10.54     0.42  -143.16   -20.77     0.00
--> Name of file number   7:                                                     
# Energy files from Qdyn, version: 6.0.16 , git id=adc28a635c78993922188615a73366ace3402081                        
fep_001_0.880.en        1      1899  0.880000   -9960.56   -9755.86    11.00     9.71     0.00  -238.16    12.75   -64.84    32.06   -15.77     0.49  -157.55   -19.79     0.00
fep_001_0.880.en        2      1899  0.120000  -10132.42  -10206.46   124.45     4.32     0.00  -283.59   228.86  -128.64   248.58   -10.60     0.53  -144.36   -20.24     0.00
--> Name of file number   8:                                                     
# Energy files from Qdyn, version: 6.0.16 , git id=adc28a635c78993922188615a73366ace3402081                        
fep_002_0.860.en        1      1899  0.860000   -9940.94   -9746.67    12.18     9.62     0.00  -238.29    22.23   -63.45    40.47   -15.48     0.30  -159.36   -18.54     0.00
fep_002_0.860.en        2      1899  0.140000  -10267.64  -10313.46   114.64     3.42     0.00  -285.29   213.07  -127.34   231.71   -10.76     0.34  -147.20   -18.98     0.00
--> Name of file number   9:                                                     
# Energy files from Qdyn, version: 6.0.16 , git id=adc28a635c78993922188615a73366ace3402081                        
fep_003_0.840.en        1      1899  0.840000   -9926.80   -9733.56    13.10     9.70     0.00  -245.37    29.33   -62.99    49.07   -15.50     0.19  -166.88   -19.93     0.00
fep_003_0.840.en        2      1899  0.160000  -10403.89  -10412.01   103.30     4.05     0.00  -290.88   191.66  -122.48   211.78   -10.50     0.24  -157.90   -20.36     0.00
--> Name of file number  10:                                                     
# Energy files from Qdyn, version: 6.0.16 , git id=adc28a635c78993922188615a73366ace3402081                        
fep_004_0.820.en        1      1899  0.820000   -9913.27   -9718.89    14.42     9.73     0.00  -257.78    39.25   -61.93    56.93   -16.49     0.66  -179.36   -18.34     0.00
fep_004_0.820.en        2      1899  0.180000  -10528.15  -10497.45    92.72     4.49     0.00  -295.45   167.55  -118.40   185.66   -10.95     0.71  -166.11   -18.82     0.00
--> Name of file number  11:                                                     
# Energy files from Qdyn, version: 6.0.16 , git id=adc28a635c78993922188615a73366ace3402081                        
fep_005_0.800.en        1      1899  0.800000   -9888.42   -9703.78    16.00     9.22     0.00  -256.61    46.76   -61.18    64.03   -16.32     0.59  -179.11   -17.87     0.00
fep_005_0.800.en        2      1899  0.200000  -10634.69  -10572.85    81.91     3.16     0.00  -291.95   145.04  -113.54   162.74   -10.65     0.64  -167.76   -18.34     0.00
--> Name of file number  12:                                                     
# Energy files from Qdyn, version: 6.0.16 , git id=adc28a635c78993922188615a73366ace3402081                        
fep_006_0.780.en        1      1899  0.780000   -9858.11   -9683.75    18.00     9.64     0.00  -253.65    51.65   -62.22    68.29   -16.68     0.67  -174.75   -17.31     0.00
fep_006_0.780.en        2      1899  0.220000  -10732.65  -10631.80    65.91     3.08     0.00  -289.40   119.56  -111.59   136.61   -10.80     0.72  -167.01   -17.77     0.00
--> Name of file number  13:                                                     
# Energy files from Qdyn, version: 6.0.16 , git id=adc28a635c78993922188615a73366ace3402081                        
fep_007_0.760.en        1      1899  0.760000   -9836.88   -9660.53    21.65     9.43     0.00  -262.27    54.84   -62.70    70.66   -15.71     0.65  -183.86   -16.47     0.00
fep_007_0.760.en        2      1899  0.240000  -10821.00  -10678.62    49.31     2.76     0.00  -288.88    94.43  -108.62   110.73   -10.36     0.70  -169.90   -17.00     0.00
--> Name of file number  14:                                                     
# Energy files from Qdyn, version: 6.0.16 , git id=adc28a635c78993922188615a73366ace3402081                        
fep_008_0.740.en        1      1899  0.740000   -9817.58   -9647.37    22.62     9.72     0.00  -261.17    58.62   -63.38    75.00   -15.81     0.54  -181.98   -16.92     0.00
fep_008_0.740.en        2      1899  0.260000  -10879.42  -10713.73    40.33     3.89     0.00  -290.39    80.47  -106.26    97.30   -10.40     0.59  -173.72   -17.42     0.00
--> Name of file number  15:                                                     
# Energy files from Qdyn, version: 6.0.16 , git id=adc28a635c78993922188615a73366ace3402081                        
fep_009_0.720.en        1      1899  0.720000   -9801.04   -9636.97    24.90     9.68     0.00  -260.66    62.00   -64.21    77.07   -16.09     0.62  -180.36   -15.68     0.00
fep_009_0.720.en        2      1899  0.280000  -10917.34  -10737.82    33.39     3.91     0.00  -288.18    71.37  -103.50    86.69   -10.47     0.66  -174.21   -15.98     0.00
--> Name of file number  16:                                                     
# Energy files from Qdyn, version: 6.0.16 , git id=adc28a635c78993922188615a73366ace3402081                        
fep_010_0.700.en        1      1899  0.700000   -9779.85   -9619.74    26.38     9.50     0.00  -256.51    60.52   -65.13    77.40   -15.82     0.41  -175.56   -17.29     0.00
fep_010_0.700.en        2      1899  0.300000  -10947.27  -10754.44    25.55     4.30     0.00  -278.90    56.22   -95.04    70.81   -10.05     0.45  -173.81   -15.03     0.00
--> Name of file number  17:                                                     
# Energy files from Qdyn, version: 6.0.16 , git id=adc28a635c78993922188615a73366ace3402081                        
fep_011_0.680.en        1      1899  0.680000   -9771.22   -9574.85    27.41     9.37     0.00  -301.93    68.78   -65.15    80.07   -16.10     0.40  -220.69   -11.69     0.00
fep_011_0.680.en        2      1899  0.320000  -11006.98  -10771.37    24.48     3.81     0.00  -310.42    46.53   -77.83    41.76   -10.33     0.44  -222.27     4.33     0.00
--> Name of file number  18:                                                     
# Energy files from Qdyn, version: 6.0.16 , git id=adc28a635c78993922188615a73366ace3402081                        
fep_012_0.660.en        1      1899  0.660000   -9764.35   -9570.31    28.83     9.57     0.00  -301.78    69.35   -66.20    82.69   -15.59     0.46  -219.99   -13.80     0.00
fep_012_0.660.en        2      1899  0.340000  -11024.32  -10784.04    23.65     4.31     0.00  -310.00    41.75   -79.19    39.42    -9.98     0.50  -220.82     1.82     0.00
--> Name of file number  19:                                                     
# Energy files from Qdyn, version: 6.0.16 , git id=adc28a635c78993922188615a73366ace3402081                        
fep_013_0.640.en        1      1899  0.640000   -9755.11   -9564.47    29.40     9.47     0.00  -299.12    69.60   -66.15    84.60   -14.80     0.04  -218.17   -15.04     0.00
fep_013_0.640.en        2      1899  0.360000  -11039.45  -10791.60    19.53     3.38     0.00  -306.39    35.64   -72.83    36.06    -9.52     0.09  -224.04    -0.51     0.00
--> Name of file number  20:                                                     
# Energy files from Qdyn, version: 6.0.16 , git id=adc28a635c78993922188615a73366ace3402081                        
fep_014_0.620.en        1      1899  0.620000   -9753.32   -9559.92    30.14     9.59     0.00  -306.45    73.32   -65.76    87.43   -15.50     0.45  -225.19   -14.57     0.00
fep_014_0.620.en        2      1899  0.380000  -11062.68  -10800.49    17.00     3.19     0.00  -315.87    33.48   -72.53    33.87   -10.22     0.49  -233.11    -0.88     0.00
--> Name of file number  21:                                                     
# Energy files from Qdyn, version: 6.0.16 , git id=adc28a635c78993922188615a73366ace3402081                        
fep_015_0.600.en        1      1899  0.600000   -9734.72   -9552.86    30.76     9.80     0.00  -297.02    74.60   -66.25    88.82   -15.96     0.34  -214.81   -14.56     0.00
fep_015_0.600.en        2      1899  0.400000  -11070.75  -10809.16    13.34     3.36     0.00  -308.99    30.70   -73.06    30.93   -10.35     0.39  -225.58    -0.62     0.00
--> Name of file number  22:                                                     
# Energy files from Qdyn, version: 6.0.16 , git id=adc28a635c78993922188615a73366ace3402081                        
fep_016_0.580.en        1      1899  0.580000   -9736.02   -9550.78    31.42     9.70     0.00  -302.42    76.05   -67.19    90.41   -15.00     0.32  -220.22   -14.68     0.00
fep_016_0.580.en        2      1899  0.420000  -11086.67  -10816.48    12.86     3.07     0.00  -314.24    28.12   -74.20    29.40    -9.68     0.36  -230.36    -1.65     0.00
--> Name of file number  23:                                                     
# Energy files from Qdyn, version: 6.0.16 , git id=adc28a635c78993922188615a73366ace3402081                        
fep_017_0.560.en        1      1899  0.560000   -9724.06   -9547.90    31.85     9.94     0.00  -296.87    78.92   -67.89    92.22   -16.63     0.77  -212.35   -14.07     0.00
fep_017_0.560.en        2      1899  0.440000  -11093.46  -10821.43    11.77     2.96     0.00  -313.74    26.99   -74.39    28.32   -10.68     0.81  -228.67    -2.14     0.00
--> Name of file number  24:                                                     
# Energy files from Qdyn, version: 6.0.16 , git id=adc28a635c78993922188615a73366ace3402081                        
fep_018_0.540.en        1      1899  0.540000   -9712.25   -9544.45    33.02     9.77     0.00  -290.47    79.87   -68.31    94.58   -16.04     0.53  -206.12   -15.23     0.00
fep_018_0.540.en        2      1899  0.460000  -11092.79  -10827.06    12.84     3.36     0.00  -306.53    24.59   -73.44    27.77   -10.27     0.58  -222.82    -3.77     0.00
--> Name of file number  25:                                                     
# Energy files from Qdyn, version: 6.0.16 , git id=adc28a635c78993922188615a73366ace3402081                        
fep_019_0.520.en        1      1899  0.520000   -9719.29   -9541.02    33.65    10.08     0.00  -303.48    81.48   -63.52    97.13   -14.44     0.16  -225.52   -15.81     0.00
fep_019_0.520.en        2      1899  0.480000  -11107.11  -10832.42    12.41     4.12     0.00  -315.10    23.88   -71.42    28.05    -9.46     0.20  -234.21    -4.38     0.00
--> Name of file number  26:                                                     
# Energy files from Qdyn, version: 6.0.16 , git id=adc28a635c78993922188615a73366ace3402081                        
fep_020_0.500.en        1      1899  0.500000   -9727.63   -9536.90    34.40    10.20     0.00  -320.59    85.26   -60.93    98.33   -14.78     0.23  -244.89   -13.30     0.00
fep_020_0.500.en        2      1899  0.500000  -11133.72  -10835.80    11.35     4.30     0.00  -337.51    23.93   -67.41    25.81   -10.22     0.27  -259.88    -2.15     0.00
--> Name of file number  27:                                                     
# Energy files from Qdyn, version: 6.0.16 , git id=adc28a635c78993922188615a73366ace3402081                        
fep_021_0.480.en        1      1899  0.480000   -9713.95   -9532.53    34.79    10.21     0.00  -312.42    85.99   -63.33    99.94   -14.45     0.13  -234.64   -14.08     0.00
fep_021_0.480.en        2      1899  0.520000  -11133.27  -10839.14    10.59     4.23     0.00  -329.43    20.47   -72.00    24.05    -9.96     0.17  -247.48    -3.75     0.00
--> Name of file number  28:                                                     
# Energy files from Qdyn, version: 6.0.16 , git id=adc28a635c78993922188615a73366ace3402081                        
fep_022_0.460.en        1      1899  0.460000   -9709.54   -9527.98    35.36     9.83     0.00  -311.25    84.51   -59.46   102.26   -15.30     0.22  -236.49   -17.98     0.00
fep_022_0.460.en        2      1899  0.540000  -11143.07  -10842.51    10.02     3.67     0.00  -330.76    16.50   -64.80    23.88   -10.42     0.27  -255.54    -7.64     0.00
--> Name of file number  29:                                                     
# Energy files from Qdyn, version: 6.0.16 , git id=adc28a635c78993922188615a73366ace3402081                        
fep_023_0.440.en        1      1899  0.440000   -9695.78   -9524.79    35.77    10.06     0.00  -303.42    86.60   -58.81   103.55   -14.45     0.07  -230.15   -17.02     0.00
fep_023_0.440.en        2      1899  0.560000  -11140.02  -10847.23     8.94     4.24     0.00  -320.93    14.97   -66.71    22.58   -10.05     0.11  -244.17    -7.72     0.00
--> Name of file number  30:                                                     
# Energy files from Qdyn, version: 6.0.16 , git id=adc28a635c78993922188615a73366ace3402081                        
fep_024_0.420.en        1      1899  0.420000   -9685.99   -9518.47    37.50    10.03     0.00  -305.23    90.17   -60.71   105.77   -15.71     0.31  -228.81   -15.92     0.00
fep_024_0.420.en        2      1899  0.580000  -11144.80  -10849.27     8.53     3.76     0.00  -323.52    15.71   -66.14    21.56   -10.77     0.36  -246.62    -6.22     0.00
--> Name of file number  31:                                                     
# Energy files from Qdyn, version: 6.0.16 , git id=adc28a635c78993922188615a73366ace3402081                        
fep_025_0.400.en        1      1899  0.400000   -9689.74   -9516.77    37.71     9.88     0.00  -312.71    92.14   -58.09   107.72   -14.57     0.06  -240.05   -15.63     0.00
fep_025_0.400.en        2      1899  0.600000  -11161.80  -10853.09     8.30     3.64     0.00  -335.04    14.40   -63.87    20.66    -9.90     0.10  -261.27    -6.36     0.00
--> Name of file number  32:                                                     
# Energy files from Qdyn, version: 6.0.16 , git id=adc28a635c78993922188615a73366ace3402081                        
fep_026_0.380.en        1      1899  0.380000   -9670.08   -9512.38    37.87     9.93     0.00  -298.67    93.17   -61.29   109.42   -15.96     0.40  -221.41   -16.64     0.00
fep_026_0.380.en        2      1899  0.620000  -11151.63  -10855.94     8.26     4.56     0.00  -321.65    13.15   -64.23    20.29   -10.92     0.44  -246.49    -7.59     0.00
--> Name of file number  33:                                                     
# Energy files from Qdyn, version: 6.0.16 , git id=adc28a635c78993922188615a73366ace3402081                        
fep_027_0.360.en        1      1899  0.360000   -9669.05   -9507.98    39.71     9.46     0.00  -303.38    93.15   -61.32   109.27   -14.87     0.24  -227.20   -16.36     0.00
fep_027_0.360.en        2      1899  0.640000  -11153.41  -10858.41     8.41     4.44     0.00  -320.36    12.51   -64.35    19.87   -10.11     0.28  -245.91    -7.64     0.00
--> Name of file number  34:                                                     
# Energy files from Qdyn, version: 6.0.16 , git id=adc28a635c78993922188615a73366ace3402081                        
fep_028_0.340.en        1      1899  0.340000   -9665.63   -9503.35    39.06     9.91     0.00  -306.08    94.82   -62.07   111.18   -15.19     0.42  -228.81   -16.78     0.00
fep_028_0.340.en        2      1899  0.660000  -11165.59  -10860.40     8.72     3.69     0.00  -327.95    10.34   -63.93    18.18   -10.30     0.46  -253.72    -8.30     0.00
--> Name of file number  35:                                                     
# Energy files from Qdyn, version: 6.0.16 , git id=adc28a635c78993922188615a73366ace3402081                        
fep_029_0.320.en        1      1899  0.320000   -9660.12   -9498.89    38.94     9.91     0.00  -307.92    97.84   -62.03   113.16   -14.19     0.24  -231.70   -15.56     0.00
fep_029_0.320.en        2      1899  0.680000  -11164.65  -10862.42     8.05     3.94     0.00  -324.72    10.50   -61.23    17.37    -9.88     0.28  -253.61    -7.15     0.00
--> Name of file number  36:                                                     
# Energy files from Qdyn, version: 6.0.16 , git id=adc28a635c78993922188615a73366ace3402081                        
fep_030_0.300.en        1      1899  0.300000   -9672.05   -9472.54    41.52     9.83     0.00  -348.03    97.16   -60.59   113.51   -15.42     0.07  -272.03   -16.41     0.00
fep_030_0.300.en        2      1899  0.700000  -11188.43  -10865.37     8.19     3.55     0.00  -345.00    10.20   -42.74    17.03   -10.76     0.11  -291.50    -6.94     0.00
--> Name of file number  37:                                                     
# Energy files from Qdyn, version: 6.0.16 , git id=adc28a635c78993922188615a73366ace3402081                        
fep_031_0.280.en        1      1899  0.280000   -9660.74   -9471.20    41.08     9.92     0.00  -337.39    96.85   -60.46   115.10   -16.31     0.57  -260.62   -18.82     0.00
fep_031_0.280.en        2      1899  0.720000  -11185.46  -10867.85     6.84     3.37     0.00  -335.01     7.19   -41.44    16.13   -11.25     0.61  -282.32    -9.54     0.00
--> Name of file number  38:                                                     
# Energy files from Qdyn, version: 6.0.16 , git id=adc28a635c78993922188615a73366ace3402081                        
fep_032_0.260.en        1      1899  0.260000   -9670.76   -9467.67    42.70    10.13     0.00  -354.11    98.20   -59.97   115.84   -13.41    -0.28  -280.73   -17.36     0.00
fep_032_0.260.en        2      1899  0.740000  -11205.19  -10869.23     7.12     3.33     0.00  -352.84     6.44   -37.85    15.40    -9.83    -0.24  -305.16    -8.72     0.00
--> Name of file number  39:                                                     
# Energy files from Qdyn, version: 6.0.16 , git id=adc28a635c78993922188615a73366ace3402081                        
fep_033_0.240.en        1      1899  0.240000   -9664.53   -9463.34    42.58     9.80     0.00  -352.30    98.73   -60.84   117.55   -15.88     0.31  -275.57   -19.13     0.00
fep_033_0.240.en        2      1899  0.760000  -11202.27  -10871.70     6.45     3.22     0.00  -344.40     4.17   -37.79    14.65   -11.09     0.35  -295.52   -10.83     0.00
--> Name of file number  40:                                                     
# Energy files from Qdyn, version: 6.0.16 , git id=adc28a635c78993922188615a73366ace3402081                        
fep_034_0.220.en        1      1899  0.220000   -9654.41   -9456.88    44.69    11.04     0.00  -354.99   101.74   -62.94   119.85   -15.06    -0.12  -276.99   -17.99     0.00
fep_034_0.220.en        2      1899  0.780000  -11208.13  -10872.50     7.52     3.29     0.00  -350.89     4.45   -37.53    13.96   -10.10    -0.08  -303.26    -9.43     0.00
--> Name of file number  41:                                                     
# Energy files from Qdyn, version: 6.0.16 , git id=adc28a635c78993922188615a73366ace3402081                        
fep_035_0.200.en        1      1899  0.200000   -9650.78   -9455.00    43.49    10.04     0.00  -352.26   102.95   -62.67   121.09   -14.58     0.07  -275.01   -18.20     0.00
fep_035_0.200.en        2      1899  0.800000  -11212.10  -10873.50     7.31     3.43     0.00  -352.79     3.46   -37.66    13.46   -10.00     0.11  -305.14   -10.11     0.00
--> Name of file number  42:                                                     
# Energy files from Qdyn, version: 6.0.16 , git id=adc28a635c78993922188615a73366ace3402081                        
fep_036_0.180.en        1      1899  0.180000   -9639.54   -9450.00    44.41    11.38     0.00  -351.41   106.07   -65.22   122.41   -15.92     0.28  -270.27   -16.62     0.00
fep_036_0.180.en        2      1899  0.820000  -11209.99  -10874.54     6.93     3.59     0.00  -350.78     4.81   -39.05    13.27   -10.83     0.32  -300.91    -8.77     0.00
--> Name of file number  43:                                                     
# Energy files from Qdyn, version: 6.0.16 , git id=adc28a635c78993922188615a73366ace3402081                        
fep_037_0.160.en        1      1899  0.160000   -9634.87   -9446.13    45.77    11.57     0.00  -352.05   105.98   -66.94   123.80   -16.01     0.34  -269.10   -18.16     0.00
fep_037_0.160.en        2      1899  0.840000  -11213.30  -10875.38     6.88     3.04     0.00  -350.05     2.20   -40.79    12.88   -10.85     0.38  -298.41   -11.06     0.00
--> Name of file number  44:                                                     
# Energy files from Qdyn, version: 6.0.16 , git id=adc28a635c78993922188615a73366ace3402081                        
fep_038_0.140.en        1      1899  0.140000   -9621.16   -9437.49    45.95    13.41     0.00  -351.97   108.94   -66.90   125.47   -15.06     0.24  -270.02   -16.77     0.00
fep_038_0.140.en        2      1899  0.860000  -11213.43  -10875.21     7.24     2.99     0.00  -350.67     2.21   -37.79    11.32   -10.39     0.28  -302.49    -9.39     0.00
--> Name of file number  45:                                                     
# Energy files from Qdyn, version: 6.0.16 , git id=adc28a635c78993922188615a73366ace3402081                        
fep_039_0.120.en        1      1899  0.120000   -9624.36   -9435.66    48.02    11.05     0.00  -359.35   111.58   -61.30   126.16   -13.52    -0.06  -284.53   -14.52     0.00
fep_039_0.120.en        2      1899  0.880000  -11220.36  -10876.16     7.34     3.29     0.00  -358.43     3.59   -34.07    11.02    -9.65    -0.02  -314.71    -7.41     0.00
--> Name of file number  46:                                                     
# Energy files from Qdyn, version: 6.0.16 , git id=adc28a635c78993922188615a73366ace3402081                        
fep_040_0.100.en        1      1899  0.100000   -9613.50   -9430.70    49.20    11.10     0.00  -354.64   111.55   -59.75   128.78   -14.11    -0.06  -280.78   -17.18     0.00
fep_040_0.100.en        2      1899  0.900000  -11221.48  -10877.76     7.09     3.57     0.00  -355.49     1.11   -30.92    11.43    -9.89    -0.02  -314.68   -10.30     0.00
--> Name of file number  47:                                                     
# Energy files from Qdyn, version: 6.0.16 , git id=adc28a635c78993922188615a73366ace3402081                        
fep_041_0.080.en        1      1899  0.080000   -9612.82   -9427.38    50.05    10.84     0.00  -358.49   112.16   -59.97   129.17   -13.82    -0.13  -284.69   -16.89     0.00
fep_041_0.080.en        2      1899  0.920000  -11225.66  -10878.36     6.50     3.24     0.00  -357.56     0.52   -29.51    11.07    -9.91    -0.09  -318.14   -10.46     0.00
--> Name of file number  48:                                                     
# Energy files from Qdyn, version: 6.0.16 , git id=adc28a635c78993922188615a73366ace3402081                        
fep_042_0.060.en        1      1899  0.060000   -9599.08   -9423.22    50.70    10.49     0.00  -353.60   116.54   -64.61   132.20   -15.55    -0.07  -273.44   -15.59     0.00
fep_042_0.060.en        2      1899  0.940000  -11219.32  -10879.49     6.98     3.71     0.00  -352.34     1.82   -32.32    10.93   -10.80    -0.03  -309.22    -9.08     0.00
--> Name of file number  49:                                                     
# Energy files from Qdyn, version: 6.0.16 , git id=adc28a635c78993922188615a73366ace3402081                        
fep_043_0.040.en        1      1899  0.040000   -9584.60   -9417.18    53.36    10.98     0.00  -350.76   119.00   -61.24   133.45   -15.55     0.02  -273.98   -14.47     0.00
fep_043_0.040.en        2      1899  0.960000  -11218.16  -10879.41     7.14     4.07     0.00  -351.64     1.68   -30.51     9.60   -10.71     0.05  -310.43    -7.97     0.00
--> Name of file number  50:                                                     
# Energy files from Qdyn, version: 6.0.16 , git id=adc28a635c78993922188615a73366ace3402081                        
fep_044_0.020.en        1      1899  0.020000   -9576.18   -9405.69    51.72    12.52     0.00  -355.82   121.09   -62.49   134.90   -13.94     0.07  -279.38   -13.88     0.00
fep_044_0.020.en        2      1899  0.980000  -11223.19  -10879.84     7.12     3.71     0.00  -355.82     1.64   -26.05     8.51    -9.70     0.10  -320.07    -6.98     0.00
--> Name of file number  51:                                                     
# Energy files from Qdyn, version: 6.0.16 , git id=adc28a635c78993922188615a73366ace3402081                        
fep_045_0.000.en        1      1899  0.000000   -9541.31   -9385.79    79.47    10.70     0.00  -364.98   119.29   -72.51   135.32   -13.91    -0.23  -278.56   -15.80     0.00
fep_045_0.000.en        2      1899  1.000000  -11226.43  -10879.75     6.96     3.83     0.00  -356.86    -0.61   -24.24     8.31    -9.39    -0.19  -323.23    -8.72     0.00


# Part 1: Free energy perturbation summary:

# Calculation for full system
# lambda(1)      dGf sum(dGf)      dGr sum(dGr)     <dG>
   1.000000     0.000     0.000    -1.879  1660.445     0.000
   0.980000     3.181     3.181     1.731  1662.323     2.530
   0.960000    -1.578     1.603     4.373  1660.592     0.875
   0.940000    -5.031    -3.428     7.497  1656.219    -3.826
   0.920000    -7.343   -10.771    10.383  1648.723   -11.246
   0.900000   -10.081   -20.852    12.346  1638.340   -21.479
   0.880000   -13.053   -33.905    14.927  1625.993   -34.178
   0.860000   -15.379   -49.284    18.742  1611.066   -49.331
   0.840000   -18.404   -67.688    21.196  1592.324   -67.904
   0.820000   -21.240   -88.927    24.348  1571.128   -89.122
   0.800000   -24.444  -113.372    26.444  1546.780  -113.518
   0.780000   -26.261  -139.633    28.592  1520.336  -139.871
   0.760000   -29.366  -168.998    30.830  1491.744  -168.850
   0.740000   -31.336  -200.334    32.033  1460.913  -199.933
   0.720000   -32.267  -232.601    33.220  1428.880  -232.082
   0.700000   -33.326  -265.927    34.784  1395.660  -265.356
   0.680000   -34.314  -300.240    35.327  1360.877  -299.904
   0.660000   -35.444  -335.685    35.763  1325.550  -335.290
   0.640000   -35.873  -371.557    36.315  1289.786  -371.108
   0.620000   -36.435  -407.993    36.938  1253.471  -407.483
   0.600000   -36.872  -444.865    37.252  1216.534  -444.388
   0.580000   -37.316  -482.181    37.596  1179.282  -481.672
   0.560000   -37.585  -519.766    37.802  1141.686  -519.263
   0.540000   -37.995  -557.762    37.903  1103.884  -557.161
   0.520000   -38.246  -596.008    38.289  1065.981  -595.236
   0.500000   -38.429  -634.437    38.569  1027.692  -633.595
   0.480000   -38.772  -673.209    38.837   989.123  -672.265
   0.460000   -39.027  -712.236    39.103   950.286  -711.197
   0.440000   -39.325  -751.560    39.391   911.183  -750.411
   0.420000   -39.483  -791.043    39.688   871.792  -789.848
   0.400000   -39.776  -830.820    39.855   832.104  -829.580
   0.380000   -40.016  -870.836    39.920   792.249  -869.516
   0.360000   -40.233  -911.069    40.236   752.329  -909.592
   0.340000   -40.272  -951.341    40.329   712.093  -949.846
   0.320000   -40.583  -991.924    40.571   671.764  -990.302
   0.300000   -40.666 -1032.590    40.778   631.193 -1030.921
   0.280000   -40.903 -1073.493    40.959   590.415 -1071.761
   0.260000   -41.027 -1114.520    41.040   549.456 -1112.754
   0.240000   -41.235 -1155.754    41.335   508.416 -1153.892
   0.220000   -41.287 -1197.042    41.505   467.081 -1195.203
   0.200000   -41.625 -1238.667    41.682   425.575 -1236.768
   0.180000   -41.765 -1280.432    41.835   383.893 -1278.492
   0.160000   -41.955 -1322.386    42.095   342.057 -1320.387
   0.140000   -42.118 -1364.504    42.191   299.962 -1362.493
   0.120000   -42.410 -1406.914    42.443   257.772 -1404.793
   0.100000   -42.470 -1449.384    42.551   215.329 -1447.250
   0.080000   -42.695 -1492.079    42.715   172.778 -1489.872
   0.060000   -42.780 -1534.859    42.955   130.063 -1532.620
   0.040000   -42.912 -1577.771    43.242    87.108 -1575.554
   0.020000   -43.212 -1620.983    43.866    43.866 -1618.781
   0.000000   -43.452 -1664.435     0.000     0.000 -1662.440

# Min energy-gap is:   -523.35
# Max energy-gap is:   2318.60



# Part 2: Reaction free energy summary:
# Lambda(1)  bin Energy gap      dGa     dGb     dGg    # pts    c1**2    c2**2
   1.000000    5    -395.47       0.00     383.39      -2.26     22     0.994     0.006
   1.000000    6    -367.05       0.00     354.54      -2.46     40     0.993     0.007
   1.000000    7    -338.63       0.00     326.38      -2.66    104     0.992     0.008
   1.000000    8    -310.21       0.00     297.99      -2.90    139     0.991     0.009
   1.000000    9    -281.79       0.00     270.07      -3.17    225     0.989     0.011
   1.000000   10    -253.37       0.00     241.57      -3.52    254     0.986     0.014
   1.000000   11    -224.95       0.00     213.05      -3.97    308     0.983     0.017
   1.000000   12    -196.53       0.00     184.93      -4.50    295     0.978     0.022
   1.000000   13    -168.11       0.00     156.32      -5.23    208     0.971     0.029
   1.000000   14    -139.69       0.00     127.65      -6.24    168     0.960     0.040
   1.000000   15    -111.27       0.00      99.05      -7.80     70     0.940     0.060
   1.000000   16     -82.85       0.00      73.36      -9.80     36     0.911     0.089
   0.980000   13    -168.11      -0.77     154.81      -6.08     26     0.969     0.031
   0.980000   14    -139.69      -0.27     127.80      -6.49     66     0.959     0.041
   0.980000   15    -111.27       0.32      99.69      -7.46     94     0.938     0.062
   0.980000   16     -82.85       0.87      72.20      -9.30    181     0.902     0.098
   0.980000   17     -54.43       1.44      44.33     -13.01    226     0.830     0.170
   0.980000   18     -26.01       2.01      16.17     -20.87    274     0.686     0.314
   0.980000   19       2.41       2.56     -11.44     -34.59    266     0.478     0.522
   0.980000   20      30.83       3.11     -39.17     -54.32    274     0.280     0.720
   0.980000   21      59.25       3.68     -66.71     -77.50    196     0.153     0.847
   0.980000   22      87.67       4.24     -95.26    -103.47    125     0.090     0.910
   0.980000   23     116.09       4.77    -122.58    -129.18     79     0.059     0.941
   0.980000   24     144.51       5.39    -150.08    -155.60     48     0.039     0.961
   0.980000   25     172.92       5.99    -178.79    -183.49     21     0.028     0.972
   0.960000   19       2.41       0.94     -13.35     -36.38     20     0.468     0.532
   0.960000   20      30.83       2.11     -40.44     -55.56     46     0.262     0.738
   0.960000   21      59.25       3.22     -67.21     -78.03     91     0.146     0.854
   0.960000   22      87.67       4.33     -94.73    -102.95    151     0.087     0.913
   0.960000   23     116.09       5.45    -121.99    -128.60    223     0.056     0.944
   0.960000   24     144.51       6.58    -149.39    -154.89    283     0.038     0.962
   0.960000   25     172.92       7.70    -176.57    -181.27    298     0.028     0.972
   0.960000   26     201.34       8.79    -202.92    -207.04    274     0.021     0.979
   0.960000   27     229.76       9.93    -231.04    -234.69    206     0.016     0.984
   0.960000   28     258.18      11.14    -258.35    -261.62    138     0.013     0.987
   0.960000   29     286.60      12.18    -285.69    -288.66     90     0.011     0.989
   0.960000   30     315.02      13.31    -311.37    -314.10     42     0.009     0.991
   0.940000   24     144.51       5.02    -150.74    -156.26     32     0.036     0.964
   0.940000   25     172.92       6.36    -177.69    -182.40     64     0.028     0.972
   0.940000   26     201.34       8.08    -204.41    -208.51    144     0.021     0.979
   0.940000   27     229.76       9.80    -230.91    -234.55    221     0.016     0.984
   0.940000   28     258.18      11.48    -257.74    -261.01    328     0.013     0.987
   0.940000   29     286.60      13.17    -284.65    -287.62    353     0.011     0.989
   0.940000   30     315.02      14.80    -311.07    -313.79    289     0.009     0.991
   0.940000   31     343.44      16.58    -337.39    -339.89    177     0.007     0.993
   0.940000   32     371.86      18.20    -363.96    -366.29    136     0.006     0.994
   0.940000   33     400.28      19.97    -391.01    -393.18     76     0.006     0.994
   0.940000   34     428.70      21.51    -417.35    -419.37     41     0.005     0.995
   0.920000   30     315.02      13.77    -312.08    -314.80     58     0.009     0.991
   0.920000   31     343.44      16.00    -338.08    -340.58    164     0.007     0.993
   0.920000   32     371.86      18.31    -364.31    -366.63    259     0.006     0.994
   0.920000   33     400.28      20.45    -390.14    -392.31    282     0.006     0.994
   0.920000   34     428.70      22.68    -416.20    -418.22    353     0.005     0.995
   0.920000   35     457.12      24.93    -442.67    -444.58    303     0.004     0.996
   0.920000   36     485.54      27.24    -468.70    -470.50    217     0.004     0.996
   0.920000   37     513.96      29.51    -494.94    -496.64    141     0.003     0.997
   0.920000   38     542.38      31.69    -521.15    -522.77     66     0.003     0.997
   0.920000   39     570.80      33.98    -547.31    -548.84     21     0.003     0.997
   0.900000   35     457.12      24.07    -443.68    -445.58     60     0.004     0.996
   0.900000   36     485.54      26.78    -469.33    -471.12    112     0.004     0.996
   0.900000   37     513.96      29.53    -494.74    -496.45    227     0.003     0.997
   0.900000   38     542.38      32.31    -520.48    -522.09    293     0.003     0.997
   0.900000   39     570.80      35.07    -545.70    -547.23    301     0.003     0.997
   0.900000   40     599.22      37.95    -571.19    -572.66    289     0.002     0.998
   0.900000   41     627.64      40.70    -596.66    -598.06    266     0.002     0.998
   0.900000   42     656.06      43.51    -622.32    -623.66    162     0.002     0.998
   0.900000   43     684.48      46.41    -647.83    -649.12     79     0.002     0.998
   0.900000   44     712.90      49.09    -673.83    -675.07     50     0.002     0.998
   0.900000   45     741.32      52.07    -699.78    -700.97     32     0.002     0.998
   0.880000   38     542.38      30.50    -522.11    -523.73     31     0.003     0.997
   0.880000   39     570.80      33.68    -546.96    -548.50     80     0.003     0.997
   0.880000   40     599.22      37.13    -571.86    -573.33    140     0.002     0.998
   0.880000   41     627.64      40.61    -596.81    -598.21    208     0.002     0.998
   0.880000   42     656.06      43.94    -621.79    -623.13    244     0.002     0.998
   0.880000   43     684.48      47.30    -646.74    -648.03    306     0.002     0.998
   0.880000   44     712.90      50.72    -671.73    -672.96    270     0.002     0.998
   0.880000   45     741.32      54.04    -696.65    -697.84    236     0.002     0.998
   0.880000   46     769.74      57.34    -721.48    -722.62    177     0.002     0.998
   0.880000   47     798.16      60.83    -746.78    -747.89     96     0.001     0.999
   0.880000   48     826.58      64.26    -771.60    -772.67     58     0.001     0.999
   0.880000   49     854.99      67.50    -795.75    -796.78     29     0.001     0.999
   0.860000   44     712.90      49.75    -672.37    -673.60     56     0.002     0.998
   0.860000   45     741.32      53.80    -696.90    -698.09     96     0.002     0.998
   0.860000   46     769.74      57.76    -721.48    -722.63    154     0.002     0.998
   0.860000   47     798.16      61.59    -745.59    -746.70    232     0.001     0.999
   0.860000   48     826.58      65.55    -770.18    -771.25    325     0.001     0.999
   0.860000   49     854.99      69.48    -794.79    -795.82    296     0.001     0.999
   0.860000   50     883.41      73.45    -819.01    -820.01    256     0.001     0.999
   0.860000   51     911.83      77.38    -843.45    -844.42    190     0.001     0.999
   0.860000   52     940.25      81.36    -867.44    -868.38    138     0.001     0.999
   0.860000   53     968.67      85.24    -891.86    -892.78     74     0.001     0.999
   0.860000   54     997.09      89.38    -916.30    -917.19     42     0.001     0.999
   0.840000   50     883.41      72.48    -820.16    -821.16     99     0.001     0.999
   0.840000   51     911.83      76.99    -843.93    -844.90    151     0.001     0.999
   0.840000   52     940.25      81.53    -867.33    -868.27    231     0.001     0.999
   0.840000   53     968.67      85.99    -891.13    -892.05    297     0.001     0.999
   0.840000   54     997.09      90.46    -915.07    -915.96    290     0.001     0.999
   0.840000   55    1025.51      95.06    -939.01    -939.87    285     0.001     0.999
   0.840000   56    1053.93      99.63    -962.94    -963.78    256     0.001     0.999
   0.840000   57    1082.35     104.06    -986.63    -987.46    150     0.001     0.999
   0.840000   58    1110.77     108.60   -1010.42   -1011.22     80     0.001     0.999
   0.840000   59    1139.19     113.29   -1032.73   -1033.52     25     0.001     0.999
   0.820000   54     997.09      89.10    -916.16    -917.05     57     0.001     0.999
   0.820000   55    1025.51      94.39    -939.50    -940.37     74     0.001     0.999
   0.820000   56    1053.93      99.49    -963.06    -963.90    162     0.001     0.999
   0.820000   57    1082.35     104.56    -986.41    -987.23    205     0.001     0.999
   0.820000   58    1110.77     109.71   -1009.60   -1010.40    291     0.001     0.999
   0.820000   59    1139.19     114.75   -1032.71   -1033.49    362     0.001     0.999
   0.820000   60    1167.61     119.75   -1055.91   -1056.68    249     0.001     0.999
   0.820000   61    1196.03     124.87   -1079.10   -1079.84    228     0.001     0.999
   0.820000   62    1224.45     129.99   -1102.78   -1103.51    131     0.001     0.999
   0.820000   63    1252.87     134.90   -1125.21   -1125.92     65     0.001     0.999
   0.820000   64    1281.29     139.99   -1144.61   -1145.31     29     0.001     0.999
   0.800000   59    1139.19     112.71   -1034.23   -1035.01     34     0.001     0.999
   0.800000   60    1167.61     118.93   -1057.33   -1058.09     62     0.001     0.999
   0.800000   61    1196.03     124.42   -1079.64   -1080.39    168     0.001     0.999
   0.800000   62    1224.45     129.87   -1102.41   -1103.14    298     0.001     0.999
   0.800000   63    1252.87     135.65   -1125.06   -1125.77    355     0.001     0.999
   0.800000   64    1281.29     141.25   -1147.77   -1148.47    408     0.001     0.999
   0.800000   65    1309.71     146.84   -1170.39   -1171.07    310     0.001     0.999
   0.800000   66    1338.13     152.38   -1192.98   -1193.64    156     0.001     0.999
   0.800000   67    1366.55     157.95   -1215.24   -1215.89     69     0.000     1.000
   0.800000   68    1394.97     163.78   -1237.20   -1237.84     24     0.000     1.000
   0.780000   63    1252.87     134.33   -1126.71   -1127.42     41     0.001     0.999
   0.780000   64    1281.29     140.64   -1148.49   -1149.18    101     0.001     0.999
   0.780000   65    1309.71     146.65   -1170.46   -1171.14    162     0.001     0.999
   0.780000   66    1338.13     152.95   -1192.59   -1193.26    219     0.001     0.999
   0.780000   67    1366.55     159.15   -1214.42   -1215.07    281     0.000     1.000
   0.780000   68    1394.97     165.35   -1236.83   -1237.47    279     0.000     1.000
   0.780000   69    1423.39     171.57   -1258.75   -1259.38    268     0.000     1.000
   0.780000   70    1451.81     177.86   -1281.20   -1281.82    231     0.000     1.000
   0.780000   71    1480.23     183.97   -1303.42   -1304.03    150     0.000     1.000
   0.780000   72    1508.65     190.03   -1325.10   -1325.69     89     0.000     1.000
   0.780000   73    1537.06     196.49   -1347.48   -1348.06     44     0.000     1.000
   0.760000   67    1366.55     157.53   -1216.34   -1216.99     34     0.000     1.000
   0.760000   68    1394.97     163.78   -1237.97   -1238.60     88     0.000     1.000
   0.760000   69    1423.39     170.92   -1259.10   -1259.72    150     0.000     1.000
   0.760000   70    1451.81     177.66   -1280.84   -1281.46    215     0.000     1.000
   0.760000   71    1480.23     184.39   -1302.59   -1303.19    297     0.000     1.000
   0.760000   72    1508.65     191.28   -1324.14   -1324.73    334     0.000     1.000
   0.760000   73    1537.06     198.18   -1345.61   -1346.19    298     0.000     1.000
   0.760000   74    1565.48     204.99   -1367.07   -1367.64    230     0.000     1.000
   0.760000   75    1593.90     211.41   -1388.40   -1388.96    126     0.000     1.000
   0.760000   76    1622.32     218.33   -1410.19   -1410.74     74     0.000     1.000
   0.740000   71    1480.23     182.99   -1304.35   -1304.96     55     0.000     1.000
   0.740000   72    1508.65     190.19   -1324.92   -1325.51    125     0.000     1.000
   0.740000   73    1537.06     197.64   -1345.63   -1346.21    273     0.000     1.000
   0.740000   74    1565.48     204.97   -1367.06   -1367.63    389     0.000     1.000
   0.740000   75    1593.90     212.20   -1387.69   -1388.25    476     0.000     1.000
   0.740000   76    1622.32     219.60   -1408.65   -1409.20    363     0.000     1.000
   0.740000   77    1650.74     226.74   -1429.24   -1429.78    151     0.000     1.000
   0.740000   78    1679.16     234.10   -1449.48   -1450.01     47     0.000     1.000
   0.720000   73    1537.06     195.90   -1347.53   -1348.11     36     0.000     1.000
   0.720000   74    1565.48     204.19   -1367.45   -1368.02    128     0.000     1.000
   0.720000   75    1593.90     211.88   -1388.00   -1388.56    288     0.000     1.000
   0.720000   76    1622.32     219.63   -1408.19   -1408.74    451     0.000     1.000
   0.720000   77    1650.74     227.61   -1428.44   -1428.98    468     0.000     1.000
   0.720000   78    1679.16     235.47   -1449.10   -1449.63    336     0.000     1.000
   0.720000   79    1707.58     243.16   -1469.36   -1469.88    132     0.000     1.000
   0.720000   80    1736.00     251.56   -1490.25   -1490.76     39     0.000     1.000
   0.700000   75    1593.90     211.85   -1389.34   -1389.90     40     0.000     1.000
   0.700000   76    1622.32     219.01   -1408.93   -1409.48    187     0.000     1.000
   0.700000   77    1650.74     227.33   -1428.91   -1429.45    369     0.000     1.000
   0.700000   78    1679.16     235.87   -1448.70   -1449.23    445     0.000     1.000
   0.700000   79    1707.58     244.28   -1468.52   -1469.04    440     0.000     1.000
   0.700000   80    1736.00     252.57   -1488.43   -1488.94    286     0.000     1.000
   0.700000   81    1764.42     261.14   -1507.91   -1508.42    109     0.000     1.000
   0.700000   82    1792.84     269.46   -1524.23   -1524.73     22     0.000     1.000
   0.680000   78    1679.16     234.94   -1449.37   -1449.91     56     0.000     1.000
   0.680000   79    1707.58     244.14   -1469.02   -1469.55    198     0.000     1.000
   0.680000   80    1736.00     252.92   -1488.17   -1488.69    535     0.000     1.000
   0.680000   81    1764.42     261.69   -1507.33   -1507.83    647     0.000     1.000
   0.680000   82    1792.84     270.65   -1526.34   -1526.84    369     0.000     1.000
   0.680000   83    1821.26     279.83   -1545.71   -1546.20     83     0.000     1.000
   0.660000   79    1707.58     243.04   -1470.47   -1471.00     35     0.000     1.000
   0.660000   80    1736.00     252.35   -1488.60   -1489.12    248     0.000     1.000
   0.660000   81    1764.42     261.48   -1507.16   -1507.67    598     0.000     1.000
   0.660000   82    1792.84     271.03   -1525.62   -1526.12    662     0.000     1.000
   0.660000   83    1821.26     280.52   -1543.83   -1544.32    309     0.000     1.000
   0.660000   84    1849.68     290.09   -1558.19   -1558.67     44     0.000     1.000
   0.640000   80    1736.00     251.50   -1489.66   -1490.18     70     0.000     1.000
   0.640000   81    1764.42     260.96   -1507.76   -1508.27    362     0.000     1.000
   0.640000   82    1792.84     270.90   -1525.55   -1526.05    568     0.000     1.000
   0.640000   83    1821.26     281.02   -1543.70   -1544.19    536     0.000     1.000
   0.640000   84    1849.68     291.09   -1561.33   -1561.82    309     0.000     1.000
   0.640000   85    1878.10     301.19   -1578.51   -1578.98     48     0.000     1.000
   0.620000   81    1764.42     260.14   -1508.85   -1509.35     71     0.000     1.000
   0.620000   82    1792.84     270.66   -1526.06   -1526.56    358     0.000     1.000
   0.620000   83    1821.26     280.90   -1543.39   -1543.88    647     0.000     1.000
   0.620000   84    1849.68     291.68   -1561.00   -1561.48    578     0.000     1.000
   0.620000   85    1878.10     302.19   -1578.52   -1579.00    218     0.000     1.000
   0.620000   86    1906.52     312.68   -1588.96   -1589.43     24     0.000     1.000
   0.600000   82    1792.84     269.68   -1527.04   -1527.54     40     0.000     1.000
   0.600000   83    1821.26     281.13   -1544.07   -1544.56    346     0.000     1.000
   0.600000   84    1849.68     291.72   -1560.70   -1561.18    769     0.000     1.000
   0.600000   85    1878.10     302.75   -1577.13   -1577.60    615     0.000     1.000
   0.600000   86    1906.52     313.85   -1593.19   -1593.66    129     0.000     1.000
   0.580000   83    1821.26     279.82   -1544.60   -1545.10    101     0.000     1.000
   0.580000   84    1849.68     291.30   -1561.08   -1561.56    627     0.000     1.000
   0.580000   85    1878.10     302.89   -1577.16   -1577.64    815     0.000     1.000
   0.580000   86    1906.52     314.68   -1592.79   -1593.26    341     0.000     1.000
   0.560000   83    1821.26     283.54   -1546.06   -1546.55     26     0.000     1.000
   0.560000   84    1849.68     290.81   -1561.61   -1562.10    285     0.000     1.000
   0.560000   85    1878.10     302.91   -1577.10   -1577.58    704     0.000     1.000
   0.560000   86    1906.52     314.98   -1592.75   -1593.22    671     0.000     1.000
   0.560000   87    1934.94     327.12   -1607.99   -1608.45    208     0.000     1.000
   0.540000   84    1849.68     290.05   -1562.30   -1562.78    149     0.000     1.000
   0.540000   85    1878.10     302.22   -1577.19   -1577.67    611     0.000     1.000
   0.540000   86    1906.52     315.17   -1592.37   -1592.84    669     0.000     1.000
   0.540000   87    1934.94     328.12   -1607.20   -1607.67    417     0.000     1.000
   0.540000   88    1963.36     340.63   -1619.71   -1620.17     53     0.000     1.000
   0.520000   84    1849.68     288.58   -1562.89   -1563.37    106     0.000     1.000
   0.520000   85    1878.10     301.51   -1577.45   -1577.93    457     0.000     1.000
   0.520000   86    1906.52     314.95   -1592.12   -1592.58    672     0.000     1.000
   0.520000   87    1934.94     328.41   -1606.61   -1607.08    518     0.000     1.000
   0.520000   88    1963.36     341.81   -1620.69   -1621.14    138     0.000     1.000
   0.500000   85    1878.10     301.40   -1578.32   -1578.80    211     0.000     1.000
   0.500000   86    1906.52     314.63   -1592.18   -1592.65    586     0.000     1.000
   0.500000   87    1934.94     328.57   -1606.23   -1606.69    651     0.000     1.000
   0.500000   88    1963.36     342.59   -1620.23   -1620.68    401     0.000     1.000
   0.500000   89    1991.78     356.48   -1631.97   -1632.42     39     0.000     1.000
   0.480000   85    1878.10     301.04   -1579.55   -1580.03     59     0.000     1.000
   0.480000   86    1906.52     314.14   -1592.55   -1593.02    438     0.000     1.000
   0.480000   87    1934.94     328.57   -1605.98   -1606.45    681     0.000     1.000
   0.480000   88    1963.36     343.17   -1619.34   -1619.80    576     0.000     1.000
   0.480000   89    1991.78     357.71   -1631.61   -1632.06    136     0.000     1.000
   0.460000   86    1906.52     314.07   -1593.38   -1593.85    210     0.000     1.000
   0.460000   87    1934.94     328.06   -1606.12   -1606.59    593     0.000     1.000
   0.460000   88    1963.36     343.17   -1619.03   -1619.49    699     0.000     1.000
   0.460000   89    1991.78     358.40   -1631.73   -1632.18    331     0.000     1.000
   0.460000   90    2020.20     373.42   -1643.47   -1643.91     50     0.000     1.000
   0.440000   86    1906.52     312.78   -1594.32   -1594.78     49     0.000     1.000
   0.440000   87    1934.94     327.62   -1606.42   -1606.88    469     0.000     1.000
   0.440000   88    1963.36     343.11   -1618.68   -1619.13    780     0.000     1.000
   0.440000   89    1991.78     358.68   -1630.86   -1631.31    524     0.000     1.000
   0.440000   90    2020.20     374.25   -1641.43   -1641.87     75     0.000     1.000
   0.420000   87    1934.94     326.88   -1607.04   -1607.50    194     0.000     1.000
   0.420000   88    1963.36     342.88   -1618.69   -1619.15    678     0.000     1.000
   0.420000   89    1991.78     358.96   -1630.34   -1630.79    744     0.000     1.000
   0.420000   90    2020.20     375.25   -1641.19   -1641.63    258     0.000     1.000
   0.400000   87    1934.94     329.70   -1608.29   -1608.76     36     0.000     1.000
   0.400000   88    1963.36     342.40   -1619.12   -1619.58    452     0.000     1.000
   0.400000   89    1991.78     358.97   -1630.22   -1630.67    874     0.000     1.000
   0.400000   90    2020.20     375.62   -1641.05   -1641.50    474     0.000     1.000
   0.400000   91    2048.62     392.38   -1650.19   -1650.63     62     0.000     1.000
   0.380000   88    1963.36     341.53   -1619.70   -1620.16    294     0.000     1.000
   0.380000   89    1991.78     358.66   -1629.99   -1630.44    772     0.000     1.000
   0.380000   90    2020.20     375.95   -1640.81   -1641.25    634     0.000     1.000
   0.380000   91    2048.62     393.39   -1650.42   -1650.85    179     0.000     1.000
   0.360000   88    1963.36     340.79   -1620.36   -1620.81    255     0.000     1.000
   0.360000   89    1991.78     358.43   -1630.21   -1630.66    714     0.000     1.000
   0.360000   90    2020.20     376.14   -1640.09   -1640.53    720     0.000     1.000
   0.360000   91    2048.62     394.06   -1649.48   -1649.92    199     0.000     1.000
   0.340000   88    1963.36     344.71   -1621.03   -1621.49     54     0.000     1.000
   0.340000   89    1991.78     358.05   -1630.49   -1630.93    449     0.000     1.000
   0.340000   90    2020.20     376.22   -1639.93   -1640.37    871     0.000     1.000
   0.340000   91    2048.62     394.62   -1648.96   -1649.40    466     0.000     1.000
   0.340000   92    2077.04     412.87   -1657.89   -1658.32     58     0.000     1.000
   0.320000   88    1963.36     347.22   -1622.33   -1622.78     35     0.000     1.000
   0.320000   89    1991.78     357.40   -1630.90   -1631.35    358     0.000     1.000
   0.320000   90    2020.20     375.90   -1639.73   -1640.18    832     0.000     1.000
   0.320000   91    2048.62     394.83   -1648.46   -1648.89    592     0.000     1.000
   0.320000   92    2077.04     414.42   -1655.57   -1656.00     82     0.000     1.000
   0.300000   89    1991.78     356.31   -1631.69   -1632.14    173     0.000     1.000
   0.300000   90    2020.20     375.76   -1639.85   -1640.30    688     0.000     1.000
   0.300000   91    2048.62     395.23   -1647.94   -1648.38    792     0.000     1.000
   0.300000   92    2077.04     414.54   -1655.60   -1656.03    231     0.000     1.000
   0.280000   89    1991.78     359.79   -1632.69   -1633.14     44     0.000     1.000
   0.280000   90    2020.20     375.45   -1640.16   -1640.60    496     0.000     1.000
   0.280000   91    2048.62     395.16   -1647.72   -1648.15   1004     0.000     1.000
   0.280000   92    2077.04     415.10   -1654.82   -1655.25    345     0.000     1.000
   0.260000   90    2020.20     375.13   -1640.69   -1641.14    303     0.000     1.000
   0.260000   91    2048.62     395.07   -1647.58   -1648.02    888     0.000     1.000
   0.260000   92    2077.04     415.50   -1654.65   -1655.08    636     0.000     1.000
   0.260000   93    2105.46     436.24   -1660.68   -1661.11     58     0.000     1.000
   0.240000   90    2020.20     374.42   -1641.21   -1641.65    218     0.000     1.000
   0.240000   91    2048.62     394.75   -1647.58   -1648.02    876     0.000     1.000
   0.240000   92    2077.04     415.69   -1653.99   -1654.42    730     0.000     1.000
   0.240000   93    2105.46     437.01   -1658.99   -1659.42     71     0.000     1.000
   0.220000   90    2020.20     375.65   -1641.80   -1642.24     53     0.000     1.000
   0.220000   91    2048.62     394.31   -1647.88   -1648.32    513     0.000     1.000
   0.220000   92    2077.04     416.09   -1653.77   -1654.20    900     0.000     1.000
   0.220000   93    2105.46     437.75   -1659.28   -1659.71    413     0.000     1.000
   0.200000   91    2048.62     394.09   -1648.39   -1648.83    317     0.000     1.000
   0.200000   92    2077.04     415.78   -1653.71   -1654.14    940     0.000     1.000
   0.200000   93    2105.46     438.07   -1658.81   -1659.24    585     0.000     1.000
   0.200000   94    2133.88     460.43   -1663.03   -1663.45     44     0.000     1.000
   0.180000   91    2048.62     393.92   -1648.99   -1649.42    161     0.000     1.000
   0.180000   92    2077.04     415.47   -1653.79   -1654.22    798     0.000     1.000
   0.180000   93    2105.46     438.30   -1658.56   -1658.99    799     0.000     1.000
   0.180000   94    2133.88     461.34   -1663.06   -1663.48    138     0.000     1.000
   0.160000   91    2048.62     397.06   -1649.77   -1650.20     82     0.000     1.000
   0.160000   92    2077.04     415.45   -1654.02   -1654.45    594     0.000     1.000
   0.160000   93    2105.46     438.41   -1658.24   -1658.67    914     0.000     1.000
   0.160000   94    2133.88     461.96   -1662.31   -1662.73    298     0.000     1.000
   0.140000   91    2048.62     389.18   -1650.60   -1651.04     21     0.000     1.000
   0.140000   92    2077.04     414.58   -1654.44   -1654.87    278     0.000     1.000
   0.140000   93    2105.46     438.58   -1658.20   -1658.63    889     0.000     1.000
   0.140000   94    2133.88     462.36   -1661.79   -1662.21    613     0.000     1.000
   0.140000   95    2162.30     486.63   -1665.01   -1665.42     97     0.000     1.000
   0.120000   92    2077.04     414.51   -1655.05   -1655.48    200     0.000     1.000
   0.120000   93    2105.46     438.04   -1658.18   -1658.61    864     0.000     1.000
   0.120000   94    2133.88     462.50   -1661.28   -1661.70    709     0.000     1.000
   0.120000   95    2162.30     487.47   -1663.99   -1664.41    122     0.000     1.000
   0.100000   92    2077.04     413.63   -1655.94   -1656.37     52     0.000     1.000
   0.100000   93    2105.46     437.83   -1658.53   -1658.96    580     0.000     1.000
   0.100000   94    2133.88     462.70   -1661.01   -1661.44    954     0.000     1.000
   0.100000   95    2162.30     487.88   -1663.43   -1663.84    306     0.000     1.000
   0.080000   92    2077.04     414.58   -1656.79   -1657.23     24     0.000     1.000
   0.080000   93    2105.46     437.11   -1658.86   -1659.29    392     0.000     1.000
   0.080000   94    2133.88     462.56   -1660.86   -1661.28   1066     0.000     1.000
   0.080000   95    2162.30     488.08   -1662.73   -1663.14    398     0.000     1.000
   0.060000   93    2105.46     436.74   -1659.43   -1659.85    224     0.000     1.000
   0.060000   94    2133.88     462.46   -1660.90   -1661.32   1010     0.000     1.000
   0.060000   95    2162.30     488.50   -1662.26   -1662.67    634     0.000     1.000
   0.060000   96    2190.72     515.01   -1663.56   -1663.97     30     0.000     1.000
   0.040000   93    2105.46     440.81   -1660.15   -1660.58     71     0.000     1.000
   0.040000   94    2133.88     462.05   -1661.10   -1661.52    665     0.000     1.000
   0.040000   95    2162.30     488.76   -1662.06   -1662.47    896     0.000     1.000
   0.040000   96    2190.72     515.50   -1663.04   -1663.45    261     0.000     1.000
   0.020000   94    2133.88     461.83   -1661.58   -1662.00    244     0.000     1.000
   0.020000   95    2162.30     488.82   -1662.07   -1662.48   1041     0.000     1.000
   0.020000   96    2190.72     516.06   -1662.52   -1662.93    581     0.000     1.000
   0.020000   97    2219.13     545.00   -1663.01   -1663.41     22     0.000     1.000
   0.000000   95    2162.30     488.85   -1662.44   -1662.86    298     0.000     1.000
   0.000000   96    2190.72     516.54   -1662.44   -1662.85    667     0.000     1.000
   0.000000   97    2219.13     544.56   -1662.44   -1662.85    595     0.000     1.000
   0.000000   98    2247.55     572.78   -1662.44   -1662.84    264     0.000     1.000
   0.000000   99    2275.97     601.61   -1662.44   -1662.84     50     0.000     1.000


# Part 3: Bin-averaged summary:
# bin  energy gap  <dGg> <dGg norm> pts  <c1**2> <c2**2> <r_xy>
   5   -395.47     -2.26   1660.74         22    0.994    0.006    6.801
   6   -367.05     -2.46   1660.54         40    0.993    0.007    6.540
   7   -338.63     -2.66   1660.35        104    0.992    0.008    6.647
   8   -310.21     -2.90   1660.11        139    0.991    0.009    6.597
   9   -281.79     -3.17   1659.83        225    0.989    0.011    6.555
  10   -253.37     -3.52   1659.48        254    0.986    0.014    6.540
  11   -224.95     -3.97   1659.04        308    0.983    0.017    6.633
  12   -196.53     -4.50   1658.51        295    0.978    0.022    6.553
  13   -168.11     -5.33   1657.68        234    0.971    0.029    6.466
  14   -139.69     -6.31   1656.69        234    0.959    0.041    6.311
  15   -111.27     -7.60   1655.40        164    0.939    0.061    5.849
  16    -82.85     -9.38   1653.63        217    0.903    0.097    5.608
  17    -54.43    -13.01   1650.00        226    0.830    0.170    5.361
  18    -26.01    -20.87   1642.14        274    0.686    0.314    5.502
  19      2.41    -34.71   1628.29        286    0.478    0.522    5.543
  20     30.83    -54.50   1608.51        320    0.277    0.723    5.609
  21     59.25    -77.66   1585.34        287    0.151    0.849    5.642
  22     87.67   -103.19   1559.82        276    0.088    0.912    5.695
  23    116.09   -128.75   1534.25        302    0.057    0.943    5.721
  24    144.51   -155.11   1507.90        363    0.038    0.962    5.793
  25    172.92   -181.58   1481.42        383    0.028    0.972    5.759
  26    201.34   -207.55   1455.46        418    0.021    0.979    5.895
  27    229.76   -234.62   1428.39        427    0.016    0.984    5.966
  28    258.18   -261.19   1401.81        466    0.013    0.987    6.019
  29    286.60   -287.83   1375.17        443    0.011    0.989    5.996
  30    315.02   -313.97   1349.03        389    0.009    0.991    6.020
  31    343.44   -340.23   1322.78        341    0.007    0.993    6.217
  32    371.86   -366.51   1296.49        395    0.006    0.994    6.345
  33    400.28   -392.49   1270.51        358    0.006    0.994    6.425
  34    428.70   -418.34   1244.66        394    0.005    0.995    6.507
  35    457.12   -444.74   1218.26        363    0.004    0.996    6.639
  36    485.54   -470.71   1192.29        329    0.004    0.996    6.685
  37    513.96   -496.52   1166.49        368    0.003    0.997    6.783
  38    542.38   -522.34   1140.67        390    0.003    0.997    6.761
  39    570.80   -547.57   1115.44        402    0.003    0.997    6.663
  40    599.22   -572.88   1090.13        429    0.002    0.998    6.623
  41    627.64   -598.12   1064.88        474    0.002    0.998    6.608
  42    656.06   -623.34   1039.66        406    0.002    0.998    6.538
  43    684.48   -648.25   1014.75        385    0.002    0.998    6.451
  44    712.90   -673.34    989.67        376    0.002    0.998    6.512
  45    741.32   -698.18    964.82        364    0.002    0.998    6.519
  46    769.74   -722.63    940.38        331    0.002    0.998    6.471
  47    798.16   -747.05    915.96        328    0.001    0.999    6.610
  48    826.58   -771.47    891.54        383    0.001    0.999    6.736
  49    854.99   -795.91    867.10        325    0.001    0.999    6.827
  50    883.41   -820.33    842.67        355    0.001    0.999    6.860
  51    911.83   -844.64    818.37        341    0.001    0.999    6.839
  52    940.25   -868.32    794.69        369    0.001    0.999    6.836
  53    968.67   -892.19    770.81        371    0.001    0.999    6.834
  54    997.09   -916.25    746.75        389    0.001    0.999    6.921
  55   1025.51   -939.97    723.03        359    0.001    0.999    6.968
  56   1053.93   -963.83    699.18        418    0.001    0.999    7.008
  57   1082.35   -987.33    675.68        355    0.001    0.999    7.036
  58   1110.77  -1010.58    652.43        371    0.001    0.999    7.101
  59   1139.19  -1033.61    629.39        421    0.001    0.999    7.142
  60   1167.61  -1056.96    606.05        311    0.001    0.999    7.142
  61   1196.03  -1080.07    582.93        396    0.001    0.999    7.184
  62   1224.45  -1103.25    559.75        429    0.001    0.999    7.177
  63   1252.87  -1125.94    537.06        461    0.001    0.999    7.139
  64   1281.29  -1148.43    514.57        538    0.001    0.999    7.144
  65   1309.71  -1171.10    491.91        472    0.001    0.999    7.184
  66   1338.13  -1193.42    469.59        375    0.001    0.999    7.180
  67   1366.55  -1215.39    447.62        384    0.000    1.000    7.229
  68   1394.97  -1237.75    425.26        391    0.000    1.000    7.311
  69   1423.39  -1259.50    403.50        418    0.000    1.000    7.386
  70   1451.81  -1281.64    381.36        446    0.000    1.000    7.367
  71   1480.23  -1303.63    359.37        502    0.000    1.000    7.323
  72   1508.65  -1325.07    337.94        548    0.000    1.000    7.265
  73   1537.06  -1346.43    316.57        651    0.000    1.000    7.098
  74   1565.48  -1367.70    295.31        747    0.000    1.000    7.019
  75   1593.90  -1388.51    274.49        930    0.000    1.000    6.987
  76   1622.32  -1409.16    253.85       1075    0.000    1.000    6.860
  77   1650.74  -1429.28    233.72        988    0.000    1.000    6.719
  78   1679.16  -1449.46    213.54        884    0.000    1.000    6.615
  79   1707.58  -1469.39    193.62        805    0.000    1.000    6.597
  80   1736.00  -1489.00    174.01       1178    0.000    1.000    6.810
  81   1764.42  -1507.96    155.04       1787    0.000    1.000    6.892
  82   1792.84  -1526.32    136.68       2019    0.000    1.000    6.873
  83   1821.26  -1544.33    118.68       2048    0.000    1.000    6.859
  84   1849.68  -1561.61    101.40       2867    0.000    1.000    7.075
  85   1878.10  -1577.86     85.15       3738    0.000    1.000    7.212
  86   1906.52  -1592.98     70.03       3789    0.000    1.000    6.936
  87   1934.94  -1606.97     56.03       3767    0.000    1.000    6.521
  88   1963.36  -1619.76     43.24       4415    0.000    1.000    6.253
  89   1991.78  -1631.00     32.00       5158    0.000    1.000    6.191
  90   2020.20  -1640.78     22.22       5672    0.000    1.000    6.167
  91   2048.62  -1648.59     14.42       6152    0.000    1.000    6.217
  92   2077.04  -1654.65      8.36       5868    0.000    1.000    6.638
  93   2105.46  -1659.00      4.01       5860    0.000    1.000    6.801
  94   2133.88  -1661.67      1.34       5741    0.000    1.000    6.334
  95   2162.30  -1662.86      0.15       3792    0.000    1.000    6.174
  96   2190.72  -1663.01      0.00       1539    0.000    1.000    6.327
  97   2219.13  -1662.87      0.14        617    0.000    1.000    6.359
  98   2247.55  -1662.84      0.16        264    0.000    1.000    6.418
  99   2275.97  -1662.84      0.17         50    0.000    1.000    6.332
