
Build and version information

Build number 6.0.15
Build date   20240314
Built:       
      by     p315462
      on     login1
      git id adc28a635c78993922188615a73366ace3402081
      with   GNU Fortran GCC 11.3.0
qfep version 6.0.15 , git id=adc28a635c78993922188615a73366ace3402081 initialising
Current date 2024- 4-18 and time 12:27: 9

Welcome in qfep modification date 20240314

 Q6, Copyright © 2017 Johan Åqvist, John Marelius, Shina Caroline Lynn Kamerlin and Paul Bauer
 Q6 comes with ABSOLUTELY NO WARRANTY.  This is free software, and you are welcome
 to redistribute it under certain conditions. For details, add the --help flag.
--> Number of energy files: # Number of files                 =    51
--> No. of states, no. of predefined off-diag elements: # Number of states                 =     2
# Number of off-diagonal elements =     0
--> Give kT & no, of pts to skip   & calculation mode: # kT                              = 0.592
# Number of data points to skip   =   100
# Only QQ interactions will be considered   =   0
--> Give number of gap-bins: # Number of gap-bins              =   100
--> Give minimum # pts/bin: # Minimum number of points per bin=    20
--> Give alpha for state  2:                                                    # Alpha for state  2              =  -520.50
--> Number of off-diagonal elements:# Number of off-diagonal elements =     1
#   i   j   A(i,j)  mu(i,j) eta(i,j) rxy0(i,j)
--> i, j, A_ij, mu_ij, eta_ij, r_xy0: #   1   2     30.00      0.00      0.00      0.00
--> linear combination of states defining reaction coord: # Linear combination co-efficients=  1.00 -1.00


# Part 0: Average energies for all states in all files
# file             state   pts   lambda    EQtot   EQbond  EQang   EQtor   EQimp    EQel   EQvdW  Eel_qq  EvdW_qq Eel_qp  EvdW_qp Eel_qw EvdW_qw Eqrstr
--> Name of file number   1:                                                     
# Energy files from Qdyn, version: 6.0.16 , git id=adc28a635c78993922188615a73366ace3402081                        
fep_050_1.000.en        1      1899  1.000000  -10431.92  -10328.45     5.81     9.72     0.00   -93.40   -25.60   -54.82     9.91    -8.80   -33.17   -29.78    -2.33     0.00
fep_050_1.000.en        2      1899  0.000000   -9590.31   -9631.81   182.54     2.12     0.00  -132.18   -10.98  -147.55    24.88    50.89   -33.40   -35.53    -2.45     0.00
--> Name of file number   2:                                                     
# Energy files from Qdyn, version: 6.0.16 , git id=adc28a635c78993922188615a73366ace3402081                        
fep_049_0.980.en        1      1899  0.980000  -10430.33  -10329.30     6.40    10.37     0.00   -94.15   -23.65   -55.61    11.67   -10.03   -33.50   -28.52    -1.82     0.00
fep_049_0.980.en        2      1899  0.020000   -9697.45   -9727.06   167.51     2.38     0.00  -131.53    -8.74  -144.59    26.89    51.13   -33.68   -38.07    -1.95     0.00
--> Name of file number   3:                                                     
# Energy files from Qdyn, version: 6.0.16 , git id=adc28a635c78993922188615a73366ace3402081                        
fep_048_0.960.en        1      1899  0.960000  -10429.87  -10327.10     5.50    10.72     0.00  -100.69   -18.31   -58.16    16.25   -11.76   -33.04   -30.76    -1.52     0.00
fep_048_0.960.en        2      1899  0.040000   -9889.17   -9901.42   144.51     2.33     0.00  -131.85    -2.73  -137.14    32.12    48.74   -33.25   -43.46    -1.60     0.00
--> Name of file number   4:                                                     
# Energy files from Qdyn, version: 6.0.16 , git id=adc28a635c78993922188615a73366ace3402081                        
fep_047_0.940.en        1      1899  0.940000  -10420.10  -10325.90     7.79    11.65     0.00   -98.50   -15.14   -53.54    20.29   -11.39   -34.42   -33.57    -1.00     0.00
fep_047_0.940.en        2      1899  0.060000  -10036.39  -10041.91   130.75     2.27     0.00  -129.68     2.18  -131.94    37.98    47.87   -34.67   -45.62    -1.13     0.00
--> Name of file number   5:                                                     
# Energy files from Qdyn, version: 6.0.16 , git id=adc28a635c78993922188615a73366ace3402081                        
fep_046_0.920.en        1      1899  0.920000  -10407.76  -10324.72     9.24    12.37     0.00  -100.49    -4.16   -45.54    26.78   -20.83   -31.26   -34.12     0.32     0.00
fep_046_0.920.en        2      1899  0.080000  -10193.01  -10195.64   114.46     2.45     0.00  -128.61    14.32  -121.56    45.63    45.14   -31.47   -52.18     0.16     0.00
--> Name of file number   6:                                                     
# Energy files from Qdyn, version: 6.0.16 , git id=adc28a635c78993922188615a73366ace3402081                        
fep_000_0.900.en        1      1899  0.900000  -10389.25  -10317.97    10.34    12.03     0.00   -94.32     0.67   -49.99    33.61   -16.70   -32.87   -27.62    -0.07     0.00
fep_000_0.900.en        2      1899  0.100000  -10302.88  -10333.62   112.54     1.44     0.00  -104.64    21.40  -108.36    54.75    45.99   -33.15   -42.27    -0.19     0.00
--> Name of file number   7:                                                     
# Energy files from Qdyn, version: 6.0.16 , git id=adc28a635c78993922188615a73366ace3402081                        
fep_001_0.880.en        1      1899  0.880000  -10378.72  -10309.76    12.09    12.48     0.00  -102.17     8.63   -51.04    39.49   -16.96   -31.38   -34.17     0.53     0.00
fep_001_0.880.en        2      1899  0.120000  -10432.76  -10460.26   105.52     1.56     0.00  -108.32    28.74  -102.60    59.95    47.56   -31.59   -53.28     0.39     0.00
--> Name of file number   8:                                                     
# Energy files from Qdyn, version: 6.0.16 , git id=adc28a635c78993922188615a73366ace3402081                        
fep_002_0.860.en        1      1899  0.860000  -10372.00  -10302.66    13.24    11.44     0.00  -103.96     9.93   -58.28    43.88   -10.70   -33.10   -34.98    -0.86     0.00
fep_002_0.860.en        2      1899  0.140000  -10508.11  -10534.91   108.25     1.64     0.00  -112.14    29.04  -108.93    63.42    48.29   -33.41   -51.49    -0.97     0.00
--> Name of file number   9:                                                     
# Energy files from Qdyn, version: 6.0.16 , git id=adc28a635c78993922188615a73366ace3402081                        
fep_003_0.840.en        1      1899  0.840000  -10361.33  -10298.39    14.16    10.43     0.00   -99.34    11.81   -65.19    48.74    -1.66   -36.05   -32.49    -0.88     0.00
fep_003_0.840.en        2      1899  0.160000  -10571.80  -10607.83   102.44     1.47     0.00   -97.40    29.51  -105.89    66.78    55.83   -36.28   -47.34    -0.99     0.00
--> Name of file number  10:                                                     
# Energy files from Qdyn, version: 6.0.16 , git id=adc28a635c78993922188615a73366ace3402081                        
fep_004_0.820.en        1      1899  0.820000  -10352.11  -10293.20    15.45    11.48     0.00  -100.68    14.84   -60.22    50.87    -9.37   -35.45   -31.09    -0.59     0.00
fep_004_0.820.en        2      1899  0.180000  -10610.84  -10648.75   105.13     2.06     0.00   -99.28    29.99  -101.74    66.26    49.10   -35.57   -46.64    -0.69     0.00
--> Name of file number  11:                                                     
# Energy files from Qdyn, version: 6.0.16 , git id=adc28a635c78993922188615a73366ace3402081                        
fep_005_0.800.en        1      1899  0.800000  -10337.96  -10288.63    17.39    11.99     0.00   -95.32    16.60   -63.10    52.40    -1.21   -34.72   -31.01    -1.08     0.00
fep_005_0.800.en        2      1899  0.200000  -10661.98  -10684.80    83.15     2.43     0.00   -93.71    30.94  -101.77    67.03    55.85   -34.91   -47.79    -1.17     0.00
--> Name of file number  12:                                                     
# Energy files from Qdyn, version: 6.0.16 , git id=adc28a635c78993922188615a73366ace3402081                        
fep_006_0.780.en        1      1899  0.780000  -10328.67  -10285.36    18.35    13.27     0.00   -95.77    20.84   -61.20    54.03    -3.43   -32.80   -31.14    -0.39     0.00
fep_006_0.780.en        2      1899  0.220000  -10695.83  -10710.75    79.90     2.12     0.00   -99.88    32.78  -102.84    66.20    53.88   -32.94   -50.92    -0.49     0.00
--> Name of file number  13:                                                     
# Energy files from Qdyn, version: 6.0.16 , git id=adc28a635c78993922188615a73366ace3402081                        
fep_007_0.760.en        1      1899  0.760000  -10322.72  -10280.05    25.53    11.54     0.00  -100.79    21.04   -59.18    52.39   -10.90   -30.25   -30.71    -1.10     0.00
fep_007_0.760.en        2      1899  0.240000  -10751.89  -10755.94    79.92     3.37     0.00  -112.41    33.18  -113.11    64.79    50.30   -30.42   -49.60    -1.20     0.00
--> Name of file number  14:                                                     
# Energy files from Qdyn, version: 6.0.16 , git id=adc28a635c78993922188615a73366ace3402081                        
fep_008_0.740.en        1      1899  0.740000  -10321.50  -10278.94    26.48    14.17     0.00  -106.11    22.89   -50.57    52.19   -17.05   -31.10   -38.49     1.81     0.00
fep_008_0.740.en        2      1899  0.260000  -10783.99  -10772.22    74.41     4.20     0.00  -123.83    33.45  -115.79    62.88    47.18   -31.02   -55.23     1.60     0.00
--> Name of file number  15:                                                     
# Energy files from Qdyn, version: 6.0.16 , git id=adc28a635c78993922188615a73366ace3402081                        
fep_009_0.720.en        1      1899  0.720000  -10320.14  -10277.06    27.43    13.15     0.00  -109.61    25.95   -50.53    52.71   -18.74   -30.82   -40.35     4.06     0.00
fep_009_0.720.en        2      1899  0.280000  -10790.50  -10779.26    75.44     5.31     0.00  -125.68    33.71  -114.38    60.59    46.77   -30.72   -58.08     3.83     0.00
--> Name of file number  16:                                                     
# Energy files from Qdyn, version: 6.0.16 , git id=adc28a635c78993922188615a73366ace3402081                        
fep_010_0.700.en        1      1899  0.700000  -10315.12  -10273.08    25.57    13.46     0.00  -107.18    26.11   -54.73    55.80   -13.88   -32.02   -38.57     2.34     0.00
fep_010_0.700.en        2      1899  0.300000  -10799.51  -10788.28    75.54     2.28     0.00  -119.17    30.12  -108.51    59.95    48.56   -31.98   -59.22     2.15     0.00
--> Name of file number  17:                                                     
# Energy files from Qdyn, version: 6.0.16 , git id=adc28a635c78993922188615a73366ace3402081                        
fep_011_0.680.en        1      1899  0.680000  -10311.00  -10270.44    25.89    13.31     0.00  -106.26    26.50   -54.83    56.48   -14.54   -32.67   -36.89     2.69     0.00
fep_011_0.680.en        2      1899  0.320000  -10813.07  -10799.82    75.28     2.65     0.00  -119.34    28.15  -107.52    58.13    46.42   -32.50   -58.24     2.52     0.00
--> Name of file number  18:                                                     
# Energy files from Qdyn, version: 6.0.16 , git id=adc28a635c78993922188615a73366ace3402081                        
fep_012_0.660.en        1      1899  0.660000  -10309.04  -10268.83    25.16    13.63     0.00  -107.04    28.04   -54.31    58.07   -16.50   -32.88   -36.23     2.84     0.00
fep_012_0.660.en        2      1899  0.340000  -10821.87  -10805.98    73.75     2.35     0.00  -119.25    27.25  -106.75    57.39    44.70   -32.82   -57.20     2.67     0.00
--> Name of file number  19:                                                     
# Energy files from Qdyn, version: 6.0.16 , git id=adc28a635c78993922188615a73366ace3402081                        
fep_013_0.640.en        1      1899  0.640000  -10303.77  -10264.94    25.35    14.39     0.00  -107.71    29.13   -53.14    59.91   -19.45   -32.83   -35.11     2.06     0.00
fep_013_0.640.en        2      1899  0.360000  -10830.61  -10811.45    71.81     2.39     0.00  -119.34    25.97  -107.66    56.74    42.01   -32.64   -53.69     1.88     0.00
--> Name of file number  20:                                                     
# Energy files from Qdyn, version: 6.0.16 , git id=adc28a635c78993922188615a73366ace3402081                        
fep_014_0.620.en        1      1899  0.620000  -10303.44  -10261.10    23.90    14.35     0.00  -110.75    30.17   -53.63    60.57   -17.75   -32.91   -39.38     2.50     0.00
fep_014_0.620.en        2      1899  0.380000  -10844.65  -10816.22    70.30     1.73     0.00  -125.43    24.96  -105.60    55.60    42.34   -32.97   -62.17     2.34     0.00
--> Name of file number  21:                                                     
# Energy files from Qdyn, version: 6.0.16 , git id=adc28a635c78993922188615a73366ace3402081                        
fep_015_0.600.en        1      1899  0.600000  -10296.95  -10258.00    25.29    13.42     0.00  -106.54    28.88   -54.04    60.17   -15.05   -33.80   -37.45     2.51     0.00
fep_015_0.600.en        2      1899  0.400000  -10849.09  -10822.05    70.51     2.08     0.00  -121.55    21.91  -106.65    53.31    43.00   -33.74   -57.91     2.35     0.00
--> Name of file number  22:                                                     
# Energy files from Qdyn, version: 6.0.16 , git id=adc28a635c78993922188615a73366ace3402081                        
fep_016_0.580.en        1      1899  0.580000  -10294.15  -10256.51    27.30    11.65     0.00  -100.85    24.25   -53.11    57.65    -9.56   -35.44   -38.18     2.04     0.00
fep_016_0.580.en        2      1899  0.420000  -10862.12  -10828.67    66.33     5.51     0.00  -122.44    17.15  -114.27    50.81    47.04   -35.52   -55.20     1.86     0.00
--> Name of file number  23:                                                     
# Energy files from Qdyn, version: 6.0.16 , git id=adc28a635c78993922188615a73366ace3402081                        
fep_017_0.560.en        1      1899  0.560000  -10295.07  -10253.57    27.35    11.60     0.00  -105.48    25.03   -52.70    57.87   -13.14   -36.11   -39.63     3.27     0.00
fep_017_0.560.en        2      1899  0.440000  -10867.51  -10833.09    70.82     4.52     0.00  -126.46    16.70  -115.89    49.76    46.62   -36.13   -57.19     3.06     0.00
--> Name of file number  24:                                                     
# Energy files from Qdyn, version: 6.0.16 , git id=adc28a635c78993922188615a73366ace3402081                        
fep_018_0.540.en        1      1899  0.540000  -10286.89  -10249.92    27.62    11.66     0.00  -101.84    25.59   -53.03    58.91   -12.20   -36.17   -36.61     2.85     0.00
fep_018_0.540.en        2      1899  0.460000  -10872.89  -10836.05    69.54     3.57     0.00  -125.76    15.81  -116.71    49.32    47.53   -36.15   -56.58     2.65     0.00
--> Name of file number  25:                                                     
# Energy files from Qdyn, version: 6.0.16 , git id=adc28a635c78993922188615a73366ace3402081                        
fep_019_0.520.en        1      1899  0.520000  -10279.52  -10245.83    27.02    13.77     0.00  -101.74    27.26   -53.04    59.56   -10.24   -36.08   -38.46     3.78     0.00
fep_019_0.520.en        2      1899  0.480000  -10878.17  -10838.47    67.19     4.65     0.00  -126.96    15.42  -117.67    47.85    49.01   -35.99   -58.31     3.57     0.00
--> Name of file number  26:                                                     
# Energy files from Qdyn, version: 6.0.16 , git id=adc28a635c78993922188615a73366ace3402081                        
fep_020_0.500.en        1      1899  0.500000  -10270.50  -10238.73    27.79    14.26     0.00  -101.18    27.36   -53.43    59.98   -10.30   -36.84   -37.46     4.22     0.00
fep_020_0.500.en        2      1899  0.500000  -10882.25  -10842.33    67.73     3.38     0.00  -124.91    13.89  -116.31    46.67    50.24   -36.78   -58.85     4.00     0.00
--> Name of file number  27:                                                     
# Energy files from Qdyn, version: 6.0.16 , git id=adc28a635c78993922188615a73366ace3402081                        
fep_021_0.480.en        1      1899  0.480000  -10263.05  -10234.17    26.22    14.25     0.00   -98.77    29.41   -53.42    63.67    -8.49   -37.91   -36.85     3.66     0.00
fep_021_0.480.en        2      1899  0.520000  -10887.34  -10844.09    64.97     3.29     0.00  -123.94    12.43  -115.34    46.87    49.89   -37.87   -58.49     3.44     0.00
--> Name of file number  28:                                                     
# Energy files from Qdyn, version: 6.0.16 , git id=adc28a635c78993922188615a73366ace3402081                        
fep_022_0.460.en        1      1899  0.460000  -10254.21  -10227.22    25.48    15.18     0.00   -96.92    29.27   -54.49    64.17   -13.12   -36.83   -29.31     1.94     0.00
fep_022_0.460.en        2      1899  0.540000  -10900.56  -10847.41    61.46     2.91     0.00  -128.15    10.63  -116.50    45.71    43.88   -36.84   -55.53     1.75     0.00
--> Name of file number  29:                                                     
# Energy files from Qdyn, version: 6.0.16 , git id=adc28a635c78993922188615a73366ace3402081                        
fep_023_0.440.en        1      1899  0.440000  -10254.17  -10223.37    26.83    14.42     0.00  -105.07    33.02   -53.68    64.38    -8.73   -36.30   -42.66     4.94     0.00
fep_023_0.440.en        2      1899  0.560000  -10900.34  -10850.21    63.02     2.37     0.00  -127.97    12.45  -114.77    44.14    49.19   -36.40   -62.40     4.71     0.00
--> Name of file number  30:                                                     
# Energy files from Qdyn, version: 6.0.16 , git id=adc28a635c78993922188615a73366ace3402081                        
fep_024_0.420.en        1      1899  0.420000  -10247.60  -10218.74    27.02    13.87     0.00  -100.28    30.52   -54.25    63.22    -2.83   -37.43   -43.19     4.73     0.00
fep_024_0.420.en        2      1899  0.580000  -10903.67  -10853.14    63.50     3.19     0.00  -126.70     9.47  -116.83    42.45    51.54   -37.49   -61.41     4.52     0.00
--> Name of file number  31:                                                     
# Energy files from Qdyn, version: 6.0.16 , git id=adc28a635c78993922188615a73366ace3402081                        
fep_025_0.400.en        1      1899  0.400000  -10238.82  -10213.53    26.92    14.40     0.00   -96.59    29.97   -54.11    63.87    -5.57   -38.26   -36.91     4.36     0.00
fep_025_0.400.en        2      1899  0.600000  -10906.14  -10856.12    62.99     3.60     0.00  -123.58     6.97  -117.94    41.11    50.14   -38.29   -55.77     4.15     0.00
--> Name of file number  32:                                                     
# Energy files from Qdyn, version: 6.0.16 , git id=adc28a635c78993922188615a73366ace3402081                        
fep_026_0.380.en        1      1899  0.380000  -10231.47  -10207.20    27.07    13.70     0.00   -94.06    29.02   -54.30    62.91     0.46   -38.37   -40.22     4.48     0.00
fep_026_0.380.en        2      1899  0.620000  -10912.91  -10858.35    59.74     4.91     0.00  -125.34     6.13  -119.31    40.33    55.38   -38.46   -61.41     4.26     0.00
--> Name of file number  33:                                                     
# Energy files from Qdyn, version: 6.0.16 , git id=adc28a635c78993922188615a73366ace3402081                        
fep_027_0.360.en        1      1899  0.360000  -10220.05  -10198.57    28.09    13.64     0.00   -91.54    28.33   -54.80    62.49     3.05   -38.09   -39.79     3.93     0.00
fep_027_0.360.en        2      1899  0.640000  -10916.54  -10859.72    57.95     4.38     0.00  -123.93     4.78  -120.10    39.09    55.41   -38.04   -59.24     3.73     0.00
--> Name of file number  34:                                                     
# Energy files from Qdyn, version: 6.0.16 , git id=adc28a635c78993922188615a73366ace3402081                        
fep_028_0.340.en        1      1899  0.340000  -10206.63  -10190.35    28.05    14.18     0.00   -87.60    29.08   -55.07    63.26     2.70   -37.96   -35.23     3.78     0.00
fep_028_0.340.en        2      1899  0.660000  -10917.19  -10862.20    57.53     5.53     0.00  -122.06     4.01  -120.81    38.37    53.91   -37.93   -55.16     3.57     0.00
--> Name of file number  35:                                                     
# Energy files from Qdyn, version: 6.0.16 , git id=adc28a635c78993922188615a73366ace3402081                        
fep_029_0.320.en        1      1899  0.320000  -10192.22  -10180.52    27.46    14.78     0.00   -83.82    29.88   -55.07    65.24    -0.29   -39.18   -28.46     3.82     0.00
fep_029_0.320.en        2      1899  0.680000  -10928.40  -10864.50    55.28     3.77     0.00  -125.81     2.86  -122.26    38.08    50.93   -38.83   -54.47     3.61     0.00
--> Name of file number  36:                                                     
# Energy files from Qdyn, version: 6.0.16 , git id=adc28a635c78993922188615a73366ace3402081                        
fep_030_0.300.en        1      1899  0.300000  -10174.71  -10169.12    28.98    13.87     0.00   -77.63    29.18   -55.08    65.28    -0.56   -39.72   -21.99     3.62     0.00
fep_030_0.300.en        2      1899  0.700000  -10930.07  -10866.17    53.92     4.04     0.00  -123.02     1.16  -121.48    37.16    50.76   -39.41   -52.31     3.41     0.00
--> Name of file number  37:                                                     
# Energy files from Qdyn, version: 6.0.16 , git id=adc28a635c78993922188615a73366ace3402081                        
fep_031_0.280.en        1      1899  0.280000  -10157.63  -10154.07    29.85    14.42     0.00   -76.48    28.64   -55.30    65.34     1.93   -40.00   -23.12     3.31     0.00
fep_031_0.280.en        2      1899  0.720000  -10938.38  -10868.24    50.69     4.64     0.00  -123.89    -1.59  -122.22    35.13    50.97   -39.83   -52.64     3.11     0.00
--> Name of file number  38:                                                     
# Energy files from Qdyn, version: 6.0.16 , git id=adc28a635c78993922188615a73366ace3402081                        
fep_032_0.260.en        1      1899  0.260000  -10141.93  -10135.93    28.17    15.06     0.00   -82.13    32.89   -55.87    67.92    -0.64   -39.09   -25.61     4.06     0.00
fep_032_0.260.en        2      1899  0.740000  -10948.20  -10870.18    50.12     3.48     0.00  -130.37    -1.25  -124.83    33.91    48.19   -39.01   -53.73     3.85     0.00
--> Name of file number  39:                                                     
# Energy files from Qdyn, version: 6.0.16 , git id=adc28a635c78993922188615a73366ace3402081                        
fep_033_0.240.en        1      1899  0.240000  -10106.60  -10112.57    27.46    15.07     0.00   -70.44    33.88   -55.45    70.18     5.11   -40.26   -20.10     3.96     0.00
fep_033_0.240.en        2      1899  0.760000  -10951.26  -10871.26    45.66     3.84     0.00  -126.62    -2.88  -128.05    33.41    51.87   -40.05   -50.44     3.76     0.00
--> Name of file number  40:                                                     
# Energy files from Qdyn, version: 6.0.16 , git id=adc28a635c78993922188615a73366ace3402081                        
fep_034_0.220.en        1      1899  0.220000  -10074.07  -10077.12    26.96    14.95     0.00   -73.54    34.68   -55.01    71.75     4.27   -39.99   -22.80     2.92     0.00
fep_034_0.220.en        2      1899  0.780000  -10963.66  -10872.64    43.70     3.88     0.00  -133.66    -4.93  -134.08    32.09    51.44   -39.76   -51.02     2.74     0.00
--> Name of file number  41:                                                     
# Energy files from Qdyn, version: 6.0.16 , git id=adc28a635c78993922188615a73366ace3402081                        
fep_035_0.200.en        1      1899  0.200000  -10021.17  -10024.33    21.98    16.83     0.00   -83.40    47.76   -49.57    82.55   -11.71   -38.26   -22.12     3.46     0.00
fep_035_0.200.en        2      1899  0.800000  -10986.48  -10872.64    37.23     2.73     0.00  -149.72    -4.08  -133.09    30.89    34.13   -38.26   -50.77     3.29     0.00
--> Name of file number  42:                                                     
# Energy files from Qdyn, version: 6.0.16 , git id=adc28a635c78993922188615a73366ace3402081                        
fep_036_0.180.en        1      1899  0.180000   -9964.26   -9966.12    23.90    16.56     0.00   -80.13    41.52   -50.76    78.88   -10.64   -39.81   -18.73     2.45     0.00
fep_036_0.180.en        2      1899  0.820000  -10999.23  -10874.20    34.46     3.47     0.00  -154.96    -8.00  -144.51    29.47    33.71   -39.76   -44.15     2.30     0.00
--> Name of file number  43:                                                     
# Energy files from Qdyn, version: 6.0.16 , git id=adc28a635c78993922188615a73366ace3402081                        
fep_037_0.160.en        1      1899  0.160000   -9877.01   -9887.82    24.95    16.23     0.00   -73.17    42.80   -50.26    79.36    -4.70   -39.57   -18.21     3.01     0.00
fep_037_0.160.en        2      1899  0.840000  -11011.43  -10875.28    30.43     3.04     0.00  -161.15    -8.48  -152.88    28.11    40.16   -39.44   -48.43     2.85     0.00
--> Name of file number  44:                                                     
# Energy files from Qdyn, version: 6.0.16 , git id=adc28a635c78993922188615a73366ace3402081                        
fep_038_0.140.en        1      1899  0.140000   -9740.31   -9748.28    28.18    16.06     0.00   -73.63    37.36   -52.32    75.41    -8.03   -40.25   -13.28     2.20     0.00
fep_038_0.140.en        2      1899  0.860000  -11035.94  -10876.16    25.09     3.79     0.00  -178.20   -10.46  -172.57    27.67    38.81   -40.21   -44.45     2.07     0.00
--> Name of file number  45:                                                     
# Energy files from Qdyn, version: 6.0.16 , git id=adc28a635c78993922188615a73366ace3402081                        
fep_039_0.120.en        1      1899  0.120000   -8764.64   -8745.39    42.71    16.59     0.00   -54.44   -24.12     3.51     9.92    -4.86   -35.66   -53.08     1.63     0.00
fep_039_0.120.en        2      1899  0.880000   -9095.58   -9105.86    37.16     3.92     0.00   -13.08   -17.72    27.52    16.60    33.46   -35.84   -74.06     1.53     0.00
--> Name of file number  46:                                                     
# Energy files from Qdyn, version: 6.0.16 , git id=adc28a635c78993922188615a73366ace3402081                        
fep_040_0.100.en        1      1899  0.100000   -8702.19   -8678.46    50.86    16.84     0.00   -70.26   -21.17    12.77     9.98   -35.46   -32.31   -47.57     1.16     0.00
fep_040_0.100.en        2      1899  0.900000   -9130.02   -9106.43    16.04     2.57     0.00   -26.41   -15.80    28.22    15.46     6.15   -32.32   -60.78     1.07     0.00
--> Name of file number  47:                                                     
# Energy files from Qdyn, version: 6.0.16 , git id=adc28a635c78993922188615a73366ace3402081                        
fep_041_0.080.en        1      1899  0.080000   -8642.81   -8612.51    51.50    15.93     0.00   -77.60   -20.13    12.31     9.59   -37.92   -32.02   -51.99     2.31     0.00
fep_041_0.080.en        2      1899  0.920000   -9141.11   -9106.79    11.11     2.77     0.00   -31.97   -16.23    28.41    13.57     5.18   -32.02   -65.56     2.22     0.00
--> Name of file number  48:                                                     
# Energy files from Qdyn, version: 6.0.16 , git id=adc28a635c78993922188615a73366ace3402081                        
fep_042_0.060.en        1      1899  0.060000   -8592.35   -8560.77    48.72    15.57     0.00   -77.11   -18.76    10.99     9.77   -36.41   -31.31   -51.69     2.78     0.00
fep_042_0.060.en        2      1899  0.940000   -9145.51   -9106.99     6.96     2.82     0.00   -32.43   -15.86    28.00    12.76     7.04   -31.30   -67.47     2.68     0.00
--> Name of file number  49:                                                     
# Energy files from Qdyn, version: 6.0.16 , git id=adc28a635c78993922188615a73366ace3402081                        
fep_043_0.040.en        1      1899  0.040000   -8568.11   -8530.65    46.89    15.61     0.00   -80.05   -19.91    11.29     9.39   -39.42   -32.80   -51.92     3.50     0.00
fep_043_0.040.en        2      1899  0.960000   -9152.71   -9107.22     5.71     3.01     0.00   -37.04   -17.18    28.39    12.08     1.61   -32.66   -67.04     3.41     0.00
--> Name of file number  50:                                                     
# Energy files from Qdyn, version: 6.0.16 , git id=adc28a635c78993922188615a73366ace3402081                        
fep_044_0.020.en        1      1899  0.020000   -8530.19   -8502.22    48.78    15.70     0.00   -72.60   -19.85     9.81     9.45   -34.37   -32.70   -48.05     3.40     0.00
fep_044_0.020.en        2      1899  0.980000   -9146.47   -9107.30     5.18     3.03     0.00   -29.81   -17.57    27.08    11.69     6.88   -32.57   -63.77     3.31     0.00
--> Name of file number  51:                                                     
# Energy files from Qdyn, version: 6.0.16 , git id=adc28a635c78993922188615a73366ace3402081                        
fep_045_0.000.en        1      1899  0.000000   -8512.31   -8479.84    53.41    15.55     0.00   -82.59   -18.84     8.07     9.55   -35.63   -31.93   -55.03     3.54     0.00
fep_045_0.000.en        2      1899  1.000000   -9156.50   -9107.32     5.05     3.39     0.00   -40.61   -17.02    27.61    11.48     0.95   -31.94   -69.17     3.44     0.00


# Part 1: Free energy perturbation summary:

# Calculation for full system
# lambda(1)      dGf sum(dGf)      dGr sum(dGr)     <dG>
   1.000000     0.000     0.000    -5.716   999.239     0.000
   0.980000     5.046     5.046    -1.515  1004.955     5.381
   0.960000     3.127     8.173     1.694  1006.471     7.702
   0.940000    -0.687     7.486     5.097  1004.776     6.511
   0.920000    -4.074     3.411     7.117   999.680     1.926
   0.900000    -7.130    -3.719    10.256   992.562    -5.198
   0.880000   -10.392   -14.112    11.718   982.307   -15.522
   0.860000   -12.567   -26.679    13.974   970.589   -27.665
   0.840000   -14.112   -40.791    15.179   956.615   -41.708
   0.820000   -15.213   -56.004    16.517   941.436   -56.904
   0.800000   -15.952   -71.956    17.422   924.918   -73.139
   0.780000   -17.257   -89.213    18.561   907.497   -90.478
   0.760000   -18.089  -107.302    19.428   888.936  -108.803
   0.740000   -19.341  -126.643    19.557   869.508  -128.187
   0.720000   -19.881  -146.523    19.886   849.951  -147.906
   0.700000   -20.046  -166.569    20.334   830.065  -167.872
   0.680000   -20.289  -186.858    20.556   809.731  -188.183
   0.660000   -20.570  -207.428    20.814   789.175  -208.746
   0.640000   -20.778  -228.207    21.094   768.361  -229.543
   0.620000   -21.076  -249.283    21.322   747.267  -250.628
   0.600000   -21.374  -270.656    21.659   725.945  -271.976
   0.580000   -21.582  -292.238    21.775   704.285  -293.596
   0.560000   -21.879  -314.117    22.038   682.510  -315.423
   0.540000   -21.941  -336.057    22.260   660.472  -337.412
   0.520000   -22.225  -358.282    22.530   638.212  -359.655
   0.500000   -22.506  -380.788    22.746   615.682  -382.172
   0.480000   -22.760  -403.548    23.205   592.936  -404.926
   0.460000   -23.047  -426.595    23.171   569.731  -428.051
   0.440000   -23.479  -450.074    23.408   546.561  -451.376
   0.420000   -23.503  -473.577    23.647   523.153  -474.832
   0.400000   -23.658  -497.236    23.918   499.506  -498.485
   0.380000   -23.868  -521.104    24.202   475.588  -522.378
   0.360000   -24.159  -545.263    24.464   451.386  -546.558
   0.340000   -24.495  -569.758    24.951   426.922  -571.038
   0.320000   -24.786  -594.544    25.293   401.971  -595.906
   0.300000   -25.343  -619.887    25.750   376.677  -621.225
   0.280000   -25.764  -645.651    26.254   350.928  -646.981
   0.260000   -26.352  -672.003    27.000   324.673  -673.285
   0.240000   -26.810  -698.813    27.754   297.674  -700.189
   0.220000   -27.617  -726.429    29.239   269.919  -727.875
   0.200000   -28.740  -755.170    30.364   240.680  -756.864
   0.180000   -30.233  -785.402    32.222   210.316  -787.163
   0.160000   -31.986  -817.388    34.333   178.094  -819.267
   0.140000   -34.211  -851.600    16.417   143.761  -853.539
   0.120000   -38.641  -890.241    18.549   127.343  -881.068
   0.100000   -17.750  -907.991    19.957   108.795  -899.218
   0.080000   -19.389  -927.380    21.198    88.837  -918.891
   0.060000   -20.720  -948.099    21.876    67.639  -939.850
   0.040000   -21.731  -969.831    22.592    45.763  -961.653
   0.020000   -22.343  -992.174    23.172    23.172  -984.121
   0.000000   -22.886 -1015.060     0.000     0.000 -1007.150

# Min energy-gap is:   -515.12
# Max energy-gap is:   2114.07



# Part 2: Reaction free energy summary:
# Lambda(1)  bin Energy gap      dGa     dGb     dGg    # pts    c1**2    c2**2
   1.000000    3    -449.39       0.00     438.92      -2.00     39     0.996     0.004
   1.000000    4    -423.10       0.00     411.96      -2.12     72     0.995     0.005
   1.000000    5    -396.81       0.00     385.90      -2.27    128     0.994     0.006
   1.000000    6    -370.52       0.00     359.66      -2.42    242     0.994     0.006
   1.000000    7    -344.23       0.00     333.23      -2.60    344     0.993     0.007
   1.000000    8    -317.93       0.00     306.96      -2.81    302     0.991     0.009
   1.000000    9    -291.64       0.00     280.96      -3.05    328     0.990     0.010
   1.000000   10    -265.35       0.00     254.56      -3.34    189     0.988     0.012
   1.000000   11    -239.06       0.00     228.28      -3.71    108     0.985     0.015
   1.000000   12    -212.77       0.00     202.42      -4.15     49     0.981     0.019
   1.000000   13    -186.47       0.00     175.29      -4.80     42     0.975     0.025
   1.000000   14    -160.18       0.00     150.70      -5.45     28     0.969     0.031
   0.980000    6    -370.52      -2.03     358.26      -4.44     23     0.994     0.006
   0.980000    7    -344.23      -1.51     332.32      -4.10     59     0.993     0.007
   0.980000    8    -317.93      -0.95     306.45      -3.77     87     0.991     0.009
   0.980000    9    -291.64      -0.44     280.49      -3.50    118     0.990     0.010
   0.980000   10    -265.35       0.07     254.97      -3.27    182     0.988     0.012
   0.980000   11    -239.06       0.59     229.08      -3.11    263     0.985     0.015
   0.980000   12    -212.77       1.13     203.63      -3.03    325     0.981     0.019
   0.980000   13    -186.47       1.61     177.73      -3.06    314     0.976     0.024
   0.980000   14    -160.18       2.15     151.59      -3.27    204     0.968     0.032
   0.980000   15    -133.89       2.65     126.03      -3.72    168     0.957     0.043
   0.980000   16    -107.60       3.21     100.11      -4.69     95     0.936     0.064
   0.980000   17     -81.31       3.67      74.52      -6.16     46     0.907     0.093
   0.960000   14    -160.18       1.41     150.64      -4.12     23     0.966     0.034
   0.960000   15    -133.89       2.31     125.33      -4.09     63     0.955     0.045
   0.960000   16    -107.60       3.33     101.14      -4.46     93     0.936     0.064
   0.960000   17     -81.31       4.43      75.34      -5.70    167     0.899     0.101
   0.960000   18     -55.01       5.42      49.97      -8.49    291     0.836     0.164
   0.960000   19     -28.72       6.46      24.71     -14.63    379     0.714     0.286
   0.960000   20      -2.43       7.50      -0.30     -25.74    332     0.526     0.474
   0.960000   21      23.86       8.57     -25.31     -42.28    221     0.320     0.680
   0.960000   22      50.15       9.59     -50.85     -62.90    167     0.186     0.814
   0.960000   23      76.45      10.63     -75.34     -84.55     85     0.111     0.889
   0.960000   24     102.74      11.63     -99.99    -107.39     50     0.072     0.928
   0.940000   21      23.86       7.71     -25.93     -42.92     57     0.325     0.675
   0.940000   22      50.15       9.43     -50.54     -62.61    115     0.179     0.821
   0.940000   23      76.45      10.97     -75.43     -84.61    203     0.106     0.894
   0.940000   24     102.74      12.60    -100.30    -107.64    343     0.067     0.933
   0.940000   25     129.03      14.07    -124.93    -131.02    368     0.047     0.953
   0.940000   26     155.32      15.65    -149.56    -154.76    244     0.034     0.966
   0.940000   27     181.61      17.21    -174.35    -178.88    222     0.026     0.974
   0.940000   28     207.90      18.75    -198.36    -202.38    139     0.020     0.980
   0.940000   29     234.20      20.42    -223.54    -227.13     95     0.016     0.984
   0.940000   30     260.49      21.86    -248.13    -251.39     49     0.013     0.987
   0.940000   31     286.78      23.52    -272.56    -275.54     32     0.011     0.989
   0.920000   27     181.61      16.20    -174.31    -178.85     36     0.025     0.975
   0.920000   28     207.90      18.48    -199.53    -203.54    109     0.019     0.981
   0.920000   29     234.20      20.36    -223.35    -226.95    203     0.016     0.984
   0.920000   30     260.49      22.48    -247.64    -250.90    241     0.013     0.987
   0.920000   31     286.78      24.59    -271.95    -274.92    276     0.011     0.989
   0.920000   32     313.07      26.71    -296.06    -298.80    309     0.009     0.991
   0.920000   33     339.36      28.78    -320.32    -322.86    275     0.008     0.992
   0.920000   34     365.66      30.81    -344.46    -346.82    207     0.007     0.993
   0.920000   35     391.95      32.92    -368.18    -370.39    146     0.006     0.994
   0.920000   36     418.24      34.93    -392.48    -394.56     76     0.005     0.995
   0.900000   30     260.49      20.62    -249.12    -252.38     21     0.013     0.987
   0.900000   31     286.78      22.87    -270.81    -273.81     49     0.011     0.989
   0.900000   32     313.07      25.86    -296.25    -299.00     59     0.009     0.991
   0.900000   33     339.36      28.47    -320.28    -322.82     89     0.008     0.992
   0.900000   34     365.66      31.06    -343.74    -346.11    206     0.007     0.993
   0.900000   35     391.95      33.51    -367.28    -369.49    283     0.006     0.994
   0.900000   36     418.24      36.23    -391.26    -393.34    222     0.005     0.995
   0.900000   37     444.53      38.90    -415.07    -417.04    262     0.004     0.996
   0.900000   38     470.82      41.50    -438.69    -440.55    240     0.004     0.996
   0.900000   39     497.12      44.04    -462.09    -463.85    174     0.004     0.996
   0.900000   40     523.41      46.65    -485.18    -486.86    132     0.003     0.997
   0.900000   41     549.70      49.28    -509.49    -511.09     63     0.003     0.997
   0.900000   42     575.99      51.88    -533.03    -534.56     56     0.003     0.997
   0.900000   43     602.28      54.27    -554.51    -555.98     28     0.003     0.997
   0.880000   36     418.24      34.39    -393.10    -395.18     21     0.005     0.995
   0.880000   37     444.53      37.34    -416.15    -418.11     37     0.004     0.996
   0.880000   38     470.82      40.34    -438.77    -440.62     77     0.004     0.996
   0.880000   39     497.12      43.59    -462.24    -464.00    126     0.004     0.996
   0.880000   40     523.41      46.76    -485.44    -487.12    193     0.003     0.997
   0.880000   41     549.70      49.88    -508.17    -509.77    287     0.003     0.997
   0.880000   42     575.99      52.99    -531.57    -533.10    353     0.003     0.997
   0.880000   43     602.28      56.10    -554.76    -556.22    326     0.002     0.998
   0.880000   44     628.57      59.23    -577.69    -579.09    257     0.002     0.998
   0.880000   45     654.87      62.27    -601.10    -602.45    128     0.002     0.998
   0.880000   46     681.16      65.40    -622.16    -623.46     47     0.002     0.998
   0.880000   47     707.45      68.64    -645.33    -646.58     28     0.002     0.998
   0.860000   40     523.41      44.85    -486.79    -488.47     38     0.003     0.997
   0.860000   41     549.70      48.70    -509.69    -511.28     67     0.003     0.997
   0.860000   42     575.99      52.28    -532.10    -533.62    136     0.003     0.997
   0.860000   43     602.28      56.04    -554.86    -556.32    191     0.002     0.998
   0.860000   44     628.57      59.70    -577.53    -578.93    271     0.002     0.998
   0.860000   45     654.87      63.32    -599.91    -601.25    316     0.002     0.998
   0.860000   46     681.16      66.89    -622.26    -623.55    329     0.002     0.998
   0.860000   47     707.45      70.57    -645.21    -646.45    249     0.002     0.998
   0.860000   48     733.74      74.03    -667.52    -668.73    170     0.002     0.998
   0.860000   49     760.03      77.77    -687.89    -689.05     79     0.002     0.998
   0.860000   50     786.33      81.53    -711.41    -712.53     21     0.001     0.999
   0.840000   44     628.57      58.38    -578.98    -580.38     25     0.002     0.998
   0.840000   45     654.87      62.32    -600.44    -601.79    140     0.002     0.998
   0.840000   46     681.16      66.37    -622.42    -623.71    239     0.002     0.998
   0.840000   47     707.45      70.72    -644.77    -646.02    332     0.002     0.998
   0.840000   48     733.74      74.84    -666.93    -668.13    455     0.002     0.998
   0.840000   49     760.03      78.90    -688.75    -689.92    361     0.002     0.998
   0.840000   50     786.33      82.96    -710.85    -711.98    223     0.001     0.999
   0.840000   51     812.62      87.20    -732.65    -733.74    102     0.001     0.999
   0.820000   47     707.45      69.75    -645.14    -646.39     71     0.002     0.998
   0.820000   48     733.74      74.33    -667.48    -668.69    241     0.002     0.998
   0.820000   49     760.03      78.92    -688.94    -690.11    480     0.002     0.998
   0.820000   50     786.33      83.54    -710.27    -711.40    565     0.001     0.999
   0.820000   51     812.62      88.18    -731.56    -732.65    383     0.001     0.999
   0.820000   52     838.91      92.80    -753.06    -754.11    123     0.001     0.999
   0.820000   53     865.20      97.40    -772.12    -773.15     22     0.001     0.999
   0.800000   49     760.03      77.44    -689.10    -690.27     24     0.002     0.998
   0.800000   50     786.33      83.18    -711.06    -712.19    158     0.001     0.999
   0.800000   51     812.62      88.26    -731.59    -732.68    375     0.001     0.999
   0.800000   52     838.91      93.42    -752.75    -753.81    571     0.001     0.999
   0.800000   53     865.20      98.43    -773.49    -774.51    452     0.001     0.999
   0.800000   54     891.49     103.58    -794.45    -795.44    247     0.001     0.999
   0.800000   55     917.79     108.71    -815.48    -816.44     69     0.001     0.999
   0.780000   51     812.62      87.41    -732.97    -734.06     42     0.001     0.999
   0.780000   52     838.91      92.91    -753.37    -754.43    216     0.001     0.999
   0.780000   53     865.20      98.35    -773.69    -774.72    461     0.001     0.999
   0.780000   54     891.49     104.07    -793.91    -794.90    594     0.001     0.999
   0.780000   55     917.79     109.79    -814.40    -815.36    422     0.001     0.999
   0.780000   56     944.08     115.36    -833.69    -834.63    133     0.001     0.999
   0.780000   57     970.37     120.98    -854.26    -855.17     27     0.001     0.999
   0.760000   53     865.20      98.03    -774.72    -775.74     46     0.001     0.999
   0.760000   54     891.49     103.76    -794.58    -795.57    151     0.001     0.999
   0.760000   55     917.79     109.86    -814.04    -815.01    316     0.001     0.999
   0.760000   56     944.08     116.07    -834.29    -835.23    555     0.001     0.999
   0.760000   57     970.37     122.32    -854.11    -855.03    508     0.001     0.999
   0.760000   58     996.66     128.44    -873.78    -874.67    267     0.001     0.999
   0.760000   59    1022.95     134.66    -892.41    -893.28     48     0.001     0.999
   0.740000   55     917.79     109.23    -815.31    -816.27     47     0.001     0.999
   0.740000   56     944.08     115.61    -834.71    -835.65    254     0.001     0.999
   0.740000   57     970.37     122.41    -854.02    -854.93    671     0.001     0.999
   0.740000   58     996.66     128.93    -873.10    -873.99    639     0.001     0.999
   0.740000   59    1022.95     135.52    -891.31    -892.18    248     0.001     0.999
   0.740000   60    1049.24     142.19    -910.81    -911.66     40     0.001     0.999
   0.720000   55     917.79     108.35    -816.89    -817.85     33     0.001     0.999
   0.720000   56     944.08     114.65    -835.28    -836.22    170     0.001     0.999
   0.720000   57     970.37     121.76    -854.23    -855.14    519     0.001     0.999
   0.720000   58     996.66     128.93    -872.81    -873.70    696     0.001     0.999
   0.720000   59    1022.95     136.15    -891.45    -892.32    397     0.001     0.999
   0.720000   60    1049.24     143.25    -906.36    -907.22     81     0.001     0.999
   0.700000   56     944.08     113.81    -836.35    -837.29     54     0.001     0.999
   0.700000   57     970.37     121.40    -854.53    -855.44    338     0.001     0.999
   0.700000   58     996.66     128.86    -872.91    -873.80    657     0.001     0.999
   0.700000   59    1022.95     136.39    -890.76    -891.63    643     0.001     0.999
   0.700000   60    1049.24     144.12    -908.81    -909.65    199     0.001     0.999
   0.680000   57     970.37     121.46    -855.73    -856.64     29     0.001     0.999
   0.680000   58     996.66     129.01    -873.28    -874.17    456     0.001     0.999
   0.680000   59    1022.95     136.60    -890.65    -891.52    984     0.001     0.999
   0.680000   60    1049.24     144.64    -907.45    -908.30    395     0.001     0.999
   0.680000   61    1075.54     152.49    -924.24    -925.07     30     0.001     0.999
   0.660000   58     996.66     128.16    -873.62    -874.51    167     0.001     0.999
   0.660000   59    1022.95     136.57    -890.65    -891.52    908     0.001     0.999
   0.660000   60    1049.24     144.89    -907.46    -908.31    713     0.001     0.999
   0.660000   61    1075.54     153.60    -923.15    -923.98    104     0.001     0.999
   0.640000   58     996.66     127.42    -874.19    -875.08     54     0.001     0.999
   0.640000   59    1022.95     136.11    -891.07    -891.94    487     0.001     0.999
   0.640000   60    1049.24     145.20    -907.47    -908.32    948     0.001     0.999
   0.640000   61    1075.54     154.10    -923.44    -924.27    365     0.001     0.999
   0.640000   62    1101.83     163.28    -936.39    -937.20     44     0.001     0.999
   0.620000   59    1022.95     135.35    -891.41    -892.28    174     0.001     0.999
   0.620000   60    1049.24     145.16    -907.49    -908.33    784     0.001     0.999
   0.620000   61    1075.54     154.56    -923.41    -924.23    761     0.001     0.999
   0.620000   62    1101.83     164.33    -938.68    -939.49    155     0.001     0.999
   0.600000   59    1022.95     134.99    -892.34    -893.21     65     0.001     0.999
   0.600000   60    1049.24     144.97    -907.77    -908.62    531     0.001     0.999
   0.600000   61    1075.54     154.82    -923.12    -923.94    899     0.001     0.999
   0.600000   62    1101.83     164.84    -938.51    -939.32    376     0.001     0.999
   0.600000   63    1128.12     175.19    -951.37    -952.17     27     0.001     0.999
   0.580000   60    1049.24     144.26    -908.33    -909.18    139     0.001     0.999
   0.580000   61    1075.54     154.60    -923.36    -924.19    806     0.001     0.999
   0.580000   62    1101.83     165.18    -938.01    -938.81    816     0.001     0.999
   0.580000   63    1128.12     175.76    -952.58    -953.37    133     0.001     0.999
   0.560000   60    1049.24     142.57    -909.20    -910.05     42     0.001     0.999
   0.560000   61    1075.54     154.51    -923.48    -924.31    702     0.001     0.999
   0.560000   62    1101.83     165.27    -937.69    -938.49   1004     0.001     0.999
   0.560000   63    1128.12     176.27    -949.25    -950.04    149     0.001     0.999
   0.540000   61    1075.54     154.63    -923.77    -924.59    272     0.001     0.999
   0.540000   62    1101.83     165.39    -937.61    -938.42   1046     0.001     0.999
   0.540000   63    1128.12     176.95    -950.97    -951.76    539     0.001     0.999
   0.540000   64    1154.41     188.50    -961.20    -961.98     39     0.001     0.999
   0.520000   61    1075.54     153.53    -924.36    -925.19    103     0.001     0.999
   0.520000   62    1101.83     165.03    -937.76    -938.57    689     0.001     0.999
   0.520000   63    1128.12     177.29    -951.03    -951.82    864     0.001     0.999
   0.520000   64    1154.41     189.43    -963.02    -963.79    234     0.001     0.999
   0.500000   62    1101.83     164.73    -938.27    -939.07    340     0.001     0.999
   0.500000   63    1128.12     177.25    -950.90    -951.68    933     0.001     0.999
   0.500000   64    1154.41     190.01    -963.67    -964.44    570     0.001     0.999
   0.500000   65    1180.70     202.76    -973.30    -974.06     46     0.001     0.999
   0.480000   62    1101.83     164.09    -938.83    -939.63    139     0.001     0.999
   0.480000   63    1128.12     177.09    -951.01    -951.79    685     0.001     0.999
   0.480000   64    1154.41     190.29    -963.24    -964.01    780     0.001     0.999
   0.480000   65    1180.70     203.57    -975.48    -976.24    277     0.001     0.999
   0.460000   63    1128.12     177.53    -951.86    -952.65    189     0.001     0.999
   0.460000   64    1154.41     190.46    -963.52    -964.29    804     0.001     0.999
   0.460000   65    1180.70     204.15    -975.08    -975.83    715     0.001     0.999
   0.460000   66    1207.00     218.12    -986.46    -987.20    175     0.001     0.999
   0.440000   63    1128.12     175.86    -952.15    -952.94    236     0.001     0.999
   0.440000   64    1154.41     189.81    -963.39    -964.16    735     0.001     0.999
   0.440000   65    1180.70     204.32    -974.78    -975.53    686     0.001     0.999
   0.440000   66    1207.00     218.55    -985.88    -986.62    218     0.001     0.999
   0.420000   63    1128.12     174.52    -953.15    -953.94     57     0.001     0.999
   0.420000   64    1154.41     189.84    -963.73    -964.50    581     0.001     0.999
   0.420000   65    1180.70     204.32    -974.45    -975.20    882     0.001     0.999
   0.420000   66    1207.00     219.00    -984.98    -985.72    353     0.001     0.999
   0.420000   67    1233.29     234.22    -992.75    -993.47     25     0.001     0.999
   0.400000   64    1154.41     189.51    -964.24    -965.01    259     0.001     0.999
   0.400000   65    1180.70     204.22    -974.33    -975.09    936     0.001     0.999
   0.400000   66    1207.00     219.48    -984.56    -985.30    636     0.001     0.999
   0.400000   67    1233.29     234.81    -993.91    -994.64     63     0.001     0.999
   0.380000   64    1154.41     189.00    -964.83    -965.60     65     0.001     0.999
   0.380000   65    1180.70     203.88    -974.68    -975.44    579     0.001     0.999
   0.380000   66    1207.00     219.76    -984.21    -984.95    933     0.001     0.999
   0.380000   67    1233.29     235.71    -993.68    -994.40    307     0.001     0.999
   0.360000   65    1180.70     203.15    -975.17    -975.93    229     0.001     0.999
   0.360000   66    1207.00     219.59    -984.24    -984.98    847     0.001     0.999
   0.360000   67    1233.29     235.97    -993.22    -993.94    673     0.001     0.999
   0.360000   68    1259.58     252.72   -1002.30   -1003.01    124     0.001     0.999
   0.340000   65    1180.70     203.17    -975.82    -976.57     81     0.001     0.999
   0.340000   66    1207.00     219.27    -984.53    -985.27    511     0.001     0.999
   0.340000   67    1233.29     236.15    -993.10    -993.83    850     0.001     0.999
   0.340000   68    1259.58     253.45   -1001.59   -1002.29    396     0.001     0.999
   0.340000   69    1285.87     270.47   -1009.94   -1010.64     58     0.001     0.999
   0.320000   66    1207.00     218.75    -985.21    -985.95    108     0.001     0.999
   0.320000   67    1233.29     236.40    -993.38    -994.10    545     0.001     0.999
   0.320000   68    1259.58     253.61   -1001.36   -1002.07    780     0.001     0.999
   0.320000   69    1285.87     271.30   -1009.66   -1010.35    376     0.001     0.999
   0.320000   70    1312.16     289.06   -1017.93   -1018.61     78     0.001     0.999
   0.300000   67    1233.29     235.39    -993.85    -994.57    239     0.001     0.999
   0.300000   68    1259.58     253.39   -1001.53   -1002.24    623     0.001     0.999
   0.300000   69    1285.87     271.57   -1009.28   -1009.97    653     0.001     0.999
   0.300000   70    1312.16     289.90   -1016.91   -1017.59    302     0.001     0.999
   0.300000   71    1338.46     307.99   -1024.83   -1025.50     65     0.001     0.999
   0.280000   67    1233.29     236.26    -994.87    -995.59     34     0.001     0.999
   0.280000   68    1259.58     252.83   -1002.09   -1002.80    294     0.001     0.999
   0.280000   69    1285.87     271.56   -1009.32   -1010.01    595     0.001     0.999
   0.280000   70    1312.16     290.22   -1016.50   -1017.18    598     0.001     0.999
   0.280000   71    1338.46     309.09   -1023.64   -1024.31    279     0.001     0.999
   0.280000   72    1364.75     328.05   -1030.91   -1031.56     75     0.000     1.000
   0.260000   68    1259.58     253.02   -1002.81   -1003.52     57     0.001     0.999
   0.260000   69    1285.87     270.88   -1009.81   -1010.51    285     0.001     0.999
   0.260000   70    1312.16     290.14   -1016.57   -1017.25    558     0.001     0.999
   0.260000   71    1338.46     309.53   -1023.05   -1023.72    621     0.001     0.999
   0.260000   72    1364.75     328.68   -1029.68   -1030.33    299     0.000     1.000
   0.260000   73    1391.04     348.02   -1035.75   -1036.40     76     0.000     1.000
   0.240000   69    1285.87     270.93   -1010.83   -1011.52     29     0.001     0.999
   0.240000   70    1312.16     289.82   -1017.24   -1017.92    154     0.001     0.999
   0.240000   71    1338.46     309.19   -1023.23   -1023.89    459     0.001     0.999
   0.240000   72    1364.75     329.21   -1029.45   -1030.10    607     0.000     1.000
   0.240000   73    1391.04     348.91   -1035.66   -1036.30    454     0.000     1.000
   0.240000   74    1417.33     368.92   -1041.81   -1042.44    169     0.000     1.000
   0.240000   75    1443.62     388.73   -1048.06   -1048.68     26     0.000     1.000
   0.220000   71    1338.46     308.76   -1024.29   -1024.96     96     0.000     1.000
   0.220000   72    1364.75     328.68   -1029.83   -1030.48    286     0.000     1.000
   0.220000   73    1391.04     349.13   -1035.42   -1036.06    457     0.000     1.000
   0.220000   74    1417.33     369.40   -1041.19   -1041.82    493     0.000     1.000
   0.220000   75    1443.62     390.01   -1046.68   -1047.30    326     0.000     1.000
   0.220000   76    1469.92     410.37   -1052.54   -1053.15    145     0.000     1.000
   0.220000   77    1496.21     430.67   -1057.98   -1058.58     66     0.000     1.000
   0.200000   73    1391.04     349.65   -1036.61   -1037.25     22     0.000     1.000
   0.200000   74    1417.33     368.59   -1041.98   -1042.61     94     0.000     1.000
   0.200000   75    1443.62     390.28   -1047.12   -1047.74    302     0.000     1.000
   0.200000   76    1469.92     410.72   -1052.33   -1052.93    510     0.000     1.000
   0.200000   77    1496.21     431.62   -1057.27   -1057.87    469     0.000     1.000
   0.200000   78    1522.50     452.91   -1062.42   -1063.01    303     0.000     1.000
   0.200000   79    1548.79     473.43   -1067.82   -1068.40    135     0.000     1.000
   0.200000   80    1575.08     495.31   -1072.72   -1073.29     48     0.000     1.000
   0.180000   75    1443.62     388.05   -1048.24   -1048.85     27     0.000     1.000
   0.180000   76    1469.92     409.74   -1053.13   -1053.74     88     0.000     1.000
   0.180000   77    1496.21     431.31   -1057.84   -1058.44    229     0.000     1.000
   0.180000   78    1522.50     452.64   -1062.27   -1062.86    363     0.000     1.000
   0.180000   79    1548.79     474.12   -1067.02   -1067.60    361     0.000     1.000
   0.180000   80    1575.08     495.53   -1071.55   -1072.12    319     0.000     1.000
   0.180000   81    1601.37     517.31   -1076.44   -1077.00    257     0.000     1.000
   0.180000   82    1627.67     538.94   -1081.02   -1081.57    138     0.000     1.000
   0.180000   83    1653.96     560.30   -1085.68   -1086.22     75     0.000     1.000
   0.180000   84    1680.25     581.75   -1090.25   -1090.78     30     0.000     1.000
   0.160000   79    1548.79     472.75   -1067.91   -1068.49     53     0.000     1.000
   0.160000   80    1575.08     495.09   -1072.30   -1072.87    181     0.000     1.000
   0.160000   81    1601.37     517.53   -1076.51   -1077.07    232     0.000     1.000
   0.160000   82    1627.67     539.02   -1080.73   -1081.28    327     0.000     1.000
   0.160000   83    1653.96     561.07   -1084.79   -1085.33    318     0.000     1.000
   0.160000   84    1680.25     583.37   -1088.92   -1089.45    299     0.000     1.000
   0.160000   85    1706.54     605.41   -1093.18   -1093.70    228     0.000     1.000
   0.160000   86    1732.83     627.25   -1097.43   -1097.95    127     0.000     1.000
   0.160000   87    1759.13     649.37   -1101.52   -1102.03     82     0.000     1.000
   0.160000   88    1785.42     670.88   -1105.62   -1106.12     29     0.000     1.000
   0.140000   84    1680.25     582.35   -1089.76   -1090.29     44     0.000     1.000
   0.140000   85    1706.54     604.97   -1093.32   -1093.85    105     0.000     1.000
   0.140000   86    1732.83     627.50   -1096.96   -1097.48    160     0.000     1.000
   0.140000   87    1759.13     650.12   -1100.61   -1101.12    221     0.000     1.000
   0.140000   88    1785.42     672.73   -1104.30   -1104.80    242     0.000     1.000
   0.140000   89    1811.71     695.32   -1107.85   -1108.35    265     0.000     1.000
   0.140000   90    1838.00     717.85   -1111.66   -1112.15    221     0.000     1.000
   0.140000   91    1864.29     740.60   -1115.18   -1115.66    192     0.000     1.000
   0.140000   92    1890.59     763.21   -1118.95   -1119.43    154     0.000     1.000
   0.140000   93    1916.88     785.83   -1122.70   -1123.17    119     0.000     1.000
   0.140000   94    1943.17     808.39   -1126.37   -1126.83     63     0.000     1.000
   0.140000   95    1969.46     830.83   -1129.96   -1130.41     43     0.000     1.000
   0.120000   49     760.03    -221.25    -973.21    -974.38     62     0.002     0.998
   0.120000   50     786.33    -198.07    -976.03    -977.17    168     0.001     0.999
   0.120000   51     812.62    -175.31    -979.39    -980.48    275     0.001     0.999
   0.120000   52     838.91    -152.20    -982.42    -983.48    449     0.001     0.999
   0.120000   53     865.20    -129.13    -985.27    -986.30    459     0.001     0.999
   0.120000   54     891.49    -105.84    -988.59    -989.59    228     0.001     0.999
   0.120000   55     917.79     -82.67    -991.72    -992.69    193     0.001     0.999
   0.120000   56     944.08     -60.16    -994.26    -995.21     41     0.001     0.999
   0.100000   53     865.20    -129.60    -986.13    -987.16     42     0.001     0.999
   0.100000   54     891.49    -105.60    -988.94    -989.93    181     0.001     0.999
   0.100000   55     917.79     -82.63    -991.48    -992.45    355     0.001     0.999
   0.100000   56     944.08     -59.07    -994.01    -994.96    571     0.001     0.999
   0.100000   57     970.37     -35.54    -996.72    -997.64    417     0.001     0.999
   0.100000   58     996.66     -12.02    -998.97    -999.87    262     0.001     0.999
   0.100000   59    1022.95      11.83   -1001.49   -1002.37     49     0.001     0.999
   0.100000   60    1049.24      35.03   -1003.76   -1004.62     21     0.001     0.999
   0.080000   56     944.08     -60.48    -994.83    -995.78     69     0.001     0.999
   0.080000   57     970.37     -35.61    -997.05    -997.97    161     0.001     0.999
   0.080000   58     996.66     -11.96    -998.94    -999.83    487     0.001     0.999
   0.080000   59    1022.95      12.47   -1001.00   -1001.87    584     0.001     0.999
   0.080000   60    1049.24      36.67   -1003.03   -1003.88    375     0.001     0.999
   0.080000   61    1075.54      60.49   -1005.02   -1005.85    190     0.001     0.999
   0.060000   58     996.66      -6.35   -1000.01   -1000.91     27     0.001     0.999
   0.060000   59    1022.95      12.68   -1001.53   -1002.40    165     0.001     0.999
   0.060000   60    1049.24      36.51   -1003.08   -1003.93    430     0.001     0.999
   0.060000   61    1075.54      61.05   -1004.53   -1005.36    735     0.001     0.999
   0.060000   62    1101.83      85.39   -1005.99   -1006.80    380     0.001     0.999
   0.060000   63    1128.12     110.08   -1007.45   -1008.24    157     0.001     0.999
   0.040000   60    1049.24      36.92   -1003.85   -1004.70     83     0.001     0.999
   0.040000   61    1075.54      60.87   -1004.82   -1005.66    428     0.001     0.999
   0.040000   62    1101.83      85.83   -1005.85   -1006.66    730     0.001     0.999
   0.040000   63    1128.12     110.76   -1006.75   -1007.55    502     0.001     0.999
   0.040000   64    1154.41     135.96   -1007.79   -1008.57    118     0.001     0.999
   0.040000   65    1180.70     161.10   -1008.72   -1009.48     31     0.001     0.999
   0.020000   62    1101.83      85.76   -1006.24   -1007.06    304     0.001     0.999
   0.020000   63    1128.12     111.10   -1006.73   -1007.52    801     0.001     0.999
   0.020000   64    1154.41     136.27   -1007.19   -1007.97    650     0.001     0.999
   0.020000   65    1180.70     161.93   -1007.65   -1008.41    129     0.001     0.999
   0.000000   63    1128.12     114.78   -1007.15   -1007.94    245     0.001     0.999
   0.000000   64    1154.41     136.94   -1007.15   -1007.93    831     0.001     0.999
   0.000000   65    1180.70     162.47   -1007.15   -1007.91    671     0.001     0.999
   0.000000   66    1207.00     188.39   -1007.15   -1007.90    149     0.001     0.999


# Part 3: Bin-averaged summary:
# bin  energy gap  <dGg> <dGg norm> pts  <c1**2> <c2**2> <r_xy>
   3   -449.39     -2.00   1128.42         39    0.996    0.004    7.799
   4   -423.10     -2.12   1128.30         72    0.995    0.005    7.815
   5   -396.81     -2.27   1128.14        128    0.994    0.006    7.901
   6   -370.52     -2.60   1127.82        265    0.994    0.006    7.973
   7   -344.23     -2.82   1127.60        403    0.993    0.007    7.941
   8   -317.93     -3.03   1127.39        389    0.991    0.009    7.869
   9   -291.64     -3.17   1127.25        446    0.990    0.010    7.858
  10   -265.35     -3.31   1127.11        371    0.988    0.012    7.805
  11   -239.06     -3.28   1127.13        371    0.985    0.015    7.932
  12   -212.77     -3.17   1127.24        374    0.981    0.019    8.095
  13   -186.47     -3.26   1127.15        356    0.976    0.024    8.219
  14   -160.18     -3.59   1126.83        255    0.968    0.032    8.157
  15   -133.89     -3.82   1126.59        231    0.956    0.044    8.186
  16   -107.60     -4.58   1125.83        188    0.936    0.064    8.071
  17    -81.31     -5.80   1124.62        213    0.901    0.099    7.980
  18    -55.01     -8.49   1121.92        291    0.836    0.164    7.893
  19    -28.72    -14.63   1115.78        379    0.714    0.286    7.781
  20     -2.43    -25.74   1104.67        332    0.526    0.474    7.777
  21     23.86    -42.41   1088.00        278    0.321    0.679    7.768
  22     50.15    -62.78   1067.64        282    0.183    0.817    7.759
  23     76.45    -84.59   1045.82        288    0.108    0.892    7.843
  24    102.74   -107.61   1022.81        393    0.068    0.932    7.962
  25    129.03   -131.02    999.39        368    0.047    0.953    7.995
  26    155.32   -154.76    975.66        244    0.034    0.966    7.988
  27    181.61   -178.88    951.54        258    0.026    0.974    7.987
  28    207.90   -202.89    927.53        248    0.020    0.980    8.171
  29    234.20   -227.01    903.41        298    0.016    0.984    8.309
  30    260.49   -251.07    879.34        311    0.013    0.987    8.331
  31    286.78   -274.83    855.59        357    0.011    0.989    8.303
  32    313.07   -298.83    831.58        368    0.009    0.991    8.317
  33    339.36   -322.85    807.57        364    0.008    0.992    8.364
  34    365.66   -346.47    783.95        413    0.007    0.993    8.390
  35    391.95   -369.80    760.62        429    0.006    0.994    8.381
  36    418.24   -393.75    736.67        319    0.005    0.995    8.463
  37    444.53   -417.17    713.25        299    0.004    0.996    8.349
  38    470.82   -440.57    689.85        317    0.004    0.996    8.396
  39    497.12   -463.91    666.50        300    0.004    0.996    8.380
  40    523.41   -487.16    643.25        363    0.003    0.997    8.261
  41    549.70   -510.21    620.20        417    0.003    0.997    8.146
  42    575.99   -533.38    597.04        545    0.003    0.997    8.044
  43    602.28   -556.25    574.17        545    0.002    0.998    7.954
  44    628.57   -579.07    551.34        553    0.002    0.998    7.837
  45    654.87   -601.64    528.77        584    0.002    0.998    7.680
  46    681.16   -623.61    506.81        615    0.002    0.998    7.580
  47    707.45   -646.24    484.18        680    0.002    0.998    7.485
  48    733.74   -668.40    462.01        866    0.002    0.998    7.509
  49    760.03   -707.48    422.93       1006    0.002    0.998    7.530
  50    786.33   -750.98    379.44       1135    0.001    0.999    7.515
  51    812.62   -790.71    339.71       1177    0.001    0.999    7.523
  52    838.91   -829.81    300.60       1359    0.001    0.999    7.503
  53    865.20   -846.21    284.20       1482    0.001    0.999    7.505
  54    891.49   -851.95    278.47       1401    0.001    0.999    7.516
  55    917.79   -883.08    247.33       1435    0.001    0.999    7.534
  56    944.08   -894.32    236.09       1847    0.001    0.999    7.766
  57    970.37   -885.99    244.42       2670    0.001    0.999    8.132
  58    996.66   -900.33    230.08       3712    0.001    0.999    8.180
  59   1022.95   -910.30    220.11       4752    0.001    0.999    8.230
  60   1049.24   -926.65    203.77       4781    0.001    0.999    8.238
  61   1075.54   -944.61    185.80       5395    0.001    0.999    8.065
  62   1101.83   -954.69    175.72       6023    0.001    0.999    8.003
  63   1128.12   -969.13    161.28       5517    0.001    0.999    7.952
  64   1154.41   -976.62    153.80       5666    0.001    0.999    8.040
  65   1180.70   -980.62    149.79       5262    0.001    0.999    8.155
  66   1207.00   -986.21    144.20       3930    0.001    0.999    8.204
  67   1233.29   -994.08    136.34       2736    0.001    0.999    8.224
  68   1259.58  -1002.34    128.08       2274    0.001    0.999    8.277
  69   1285.87  -1010.17    120.24       1996    0.001    0.999    8.228
  70   1312.16  -1017.41    113.01       1690    0.001    0.999    8.203
  71   1338.46  -1024.03    106.38       1520    0.001    0.999    8.237
  72   1364.75  -1030.33    100.09       1267    0.000    1.000    8.207
  73   1391.04  -1036.22     94.20       1009    0.000    1.000    8.211
  74   1417.33  -1042.05     88.36        756    0.000    1.000    8.258
  75   1443.62  -1047.61     82.81        681    0.000    1.000    8.515
  76   1469.92  -1053.07     77.34        743    0.000    1.000    8.729
  77   1496.21  -1058.10     72.31        764    0.000    1.000    8.793
  78   1522.50  -1062.92     67.49        666    0.000    1.000    8.849
  79   1548.79  -1067.88     62.53        549    0.000    1.000    8.810
  80   1575.08  -1072.47     57.94        548    0.000    1.000    8.796
  81   1601.37  -1077.03     53.38        489    0.000    1.000    8.768
  82   1627.67  -1081.37     49.05        465    0.000    1.000    8.732
  83   1653.96  -1085.50     44.92        393    0.000    1.000    8.721
  84   1680.25  -1089.66     40.76        373    0.000    1.000    8.721
  85   1706.54  -1093.75     36.67        333    0.000    1.000    8.751
  86   1732.83  -1097.69     32.73        287    0.000    1.000    8.771
  87   1759.13  -1101.36     29.05        303    0.000    1.000    8.764
  88   1785.42  -1104.94     25.47        271    0.000    1.000    8.743
  89   1811.71  -1108.35     22.07        265    0.000    1.000    8.714
  90   1838.00  -1112.15     18.26        221    0.000    1.000    8.723
  91   1864.29  -1115.66     14.75        192    0.000    1.000    8.717
  92   1890.59  -1119.43     10.99        154    0.000    1.000    8.760
  93   1916.88  -1123.17      7.24        119    0.000    1.000    8.819
  94   1943.17  -1126.83      3.58         63    0.000    1.000    8.725
  95   1969.46  -1130.41      0.00         43    0.000    1.000    8.813
