Time: Tue Feb 27 09:19:21 CET 2024
I'm working in this directory:
   /home3/p315462/Restart_GROMACS/equilibration3

Steps:
equil_01_5k_nvt
equil_02_100k_nvt
equil_03_250k_nvt
equil_04_300k_nvt
equil_05_5k_nvt
equil_06_5k_npt
equil_07_100k_npt
equil_08_250k_npt
equil_09_300k_npt
equil_10_300k_npt
equil_11_300k_npt

Time: Tue Feb 27 09:19:21 CET 2024     Running the step: equil_01_5k_nvt    --    FAILED

Time: Tue Feb 27 09:19:23 CET 2024

Normal termination
Time: Tue Feb 27 09:19:23 CET 2024
Total time: 2 seconds
