
Build and version information

Build number 6.0.15
Build date   20240314
Built:       
      by     p315462
      on     login1
      git id adc28a635c78993922188615a73366ace3402081
      with   GNU Fortran GCC 11.3.0
qfep version 6.0.15 , git id=adc28a635c78993922188615a73366ace3402081 initialising
Current date 2024- 4-18 and time 12:27:19

Welcome in qfep modification date 20240314

 Q6, Copyright © 2017 Johan Åqvist, John Marelius, Shina Caroline Lynn Kamerlin and Paul Bauer
 Q6 comes with ABSOLUTELY NO WARRANTY.  This is free software, and you are welcome
 to redistribute it under certain conditions. For details, add the --help flag.
--> Number of energy files: # Number of files                 =    51
--> No. of states, no. of predefined off-diag elements: # Number of states                 =     2
# Number of off-diagonal elements =     0
--> Give kT & no, of pts to skip   & calculation mode: # kT                              = 0.592
# Number of data points to skip   =   100
# Only QQ interactions will be considered   =   0
--> Give number of gap-bins: # Number of gap-bins              =   100
--> Give minimum # pts/bin: # Minimum number of points per bin=    20
--> Give alpha for state  2:                                                    # Alpha for state  2              =  -520.50
--> Number of off-diagonal elements:# Number of off-diagonal elements =     1
#   i   j   A(i,j)  mu(i,j) eta(i,j) rxy0(i,j)
--> i, j, A_ij, mu_ij, eta_ij, r_xy0: #   1   2     30.00      0.00      0.00      0.00
--> linear combination of states defining reaction coord: # Linear combination co-efficients=  1.00 -1.00


# Part 0: Average energies for all states in all files
# file             state   pts   lambda    EQtot   EQbond  EQang   EQtor   EQimp    EQel   EQvdW  Eel_qq  EvdW_qq Eel_qp  EvdW_qp Eel_qw EvdW_qw Eqrstr
--> Name of file number   1:                                                     
# Energy files from Qdyn, version: 6.0.16 , git id=adc28a635c78993922188615a73366ace3402081                        
fep_050_1.000.en        1      1899  1.000000  -10448.35  -10330.49     5.01     9.63     0.00  -106.61   -25.90   -37.55     7.48   -16.78   -36.56   -52.28     3.18     0.00
fep_050_1.000.en        2      1899  0.000000   -9530.48   -9584.31   222.93     5.50     0.00  -162.70   -11.90  -151.08    21.87    36.18   -36.79   -47.80     3.02     0.00
--> Name of file number   2:                                                     
# Energy files from Qdyn, version: 6.0.16 , git id=adc28a635c78993922188615a73366ace3402081                        
fep_049_0.980.en        1      1899  0.980000  -10432.82  -10330.09     5.37     9.54     0.00   -95.18   -22.47   -54.27    11.78   -11.30   -35.03   -29.60     0.78     0.00
fep_049_0.980.en        2      1899  0.020000   -9719.29   -9747.79   163.53     1.78     0.00  -129.26    -7.55  -139.74    26.94    44.41   -35.11   -33.93     0.63     0.00
--> Name of file number   3:                                                     
# Energy files from Qdyn, version: 6.0.16 , git id=adc28a635c78993922188615a73366ace3402081                        
fep_048_0.960.en        1      1899  0.960000  -10427.67  -10328.96     5.72     9.90     0.00   -93.82   -20.51   -55.66    14.83    -9.47   -35.15   -28.70    -0.18     0.00
fep_048_0.960.en        2      1899  0.040000   -9852.17   -9864.11   139.43     0.95     0.00  -124.88    -3.56  -135.40    31.94    46.08   -35.18   -35.56    -0.32     0.00
--> Name of file number   4:                                                     
# Energy files from Qdyn, version: 6.0.16 , git id=adc28a635c78993922188615a73366ace3402081                        
fep_047_0.940.en        1      1899  0.940000  -10423.89  -10326.68     7.75     9.50     0.00   -99.75   -14.70   -58.16    20.34    -8.22   -35.25   -33.38     0.21     0.00
fep_047_0.940.en        2      1899  0.060000   -9995.65  -10010.15   131.39     0.91     0.00  -122.28     4.48  -130.40    39.79    46.39   -35.37   -38.27     0.06     0.00
--> Name of file number   5:                                                     
# Energy files from Qdyn, version: 6.0.16 , git id=adc28a635c78993922188615a73366ace3402081                        
fep_046_0.920.en        1      1899  0.920000  -10407.90  -10322.90     9.03     9.87     0.00   -95.46    -8.43   -59.31    27.80    -8.34   -35.19   -27.81    -1.04     0.00
fep_046_0.920.en        2      1899  0.080000  -10174.79  -10201.14   125.98     0.94     0.00  -112.85    12.29  -124.86    48.82    49.77   -35.35   -37.76    -1.18     0.00
--> Name of file number   6:                                                     
# Energy files from Qdyn, version: 6.0.16 , git id=adc28a635c78993922188615a73366ace3402081                        
fep_000_0.900.en        1      1899  0.900000  -10391.90  -10317.22    10.50    10.00     0.00   -93.47    -1.71   -60.73    34.13    -8.42   -35.14   -24.32    -0.70     0.00
fep_000_0.900.en        2      1899  0.100000  -10295.83  -10340.11   126.97     1.43     0.00  -104.28    20.16  -119.32    56.37    48.92   -35.38   -33.88    -0.83     0.00
--> Name of file number   7:                                                     
# Energy files from Qdyn, version: 6.0.16 , git id=adc28a635c78993922188615a73366ace3402081                        
fep_001_0.880.en        1      1899  0.880000  -10380.51  -10308.85    12.43     9.54     0.00   -96.54     2.91   -58.35    38.99    -9.38   -35.73   -28.81    -0.35     0.00
fep_001_0.880.en        2      1899  0.120000  -10423.46  -10461.96   113.57     1.22     0.00  -102.31    26.03  -110.90    62.44    48.66   -35.92   -40.08    -0.49     0.00
--> Name of file number   8:                                                     
# Energy files from Qdyn, version: 6.0.16 , git id=adc28a635c78993922188615a73366ace3402081                        
fep_002_0.860.en        1      1899  0.860000  -10373.96  -10303.01    14.04     9.51     0.00  -103.42     8.92   -55.40    42.90   -12.76   -35.42   -35.26     1.44     0.00
fep_002_0.860.en        2      1899  0.140000  -10511.81  -10547.87   107.99     1.93     0.00  -105.13    31.27  -105.11    65.54    46.25   -35.58   -46.26     1.30     0.00
--> Name of file number   9:                                                     
# Energy files from Qdyn, version: 6.0.16 , git id=adc28a635c78993922188615a73366ace3402081                        
fep_003_0.840.en        1      1899  0.840000  -10363.45  -10297.04    15.09    10.10     0.00  -104.18    12.58   -54.32    45.76   -12.70   -34.19   -37.15     1.01     0.00
fep_003_0.840.en        2      1899  0.160000  -10572.89  -10602.45   101.57     1.88     0.00  -105.60    31.72  -101.19    65.24    47.86   -34.39   -52.27     0.86     0.00
--> Name of file number  10:                                                     
# Energy files from Qdyn, version: 6.0.16 , git id=adc28a635c78993922188615a73366ace3402081                        
fep_004_0.820.en        1      1899  0.820000  -10356.91  -10295.00    16.46    10.88     0.00  -109.06    19.82   -48.62    49.11   -21.77   -31.23   -38.67     1.94     0.00
fep_004_0.820.en        2      1899  0.180000  -10617.51  -10645.48    87.04     1.90     0.00   -98.24    37.26   -88.39    66.84    44.86   -31.37   -54.71     1.78     0.00
--> Name of file number  11:                                                     
# Energy files from Qdyn, version: 6.0.16 , git id=adc28a635c78993922188615a73366ace3402081                        
fep_005_0.800.en        1      1899  0.800000  -10347.11  -10289.79    17.02    10.28     0.00  -103.88    19.26   -52.46    51.37   -13.70   -33.43   -37.71     1.32     0.00
fep_005_0.800.en        2      1899  0.200000  -10662.75  -10682.57    88.34     1.23     0.00  -104.91    35.16   -98.39    67.58    47.97   -33.56   -54.49     1.14     0.00
--> Name of file number  12:                                                     
# Energy files from Qdyn, version: 6.0.16 , git id=adc28a635c78993922188615a73366ace3402081                        
fep_006_0.780.en        1      1899  0.780000  -10340.18  -10286.86    18.40     9.18     0.00  -100.86    19.96   -59.65    54.30    -5.15   -36.03   -36.06     1.69     0.00
fep_006_0.780.en        2      1899  0.220000  -10674.10  -10705.02    98.28     0.90     0.00  -100.90    32.63  -101.05    67.27    50.43   -36.14   -50.28     1.50     0.00
--> Name of file number  13:                                                     
# Energy files from Qdyn, version: 6.0.16 , git id=adc28a635c78993922188615a73366ace3402081                        
fep_007_0.760.en        1      1899  0.760000  -10331.27  -10281.84    18.90     9.10     0.00   -98.90    21.48   -59.83    56.34    -3.70   -36.95   -35.37     2.08     0.00
fep_007_0.760.en        2      1899  0.240000  -10692.96  -10727.36    99.16     1.07     0.00   -97.53    31.71   -98.95    66.89    50.65   -37.07   -49.23     1.89     0.00
--> Name of file number  14:                                                     
# Energy files from Qdyn, version: 6.0.16 , git id=adc28a635c78993922188615a73366ace3402081                        
fep_008_0.740.en        1      1899  0.740000  -10322.48  -10277.75    19.48     9.14     0.00   -96.79    23.45   -58.04    58.24    -2.21   -37.16   -36.54     2.37     0.00
fep_008_0.740.en        2      1899  0.260000  -10716.57  -10742.91    94.73     0.86     0.00   -99.36    30.10   -99.21    65.25    52.75   -37.31   -52.90     2.17     0.00
--> Name of file number  15:                                                     
# Energy files from Qdyn, version: 6.0.16 , git id=adc28a635c78993922188615a73366ace3402081                        
fep_009_0.720.en        1      1899  0.720000  -10319.45  -10276.88    21.82     8.88     0.00   -98.56    25.29   -54.71    58.80    -0.89   -36.62   -42.96     3.11     0.00
fep_009_0.720.en        2      1899  0.280000  -10751.32  -10767.39    89.34     1.30     0.00  -105.75    31.18   -99.29    64.98    55.18   -36.69   -61.64     2.89     0.00
--> Name of file number  16:                                                     
# Energy files from Qdyn, version: 6.0.16 , git id=adc28a635c78993922188615a73366ace3402081                        
fep_010_0.700.en        1      1899  0.700000  -10319.57  -10272.21    20.68     9.83     0.00  -110.70    32.82   -50.59    61.77   -16.54   -33.58   -43.57     4.63     0.00
fep_010_0.700.en        2      1899  0.300000  -10784.38  -10774.12    77.63     1.62     0.00  -123.86    34.35   -97.43    63.58    45.69   -33.65   -72.13     4.42     0.00
--> Name of file number  17:                                                     
# Energy files from Qdyn, version: 6.0.16 , git id=adc28a635c78993922188615a73366ace3402081                        
fep_011_0.680.en        1      1899  0.680000  -10322.59  -10269.91    21.77     9.91     0.00  -114.94    30.59   -49.65    61.12   -20.31   -34.51   -44.98     3.97     0.00
fep_011_0.680.en        2      1899  0.320000  -10808.21  -10787.72    76.32     1.29     0.00  -128.33    30.24   -96.07    60.98    39.38   -34.50   -71.65     3.76     0.00
--> Name of file number  18:                                                     
# Energy files from Qdyn, version: 6.0.16 , git id=adc28a635c78993922188615a73366ace3402081                        
fep_012_0.660.en        1      1899  0.660000  -10314.79  -10266.76    22.06     9.95     0.00  -112.75    32.70   -50.11    62.95   -18.83   -34.31   -43.81     4.06     0.00
fep_012_0.660.en        2      1899  0.340000  -10818.47  -10796.15    72.21     1.43     0.00  -125.04    29.08   -96.07    59.62    41.35   -34.38   -70.32     3.84     0.00
--> Name of file number  19:                                                     
# Energy files from Qdyn, version: 6.0.16 , git id=adc28a635c78993922188615a73366ace3402081                        
fep_013_0.640.en        1      1899  0.640000  -10308.64  -10263.69    22.35     9.97     0.00  -109.34    32.07   -50.81    63.50   -15.35   -34.67   -43.18     3.24     0.00
fep_013_0.640.en        2      1899  0.360000  -10827.03  -10803.87    74.00     1.53     0.00  -125.21    26.52   -96.33    58.09    44.32   -34.58   -73.21     3.01     0.00
--> Name of file number  20:                                                     
# Energy files from Qdyn, version: 6.0.16 , git id=adc28a635c78993922188615a73366ace3402081                        
fep_014_0.620.en        1      1899  0.620000  -10300.78  -10259.58    19.67    12.01     0.00  -108.86    35.97   -50.68    67.32   -16.34   -34.98   -41.83     3.63     0.00
fep_014_0.620.en        2      1899  0.380000  -10831.94  -10808.14    70.47     1.11     0.00  -121.17    25.79   -93.94    57.45    42.94   -35.06   -70.17     3.40     0.00
--> Name of file number  21:                                                     
# Energy files from Qdyn, version: 6.0.16 , git id=adc28a635c78993922188615a73366ace3402081                        
fep_015_0.600.en        1      1899  0.600000  -10299.77  -10257.79    22.81    10.90     0.00  -109.89    34.21   -51.21    65.51   -15.38   -34.88   -43.30     3.58     0.00
fep_015_0.600.en        2      1899  0.400000  -10850.29  -10819.29    69.69     1.88     0.00  -126.50    23.92   -96.44    55.43    43.35   -34.87   -73.41     3.36     0.00
--> Name of file number  22:                                                     
# Energy files from Qdyn, version: 6.0.16 , git id=adc28a635c78993922188615a73366ace3402081                        
fep_016_0.580.en        1      1899  0.580000  -10290.49  -10250.74    23.47    11.20     0.00  -105.94    31.52   -51.79    64.72   -16.16   -35.64   -37.99     2.44     0.00
fep_016_0.580.en        2      1899  0.420000  -10857.55  -10824.35    70.33     1.46     0.00  -124.29    19.29   -95.39    52.67    40.29   -35.59   -69.19     2.21     0.00
--> Name of file number  23:                                                     
# Energy files from Qdyn, version: 6.0.16 , git id=adc28a635c78993922188615a73366ace3402081                        
fep_017_0.560.en        1      1899  0.560000  -10290.48  -10248.68    21.83    10.36     0.00  -110.76    36.78   -51.23    68.29   -16.50   -34.96   -43.04     3.45     0.00
fep_017_0.560.en        2      1899  0.440000  -10867.91  -10827.84    67.83     1.26     0.00  -129.38    20.22   -95.86    52.09    41.23   -35.09   -74.75     3.22     0.00
--> Name of file number  24:                                                     
# Energy files from Qdyn, version: 6.0.16 , git id=adc28a635c78993922188615a73366ace3402081                        
fep_018_0.540.en        1      1899  0.540000  -10286.07  -10246.20    26.79    10.53     0.00  -105.33    28.15   -53.53    60.44   -15.11   -34.49   -36.69     2.19     0.00
fep_018_0.540.en        2      1899  0.460000  -10881.70  -10837.86    67.02     2.37     0.00  -129.20    15.98  -106.84    48.62    40.43   -34.59   -62.79     1.96     0.00
--> Name of file number  25:                                                     
# Energy files from Qdyn, version: 6.0.16 , git id=adc28a635c78993922188615a73366ace3402081                        
fep_019_0.520.en        1      1899  0.520000  -10276.89  -10241.75    28.35    12.61     0.00  -103.71    27.61   -54.25    59.98   -18.63   -33.65   -30.83     1.28     0.00
fep_019_0.520.en        2      1899  0.480000  -10888.76  -10842.19    67.39     2.57     0.00  -131.05    14.50  -113.89    47.18    37.56   -33.75   -54.72     1.07     0.00
--> Name of file number  26:                                                     
# Energy files from Qdyn, version: 6.0.16 , git id=adc28a635c78993922188615a73366ace3402081                        
fep_020_0.500.en        1      1899  0.500000  -10268.78  -10237.97    28.08    12.21     0.00   -97.02    25.92   -54.15    59.98   -15.48   -35.18   -27.38     1.11     0.00
fep_020_0.500.en        2      1899  0.500000  -10893.09  -10844.75    65.43     2.77     0.00  -128.43    11.89  -114.15    46.29    38.33   -35.31   -52.61     0.91     0.00
--> Name of file number  27:                                                     
# Energy files from Qdyn, version: 6.0.16 , git id=adc28a635c78993922188615a73366ace3402081                        
fep_021_0.480.en        1      1899  0.480000  -10263.81  -10234.19    28.45    12.18     0.00   -97.97    27.72   -53.97    59.99   -21.34   -34.17   -22.65     1.90     0.00
fep_021_0.480.en        2      1899  0.520000  -10902.16  -10848.32    65.18     3.26     0.00  -134.61    12.33  -113.58    45.07    32.80   -34.42   -53.83     1.68     0.00
--> Name of file number  28:                                                     
# Energy files from Qdyn, version: 6.0.16 , git id=adc28a635c78993922188615a73366ace3402081                        
fep_022_0.460.en        1      1899  0.460000  -10253.21  -10228.40    28.28    12.44     0.00   -92.84    27.32   -54.19    60.76   -22.58   -35.35   -16.07     1.91     0.00
fep_022_0.460.en        2      1899  0.540000  -10907.18  -10851.68    62.62     3.41     0.00  -131.98    10.45  -114.12    44.30    30.18   -35.52   -48.04     1.67     0.00
--> Name of file number  29:                                                     
# Energy files from Qdyn, version: 6.0.16 , git id=adc28a635c78993922188615a73366ace3402081                        
fep_023_0.440.en        1      1899  0.440000  -10246.74  -10223.33    27.73    12.82     0.00   -89.57    25.61   -54.39    61.28   -20.22   -36.38   -14.95     0.70     0.00
fep_023_0.440.en        2      1899  0.560000  -10911.41  -10854.45    60.67     3.35     0.00  -127.79     6.81  -112.78    42.91    31.08   -36.58   -46.10     0.49     0.00
--> Name of file number  30:                                                     
# Energy files from Qdyn, version: 6.0.16 , git id=adc28a635c78993922188615a73366ace3402081                        
fep_024_0.420.en        1      1899  0.420000  -10248.06  -10216.53    27.49    11.98     0.00   -97.97    26.96   -54.89    62.48   -17.59   -36.97   -25.48     1.45     0.00
fep_024_0.420.en        2      1899  0.580000  -10915.64  -10856.00    61.50     2.64     0.00  -130.35     6.57  -112.84    42.45    33.71   -37.12   -51.21     1.24     0.00
--> Name of file number  31:                                                     
# Energy files from Qdyn, version: 6.0.16 , git id=adc28a635c78993922188615a73366ace3402081                        
fep_025_0.400.en        1      1899  0.400000  -10251.24  -10212.08    26.70    12.26     0.00  -107.02    28.89   -54.33    64.17   -14.93   -38.59   -37.76     3.32     0.00
fep_025_0.400.en        2      1899  0.600000  -10926.85  -10857.73    60.59     2.15     0.00  -137.98     6.12  -113.81    41.75    37.42   -38.75   -61.59     3.12     0.00
--> Name of file number  32:                                                     
# Energy files from Qdyn, version: 6.0.16 , git id=adc28a635c78993922188615a73366ace3402081                        
fep_026_0.380.en        1      1899  0.380000  -10233.38  -10205.55    28.78    12.95     0.00   -96.56    27.01   -53.89    63.36   -17.39   -37.32   -25.28     0.97     0.00
fep_026_0.380.en        2      1899  0.620000  -10927.73  -10860.77    58.48     3.24     0.00  -132.55     3.87  -115.94    40.50    34.66   -37.38   -51.27     0.75     0.00
--> Name of file number  33:                                                     
# Energy files from Qdyn, version: 6.0.16 , git id=adc28a635c78993922188615a73366ace3402081                        
fep_027_0.360.en        1      1899  0.360000  -10215.50  -10197.06    30.95    12.94     0.00   -89.39    27.06   -53.13    63.15   -17.21   -37.04   -19.05     0.95     0.00
fep_027_0.360.en        2      1899  0.640000  -10929.91  -10863.09    57.38     3.67     0.00  -130.75     2.89  -116.97    39.34    33.32   -37.18   -47.10     0.73     0.00
--> Name of file number  34:                                                     
# Energy files from Qdyn, version: 6.0.16 , git id=adc28a635c78993922188615a73366ace3402081                        
fep_028_0.340.en        1      1899  0.340000  -10211.24  -10186.47    28.58    12.17     0.00   -92.68    27.17   -54.18    64.02    -9.67   -39.25   -28.84     2.39     0.00
fep_028_0.340.en        2      1899  0.660000  -10936.35  -10863.91    56.92     2.88     0.00  -133.10     0.85  -118.40    38.04    39.32   -39.35   -54.02     2.16     0.00
--> Name of file number  35:                                                     
# Energy files from Qdyn, version: 6.0.16 , git id=adc28a635c78993922188615a73366ace3402081                        
fep_029_0.320.en        1      1899  0.320000  -10195.32  -10177.65    30.82    13.51     0.00   -89.78    27.78   -52.43    64.49   -13.90   -38.96   -23.45     2.25     0.00
fep_029_0.320.en        2      1899  0.680000  -10945.25  -10866.18    53.21     4.12     0.00  -137.13     0.73  -119.77    37.82    36.27   -39.12   -53.63     2.03     0.00
--> Name of file number  36:                                                     
# Energy files from Qdyn, version: 6.0.16 , git id=adc28a635c78993922188615a73366ace3402081                        
fep_030_0.300.en        1      1899  0.300000  -10173.79  -10163.77    34.61    15.20     0.00   -90.44    30.61   -51.44    64.88   -19.21   -37.59   -19.78     3.32     0.00
fep_030_0.300.en        2      1899  0.700000  -10952.27  -10868.06    49.95     5.24     0.00  -142.16     2.77  -120.04    37.43    29.51   -37.76   -51.64     3.10     0.00
--> Name of file number  37:                                                     
# Energy files from Qdyn, version: 6.0.16 , git id=adc28a635c78993922188615a73366ace3402081                        
fep_031_0.280.en        1      1899  0.280000  -10158.15  -10150.37    34.11    13.84     0.00   -84.74    29.02   -52.23    64.56   -15.75   -37.67   -16.76     2.13     0.00
fep_031_0.280.en        2      1899  0.720000  -10952.45  -10869.93    50.39     4.39     0.00  -137.00    -0.30  -121.69    35.64    33.08   -37.86   -48.39     1.91     0.00
--> Name of file number  38:                                                     
# Energy files from Qdyn, version: 6.0.16 , git id=adc28a635c78993922188615a73366ace3402081                        
fep_032_0.260.en        1      1899  0.260000  -10143.22  -10133.89    34.00    13.95     0.00   -87.34    30.06   -52.58    65.73   -15.14   -38.17   -19.61     2.50     0.00
fep_032_0.260.en        2      1899  0.740000  -10962.36  -10870.77    49.02     4.23     0.00  -143.42    -1.42  -124.21    34.67    33.90   -38.36   -53.11     2.28     0.00
--> Name of file number  39:                                                     
# Energy files from Qdyn, version: 6.0.16 , git id=adc28a635c78993922188615a73366ace3402081                        
fep_033_0.240.en        1      1899  0.240000  -10121.55  -10112.33    32.88    14.44     0.00   -88.80    32.26   -52.55    66.54   -14.82   -37.35   -21.44     3.07     0.00
fep_033_0.240.en        2      1899  0.760000  -10973.25  -10872.32    45.56     4.35     0.00  -149.31    -1.53  -125.38    33.00    31.90   -37.38   -55.83     2.85     0.00
--> Name of file number  40:                                                     
# Energy files from Qdyn, version: 6.0.16 , git id=adc28a635c78993922188615a73366ace3402081                        
fep_034_0.220.en        1      1899  0.220000  -10078.33  -10076.65    32.95    15.77     0.00   -86.88    36.48   -50.37    70.23   -16.45   -36.79   -20.06     3.05     0.00
fep_034_0.220.en        2      1899  0.780000  -10979.99  -10873.41    43.03     4.04     0.00  -151.15    -2.49  -128.16    31.67    28.43   -36.99   -51.42     2.82     0.00
--> Name of file number  41:                                                     
# Energy files from Qdyn, version: 6.0.16 , git id=adc28a635c78993922188615a73366ace3402081                        
fep_035_0.200.en        1      1899  0.200000  -10047.60  -10044.59    37.14    15.81     0.00   -87.88    31.91   -50.02    66.45   -18.04   -37.70   -19.81     3.16     0.00
fep_035_0.200.en        2      1899  0.800000  -10992.56  -10875.48    38.60     5.03     0.00  -156.61    -4.10  -130.80    30.77    24.93   -37.82   -50.74     2.95     0.00
--> Name of file number  42:                                                     
# Energy files from Qdyn, version: 6.0.16 , git id=adc28a635c78993922188615a73366ace3402081                        
fep_036_0.180.en        1      1899  0.180000   -9986.51   -9987.53    40.72    15.63     0.00   -87.43    32.09   -50.00    66.50   -17.28   -37.89   -20.16     3.49     0.00
fep_036_0.180.en        2      1899  0.820000  -11006.11  -10875.95    34.55     4.86     0.00  -164.23    -5.34  -136.78    29.39    25.58   -38.00   -53.02     3.26     0.00
--> Name of file number  43:                                                     
# Energy files from Qdyn, version: 6.0.16 , git id=adc28a635c78993922188615a73366ace3402081                        
fep_037_0.160.en        1      1899  0.160000   -9903.87   -9908.52    41.60    14.61     0.00   -81.87    30.32   -50.27    66.19   -14.81   -39.16   -16.79     3.29     0.00
fep_037_0.160.en        2      1899  0.840000  -11012.98  -10876.92    30.97     4.35     0.00  -162.84    -8.55  -145.59    27.72    31.69   -39.34   -48.93     3.07     0.00
--> Name of file number  44:                                                     
# Energy files from Qdyn, version: 6.0.16 , git id=adc28a635c78993922188615a73366ace3402081                        
fep_038_0.140.en        1      1899  0.140000   -9769.33   -9783.35    46.64    15.20     0.00   -78.20    30.37   -49.27    66.68   -13.19   -39.75   -15.74     3.44     0.00
fep_038_0.140.en        2      1899  0.860000  -11039.19  -10877.55    23.79     4.78     0.00  -180.23    -9.98  -158.88    26.56    25.88   -39.76   -47.23     3.22     0.00
--> Name of file number  45:                                                     
# Energy files from Qdyn, version: 6.0.16 , git id=adc28a635c78993922188615a73366ace3402081                        
fep_039_0.120.en        1      1899  0.120000   -9637.50   -9715.20    54.95    15.75     0.00   -47.20    54.19   -33.46    89.04     3.85   -36.60   -17.59     1.76     0.00
fep_039_0.120.en        2      1899  0.880000  -10884.15  -10869.81    26.91     1.31     0.00   -30.80   -11.77   -21.10    23.28    36.22   -36.68   -45.93     1.64     0.00
--> Name of file number  46:                                                     
# Energy files from Qdyn, version: 6.0.16 , git id=adc28a635c78993922188615a73366ace3402081                        
fep_040_0.100.en        1      1899  0.100000   -9667.98   -9720.96    38.56    14.91     0.00   -43.14    42.66   -30.18    76.89     0.49   -35.97   -13.46     1.74     0.00
fep_040_0.100.en        2      1899  0.900000  -10895.07  -10877.54    14.98     0.17     0.00   -15.35   -17.33    -2.69    16.92    31.24   -35.90   -43.91     1.65     0.00
--> Name of file number  47:                                                     
# Energy files from Qdyn, version: 6.0.16 , git id=adc28a635c78993922188615a73366ace3402081                        
fep_041_0.080.en        1      1899  0.080000   -9641.75   -9686.14    37.78    15.20     0.00   -46.01    37.42   -29.33    71.15     0.92   -35.92   -17.60     2.19     0.00
fep_041_0.080.en        2      1899  0.920000  -10907.10  -10878.55     9.67     0.11     0.00   -19.45   -18.88    -4.03    14.90    32.91   -35.88   -48.34     2.09     0.00
--> Name of file number  48:                                                     
# Energy files from Qdyn, version: 6.0.16 , git id=adc28a635c78993922188615a73366ace3402081                        
fep_042_0.060.en        1      1899  0.060000   -9610.10   -9653.80    42.06    16.04     0.00   -49.54    35.12   -29.52    68.56     1.38   -35.17   -21.40     1.73     0.00
fep_042_0.060.en        2      1899  0.940000  -10915.17  -10878.57     6.81     0.09     0.00   -23.33   -20.17    -5.39    13.14    33.75   -34.93   -51.69     1.62     0.00
--> Name of file number  49:                                                     
# Energy files from Qdyn, version: 6.0.16 , git id=adc28a635c78993922188615a73366ace3402081                        
fep_043_0.040.en        1      1899  0.040000   -9575.88   -9625.64    50.59    16.36     0.00   -50.77    33.57   -29.25    67.92     2.54   -36.25   -24.06     1.91     0.00
fep_043_0.040.en        2      1899  0.960000  -10920.93  -10879.66     6.73    -0.00     0.00   -25.81   -22.19    -5.70    12.11    35.73   -36.09   -55.84     1.78     0.00
--> Name of file number  50:                                                     
# Energy files from Qdyn, version: 6.0.16 , git id=adc28a635c78993922188615a73366ace3402081                        
fep_044_0.020.en        1      1899  0.020000   -9550.63   -9607.02    63.20    16.39     0.00   -56.02    32.81   -30.12    67.78    -0.91   -36.53   -25.00     1.56     0.00
fep_044_0.020.en        2      1899  0.980000  -10928.10  -10880.21     5.67     0.07     0.00   -30.92   -22.72    -6.37    12.10    31.03   -36.26   -55.57     1.44     0.00
--> Name of file number  51:                                                     
# Energy files from Qdyn, version: 6.0.16 , git id=adc28a635c78993922188615a73366ace3402081                        
fep_045_0.000.en        1      1899  0.000000   -9468.35   -9575.85   102.18    16.91     0.00   -47.84    36.26   -22.37    69.89    -6.32   -35.96   -19.16     2.33     0.00
fep_045_0.000.en        2      1899  1.000000  -10929.21  -10880.54     5.35     0.05     0.00   -31.89   -22.18    -3.51    11.42    27.26   -35.79   -55.65     2.18     0.00


# Part 1: Free energy perturbation summary:

# Calculation for full system
# lambda(1)      dGf sum(dGf)      dGr sum(dGr)     <dG>
   1.000000     0.000     0.000    -5.027  1100.668     0.000
   0.980000     6.530     6.530    -2.370  1105.695     5.778
   0.960000     2.461     8.990     0.551  1108.065     8.194
   0.940000    -0.239     8.752     4.270  1107.514     7.799
   0.920000    -3.521     5.231     7.337  1103.244     3.903
   0.900000    -7.412    -2.182    10.165  1095.907    -3.472
   0.880000    -9.728   -11.910    12.326  1085.742   -13.418
   0.860000   -12.440   -24.349    13.938  1073.416   -25.801
   0.840000   -13.963   -38.312    15.033  1059.478   -39.751
   0.820000   -15.255   -53.567    16.401  1044.445   -54.895
   0.800000   -16.119   -69.685    16.650  1028.044   -71.155
   0.780000   -17.023   -86.708    17.292  1011.393   -87.991
   0.760000   -17.440  -104.149    17.997   994.101  -105.358
   0.740000   -17.967  -122.116    18.785   976.104  -123.340
   0.720000   -18.554  -140.670    19.442   957.319  -142.009
   0.700000   -19.304  -159.974    19.973   937.877  -161.383
   0.680000   -19.936  -179.910    20.350   917.904  -181.337
   0.660000   -20.277  -200.186    20.624   897.554  -201.650
   0.640000   -20.611  -220.798    20.888   876.930  -222.268
   0.620000   -20.929  -241.727    21.301   856.042  -243.176
   0.600000   -21.180  -262.906    21.597   834.741  -264.417
   0.580000   -21.547  -284.454    21.826   813.144  -285.989
   0.560000   -21.905  -306.359    22.214   791.318  -307.854
   0.540000   -22.088  -328.446    22.574   769.104  -330.005
   0.520000   -22.439  -350.885    22.745   746.530  -352.512
   0.500000   -22.721  -373.606    23.064   723.786  -375.244
   0.480000   -23.048  -396.654    23.383   700.722  -398.300
   0.460000   -23.281  -419.935    23.595   677.339  -421.632
   0.440000   -23.602  -443.537    23.624   653.744  -445.231
   0.420000   -23.815  -467.352    23.780   630.120  -468.950
   0.400000   -23.913  -491.265    24.170   606.340  -492.797
   0.380000   -24.071  -515.336    24.573   582.170  -516.917
   0.360000   -24.427  -539.763    24.756   557.597  -541.417
   0.340000   -24.832  -564.594    25.237   532.841  -566.211
   0.320000   -25.067  -589.662    25.765   507.604  -591.363
   0.300000   -25.584  -615.246    26.077   481.839  -617.037
   0.280000   -26.222  -641.468    26.544   455.762  -643.187
   0.260000   -26.539  -668.007    27.142   429.218  -669.728
   0.240000   -27.065  -695.072    27.973   402.077  -696.832
   0.220000   -27.768  -722.840    28.894   374.104  -724.703
   0.200000   -28.925  -751.765    30.025   345.210  -753.612
   0.180000   -29.802  -781.567    31.204   315.185  -783.525
   0.160000   -31.593  -813.160    33.938   283.981  -814.924
   0.140000   -34.085  -847.244    31.262   250.043  -848.935
   0.120000   -37.914  -885.158    33.621   218.781  -883.523
   0.100000   -83.670  -968.827    35.120   185.159  -942.168
   0.080000   -36.016 -1004.843    36.139   150.039  -977.736
   0.060000   -36.209 -1041.052    37.017   113.900 -1013.910
   0.040000   -36.847 -1077.898    37.616    76.883 -1050.842
   0.020000   -37.708 -1115.606    39.267    39.267 -1088.504
   0.000000   -38.340 -1153.946     0.000     0.000 -1127.307

# Min energy-gap is:   -529.27
# Max energy-gap is:   4407.12



# Part 2: Reaction free energy summary:
# Lambda(1)  bin Energy gap      dGa     dGb     dGg    # pts    c1**2    c2**2
   1.000000    1    -504.59       0.00     481.93      -1.82    243     0.996     0.004
   1.000000    2    -455.22       0.00     433.36      -1.95    522     0.996     0.004
   1.000000    3    -405.86       0.00     383.77      -2.22    348     0.995     0.005
   1.000000    4    -356.50       0.00     334.71      -2.51    341     0.993     0.007
   1.000000    5    -307.13       0.00     285.12      -2.91    327     0.991     0.009
   1.000000    6    -257.77       0.00     238.17      -3.36    114     0.988     0.012
   0.980000    5    -307.13      -0.23     284.61      -3.19    177     0.990     0.010
   0.980000    6    -257.77       0.57     237.10      -2.84    469     0.987     0.013
   0.980000    7    -208.41       1.57     188.45      -2.64    384     0.980     0.020
   0.980000    8    -159.04       2.53     139.90      -2.95    409     0.967     0.033
   0.980000    9    -109.68       3.45      92.05      -4.30    334     0.941     0.059
   0.980000   10     -60.31       4.40      44.93      -9.77     97     0.864     0.136
   0.960000    7    -208.41      -0.44     186.73      -4.47     30     0.980     0.020
   0.960000    8    -159.04       1.84     139.16      -3.64    189     0.965     0.035
   0.960000    9    -109.68       3.62      92.40      -4.09    422     0.935     0.065
   0.960000   10     -60.31       5.50      45.01      -8.65    518     0.849     0.151
   0.960000   11     -10.95       7.42      -2.10     -26.36    432     0.603     0.397
   0.960000   12      38.41       9.35     -49.66     -61.71    233     0.262     0.738
   0.960000   13      87.78      11.24     -97.24    -104.78     65     0.103     0.897
   0.940000   10     -60.31       4.31      43.07     -10.28     49     0.822     0.178
   0.940000   11     -10.95       6.70      -2.62     -26.88    186     0.563     0.437
   0.940000   12      38.41       9.70     -48.72     -60.85    476     0.233     0.767
   0.940000   13      87.78      12.55     -95.30    -102.83    462     0.091     0.909
   0.940000   14     137.14      15.47    -141.96    -147.36    410     0.043     0.957
   0.940000   15     186.51      18.40    -187.39    -191.58    214     0.025     0.975
   0.940000   16     235.87      21.22    -233.31    -236.74     83     0.016     0.984
   0.920000   14     137.14      14.37    -141.65    -147.08     58     0.041     0.959
   0.920000   15     186.51      18.27    -187.94    -192.13    192     0.024     0.976
   0.920000   16     235.87      22.08    -233.20    -236.62    416     0.015     0.985
   0.920000   17     285.23      25.81    -278.64    -281.52    524     0.011     0.989
   0.920000   18     334.60      29.72    -324.16    -326.66    416     0.008     0.992
   0.920000   19     383.96      33.56    -368.88    -371.08    184     0.006     0.994
   0.920000   20     433.33      37.56    -414.65    -416.61     81     0.005     0.995
   0.900000   17     285.23      24.83    -280.54    -283.42     62     0.010     0.990
   0.900000   18     334.60      29.00    -323.90    -326.39    261     0.008     0.992
   0.900000   19     383.96      33.73    -368.54    -370.74    416     0.006     0.994
   0.900000   20     433.33      38.60    -413.07    -415.03    548     0.005     0.995
   0.900000   21     482.69      43.49    -457.42    -459.19    455     0.004     0.996
   0.900000   22     532.05      48.21    -499.30    -500.92    131     0.003     0.997
   0.900000   23     581.42      53.02    -544.71    -546.20     22     0.003     0.997
   0.880000   20     433.33      38.31    -414.29    -416.26     78     0.004     0.996
   0.880000   21     482.69      43.02    -457.33    -459.10    277     0.004     0.996
   0.880000   22     532.05      49.03    -500.96    -502.57    472     0.003     0.997
   0.880000   23     581.42      54.71    -543.98    -545.47    627     0.003     0.997
   0.880000   24     630.78      60.52    -587.05    -588.42    311     0.002     0.998
   0.880000   25     680.14      66.31    -631.42    -632.69    112     0.002     0.998
   0.860000   22     532.05      48.29    -502.70    -504.32     49     0.003     0.997
   0.860000   23     581.42      53.86    -544.96    -546.45    228     0.003     0.997
   0.860000   24     630.78      60.76    -586.97    -588.34    598     0.002     0.998
   0.860000   25     680.14      67.40    -629.29    -630.56    709     0.002     0.998
   0.860000   26     729.51      73.95    -670.99    -672.18    266     0.002     0.998
   0.860000   27     778.87      81.25    -713.73    -714.85     46     0.001     0.999
   0.840000   24     630.78      59.48    -588.42    -589.79     87     0.002     0.998
   0.840000   25     680.14      66.98    -629.46    -630.74    475     0.002     0.998
   0.840000   26     729.51      74.65    -670.76    -671.96    762     0.002     0.998
   0.840000   27     778.87      82.21    -711.66    -712.78    486     0.001     0.999
   0.840000   28     828.24      89.82    -752.31    -753.37     78     0.001     0.999
   0.820000   25     680.14      65.26    -631.10    -632.37     59     0.002     0.998
   0.820000   26     729.51      74.32    -671.11    -672.31    387     0.002     0.998
   0.820000   27     778.87      82.61    -711.16    -712.28    893     0.001     0.999
   0.820000   28     828.24      91.02    -751.27    -752.33    508     0.001     0.999
   0.820000   29     877.60      99.70    -778.38    -779.39     43     0.001     0.999
   0.800000   27     778.87      81.83    -712.32    -713.44    257     0.001     0.999
   0.800000   28     828.24      91.47    -750.87    -751.93   1085     0.001     0.999
   0.800000   29     877.60     100.78    -789.78    -790.77    526     0.001     0.999
   0.800000   30     926.96     110.05    -814.82    -815.79     23     0.001     0.999
   0.780000   27     778.87      80.32    -712.94    -714.06    139     0.001     0.999
   0.780000   28     828.24      90.89    -750.97    -752.02    726     0.001     0.999
   0.780000   29     877.60     101.17    -788.94    -789.93    876     0.001     0.999
   0.780000   30     926.96     111.54    -819.75    -820.70    150     0.001     0.999
   0.760000   27     778.87      81.87    -714.16    -715.28     20     0.001     0.999
   0.760000   28     828.24      90.26    -751.51    -752.56    308     0.001     0.999
   0.760000   29     877.60     101.34    -788.59    -789.59   1092     0.001     0.999
   0.760000   30     926.96     112.62    -824.23    -825.18    460     0.001     0.999
   0.740000   28     828.24      88.34    -753.27    -754.33     33     0.001     0.999
   0.740000   29     877.60     100.96    -788.75    -789.74    584     0.001     0.999
   0.740000   30     926.96     113.11    -824.66    -825.61   1089     0.001     0.999
   0.740000   31     976.33     125.21    -859.24    -860.14    193     0.001     0.999
   0.720000   29     877.60      99.73    -790.11    -791.11     70     0.001     0.999
   0.720000   30     926.96     113.27    -824.89    -825.83    869     0.001     0.999
   0.720000   31     976.33     126.18    -859.77    -860.66    878     0.001     0.999
   0.720000   32    1025.69     139.53    -880.74    -881.62     82     0.001     0.999
   0.700000   30     926.96     112.19    -825.80    -826.75    198     0.001     0.999
   0.700000   31     976.33     126.44    -859.90    -860.80   1165     0.001     0.999
   0.700000   32    1025.69     140.29    -892.42    -893.28    518     0.001     0.999
   0.680000   31     976.33     126.18    -860.07    -860.97    763     0.001     0.999
   0.680000   32    1025.69     140.63    -892.50    -893.36   1100     0.001     0.999
   0.680000   33    1075.06     155.88    -909.67    -910.51     35     0.001     0.999
   0.660000   31     976.33     128.03    -860.74    -861.64    223     0.001     0.999
   0.660000   32    1025.69     140.92    -892.12    -892.98   1496     0.001     0.999
   0.660000   33    1075.06     156.62    -914.58    -915.41    180     0.001     0.999
   0.640000   31     976.33     132.40    -861.11    -862.01     72     0.001     0.999
   0.640000   32    1025.69     140.63    -892.27    -893.13   1267     0.001     0.999
   0.640000   33    1075.06     157.33    -921.73    -922.55    557     0.001     0.999
   0.620000   32    1025.69     140.35    -892.51    -893.37    882     0.001     0.999
   0.620000   33    1075.06     157.59    -921.92    -922.74    983     0.001     0.999
   0.620000   34    1124.42     175.73    -935.13    -935.93     22     0.001     0.999
   0.600000   32    1025.69     145.17    -892.91    -893.77    253     0.001     0.999
   0.600000   33    1075.06     157.90    -921.51    -922.33   1494     0.001     0.999
   0.600000   34    1124.42     176.84    -940.98    -941.78    152     0.001     0.999
   0.580000   32    1025.69     144.66    -893.78    -894.63     74     0.001     0.999
   0.580000   33    1075.06     158.00    -921.52    -922.34   1265     0.001     0.999
   0.580000   34    1124.42     177.45    -948.43    -949.22    558     0.001     0.999
   0.560000   33    1075.06     157.51    -921.76    -922.58    999     0.001     0.999
   0.560000   34    1124.42     177.74    -946.71    -947.49    875     0.001     0.999
   0.540000   33    1075.06     160.19    -922.29    -923.11    354     0.001     0.999
   0.540000   34    1124.42     178.06    -947.42    -948.20   1457     0.001     0.999
   0.540000   35    1173.78     199.92    -960.24    -961.00     88     0.001     0.999
   0.520000   34    1124.42     178.49    -947.85    -948.63   1628     0.001     0.999
   0.520000   35    1173.78     200.38    -960.30    -961.07    252     0.001     0.999
   0.500000   33    1075.06     166.09    -924.07    -924.88     31     0.001     0.999
   0.500000   34    1124.42     177.88    -947.97    -948.75   1072     0.001     0.999
   0.500000   35    1173.78     201.12    -970.85    -971.60    793     0.001     0.999
   0.480000   34    1124.42     177.10    -948.43    -949.22    527     0.001     0.999
   0.480000   35    1173.78     201.25    -970.10    -970.85   1346     0.001     0.999
   0.480000   36    1223.15     226.43    -978.56    -979.30     23     0.001     0.999
   0.460000   34    1124.42     188.24    -948.98    -949.77    164     0.001     0.999
   0.460000   35    1173.78     201.50    -970.53    -971.28   1559     0.001     0.999
   0.460000   36    1223.15     226.81    -988.69    -989.42    176     0.001     0.999
   0.440000   34    1124.42     189.76    -949.78    -950.56     41     0.001     0.999
   0.440000   35    1173.78     201.37    -970.46    -971.21   1418     0.001     0.999
   0.440000   36    1223.15     227.50    -987.16    -987.88    440     0.001     0.999
   0.420000   34    1124.42     185.46    -950.49    -951.28     54     0.001     0.999
   0.420000   35    1173.78     200.45    -970.27    -971.03   1295     0.001     0.999
   0.420000   36    1223.15     227.92    -989.75    -990.48    540     0.001     0.999
   0.400000   34    1124.42     188.52    -951.53    -952.31     24     0.001     0.999
   0.400000   35    1173.78     200.91    -970.47    -971.22   1031     0.001     0.999
   0.400000   36    1223.15     228.14    -988.54    -989.26    832     0.001     0.999
   0.380000   35    1173.78     207.07    -971.01    -971.76    407     0.001     0.999
   0.380000   36    1223.15     228.47    -988.65    -989.37   1409     0.001     0.999
   0.380000   37    1272.51     258.09    -999.53   -1000.23     83     0.001     0.999
   0.360000   35    1173.78     213.29    -971.61    -972.37     48     0.001     0.999
   0.360000   36    1223.15     228.82    -988.62    -989.34   1384     0.001     0.999
   0.360000   37    1272.51     258.82   -1003.41   -1004.11    467     0.001     0.999
   0.340000   35    1173.78     209.74    -972.81    -973.57     29     0.001     0.999
   0.340000   36    1223.15     228.28    -988.76    -989.49    999     0.001     0.999
   0.340000   37    1272.51     259.35   -1004.17   -1004.87    859     0.001     0.999
   0.320000   36    1223.15     236.68    -989.19    -989.91    308     0.001     0.999
   0.320000   37    1272.51     259.60   -1004.21   -1004.90   1331     0.001     0.999
   0.320000   38    1321.88     292.57   -1015.37   -1016.05    260     0.001     0.999
   0.300000   36    1223.15     239.44    -990.26    -990.98     38     0.001     0.999
   0.300000   37    1272.51     259.85   -1004.61   -1005.31    882     0.001     0.999
   0.300000   38    1321.88     293.19   -1018.48   -1019.15    913     0.001     0.999
   0.300000   39    1371.24     327.54   -1032.71   -1033.35     65     0.000     1.000
   0.280000   37    1272.51     258.99   -1005.00   -1005.69    476     0.001     0.999
   0.280000   38    1321.88     293.25   -1018.08   -1018.75   1226     0.001     0.999
   0.280000   39    1371.24     328.17   -1031.18   -1031.83    193     0.000     1.000
   0.260000   37    1272.51     266.22   -1005.81   -1006.50    123     0.001     0.999
   0.260000   38    1321.88     293.30   -1018.19   -1018.86   1050     0.001     0.999
   0.260000   39    1371.24     328.75   -1030.16   -1030.81    682     0.000     1.000
   0.260000   40    1420.60     364.70   -1041.94   -1042.57     44     0.000     1.000
   0.240000   38    1321.88     293.41   -1018.73   -1019.40    388     0.001     0.999
   0.240000   39    1371.24     329.11   -1029.92   -1030.57   1077     0.000     1.000
   0.240000   40    1420.60     366.17   -1041.13   -1041.75    410     0.000     1.000
   0.220000   38    1321.88     294.31   -1020.13   -1020.80     35     0.001     0.999
   0.220000   39    1371.24     328.41   -1030.46   -1031.11    460     0.000     1.000
   0.220000   40    1420.60     366.59   -1040.89   -1041.51    862     0.000     1.000
   0.220000   41    1469.97     404.90   -1051.20   -1051.80    494     0.000     1.000
   0.220000   42    1519.33     443.52   -1061.22   -1061.81     46     0.000     1.000
   0.200000   39    1371.24     336.28   -1031.90   -1032.55     46     0.000     1.000
   0.200000   40    1420.60     366.36   -1041.27   -1041.90    520     0.000     1.000
   0.200000   41    1469.97     405.14   -1050.77   -1051.37    933     0.000     1.000
   0.200000   42    1519.33     444.31   -1060.10   -1060.69    363     0.000     1.000
   0.200000   43    1568.69     483.45   -1068.62   -1069.19     35     0.000     1.000
   0.180000   40    1420.60     363.93   -1042.83   -1043.45     46     0.000     1.000
   0.180000   41    1469.97     404.32   -1051.10   -1051.70    319     0.000     1.000
   0.180000   42    1519.33     444.76   -1059.86   -1060.45    613     0.000     1.000
   0.180000   43    1568.69     485.23   -1068.53   -1069.09    649     0.000     1.000
   0.180000   44    1618.06     525.57   -1077.19   -1077.74    241     0.000     1.000
   0.180000   45    1667.42     565.13   -1083.78   -1084.31     27     0.000     1.000
   0.160000   41    1469.97     401.96   -1053.02   -1053.63     40     0.000     1.000
   0.160000   42    1519.33     443.02   -1060.61   -1061.20    138     0.000     1.000
   0.160000   43    1568.69     484.66   -1068.42   -1068.99    375     0.000     1.000
   0.160000   44    1618.06     526.03   -1076.31   -1076.86    538     0.000     1.000
   0.160000   45    1667.42     567.23   -1083.92   -1084.45    495     0.000     1.000
   0.160000   46    1716.79     608.59   -1091.75   -1092.27    217     0.000     1.000
   0.160000   47    1766.15     649.71   -1099.50   -1100.01     72     0.000     1.000
   0.160000   48    1815.51     692.78   -1107.43   -1107.92     20     0.000     1.000
   0.140000   44    1618.06     523.56   -1077.71   -1078.25     39     0.000     1.000
   0.140000   45    1667.42     566.87   -1084.57   -1085.10    133     0.000     1.000
   0.140000   46    1716.79     609.77   -1091.43   -1091.95    299     0.000     1.000
   0.140000   47    1766.15     651.54   -1098.24   -1098.74    536     0.000     1.000
   0.140000   48    1815.51     693.85   -1104.87   -1105.36    400     0.000     1.000
   0.140000   49    1864.88     736.28   -1111.67   -1112.15    277     0.000     1.000
   0.140000   50    1914.24     778.24   -1118.72   -1119.19    150     0.000     1.000
   0.140000   51    1963.61     820.27   -1125.73   -1126.18     46     0.000     1.000
   0.120000   41    1469.97     392.02   -1061.79   -1062.39     28     0.000     1.000
   0.120000   42    1519.33     434.17   -1067.58   -1068.17     51     0.000     1.000
   0.120000   43    1568.69     478.38   -1073.73   -1074.29    111     0.000     1.000
   0.120000   44    1618.06     521.46   -1079.38   -1079.93    219     0.000     1.000
   0.120000   45    1667.42     564.41   -1085.28   -1085.82    263     0.000     1.000
   0.120000   46    1716.79     607.97   -1091.22   -1091.74    329     0.000     1.000
   0.120000   47    1766.15     651.20   -1097.11   -1097.61    274     0.000     1.000
   0.120000   48    1815.51     694.67   -1102.83   -1103.32    197     0.000     1.000
   0.120000   49    1864.88     737.94   -1108.86   -1109.34    125     0.000     1.000
   0.120000   50    1914.24     782.10   -1114.55   -1115.01    100     0.000     1.000
   0.120000   51    1963.61     825.45   -1120.60   -1121.05     42     0.000     1.000
   0.120000   52    2012.97     869.46   -1126.49   -1126.93     27     0.000     1.000
   0.100000   44    1618.06     495.20   -1105.42   -1105.97    114     0.000     1.000
   0.100000   45    1667.42     539.61   -1110.17   -1110.70    249     0.000     1.000
   0.100000   46    1716.79     583.88   -1115.14   -1115.66    438     0.000     1.000
   0.100000   47    1766.15     627.83   -1119.98   -1120.48    566     0.000     1.000
   0.100000   48    1815.51     672.11   -1124.68   -1125.17    412     0.000     1.000
   0.100000   49    1864.88     715.74   -1129.43   -1129.90     91     0.000     1.000
   0.080000   45    1667.42     546.11   -1112.42   -1112.96     30     0.000     1.000
   0.080000   46    1716.79     581.43   -1116.21   -1116.73    236     0.000     1.000
   0.080000   47    1766.15     627.34   -1119.98   -1120.48    750     0.000     1.000
   0.080000   48    1815.51     672.09   -1123.65   -1124.14    724     0.000     1.000
   0.080000   49    1864.88     717.08   -1127.19   -1127.67    159     0.000     1.000
   0.060000   47    1766.15     626.06   -1120.67   -1121.18    256     0.000     1.000
   0.060000   48    1815.51     672.16   -1123.45   -1123.94   1008     0.000     1.000
   0.060000   49    1864.88     717.93   -1125.97   -1126.45    588     0.000     1.000
   0.060000   50    1914.24     764.28   -1128.10   -1128.57     38     0.000     1.000
   0.040000   48    1815.51     672.81   -1123.98   -1124.48    369     0.000     1.000
   0.040000   49    1864.88     718.30   -1125.64   -1126.12   1170     0.000     1.000
   0.040000   50    1914.24     765.00   -1127.41   -1127.88    307     0.000     1.000
   0.040000   51    1963.61     812.69   -1129.13   -1129.59     48     0.000     1.000
   0.020000   48    1815.51     682.50   -1125.13   -1125.62     62     0.000     1.000
   0.020000   49    1864.88     718.08   -1125.95   -1126.43    730     0.000     1.000
   0.020000   50    1914.24     765.92   -1126.79   -1127.26    876     0.000     1.000
   0.020000   51    1963.61     813.86   -1127.67   -1128.13    231     0.000     1.000
   0.000000   50    1914.24     766.48   -1127.31   -1127.77    191     0.000     1.000
   0.000000   51    1963.61     814.47   -1127.31   -1127.76    874     0.000     1.000
   0.000000   52    2012.97     863.20   -1127.31   -1127.76    763     0.000     1.000
   0.000000   53    2062.33     912.91   -1127.31   -1127.75     65     0.000     1.000


# Part 3: Bin-averaged summary:
# bin  energy gap  <dGg> <dGg norm> pts  <c1**2> <c2**2> <r_xy>
   1   -504.59     -1.82   1125.93        243    0.996    0.004    7.594
   2   -455.22     -1.95   1125.79        522    0.996    0.004    7.349
   3   -405.86     -2.22   1125.52        348    0.995    0.005    7.557
   4   -356.50     -2.51   1125.24        341    0.993    0.007    7.447
   5   -307.13     -3.01   1124.73        504    0.991    0.009    7.502
   6   -257.77     -2.94   1124.81        583    0.987    0.013    7.721
   7   -208.41     -2.77   1124.97        414    0.980    0.020    7.877
   8   -159.04     -3.17   1124.58        598    0.966    0.034    7.934
   9   -109.68     -4.18   1123.57        756    0.938    0.062    7.999
  10    -60.31     -8.94   1118.81        664    0.849    0.151    7.983
  11    -10.95    -26.52   1101.23        618    0.591    0.409    7.838
  12     38.41    -61.13   1066.61        709    0.242    0.758    7.770
  13     87.78   -103.07   1024.67        527    0.093    0.907    7.695
  14    137.14   -147.32    980.42        468    0.043    0.957    7.733
  15    186.51   -191.84    935.91        406    0.024    0.976    7.801
  16    235.87   -236.64    891.11        499    0.015    0.985    7.835
  17    285.23   -281.73    846.02        586    0.011    0.989    7.919
  18    334.60   -326.55    801.19        677    0.008    0.992    7.915
  19    383.96   -370.84    756.90        600    0.006    0.994    7.899
  20    433.33   -415.35    712.40        707    0.005    0.995    7.868
  21    482.69   -459.16    668.59        732    0.004    0.996    7.817
  22    532.05   -502.37    625.38        652    0.003    0.997    7.815
  23    581.42   -545.74    582.01        877    0.003    0.997    7.818
  24    630.78   -588.49    539.25        996    0.002    0.998    7.816
  25    680.14   -630.88    496.87       1355    0.002    0.998    7.914
  26    729.51   -672.10    455.65       1415    0.002    0.998    8.197
  27    778.87   -712.80    414.94       1841    0.001    0.999    8.358
  28    828.24   -752.17    375.58       2738    0.001    0.999    8.149
  29    877.60   -789.80    337.94       3191    0.001    0.999    7.923
  30    926.96   -825.34    302.40       2789    0.001    0.999    7.920
  31    976.33   -860.85    266.90       3294    0.001    0.999    8.030
  32   1025.69   -893.07    234.68       5672    0.001    0.999    8.089
  33   1075.06   -922.24    205.51       5898    0.001    0.999    8.037
  34   1124.42   -948.38    179.37       6574    0.001    0.999    8.195
  35   1173.78   -970.80    156.95       8266    0.001    0.999    8.377
  36   1223.15   -989.36    138.39       6149    0.001    0.999    8.337
  37   1272.51  -1004.94    122.81       4221    0.001    0.999    8.420
  38   1321.88  -1018.78    108.97       3872    0.001    0.999    8.424
  39   1371.24  -1030.93     96.81       2523    0.000    1.000    8.378
  40   1420.60  -1041.74     86.00       1882    0.000    1.000    8.519
  41   1469.97  -1051.77     75.98       1814    0.000    1.000    8.576
  42   1519.33  -1060.98     66.76       1211    0.000    1.000    8.512
  43   1568.69  -1069.56     58.19       1170    0.000    1.000    8.521
  44   1618.06  -1080.56     47.19       1151    0.000    1.000    8.477
  45   1667.42  -1090.99     36.75       1197    0.000    1.000    8.369
  46   1716.79  -1102.64     25.11       1519    0.000    1.000    8.185
  47   1766.15  -1112.65     15.09       2454    0.000    1.000    8.049
  48   1815.51  -1120.54      7.21       3192    0.000    1.000    8.045
  49   1864.88  -1124.54      3.20       3140    0.000    1.000    8.138
  50   1914.24  -1126.00      1.75       1662    0.000    1.000    8.168
  51   1963.61  -1127.62      0.13       1241    0.000    1.000    7.898
  52   2012.97  -1127.73      0.02        790    0.000    1.000    7.869
  53   2062.33  -1127.75      0.00         65    0.000    1.000    7.826
