
 -----------------------------------------------
      Restrained ESP Fit 2.3  Amber 4.1
 -----------------------------------------------
 Resp charges for organic molecule                                               
 -----------------------------------------------


 inopt       =     0   ioutopt     =     1
 nmol        =     1   iqopt       =     2
 ihfree      =     1   irstrnt     =     1
 iunits      =     0   qwt         =   0.00100000
 wtmol(1) =     1.000000
 subtitle:

Resp charges for organic molecule                                               
ich =  -1  iuniq =   3
    1    8  -99
    2    1  -99
    3    1  -99
 new q0 values to be read   3

  ----------------------------------------------------------------------------
     ATOM                       COORDINATES                         CHARGE
                       X             Y                Z
  ----------------------------------------------------------------------------
  ----------------------------------------------------------------------------


 Charge on the molecule(ich) =   -1
 Total number of atoms (iuniq)     =    3
 Weight factor on initial charge restraints(qwt)=     0.10000D-02


  there are  1 charge constraints:


     1       1
     2       1
     3       1

 Reading esp"s for molecule   1
 total number of atoms      =     3
 total number of esp points =  1866


 center     X       Y       Z 
    1   0.0000000E+00   0.0000000E+00   0.2203798E+00
    2   0.0000000E+00   0.1419288E+01  -0.8815194E+00
    3  -0.0000000E+00  -0.1419288E+01  -0.8815194E+00
 Initial ssvpot =     1.367


 Number of unique UNfrozen centers=    0
 ALL charges are frozen!!!

 Non-linear optimization requested.
 qchnge =    0.4573522513    
 qchnge =     0.000000000    
 qchnge =     0.000000000    

 Convergence in    2 iterations


Resp charges for organic molecule                                               

          Point Charges Before & After Optimization

    no.  At.no.    q(init)       q(opt)     ivary    d(rstr)/dq
    1   8      -1.349603      -1.349603    -99       0.000739
    2   1       0.174802       0.174802    -99       0.000000
    3   1       0.174802       0.174802    -99       0.000000

 Sum over the calculated charges:     -1.000

        Statistics of the fitting:
  The initial sum of squares (ssvpot)                      1.367
  The residual sum of squares (chipot)                    80.227
  The std err of estimate (sqrt(chipot/N))               0.20735
  ESP relative RMS (SQRT(chipot/ssvpot))                 7.66141

 Center of Mass (Angst.):

 X  =   0.00000      Y  =   0.00000      Z  =   0.00000

 Dipole (Debye):

 X  =   0.00000      Y  =   0.00000      Z  =  -1.53931

 Dipole Moment (Debye)=   1.53931

 Quadrupole (Debye*Angst.):

 Qxx =  -1.22447     QYY =   1.61721     QZZ =  -0.39274
 Qxy =  -1.22447     QXZ =  -1.22447     QYZ =  -1.22447
