
 -----------------------------------------------
      Restrained ESP Fit 2.3  Amber 4.1
 -----------------------------------------------
 Resp charges for organic molecule                                               
 -----------------------------------------------


 inopt       =     0   ioutopt     =     1
 nmol        =     1   iqopt       =     2
 ihfree      =     1   irstrnt     =     1
 iunits      =     0   qwt         =   0.00100000
 wtmol(1) =     1.000000
 subtitle:

Resp charges for organic molecule                                               
ich =   0  iuniq =  16
    1    6  -99
    2    8  -99
    3    8  -99
    4    1  -99
    5    6    0
    6    6  -99
    7    1    0
    8    1    7
    9    7  -99
   10    1  -99
   11    1  -99
   12    6  -99
   13    1  -99
   14    8  -99
   15    8  -99
   16    1  -99
 new q0 values to be read  16

  ----------------------------------------------------------------------------
     ATOM                       COORDINATES                         CHARGE
                       X             Y                Z
  ----------------------------------------------------------------------------
  ----------------------------------------------------------------------------


 Charge on the molecule(ich) =    0
 Total number of atoms (iuniq)     =   16
 Weight factor on initial charge restraints(qwt)=     0.10000D-02


  there are  1 charge constraints:


     1       1
     2       1
     3       1
     4       1
     5       1
     6       1
     7       1
     8       1
     9       1
    10       1
    11       1
    12       1
    13       1
    14       1
    15       1
    16       1

 Reading esp"s for molecule   1
 total number of atoms      =    16
 total number of esp points =  5196


 center     X       Y       Z 
    1   0.3675527E+01  -0.2315802E+00   0.8134892E-01
    2   0.4201917E+01   0.1345462E+01   0.1614943E+01
    3   0.5512440E+01  -0.1527995E+01  -0.1013687E+01
    4   0.4896435E+01  -0.2750991E+01  -0.2186611E+01
    5   0.1028020E+01  -0.9133896E+00  -0.7140840E+00
    6  -0.9904734E+00   0.7386542E+00   0.5381240E+00
    7   0.7675632E+00  -0.2893068E+01  -0.2429262E+00
    8   0.9046383E+00  -0.7525380E+00  -0.2753843E+01
    9  -0.8979335E+00   0.3289557E+01  -0.4551537E+00
   10   0.7275691E+00   0.4085181E+01   0.1031639E+00
   11  -0.2287857E+01   0.4316319E+01   0.3250707E+00
   12  -0.3569900E+01  -0.4061210E+00   0.9386269E-02
   13  -0.7248932E+00   0.6562943E+00   0.2572896E+01
   14  -0.5073718E+01   0.4461057E+00  -0.1442413E+01
   15  -0.4137920E+01  -0.2495154E+01   0.1267324E+01
   16  -0.2878733E+01  -0.2960836E+01   0.2470335E+01
 Initial ssvpot =     7.500


 Number of unique UNfrozen centers=    2

 Non-linear optimization requested.
 qchnge =    0.1555160879    
 qchnge =    0.6008539621E-04
 qchnge =    0.1474170861E-06

 Convergence in    2 iterations


Resp charges for organic molecule                                               

          Point Charges Before & After Optimization

    no.  At.no.    q(init)       q(opt)     ivary    d(rstr)/dq
    1   6       0.969846       0.969846    -99       0.001026
    2   8      -0.690758      -0.690758    -99       0.001433
    3   8      -0.734725      -0.734725    -99       0.001349
    4   1       0.513850       0.513850    -99       0.000000
    5   6      -0.283431      -0.284651      0       0.003314
    6   6       0.231165       0.231165    -99       0.003970
    7   1       0.091286       0.115035      0       0.000000
    8   1       0.137562       0.115035      7       0.000000
    9   7      -1.166607      -1.166607    -99       0.000854
   10   1       0.446770       0.446770    -99       0.000000
   11   1       0.446770       0.446770    -99       0.000000
   12   6       0.897685       0.897685    -99       0.001107
   13   1       0.025606       0.025606    -99       0.000000
   14   8      -0.672906      -0.672906    -99       0.001470
   15   8      -0.725042      -0.725042    -99       0.001366
   16   1       0.512927       0.512927    -99       0.000000

 Sum over the calculated charges:     -0.000

        Statistics of the fitting:
  The initial sum of squares (ssvpot)                      7.500
  The residual sum of squares (chipot)                     0.014
  The std err of estimate (sqrt(chipot/N))               0.00164
  ESP relative RMS (SQRT(chipot/ssvpot))                 0.04329

 Center of Mass (Angst.):

 X  =   0.00000      Y  =   0.00000      Z  =   0.00000

 Dipole (Debye):

 X  =   2.19564      Y  =  -4.76628      Z  =   1.73588

 Dipole Moment (Debye)=   5.52734

 Quadrupole (Debye*Angst.):

 Qxx = -66.08112     QYY =  40.71062     QZZ =  25.37050
 Qxy =  -2.44075     QXZ = -26.65197     QYZ =  29.33176
