
Build and version information

Build number 6.0.15
Build date   20240314
Built:       
      by     p315462
      on     login1
      git id adc28a635c78993922188615a73366ace3402081
      with   GNU Fortran GCC 11.3.0
qfep version 6.0.15 , git id=adc28a635c78993922188615a73366ace3402081 initialising
Current date 2024- 4-18 and time 17:10:11

Welcome in qfep modification date 20240314

 Q6, Copyright © 2017 Johan Åqvist, John Marelius, Shina Caroline Lynn Kamerlin and Paul Bauer
 Q6 comes with ABSOLUTELY NO WARRANTY.  This is free software, and you are welcome
 to redistribute it under certain conditions. For details, add the --help flag.
--> Number of energy files: # Number of files                 =    51
--> No. of states, no. of predefined off-diag elements: # Number of states                 =     2
# Number of off-diagonal elements =     0
--> Give kT & no, of pts to skip   & calculation mode: # kT                              = 0.592
# Number of data points to skip   =   100
# Only QQ interactions will be considered   =   0
--> Give number of gap-bins: # Number of gap-bins              =   100
--> Give minimum # pts/bin: # Minimum number of points per bin=    20
--> Give alpha for state  2:                                                    # Alpha for state  2              =  -520.50
--> Number of off-diagonal elements:# Number of off-diagonal elements =     1
#   i   j   A(i,j)  mu(i,j) eta(i,j) rxy0(i,j)
--> i, j, A_ij, mu_ij, eta_ij, r_xy0: #   1   2     30.00      0.00      0.00      0.00
--> linear combination of states defining reaction coord: # Linear combination co-efficients=  1.00 -1.00


# Part 0: Average energies for all states in all files
# file             state   pts   lambda    EQtot   EQbond  EQang   EQtor   EQimp    EQel   EQvdW  Eel_qq  EvdW_qq Eel_qp  EvdW_qp Eel_qw EvdW_qw Eqrstr
--> Name of file number   1:                                                     
# Energy files from Qdyn, version: 6.0.16 , git id=adc28a635c78993922188615a73366ace3402081                        
fep_050_1.000.en        1      1899  1.000000  -10019.73   -9781.18    10.60     9.36     0.00  -248.54    -9.97   -51.61     6.72   -15.25     0.19  -181.68   -16.87     0.00
fep_050_1.000.en        2      1899  0.000000   -9160.58   -9530.39   221.15     9.73     0.00  -342.91   481.84  -177.88   498.99    -9.45     0.23  -155.57   -17.38     0.00
--> Name of file number   2:                                                     
# Energy files from Qdyn, version: 6.0.16 , git id=adc28a635c78993922188615a73366ace3402081                        
fep_049_0.980.en        1      1899  0.980000  -10008.16   -9779.76    10.27     9.36     0.00  -238.09    -9.95   -56.29     7.52   -15.80     0.26  -166.00   -17.72     0.00
fep_049_0.980.en        2      1899  0.020000   -9444.04   -9737.52   196.67     9.49     0.00  -311.62   398.93  -158.30   416.80   -10.81     0.30  -142.51   -18.16     0.00
--> Name of file number   3:                                                     
# Energy files from Qdyn, version: 6.0.16 , git id=adc28a635c78993922188615a73366ace3402081                        
fep_048_0.960.en        1      1899  0.960000  -10014.80   -9776.13    10.38     9.40     0.00  -250.52    -7.92   -59.05    11.07   -16.09     0.14  -175.38   -19.13     0.00
fep_048_0.960.en        2      1899  0.040000   -9646.57   -9841.05   151.48     8.80     0.00  -309.80   344.00  -152.23   363.41   -11.31     0.18  -146.25   -19.59     0.00
--> Name of file number   4:                                                     
# Energy files from Qdyn, version: 6.0.16 , git id=adc28a635c78993922188615a73366ace3402081                        
fep_047_0.940.en        1      1899  0.940000  -10004.59   -9773.34    10.69     9.66     0.00  -248.28    -3.32   -60.99    14.71   -15.72     0.21  -171.56   -18.24     0.00
fep_047_0.940.en        2      1899  0.060000   -9747.83   -9920.17   148.05     8.86     0.00  -295.29   310.72  -148.42   329.13    -9.56     0.26  -137.31   -18.67     0.00
--> Name of file number   5:                                                     
# Energy files from Qdyn, version: 6.0.16 , git id=adc28a635c78993922188615a73366ace3402081                        
fep_046_0.920.en        1      1899  0.920000  -10002.73   -9769.59     9.74     9.53     0.00  -253.58     1.18   -61.24    19.93   -15.52     0.08  -176.82   -18.83     0.00
fep_046_0.920.en        2      1899  0.080000   -9905.64  -10028.98   140.47     8.56     0.00  -303.50   277.81  -144.65   296.97    -9.69     0.12  -149.16   -19.28     0.00
--> Name of file number   6:                                                     
# Energy files from Qdyn, version: 6.0.16 , git id=adc28a635c78993922188615a73366ace3402081                        
fep_000_0.900.en        1      1899  0.900000   -9991.58   -9764.92    10.77     9.58     0.00  -253.28     6.26   -62.35    24.79   -15.74     0.18  -175.19   -18.71     0.00
fep_000_0.900.en        2      1899  0.100000   -9994.05  -10096.89   138.89     6.52     0.00  -295.94   253.37  -138.95   272.26   -10.71     0.22  -146.28   -19.11     0.00
--> Name of file number   7:                                                     
# Energy files from Qdyn, version: 6.0.16 , git id=adc28a635c78993922188615a73366ace3402081                        
fep_001_0.880.en        1      1899  0.880000   -9973.76   -9757.46    10.73     9.65     0.00  -252.58    15.90   -61.99    32.90   -15.24     0.37  -175.35   -17.37     0.00
fep_001_0.880.en        2      1899  0.120000  -10134.87  -10213.10   128.36     9.56     0.00  -293.75   234.05  -134.42   251.45    -9.91     0.41  -149.42   -17.82     0.00
--> Name of file number   8:                                                     
# Energy files from Qdyn, version: 6.0.16 , git id=adc28a635c78993922188615a73366ace3402081                        
fep_002_0.860.en        1      1899  0.860000   -9957.00   -9747.38    12.12     9.68     0.00  -253.47    22.05   -61.56    41.20   -16.53     0.91  -175.38   -20.05     0.00
fep_002_0.860.en        2      1899  0.140000  -10259.44  -10309.75   121.06     5.87     0.00  -291.46   214.84  -129.19   234.33   -10.24     0.95  -152.03   -20.45     0.00
--> Name of file number   9:                                                     
# Energy files from Qdyn, version: 6.0.16 , git id=adc28a635c78993922188615a73366ace3402081                        
fep_003_0.840.en        1      1899  0.840000   -9934.05   -9735.88    13.07     9.27     0.00  -251.66    31.15   -60.92    50.46   -16.12     0.43  -174.62   -19.75     0.00
fep_003_0.840.en        2      1899  0.160000  -10382.45  -10409.28   106.52     7.43     0.00  -285.35   198.23  -127.25   217.91    -9.87     0.48  -148.23   -20.16     0.00
--> Name of file number  10:                                                     
# Energy files from Qdyn, version: 6.0.16 , git id=adc28a635c78993922188615a73366ace3402081                        
fep_004_0.820.en        1      1899  0.820000   -9910.77   -9720.38    15.38     9.35     0.00  -254.96    39.84   -59.56    58.27   -16.40     0.60  -179.00   -19.03     0.00
fep_004_0.820.en        2      1899  0.180000  -10518.41  -10502.33    92.79     6.74     0.00  -287.71   172.11  -121.83   190.92    -9.85     0.65  -156.04   -19.46     0.00
--> Name of file number  11:                                                     
# Energy files from Qdyn, version: 6.0.16 , git id=adc28a635c78993922188615a73366ace3402081                        
fep_005_0.800.en        1      1899  0.800000   -9893.05   -9697.63    19.38     8.97     0.00  -271.12    47.36   -49.08    64.01   -17.39     0.80  -204.66   -17.45     0.00
fep_005_0.800.en        2      1899  0.200000  -10673.67  -10593.56    75.18     9.23     0.00  -305.16   140.65  -109.97   157.69   -10.90     0.84  -184.29   -17.87     0.00
--> Name of file number  12:                                                     
# Energy files from Qdyn, version: 6.0.16 , git id=adc28a635c78993922188615a73366ace3402081                        
fep_006_0.780.en        1      1899  0.780000   -9872.63   -9681.36    18.46     9.44     0.00  -270.80    51.63   -47.06    68.36   -16.68     0.29  -207.07   -17.02     0.00
fep_006_0.780.en        2      1899  0.220000  -10750.27  -10636.71    64.29    10.52     0.00  -304.64   116.27  -103.79   133.37   -10.97     0.33  -189.88   -17.43     0.00
--> Name of file number  13:                                                     
# Energy files from Qdyn, version: 6.0.16 , git id=adc28a635c78993922188615a73366ace3402081                        
fep_007_0.760.en        1      1899  0.760000   -9841.25   -9657.79    21.56     9.57     0.00  -268.92    54.32   -54.05    70.61   -16.89     0.58  -197.97   -16.87     0.00
fep_007_0.760.en        2      1899  0.240000  -10849.58  -10687.97    45.50     9.87     0.00  -304.50    87.53  -104.56   104.21   -11.18     0.62  -188.76   -17.30     0.00
--> Name of file number  14:                                                     
# Energy files from Qdyn, version: 6.0.16 , git id=adc28a635c78993922188615a73366ace3402081                        
fep_008_0.740.en        1      1899  0.740000   -9814.48   -9645.82    24.98     9.20     0.00  -260.30    57.47   -57.35    72.26   -16.46     0.16  -186.49   -14.96     0.00
fep_008_0.740.en        2      1899  0.260000  -10892.57  -10724.08    37.67     8.70     0.00  -294.03    79.16  -104.93    94.36   -11.29     0.21  -177.80   -15.40     0.00
--> Name of file number  15:                                                     
# Energy files from Qdyn, version: 6.0.16 , git id=adc28a635c78993922188615a73366ace3402081                        
fep_009_0.720.en        1      1899  0.720000   -9791.83   -9630.97    25.13     9.49     0.00  -255.57    60.10   -57.95    76.12   -16.63     0.18  -181.00   -16.21     0.00
fep_009_0.720.en        2      1899  0.280000  -10932.37  -10742.09    24.70     8.54     0.00  -288.25    64.74  -102.65    81.20   -11.30     0.22  -174.31   -16.68     0.00
--> Name of file number  16:                                                     
# Energy files from Qdyn, version: 6.0.16 , git id=adc28a635c78993922188615a73366ace3402081                        
fep_010_0.700.en        1      1899  0.700000   -9790.92   -9626.41    26.51     9.54     0.00  -262.84    62.27   -58.37    77.99   -15.04    -0.25  -189.43   -15.47     0.00
fep_010_0.700.en        2      1899  0.300000  -10958.29  -10759.34    24.74     8.31     0.00  -291.02    59.02   -99.65    75.20    -9.78    -0.22  -181.60   -15.96     0.00
--> Name of file number  17:                                                     
# Energy files from Qdyn, version: 6.0.16 , git id=adc28a635c78993922188615a73366ace3402081                        
fep_011_0.680.en        1      1899  0.680000   -9781.12   -9586.78    27.39     9.81     0.00  -296.99    65.46   -55.21    79.88   -16.25    -0.15  -225.54   -14.27     0.00
fep_011_0.680.en        2      1899  0.320000  -11009.49  -10772.84    25.11     7.78     0.00  -314.34    44.79   -75.36    47.72   -10.02    -0.12  -228.96    -2.81     0.00
--> Name of file number  18:                                                     
# Energy files from Qdyn, version: 6.0.16 , git id=adc28a635c78993922188615a73366ace3402081                        
fep_012_0.660.en        1      1899  0.660000   -9780.97   -9567.25    28.40     9.66     0.00  -320.86    69.08   -51.82    83.99   -15.52     0.07  -253.52   -14.97     0.00
fep_012_0.660.en        2      1899  0.340000  -11045.30  -10783.50    19.19     8.49     0.00  -327.79    38.30   -67.62    37.39    -8.70     0.11  -251.47     0.80     0.00
--> Name of file number  19:                                                     
# Energy files from Qdyn, version: 6.0.16 , git id=adc28a635c78993922188615a73366ace3402081                        
fep_013_0.640.en        1      1899  0.640000   -9763.84   -9563.43    29.61     9.92     0.00  -312.62    72.67   -54.45    87.12   -15.13    -0.45  -243.04   -14.00     0.00
fep_013_0.640.en        2      1899  0.360000  -11053.07  -10793.23    17.62     7.73     0.00  -320.62    35.43   -67.29    35.39    -8.33    -0.42  -245.00     0.46     0.00
--> Name of file number  20:                                                     
# Energy files from Qdyn, version: 6.0.16 , git id=adc28a635c78993922188615a73366ace3402081                        
fep_014_0.620.en        1      1899  0.620000   -9753.39   -9557.79    30.36     9.63     0.00  -309.03    73.45   -56.33    88.40   -14.97    -0.16  -237.73   -14.78     0.00
fep_014_0.620.en        2      1899  0.380000  -11068.84  -10802.28    16.48     5.51     0.00  -320.96    32.40   -69.38    33.58   -10.59    -0.13  -240.98    -1.05     0.00
--> Name of file number  21:                                                     
# Energy files from Qdyn, version: 6.0.16 , git id=adc28a635c78993922188615a73366ace3402081                        
fep_015_0.600.en        1      1899  0.600000   -9744.87   -9552.60    30.71     9.75     0.00  -308.14    75.40   -56.56    90.44   -15.49    -0.13  -236.09   -14.91     0.00
fep_015_0.600.en        2      1899  0.400000  -11079.33  -10807.95    14.13     5.26     0.00  -320.60    29.82   -68.19    32.00   -10.94    -0.09  -241.47    -2.09     0.00
--> Name of file number  22:                                                     
# Energy files from Qdyn, version: 6.0.16 , git id=adc28a635c78993922188615a73366ace3402081                        
fep_016_0.580.en        1      1899  0.580000   -9735.61   -9552.05    33.37     9.83     0.00  -301.10    74.34   -59.22    89.94   -15.86     0.08  -226.01   -15.68     0.00
fep_016_0.580.en        2      1899  0.420000  -11078.02  -10816.66    17.54     7.39     0.00  -315.18    28.90   -73.45    32.45   -10.97     0.13  -230.76    -3.68     0.00
--> Name of file number  23:                                                     
# Energy files from Qdyn, version: 6.0.16 , git id=adc28a635c78993922188615a73366ace3402081                        
fep_017_0.560.en        1      1899  0.560000   -9725.53   -9548.61    33.44     9.76     0.00  -297.11    76.98   -62.74    91.98   -15.04     0.03  -219.33   -15.03     0.00
fep_017_0.560.en        2      1899  0.440000  -11091.07  -10824.18    15.63     6.73     0.00  -317.17    27.92   -76.81    31.06   -10.07     0.08  -230.29    -3.22     0.00
--> Name of file number  24:                                                     
# Energy files from Qdyn, version: 6.0.16 , git id=adc28a635c78993922188615a73366ace3402081                        
fep_018_0.540.en        1      1899  0.540000   -9729.07   -9546.44    33.52     9.32     0.00  -303.84    78.37   -64.78    94.76   -15.22     0.05  -223.84   -16.43     0.00
fep_018_0.540.en        2      1899  0.460000  -11101.99  -10828.98    13.55     6.49     0.00  -316.77    23.72   -74.29    29.47   -10.12     0.10  -232.35    -5.84     0.00
--> Name of file number  25:                                                     
# Energy files from Qdyn, version: 6.0.16 , git id=adc28a635c78993922188615a73366ace3402081                        
fep_019_0.520.en        1      1899  0.520000   -9712.69   -9540.69    33.64     9.60     0.00  -300.79    85.56   -67.24    97.85   -14.22    -0.30  -219.33   -12.00     0.00
fep_019_0.520.en        2      1899  0.480000  -11108.56  -10832.87    10.49     4.08     0.00  -315.93    25.67   -76.32    27.39    -9.95    -0.26  -229.67    -1.47     0.00
--> Name of file number  26:                                                     
# Energy files from Qdyn, version: 6.0.16 , git id=adc28a635c78993922188615a73366ace3402081                        
fep_020_0.500.en        1      1899  0.500000   -9708.36   -9535.57    34.85     9.42     0.00  -300.95    83.88   -68.96    98.44   -13.50    -0.36  -218.49   -14.21     0.00
fep_020_0.500.en        2      1899  0.500000  -11120.82  -10837.75    11.11     4.09     0.00  -320.26    21.99   -75.89    26.20    -9.94    -0.32  -234.43    -3.89     0.00
--> Name of file number  27:                                                     
# Energy files from Qdyn, version: 6.0.16 , git id=adc28a635c78993922188615a73366ace3402081                        
fep_021_0.480.en        1      1899  0.480000   -9699.70   -9532.28    34.85     9.94     0.00  -297.04    84.84   -69.41   100.47   -13.59    -0.20  -214.04   -15.44     0.00
fep_021_0.480.en        2      1899  0.520000  -11120.93  -10843.37    10.95     3.91     0.00  -312.16    19.74   -76.24    25.37    -9.93    -0.15  -225.99    -5.47     0.00
--> Name of file number  28:                                                     
# Energy files from Qdyn, version: 6.0.16 , git id=adc28a635c78993922188615a73366ace3402081                        
fep_022_0.460.en        1      1899  0.460000   -9697.15   -9526.13    36.08    10.30     0.00  -304.53    87.13   -64.10   102.56   -15.81     0.32  -224.62   -15.75     0.00
fep_022_0.460.en        2      1899  0.540000  -11133.44  -10846.35    10.08     3.45     0.00  -319.44    18.82   -70.66    23.84   -11.54     0.37  -237.24    -5.39     0.00
--> Name of file number  29:                                                     
# Energy files from Qdyn, version: 6.0.16 , git id=adc28a635c78993922188615a73366ace3402081                        
fep_023_0.440.en        1      1899  0.440000   -9695.57   -9525.76    36.67     9.45     0.00  -307.55    91.62   -60.00   103.91   -16.24     0.56  -231.31   -12.85     0.00
fep_023_0.440.en        2      1899  0.560000  -11145.11  -10850.03     9.93     3.18     0.00  -329.95    21.76   -72.23    23.74   -11.26     0.60  -246.46    -2.58     0.00
--> Name of file number  30:                                                     
# Energy files from Qdyn, version: 6.0.16 , git id=adc28a635c78993922188615a73366ace3402081                        
fep_024_0.420.en        1      1899  0.420000   -9679.22   -9519.85    36.70    11.06     0.00  -298.00    90.87   -62.95   106.59   -15.25     0.32  -219.80   -16.04     0.00
fep_024_0.420.en        2      1899  0.580000  -11141.87  -10852.91     8.79     3.10     0.00  -318.66    17.80   -71.35    23.46   -10.65     0.37  -236.66    -6.02     0.00
--> Name of file number  31:                                                     
# Energy files from Qdyn, version: 6.0.16 , git id=adc28a635c78993922188615a73366ace3402081                        
fep_025_0.400.en        1      1899  0.400000   -9669.00   -9517.36    36.87    11.01     0.00  -291.92    92.39   -65.27   109.30   -15.25     0.25  -211.39   -17.16     0.00
fep_025_0.400.en        2      1899  0.600000  -11145.26  -10855.69     7.75     2.95     0.00  -314.02    13.74   -74.91    21.89   -10.32     0.30  -228.80    -8.45     0.00
--> Name of file number  32:                                                     
# Energy files from Qdyn, version: 6.0.16 , git id=adc28a635c78993922188615a73366ace3402081                        
fep_026_0.380.en        1      1899  0.380000   -9665.11   -9514.43    37.95    11.29     0.00  -292.17    92.25   -63.33   109.86   -15.16     0.56  -213.68   -18.17     0.00
fep_026_0.380.en        2      1899  0.620000  -11153.67  -10858.41     8.24     2.75     0.00  -318.36    12.10   -74.78    20.96   -10.34     0.60  -233.24    -9.46     0.00
--> Name of file number  33:                                                     
# Energy files from Qdyn, version: 6.0.16 , git id=adc28a635c78993922188615a73366ace3402081                        
fep_027_0.360.en        1      1899  0.360000   -9661.96   -9511.06    38.56    11.22     0.00  -293.80    93.12   -63.18   111.18   -15.85     0.45  -214.77   -18.51     0.00
fep_027_0.360.en        2      1899  0.640000  -11158.28  -10861.34     7.91     3.72     0.00  -319.75    11.19   -72.41    20.52   -10.84     0.50  -236.50    -9.84     0.00
--> Name of file number  34:                                                     
# Energy files from Qdyn, version: 6.0.16 , git id=adc28a635c78993922188615a73366ace3402081                        
fep_028_0.340.en        1      1899  0.340000   -9655.46   -9505.88    39.34    11.29     0.00  -295.60    95.41   -62.67   112.82   -15.24     0.00  -217.69   -17.42     0.00
fep_028_0.340.en        2      1899  0.660000  -11165.93  -10863.59     7.57     2.80     0.00  -322.92    10.21   -65.60    19.16   -11.09     0.05  -246.23    -8.99     0.00
--> Name of file number  35:                                                     
# Energy files from Qdyn, version: 6.0.16 , git id=adc28a635c78993922188615a73366ace3402081                        
fep_029_0.320.en        1      1899  0.320000   -9651.45   -9502.85    39.09    11.36     0.00  -295.35    96.31   -60.94   114.17   -16.73     0.32  -217.68   -18.18     0.00
fep_029_0.320.en        2      1899  0.680000  -11169.46  -10865.56     7.33     2.89     0.00  -322.20     8.08   -62.60    18.46   -12.12     0.36  -247.49   -10.74     0.00
--> Name of file number  36:                                                     
# Energy files from Qdyn, version: 6.0.16 , git id=adc28a635c78993922188615a73366ace3402081                        
fep_030_0.300.en        1      1899  0.300000   -9646.38   -9495.91    39.31    10.06     0.00  -298.35    98.51   -54.57   116.10   -16.44     0.23  -227.34   -17.82     0.00
fep_030_0.300.en        2      1899  0.700000  -11178.69  -10867.34     7.10     3.20     0.00  -330.46     8.81   -56.53    18.33   -12.08     0.28  -261.84    -9.79     0.00
--> Name of file number  37:                                                     
# Energy files from Qdyn, version: 6.0.16 , git id=adc28a635c78993922188615a73366ace3402081                        
fep_031_0.280.en        1      1899  0.280000   -9645.37   -9489.96    40.47    10.71     0.00  -304.81    98.22   -56.22   116.33   -16.93     0.33  -231.65   -18.43     0.00
fep_031_0.280.en        2      1899  0.720000  -11180.33  -10868.71     6.86     3.46     0.00  -329.06     7.13   -58.13    17.15   -12.01     0.37  -258.92   -10.39     0.00
--> Name of file number  38:                                                     
# Energy files from Qdyn, version: 6.0.16 , git id=adc28a635c78993922188615a73366ace3402081                        
fep_032_0.260.en        1      1899  0.260000   -9646.45   -9465.64    40.39    10.19     0.00  -329.86    98.48   -57.49   118.09   -16.88     0.32  -255.49   -19.94     0.00
fep_032_0.260.en        2      1899  0.740000  -11194.61  -10869.57     6.89     3.36     0.00  -339.71     4.43   -47.39    15.83   -12.21     0.37  -280.12   -11.77     0.00
--> Name of file number  39:                                                     
# Energy files from Qdyn, version: 6.0.16 , git id=adc28a635c78993922188615a73366ace3402081                        
fep_033_0.240.en        1      1899  0.240000   -9643.14   -9463.10    43.44     9.95     0.00  -335.20   101.77   -57.05   119.00   -16.81     0.40  -261.34   -17.63     0.00
fep_033_0.240.en        2      1899  0.760000  -11195.41  -10871.75     7.40     2.95     0.00  -340.36     6.36   -49.52    15.46   -12.17     0.44  -278.67    -9.54     0.00
--> Name of file number  40:                                                     
# Energy files from Qdyn, version: 6.0.16 , git id=adc28a635c78993922188615a73366ace3402081                        
fep_034_0.220.en        1      1899  0.220000   -9616.67   -9459.25    43.88    12.63     0.00  -314.58   100.65   -61.71   121.26   -17.10     0.57  -235.77   -21.18     0.00
fep_034_0.220.en        2      1899  0.780000  -11191.57  -10872.87     6.67     3.17     0.00  -331.91     3.38   -52.36    15.88   -12.01     0.62  -267.55   -13.11     0.00
--> Name of file number  41:                                                     
# Energy files from Qdyn, version: 6.0.16 , git id=adc28a635c78993922188615a73366ace3402081                        
fep_035_0.200.en        1      1899  0.200000   -9626.17   -9455.56    44.59    11.88     0.00  -332.43   105.35   -60.61   122.77   -16.38    -0.01  -255.44   -17.40     0.00
fep_035_0.200.en        2      1899  0.800000  -11204.50  -10873.87     7.19     3.24     0.00  -346.55     5.49   -48.21    15.22   -11.92     0.03  -286.41    -9.76     0.00
--> Name of file number  42:                                                     
# Energy files from Qdyn, version: 6.0.16 , git id=adc28a635c78993922188615a73366ace3402081                        
fep_036_0.180.en        1      1899  0.180000   -9609.37   -9451.17    43.90    10.32     0.00  -319.10   106.68   -64.76   122.78   -14.93     0.31  -239.41   -16.40     0.00
fep_036_0.180.en        2      1899  0.820000  -11196.71  -10875.58     6.85     2.81     0.00  -335.74     4.95   -55.38    13.98    -9.94     0.35  -270.42    -9.38     0.00
--> Name of file number  43:                                                     
# Energy files from Qdyn, version: 6.0.16 , git id=adc28a635c78993922188615a73366ace3402081                        
fep_037_0.160.en        1      1899  0.160000   -9602.80   -9447.26    43.72    10.61     0.00  -316.93   107.06   -64.48   124.65   -15.10     0.30  -237.34   -17.90     0.00
fep_037_0.160.en        2      1899  0.840000  -11198.02  -10876.50     6.83     3.12     0.00  -334.39     2.93   -56.28    13.16   -10.27     0.35  -267.84   -10.58     0.00
--> Name of file number  44:                                                     
# Energy files from Qdyn, version: 6.0.16 , git id=adc28a635c78993922188615a73366ace3402081                        
fep_038_0.140.en        1      1899  0.140000   -9586.95   -9442.99    45.82    10.64     0.00  -307.84   107.41   -65.09   125.99   -15.82     0.27  -226.92   -18.85     0.00
fep_038_0.140.en        2      1899  0.860000  -11196.06  -10876.25     6.44     2.98     0.00  -331.54     2.32   -55.01    13.41   -10.38     0.32  -266.16   -11.41     0.00
--> Name of file number  45:                                                     
# Energy files from Qdyn, version: 6.0.16 , git id=adc28a635c78993922188615a73366ace3402081                        
fep_039_0.120.en        1      1899  0.120000   -9588.10   -9437.14    61.71    11.08     0.00  -328.42   104.67   -66.48   125.74   -15.68     0.38  -246.26   -21.44     0.00
fep_039_0.120.en        2      1899  0.880000  -11203.83  -10876.52     6.59     7.08     0.00  -341.81     0.82   -56.75    14.80   -10.37     0.43  -274.69   -14.41     0.00
--> Name of file number  46:                                                     
# Energy files from Qdyn, version: 6.0.16 , git id=adc28a635c78993922188615a73366ace3402081                        
fep_040_0.100.en        1      1899  0.100000   -9571.75   -9435.84    65.81    16.72     0.00  -324.94   106.50   -71.62   126.74   -15.51     0.37  -237.81   -20.61     0.00
fep_040_0.100.en        2      1899  0.900000  -11203.40  -10877.82     5.49     8.80     0.00  -343.04     3.17   -63.60    16.27   -10.38     0.41  -269.06   -13.51     0.00
--> Name of file number  47:                                                     
# Energy files from Qdyn, version: 6.0.16 , git id=adc28a635c78993922188615a73366ace3402081                        
fep_041_0.080.en        1      1899  0.080000   -9569.99   -9429.27    67.26    18.07     0.00  -332.97   106.91   -73.40   127.92   -14.19     0.11  -245.38   -21.12     0.00
fep_041_0.080.en        2      1899  0.920000  -11215.20  -10878.71     6.01    10.18     0.00  -353.28     0.60   -64.61    14.77    -9.35     0.15  -279.31   -14.32     0.00
--> Name of file number  48:                                                     
# Energy files from Qdyn, version: 6.0.16 , git id=adc28a635c78993922188615a73366ace3402081                        
fep_042_0.060.en        1      1899  0.060000   -9565.25   -9427.27    70.82    13.27     0.00  -329.22   107.16   -69.02   129.76   -13.95     0.30  -246.24   -22.91     0.00
fep_042_0.060.en        2      1899  0.940000  -11208.67  -10879.99     7.10    10.37     0.00  -344.40    -1.74   -63.35    14.42    -9.34     0.35  -271.72   -16.51     0.00
--> Name of file number  49:                                                     
# Energy files from Qdyn, version: 6.0.16 , git id=adc28a635c78993922188615a73366ace3402081                        
fep_043_0.040.en        1      1899  0.040000   -9542.61   -9421.12    77.71    12.83     0.00  -322.97   110.94   -69.47   132.66   -13.05    -0.07  -240.45   -21.65     0.00
fep_043_0.040.en        2      1899  0.960000  -11206.58  -10880.12     6.46     9.50     0.00  -341.23    -1.18   -64.00    14.18    -8.76    -0.02  -268.47   -15.34     0.00
--> Name of file number  50:                                                     
# Energy files from Qdyn, version: 6.0.16 , git id=adc28a635c78993922188615a73366ace3402081                        
fep_044_0.020.en        1      1899  0.020000   -9529.43   -9418.38    75.03    15.68     0.00  -314.66   112.91   -70.68   133.57   -15.32     0.10  -228.66   -20.77     0.00
fep_044_0.020.en        2      1899  0.980000  -11196.92  -10880.40     7.11     8.82     0.00  -332.15    -0.30   -62.33    13.51   -10.14     0.15  -259.69   -13.96     0.00
--> Name of file number  51:                                                     
# Energy files from Qdyn, version: 6.0.16 , git id=adc28a635c78993922188615a73366ace3402081                        
fep_045_0.000.en        1      1899  0.000000   -9506.38   -9412.12    86.92    18.05     0.00  -314.86   115.63   -71.74   136.08   -15.08     0.48  -228.04   -20.93     0.00
fep_045_0.000.en        2      1899  1.000000  -11195.37  -10879.40     6.25     9.77     0.00  -330.99    -1.02   -64.46    13.61   -10.10     0.53  -256.43   -15.16     0.00


# Part 1: Free energy perturbation summary:

# Calculation for full system
# lambda(1)      dGf sum(dGf)      dGr sum(dGr)     <dG>
   1.000000     0.000     0.000    -3.119  1668.311     0.000
   0.980000     3.968     3.968     1.773  1671.430     3.544
   0.960000    -0.482     3.486     3.952  1669.657     2.417
   0.940000    -4.182    -0.695     7.271  1665.705    -1.650
   0.920000    -6.559    -7.254     9.339  1658.434    -8.565
   0.900000    -9.940   -17.194    12.645  1649.095   -18.205
   0.880000   -12.036   -29.230    14.940  1636.450   -30.545
   0.860000   -14.748   -43.978    17.829  1621.510   -45.389
   0.840000   -18.005   -61.983    21.437  1603.681   -63.306
   0.820000   -21.009   -82.992    24.226  1582.244   -84.529
   0.800000   -23.619  -106.611    26.644  1558.018  -108.452
   0.780000   -28.055  -134.667    29.708  1531.374  -135.801
   0.760000   -29.130  -163.796    31.505  1501.667  -165.220
   0.740000   -31.392  -195.188    32.841  1470.162  -196.668
   0.720000   -32.489  -227.677    33.419  1437.322  -229.333
   0.700000   -33.566  -261.243    34.558  1403.903  -262.825
   0.680000   -34.032  -295.274    35.492  1369.345  -297.120
   0.660000   -35.325  -330.599    35.975  1333.853  -332.528
   0.640000   -35.890  -366.489    36.513  1297.878  -368.461
   0.620000   -36.412  -402.901    36.871  1261.365  -404.923
   0.600000   -36.908  -439.809    36.984  1224.494  -441.813
   0.580000   -37.326  -477.135    37.520  1187.510  -478.968
   0.560000   -37.538  -514.673    37.682  1149.991  -516.496
   0.540000   -37.926  -552.599    38.141  1112.308  -554.300
   0.520000   -38.067  -590.666    38.470  1074.167  -592.405
   0.500000   -38.516  -629.182    38.687  1035.697  -630.898
   0.480000   -38.838  -668.019    38.968   997.010  -669.660
   0.460000   -38.978  -706.998    39.266   958.042  -708.633
   0.440000   -39.301  -746.298    39.539   918.776  -747.916
   0.420000   -39.531  -785.830    39.808   879.237  -787.451
   0.400000   -39.786  -825.616    40.065   839.429  -827.249
   0.380000   -40.060  -865.676    40.229   799.364  -867.311
   0.360000   -40.295  -905.970    40.489   759.135  -907.573
   0.340000   -40.448  -946.418    40.645   718.646  -948.042
   0.320000   -40.751  -987.169    40.935   678.000  -988.739
   0.300000   -40.892 -1028.061    40.992   637.065 -1029.653
   0.280000   -41.176 -1069.237    41.236   596.073 -1070.737
   0.260000   -41.222 -1110.459    41.337   554.837 -1111.966
   0.240000   -41.510 -1151.970    41.773   513.500 -1153.390
   0.220000   -41.577 -1193.547    41.853   471.727 -1195.065
   0.200000   -42.036 -1235.583    42.054   429.874 -1237.010
   0.180000   -42.099 -1277.681    42.226   387.819 -1279.086
   0.160000   -42.261 -1319.943    42.485   345.594 -1321.330
   0.140000   -42.404 -1362.347    42.591   303.108 -1363.774
   0.120000   -42.697 -1405.044    42.927   260.518 -1406.418
   0.100000   -42.852 -1447.896    43.201   217.591 -1449.308
   0.080000   -43.157 -1491.053    43.183   174.390 -1492.487
   0.060000   -43.428 -1534.481    43.568   131.207 -1535.792
   0.040000   -43.374 -1577.855    43.656    87.639 -1579.263
   0.020000   -43.816 -1621.671    43.982    43.982 -1622.999
   0.000000   -43.862 -1665.533     0.000     0.000 -1666.922

# Min energy-gap is:   -627.35
# Max energy-gap is:   2304.15



# Part 2: Reaction free energy summary:
# Lambda(1)  bin Energy gap      dGa     dGb     dGg    # pts    c1**2    c2**2
   1.000000    4    -524.74       0.00     512.55      -1.71     23     0.997     0.003
   1.000000    5    -495.43       0.00     482.86      -1.82     29     0.996     0.004
   1.000000    6    -466.11       0.00     453.15      -1.93     66     0.996     0.004
   1.000000    7    -436.80       0.00     423.97      -2.06    154     0.995     0.005
   1.000000    8    -407.48       0.00     395.39      -2.20    216     0.995     0.005
   1.000000    9    -378.17       0.00     366.11      -2.37    275     0.994     0.006
   1.000000   10    -348.85       0.00     336.53      -2.56    304     0.993     0.007
   1.000000   11    -319.54       0.00     307.38      -2.80    252     0.991     0.009
   1.000000   12    -290.22       0.00     278.05      -3.08    192     0.990     0.010
   1.000000   13    -260.91       0.00     249.10      -3.40    124     0.987     0.013
   1.000000   14    -231.59       0.00     219.27      -3.84     66     0.984     0.016
   1.000000   15    -202.28       0.00     189.43      -4.36     63     0.980     0.020
   1.000000   16    -172.96       0.00     161.95      -5.09     36     0.972     0.028
   1.000000   17    -143.65       0.00     131.68      -6.17     38     0.960     0.040
   1.000000   18    -114.33       0.00     102.74      -7.60     28     0.942     0.058
   0.980000   14    -231.59      -1.06     217.87      -4.91     20     0.984     0.016
   0.980000   15    -202.28      -0.51     191.03      -4.87     31     0.979     0.021
   0.980000   16    -172.96       0.12     160.24      -5.01     52     0.971     0.029
   0.980000   17    -143.65       0.67     131.87      -5.40    123     0.961     0.039
   0.980000   18    -114.33       1.27     103.62      -6.32    156     0.941     0.059
   0.980000   19     -85.02       1.84      74.47      -8.16    213     0.905     0.095
   0.980000   20     -55.70       2.41      46.20     -11.77    298     0.837     0.163
   0.980000   21     -26.39       2.99      17.53     -19.57    327     0.698     0.302
   0.980000   22       2.93       3.57     -11.37     -34.10    275     0.480     0.520
   0.980000   23      32.24       4.13     -39.94     -54.71    213     0.278     0.722
   0.980000   24      61.56       4.70     -68.65     -79.11    112     0.153     0.847
   0.980000   25      90.87       5.29     -95.20    -103.34     34     0.088     0.912
   0.980000   26     120.19       5.90    -126.58    -132.98     26     0.054     0.946
   0.960000   22       2.93       2.58     -12.48     -35.14     30     0.450     0.550
   0.960000   23      32.24       3.62     -40.17     -54.98     66     0.266     0.734
   0.960000   24      61.56       4.80     -68.65     -79.10    142     0.144     0.856
   0.960000   25      90.87       6.02     -96.88    -104.84    231     0.082     0.918
   0.960000   26     120.19       7.15    -124.97    -131.37    291     0.053     0.947
   0.960000   27     149.50       8.31    -152.89    -158.21    284     0.036     0.964
   0.960000   28     178.82       9.46    -180.73    -185.29    292     0.026     0.974
   0.960000   29     208.13      10.65    -209.32    -213.29    277     0.020     0.980
   0.960000   30     237.45      11.76    -236.86    -240.39    184     0.015     0.985
   0.960000   31     266.76      12.88    -264.73    -267.91     74     0.013     0.987
   0.940000   26     120.19       5.43    -126.37    -132.79     32     0.052     0.948
   0.940000   27     149.50       7.29    -153.93    -159.27     82     0.035     0.965
   0.940000   28     178.82       8.94    -181.26    -185.82    148     0.026     0.974
   0.940000   29     208.13      10.71    -208.84    -212.82    208     0.019     0.981
   0.940000   30     237.45      12.41    -236.41    -239.93    332     0.015     0.985
   0.940000   31     266.76      14.15    -264.13    -267.30    323     0.012     0.988
   0.940000   32     296.08      15.92    -291.55    -294.42    305     0.010     0.990
   0.940000   33     325.39      17.64    -318.76    -321.39    225     0.008     0.992
   0.940000   34     354.71      19.31    -346.23    -348.65    135     0.007     0.993
   0.940000   35     384.02      21.12    -374.37    -376.62     62     0.006     0.994
   0.940000   36     413.34      22.76    -401.73    -403.83     22     0.005     0.995
   0.920000   32     296.08      14.90    -292.22    -295.10     34     0.010     0.990
   0.920000   33     325.39      17.23    -319.13    -321.76    122     0.008     0.992
   0.920000   34     354.71      19.56    -345.88    -348.31    227     0.007     0.993
   0.920000   35     384.02      21.85    -373.04    -375.29    275     0.006     0.994
   0.920000   36     413.34      24.21    -400.10    -402.20    331     0.005     0.995
   0.920000   37     442.65      26.49    -426.89    -428.85    355     0.005     0.995
   0.920000   38     471.97      28.82    -453.86    -455.70    260     0.004     0.996
   0.920000   39     501.28      31.16    -480.71    -482.45    147     0.004     0.996
   0.920000   40     530.60      33.57    -507.42    -509.07     84     0.003     0.997
   0.920000   41     559.91      35.81    -532.86    -534.43     32     0.003     0.997
   0.900000   36     413.34      22.96    -401.65    -403.74     71     0.005     0.995
   0.900000   37     442.65      25.56    -427.73    -429.69    198     0.005     0.995
   0.900000   38     471.97      28.57    -453.82    -455.66    262     0.004     0.996
   0.900000   39     501.28      31.41    -480.31    -482.05    350     0.004     0.996
   0.900000   40     530.60      34.30    -506.60    -508.25    336     0.003     0.997
   0.900000   41     559.91      37.18    -532.76    -534.33    242     0.003     0.997
   0.900000   42     589.23      40.18    -558.98    -560.47    230     0.003     0.997
   0.900000   43     618.54      43.02    -586.05    -587.47    123     0.002     0.998
   0.900000   44     647.86      45.77    -610.80    -612.16     42     0.002     0.998
   0.880000   41     559.91      35.90    -532.59    -534.16     28     0.003     0.997
   0.880000   42     589.23      39.73    -560.23    -561.72    116     0.003     0.997
   0.880000   43     618.54      43.14    -585.64    -587.06    212     0.002     0.998
   0.880000   44     647.86      46.54    -611.29    -612.64    368     0.002     0.998
   0.880000   45     677.17      50.00    -636.98    -638.28    374     0.002     0.998
   0.880000   46     706.49      53.46    -662.87    -664.12    344     0.002     0.998
   0.880000   47     735.80      57.00    -688.57    -689.76    207     0.002     0.998
   0.880000   48     765.11      60.54    -714.40    -715.55    150     0.002     0.998
   0.880000   49     794.43      63.95    -740.08    -741.19     56     0.001     0.999
   0.880000   50     823.74      67.54    -765.39    -766.46     28     0.001     0.999
   0.860000   45     677.17      48.81    -638.90    -640.20     40     0.002     0.998
   0.860000   46     706.49      52.83    -663.86    -665.11     75     0.002     0.998
   0.860000   47     735.80      56.73    -688.36    -689.56    146     0.002     0.998
   0.860000   48     765.11      60.86    -713.81    -714.97    231     0.002     0.998
   0.860000   49     794.43      64.88    -739.05    -740.16    298     0.001     0.999
   0.860000   50     823.74      68.98    -763.94    -765.02    314     0.001     0.999
   0.860000   51     853.06      73.08    -789.35    -790.39    285     0.001     0.999
   0.860000   52     882.37      77.16    -814.53    -815.54    195     0.001     0.999
   0.860000   53     911.69      81.26    -839.44    -840.41    156     0.001     0.999
   0.860000   54     941.00      85.27    -864.16    -865.10     92     0.001     0.999
   0.860000   55     970.32      89.43    -888.02    -888.93     32     0.001     0.999
   0.840000   50     823.74      67.69    -765.28    -766.35     35     0.001     0.999
   0.840000   51     853.06      72.37    -790.02    -791.05     73     0.001     0.999
   0.840000   52     882.37      76.85    -814.71    -815.71    151     0.001     0.999
   0.840000   53     911.69      81.54    -839.32    -840.29    241     0.001     0.999
   0.840000   54     941.00      86.27    -864.12    -865.07    291     0.001     0.999
   0.840000   55     970.32      90.78    -888.44    -889.35    315     0.001     0.999
   0.840000   56     999.63      95.45    -913.00    -913.89    286     0.001     0.999
   0.840000   57    1028.95     100.16    -937.77    -938.63    217     0.001     0.999
   0.840000   58    1058.26     104.90    -960.56    -961.40    124     0.001     0.999
   0.840000   59    1087.58     109.27    -986.64    -987.45     79     0.001     0.999
   0.840000   60    1116.89     114.26   -1011.35   -1012.14     33     0.001     0.999
   0.840000   61    1146.21     118.91   -1033.97   -1034.75     21     0.001     0.999
   0.820000   56     999.63      94.30    -914.72    -915.61     39     0.001     0.999
   0.820000   57    1028.95      99.50    -938.27    -939.13    128     0.001     0.999
   0.820000   58    1058.26     104.67    -962.21    -963.05    192     0.001     0.999
   0.820000   59    1087.58     110.07    -986.02    -986.84    285     0.001     0.999
   0.820000   60    1116.89     115.29   -1010.36   -1011.16    297     0.001     0.999
   0.820000   61    1146.21     120.52   -1034.23   -1035.01    340     0.001     0.999
   0.820000   62    1175.52     125.71   -1058.23   -1058.99    309     0.001     0.999
   0.820000   63    1204.84     130.92   -1081.88   -1082.62    181     0.001     0.999
   0.820000   64    1234.15     135.91   -1106.07   -1106.79     82     0.001     0.999
   0.820000   65    1263.47     141.79   -1128.85   -1129.55     27     0.001     0.999
   0.800000   60    1116.89     114.10   -1011.88   -1012.68     27     0.001     0.999
   0.800000   61    1146.21     119.30   -1034.86   -1035.64     59     0.001     0.999
   0.800000   62    1175.52     125.46   -1058.63   -1059.39     81     0.001     0.999
   0.800000   63    1204.84     130.97   -1081.90   -1082.64    140     0.001     0.999
   0.800000   64    1234.15     136.93   -1105.56   -1106.28    178     0.001     0.999
   0.800000   65    1263.47     142.77   -1128.59   -1129.29    247     0.001     0.999
   0.800000   66    1292.78     148.47   -1151.82   -1152.51    270     0.001     0.999
   0.800000   67    1322.10     154.38   -1175.55   -1176.22    268     0.001     0.999
   0.800000   68    1351.41     160.20   -1199.28   -1199.94    224     0.000     1.000
   0.800000   69    1380.73     166.02   -1222.44   -1223.08    168     0.000     1.000
   0.800000   70    1410.04     171.89   -1246.10   -1246.74    106     0.000     1.000
   0.800000   71    1439.36     177.71   -1268.81   -1269.43     79     0.000     1.000
   0.800000   72    1468.67     183.52   -1292.91   -1293.52     32     0.000     1.000
   0.780000   65    1263.47     140.62   -1130.78   -1131.49     36     0.001     0.999
   0.780000   66    1292.78     146.86   -1153.76   -1154.45     86     0.001     0.999
   0.780000   67    1322.10     153.31   -1176.31   -1176.98    187     0.001     0.999
   0.780000   68    1351.41     159.93   -1199.22   -1199.87    264     0.000     1.000
   0.780000   69    1380.73     166.14   -1221.96   -1222.60    331     0.000     1.000
   0.780000   70    1410.04     172.61   -1244.69   -1245.32    317     0.000     1.000
   0.780000   71    1439.36     178.86   -1267.65   -1268.27    276     0.000     1.000
   0.780000   72    1468.67     185.29   -1290.82   -1291.42    215     0.000     1.000
   0.780000   73    1497.99     191.82   -1313.01   -1313.61    110     0.000     1.000
   0.780000   74    1527.30     198.12   -1335.43   -1336.01     41     0.000     1.000
   0.760000   70    1410.04     172.29   -1245.96   -1246.59     32     0.000     1.000
   0.760000   71    1439.36     178.55   -1268.16   -1268.78    120     0.000     1.000
   0.760000   72    1468.67     185.25   -1290.48   -1291.08    233     0.000     1.000
   0.760000   73    1497.99     192.39   -1312.29   -1312.88    338     0.000     1.000
   0.760000   74    1527.30     199.44   -1334.99   -1335.57    383     0.000     1.000
   0.760000   75    1556.62     206.34   -1357.23   -1357.80    360     0.000     1.000
   0.760000   76    1585.93     213.12   -1379.44   -1380.00    242     0.000     1.000
   0.760000   77    1615.25     220.28   -1401.94   -1402.49    149     0.000     1.000
   0.760000   78    1644.56     227.02   -1422.52   -1423.06     33     0.000     1.000
   0.740000   74    1527.30     198.44   -1336.02   -1336.60    121     0.000     1.000
   0.740000   75    1556.62     206.14   -1357.50   -1358.07    355     0.000     1.000
   0.740000   76    1585.93     213.32   -1379.00   -1379.56    502     0.000     1.000
   0.740000   77    1615.25     220.91   -1400.60   -1401.15    491     0.000     1.000
   0.740000   78    1644.56     228.41   -1421.69   -1422.23    302     0.000     1.000
   0.740000   79    1673.88     235.69   -1441.81   -1442.35     95     0.000     1.000
   0.720000   76    1585.93     212.49   -1380.59   -1381.16     54     0.000     1.000
   0.720000   77    1615.25     220.79   -1400.82   -1401.37    272     0.000     1.000
   0.720000   78    1644.56     228.75   -1422.12   -1422.66    574     0.000     1.000
   0.720000   79    1673.88     236.81   -1442.89   -1443.42    580     0.000     1.000
   0.720000   80    1703.19     244.79   -1463.72   -1464.24    343     0.000     1.000
   0.720000   81    1732.51     253.01   -1483.69   -1484.20     63     0.000     1.000
   0.700000   77    1615.25     220.80   -1402.35   -1402.90     57     0.000     1.000
   0.700000   78    1644.56     228.06   -1422.39   -1422.94    257     0.000     1.000
   0.700000   79    1673.88     236.72   -1442.69   -1443.22    616     0.000     1.000
   0.700000   80    1703.19     245.23   -1463.14   -1463.66    666     0.000     1.000
   0.700000   81    1732.51     253.88   -1483.04   -1483.55    277     0.000     1.000
   0.700000   82    1761.82     262.41   -1500.60   -1501.11     21     0.000     1.000
   0.680000   79    1673.88     235.97   -1443.35   -1443.88     80     0.000     1.000
   0.680000   80    1703.19     245.29   -1463.11   -1463.64    256     0.000     1.000
   0.680000   81    1732.51     254.43   -1483.15   -1483.67    534     0.000     1.000
   0.680000   82    1761.82     263.66   -1502.98   -1503.49    587     0.000     1.000
   0.680000   83    1791.14     272.87   -1522.52   -1523.02    363     0.000     1.000
   0.680000   84    1820.45     281.88   -1541.87   -1542.36     66     0.000     1.000
   0.660000   81    1732.51     253.84   -1484.08   -1484.60    116     0.000     1.000
   0.660000   82    1761.82     263.59   -1503.16   -1503.66    582     0.000     1.000
   0.660000   83    1791.14     273.04   -1522.11   -1522.61    800     0.000     1.000
   0.660000   84    1820.45     282.73   -1540.91   -1541.40    366     0.000     1.000
   0.660000   85    1849.77     292.28   -1556.72   -1557.20     30     0.000     1.000
   0.640000   82    1761.82     262.93   -1503.81   -1504.32    163     0.000     1.000
   0.640000   83    1791.14     273.20   -1522.27   -1522.77    665     0.000     1.000
   0.640000   84    1820.45     283.34   -1540.71   -1541.20    762     0.000     1.000
   0.640000   85    1849.77     293.63   -1558.84   -1559.32    270     0.000     1.000
   0.640000   86    1879.08     304.08   -1577.61   -1578.08     28     0.000     1.000
   0.620000   82    1761.82     264.02   -1504.80   -1505.30     21     0.000     1.000
   0.620000   83    1791.14     272.41   -1522.86   -1523.35    188     0.000     1.000
   0.620000   84    1820.45     283.30   -1540.79   -1541.28    698     0.000     1.000
   0.620000   85    1849.77     294.08   -1558.61   -1559.09    763     0.000     1.000
   0.620000   86    1879.08     304.89   -1576.04   -1576.52    222     0.000     1.000
   0.600000   83    1791.14     272.11   -1523.95   -1524.45     59     0.000     1.000
   0.600000   84    1820.45     282.81   -1541.10   -1541.59    397     0.000     1.000
   0.600000   85    1849.77     294.03   -1558.54   -1559.02    736     0.000     1.000
   0.600000   86    1879.08     305.55   -1575.91   -1576.38    582     0.000     1.000
   0.600000   87    1908.40     316.93   -1592.40   -1592.87    119     0.000     1.000
   0.580000   83    1791.14     271.90   -1524.58   -1525.08     37     0.000     1.000
   0.580000   84    1820.45     281.54   -1541.67   -1542.16    291     0.000     1.000
   0.580000   85    1849.77     293.84   -1558.35   -1558.83    672     0.000     1.000
   0.580000   86    1879.08     305.71   -1575.22   -1575.70    618     0.000     1.000
   0.580000   87    1908.40     318.21   -1591.79   -1592.26    243     0.000     1.000
   0.580000   88    1937.71     330.28   -1602.62   -1603.09     37     0.000     1.000
   0.560000   84    1820.45     282.16   -1542.93   -1543.42     30     0.000     1.000
   0.560000   85    1849.77     293.21   -1558.82   -1559.31    351     0.000     1.000
   0.560000   86    1879.08     305.78   -1575.05   -1575.52    792     0.000     1.000
   0.560000   87    1908.40     318.40   -1590.94   -1591.40    581     0.000     1.000
   0.560000   88    1937.71     330.87   -1605.85   -1606.31    141     0.000     1.000
   0.540000   85    1849.77     292.78   -1559.67   -1560.15    220     0.000     1.000
   0.540000   86    1879.08     305.24   -1575.04   -1575.52    737     0.000     1.000
   0.540000   87    1908.40     318.58   -1590.45   -1590.92    719     0.000     1.000
   0.540000   88    1937.71     331.55   -1605.33   -1605.79    205     0.000     1.000
   0.520000   85    1849.77     296.21   -1560.71   -1561.19     20     0.000     1.000
   0.520000   86    1879.08     305.05   -1575.69   -1576.17    324     0.000     1.000
   0.520000   87    1908.40     318.62   -1590.56   -1591.03    794     0.000     1.000
   0.520000   88    1937.71     332.35   -1605.33   -1605.80    637     0.000     1.000
   0.520000   89    1967.03     346.15   -1619.89   -1620.34    120     0.000     1.000
   0.500000   86    1879.08     304.72   -1576.47   -1576.94     85     0.000     1.000
   0.500000   87    1908.40     318.32   -1590.61   -1591.08    561     0.000     1.000
   0.500000   88    1937.71     332.55   -1605.03   -1605.49    825     0.000     1.000
   0.500000   89    1967.03     346.81   -1619.18   -1619.64    399     0.000     1.000
   0.500000   90    1996.34     361.04   -1629.80   -1630.25     25     0.000     1.000
   0.480000   87    1908.40     317.76   -1591.17   -1591.63    339     0.000     1.000
   0.480000   88    1937.71     332.27   -1604.90   -1605.36    928     0.000     1.000
   0.480000   89    1967.03     347.16   -1618.29   -1618.75    573     0.000     1.000
   0.480000   90    1996.34     361.89   -1631.14   -1631.59     42     0.000     1.000
   0.460000   87    1908.40     317.36   -1591.83   -1592.30    136     0.000     1.000
   0.460000   88    1937.71     332.22   -1605.00   -1605.46    670     0.000     1.000
   0.460000   89    1967.03     347.54   -1618.29   -1618.75    820     0.000     1.000
   0.460000   90    1996.34     362.95   -1630.57   -1631.01    268     0.000     1.000
   0.440000   88    1937.71     332.02   -1605.62   -1606.08    373     0.000     1.000
   0.440000   89    1967.03     347.54   -1618.00   -1618.46    962     0.000     1.000
   0.440000   90    1996.34     363.52   -1629.80   -1630.25    515     0.000     1.000
   0.440000   91    2025.66     379.51   -1638.32   -1638.77     34     0.000     1.000
   0.420000   88    1937.71     334.25   -1606.53   -1606.99    109     0.000     1.000
   0.420000   89    1967.03     347.37   -1618.09   -1618.54    786     0.000     1.000
   0.420000   90    1996.34     363.79   -1629.92   -1630.37    860     0.000     1.000
   0.420000   91    2025.66     380.32   -1640.39   -1640.83    143     0.000     1.000
   0.400000   89    1967.03     346.81   -1618.63   -1619.09    424     0.000     1.000
   0.400000   90    1996.34     363.85   -1629.84   -1630.29    988     0.000     1.000
   0.400000   91    2025.66     380.87   -1640.81   -1641.25    456     0.000     1.000
   0.380000   89    1967.03     347.10   -1619.13   -1619.58    142     0.000     1.000
   0.380000   90    1996.34     363.74   -1629.82   -1630.27    870     0.000     1.000
   0.380000   91    2025.66     381.40   -1640.49   -1640.93    810     0.000     1.000
   0.380000   92    2054.97     399.06   -1650.65   -1651.09     76     0.000     1.000
   0.360000   89    1967.03     351.91   -1619.88   -1620.34     40     0.000     1.000
   0.360000   90    1996.34     363.71   -1630.10   -1630.55    688     0.000     1.000
   0.360000   91    2025.66     381.43   -1640.09   -1640.53    986     0.000     1.000
   0.360000   92    2054.97     399.75   -1650.24   -1650.68    183     0.000     1.000
   0.340000   90    1996.34     363.00   -1630.59   -1631.04    307     0.000     1.000
   0.340000   91    2025.66     381.51   -1640.04   -1640.48    970     0.000     1.000
   0.340000   92    2054.97     400.45   -1649.59   -1650.03    581     0.000     1.000
   0.340000   93    2084.29     419.25   -1657.62   -1658.05     35     0.000     1.000
   0.320000   90    1996.34     362.04   -1631.25   -1631.70    147     0.000     1.000
   0.320000   91    2025.66     381.19   -1640.06   -1640.50    849     0.000     1.000
   0.320000   92    2054.97     400.61   -1649.08   -1649.52    810     0.000     1.000
   0.320000   93    2084.29     420.19   -1656.73   -1657.16     92     0.000     1.000
   0.300000   90    1996.34     369.17   -1632.12   -1632.57     27     0.000     1.000
   0.300000   91    2025.66     380.86   -1640.49   -1640.93    439     0.000     1.000
   0.300000   92    2054.97     400.62   -1648.74   -1649.18   1067     0.000     1.000
   0.300000   93    2084.29     420.77   -1656.69   -1657.12    352     0.000     1.000
   0.280000   91    2025.66     380.46   -1640.90   -1641.34    394     0.000     1.000
   0.280000   92    2054.97     400.43   -1648.65   -1649.09   1043     0.000     1.000
   0.280000   93    2084.29     421.16   -1656.11   -1656.54    442     0.000     1.000
   0.260000   91    2025.66     379.04   -1641.35   -1641.79    153     0.000     1.000
   0.260000   92    2054.97     400.16   -1648.64   -1649.08    829     0.000     1.000
   0.260000   93    2084.29     421.60   -1655.90   -1656.33    793     0.000     1.000
   0.260000   94    2113.60     442.89   -1662.11   -1662.53    120     0.000     1.000
   0.240000   91    2025.66     379.07   -1642.35   -1642.79     86     0.000     1.000
   0.240000   92    2054.97     400.09   -1648.81   -1649.25    746     0.000     1.000
   0.240000   93    2084.29     421.55   -1655.37   -1655.80    897     0.000     1.000
   0.240000   94    2113.60     443.35   -1661.88   -1662.31    167     0.000     1.000
   0.220000   92    2054.97     399.19   -1649.41   -1649.84    176     0.000     1.000
   0.220000   93    2084.29     421.67   -1655.49   -1655.92    888     0.000     1.000
   0.220000   94    2113.60     444.13   -1661.56   -1661.99    746     0.000     1.000
   0.220000   95    2142.92     466.59   -1666.42   -1666.84     82     0.000     1.000
   0.200000   92    2054.97     398.72   -1650.14   -1650.57    130     0.000     1.000
   0.200000   93    2084.29     421.38   -1655.58   -1656.01    821     0.000     1.000
   0.200000   94    2113.60     444.23   -1661.03   -1661.46    837     0.000     1.000
   0.200000   95    2142.92     467.42   -1665.74   -1666.16    111     0.000     1.000
   0.180000   92    2054.97     410.52   -1651.13   -1651.57     26     0.000     1.000
   0.180000   93    2084.29     421.06   -1655.93   -1656.36    572     0.000     1.000
   0.180000   94    2113.60     444.14   -1660.67   -1661.09   1057     0.000     1.000
   0.180000   95    2142.92     467.72   -1665.18   -1665.60    241     0.000     1.000
   0.160000   93    2084.29     421.62   -1656.43   -1656.86    300     0.000     1.000
   0.160000   94    2113.60     444.26   -1660.61   -1661.04   1177     0.000     1.000
   0.160000   95    2142.92     468.26   -1664.51   -1664.93    411     0.000     1.000
   0.140000   93    2084.29     420.46   -1657.10   -1657.53     86     0.000     1.000
   0.140000   94    2113.60     444.09   -1660.79   -1661.21    810     0.000     1.000
   0.140000   95    2142.92     468.68   -1664.43   -1664.85    894     0.000     1.000
   0.140000   96    2172.23     493.16   -1667.33   -1667.74    109     0.000     1.000
   0.120000   93    2084.29     420.13   -1657.67   -1658.10     62     0.000     1.000
   0.120000   94    2113.60     443.57   -1661.01   -1661.44    594     0.000     1.000
   0.120000   95    2142.92     468.75   -1664.17   -1664.59    970     0.000     1.000
   0.120000   96    2172.23     493.77   -1667.13   -1667.55    270     0.000     1.000
   0.100000   94    2113.60     442.86   -1661.53   -1661.96    180     0.000     1.000
   0.100000   95    2142.92     468.40   -1664.19   -1664.61    975     0.000     1.000
   0.100000   96    2172.23     494.59   -1666.73   -1667.15    694     0.000     1.000
   0.100000   97    2201.55     520.27   -1668.83   -1669.24     48     0.000     1.000
   0.080000   94    2113.60     449.84   -1662.29   -1662.72     36     0.000     1.000
   0.080000   95    2142.92     468.47   -1664.47   -1664.89    589     0.000     1.000
   0.080000   96    2172.23     494.70   -1666.53   -1666.94   1053     0.000     1.000
   0.080000   97    2201.55     521.37   -1668.42   -1668.82    213     0.000     1.000
   0.060000   94    2113.60     459.06   -1663.31   -1663.74     34     0.000     1.000
   0.060000   95    2142.92     468.09   -1664.76   -1665.17    652     0.000     1.000
   0.060000   96    2172.23     494.45   -1666.23   -1666.65   1041     0.000     1.000
   0.060000   97    2201.55     521.48   -1667.53   -1667.94    172     0.000     1.000
   0.040000   95    2142.92     468.51   -1665.30   -1665.72    162     0.000     1.000
   0.040000   96    2172.23     494.85   -1666.32   -1666.73    883     0.000     1.000
   0.040000   97    2201.55     522.13   -1667.28   -1667.68    749     0.000     1.000
   0.040000   98    2230.86     549.94   -1668.30   -1668.70    104     0.000     1.000
   0.020000   95    2142.92     468.42   -1666.02   -1666.44     71     0.000     1.000
   0.020000   96    2172.23     494.14   -1666.52   -1666.93    838     0.000     1.000
   0.020000   97    2201.55     522.32   -1667.01   -1667.42    891     0.000     1.000
   0.020000   98    2230.86     550.21   -1667.46   -1667.87     99     0.000     1.000
   0.000000   95    2142.92     478.38   -1666.92   -1667.34     21     0.000     1.000
   0.000000   96    2172.23     494.09   -1666.92   -1667.34    355     0.000     1.000
   0.000000   97    2201.55     522.20   -1666.92   -1667.33    847     0.000     1.000
   0.000000   98    2230.86     551.51   -1666.92   -1667.33    470     0.000     1.000
   0.000000   99    2260.18     580.52   -1666.92   -1667.32    172     0.000     1.000
   0.000000  100    2289.49     609.60   -1666.92   -1667.32     33     0.000     1.000


# Part 3: Bin-averaged summary:
# bin  energy gap  <dGg> <dGg norm> pts  <c1**2> <c2**2> <r_xy>
   4   -524.74     -1.71   1665.91         23    0.997    0.003    4.895
   5   -495.43     -1.82   1665.80         29    0.996    0.004    4.829
   6   -466.11     -1.93   1665.69         66    0.996    0.004    5.151
   7   -436.80     -2.06   1665.56        154    0.995    0.005    5.076
   8   -407.48     -2.20   1665.42        216    0.995    0.005    4.957
   9   -378.17     -2.37   1665.25        275    0.994    0.006    5.028
  10   -348.85     -2.56   1665.06        304    0.993    0.007    4.972
  11   -319.54     -2.80   1664.83        252    0.991    0.009    4.970
  12   -290.22     -3.08   1664.55        192    0.990    0.010    5.077
  13   -260.91     -3.40   1664.22        124    0.987    0.013    4.940
  14   -231.59     -4.09   1663.54         86    0.984    0.016    5.462
  15   -202.28     -4.53   1663.10         94    0.979    0.021    5.494
  16   -172.96     -5.04   1662.58         88    0.972    0.028    5.408
  17   -143.65     -5.58   1662.04        161    0.961    0.039    5.344
  18   -114.33     -6.51   1661.11        184    0.941    0.059    5.313
  19    -85.02     -8.16   1659.46        213    0.905    0.095    5.266
  20    -55.70    -11.77   1655.85        298    0.837    0.163    5.282
  21    -26.39    -19.57   1648.05        327    0.698    0.302    5.329
  22      2.93    -34.20   1633.42        305    0.477    0.523    5.452
  23     32.24    -54.77   1612.85        279    0.275    0.725    5.594
  24     61.56    -79.10   1588.52        254    0.148    0.852    6.029
  25     90.87   -104.65   1562.98        265    0.083    0.917    6.408
  26    120.19   -131.62   1536.00        349    0.053    0.947    6.574
  27    149.50   -158.45   1509.17        366    0.036    0.964    6.859
  28    178.82   -185.47   1482.16        440    0.026    0.974    7.001
  29    208.13   -213.09   1454.53        485    0.020    0.980    7.111
  30    237.45   -240.10   1427.53        516    0.015    0.985    7.377
  31    266.76   -267.41   1400.21        397    0.012    0.988    7.543
  32    296.08   -294.49   1373.13        339    0.010    0.990    7.711
  33    325.39   -321.52   1346.10        347    0.008    0.992    7.675
  34    354.71   -348.44   1319.19        362    0.007    0.993    7.598
  35    384.02   -375.53   1292.09        337    0.006    0.994    7.501
  36    413.34   -402.54   1265.08        424    0.005    0.995    7.528
  37    442.65   -429.15   1238.47        553    0.005    0.995    7.609
  38    471.97   -455.68   1211.94        522    0.004    0.996    7.679
  39    501.28   -482.17   1185.45        497    0.004    0.996    7.748
  40    530.60   -508.41   1159.21        420    0.003    0.997    7.762
  41    559.91   -534.32   1133.30        302    0.003    0.997    7.615
  42    589.23   -560.89   1106.74        346    0.003    0.997    7.578
  43    618.54   -587.21   1080.41        335    0.002    0.998    7.578
  44    647.86   -612.60   1055.03        410    0.002    0.998    7.599
  45    677.17   -638.47   1029.15        414    0.002    0.998    7.594
  46    706.49   -664.30   1003.33        419    0.002    0.998    7.625
  47    735.80   -689.68    977.95        353    0.002    0.998    7.668
  48    765.11   -715.20    952.43        381    0.002    0.998    7.779
  49    794.43   -740.32    927.30        354    0.001    0.999    7.830
  50    823.74   -765.25    902.38        377    0.001    0.999    7.846
  51    853.06   -790.53    877.10        358    0.001    0.999    7.840
  52    882.37   -815.61    852.01        346    0.001    0.999    7.825
  53    911.69   -840.34    827.29        397    0.001    0.999    7.796
  54    941.00   -865.07    802.55        383    0.001    0.999    7.805
  55    970.32   -889.31    778.31        347    0.001    0.999    7.794
  56    999.63   -914.09    753.53        325    0.001    0.999    7.816
  57   1028.95   -938.82    728.81        345    0.001    0.999    7.757
  58   1058.26   -962.40    705.23        316    0.001    0.999    7.706
  59   1087.58   -986.97    680.65        364    0.001    0.999    7.656
  60   1116.89  -1011.36    656.26        357    0.001    0.999    7.493
  61   1146.21  -1035.08    632.54        420    0.001    0.999    7.339
  62   1175.52  -1059.07    608.55        390    0.001    0.999    7.193
  63   1204.84  -1082.63    585.00        321    0.001    0.999    6.677
  64   1234.15  -1106.44    561.18        260    0.001    0.999    5.959
  65   1263.47  -1129.57    538.05        310    0.001    0.999    5.132
  66   1292.78  -1152.98    514.64        356    0.001    0.999    4.744
  67   1322.10  -1176.53    491.09        455    0.001    0.999    4.617
  68   1351.41  -1199.90    467.72        488    0.000    1.000    4.354
  69   1380.73  -1222.76    444.86        499    0.000    1.000    4.234
  70   1410.04  -1245.74    421.88        455    0.000    1.000    4.157
  71   1439.36  -1268.59    399.03        475    0.000    1.000    4.199
  72   1468.67  -1291.40    376.23        480    0.000    1.000    4.236
  73   1497.99  -1313.06    354.56        448    0.000    1.000    4.277
  74   1527.30  -1335.83    331.79        545    0.000    1.000    4.316
  75   1556.62  -1357.93    309.69        715    0.000    1.000    4.357
  76   1585.93  -1379.80    287.82        798    0.000    1.000    4.316
  77   1615.25  -1401.52    266.10        969    0.000    1.000    4.236
  78   1644.56  -1422.62    245.00       1166    0.000    1.000    4.207
  79   1673.88  -1443.28    224.34       1371    0.000    1.000    4.205
  80   1703.19  -1463.81    203.81       1265    0.000    1.000    4.136
  81   1732.51  -1483.78    183.84        990    0.000    1.000    4.141
  82   1761.82  -1503.65    163.97       1374    0.000    1.000    4.287
  83   1791.14  -1522.89    144.73       2112    0.000    1.000    4.493
  84   1820.45  -1541.47    126.15       2610    0.000    1.000    4.956
  85   1849.77  -1559.13    108.49       3062    0.000    1.000    5.655
  86   1879.08  -1575.88     91.74       3388    0.000    1.000    6.324
  87   1908.40  -1591.33     76.29       3492    0.000    1.000    6.541
  88   1937.71  -1605.63     62.00       3925    0.000    1.000    6.466
  89   1967.03  -1618.85     48.78       4266    0.000    1.000    7.001
  90   1996.34  -1630.49     37.13       4737    0.000    1.000    7.717
  91   2025.66  -1640.80     26.82       5320    0.000    1.000    7.179
  92   2054.97  -1649.43     18.20       5667    0.000    1.000    6.443
  93   2084.29  -1656.29     11.33       5340    0.000    1.000    7.027
  94   2113.60  -1661.42      6.20       5758    0.000    1.000    8.174
  95   2142.92  -1664.96      2.66       5179    0.000    1.000    8.597
  96   2172.23  -1666.95      0.67       5243    0.000    1.000    8.588
  97   2201.55  -1667.62      0.00       2920    0.000    1.000    8.442
  98   2230.86  -1667.62      0.01        673    0.000    1.000    8.320
  99   2260.18  -1667.32      0.30        172    0.000    1.000    8.383
 100   2289.49  -1667.32      0.31         33    0.000    1.000    8.395
