
Build and version information

Build number 6.0.15
Build date   20240314
Built:       
      by     p315462
      on     login1
      git id adc28a635c78993922188615a73366ace3402081
      with   GNU Fortran GCC 11.3.0
qfep version 6.0.15 , git id=adc28a635c78993922188615a73366ace3402081 initialising
Current date 2024- 4-18 and time 12:26:58

Welcome in qfep modification date 20240314

 Q6, Copyright © 2017 Johan Åqvist, John Marelius, Shina Caroline Lynn Kamerlin and Paul Bauer
 Q6 comes with ABSOLUTELY NO WARRANTY.  This is free software, and you are welcome
 to redistribute it under certain conditions. For details, add the --help flag.
--> Number of energy files: # Number of files                 =    51
--> No. of states, no. of predefined off-diag elements: # Number of states                 =     2
# Number of off-diagonal elements =     0
--> Give kT & no, of pts to skip   & calculation mode: # kT                              = 0.592
# Number of data points to skip   =   100
# Only QQ interactions will be considered   =   0
--> Give number of gap-bins: # Number of gap-bins              =   100
--> Give minimum # pts/bin: # Minimum number of points per bin=    20
--> Give alpha for state  2:                                                    # Alpha for state  2              =  -520.50
--> Number of off-diagonal elements:# Number of off-diagonal elements =     1
#   i   j   A(i,j)  mu(i,j) eta(i,j) rxy0(i,j)
--> i, j, A_ij, mu_ij, eta_ij, r_xy0: #   1   2     30.00      0.00      0.00      0.00
--> linear combination of states defining reaction coord: # Linear combination co-efficients=  1.00 -1.00


# Part 0: Average energies for all states in all files
# file             state   pts   lambda    EQtot   EQbond  EQang   EQtor   EQimp    EQel   EQvdW  Eel_qq  EvdW_qq Eel_qp  EvdW_qp Eel_qw EvdW_qw Eqrstr
--> Name of file number   1:                                                     
# Energy files from Qdyn, version: 6.0.16 , git id=adc28a635c78993922188615a73366ace3402081                        
fep_050_1.000.en        1      1899  1.000000  -10434.75  -10329.21     5.29     9.65     0.00   -95.05   -25.44   -51.89    11.15   -19.09   -36.14   -24.07    -0.45     0.00
fep_050_1.000.en        2      1899  0.000000   -9581.84   -9623.75   194.71     3.02     0.00  -143.04   -12.78  -147.07    24.00    31.15   -36.23   -27.11    -0.55     0.00
--> Name of file number   2:                                                     
# Energy files from Qdyn, version: 6.0.16 , git id=adc28a635c78993922188615a73366ace3402081                        
fep_049_0.980.en        1      1899  0.980000  -10436.81  -10328.80     5.20     9.76     0.00   -98.26   -24.71   -53.37    12.82   -21.24   -37.63   -23.64     0.11     0.00
fep_049_0.980.en        2      1899  0.020000   -9695.53   -9731.16   186.23     2.77     0.00  -142.11   -11.27  -142.63    26.51    25.80   -37.78   -25.27     0.00     0.00
--> Name of file number   3:                                                     
# Energy files from Qdyn, version: 6.0.16 , git id=adc28a635c78993922188615a73366ace3402081                        
fep_048_0.960.en        1      1899  0.960000  -10429.01  -10327.90     6.31    10.02     0.00   -96.79   -20.66   -55.57    15.93   -17.70   -36.66   -23.52     0.07     0.00
fep_048_0.960.en        2      1899  0.040000   -9832.87   -9858.73   160.85     4.21     0.00  -132.90    -6.31  -137.09    30.62    32.71   -36.89   -28.52    -0.04     0.00
--> Name of file number   4:                                                     
# Energy files from Qdyn, version: 6.0.16 , git id=adc28a635c78993922188615a73366ace3402081                        
fep_047_0.940.en        1      1899  0.940000  -10425.74  -10327.49     7.47     9.74     0.00   -97.85   -17.61   -56.73    20.52   -20.13   -38.55   -21.00     0.42     0.00
fep_047_0.940.en        2      1899  0.060000   -9978.44   -9997.02   148.96     3.64     0.00  -133.08    -0.95  -131.49    37.57    21.41   -38.81   -23.00     0.30     0.00
--> Name of file number   5:                                                     
# Energy files from Qdyn, version: 6.0.16 , git id=adc28a635c78993922188615a73366ace3402081                        
fep_046_0.920.en        1      1899  0.920000  -10419.06  -10323.75     9.49     9.71     0.00  -103.59   -10.92   -58.95    26.76   -23.54   -37.60   -21.09    -0.08     0.00
fep_046_0.920.en        2      1899  0.080000  -10126.58  -10143.22   140.23     3.07     0.00  -134.70     8.05  -124.80    46.17    13.52   -37.93   -23.43    -0.20     0.00
--> Name of file number   6:                                                     
# Energy files from Qdyn, version: 6.0.16 , git id=adc28a635c78993922188615a73366ace3402081                        
fep_000_0.900.en        1      1899  0.900000  -10403.94  -10316.63    11.59     9.74     0.00  -104.81    -3.84   -60.68    33.96   -22.98   -37.57   -21.15    -0.23     0.00
fep_000_0.900.en        2      1899  0.100000  -10297.22  -10327.55   134.34     2.83     0.00  -123.61    16.78  -116.37    54.99    17.62   -37.88   -24.86    -0.33     0.00
--> Name of file number   7:                                                     
# Energy files from Qdyn, version: 6.0.16 , git id=adc28a635c78993922188615a73366ace3402081                        
fep_001_0.880.en        1      1899  0.880000  -10394.66  -10307.68    14.29     9.70     0.00  -113.31     2.33   -61.88    40.02   -28.39   -36.59   -23.03    -1.10     0.00
fep_001_0.880.en        2      1899  0.120000  -10439.48  -10465.07   129.96     2.79     0.00  -130.09    22.93  -107.90    61.11     4.19   -36.97   -26.37    -1.21     0.00
--> Name of file number   8:                                                     
# Energy files from Qdyn, version: 6.0.16 , git id=adc28a635c78993922188615a73366ace3402081                        
fep_002_0.860.en        1      1899  0.860000  -10383.89  -10298.16    15.22     9.44     0.00  -119.40     9.00   -62.57    44.45   -32.82   -34.94   -24.01    -0.51     0.00
fep_002_0.860.en        2      1899  0.140000  -10527.03  -10556.26   129.77     2.85     0.00  -131.28    27.89  -102.69    63.86    -2.53   -35.36   -26.07    -0.61     0.00
--> Name of file number   9:                                                     
# Energy files from Qdyn, version: 6.0.16 , git id=adc28a635c78993922188615a73366ace3402081                        
fep_003_0.840.en        1      1899  0.840000  -10375.27  -10295.06    16.62     9.44     0.00  -118.95    12.67   -63.60    47.33   -31.85   -34.36   -23.50    -0.30     0.00
fep_003_0.840.en        2      1899  0.160000  -10578.61  -10607.87   123.76     3.40     0.00  -128.44    30.55  -100.32    65.74     0.54   -34.80   -28.66    -0.39     0.00
--> Name of file number  10:                                                     
# Energy files from Qdyn, version: 6.0.16 , git id=adc28a635c78993922188615a73366ace3402081                        
fep_004_0.820.en        1      1899  0.820000  -10367.56  -10290.52    16.93     9.50     0.00  -117.74    14.27   -63.05    50.69   -31.30   -35.44   -23.40    -0.98     0.00
fep_004_0.820.en        2      1899  0.180000  -10626.39  -10654.26   120.55     3.43     0.00  -124.83    28.73   -99.23    65.69     2.05   -35.89   -27.64    -1.07     0.00
--> Name of file number  11:                                                     
# Energy files from Qdyn, version: 6.0.16 , git id=adc28a635c78993922188615a73366ace3402081                        
fep_005_0.800.en        1      1899  0.800000  -10357.23  -10286.22    17.36     9.40     0.00  -113.08    15.32   -62.21    53.91   -28.50   -37.26   -22.37    -1.33     0.00
fep_005_0.800.en        2      1899  0.200000  -10653.84  -10683.56   120.84     3.20     0.00  -121.21    26.89   -97.03    65.85     0.49   -37.56   -24.68    -1.40     0.00
--> Name of file number  12:                                                     
# Energy files from Qdyn, version: 6.0.16 , git id=adc28a635c78993922188615a73366ace3402081                        
fep_006_0.780.en        1      1899  0.780000  -10352.57  -10282.65    18.68     9.49     0.00  -115.54    17.45   -62.16    56.68   -28.81   -38.43   -24.58    -0.80     0.00
fep_006_0.780.en        2      1899  0.220000  -10687.85  -10713.85   118.81     2.36     0.00  -122.39    27.22   -96.94    66.88     2.14   -38.82   -27.58    -0.84     0.00
--> Name of file number  13:                                                     
# Energy files from Qdyn, version: 6.0.16 , git id=adc28a635c78993922188615a73366ace3402081                        
fep_007_0.760.en        1      1899  0.760000  -10344.31  -10280.00    19.39     9.34     0.00  -113.30    20.25   -62.76    58.98   -26.41   -38.51   -24.13    -0.22     0.00
fep_007_0.760.en        2      1899  0.240000  -10708.37  -10732.08   115.05     2.91     0.00  -121.46    27.21   -96.81    66.36     2.85   -38.88   -27.50    -0.26     0.00
--> Name of file number  14:                                                     
# Energy files from Qdyn, version: 6.0.16 , git id=adc28a635c78993922188615a73366ace3402081                        
fep_008_0.740.en        1      1899  0.740000  -10333.88  -10276.53    20.96     9.04     0.00  -110.01    22.66   -62.13    59.56   -22.35   -37.07   -25.54     0.17     0.00
fep_008_0.740.en        2      1899  0.260000  -10767.94  -10768.92    76.59     8.20     0.00  -111.91    28.09   -86.49    65.45     2.50   -37.47   -27.92     0.11     0.00
--> Name of file number  15:                                                     
# Energy files from Qdyn, version: 6.0.16 , git id=adc28a635c78993922188615a73366ace3402081                        
fep_009_0.720.en        1      1899  0.720000  -10329.63  -10273.01    20.84     9.29     0.00  -114.33    27.60   -66.36    64.08   -26.61   -36.49   -21.37    -0.00     0.00
fep_009_0.720.en        2      1899  0.280000  -10804.83  -10800.40    62.15     5.84     0.00  -101.38    28.95   -75.05    65.90     0.74   -36.91   -27.06    -0.04     0.00
--> Name of file number  16:                                                     
# Energy files from Qdyn, version: 6.0.16 , git id=adc28a635c78993922188615a73366ace3402081                        
fep_010_0.700.en        1      1899  0.700000  -10328.90  -10270.00    20.50     9.27     0.00  -116.69    28.02   -66.52    66.10   -26.98   -37.99   -23.19    -0.09     0.00
fep_010_0.700.en        2      1899  0.300000  -10824.63  -10814.58    60.88     6.21     0.00  -103.07    25.93   -74.25    64.49    -2.06   -38.43   -26.76    -0.13     0.00
--> Name of file number  17:                                                     
# Energy files from Qdyn, version: 6.0.16 , git id=adc28a635c78993922188615a73366ace3402081                        
fep_011_0.680.en        1      1899  0.680000  -10322.08  -10268.36    19.75     9.71     0.00  -116.49    33.31   -66.44    69.01   -25.29   -36.08   -24.76     0.38     0.00
fep_011_0.680.en        2      1899  0.320000  -10831.78  -10822.59    59.31     6.39     0.00  -103.65    28.75   -75.23    64.90    -0.24   -36.48   -28.19     0.34     0.00
--> Name of file number  18:                                                     
# Energy files from Qdyn, version: 6.0.16 , git id=adc28a635c78993922188615a73366ace3402081                        
fep_012_0.660.en        1      1899  0.660000  -10318.39  -10265.30    20.11     9.38     0.00  -117.21    34.62   -67.74    71.25   -27.52   -36.68   -21.95     0.05     0.00
fep_012_0.660.en        2      1899  0.340000  -10845.35  -10836.87    59.68     6.68     0.00  -102.72    27.88   -74.66    64.99    -1.00   -37.12   -27.06     0.01     0.00
--> Name of file number  19:                                                     
# Energy files from Qdyn, version: 6.0.16 , git id=adc28a635c78993922188615a73366ace3402081                        
fep_013_0.640.en        1      1899  0.640000  -10311.37  -10262.22    20.52     9.52     0.00  -115.06    35.87   -67.44    73.07   -26.09   -37.40   -21.53     0.20     0.00
fep_013_0.640.en        2      1899  0.360000  -10855.27  -10843.54    59.03     6.50     0.00  -103.04    25.78   -73.92    63.48    -2.15   -37.85   -26.97     0.16     0.00
--> Name of file number  20:                                                     
# Energy files from Qdyn, version: 6.0.16 , git id=adc28a635c78993922188615a73366ace3402081                        
fep_014_0.620.en        1      1899  0.620000  -10305.52  -10257.91    20.42     9.95     0.00  -115.71    37.73   -68.53    75.49   -26.98   -36.46   -20.21    -1.30     0.00
fep_014_0.620.en        2      1899  0.380000  -10864.36  -10852.06    59.52     6.64     0.00  -103.22    24.76   -74.60    63.06    -3.88   -36.94   -24.74    -1.36     0.00
--> Name of file number  21:                                                     
# Energy files from Qdyn, version: 6.0.16 , git id=adc28a635c78993922188615a73366ace3402081                        
fep_015_0.600.en        1      1899  0.600000  -10305.87  -10256.18    19.94     9.31     0.00  -118.99    40.06   -68.58    76.62   -29.64   -36.22   -20.77    -0.34     0.00
fep_015_0.600.en        2      1899  0.400000  -10875.04  -10858.99    58.09     6.43     0.00  -106.27    25.69   -73.40    62.79    -7.04   -36.71   -25.83    -0.39     0.00
--> Name of file number  22:                                                     
# Energy files from Qdyn, version: 6.0.16 , git id=adc28a635c78993922188615a73366ace3402081                        
fep_016_0.580.en        1      1899  0.580000  -10298.93  -10251.13    20.09     9.59     0.00  -118.22    40.74   -69.03    78.61   -26.12   -37.66   -23.07    -0.21     0.00
fep_016_0.580.en        2      1899  0.420000  -10885.21  -10865.39    58.43     6.33     0.00  -107.24    22.65   -73.49    61.08    -3.29   -38.16   -30.46    -0.26     0.00
--> Name of file number  23:                                                     
# Energy files from Qdyn, version: 6.0.16 , git id=adc28a635c78993922188615a73366ace3402081                        
fep_017_0.560.en        1      1899  0.560000  -10280.65  -10191.06    21.91     9.36     0.00  -160.03    39.17  -116.53    77.15   -21.66   -37.85   -21.84    -0.13     0.00
fep_017_0.560.en        2      1899  0.440000  -10909.40  -10911.77    58.44     5.90     0.00   -80.44    18.47   -49.09    57.03    -1.42   -38.34   -29.93    -0.21     0.00
--> Name of file number  24:                                                     
# Energy files from Qdyn, version: 6.0.16 , git id=adc28a635c78993922188615a73366ace3402081                        
fep_018_0.540.en        1      1899  0.540000  -10273.66  -10173.49    22.06     9.27     0.00  -172.16    40.67  -127.82    78.74   -23.09   -38.09   -21.25     0.02     0.00
fep_018_0.540.en        2      1899  0.460000  -10924.14  -10926.66    58.02     6.80     0.00   -78.58    16.28   -43.91    54.87    -5.68   -38.51   -28.99    -0.07     0.00
--> Name of file number  25:                                                     
# Energy files from Qdyn, version: 6.0.16 , git id=adc28a635c78993922188615a73366ace3402081                        
fep_019_0.520.en        1      1899  0.520000  -10267.96  -10168.53    22.34     9.22     0.00  -174.18    43.19  -126.77    80.56   -21.61   -37.36   -25.80    -0.02     0.00
fep_019_0.520.en        2      1899  0.480000  -10930.19  -10930.29    58.17     5.14     0.00   -79.41    16.20   -43.40    54.11    -3.41   -37.80   -32.60    -0.11     0.00
--> Name of file number  26:                                                     
# Energy files from Qdyn, version: 6.0.16 , git id=adc28a635c78993922188615a73366ace3402081                        
fep_020_0.500.en        1      1899  0.500000  -10260.35  -10163.95    22.52     9.30     0.00  -171.88    43.66  -125.35    81.05   -20.97   -37.45   -25.56     0.07     0.00
fep_020_0.500.en        2      1899  0.500000  -10939.71  -10936.00    57.74     5.82     0.00   -81.37    14.11   -42.57    51.98    -4.45   -37.85   -34.35    -0.02     0.00
--> Name of file number  27:                                                     
# Energy files from Qdyn, version: 6.0.16 , git id=adc28a635c78993922188615a73366ace3402081                        
fep_021_0.480.en        1      1899  0.480000  -10251.62  -10162.49    22.39     9.37     0.00  -169.34    48.46  -123.23    82.95   -23.40   -35.33   -22.71     0.84     0.00
fep_021_0.480.en        2      1899  0.520000  -10942.28  -10940.54    55.95     5.37     0.00   -80.13    17.07   -42.94    52.14    -7.89   -35.81   -29.30     0.75     0.00
--> Name of file number  28:                                                     
# Energy files from Qdyn, version: 6.0.16 , git id=adc28a635c78993922188615a73366ace3402081                        
fep_022_0.460.en        1      1899  0.460000  -10243.97  -10152.60    21.39     9.70     0.00  -168.77    46.30  -125.08    83.17   -22.36   -37.19   -21.33     0.32     0.00
fep_022_0.460.en        2      1899  0.540000  -10947.06  -10943.75    55.87     5.47     0.00   -76.24    11.60   -41.58    48.95    -6.53   -37.60   -28.13     0.24     0.00
--> Name of file number  29:                                                     
# Energy files from Qdyn, version: 6.0.16 , git id=adc28a635c78993922188615a73366ace3402081                        
fep_023_0.440.en        1      1899  0.440000  -10235.35  -10147.23    22.82     9.81     0.00  -168.57    47.83  -123.65    84.44   -20.94   -37.11   -23.98     0.50     0.00
fep_023_0.440.en        2      1899  0.560000  -10953.26  -10948.01    55.90     5.89     0.00   -77.19    10.14   -40.99    47.24    -4.22   -37.52   -31.98     0.42     0.00
--> Name of file number  30:                                                     
# Energy files from Qdyn, version: 6.0.16 , git id=adc28a635c78993922188615a73366ace3402081                        
fep_024_0.420.en        1      1899  0.420000  -10233.12  -10145.70    22.40     9.54     0.00  -169.25    49.90  -122.04    85.96   -21.91   -36.11   -25.31     0.04     0.00
fep_024_0.420.en        2      1899  0.580000  -10964.13  -10951.85    54.25     5.49     0.00   -82.09    10.07   -41.59    46.65    -5.05   -36.52   -35.45    -0.06     0.00
--> Name of file number  31:                                                     
# Energy files from Qdyn, version: 6.0.16 , git id=adc28a635c78993922188615a73366ace3402081                        
fep_025_0.400.en        1      1899  0.400000  -10225.80  -10137.88    21.96    10.19     0.00  -170.88    50.81  -121.92    86.34   -20.77   -36.23   -28.18     0.70     0.00
fep_025_0.400.en        2      1899  0.600000  -10973.57  -10954.57    52.41     5.52     0.00   -85.52     8.58   -40.51    44.60    -6.50   -36.62   -38.51     0.60     0.00
--> Name of file number  32:                                                     
# Energy files from Qdyn, version: 6.0.16 , git id=adc28a635c78993922188615a73366ace3402081                        
fep_026_0.380.en        1      1899  0.380000  -10218.08  -10131.89    21.81     9.74     0.00  -169.46    51.72  -121.76    86.60   -20.16   -35.32   -27.53     0.44     0.00
fep_026_0.380.en        2      1899  0.620000  -10976.17  -10957.88    51.57     5.42     0.00   -83.15     7.88   -39.85    43.31    -5.89   -35.79   -37.40     0.35     0.00
--> Name of file number  33:                                                     
# Energy files from Qdyn, version: 6.0.16 , git id=adc28a635c78993922188615a73366ace3402081                        
fep_027_0.360.en        1      1899  0.360000  -10204.24  -10125.10    21.74     9.98     0.00  -166.42    55.55  -121.19    91.35   -18.56   -36.33   -26.68     0.54     0.00
fep_027_0.360.en        2      1899  0.640000  -10980.54  -10959.82    49.75     5.37     0.00   -81.77     5.95   -41.35    42.20    -2.38   -36.69   -38.04     0.44     0.00
--> Name of file number  34:                                                     
# Energy files from Qdyn, version: 6.0.16 , git id=adc28a635c78993922188615a73366ace3402081                        
fep_028_0.340.en        1      1899  0.340000  -10195.36  -10116.48    21.42    10.41     0.00  -165.01    54.30  -121.30    91.33   -18.86   -37.47   -24.85     0.44     0.00
fep_028_0.340.en        2      1899  0.660000  -10985.48  -10962.19    49.14     5.23     0.00   -80.99     3.32   -40.48    40.85    -3.89   -37.89   -36.62     0.36     0.00
--> Name of file number  35:                                                     
# Energy files from Qdyn, version: 6.0.16 , git id=adc28a635c78993922188615a73366ace3402081                        
fep_029_0.320.en        1      1899  0.320000  -10179.96  -10106.82    22.29    10.02     0.00  -161.70    56.25  -120.63    92.87   -15.13   -37.04   -25.94     0.42     0.00
fep_029_0.320.en        2      1899  0.680000  -10987.63  -10964.58    48.48     5.43     0.00   -79.48     2.51   -39.77    39.58    -1.76   -37.41   -37.95     0.34     0.00
--> Name of file number  36:                                                     
# Energy files from Qdyn, version: 6.0.16 , git id=adc28a635c78993922188615a73366ace3402081                        
fep_030_0.300.en        1      1899  0.300000  -10167.83  -10100.44    20.59    10.69     0.00  -156.39    57.73  -119.19    94.81   -12.91   -37.29   -24.29     0.21     0.00
fep_030_0.300.en        2      1899  0.700000  -10992.01  -10965.69    46.18     5.40     0.00   -79.06     1.16   -41.02    38.72    -0.41   -37.70   -37.64     0.13     0.00
--> Name of file number  37:                                                     
# Energy files from Qdyn, version: 6.0.16 , git id=adc28a635c78993922188615a73366ace3402081                        
fep_031_0.280.en        1      1899  0.280000  -10152.18  -10086.77    20.78    10.91     0.00  -155.65    58.55  -119.91    96.15   -12.46   -37.87   -23.27     0.28     0.00
fep_031_0.280.en        2      1899  0.720000  -10994.42  -10967.29    45.71     4.99     0.00   -76.73    -1.10   -40.61    36.97     0.27   -38.27   -36.39     0.20     0.00
--> Name of file number  38:                                                     
# Energy files from Qdyn, version: 6.0.16 , git id=adc28a635c78993922188615a73366ace3402081                        
fep_032_0.260.en        1      1899  0.260000  -10136.84  -10068.00    21.45    10.72     0.00  -158.21    57.21  -120.22    95.60   -14.48   -38.62   -23.50     0.23     0.00
fep_032_0.260.en        2      1899  0.740000  -11001.47  -10968.83    43.64     5.20     0.00   -76.73    -4.75   -38.84    34.09    -2.76   -38.98   -35.13     0.15     0.00
--> Name of file number  39:                                                     
# Energy files from Qdyn, version: 6.0.16 , git id=adc28a635c78993922188615a73366ace3402081                        
fep_033_0.240.en        1      1899  0.240000  -10119.99  -10053.23    23.67    10.93     0.00  -160.71    59.35  -121.11    94.68   -15.72   -36.24   -23.87     0.91     0.00
fep_033_0.240.en        2      1899  0.760000  -11007.04  -10972.18    41.56     4.99     0.00   -77.94    -3.47   -37.44    32.30    -5.78   -36.58   -34.72     0.81     0.00
--> Name of file number  40:                                                     
# Energy files from Qdyn, version: 6.0.16 , git id=adc28a635c78993922188615a73366ace3402081                        
fep_034_0.220.en        1      1899  0.220000  -10100.90  -10030.78    23.27    10.34     0.00  -161.37    57.64  -122.21    94.16   -13.63   -37.66   -25.53     1.15     0.00
fep_034_0.220.en        2      1899  0.780000  -11014.81  -10973.62    39.44     5.10     0.00   -78.69    -7.05   -36.43    29.85    -4.82   -37.95   -37.44     1.04     0.00
--> Name of file number  41:                                                     
# Energy files from Qdyn, version: 6.0.16 , git id=adc28a635c78993922188615a73366ace3402081                        
fep_035_0.200.en        1      1899  0.200000  -10082.19  -10015.65    22.43    10.45     0.00  -155.24    55.82  -120.04    94.20    -9.04   -38.93   -26.16     0.55     0.00
fep_035_0.200.en        2      1899  0.800000  -11022.02  -10974.97    36.46     4.87     0.00   -78.25   -10.14   -38.14    28.60    -0.53   -39.23   -39.58     0.48     0.00
--> Name of file number  42:                                                     
# Energy files from Qdyn, version: 6.0.16 , git id=adc28a635c78993922188615a73366ace3402081                        
fep_036_0.180.en        1      1899  0.180000  -10049.42   -9979.87    22.77    12.31     0.00  -160.19    55.55  -119.79    92.34   -15.51   -36.86   -24.90     0.08     0.00
fep_036_0.180.en        2      1899  0.820000  -11029.63  -10975.92    33.22     5.44     0.00   -81.54   -10.84   -37.19    26.34    -6.80   -37.17   -37.54    -0.01     0.00
--> Name of file number  43:                                                     
# Energy files from Qdyn, version: 6.0.16 , git id=adc28a635c78993922188615a73366ace3402081                        
fep_037_0.160.en        1      1899  0.160000  -10008.50   -9943.31    24.83    12.76     0.00  -156.45    53.67  -119.04    90.27   -14.18   -36.31   -23.23    -0.29     0.00
fep_037_0.160.en        2      1899  0.840000  -11033.40  -10976.54    29.10     5.22     0.00   -78.65   -12.52   -37.72    24.41    -6.91   -36.58   -34.01    -0.35     0.00
--> Name of file number  44:                                                     
# Energy files from Qdyn, version: 6.0.16 , git id=adc28a635c78993922188615a73366ace3402081                        
fep_038_0.140.en        1      1899  0.140000   -9956.71   -9894.17    26.55    11.05     0.00  -149.37    49.23  -119.37    86.59    -9.10   -38.06   -20.89     0.71     0.00
fep_038_0.140.en        2      1899  0.860000  -11041.43  -10977.24    23.65     4.55     0.00   -76.75   -15.63   -38.16    22.06    -1.50   -38.33   -37.10     0.63     0.00
--> Name of file number  45:                                                     
# Energy files from Qdyn, version: 6.0.16 , git id=adc28a635c78993922188615a73366ace3402081                        
fep_039_0.120.en        1      1899  0.120000   -9915.54   -9841.87    30.27    11.35     0.00  -161.35    46.06  -121.64    82.20   -14.89   -36.58   -24.82     0.44     0.00
fep_039_0.120.en        2      1899  0.880000  -11054.65  -10979.27    19.88     4.82     0.00   -82.72   -17.36   -34.47    18.99    -8.81   -36.70   -39.44     0.35     0.00
--> Name of file number  46:                                                     
# Energy files from Qdyn, version: 6.0.16 , git id=adc28a635c78993922188615a73366ace3402081                        
fep_040_0.100.en        1      1899  0.100000   -9854.98   -9779.45    36.30    13.06     0.00  -164.66    39.78  -124.64    76.04   -12.22   -36.88   -27.80     0.62     0.00
fep_040_0.100.en        2      1899  0.900000  -11062.16  -10980.16    14.72     4.84     0.00   -81.55   -20.01   -31.02    16.32    -9.11   -36.85   -41.43     0.52     0.00
--> Name of file number  47:                                                     
# Energy files from Qdyn, version: 6.0.16 , git id=adc28a635c78993922188615a73366ace3402081                        
fep_041_0.080.en        1      1899  0.080000   -9800.52   -9728.48    36.31    13.42     0.00  -159.35    37.57  -120.68    73.36   -12.07   -36.22   -26.60     0.44     0.00
fep_041_0.080.en        2      1899  0.920000  -11069.47  -10981.03    10.71     4.92     0.00   -83.50   -20.57   -34.27    15.40    -9.15   -36.33   -40.08     0.36     0.00
--> Name of file number  48:                                                     
# Energy files from Qdyn, version: 6.0.16 , git id=adc28a635c78993922188615a73366ace3402081                        
fep_042_0.060.en        1      1899  0.060000   -9754.96   -9682.21    43.95    14.45     0.00  -167.63    36.48  -123.46    71.84   -15.26   -36.29   -28.91     0.93     0.00
fep_042_0.060.en        2      1899  0.940000  -11078.93  -10981.56     8.38     4.47     0.00   -88.44   -21.78   -31.24    13.61   -11.24   -36.22   -45.96     0.83     0.00
--> Name of file number  49:                                                     
# Energy files from Qdyn, version: 6.0.16 , git id=adc28a635c78993922188615a73366ace3402081                        
fep_043_0.040.en        1      1899  0.040000   -9700.87   -9641.56    56.73    15.92     0.00  -166.25    34.30  -126.78    71.05   -11.55   -37.31   -27.93     0.56     0.00
fep_043_0.040.en        2      1899  0.960000  -11077.34  -10981.86     7.91     4.59     0.00   -83.27   -24.71   -28.37    12.10   -11.71   -37.27   -43.19     0.46     0.00
--> Name of file number  50:                                                     
# Energy files from Qdyn, version: 6.0.16 , git id=adc28a635c78993922188615a73366ace3402081                        
fep_044_0.020.en        1      1899  0.020000   -9664.94   -9612.86    60.98    16.46     0.00  -166.86    37.34  -124.93    73.08   -15.03   -36.69   -26.90     0.94     0.00
fep_044_0.020.en        2      1899  0.980000  -11080.77  -10981.87     6.67     4.22     0.00   -86.06   -23.74   -28.52    11.98   -13.46   -36.59   -44.08     0.86     0.00
--> Name of file number  51:                                                     
# Energy files from Qdyn, version: 6.0.16 , git id=adc28a635c78993922188615a73366ace3402081                        
fep_045_0.000.en        1      1899  0.000000   -9514.10   -9581.23   193.12    17.29     0.00  -179.86    36.57  -140.88    71.32   -11.91   -36.10   -27.08     1.35     0.00
fep_045_0.000.en        2      1899  1.000000  -11081.02  -10981.46     6.86     4.04     0.00   -86.20   -24.27   -26.13    10.51   -15.76   -36.13   -44.32     1.35     0.00


# Part 1: Free energy perturbation summary:

# Calculation for full system
# lambda(1)      dGf sum(dGf)      dGr sum(dGr)     <dG>
   1.000000     0.000     0.000    -5.445  1122.121     0.000
   0.980000     5.338     5.338    -3.207  1127.566     5.392
   0.960000     2.972     8.310    -0.106  1130.774     8.481
   0.940000     0.267     8.577     2.839  1130.879     8.668
   0.920000    -3.329     5.248     7.008  1128.040     5.584
   0.900000    -5.975    -0.727    10.458  1121.032    -0.908
   0.880000    -9.411   -10.139    12.502  1110.574   -10.843
   0.860000   -12.176   -22.314    13.880  1098.072   -23.182
   0.840000   -14.018   -36.333    15.040  1084.192   -37.131
   0.820000   -14.985   -51.318    15.795  1069.152   -52.143
   0.800000   -16.000   -67.317    16.759  1053.356   -68.041
   0.780000   -16.845   -84.163    17.298  1036.597   -84.843
   0.760000   -17.476  -101.638    18.696  1019.299  -102.230
   0.740000   -18.067  -119.706    19.661  1000.603  -120.612
   0.720000   -19.431  -139.137    20.183   980.942  -140.158
   0.700000   -20.166  -159.302    20.365   960.759  -160.332
   0.680000   -20.460  -179.762    20.779   940.394  -180.745
   0.660000   -20.812  -200.575    21.170   919.615  -201.540
   0.640000   -21.100  -221.675    21.460   898.445  -222.675
   0.620000   -21.408  -243.083    21.683   876.985  -244.109
   0.600000   -21.718  -264.802    22.005   855.302  -265.810
   0.580000   -21.902  -286.704    22.772   833.297  -287.764
   0.560000   -22.260  -308.964    23.303   810.524  -310.280
   0.540000   -23.159  -332.123    23.523   787.222  -333.511
   0.520000   -23.542  -355.665    23.906   763.698  -357.044
   0.500000   -23.774  -379.439    24.120   739.792  -380.884
   0.480000   -24.093  -403.533    24.372   715.672  -404.991
   0.460000   -24.331  -427.864    24.654   691.300  -429.342
   0.440000   -24.579  -452.443    24.911   666.646  -453.959
   0.420000   -24.878  -477.321    25.251   641.735  -478.854
   0.400000   -25.149  -502.470    25.470   616.484  -504.054
   0.380000   -25.487  -527.957    25.822   591.014  -529.532
   0.360000   -25.677  -553.635    26.064   565.192  -555.282
   0.340000   -26.047  -579.682    26.401   539.128  -581.337
   0.320000   -26.373  -606.055    26.667   512.727  -607.724
   0.300000   -26.733  -632.788    27.056   486.060  -634.424
   0.280000   -27.135  -659.923    27.467   459.004  -661.520
   0.260000   -27.453  -687.376    27.934   431.537  -688.980
   0.240000   -27.932  -715.308    28.422   403.602  -716.913
   0.220000   -28.405  -743.713    28.938   375.180  -745.327
   0.200000   -29.027  -772.740    29.587   346.242  -774.309
   0.180000   -29.500  -802.240    30.522   316.656  -803.852
   0.160000   -30.477  -832.717    31.574   286.134  -834.352
   0.140000   -31.354  -864.071    32.517   254.560  -865.816
   0.120000   -32.599  -896.670    33.934   222.043  -898.374
   0.100000   -33.799  -930.469    35.227   188.109  -932.240
   0.080000   -35.226  -965.695    36.459   152.883  -967.466
   0.060000   -36.360 -1002.055    37.315   116.424 -1003.876
   0.040000   -37.257 -1039.312    38.387    79.109 -1041.162
   0.020000   -38.356 -1077.668    40.722    40.722 -1079.533
   0.000000   -39.094 -1116.762     0.000     0.000 -1119.441

# Min energy-gap is:   -454.26
# Max energy-gap is:   2266.35



# Part 2: Reaction free energy summary:
# Lambda(1)  bin Energy gap      dGa     dGb     dGg    # pts    c1**2    c2**2
   1.000000    1    -440.66       0.00     428.58      -2.06     47     0.995     0.005
   1.000000    2    -413.45       0.00     401.75      -2.18    180     0.995     0.005
   1.000000    3    -386.24       0.00     374.75      -2.33    310     0.994     0.006
   1.000000    4    -359.04       0.00     347.66      -2.50    317     0.993     0.007
   1.000000    5    -331.83       0.00     320.53      -2.70    339     0.992     0.008
   1.000000    6    -304.63       0.00     293.56      -2.92    281     0.991     0.009
   1.000000    7    -277.42       0.00     266.43      -3.21    171     0.989     0.011
   1.000000    8    -250.21       0.00     239.24      -3.57    124     0.986     0.014
   1.000000    9    -223.01       0.00     213.46      -3.96     74     0.983     0.017
   1.000000   10    -195.80       0.00     184.46      -4.46     37     0.979     0.021
   0.980000    5    -331.83      -1.26     319.62      -3.94     87     0.992     0.008
   0.980000    6    -304.63      -0.72     292.84      -3.63    152     0.991     0.009
   0.980000    7    -277.42      -0.15     265.88      -3.36    197     0.989     0.011
   0.980000    8    -250.21       0.38     239.50      -3.16    357     0.986     0.014
   0.980000    9    -223.01       0.88     213.06      -3.04    330     0.983     0.017
   0.980000   10    -195.80       1.43     186.83      -3.02    309     0.978     0.022
   0.980000   11    -168.60       1.97     160.28      -3.16    145     0.971     0.029
   0.980000   12    -141.39       2.53     133.28      -3.57    120     0.960     0.040
   0.980000   13    -114.18       3.03     106.06      -4.29     84     0.945     0.055
   0.980000   14     -86.98       3.61      80.83      -5.87     63     0.912     0.088
   0.980000   15     -59.77       4.16      55.89      -8.85     33     0.854     0.146
   0.960000    8    -250.21      -1.57     238.30      -5.09     34     0.986     0.014
   0.960000    9    -223.01      -0.46     212.06      -4.40     57     0.983     0.017
   0.960000   10    -195.80       0.61     185.91      -3.85     54     0.978     0.022
   0.960000   11    -168.60       1.74     159.59      -3.44     99     0.970     0.030
   0.960000   12    -141.39       2.78     133.20      -3.29    182     0.960     0.040
   0.960000   13    -114.18       3.85     107.16      -3.54    219     0.942     0.058
   0.960000   14     -86.98       4.99      81.05      -4.59    252     0.908     0.092
   0.960000   15     -59.77       5.99      55.29      -6.90    319     0.853     0.147
   0.960000   16     -32.57       7.09      28.85     -12.73    264     0.735     0.265
   0.960000   17      -5.36       8.16       2.72     -23.75    192     0.550     0.450
   0.960000   18      21.85       9.22     -23.43     -40.68    146     0.341     0.659
   0.960000   19      49.05      10.27     -47.79     -60.15     52     0.197     0.803
   0.940000   14     -86.98       3.41      79.40      -6.04     28     0.908     0.092
   0.940000   15     -59.77       5.00      54.80      -7.87     78     0.847     0.153
   0.940000   16     -32.57       6.55      28.69     -12.91    110     0.735     0.265
   0.940000   17      -5.36       8.24       3.11     -23.50    187     0.535     0.465
   0.940000   18      21.85       9.80     -22.31     -39.62    231     0.332     0.668
   0.940000   19      49.05      11.44     -48.14     -60.27    220     0.185     0.815
   0.940000   20      76.26      13.10     -73.85     -82.99    274     0.107     0.893
   0.940000   21     103.46      14.65     -99.12    -106.40    204     0.069     0.931
   0.940000   22     130.67      16.32    -124.63    -130.64    199     0.046     0.954
   0.940000   23     157.88      17.95    -150.12    -155.24    128     0.033     0.967
   0.940000   24     185.08      19.52    -175.51    -179.96    120     0.025     0.975
   0.940000   25     212.29      21.17    -201.52    -205.44     67     0.019     0.981
   0.940000   26     239.50      22.86    -227.09    -230.60     24     0.015     0.985
   0.920000   19      49.05       9.24     -49.77     -61.92     33     0.185     0.815
   0.920000   20      76.26      11.27     -75.28     -84.42     36     0.110     0.890
   0.920000   21     103.46      13.55     -99.56    -106.85     77     0.068     0.932
   0.920000   22     130.67      15.77    -124.75    -130.78    116     0.046     0.954
   0.920000   23     157.88      17.96    -149.72    -154.84    172     0.033     0.967
   0.920000   24     185.08      20.14    -175.29    -179.73    207     0.024     0.976
   0.920000   25     212.29      22.32    -200.08    -204.01    277     0.019     0.981
   0.920000   26     239.50      24.40    -224.65    -228.17    249     0.015     0.985
   0.920000   27     266.70      26.57    -250.11    -253.29    227     0.012     0.988
   0.920000   28     293.91      28.75    -274.74    -277.64    204     0.010     0.990
   0.920000   29     321.11      31.03    -300.05    -302.73    155     0.008     0.992
   0.920000   30     348.32      33.09    -324.79    -327.27     96     0.007     0.993
   0.920000   31     375.53      35.33    -347.81    -350.13     38     0.006     0.994
   0.900000   27     266.70      25.30    -250.98    -254.17     22     0.012     0.988
   0.900000   28     293.91      28.24    -275.54    -278.44     68     0.010     0.990
   0.900000   29     321.11      30.70    -300.24    -302.91    115     0.009     0.991
   0.900000   30     348.32      33.50    -324.62    -327.10    163     0.007     0.993
   0.900000   31     375.53      36.28    -348.73    -351.04    250     0.006     0.994
   0.900000   32     402.73      38.92    -373.34    -375.50    328     0.005     0.995
   0.900000   33     429.94      41.66    -397.91    -399.94    339     0.005     0.995
   0.900000   34     457.14      44.33    -422.25    -424.15    262     0.004     0.996
   0.900000   35     484.35      46.97    -446.98    -448.79    178     0.004     0.996
   0.900000   36     511.56      49.64    -470.84    -472.54    112     0.003     0.997
   0.900000   37     538.76      52.42    -494.43    -496.06     37     0.003     0.997
   0.880000   34     457.14      43.69    -423.26    -425.16     56     0.004     0.996
   0.880000   35     484.35      46.79    -447.11    -448.92    124     0.004     0.996
   0.880000   36     511.56      49.97    -470.88    -472.59    229     0.003     0.997
   0.880000   37     538.76      53.25    -494.76    -496.38    334     0.003     0.997
   0.880000   38     565.97      56.47    -518.56    -520.11    382     0.003     0.997
   0.880000   39     593.17      59.69    -542.54    -544.02    359     0.003     0.997
   0.880000   40     620.38      62.91    -566.30    -567.71    243     0.002     0.998
   0.880000   41     647.59      66.18    -590.20    -591.56     92     0.002     0.998
   0.880000   42     674.79      69.30    -614.35    -615.66     50     0.002     0.998
   0.860000   38     565.97      55.47    -519.46    -521.01     74     0.003     0.997
   0.860000   39     593.17      59.24    -542.94    -544.42    169     0.003     0.997
   0.860000   40     620.38      62.98    -566.48    -567.90    280     0.002     0.998
   0.860000   41     647.59      66.82    -589.77    -591.13    377     0.002     0.998
   0.860000   42     674.79      70.47    -612.96    -614.26    393     0.002     0.998
   0.860000   43     702.00      74.27    -636.51    -637.77    315     0.002     0.998
   0.860000   44     729.21      78.03    -659.57    -660.78    164     0.002     0.998
   0.860000   45     756.41      81.74    -683.17    -684.34     94     0.002     0.998
   0.840000   40     620.38      61.56    -568.21    -569.63     37     0.002     0.998
   0.840000   41     647.59      65.78    -590.70    -592.06     92     0.002     0.998
   0.840000   42     674.79      70.03    -613.27    -614.57    257     0.002     0.998
   0.840000   43     702.00      74.37    -636.21    -637.46    409     0.002     0.998
   0.840000   44     729.21      78.57    -658.93    -660.14    444     0.002     0.998
   0.840000   45     756.41      82.77    -681.66    -682.83    391     0.002     0.998
   0.840000   46     783.62      87.11    -703.95    -705.08    208     0.001     0.999
   0.840000   47     810.82      91.20    -723.47    -724.57     56     0.001     0.999
   0.820000   43     702.00      73.10    -636.74    -638.00     79     0.002     0.998
   0.820000   44     729.21      78.02    -659.38    -660.59    220     0.002     0.998
   0.820000   45     756.41      82.83    -681.51    -682.68    400     0.002     0.998
   0.820000   46     783.62      87.63    -703.63    -704.76    521     0.001     0.999
   0.820000   47     810.82      92.59    -725.86    -726.96    440     0.001     0.999
   0.820000   48     838.03      97.25    -747.66    -748.71    197     0.001     0.999
   0.800000   44     729.21      76.89    -660.54    -661.75     43     0.002     0.998
   0.800000   45     756.41      82.31    -682.08    -683.25    127     0.002     0.998
   0.800000   46     783.62      87.35    -703.58    -704.70    358     0.001     0.999
   0.800000   47     810.82      92.70    -725.43    -726.52    565     0.001     0.999
   0.800000   48     838.03      98.01    -747.14    -748.19    439     0.001     0.999
   0.800000   49     865.24     103.39    -768.62    -769.64    239     0.001     0.999
   0.800000   50     892.44     108.88    -790.40    -791.39     88     0.001     0.999
   0.800000   51     919.65     113.95    -810.21    -811.18     20     0.001     0.999
   0.780000   46     783.62      86.42    -705.17    -706.30     55     0.001     0.999
   0.780000   47     810.82      92.24    -725.95    -727.04    258     0.001     0.999
   0.780000   48     838.03      97.96    -747.22    -748.27    513     0.001     0.999
   0.780000   49     865.24     103.81    -768.18    -769.20    598     0.001     0.999
   0.780000   50     892.44     109.65    -788.92    -789.91    373     0.001     0.999
   0.780000   51     919.65     115.62    -809.61    -810.57     76     0.001     0.999
   0.760000   47     810.82      90.90    -725.93    -727.02     67     0.001     0.999
   0.760000   48     838.03      97.24    -747.50    -748.56    259     0.001     0.999
   0.760000   49     865.24     103.68    -768.18    -769.20    486     0.001     0.999
   0.760000   50     892.44     110.21    -788.70    -789.69    550     0.001     0.999
   0.760000   51     919.65     116.58    -809.12    -810.08    392     0.001     0.999
   0.760000   52     946.85     122.88    -828.85    -829.79    119     0.001     0.999
   0.740000   49     865.24     104.18    -769.96    -770.98     24     0.001     0.999
   0.740000   50     892.44     109.52    -789.24    -790.23    156     0.001     0.999
   0.740000   51     919.65     116.69    -809.26    -810.22    352     0.001     0.999
   0.740000   52     946.85     123.61    -829.35    -830.29    462     0.001     0.999
   0.740000   53     974.06     130.53    -849.33    -850.24    583     0.001     0.999
   0.740000   54    1001.27     137.34    -869.02    -869.90    283     0.001     0.999
   0.740000   55    1028.47     144.29    -889.40    -890.26     38     0.001     0.999
   0.720000   51     919.65     115.27    -810.82    -811.78     20     0.001     0.999
   0.720000   52     946.85     123.06    -829.97    -830.90    164     0.001     0.999
   0.720000   53     974.06     130.49    -849.34    -850.25    536     0.001     0.999
   0.720000   54    1001.27     137.87    -868.84    -869.73    709     0.001     0.999
   0.720000   55    1028.47     145.29    -887.84    -888.71    385     0.001     0.999
   0.720000   56    1055.68     152.66    -907.19    -908.03     79     0.001     0.999
   0.700000   53     974.06     129.99    -850.18    -851.09    146     0.001     0.999
   0.700000   54    1001.27     137.92    -868.79    -869.68    753     0.001     0.999
   0.700000   55    1028.47     145.55    -887.39    -888.25    787     0.001     0.999
   0.700000   56    1055.68     153.44    -904.51    -905.35    202     0.001     0.999
   0.680000   53     974.06     128.70    -850.76    -851.67     93     0.001     0.999
   0.680000   54    1001.27     137.23    -869.03    -869.91    416     0.001     0.999
   0.680000   55    1028.47     145.73    -887.31    -888.18    723     0.001     0.999
   0.680000   56    1055.68     154.15    -905.34    -906.18    547     0.001     0.999
   0.680000   57    1082.88     162.57    -923.56    -924.39    108     0.001     0.999
   0.660000   54    1001.27     137.57    -869.71    -870.60    124     0.001     0.999
   0.660000   55    1028.47     145.49    -887.58    -888.44    596     0.001     0.999
   0.660000   56    1055.68     154.48    -905.02    -905.86    880     0.001     0.999
   0.660000   57    1082.88     163.24    -922.02    -922.84    267     0.001     0.999
   0.640000   55    1028.47     145.47    -888.26    -889.12    225     0.001     0.999
   0.640000   56    1055.68     154.34    -905.08    -905.92    897     0.001     0.999
   0.640000   57    1082.88     163.61    -922.00    -922.82    682     0.001     0.999
   0.640000   58    1110.09     173.08    -938.03    -938.83     84     0.001     0.999
   0.620000   55    1028.47     145.83    -889.05    -889.91     45     0.001     0.999
   0.620000   56    1055.68     154.02    -905.34    -906.18    546     0.001     0.999
   0.620000   57    1082.88     163.91    -921.77    -922.59    934     0.001     0.999
   0.620000   58    1110.09     173.93    -937.27    -938.07    354     0.001     0.999
   0.620000   59    1137.30     183.89    -953.42    -954.20     20     0.001     0.999
   0.600000   56    1055.68     154.02    -905.88    -906.73    237     0.001     0.999
   0.600000   57    1082.88     163.86    -921.87    -922.69    980     0.001     0.999
   0.600000   58    1110.09     174.15    -937.42    -938.22    617     0.001     0.999
   0.600000   59    1137.30     184.63    -951.85    -952.63     56     0.001     0.999
   0.580000   56    1055.68     152.56    -906.39    -907.23     42     0.001     0.999
   0.580000   57    1082.88     163.56    -922.14    -922.96    513     0.001     0.999
   0.580000   58    1110.09     174.64    -937.50    -938.30    981     0.001     0.999
   0.580000   59    1137.30     185.52    -952.27    -953.05    344     0.001     0.999
   0.560000   57    1082.88     162.42    -923.19    -924.01     40     0.001     0.999
   0.560000   58    1110.09     174.56    -937.82    -938.62    271     0.001     0.999
   0.560000   59    1137.30     186.26    -952.97    -953.75    600     0.001     0.999
   0.560000   60    1164.50     197.86    -967.96    -968.72    807     0.001     0.999
   0.560000   61    1191.71     209.35    -982.21    -982.95    174     0.001     0.999
   0.540000   59    1137.30     185.80    -953.54    -954.32    238     0.001     0.999
   0.540000   60    1164.50     198.02    -967.77    -968.53   1002     0.001     0.999
   0.540000   61    1191.71     209.90    -981.86    -982.61    569     0.001     0.999
   0.540000   62    1218.92     222.18    -996.58    -997.31     75     0.001     0.999
   0.520000   59    1137.30     185.85    -954.31    -955.09    110     0.001     0.999
   0.520000   60    1164.50     197.69    -967.97    -968.74    618     0.001     0.999
   0.520000   61    1191.71     210.25    -981.70    -982.44    946     0.001     0.999
   0.520000   62    1218.92     222.78    -994.42    -995.15    221     0.001     0.999
   0.500000   60    1164.50     198.77    -968.65    -969.41    172     0.001     0.999
   0.500000   61    1191.71     210.31    -981.83    -982.58   1037     0.001     0.999
   0.500000   62    1218.92     223.39    -994.80    -995.53    642     0.001     0.999
   0.500000   63    1246.12     237.08   -1008.13   -1008.84     48     0.001     0.999
   0.480000   60    1164.50     197.98    -969.57    -970.34     44     0.001     0.999
   0.480000   61    1191.71     210.20    -982.10    -982.85    696     0.001     0.999
   0.480000   62    1218.92     223.61    -994.54    -995.27    930     0.001     0.999
   0.480000   63    1246.12     237.34   -1006.07   -1006.78    220     0.001     0.999
   0.460000   61    1191.71     210.50    -982.46    -983.21    276     0.001     0.999
   0.460000   62    1218.92     223.62    -994.47    -995.20   1056     0.001     0.999
   0.460000   63    1246.12     237.72   -1006.48   -1007.19    520     0.001     0.999
   0.460000   64    1273.33     252.30   -1017.75   -1018.45     41     0.001     0.999
   0.440000   61    1191.71     209.21    -983.24    -983.98     66     0.001     0.999
   0.440000   62    1218.92     223.57    -994.81    -995.54    628     0.001     0.999
   0.440000   63    1246.12     238.16   -1006.25   -1006.96    990     0.001     0.999
   0.440000   64    1273.33     252.75   -1017.45   -1018.15    205     0.001     0.999
   0.420000   62    1218.92     222.93    -995.11    -995.84    255     0.001     0.999
   0.420000   63    1246.12     238.14   -1006.17   -1006.89   1021     0.001     0.999
   0.420000   64    1273.33     253.52   -1017.11   -1017.81    548     0.001     0.999
   0.420000   65    1300.53     268.84   -1027.41   -1028.10     60     0.001     0.999
   0.400000   62    1218.92     228.36    -996.09    -996.82     49     0.001     0.999
   0.400000   63    1246.12     237.97   -1006.53   -1007.25    560     0.001     0.999
   0.400000   64    1273.33     253.73   -1016.93   -1017.63    984     0.001     0.999
   0.400000   65    1300.53     269.67   -1027.15   -1027.84    290     0.001     0.999
   0.380000   63    1246.12     237.93   -1007.10   -1007.81    250     0.001     0.999
   0.380000   64    1273.33     253.59   -1016.91   -1017.61   1051     0.001     0.999
   0.380000   65    1300.53     269.99   -1026.38   -1027.06    552     0.001     0.999
   0.380000   66    1327.74     286.55   -1037.10   -1037.77     37     0.001     0.999
   0.360000   63    1246.12     239.50   -1007.59   -1008.31     36     0.001     0.999
   0.360000   64    1273.33     253.55   -1017.27   -1017.97    555     0.001     0.999
   0.360000   65    1300.53     270.48   -1026.55   -1027.24    950     0.001     0.999
   0.360000   66    1327.74     287.44   -1035.38   -1036.06    350     0.001     0.999
   0.340000   64    1273.33     252.98   -1017.68   -1018.38    251     0.001     0.999
   0.340000   65    1300.53     270.15   -1026.58   -1027.26    828     0.001     0.999
   0.340000   66    1327.74     287.77   -1035.42   -1036.09    656     0.001     0.999
   0.340000   67    1354.95     305.50   -1044.00   -1044.66    147     0.000     1.000
   0.320000   64    1273.33     252.55   -1018.34   -1019.04     55     0.001     0.999
   0.320000   65    1300.53     269.83   -1026.80   -1027.48    439     0.001     0.999
   0.320000   66    1327.74     287.91   -1035.38   -1036.05    893     0.001     0.999
   0.320000   67    1354.95     306.16   -1043.60   -1044.26    438     0.000     1.000
   0.320000   68    1382.15     324.53   -1052.38   -1053.03     74     0.000     1.000
   0.300000   64    1273.33     255.05   -1019.50   -1020.20     22     0.001     0.999
   0.300000   65    1300.53     268.94   -1027.50   -1028.18    203     0.001     0.999
   0.300000   66    1327.74     287.68   -1035.28   -1035.95    662     0.001     0.999
   0.300000   67    1354.95     306.51   -1043.32   -1043.98    654     0.000     1.000
   0.300000   68    1382.15     325.30   -1051.45   -1052.09    304     0.000     1.000
   0.300000   69    1409.36     344.52   -1059.15   -1059.78     54     0.000     1.000
   0.280000   65    1300.53     272.47   -1028.29   -1028.98     37     0.001     0.999
   0.280000   66    1327.74     287.30   -1035.80   -1036.47    330     0.001     0.999
   0.280000   67    1354.95     306.37   -1043.23   -1043.89    745     0.000     1.000
   0.280000   68    1382.15     325.83   -1050.54   -1051.19    612     0.000     1.000
   0.280000   69    1409.36     345.16   -1057.70   -1058.33    167     0.000     1.000
   0.260000   66    1327.74     286.52   -1036.84   -1037.51     99     0.001     0.999
   0.260000   67    1354.95     306.33   -1043.63   -1044.29    423     0.000     1.000
   0.260000   68    1382.15     325.89   -1050.49   -1051.14    713     0.000     1.000
   0.260000   69    1409.36     345.96   -1057.15   -1057.78    509     0.000     1.000
   0.260000   70    1436.56     365.65   -1063.65   -1064.27    144     0.000     1.000
   0.240000   67    1354.95     305.29   -1044.29   -1044.95    117     0.000     1.000
   0.240000   68    1382.15     325.45   -1050.62   -1051.27    506     0.000     1.000
   0.240000   69    1409.36     345.86   -1056.91   -1057.54    771     0.000     1.000
   0.240000   70    1436.56     366.25   -1063.03   -1063.65    386     0.000     1.000
   0.240000   71    1463.77     386.73   -1069.46   -1070.07     93     0.000     1.000
   0.240000   72    1490.98     406.97   -1076.31   -1076.91     21     0.000     1.000
   0.220000   68    1382.15     324.29   -1051.33   -1051.98    143     0.000     1.000
   0.220000   69    1409.36     345.88   -1057.17   -1057.81    544     0.000     1.000
   0.220000   70    1436.56     366.62   -1062.86   -1063.48    670     0.000     1.000
   0.220000   71    1463.77     387.75   -1068.73   -1069.34    373     0.000     1.000
   0.220000   72    1490.98     408.83   -1074.58   -1075.18    117     0.000     1.000
   0.220000   73    1518.18     430.69   -1080.26   -1080.85     40     0.000     1.000
   0.200000   69    1409.36     346.16   -1057.79   -1058.43    189     0.000     1.000
   0.200000   70    1436.56     366.69   -1063.01   -1063.63    490     0.000     1.000
   0.200000   71    1463.77     388.07   -1068.40   -1069.01    684     0.000     1.000
   0.200000   72    1490.98     409.41   -1073.71   -1074.31    406     0.000     1.000
   0.200000   73    1518.18     431.06   -1079.00   -1079.59    103     0.000     1.000
   0.180000   70    1436.56     365.79   -1063.96   -1064.58    134     0.000     1.000
   0.180000   71    1463.77     387.53   -1068.67   -1069.28    385     0.000     1.000
   0.180000   72    1490.98     410.18   -1073.36   -1073.96    518     0.000     1.000
   0.180000   73    1518.18     432.00   -1078.31   -1078.90    438     0.000     1.000
   0.180000   74    1545.39     454.32   -1083.11   -1083.69    276     0.000     1.000
   0.180000   75    1572.59     476.41   -1087.71   -1088.28    115     0.000     1.000
   0.160000   71    1463.77     388.24   -1069.80   -1070.41     35     0.000     1.000
   0.160000   72    1490.98     409.06   -1074.14   -1074.74    206     0.000     1.000
   0.160000   73    1518.18     431.97   -1078.35   -1078.94    445     0.000     1.000
   0.160000   74    1545.39     454.56   -1082.52   -1083.10    577     0.000     1.000
   0.160000   75    1572.59     477.37   -1086.86   -1087.43    399     0.000     1.000
   0.160000   76    1599.80     499.88   -1091.14   -1091.70    166     0.000     1.000
   0.160000   77    1627.01     523.21   -1094.98   -1095.53     60     0.000     1.000
   0.140000   73    1518.18     431.18   -1079.23   -1079.82     78     0.000     1.000
   0.140000   74    1545.39     454.08   -1083.18   -1083.76    167     0.000     1.000
   0.140000   75    1572.59     477.20   -1086.76   -1087.32    301     0.000     1.000
   0.140000   76    1599.80     500.76   -1090.65   -1091.21    543     0.000     1.000
   0.140000   77    1627.01     523.83   -1094.28   -1094.83    478     0.000     1.000
   0.140000   78    1654.21     547.23   -1098.05   -1098.60    221     0.000     1.000
   0.140000   79    1681.42     570.30   -1101.97   -1102.50     89     0.000     1.000
   0.120000   75    1572.59     476.91   -1088.04   -1088.61     74     0.000     1.000
   0.120000   76    1599.80     499.86   -1091.05   -1091.61    236     0.000     1.000
   0.120000   77    1627.01     523.67   -1094.30   -1094.85    350     0.000     1.000
   0.120000   78    1654.21     547.62   -1097.51   -1098.05    364     0.000     1.000
   0.120000   79    1681.42     571.44   -1100.75   -1101.28    379     0.000     1.000
   0.120000   80    1708.63     595.48   -1103.93   -1104.46    306     0.000     1.000
   0.120000   81    1735.83     619.23   -1106.95   -1107.47    149     0.000     1.000
   0.100000   77    1627.01     521.59   -1095.42   -1095.97     38     0.000     1.000
   0.100000   78    1654.21     546.84   -1098.30   -1098.84     84     0.000     1.000
   0.100000   79    1681.42     571.06   -1100.94   -1101.47    296     0.000     1.000
   0.100000   80    1708.63     595.50   -1103.59   -1104.12    458     0.000     1.000
   0.100000   81    1735.83     619.95   -1106.16   -1106.67    469     0.000     1.000
   0.100000   82    1763.04     644.62   -1109.01   -1109.52    253     0.000     1.000
   0.100000   83    1790.24     669.01   -1111.54   -1112.04    214     0.000     1.000
   0.100000   84    1817.45     692.94   -1114.07   -1114.56     56     0.000     1.000
   0.080000   80    1708.63     593.82   -1104.64   -1105.16     81     0.000     1.000
   0.080000   81    1735.83     619.99   -1106.77   -1107.29    253     0.000     1.000
   0.080000   82    1763.04     644.36   -1108.82   -1109.33    359     0.000     1.000
   0.080000   83    1790.24     669.16   -1111.01   -1111.51    459     0.000     1.000
   0.080000   84    1817.45     694.00   -1113.09   -1113.58    429     0.000     1.000
   0.080000   85    1844.66     718.93   -1115.12   -1115.60    208     0.000     1.000
   0.080000   86    1871.86     744.14   -1117.27   -1117.75     69     0.000     1.000
   0.080000   87    1899.07     768.95   -1119.53   -1120.01     22     0.000     1.000
   0.060000   82    1763.04     645.24   -1110.03   -1110.54     73     0.000     1.000
   0.060000   83    1790.24     668.35   -1111.58   -1112.08    179     0.000     1.000
   0.060000   84    1817.45     693.95   -1113.13   -1113.62    410     0.000     1.000
   0.060000   85    1844.66     719.42   -1114.70   -1115.19    515     0.000     1.000
   0.060000   86    1871.86     745.21   -1116.35   -1116.83    479     0.000     1.000
   0.060000   87    1899.07     770.43   -1117.82   -1118.29    225     0.000     1.000
   0.040000   83    1790.24     667.88   -1112.91   -1113.42     38     0.000     1.000
   0.040000   84    1817.45     692.74   -1114.01   -1114.50     52     0.000     1.000
   0.040000   85    1844.66     719.59   -1115.10   -1115.59    157     0.000     1.000
   0.040000   86    1871.86     745.13   -1116.16   -1116.64    414     0.000     1.000
   0.040000   87    1899.07     770.94   -1117.20   -1117.67    563     0.000     1.000
   0.040000   88    1926.27     797.25   -1118.27   -1118.74    412     0.000     1.000
   0.040000   89    1953.48     822.83   -1119.23   -1119.69    220     0.000     1.000
   0.040000   90    1980.69     849.63   -1120.31   -1120.77     30     0.000     1.000
   0.020000   86    1871.86     744.19   -1117.06   -1117.54    122     0.000     1.000
   0.020000   87    1899.07     770.55   -1117.59   -1118.06    338     0.000     1.000
   0.020000   88    1926.27     797.36   -1118.08   -1118.54    597     0.000     1.000
   0.020000   89    1953.48     823.79   -1118.61   -1119.07    478     0.000     1.000
   0.020000   90    1980.69     850.49   -1119.13   -1119.58    275     0.000     1.000
   0.020000   91    2007.89     876.65   -1119.61   -1120.06     79     0.000     1.000
   0.000000   89    1953.48     823.54   -1119.44   -1119.90     21     0.000     1.000
   0.000000   90    1980.69     849.71   -1119.44   -1119.90     68     0.000     1.000
   0.000000   91    2007.89     877.25   -1119.44   -1119.89    201     0.000     1.000
   0.000000   92    2035.10     904.26   -1119.44   -1119.88    346     0.000     1.000
   0.000000   93    2062.30     931.85   -1119.44   -1119.88    327     0.000     1.000
   0.000000   94    2089.51     958.58   -1119.44   -1119.87    285     0.000     1.000
   0.000000   95    2116.72     986.24   -1119.44   -1119.87    168     0.000     1.000
   0.000000   96    2143.92    1012.77   -1119.44   -1119.86    141     0.000     1.000
   0.000000   97    2171.13    1040.72   -1119.44   -1119.86    109     0.000     1.000
   0.000000   98    2198.34    1067.24   -1119.44   -1119.85     99     0.000     1.000
   0.000000   99    2225.54    1094.43   -1119.44   -1119.85     99     0.000     1.000
   0.000000  100    2252.75    1121.98   -1119.44   -1119.84     32     0.000     1.000


# Part 3: Bin-averaged summary:
# bin  energy gap  <dGg> <dGg norm> pts  <c1**2> <c2**2> <r_xy>
   1   -440.66     -2.06   1117.88         47    0.995    0.005    6.944
   2   -413.45     -2.18   1117.75        180    0.995    0.005    7.025
   3   -386.24     -2.33   1117.61        310    0.994    0.006    7.054
   4   -359.04     -2.50   1117.44        317    0.993    0.007    7.109
   5   -331.83     -2.95   1116.98        426    0.992    0.008    7.151
   6   -304.63     -3.17   1116.77        433    0.991    0.009    7.131
   7   -277.42     -3.29   1116.65        368    0.989    0.011    7.147
   8   -250.21     -3.39   1116.55        515    0.986    0.014    7.122
   9   -223.01     -3.36   1116.58        461    0.983    0.017    7.153
  10   -195.80     -3.27   1116.67        400    0.978    0.022    7.108
  11   -168.60     -3.27   1116.66        244    0.971    0.029    7.052
  12   -141.39     -3.40   1116.54        302    0.960    0.040    7.029
  13   -114.18     -3.75   1116.19        303    0.942    0.058    7.035
  14    -86.98     -4.95   1114.99        343    0.909    0.091    6.998
  15    -59.77     -7.23   1112.71        430    0.852    0.148    6.937
  16    -32.57    -12.79   1107.15        374    0.735    0.265    6.875
  17     -5.36    -23.63   1096.31        379    0.543    0.457    6.865
  18     21.85    -40.03   1079.91        377    0.336    0.664    6.801
  19     49.05    -60.43   1059.51        305    0.187    0.813    6.731
  20     76.26    -83.15   1036.78        310    0.108    0.892    6.718
  21    103.46   -106.52   1013.41        281    0.069    0.931    6.676
  22    130.67   -130.69    989.24        315    0.046    0.954    6.614
  23    157.88   -155.01    964.93        300    0.033    0.967    6.620
  24    185.08   -179.82    940.12        327    0.024    0.976    6.579
  25    212.29   -204.28    915.65        344    0.019    0.981    6.504
  26    239.50   -228.38    891.56        273    0.015    0.985    6.474
  27    266.70   -253.37    866.57        249    0.012    0.988    6.474
  28    293.91   -277.84    842.09        272    0.010    0.990    6.457
  29    321.11   -302.80    817.13        270    0.008    0.992    6.547
  30    348.32   -327.16    792.77        259    0.007    0.993    6.546
  31    375.53   -350.92    769.02        288    0.006    0.994    6.609
  32    402.73   -375.50    744.44        328    0.005    0.995    6.598
  33    429.94   -399.94    720.00        339    0.005    0.995    6.546
  34    457.14   -424.33    695.61        318    0.004    0.996    6.494
  35    484.35   -448.84    671.10        302    0.004    0.996    6.446
  36    511.56   -472.57    647.36        341    0.003    0.997    6.385
  37    538.76   -496.35    623.59        371    0.003    0.997    6.328
  38    565.97   -520.26    599.68        456    0.003    0.997    6.239
  39    593.17   -544.15    575.79        528    0.003    0.997    6.229
  40    620.38   -567.93    552.00        560    0.002    0.998    6.182
  41    647.59   -591.36    528.58        561    0.002    0.998    6.112
  42    674.79   -614.48    505.46        700    0.002    0.998    6.090
  43    702.00   -637.63    482.30        803    0.002    0.998    6.068
  44    729.21   -660.45    459.48        871    0.002    0.998    6.097
  45    756.41   -682.96    436.97       1012    0.002    0.998    6.070
  46    783.62   -704.88    415.06       1142    0.001    0.999    6.066
  47    810.82   -726.70    393.23       1386    0.001    0.999    6.060
  48    838.03   -748.36    371.58       1408    0.001    0.999    6.064
  49    865.24   -769.31    350.62       1347    0.001    0.999    6.045
  50    892.44   -789.96    329.97       1167    0.001    0.999    5.975
  51    919.65   -810.25    309.69        860    0.001    0.999    5.746
  52    946.85   -830.34    289.59        745    0.001    0.999    5.232
  53    974.06   -850.43    269.50       1358    0.001    0.999    4.770
  54   1001.27   -869.82    250.12       2285    0.001    0.999    4.603
  55   1028.47   -888.46    231.48       2799    0.001    0.999    4.580
  56   1055.68   -906.07    213.86       3430    0.001    0.999    4.600
  57   1082.88   -922.80    197.13       3524    0.001    0.999    4.616
  58   1110.09   -938.30    181.64       2307    0.001    0.999    4.625
  59   1137.30   -953.74    166.20       1368    0.001    0.999    4.677
  60   1164.50   -968.72    151.21       2643    0.001    0.999    4.688
  61   1191.71   -982.69    137.25       3764    0.001    0.999    4.661
  62   1218.92   -995.43    124.51       3856    0.001    0.999    4.615
  63   1246.12  -1007.10    112.83       3645    0.001    0.999    4.576
  64   1273.33  -1017.82    102.11       3712    0.001    0.999    4.558
  65   1300.53  -1027.39     92.54       3359    0.001    0.999    4.580
  66   1327.74  -1036.15     83.78       3027    0.001    0.999    4.590
  67   1354.95  -1044.14     75.80       2524    0.000    1.000    4.614
  68   1382.15  -1051.41     68.52       2352    0.000    1.000    4.670
  69   1409.36  -1057.85     62.09       2234    0.000    1.000    4.686
  70   1436.56  -1063.70     56.24       1824    0.000    1.000    4.701
  71   1463.77  -1069.25     50.69       1570    0.000    1.000    4.700
  72   1490.98  -1074.36     45.58       1268    0.000    1.000    4.651
  73   1518.18  -1079.12     40.82       1104    0.000    1.000    4.610
  74   1545.39  -1083.37     36.57       1020    0.000    1.000    4.582
  75   1572.59  -1087.60     32.33        889    0.000    1.000    4.649
  76   1599.80  -1091.40     28.54        945    0.000    1.000    4.729
  77   1627.01  -1094.93     25.01        926    0.000    1.000    4.722
  78   1654.21  -1098.33     21.61        669    0.000    1.000    4.706
  79   1681.42  -1101.50     18.44        764    0.000    1.000    4.758
  80   1708.63  -1104.34     15.60        845    0.000    1.000    4.800
  81   1735.83  -1106.99     12.95        871    0.000    1.000    4.745
  82   1763.04  -1109.53     10.41        685    0.000    1.000    4.692
  83   1790.24  -1111.83      8.10        890    0.000    1.000    4.696
  84   1817.45  -1113.71      6.23        947    0.000    1.000    4.663
  85   1844.66  -1115.36      4.58        880    0.000    1.000    4.697
  86   1871.86  -1116.90      3.04       1084    0.000    1.000    4.776
  87   1899.07  -1117.95      1.98       1148    0.000    1.000    4.780
  88   1926.27  -1118.62      1.31       1009    0.000    1.000    4.729
  89   1953.48  -1119.28      0.66        719    0.000    1.000    4.782
  90   1980.69  -1119.73      0.20        373    0.000    1.000    4.816
  91   2007.89  -1119.94      0.00        280    0.000    1.000    4.781
  92   2035.10  -1119.88      0.05        346    0.000    1.000    4.654
  93   2062.30  -1119.88      0.06        327    0.000    1.000    4.628
  94   2089.51  -1119.87      0.06        285    0.000    1.000    4.617
  95   2116.72  -1119.87      0.07        168    0.000    1.000    4.710
  96   2143.92  -1119.86      0.08        141    0.000    1.000    4.700
  97   2171.13  -1119.86      0.08        109    0.000    1.000    4.718
  98   2198.34  -1119.85      0.09         99    0.000    1.000    4.724
  99   2225.54  -1119.85      0.09         99    0.000    1.000    4.687
 100   2252.75  -1119.84      0.10         32    0.000    1.000    4.601
