
Build and version information

Build number 6.0.15
Build date   20240314
Built:       
      by     p315462
      on     login1
      git id adc28a635c78993922188615a73366ace3402081
      with   GNU Fortran GCC 11.3.0
qfep version 6.0.15 , git id=adc28a635c78993922188615a73366ace3402081 initialising
Current date 2024- 4-18 and time 12:27:49

Welcome in qfep modification date 20240314

 Q6, Copyright © 2017 Johan Åqvist, John Marelius, Shina Caroline Lynn Kamerlin and Paul Bauer
 Q6 comes with ABSOLUTELY NO WARRANTY.  This is free software, and you are welcome
 to redistribute it under certain conditions. For details, add the --help flag.
--> Number of energy files: # Number of files                 =    51
--> No. of states, no. of predefined off-diag elements: # Number of states                 =     2
# Number of off-diagonal elements =     0
--> Give kT & no, of pts to skip   & calculation mode: # kT                              = 0.592
# Number of data points to skip   =   100
# Only QQ interactions will be considered   =   0
--> Give number of gap-bins: # Number of gap-bins              =   100
--> Give minimum # pts/bin: # Minimum number of points per bin=    20
--> Give alpha for state  2:                                                    # Alpha for state  2              =  -520.50
--> Number of off-diagonal elements:# Number of off-diagonal elements =     1
#   i   j   A(i,j)  mu(i,j) eta(i,j) rxy0(i,j)
--> i, j, A_ij, mu_ij, eta_ij, r_xy0: #   1   2     30.00      0.00      0.00      0.00
--> linear combination of states defining reaction coord: # Linear combination co-efficients=  1.00 -1.00


# Part 0: Average energies for all states in all files
# file             state   pts   lambda    EQtot   EQbond  EQang   EQtor   EQimp    EQel   EQvdW  Eel_qq  EvdW_qq Eel_qp  EvdW_qp Eel_qw EvdW_qw Eqrstr
--> Name of file number   1:                                                     
# Energy files from Qdyn, version: 6.0.16 , git id=adc28a635c78993922188615a73366ace3402081                        
fep_050_1.000.en        1      1899  1.000000  -10440.41  -10328.82     5.30     9.53     0.00  -101.60   -24.82   -55.15    11.25   -20.39   -34.75   -26.07    -1.33     0.00
fep_050_1.000.en        2      1899  0.000000   -9602.39   -9641.92   198.36     1.11     0.00  -149.07   -10.87  -146.19    25.51    27.96   -34.91   -30.85    -1.47     0.00
--> Name of file number   2:                                                     
# Energy files from Qdyn, version: 6.0.16 , git id=adc28a635c78993922188615a73366ace3402081                        
fep_049_0.980.en        1      1899  0.980000  -10443.56  -10328.69     5.26     9.54     0.00  -107.24   -22.44   -58.05    13.86   -20.78   -35.56   -28.40    -0.74     0.00
fep_049_0.980.en        2      1899  0.020000   -9726.58   -9758.67   185.01     1.38     0.00  -147.29    -7.02  -141.81    29.62    28.84   -35.75   -34.31    -0.89     0.00
--> Name of file number   3:                                                     
# Energy files from Qdyn, version: 6.0.16 , git id=adc28a635c78993922188615a73366ace3402081                        
fep_048_0.960.en        1      1899  0.960000  -10440.19  -10327.71     5.73     9.58     0.00  -107.62   -20.16   -58.69    16.35   -23.25   -35.25   -25.68    -1.26     0.00
fep_048_0.960.en        2      1899  0.040000   -9874.80   -9895.00   163.65     1.62     0.00  -142.13    -2.94  -135.33    33.86    25.36   -35.41   -32.16    -1.39     0.00
--> Name of file number   4:                                                     
# Energy files from Qdyn, version: 6.0.16 , git id=adc28a635c78993922188615a73366ace3402081                        
fep_047_0.940.en        1      1899  0.940000  -10436.28  -10325.83     6.50     9.63     0.00  -110.54   -16.03   -59.86    21.76   -20.49   -37.58   -30.19    -0.21     0.00
fep_047_0.940.en        2      1899  0.060000  -10023.37  -10037.79   150.24     2.39     0.00  -141.36     3.14  -129.22    41.34    23.02   -37.84   -35.17    -0.35     0.00
--> Name of file number   5:                                                     
# Energy files from Qdyn, version: 6.0.16 , git id=adc28a635c78993922188615a73366ace3402081                        
fep_046_0.920.en        1      1899  0.920000  -10431.28  -10322.48     8.39     9.42     0.00  -115.06   -11.54   -60.10    27.29   -24.33   -38.24   -30.64    -0.60     0.00
fep_046_0.920.en        2      1899  0.080000  -10169.80  -10184.91   142.40     1.90     0.00  -139.22    10.02  -122.85    49.27    17.25   -38.51   -33.61    -0.74     0.00
--> Name of file number   6:                                                     
# Energy files from Qdyn, version: 6.0.16 , git id=adc28a635c78993922188615a73366ace3402081                        
fep_000_0.900.en        1      1899  0.900000  -10410.97  -10317.67    10.25     9.43     0.00  -107.98    -4.99   -60.59    34.21   -21.69   -37.98   -25.70    -1.22     0.00
fep_000_0.900.en        2      1899  0.100000  -10306.52  -10333.94   133.53     2.62     0.00  -126.21    17.48  -115.79    57.14    22.16   -38.29   -32.58    -1.36     0.00
--> Name of file number   7:                                                     
# Energy files from Qdyn, version: 6.0.16 , git id=adc28a635c78993922188615a73366ace3402081                        
fep_001_0.880.en        1      1899  0.880000  -10403.71  -10309.80    12.05     9.26     0.00  -115.59     0.38   -62.44    40.19   -22.93   -38.99   -30.23    -0.81     0.00
fep_001_0.880.en        2      1899  0.120000  -10430.13  -10458.78   129.34     1.88     0.00  -125.81    23.25  -109.57    63.50    18.81   -39.30   -35.05    -0.95     0.00
--> Name of file number   8:                                                     
# Energy files from Qdyn, version: 6.0.16 , git id=adc28a635c78993922188615a73366ace3402081                        
fep_002_0.860.en        1      1899  0.860000  -10386.26  -10302.54    13.77     9.18     0.00  -111.49     4.82   -61.34    44.73   -20.02   -39.39   -30.12    -0.52     0.00
fep_002_0.860.en        2      1899  0.140000  -10522.83  -10553.52   121.12     1.61     0.00  -117.41    25.37  -105.22    65.67    22.09   -39.64   -34.28    -0.66     0.00
--> Name of file number   9:                                                     
# Energy files from Qdyn, version: 6.0.16 , git id=adc28a635c78993922188615a73366ace3402081                        
fep_003_0.840.en        1      1899  0.840000  -10376.98  -10296.31    14.43     9.21     0.00  -112.46     8.16   -61.19    47.41   -23.71   -38.33   -27.56    -0.92     0.00
fep_003_0.840.en        2      1899  0.160000  -10579.58  -10612.21   122.45     3.05     0.00  -119.73    26.86  -102.38    66.49    11.65   -38.60   -29.00    -1.03     0.00
--> Name of file number  10:                                                     
# Energy files from Qdyn, version: 6.0.16 , git id=adc28a635c78993922188615a73366ace3402081                        
fep_004_0.820.en        1      1899  0.820000  -10363.41  -10291.06    16.14     9.20     0.00  -110.73    13.05   -63.19    51.38   -20.35   -38.16   -27.19    -0.17     0.00
fep_004_0.820.en        2      1899  0.180000  -10632.95  -10656.77   108.32     4.16     0.00  -117.38    28.72  -101.11    67.46    13.63   -38.47   -29.89    -0.27     0.00
--> Name of file number  11:                                                     
# Energy files from Qdyn, version: 6.0.16 , git id=adc28a635c78993922188615a73366ace3402081                        
fep_005_0.800.en        1      1899  0.800000  -10363.38  -10288.11    17.00     9.20     0.00  -117.28    15.81   -62.28    53.84   -22.35   -38.09   -32.65     0.06     0.00
fep_005_0.800.en        2      1899  0.200000  -10659.57  -10689.41   119.63     2.09     0.00  -120.64    28.75   -98.35    67.17    11.74   -38.36   -34.03    -0.06     0.00
--> Name of file number  12:                                                     
# Energy files from Qdyn, version: 6.0.16 , git id=adc28a635c78993922188615a73366ace3402081                        
fep_006_0.780.en        1      1899  0.780000  -10353.23  -10284.80    17.05     9.06     0.00  -111.36    16.82   -62.07    56.61   -18.58   -39.57   -30.70    -0.23     0.00
fep_006_0.780.en        2      1899  0.220000  -10689.54  -10714.61   110.32     1.62     0.00  -113.30    26.44   -97.39    66.67    18.15   -39.87   -34.07    -0.35     0.00
--> Name of file number  13:                                                     
# Energy files from Qdyn, version: 6.0.16 , git id=adc28a635c78993922188615a73366ace3402081                        
fep_007_0.760.en        1      1899  0.760000  -10339.37  -10280.43    18.95     9.31     0.00  -109.51    22.32   -66.67    59.91   -19.19   -37.50   -23.66    -0.09     0.00
fep_007_0.760.en        2      1899  0.240000  -10761.99  -10769.27    64.56     6.77     0.00   -95.98    31.92   -80.38    70.03    12.76   -37.93   -28.36    -0.19     0.00
--> Name of file number  14:                                                     
# Energy files from Qdyn, version: 6.0.16 , git id=adc28a635c78993922188615a73366ace3402081                        
fep_008_0.740.en        1      1899  0.740000  -10338.85  -10276.72    18.65     9.57     0.00  -116.25    25.89   -65.94    61.94   -23.28   -36.67   -27.03     0.62     0.00
fep_008_0.740.en        2      1899  0.260000  -10783.66  -10782.50    64.24     5.51     0.00  -102.85    31.94   -77.86    68.51     9.93   -37.10   -34.92     0.53     0.00
--> Name of file number  15:                                                     
# Energy files from Qdyn, version: 6.0.16 , git id=adc28a635c78993922188615a73366ace3402081                        
fep_009_0.720.en        1      1899  0.720000  -10335.58  -10274.66    18.49     9.37     0.00  -116.73    27.93   -67.74    64.70   -21.29   -37.49   -27.69     0.73     0.00
fep_009_0.720.en        2      1899  0.280000  -10800.58  -10801.62    62.58     6.29     0.00   -99.85    32.01   -76.25    69.31    14.84   -37.93   -38.45     0.64     0.00
--> Name of file number  16:                                                     
# Energy files from Qdyn, version: 6.0.16 , git id=adc28a635c78993922188615a73366ace3402081                        
fep_010_0.700.en        1      1899  0.700000  -10324.63  -10270.15    19.86    10.68     0.00  -115.20    30.17   -69.47    66.36   -19.41   -36.99   -26.33     0.80     0.00
fep_010_0.700.en        2      1899  0.300000  -10806.53  -10817.61    62.66     5.54     0.00   -88.45    31.33   -73.70    68.08    19.75   -37.45   -34.50     0.69     0.00
--> Name of file number  17:                                                     
# Energy files from Qdyn, version: 6.0.16 , git id=adc28a635c78993922188615a73366ace3402081                        
fep_011_0.680.en        1      1899  0.680000  -10323.15  -10266.91    21.15    10.69     0.00  -119.89    31.81   -70.08    67.62   -19.85   -36.07   -29.97     0.26     0.00
fep_011_0.680.en        2      1899  0.320000  -10826.38  -10831.95    63.55     5.20     0.00   -94.28    31.11   -73.20    67.46    18.83   -36.51   -39.92     0.15     0.00
--> Name of file number  18:                                                     
# Energy files from Qdyn, version: 6.0.16 , git id=adc28a635c78993922188615a73366ace3402081                        
fep_012_0.660.en        1      1899  0.660000  -10321.73  -10266.75    20.23    11.13     0.00  -119.29    32.95   -69.41    69.39   -15.88   -36.55   -33.99     0.12     0.00
fep_012_0.660.en        2      1899  0.340000  -10837.05  -10836.97    61.66     5.15     0.00   -96.46    29.57   -73.81    66.54    22.05   -36.98   -44.70     0.02     0.00
--> Name of file number  19:                                                     
# Energy files from Qdyn, version: 6.0.16 , git id=adc28a635c78993922188615a73366ace3402081                        
fep_013_0.640.en        1      1899  0.640000  -10319.72  -10264.34    28.17     9.45     0.00  -118.46    25.46   -67.38    61.99   -21.46   -36.46   -29.62    -0.07     0.00
fep_013_0.640.en        2      1899  0.360000  -10867.64  -10858.72    65.43     7.36     0.00  -104.46    22.76   -73.97    59.81    10.74   -36.91   -41.24    -0.14     0.00
--> Name of file number  20:                                                     
# Energy files from Qdyn, version: 6.0.16 , git id=adc28a635c78993922188615a73366ace3402081                        
fep_014_0.620.en        1      1899  0.620000  -10297.10  -10201.44    28.29    10.72     0.00  -159.93    25.26  -123.89    62.34   -11.16   -37.33   -24.88     0.25     0.00
fep_014_0.620.en        2      1899  0.380000  -10876.44  -10907.83    64.01     7.13     0.00   -59.62    19.87   -48.70    57.46    24.76   -37.73   -35.68     0.14     0.00
--> Name of file number  21:                                                     
# Energy files from Qdyn, version: 6.0.16 , git id=adc28a635c78993922188615a73366ace3402081                        
fep_015_0.600.en        1      1899  0.600000  -10284.60  -10192.63    27.40    10.21     0.00  -158.53    28.96  -127.20    65.69    -9.23   -37.79   -22.10     1.06     0.00
fep_015_0.600.en        2      1899  0.400000  -10883.85  -10919.36    62.37     6.47     0.00   -53.30    19.97   -45.57    57.21    23.65   -38.18   -31.38     0.94     0.00
--> Name of file number  22:                                                     
# Energy files from Qdyn, version: 6.0.16 , git id=adc28a635c78993922188615a73366ace3402081                        
fep_016_0.580.en        1      1899  0.580000  -10283.35  -10190.03    28.98    10.04     0.00  -160.82    28.48  -125.20    63.41   -11.73   -36.96   -23.89     2.03     0.00
fep_016_0.580.en        2      1899  0.420000  -10899.43  -10928.32    62.14     7.36     0.00   -60.25    19.63   -43.83    55.06    20.57   -37.35   -36.99     1.92     0.00
--> Name of file number  23:                                                     
# Energy files from Qdyn, version: 6.0.16 , git id=adc28a635c78993922188615a73366ace3402081                        
fep_017_0.560.en        1      1899  0.560000  -10288.71  -10203.51    29.16     9.24     0.00  -153.24    29.64  -107.84    64.18   -20.59   -35.58   -24.81     1.04     0.00
fep_017_0.560.en        2      1899  0.440000  -10914.81  -10921.36    61.71     7.29     0.00   -81.05    18.60   -49.91    53.64     4.80   -35.97   -35.94     0.93     0.00
--> Name of file number  24:                                                     
# Energy files from Qdyn, version: 6.0.16 , git id=adc28a635c78993922188615a73366ace3402081                        
fep_018_0.540.en        1      1899  0.540000  -10272.39  -10184.87    29.28    10.43     0.00  -155.45    28.22  -121.31    63.57   -14.68   -37.04   -19.45     1.69     0.00
fep_018_0.540.en        2      1899  0.460000  -10913.68  -10937.69    60.24     7.17     0.00   -58.99    15.59   -43.50    51.41    15.50   -37.38   -30.98     1.55     0.00
--> Name of file number  25:                                                     
# Energy files from Qdyn, version: 6.0.16 , git id=adc28a635c78993922188615a73366ace3402081                        
fep_019_0.520.en        1      1899  0.520000  -10268.46  -10181.24    30.60    10.61     0.00  -155.75    27.33  -119.96    63.63   -14.03   -38.09   -21.76     1.79     0.00
fep_019_0.520.en        2      1899  0.480000  -10922.64  -10941.86    60.24     7.29     0.00   -61.29    12.97   -42.95    49.75    16.37   -38.43   -34.71     1.65     0.00
--> Name of file number  26:                                                     
# Energy files from Qdyn, version: 6.0.16 , git id=adc28a635c78993922188615a73366ace3402081                        
fep_020_0.500.en        1      1899  0.500000  -10266.15  -10174.96    29.45    10.44     0.00  -158.35    27.26  -120.47    63.56   -13.79   -38.10   -24.09     1.80     0.00
fep_020_0.500.en        2      1899  0.500000  -10930.99  -10943.92    59.40     7.00     0.00   -64.95    11.49   -42.01    48.29    14.42   -38.47   -37.36     1.67     0.00
--> Name of file number  27:                                                     
# Energy files from Qdyn, version: 6.0.16 , git id=adc28a635c78993922188615a73366ace3402081                        
fep_021_0.480.en        1      1899  0.480000  -10258.85  -10174.21    31.14     9.51     0.00  -151.81    26.52  -118.52    63.64   -13.05   -38.12   -20.25     0.99     0.00
fep_021_0.480.en        2      1899  0.520000  -10931.72  -10948.33    57.95     7.53     0.00   -58.74     9.88   -43.20    47.47    13.22   -38.47   -28.77     0.87     0.00
--> Name of file number  28:                                                     
# Energy files from Qdyn, version: 6.0.16 , git id=adc28a635c78993922188615a73366ace3402081                        
fep_022_0.460.en        1      1899  0.460000  -10255.49  -10166.89    31.84    10.02     0.00  -157.58    27.11  -118.83    63.80   -12.66   -38.61   -26.09     1.92     0.00
fep_022_0.460.en        2      1899  0.540000  -10944.26  -10951.70    57.81     7.61     0.00   -66.76     8.78   -42.55    45.94    14.57   -38.96   -38.78     1.79     0.00
--> Name of file number  29:                                                     
# Energy files from Qdyn, version: 6.0.16 , git id=adc28a635c78993922188615a73366ace3402081                        
fep_023_0.440.en        1      1899  0.440000  -10244.97  -10161.69    32.98    10.69     0.00  -154.33    27.37  -117.56    63.80   -10.42   -38.22   -26.35     1.79     0.00
fep_023_0.440.en        2      1899  0.560000  -10947.56  -10953.41    57.22     7.46     0.00   -66.59     7.75   -42.50    44.64    17.74   -38.55   -41.82     1.66     0.00
--> Name of file number  30:                                                     
# Energy files from Qdyn, version: 6.0.16 , git id=adc28a635c78993922188615a73366ace3402081                        
fep_024_0.420.en        1      1899  0.420000  -10237.69  -10154.44    28.66    10.63     0.00  -152.18    29.65  -118.99    66.81   -12.32   -38.67   -20.87     1.50     0.00
fep_024_0.420.en        2      1899  0.580000  -10946.16  -10955.40    57.02     6.83     0.00   -60.76     6.15   -41.29    43.76    14.22   -38.98   -33.69     1.38     0.00
--> Name of file number  31:                                                     
# Energy files from Qdyn, version: 6.0.16 , git id=adc28a635c78993922188615a73366ace3402081                        
fep_025_0.400.en        1      1899  0.400000  -10238.39  -10150.78    31.58     9.68     0.00  -157.85    28.99  -116.92    64.98   -19.38   -37.51   -21.55     1.52     0.00
fep_025_0.400.en        2      1899  0.600000  -10961.90  -10959.42    55.46     7.15     0.00   -70.93     5.84   -40.14    42.28    -1.69   -37.85   -29.10     1.41     0.00
--> Name of file number  32:                                                     
# Energy files from Qdyn, version: 6.0.16 , git id=adc28a635c78993922188615a73366ace3402081                        
fep_026_0.380.en        1      1899  0.380000  -10229.76  -10143.19    27.57    10.90     0.00  -160.02    34.98  -118.01    70.94   -14.14   -38.05   -27.87     2.09     0.00
fep_026_0.380.en        2      1899  0.620000  -10966.33  -10960.50    54.48     6.20     0.00   -71.91     5.41   -40.97    41.86    11.56   -38.41   -42.50     1.96     0.00
--> Name of file number  33:                                                     
# Energy files from Qdyn, version: 6.0.16 , git id=adc28a635c78993922188615a73366ace3402081                        
fep_027_0.360.en        1      1899  0.360000  -10204.95  -10129.21    19.56    11.74     0.00  -159.58    52.54  -121.24    87.09   -10.57   -37.48   -27.77     2.93     0.00
fep_027_0.360.en        2      1899  0.640000  -10965.14  -10960.87    52.14     4.87     0.00   -69.04     7.76   -41.08    42.82    13.59   -37.89   -41.54     2.83     0.00
--> Name of file number  34:                                                     
# Energy files from Qdyn, version: 6.0.16 , git id=adc28a635c78993922188615a73366ace3402081                        
fep_028_0.340.en        1      1899  0.340000  -10193.57  -10119.58    19.39    12.12     0.00  -160.61    55.11  -121.28    89.96   -10.20   -37.55   -29.13     2.70     0.00
fep_028_0.340.en        2      1899  0.660000  -10973.98  -10962.89    50.61     4.74     0.00   -72.23     5.78   -40.71    41.18    13.71   -37.97   -45.23     2.57     0.00
--> Name of file number  35:                                                     
# Energy files from Qdyn, version: 6.0.16 , git id=adc28a635c78993922188615a73366ace3402081                        
fep_029_0.320.en        1      1899  0.320000  -10183.88  -10112.42    18.77    11.92     0.00  -156.64    54.50  -121.57    90.05   -10.30   -38.26   -24.77     2.71     0.00
fep_029_0.320.en        2      1899  0.680000  -10973.82  -10965.21    49.18     4.94     0.00   -66.49     3.76   -40.79    39.83    14.70   -38.67   -40.40     2.59     0.00
--> Name of file number  36:                                                     
# Energy files from Qdyn, version: 6.0.16 , git id=adc28a635c78993922188615a73366ace3402081                        
fep_030_0.300.en        1      1899  0.300000  -10169.79  -10099.86    18.28    12.17     0.00  -157.17    56.78  -121.60    93.24    -7.78   -39.40   -27.79     2.94     0.00
fep_030_0.300.en        2      1899  0.700000  -10982.23  -10966.85    47.50     4.93     0.00   -69.64     1.82   -40.17    38.82    15.58   -39.81   -45.05     2.81     0.00
--> Name of file number  37:                                                     
# Energy files from Qdyn, version: 6.0.16 , git id=adc28a635c78993922188615a73366ace3402081                        
fep_031_0.280.en        1      1899  0.280000  -10159.86  -10086.92    20.31    11.88     0.00  -160.70    55.57  -120.43    89.55   -10.11   -37.23   -30.16     3.25     0.00
fep_031_0.280.en        2      1899  0.720000  -10990.48  -10968.50    46.99     4.75     0.00   -74.60     0.87   -38.74    35.34     9.78   -37.59   -45.64     3.13     0.00
--> Name of file number  38:                                                     
# Energy files from Qdyn, version: 6.0.16 , git id=adc28a635c78993922188615a73366ace3402081                        
fep_032_0.260.en        1      1899  0.260000  -10142.25  -10072.82    18.91    11.92     0.00  -158.74    58.47  -120.36    93.41    -8.45   -37.96   -29.93     3.01     0.00
fep_032_0.260.en        2      1899  0.740000  -10992.71  -10968.23    44.71     4.48     0.00   -72.63    -1.03   -39.42    34.44    13.86   -38.36   -47.08     2.89     0.00
--> Name of file number  39:                                                     
# Energy files from Qdyn, version: 6.0.16 , git id=adc28a635c78993922188615a73366ace3402081                        
fep_033_0.240.en        1      1899  0.240000  -10126.00  -10055.52    19.53    10.02     0.00  -159.13    59.10  -121.14    94.36   -13.56   -37.45   -24.43     2.19     0.00
fep_033_0.240.en        2      1899  0.760000  -11008.75  -10971.08    42.06     4.60     0.00   -81.54    -2.78   -39.11    33.04    -1.96   -37.91   -40.47     2.09     0.00
--> Name of file number  40:                                                     
# Energy files from Qdyn, version: 6.0.16 , git id=adc28a635c78993922188615a73366ace3402081                        
fep_034_0.220.en        1      1899  0.220000  -10102.42  -10030.62    20.74    10.09     0.00  -160.69    58.04  -122.41    93.31   -15.16   -37.01   -23.11     1.75     0.00
fep_034_0.220.en        2      1899  0.780000  -11017.08  -10974.10    40.33     4.91     0.00   -82.80    -5.42   -36.80    30.35    -7.33   -37.44   -38.67     1.67     0.00
--> Name of file number  41:                                                     
# Energy files from Qdyn, version: 6.0.16 , git id=adc28a635c78993922188615a73366ace3402081                        
fep_035_0.200.en        1      1899  0.200000  -10077.53  -10010.28    20.97    10.53     0.00  -156.82    58.06  -121.13    93.47   -11.00   -37.29   -24.69     1.88     0.00
fep_035_0.200.en        2      1899  0.800000  -11023.55  -10975.44    36.82     4.46     0.00   -82.40    -7.00   -37.28    28.96    -4.14   -37.75   -40.98     1.80     0.00
--> Name of file number  42:                                                     
# Energy files from Qdyn, version: 6.0.16 , git id=adc28a635c78993922188615a73366ace3402081                        
fep_036_0.180.en        1      1899  0.180000  -10052.84   -9974.11    23.36    10.29     0.00  -168.12    55.74  -122.36    91.35   -13.47   -37.81   -32.29     2.20     0.00
fep_036_0.180.en        2      1899  0.820000  -11041.49  -10976.42    33.50     4.95     0.00   -93.47   -10.05   -36.34    26.12    -8.53   -38.29   -48.61     2.11     0.00
--> Name of file number  43:                                                     
# Energy files from Qdyn, version: 6.0.16 , git id=adc28a635c78993922188615a73366ace3402081                        
fep_037_0.160.en        1      1899  0.160000  -10009.42   -9930.30    25.63    10.35     0.00  -167.21    52.11  -121.95    87.83   -16.88   -37.47   -28.37     1.74     0.00
fep_037_0.160.en        2      1899  0.840000  -11051.32  -10977.80    29.27     4.99     0.00   -94.99   -12.78   -36.27    23.48   -13.89   -37.92   -44.84     1.66     0.00
--> Name of file number  44:                                                     
# Energy files from Qdyn, version: 6.0.16 , git id=adc28a635c78993922188615a73366ace3402081                        
fep_038_0.140.en        1      1899  0.140000   -9940.94   -9869.54    31.26    10.31     0.00  -161.18    48.21  -123.42    83.69   -10.98   -36.75   -26.78     1.26     0.00
fep_038_0.140.en        2      1899  0.860000  -11054.43  -10979.44    23.87     5.32     0.00   -89.17   -15.01   -33.94    21.00    -9.52   -37.20   -45.71     1.19     0.00
--> Name of file number  45:                                                     
# Energy files from Qdyn, version: 6.0.16 , git id=adc28a635c78993922188615a73366ace3402081                        
fep_039_0.120.en        1      1899  0.120000   -9895.10   -9816.63    32.35    10.18     0.00  -164.90    43.91  -122.50    79.61   -14.99   -37.51   -27.42     1.81     0.00
fep_039_0.120.en        2      1899  0.880000  -11068.12  -10980.69    18.23     5.12     0.00   -93.24   -17.54   -34.99    18.72   -10.97   -37.98   -47.29     1.73     0.00
--> Name of file number  46:                                                     
# Energy files from Qdyn, version: 6.0.16 , git id=adc28a635c78993922188615a73366ace3402081                        
fep_040_0.100.en        1      1899  0.100000   -9831.60   -9762.51    34.61    10.46     0.00  -152.76    38.60  -122.13    74.65    -8.58   -37.51   -22.05     1.47     0.00
fep_040_0.100.en        2      1899  0.900000  -11064.26  -10981.12    13.41     5.12     0.00   -81.20   -20.47   -34.02    16.06    -8.55   -37.92   -38.63     1.39     0.00
--> Name of file number  47:                                                     
# Energy files from Qdyn, version: 6.0.16 , git id=adc28a635c78993922188615a73366ace3402081                        
fep_041_0.080.en        1      1899  0.080000   -9752.37   -9681.93    37.71    10.64     0.00  -153.41    34.63  -125.73    69.95    -9.25   -35.79   -18.44     0.47     0.00
fep_041_0.080.en        2      1899  0.920000  -11060.10  -10980.96     9.28     3.27     0.00   -69.56   -22.14   -25.02    13.55   -13.14   -36.18   -31.39     0.49     0.00
--> Name of file number  48:                                                     
# Energy files from Qdyn, version: 6.0.16 , git id=adc28a635c78993922188615a73366ace3402081                        
fep_042_0.060.en        1      1899  0.060000   -9710.29   -9645.10    39.99    10.27     0.00  -148.69    33.25  -125.39    70.02    -4.51   -37.30   -18.79     0.53     0.00
fep_042_0.060.en        2      1899  0.940000  -11064.15  -10981.14     7.12     3.59     0.00   -69.61   -24.12   -26.27    12.95    -9.84   -37.67   -33.50     0.61     0.00
--> Name of file number  49:                                                     
# Energy files from Qdyn, version: 6.0.16 , git id=adc28a635c78993922188615a73366ace3402081                        
fep_043_0.040.en        1      1899  0.040000   -9680.29   -9618.48    44.94    10.73     0.00  -148.66    31.18  -123.81    68.16    -5.05   -37.80   -19.80     0.82     0.00
fep_043_0.040.en        2      1899  0.960000  -11071.14  -10981.42     5.48     3.77     0.00   -73.73   -25.24   -27.12    11.98   -11.28   -38.13   -35.33     0.91     0.00
--> Name of file number  50:                                                     
# Energy files from Qdyn, version: 6.0.16 , git id=adc28a635c78993922188615a73366ace3402081                        
fep_044_0.020.en        1      1899  0.020000   -9661.88   -9601.03    48.17    12.31     0.00  -151.48    30.14  -122.42    68.26    -6.94   -38.45   -22.12     0.33     0.00
fep_044_0.020.en        2      1899  0.980000  -11080.85  -10981.68     5.85     3.76     0.00   -82.42   -26.36   -27.40    11.96   -12.07   -38.79   -42.94     0.47     0.00
--> Name of file number  51:                                                     
# Energy files from Qdyn, version: 6.0.16 , git id=adc28a635c78993922188615a73366ace3402081                        
fep_045_0.000.en        1      1899  0.000000   -9533.41   -9587.55   173.33    10.94     0.00  -160.71    30.59  -133.48    68.33    -3.53   -38.38   -23.69     0.64     0.00
fep_045_0.000.en        2      1899  1.000000  -11082.34  -10981.97     5.50     5.14     0.00   -85.00   -26.01   -27.97    11.91   -11.86   -38.76   -45.17     0.85     0.00


# Part 1: Free energy perturbation summary:

# Calculation for full system
# lambda(1)      dGf sum(dGf)      dGr sum(dGr)     <dG>
   1.000000     0.000     0.000    -5.123  1123.939     0.000
   0.980000     5.160     5.160    -2.712  1129.062     5.142
   0.960000     3.013     8.173     1.043  1131.774     8.004
   0.940000    -0.678     7.495     4.111  1130.731     7.144
   0.920000    -3.779     3.716     6.663  1126.620     3.199
   0.900000    -6.556    -2.840     9.679  1119.957    -3.411
   0.880000    -9.595   -12.435    12.302  1110.278   -13.048
   0.860000   -12.038   -24.473    13.870  1097.976   -25.218
   0.840000   -13.687   -38.160    15.305  1084.107   -38.996
   0.820000   -14.983   -53.143    15.903  1068.801   -54.140
   0.800000   -16.303   -69.446    16.863  1052.898   -70.243
   0.780000   -16.747   -86.192    18.585  1036.035   -87.048
   0.760000   -17.404  -103.597    19.051  1017.450  -105.043
   0.740000   -19.130  -122.727    19.502   998.399  -124.133
   0.720000   -19.549  -142.275    19.788   978.897  -143.659
   0.700000   -19.928  -162.203    20.285   959.109  -163.516
   0.680000   -20.298  -182.502    20.562   938.824  -183.808
   0.660000   -20.654  -203.155    21.242   918.263  -204.416
   0.640000   -20.878  -224.034    21.812   897.021  -225.476
   0.620000   -21.491  -245.525    22.249   875.209  -247.127
   0.600000   -22.170  -267.695    22.582   852.960  -269.337
   0.580000   -22.541  -290.236    22.718   830.378  -291.898
   0.560000   -22.871  -313.106    23.130   807.660  -314.693
   0.540000   -23.117  -336.223    23.360   784.530  -337.816
   0.520000   -23.336  -359.559    23.576   761.170  -361.164
   0.500000   -23.625  -383.184    23.772   737.594  -384.765
   0.480000   -23.832  -407.016    24.063   713.822  -408.566
   0.460000   -23.966  -430.982    24.315   689.759  -432.581
   0.440000   -24.313  -455.294    24.447   665.444  -456.895
   0.420000   -24.604  -479.898    24.742   640.997  -481.420
   0.400000   -24.715  -504.613    25.025   616.255  -506.148
   0.380000   -25.012  -529.625    25.471   591.230  -531.167
   0.360000   -25.265  -554.890    25.850   565.759  -556.535
   0.340000   -25.747  -580.637    26.043   539.910  -582.333
   0.320000   -26.191  -606.828    26.487   513.867  -608.450
   0.300000   -26.383  -633.211    26.835   487.380  -634.885
   0.280000   -26.831  -660.042    27.122   460.545  -661.718
   0.260000   -27.217  -687.259    27.721   433.423  -688.888
   0.240000   -27.729  -714.988    28.438   405.702  -716.612
   0.220000   -28.399  -743.387    29.048   377.264  -745.031
   0.200000   -29.021  -772.408    29.709   348.216  -774.065
   0.180000   -29.619  -802.027    30.699   318.507  -803.729
   0.160000   -30.659  -832.686    31.713   287.809  -834.408
   0.140000   -31.850  -864.536    32.980   256.096  -866.190
   0.120000   -33.613  -898.149    34.427   223.116  -899.486
   0.100000   -34.688  -932.838    35.971   188.689  -934.044
   0.080000   -35.773  -968.611    36.855   152.717  -969.916
   0.060000   -37.182 -1005.793    37.901   115.862 -1006.935
   0.040000   -37.974 -1043.766    38.511    77.961 -1044.872
   0.020000   -38.513 -1082.280    39.450    39.450 -1083.384
   0.000000   -39.023 -1121.302     0.000     0.000 -1122.621

# Min energy-gap is:   -453.73
# Max energy-gap is:   2298.39



# Part 2: Reaction free energy summary:
# Lambda(1)  bin Energy gap      dGa     dGb     dGg    # pts    c1**2    c2**2
   1.000000    1    -439.97       0.00     429.01      -2.05     32     0.995     0.005
   1.000000    2    -412.44       0.00     400.60      -2.18    123     0.995     0.005
   1.000000    3    -384.92       0.00     373.16      -2.34    241     0.994     0.006
   1.000000    4    -357.40       0.00     346.13      -2.50    336     0.993     0.007
   1.000000    5    -329.88       0.00     318.42      -2.70    322     0.992     0.008
   1.000000    6    -302.36       0.00     290.89      -2.96    225     0.990     0.010
   1.000000    7    -274.84       0.00     263.60      -3.25    213     0.988     0.012
   1.000000    8    -247.32       0.00     236.25      -3.59    202     0.986     0.014
   1.000000    9    -219.80       0.00     209.45      -4.02    123     0.982     0.018
   1.000000   10    -192.27       0.00     182.24      -4.52     63     0.978     0.022
   0.980000    5    -329.88      -1.50     317.19      -4.18     45     0.992     0.008
   0.980000    6    -302.36      -0.87     290.20      -3.83     89     0.990     0.010
   0.980000    7    -274.84      -0.35     263.11      -3.59    180     0.988     0.012
   0.980000    8    -247.32       0.18     236.34      -3.39    221     0.986     0.014
   0.980000    9    -219.80       0.74     209.24      -3.28    267     0.982     0.018
   0.980000   10    -192.27       1.27     182.56      -3.28    256     0.977     0.023
   0.980000   11    -164.75       1.82     155.54      -3.46    313     0.970     0.030
   0.980000   12    -137.23       2.37     128.36      -3.91    298     0.958     0.042
   0.980000   13    -109.71       2.87     102.25      -4.69    166     0.941     0.059
   0.980000   14     -82.19       3.42      77.16      -6.39     50     0.907     0.093
   0.960000    9    -219.80      -0.86     208.51      -4.83     56     0.982     0.018
   0.960000   10    -192.27       0.22     181.47      -4.29     45     0.977     0.023
   0.960000   11    -164.75       1.31     155.60      -3.90     49     0.970     0.030
   0.960000   12    -137.23       2.50     128.55      -3.78     79     0.957     0.043
   0.960000   13    -109.71       3.55     102.75      -4.11    183     0.938     0.062
   0.960000   14     -82.19       4.65      76.25      -5.32    224     0.902     0.098
   0.960000   15     -54.67       5.78      49.56      -8.33    287     0.831     0.169
   0.960000   16     -27.15       6.82      23.19     -14.83    336     0.706     0.294
   0.960000   17       0.37       7.89      -2.91     -27.03    285     0.507     0.493
   0.960000   18      27.89       8.98     -29.82     -45.64    157     0.302     0.698
   0.960000   19      55.42      10.14     -56.28     -67.55    102     0.163     0.837
   0.960000   20      82.94      11.20     -82.15     -90.76     52     0.098     0.902
   0.940000   16     -27.15       5.58      21.91     -16.45     34     0.672     0.328
   0.940000   17       0.37       7.03      -3.64     -27.81     94     0.492     0.508
   0.940000   18      27.89       8.71     -29.66     -45.49    168     0.286     0.714
   0.940000   19      55.42      10.36     -55.73     -67.03    264     0.159     0.841
   0.940000   20      82.94      11.92     -81.36     -89.98    342     0.097     0.903
   0.940000   21     110.46      13.49    -107.17    -114.07    336     0.063     0.937
   0.940000   22     137.98      15.20    -132.86    -138.61    178     0.042     0.958
   0.940000   23     165.50      16.93    -158.86    -163.77    194     0.030     0.970
   0.940000   24     193.02      18.49    -185.04    -189.32    107     0.023     0.977
   0.940000   25     220.54      20.13    -209.64    -213.45     76     0.018     0.982
   0.940000   26     248.06      21.77    -236.84    -240.24     66     0.014     0.986
   0.940000   27     275.59      23.34    -262.22    -265.31     30     0.012     0.988
   0.920000   22     137.98      14.08    -134.38    -140.12     53     0.041     0.959
   0.920000   23     165.50      16.27    -159.97    -164.87    109     0.029     0.971
   0.920000   24     193.02      18.42    -184.69    -188.96    207     0.022     0.978
   0.920000   25     220.54      20.61    -210.06    -213.85    278     0.017     0.983
   0.920000   26     248.06      22.70    -235.43    -238.83    344     0.014     0.986
   0.920000   27     275.59      24.94    -260.85    -263.93    319     0.011     0.989
   0.920000   28     303.11      27.14    -286.11    -288.93    238     0.010     0.990
   0.920000   29     330.63      29.29    -311.37    -313.97    182     0.008     0.992
   0.920000   30     358.15      31.37    -336.41    -338.82     98     0.007     0.993
   0.920000   31     385.67      33.70    -361.87    -364.12     38     0.006     0.994
   0.900000   27     275.59      24.02    -261.30    -264.39     39     0.011     0.989
   0.900000   28     303.11      26.62    -286.92    -289.74     90     0.009     0.991
   0.900000   29     330.63      29.28    -310.97    -313.57    133     0.008     0.992
   0.900000   30     358.15      32.03    -335.95    -338.36    216     0.007     0.993
   0.900000   31     385.67      34.71    -360.59    -362.84    258     0.006     0.994
   0.900000   32     413.19      37.50    -385.01    -387.11    292     0.005     0.995
   0.900000   33     440.71      40.20    -410.33    -412.31    264     0.005     0.995
   0.900000   34     468.23      42.89    -435.01    -436.87    255     0.004     0.996
   0.900000   35     495.75      45.66    -459.78    -461.54    177     0.004     0.996
   0.900000   36     523.28      48.39    -484.44    -486.12    100     0.003     0.997
   0.900000   37     550.80      51.09    -507.56    -509.16     41     0.003     0.997
   0.880000   32     413.19      36.27    -387.05    -389.15     36     0.005     0.995
   0.880000   33     440.71      39.51    -410.88    -412.86     84     0.005     0.995
   0.880000   34     468.23      42.50    -434.92    -436.78    141     0.004     0.996
   0.880000   35     495.75      45.94    -459.17    -460.93    216     0.004     0.996
   0.880000   36     523.28      49.24    -483.46    -485.14    317     0.003     0.997
   0.880000   37     550.80      52.42    -507.43    -509.03    312     0.003     0.997
   0.880000   38     578.32      55.71    -531.57    -533.09    347     0.003     0.997
   0.880000   39     605.84      58.92    -555.92    -557.38    228     0.002     0.998
   0.880000   40     633.36      62.13    -579.81    -581.20    122     0.002     0.998
   0.880000   41     660.88      65.42    -604.07    -605.41     53     0.002     0.998
   0.860000   37     550.80      51.35    -509.26    -510.85     49     0.003     0.997
   0.860000   38     578.32      55.27    -532.40    -533.92     77     0.003     0.997
   0.860000   39     605.84      59.20    -556.05    -557.50    216     0.002     0.998
   0.860000   40     633.36      62.81    -579.65    -581.04    380     0.002     0.998
   0.860000   41     660.88      66.50    -603.10    -604.43    465     0.002     0.998
   0.860000   42     688.40      70.36    -627.07    -628.35    383     0.002     0.998
   0.860000   43     715.92      74.02    -649.95    -651.19    244     0.002     0.998
   0.860000   44     743.45      77.82    -674.10    -675.29     57     0.002     0.998
   0.840000   40     633.36      61.68    -581.14    -582.53     24     0.002     0.998
   0.840000   41     660.88      65.99    -603.92    -605.25    150     0.002     0.998
   0.840000   42     688.40      70.21    -626.83    -628.11    378     0.002     0.998
   0.840000   43     715.92      74.62    -649.68    -650.91    532     0.002     0.998
   0.840000   44     743.45      78.89    -672.83    -674.02    425     0.002     0.998
   0.840000   45     770.97      83.17    -695.93    -697.08    247     0.002     0.998
   0.840000   46     798.49      87.48    -718.66    -719.77    105     0.001     0.999
   0.840000   47     826.01      91.82    -742.59    -743.67     20     0.001     0.999
   0.820000   43     715.92      73.71    -650.67    -651.90     99     0.002     0.998
   0.820000   44     743.45      78.71    -672.74    -673.93    268     0.002     0.998
   0.820000   45     770.97      83.61    -695.60    -696.75    466     0.002     0.998
   0.820000   46     798.49      88.28    -718.11    -719.21    500     0.001     0.999
   0.820000   47     826.01      93.18    -740.22    -741.29    350     0.001     0.999
   0.820000   48     853.53      98.11    -762.53    -763.57    155     0.001     0.999
   0.820000   49     881.05     102.92    -781.45    -782.46     37     0.001     0.999
   0.800000   44     743.45      77.58    -674.19    -675.38     83     0.002     0.998
   0.800000   45     770.97      82.65    -696.03    -697.18    298     0.002     0.998
   0.800000   46     798.49      88.00    -718.05    -719.16    461     0.001     0.999
   0.800000   47     826.01      93.49    -739.97    -741.04    516     0.001     0.999
   0.800000   48     853.53      98.94    -761.45    -762.49    377     0.001     0.999
   0.800000   49     881.05     104.16    -783.37    -784.38    137     0.001     0.999
   0.780000   46     798.49      87.59    -718.84    -719.94    102     0.001     0.999
   0.780000   47     826.01      93.23    -740.24    -741.31    414     0.001     0.999
   0.780000   48     853.53      99.14    -761.35    -762.38    686     0.001     0.999
   0.780000   49     881.05     105.02    -782.68    -783.69    507     0.001     0.999
   0.780000   50     908.57     110.75    -803.39    -804.37    164     0.001     0.999
   0.760000   49     881.05     105.28    -783.46    -784.47     73     0.001     0.999
   0.760000   50     908.57     111.46    -804.16    -805.14    377     0.001     0.999
   0.760000   51     936.09     117.74    -824.85    -825.80    639     0.001     0.999
   0.760000   52     963.61     124.27    -845.52    -846.44    584     0.001     0.999
   0.760000   53     991.14     130.67    -865.64    -866.54    192     0.001     0.999
   0.760000   54    1018.66     137.25    -881.57    -882.45     25     0.001     0.999
   0.740000   50     908.57     110.57    -804.99    -805.97    102     0.001     0.999
   0.740000   51     936.09     117.45    -825.22    -826.16    437     0.001     0.999
   0.740000   52     963.61     124.34    -845.15    -846.07    695     0.001     0.999
   0.740000   53     991.14     131.30    -865.20    -866.10    524     0.001     0.999
   0.740000   54    1018.66     138.27    -884.26    -885.13    125     0.001     0.999
   0.720000   51     936.09     116.84    -826.13    -827.08    126     0.001     0.999
   0.720000   52     963.61     124.15    -845.36    -846.28    606     0.001     0.999
   0.720000   53     991.14     131.54    -865.09    -865.98    732     0.001     0.999
   0.720000   54    1018.66     138.96    -884.36    -885.23    369     0.001     0.999
   0.720000   55    1046.18     146.44    -903.14    -903.99     53     0.001     0.999
   0.700000   51     936.09     115.19    -827.25    -828.20     38     0.001     0.999
   0.700000   52     963.61     123.38    -845.86    -846.78    307     0.001     0.999
   0.700000   53     991.14     131.36    -865.02    -865.92    656     0.001     0.999
   0.700000   54    1018.66     139.39    -883.89    -884.76    633     0.001     0.999
   0.700000   55    1046.18     147.50    -903.02    -903.87    234     0.001     0.999
   0.700000   56    1073.70     155.25    -921.45    -922.28     24     0.001     0.999
   0.680000   52     963.61     123.94    -847.07    -847.99     51     0.001     0.999
   0.680000   53     991.14     130.92    -865.35    -866.25    349     0.001     0.999
   0.680000   54    1018.66     139.44    -883.69    -884.56    784     0.001     0.999
   0.680000   55    1046.18     147.98    -901.95    -902.80    613     0.001     0.999
   0.680000   56    1073.70     156.59    -921.15    -921.98     98     0.001     0.999
   0.660000   53     991.14     131.45    -866.23    -867.13    123     0.001     0.999
   0.660000   54    1018.66     139.13    -883.92    -884.79    727     0.001     0.999
   0.660000   55    1046.18     148.18    -901.82    -902.67    785     0.001     0.999
   0.660000   56    1073.70     157.17    -919.35    -920.17    241     0.001     0.999
   0.640000   54    1018.66     138.81    -884.83    -885.70     57     0.001     0.999
   0.640000   55    1046.18     148.46    -901.98    -902.83    563     0.001     0.999
   0.640000   56    1073.70     157.77    -919.26    -920.09    971     0.001     0.999
   0.640000   57    1101.22     167.20    -935.00    -935.81    295     0.001     0.999
   0.620000   55    1046.18     147.58    -902.94    -903.79     87     0.001     0.999
   0.620000   56    1073.70     157.78    -919.57    -920.40    495     0.001     0.999
   0.620000   57    1101.22     167.91    -936.45    -937.25    806     0.001     0.999
   0.620000   58    1128.74     178.02    -952.95    -953.74    463     0.001     0.999
   0.620000   59    1156.26     187.94    -966.60    -967.38     45     0.001     0.999
   0.600000   56    1073.70     158.01    -920.33    -921.16    115     0.001     0.999
   0.600000   57    1101.22     167.85    -936.51    -937.32    666     0.001     0.999
   0.600000   58    1128.74     178.29    -952.68    -953.46    854     0.001     0.999
   0.600000   59    1156.26     189.00    -968.69    -969.46    249     0.001     0.999
   0.580000   57    1101.22     167.43    -937.04    -937.85    248     0.001     0.999
   0.580000   58    1128.74     178.42    -952.64    -953.43    889     0.001     0.999
   0.580000   59    1156.26     189.44    -968.25    -969.02    652     0.001     0.999
   0.580000   60    1183.78     200.71    -982.50    -983.25     92     0.001     0.999
   0.560000   56    1073.70     157.89    -922.23    -923.05     24     0.001     0.999
   0.560000   57    1101.22     166.45    -937.66    -938.47    187     0.001     0.999
   0.560000   58    1128.74     178.08    -952.77    -953.56    574     0.001     0.999
   0.560000   59    1156.26     189.83    -967.94    -968.71    791     0.001     0.999
   0.560000   60    1183.78     201.52    -982.48    -983.23    309     0.001     0.999
   0.540000   58    1128.74     177.80    -953.43    -954.22    235     0.001     0.999
   0.540000   59    1156.26     189.84    -967.72    -968.49   1044     0.001     0.999
   0.540000   60    1183.78     201.89    -981.96    -982.72    579     0.001     0.999
   0.540000   61    1211.31     214.57    -993.25    -993.99     32     0.001     0.999
   0.520000   58    1128.74     176.93    -953.71    -954.49     94     0.001     0.999
   0.520000   59    1156.26     189.41    -967.89    -968.66    666     0.001     0.999
   0.520000   60    1183.78     202.27    -981.64    -982.39    903     0.001     0.999
   0.520000   61    1211.31     215.10    -994.98    -995.71    223     0.001     0.999
   0.500000   58    1128.74     177.07    -954.88    -955.67     25     0.001     0.999
   0.500000   59    1156.26     189.11    -968.24    -969.01    400     0.001     0.999
   0.500000   60    1183.78     202.29    -981.59    -982.34    922     0.001     0.999
   0.500000   61    1211.31     215.46    -994.63    -995.36    524     0.001     0.999
   0.500000   62    1238.83     228.95   -1003.33   -1004.05     28     0.001     0.999
   0.480000   59    1156.26     188.73    -968.79    -969.56    163     0.001     0.999
   0.480000   60    1183.78     202.04    -981.71    -982.46    955     0.001     0.999
   0.480000   61    1211.31     215.65    -993.94    -994.67    718     0.001     0.999
   0.480000   62    1238.83     229.60   -1007.30   -1008.02     62     0.001     0.999
   0.460000   59    1156.26     192.28    -969.84    -970.61     37     0.001     0.999
   0.460000   60    1183.78     201.76    -981.98    -982.73    481     0.001     0.999
   0.460000   61    1211.31     216.01    -994.11    -994.85    998     0.001     0.999
   0.460000   62    1238.83     230.42   -1006.06   -1006.78    350     0.001     0.999
   0.460000   63    1266.35     244.90   -1013.30   -1014.01     33     0.001     0.999
   0.440000   60    1183.78     201.02    -982.40    -983.15    195     0.001     0.999
   0.440000   61    1211.31     215.95    -994.23    -994.97    821     0.001     0.999
   0.440000   62    1238.83     230.89   -1005.96   -1006.68    726     0.001     0.999
   0.440000   63    1266.35     245.79   -1016.92   -1017.62    143     0.001     0.999
   0.420000   60    1183.78     199.81    -983.12    -983.87    119     0.001     0.999
   0.420000   61    1211.31     215.57    -994.51    -995.25    681     0.001     0.999
   0.420000   62    1238.83     230.97   -1005.36   -1006.08    876     0.001     0.999
   0.420000   63    1266.35     246.46   -1016.43   -1017.13    208     0.001     0.999
   0.400000   60    1183.78     204.48    -984.32    -985.07     22     0.001     0.999
   0.400000   61    1211.31     214.85    -994.88    -995.62    313     0.001     0.999
   0.400000   62    1238.83     231.12   -1005.51   -1006.23    914     0.001     0.999
   0.400000   63    1266.35     247.09   -1015.99   -1016.69    591     0.001     0.999
   0.400000   64    1293.87     263.26   -1026.29   -1026.97     59     0.001     0.999
   0.380000   61    1211.31     217.04    -995.61    -996.35     75     0.001     0.999
   0.380000   62    1238.83     230.89   -1005.67   -1006.39    720     0.001     0.999
   0.380000   63    1266.35     247.26   -1015.72   -1016.42    899     0.001     0.999
   0.380000   64    1293.87     263.78   -1025.68   -1026.37    190     0.001     0.999
   0.360000   62    1238.83     230.65   -1006.19   -1006.91    158     0.001     0.999
   0.360000   63    1266.35     247.50   -1015.88   -1016.58    727     0.001     0.999
   0.360000   64    1293.87     264.70   -1025.27   -1025.96    844     0.001     0.999
   0.360000   65    1321.39     281.84   -1034.51   -1035.18    160     0.001     0.999
   0.340000   62    1238.83     235.65   -1007.16   -1007.88     25     0.001     0.999
   0.340000   63    1266.35     247.23   -1016.26   -1016.97    318     0.001     0.999
   0.340000   64    1293.87     264.83   -1025.39   -1026.08    808     0.001     0.999
   0.340000   65    1321.39     282.55   -1034.35   -1035.02    645     0.001     0.999
   0.340000   66    1348.91     300.51   -1043.53   -1044.19     96     0.000     1.000
   0.320000   63    1266.35     246.44   -1016.96   -1017.67    165     0.001     0.999
   0.320000   64    1293.87     264.51   -1025.42   -1026.11    711     0.001     0.999
   0.320000   65    1321.39     282.70   -1033.91   -1034.58    763     0.001     0.999
   0.320000   66    1348.91     301.13   -1042.44   -1043.10    228     0.000     1.000
   0.320000   67    1376.43     319.49   -1047.18   -1047.84     27     0.000     1.000
   0.300000   64    1293.87     263.90   -1025.98   -1026.67    251     0.001     0.999
   0.300000   65    1321.39     282.79   -1034.08   -1034.76    751     0.001     0.999
   0.300000   66    1348.91     301.61   -1041.92   -1042.59    691     0.000     1.000
   0.300000   67    1376.43     320.45   -1048.90   -1049.54    180     0.000     1.000
   0.280000   64    1293.87     264.47   -1026.71   -1027.40     53     0.001     0.999
   0.280000   65    1321.39     282.27   -1034.46   -1035.14    447     0.001     0.999
   0.280000   66    1348.91     301.51   -1041.73   -1042.39    793     0.000     1.000
   0.280000   67    1376.43     321.35   -1049.06   -1049.71    501     0.000     1.000
   0.280000   68    1403.95     340.89   -1056.72   -1057.36    104     0.000     1.000
   0.260000   64    1293.87     263.68   -1027.83   -1028.52     32     0.001     0.999
   0.260000   65    1321.39     281.48   -1034.83   -1035.50    178     0.001     0.999
   0.260000   66    1348.91     301.46   -1041.79   -1042.45    514     0.000     1.000
   0.260000   67    1376.43     321.59   -1048.81   -1049.46    705     0.000     1.000
   0.260000   68    1403.95     341.46   -1055.63   -1056.27    342     0.000     1.000
   0.260000   69    1431.47     361.66   -1062.96   -1063.58    112     0.000     1.000
   0.240000   65    1321.39     281.20   -1036.31   -1036.99     36     0.001     0.999
   0.240000   66    1348.91     301.03   -1042.47   -1043.13    173     0.000     1.000
   0.240000   67    1376.43     321.80   -1048.97   -1049.62    444     0.000     1.000
   0.240000   68    1403.95     342.06   -1055.39   -1056.02    622     0.000     1.000
   0.240000   69    1431.47     362.93   -1061.95   -1062.57    425     0.000     1.000
   0.240000   70    1459.00     383.85   -1068.29   -1068.90    180     0.000     1.000
   0.220000   67    1376.43     321.07   -1049.92   -1050.57     89     0.000     1.000
   0.220000   68    1403.95     341.75   -1055.62   -1056.26    456     0.000     1.000
   0.220000   69    1431.47     362.94   -1061.63   -1062.25    696     0.000     1.000
   0.220000   70    1459.00     384.19   -1067.40   -1068.01    443     0.000     1.000
   0.220000   71    1486.52     405.69   -1073.41   -1074.01    170     0.000     1.000
   0.220000   72    1514.04     427.10   -1078.79   -1079.38     36     0.000     1.000
   0.200000   68    1403.95     343.22   -1056.73   -1057.37     80     0.000     1.000
   0.200000   69    1431.47     362.29   -1062.02   -1062.65    363     0.000     1.000
   0.200000   70    1459.00     384.36   -1067.29   -1067.90    661     0.000     1.000
   0.200000   71    1486.52     406.08   -1072.56   -1073.16    550     0.000     1.000
   0.200000   72    1514.04     428.08   -1077.87   -1078.46    202     0.000     1.000
   0.200000   73    1541.56     449.84   -1082.30   -1082.88     36     0.000     1.000
   0.180000   69    1431.47     362.18   -1062.93   -1063.55     59     0.000     1.000
   0.180000   70    1459.00     383.66   -1067.69   -1068.30    234     0.000     1.000
   0.180000   71    1486.52     406.12   -1072.63   -1073.23    482     0.000     1.000
   0.180000   72    1514.04     428.66   -1077.53   -1078.12    534     0.000     1.000
   0.180000   73    1541.56     451.03   -1082.25   -1082.82    358     0.000     1.000
   0.180000   74    1569.08     473.68   -1087.20   -1087.77    166     0.000     1.000
   0.180000   75    1596.60     496.39   -1091.88   -1092.44     44     0.000     1.000
   0.160000   70    1459.00     389.12   -1069.32   -1069.93     21     0.000     1.000
   0.160000   71    1486.52     405.18   -1073.55   -1074.15    105     0.000     1.000
   0.160000   72    1514.04     428.43   -1077.85   -1078.44    323     0.000     1.000
   0.160000   73    1541.56     451.19   -1082.15   -1082.73    405     0.000     1.000
   0.160000   74    1569.08     474.30   -1086.43   -1087.00    433     0.000     1.000
   0.160000   75    1596.60     497.26   -1090.84   -1091.40    317     0.000     1.000
   0.160000   76    1624.12     520.36   -1094.94   -1095.49    201     0.000     1.000
   0.160000   77    1651.64     543.19   -1099.19   -1099.73     87     0.000     1.000
   0.140000   72    1514.04     428.99   -1079.24   -1079.83     42     0.000     1.000
   0.140000   73    1541.56     450.50   -1082.93   -1083.51    104     0.000     1.000
   0.140000   74    1569.08     474.23   -1086.84   -1087.41    212     0.000     1.000
   0.140000   75    1596.60     497.11   -1090.46   -1091.02    285     0.000     1.000
   0.140000   76    1624.12     521.19   -1094.39   -1094.94    317     0.000     1.000
   0.140000   77    1651.64     544.75   -1098.25   -1098.80    328     0.000     1.000
   0.140000   78    1679.17     568.27   -1101.99   -1102.52    317     0.000     1.000
   0.140000   79    1706.69     591.63   -1105.53   -1106.06    197     0.000     1.000
   0.140000   80    1734.21     615.78   -1109.81   -1110.32     61     0.000     1.000
   0.140000   81    1761.73     638.43   -1112.55   -1113.06     20     0.000     1.000
   0.120000   74    1569.08     474.75   -1088.77   -1089.34     31     0.000     1.000
   0.120000   75    1596.60     495.87   -1091.85   -1092.41    100     0.000     1.000
   0.120000   76    1624.12     519.74   -1095.07   -1095.63    182     0.000     1.000
   0.120000   77    1651.64     544.17   -1098.35   -1098.89    284     0.000     1.000
   0.120000   78    1679.17     568.10   -1101.63   -1102.16    338     0.000     1.000
   0.120000   79    1706.69     592.67   -1104.90   -1105.43    314     0.000     1.000
   0.120000   80    1734.21     616.85   -1108.24   -1108.76    332     0.000     1.000
   0.120000   81    1761.73     640.73   -1111.45   -1111.96    195     0.000     1.000
   0.120000   82    1789.25     664.65   -1114.55   -1115.05    101     0.000     1.000
   0.120000   83    1816.77     688.62   -1117.06   -1117.55     20     0.000     1.000
   0.100000   77    1651.64     544.58   -1099.99   -1100.53     43     0.000     1.000
   0.100000   78    1679.17     567.46   -1102.54   -1103.07    134     0.000     1.000
   0.100000   79    1706.69     591.84   -1105.14   -1105.66    314     0.000     1.000
   0.100000   80    1734.21     616.79   -1107.96   -1108.48    379     0.000     1.000
   0.100000   81    1761.73     641.34   -1110.60   -1111.11    418     0.000     1.000
   0.100000   82    1789.25     666.13   -1113.39   -1113.89    328     0.000     1.000
   0.100000   83    1816.77     690.55   -1115.92   -1116.41    193     0.000     1.000
   0.100000   84    1844.29     715.87   -1118.88   -1119.37     61     0.000     1.000
   0.100000   85    1871.81     741.04   -1121.35   -1121.83     25     0.000     1.000
   0.080000   80    1734.21     622.75   -1109.28   -1109.79     53     0.000     1.000
   0.080000   81    1761.73     640.46   -1111.23   -1111.74    200     0.000     1.000
   0.080000   82    1789.25     665.72   -1113.35   -1113.85    341     0.000     1.000
   0.080000   83    1816.77     691.19   -1115.50   -1116.00    374     0.000     1.000
   0.080000   84    1844.29     716.65   -1117.79   -1118.27    417     0.000     1.000
   0.080000   85    1871.81     741.50   -1119.89   -1120.37    301     0.000     1.000
   0.080000   86    1899.33     766.77   -1122.06   -1122.53    169     0.000     1.000
   0.080000   87    1926.86     792.78   -1123.93   -1124.39     43     0.000     1.000
   0.060000   81    1761.73     640.42   -1113.04   -1113.55     28     0.000     1.000
   0.060000   82    1789.25     665.71   -1114.63   -1115.13     89     0.000     1.000
   0.060000   83    1816.77     690.02   -1116.18   -1116.67    183     0.000     1.000
   0.060000   84    1844.29     716.58   -1117.87   -1118.36    331     0.000     1.000
   0.060000   85    1871.81     741.93   -1119.46   -1119.94    460     0.000     1.000
   0.060000   86    1899.33     767.56   -1121.06   -1121.53    471     0.000     1.000
   0.060000   87    1926.86     793.42   -1122.59   -1123.06    258     0.000     1.000
   0.060000   88    1954.38     819.61   -1124.11   -1124.57     75     0.000     1.000
   0.040000   84    1844.29     715.10   -1118.85   -1119.34     71     0.000     1.000
   0.040000   85    1871.81     741.46   -1119.90   -1120.38    276     0.000     1.000
   0.040000   86    1899.33     767.54   -1120.95   -1121.42    614     0.000     1.000
   0.040000   87    1926.86     794.20   -1122.02   -1122.48    604     0.000     1.000
   0.040000   88    1954.38     820.00   -1122.94   -1123.40    277     0.000     1.000
   0.040000   89    1981.90     846.17   -1124.10   -1124.56     42     0.000     1.000
   0.020000   85    1871.81     742.18   -1120.93   -1121.41     57     0.000     1.000
   0.020000   86    1899.33     767.06   -1121.44   -1121.92    257     0.000     1.000
   0.020000   87    1926.86     793.94   -1121.97   -1122.43    642     0.000     1.000
   0.020000   88    1954.38     820.68   -1122.48   -1122.94    649     0.000     1.000
   0.020000   89    1981.90     847.28   -1122.97   -1123.42    267     0.000     1.000
   0.020000   90    2009.42     873.52   -1123.39   -1123.84     22     0.000     1.000
   0.000000   86    1899.33     776.12   -1122.62   -1123.09     27     0.000     1.000
   0.000000   87    1926.86     793.12   -1122.62   -1123.09    219     0.000     1.000
   0.000000   88    1954.38     820.23   -1122.62   -1123.08    247     0.000     1.000
   0.000000   89    1981.90     847.59   -1122.62   -1123.07    182     0.000     1.000
   0.000000   90    2009.42     875.25   -1122.62   -1123.07     90     0.000     1.000
   0.000000   91    2036.94     903.18   -1122.62   -1123.06     86     0.000     1.000
   0.000000   92    2064.46     930.66   -1122.62   -1123.06     59     0.000     1.000
   0.000000   93    2091.98     958.25   -1122.62   -1123.05    131     0.000     1.000
   0.000000   94    2119.50     985.73   -1122.62   -1123.04    160     0.000     1.000
   0.000000   95    2147.03    1013.19   -1122.62   -1123.04    232     0.000     1.000
   0.000000   96    2174.55    1040.92   -1122.62   -1123.03    220     0.000     1.000
   0.000000   97    2202.07    1067.79   -1122.62   -1123.03    155     0.000     1.000
   0.000000   98    2229.59    1095.06   -1122.62   -1123.02     49     0.000     1.000
   0.000000   99    2257.11    1122.57   -1122.62   -1123.02     30     0.000     1.000


# Part 3: Bin-averaged summary:
# bin  energy gap  <dGg> <dGg norm> pts  <c1**2> <c2**2> <r_xy>
   1   -439.97     -2.05   1121.34         32    0.995    0.005    6.961
   2   -412.44     -2.18   1121.21        123    0.995    0.005    6.976
   3   -384.92     -2.34   1121.05        241    0.994    0.006    7.006
   4   -357.40     -2.50   1120.89        336    0.993    0.007    7.018
   5   -329.88     -2.88   1120.51        367    0.992    0.008    6.925
   6   -302.36     -3.20   1120.19        314    0.990    0.010    6.924
   7   -274.84     -3.40   1119.99        393    0.988    0.012    7.016
   8   -247.32     -3.49   1119.90        423    0.986    0.014    6.916
   9   -219.80     -3.68   1119.71        446    0.982    0.018    6.989
  10   -192.27     -3.62   1119.77        364    0.977    0.023    6.942
  11   -164.75     -3.52   1119.87        362    0.970    0.030    6.972
  12   -137.23     -3.88   1119.51        377    0.958    0.042    6.931
  13   -109.71     -4.38   1119.01        349    0.939    0.061    6.877
  14    -82.19     -5.51   1117.88        274    0.903    0.097    6.816
  15    -54.67     -8.33   1115.06        287    0.831    0.169    6.845
  16    -27.15    -14.98   1108.41        370    0.703    0.297    6.865
  17      0.37    -27.22   1096.17        379    0.504    0.496    6.863
  18     27.89    -45.56   1077.83        325    0.294    0.706    6.763
  19     55.42    -67.17   1056.22        366    0.160    0.840    6.727
  20     82.94    -90.08   1033.31        394    0.097    0.903    6.646
  21    110.46   -114.07   1009.32        336    0.063    0.937    6.620
  22    137.98   -138.96    984.43        231    0.042    0.958    6.599
  23    165.50   -164.17    959.22        303    0.030    0.970    6.616
  24    193.02   -189.09    934.31        314    0.023    0.977    6.579
  25    220.54   -213.77    909.62        354    0.018    0.982    6.527
  26    248.06   -239.06    884.33        410    0.014    0.986    6.523
  27    275.59   -264.09    859.30        388    0.011    0.989    6.546
  28    303.11   -289.15    834.24        328    0.010    0.990    6.528
  29    330.63   -313.80    809.59        315    0.008    0.992    6.547
  30    358.15   -338.50    784.89        314    0.007    0.993    6.530
  31    385.67   -363.00    760.39        296    0.006    0.994    6.515
  32    413.19   -387.33    736.06        328    0.005    0.995    6.491
  33    440.71   -412.44    710.95        348    0.005    0.995    6.474
  34    468.23   -436.84    686.55        396    0.004    0.996    6.469
  35    495.75   -461.20    662.19        393    0.004    0.996    6.511
  36    523.28   -485.37    638.02        417    0.003    0.997    6.538
  37    550.80   -509.26    614.13        402    0.003    0.997    6.561
  38    578.32   -533.24    590.15        424    0.003    0.997    6.542
  39    605.84   -557.44    565.95        444    0.002    0.998    6.573
  40    633.36   -581.14    542.25        526    0.002    0.998    6.556
  41    660.88   -604.69    518.70        668    0.002    0.998    6.560
  42    688.40   -628.23    495.16        761    0.002    0.998    6.491
  43    715.92   -651.10    472.29        875    0.002    0.998    6.429
  44    743.45   -674.21    449.18        833    0.002    0.998    6.335
  45    770.97   -696.96    426.43       1011    0.002    0.998    6.291
  46    798.49   -719.31    404.09       1168    0.001    0.999    6.294
  47    826.01   -741.24    382.15       1300    0.001    0.999    6.294
  48    853.53   -762.57    360.82       1218    0.001    0.999    6.306
  49    881.05   -783.83    339.56        754    0.001    0.999    6.118
  50    908.57   -805.07    318.32        643    0.001    0.999    5.323
  51    936.09   -826.13    297.26       1240    0.001    0.999    4.882
  52    963.61   -846.36    277.03       2243    0.001    0.999    4.719
  53    991.14   -866.12    257.27       2576    0.001    0.999    4.585
  54   1018.66   -884.79    238.60       2720    0.001    0.999    4.482
  55   1046.18   -902.93    220.46       2335    0.001    0.999    4.410
  56   1073.70   -920.40    202.99       1968    0.001    0.999    4.342
  57   1101.22   -937.25    186.14       2202    0.001    0.999    4.270
  58   1128.74   -953.62    169.77       3134    0.001    0.999    4.252
  59   1156.26   -968.81    154.58       4047    0.001    0.999    4.295
  60   1183.78   -982.63    140.76       4577    0.001    0.999    4.287
  61   1211.31   -995.08    128.31       4385    0.001    0.999    4.297
  62   1238.83  -1006.41    116.98       3859    0.001    0.999    4.353
  63   1266.35  -1016.71    106.68       3084    0.001    0.999    4.393
  64   1293.87  -1026.19     97.20       2948    0.001    0.999    4.507
  65   1321.39  -1034.92     88.47       2980    0.001    0.999    4.581
  66   1348.91  -1042.64     80.75       2495    0.000    1.000    4.596
  67   1376.43  -1049.59     73.80       1946    0.000    1.000    4.587
  68   1403.95  -1056.29     67.10       1604    0.000    1.000    4.625
  69   1431.47  -1062.56     60.83       1655    0.000    1.000    4.664
  70   1459.00  -1068.14     55.25       1539    0.000    1.000    4.676
  71   1486.52  -1073.37     50.02       1307    0.000    1.000    4.709
  72   1514.04  -1078.37     45.02       1137    0.000    1.000    4.780
  73   1541.56  -1082.86     40.53        903    0.000    1.000    4.897
  74   1569.08  -1087.34     36.05        842    0.000    1.000    4.959
  75   1596.60  -1091.45     31.94        746    0.000    1.000    5.058
  76   1624.12  -1095.28     28.12        700    0.000    1.000    5.065
  77   1651.64  -1099.04     24.35        742    0.000    1.000    5.101
  78   1679.17  -1102.46     20.93        789    0.000    1.000    5.078
  79   1706.69  -1105.67     17.72        825    0.000    1.000    5.067
  80   1734.21  -1108.81     14.58        825    0.000    1.000    5.116
  81   1761.73  -1111.57     11.82        861    0.000    1.000    5.349
  82   1789.25  -1114.14      9.25        859    0.000    1.000    5.556
  83   1816.77  -1116.30      7.09        770    0.000    1.000    5.784
  84   1844.29  -1118.47      4.92        880    0.000    1.000    5.962
  85   1871.81  -1120.28      3.11       1119    0.000    1.000    6.013
  86   1899.33  -1121.69      1.70       1538    0.000    1.000    5.993
  87   1926.86  -1122.67      0.72       1766    0.000    1.000    5.874
  88   1954.38  -1123.17      0.22       1248    0.000    1.000    5.800
  89   1981.90  -1123.39      0.00        491    0.000    1.000    5.659
  90   2009.42  -1123.22      0.17        112    0.000    1.000    5.580
  91   2036.94  -1123.06      0.33         86    0.000    1.000    5.870
  92   2064.46  -1123.06      0.33         59    0.000    1.000    6.042
  93   2091.98  -1123.05      0.34        131    0.000    1.000    6.062
  94   2119.50  -1123.04      0.35        160    0.000    1.000    6.177
  95   2147.03  -1123.04      0.35        232    0.000    1.000    6.028
  96   2174.55  -1123.03      0.36        220    0.000    1.000    6.073
  97   2202.07  -1123.03      0.36        155    0.000    1.000    6.070
  98   2229.59  -1123.02      0.37         49    0.000    1.000    6.157
  99   2257.11  -1123.02      0.37         30    0.000    1.000    6.173
