
Build and version information

Build number 6.0.15
Build date   20240314
Built:       
      by     p315462
      on     login1
      git id adc28a635c78993922188615a73366ace3402081
      with   GNU Fortran GCC 11.3.0
qfep version 6.0.15 , git id=adc28a635c78993922188615a73366ace3402081 initialising
Current date 2024- 4-18 and time 17:10: 0

Welcome in qfep modification date 20240314

 Q6, Copyright © 2017 Johan Åqvist, John Marelius, Shina Caroline Lynn Kamerlin and Paul Bauer
 Q6 comes with ABSOLUTELY NO WARRANTY.  This is free software, and you are welcome
 to redistribute it under certain conditions. For details, add the --help flag.
--> Number of energy files: # Number of files                 =    51
--> No. of states, no. of predefined off-diag elements: # Number of states                 =     2
# Number of off-diagonal elements =     0
--> Give kT & no, of pts to skip   & calculation mode: # kT                              = 0.592
# Number of data points to skip   =   100
# Only QQ interactions will be considered   =   0
--> Give number of gap-bins: # Number of gap-bins              =   100
--> Give minimum # pts/bin: # Minimum number of points per bin=    20
--> Give alpha for state  2:                                                    # Alpha for state  2              =  -520.50
--> Number of off-diagonal elements:# Number of off-diagonal elements =     1
#   i   j   A(i,j)  mu(i,j) eta(i,j) rxy0(i,j)
--> i, j, A_ij, mu_ij, eta_ij, r_xy0: #   1   2     30.00      0.00      0.00      0.00
--> linear combination of states defining reaction coord: # Linear combination co-efficients=  1.00 -1.00


# Part 0: Average energies for all states in all files
# file             state   pts   lambda    EQtot   EQbond  EQang   EQtor   EQimp    EQel   EQvdW  Eel_qq  EvdW_qq Eel_qp  EvdW_qp Eel_qw EvdW_qw Eqrstr
--> Name of file number   1:                                                     
# Energy files from Qdyn, version: 6.0.16 , git id=adc28a635c78993922188615a73366ace3402081                        
fep_050_1.000.en        1      1899  1.000000  -10028.35   -9778.72    11.55     9.11     0.00  -258.09   -12.20   -54.29     7.19   -13.29    -0.90  -190.51   -18.50     0.00
fep_050_1.000.en        2      1899  0.000000   -9282.08   -9607.51   163.16    11.28     0.00  -331.29   482.28  -170.49   502.15   -13.61    -0.91  -147.19   -18.95     0.00
--> Name of file number   2:                                                     
# Energy files from Qdyn, version: 6.0.16 , git id=adc28a635c78993922188615a73366ace3402081                        
fep_049_0.980.en        1      1899  0.980000  -10019.98   -9777.73    10.16     9.25     0.00  -252.75    -8.90   -59.09     8.16   -12.33    -1.05  -181.33   -16.02     0.00
fep_049_0.980.en        2      1899  0.020000   -9472.68   -9741.16   176.56    10.71     0.00  -319.83   401.04  -160.54   418.56    -8.43    -1.02  -150.86   -16.50     0.00
--> Name of file number   3:                                                     
# Energy files from Qdyn, version: 6.0.16 , git id=adc28a635c78993922188615a73366ace3402081                        
fep_048_0.960.en        1      1899  0.960000  -10013.05   -9774.75    10.38     9.61     0.00  -251.00    -7.29   -56.32    11.53   -15.59    -0.49  -179.09   -18.33     0.00
fep_048_0.960.en        2      1899  0.040000   -9660.86   -9857.74   152.01     9.96     0.00  -310.71   345.62  -149.95   364.81   -11.46    -0.47  -149.31   -18.72     0.00
--> Name of file number   4:                                                     
# Energy files from Qdyn, version: 6.0.16 , git id=adc28a635c78993922188615a73366ace3402081                        
fep_047_0.940.en        1      1899  0.940000  -10001.61   -9772.33    10.46    10.14     0.00  -245.29    -4.60   -53.69    15.22   -17.23    -0.26  -174.36   -19.55     0.00
fep_047_0.940.en        2      1899  0.060000   -9784.64   -9937.96   142.70    10.61     0.00  -299.15   299.17  -143.88   319.36   -16.39    -0.26  -138.88   -19.94     0.00
--> Name of file number   5:                                                     
# Energy files from Qdyn, version: 6.0.16 , git id=adc28a635c78993922188615a73366ace3402081                        
fep_046_0.920.en        1      1899  0.920000   -9991.49   -9768.17    11.38     9.74     0.00  -244.84     0.40   -56.46    20.33   -19.33    -0.41  -169.05   -19.53     0.00
fep_046_0.920.en        2      1899  0.080000   -9903.13  -10029.14   136.85     7.89     0.00  -294.14   275.41  -138.05   295.75   -18.67    -0.42  -137.43   -19.92     0.00
--> Name of file number   6:                                                     
# Energy files from Qdyn, version: 6.0.16 , git id=adc28a635c78993922188615a73366ace3402081                        
fep_000_0.900.en        1      1899  0.900000   -9993.41   -9762.46    11.45     9.50     0.00  -257.94     6.03   -57.29    26.17   -19.61    -0.07  -181.04   -20.07     0.00
fep_000_0.900.en        2      1899  0.100000  -10030.18  -10125.17   137.16     7.42     0.00  -298.28   248.69  -132.00   269.25   -19.30    -0.09  -146.99   -20.47     0.00
--> Name of file number   7:                                                     
# Energy files from Qdyn, version: 6.0.16 , git id=adc28a635c78993922188615a73366ace3402081                        
fep_001_0.880.en        1      1899  0.880000   -9972.12   -9756.94    12.22     9.78     0.00  -250.92    13.74   -58.26    34.17   -20.14     0.26  -172.52   -20.69     0.00
fep_001_0.880.en        2      1899  0.120000  -10145.01  -10227.86   128.84     9.17     0.00  -289.57   234.41  -125.36   255.26   -19.70     0.24  -144.51   -21.09     0.00
--> Name of file number   8:                                                     
# Energy files from Qdyn, version: 6.0.16 , git id=adc28a635c78993922188615a73366ace3402081                        
fep_002_0.860.en        1      1899  0.860000   -9953.38   -9748.57    12.49     9.59     0.00  -247.31    20.42   -57.23    42.42   -18.47    -0.18  -171.61   -21.83     0.00
fep_002_0.860.en        2      1899  0.140000  -10253.12  -10312.62   122.58    10.16     0.00  -287.40   214.16  -124.39   236.52   -16.74    -0.17  -146.27   -22.18     0.00
--> Name of file number   9:                                                     
# Energy files from Qdyn, version: 6.0.16 , git id=adc28a635c78993922188615a73366ace3402081                        
fep_003_0.840.en        1      1899  0.840000   -9951.64   -9736.73    13.61     9.51     0.00  -270.25    32.22   -57.54    51.35   -15.80    -0.16  -196.91   -18.96     0.00
fep_003_0.840.en        2      1899  0.160000  -10390.73  -10426.75   106.18    11.52     0.00  -284.15   202.48  -106.43   221.99   -15.55    -0.14  -162.17   -19.36     0.00
--> Name of file number  10:                                                     
# Energy files from Qdyn, version: 6.0.16 , git id=adc28a635c78993922188615a73366ace3402081                        
fep_004_0.820.en        1      1899  0.820000   -9919.44   -9719.85    14.06     9.70     0.00  -263.93    40.58   -55.56    58.02   -19.14     0.67  -189.24   -18.11     0.00
fep_004_0.820.en        2      1899  0.180000  -10508.47  -10497.13    94.22     8.58     0.00  -290.99   176.84  -107.83   194.72   -18.70     0.66  -164.46   -18.55     0.00
--> Name of file number  11:                                                     
# Energy files from Qdyn, version: 6.0.16 , git id=adc28a635c78993922188615a73366ace3402081                        
fep_005_0.800.en        1      1899  0.800000   -9892.48   -9700.94    15.58     9.48     0.00  -261.56    44.96   -52.77    64.19   -20.95     1.00  -187.84   -20.22     0.00
fep_005_0.800.en        2      1899  0.200000  -10634.16  -10569.07    82.72     5.43     0.00  -296.32   143.08  -108.04   162.74   -19.69     1.01  -168.60   -20.67     0.00
--> Name of file number  12:                                                     
# Energy files from Qdyn, version: 6.0.16 , git id=adc28a635c78993922188615a73366ace3402081                        
fep_006_0.780.en        1      1899  0.780000   -9872.08   -9681.49    18.23     9.35     0.00  -271.00    52.84   -56.13    69.14   -22.35     1.08  -192.53   -17.38     0.00
fep_006_0.780.en        2      1899  0.220000  -10733.10  -10629.81    71.79     4.49     0.00  -297.79   118.23  -105.21   134.99   -22.44     1.06  -170.14   -17.82     0.00
--> Name of file number  13:                                                     
# Energy files from Qdyn, version: 6.0.16 , git id=adc28a635c78993922188615a73366ace3402081                        
fep_007_0.760.en        1      1899  0.760000   -9843.12   -9663.45    20.58     9.43     0.00  -263.83    54.16   -57.84    72.59   -21.21     0.66  -184.78   -19.09     0.00
fep_007_0.760.en        2      1899  0.240000  -10820.64  -10681.35    56.08     4.53     0.00  -293.47    93.56  -101.57   112.40   -20.70     0.63  -171.20   -19.47     0.00
--> Name of file number  14:                                                     
# Energy files from Qdyn, version: 6.0.16 , git id=adc28a635c78993922188615a73366ace3402081                        
fep_008_0.740.en        1      1899  0.740000   -9824.80   -9645.01    23.62     9.27     0.00  -269.93    57.25   -57.17    73.66   -21.25     0.90  -191.51   -17.31     0.00
fep_008_0.740.en        2      1899  0.260000  -10896.49  -10719.89    39.12     4.85     0.00  -296.13    75.56   -98.47    92.39   -21.87     0.87  -175.79   -17.70     0.00
--> Name of file number  15:                                                     
# Energy files from Qdyn, version: 6.0.16 , git id=adc28a635c78993922188615a73366ace3402081                        
fep_009_0.720.en        1      1899  0.720000   -9814.66   -9607.80    24.22     9.37     0.00  -302.11    61.66   -56.78    76.75   -21.50     0.70  -223.83   -15.79     0.00
fep_009_0.720.en        2      1899  0.280000  -10955.54  -10738.60    30.93     7.55     0.00  -312.60    57.18   -82.92    63.32   -21.78     0.68  -207.90    -6.83     0.00
--> Name of file number  16:                                                     
# Energy files from Qdyn, version: 6.0.16 , git id=adc28a635c78993922188615a73366ace3402081                        
fep_010_0.700.en        1      1899  0.700000   -9789.27   -9578.33    26.32     9.18     0.00  -312.60    66.15   -57.72    79.32   -19.54     0.58  -235.34   -13.74     0.00
fep_010_0.700.en        2      1899  0.300000  -10984.79  -10756.33    28.84     6.02     0.00  -313.28    49.94   -70.77    45.21   -19.19     0.55  -223.31     4.19     0.00
--> Name of file number  17:                                                     
# Energy files from Qdyn, version: 6.0.16 , git id=adc28a635c78993922188615a73366ace3402081                        
fep_011_0.680.en        1      1899  0.680000   -9775.03   -9574.34    28.32     9.29     0.00  -302.14    63.85   -56.61    80.54   -21.02     0.78  -224.52   -17.47     0.00
fep_011_0.680.en        2      1899  0.320000  -11008.18  -10773.08    27.61     4.54     0.00  -308.88    41.63   -71.21    42.11   -20.59     0.77  -217.08    -1.26     0.00
--> Name of file number  18:                                                     
# Energy files from Qdyn, version: 6.0.16 , git id=adc28a635c78993922188615a73366ace3402081                        
fep_012_0.660.en        1      1899  0.660000   -9771.53   -9569.67    27.67     9.58     0.00  -307.39    68.28   -56.26    84.85   -19.68     0.63  -231.45   -17.20     0.00
fep_012_0.660.en        2      1899  0.340000  -11019.82  -10782.01    25.87     5.61     0.00  -308.49    39.20   -68.11    39.67   -19.16     0.61  -221.22    -1.08     0.00
--> Name of file number  19:                                                     
# Energy files from Qdyn, version: 6.0.16 , git id=adc28a635c78993922188615a73366ace3402081                        
fep_013_0.640.en        1      1899  0.640000   -9757.56   -9565.19    28.89     9.64     0.00  -302.33    71.42   -58.93    87.96   -17.24    -0.30  -226.16   -16.24     0.00
fep_013_0.640.en        2      1899  0.360000  -11035.68  -10792.79    22.64     5.48     0.00  -307.27    36.26   -70.21    38.12   -13.62    -0.32  -223.44    -1.54     0.00
--> Name of file number  20:                                                     
# Energy files from Qdyn, version: 6.0.16 , git id=adc28a635c78993922188615a73366ace3402081                        
fep_014_0.620.en        1      1899  0.620000   -9752.38   -9558.88    30.01    10.48     0.00  -305.30    71.30   -59.19    88.18   -19.00    -0.42  -227.11   -16.46     0.00
fep_014_0.620.en        2      1899  0.380000  -11059.52  -10803.05    18.56     6.25     0.00  -312.48    31.20   -69.22    34.22   -18.03    -0.43  -225.23    -2.59     0.00
--> Name of file number  21:                                                     
# Energy files from Qdyn, version: 6.0.16 , git id=adc28a635c78993922188615a73366ace3402081                        
fep_015_0.600.en        1      1899  0.600000   -9744.97   -9554.61    31.03     9.68     0.00  -304.96    73.88   -60.43    91.85   -15.06    -0.92  -229.47   -17.04     0.00
fep_015_0.600.en        2      1899  0.400000  -11064.86  -10809.66    19.68     5.57     0.00  -310.38    29.94   -68.88    34.20   -11.48    -0.92  -230.02    -3.34     0.00
--> Name of file number  22:                                                     
# Energy files from Qdyn, version: 6.0.16 , git id=adc28a635c78993922188615a73366ace3402081                        
fep_016_0.580.en        1      1899  0.580000   -9727.92   -9550.95    31.59     9.97     0.00  -294.04    75.50   -58.64    92.55   -19.44     0.29  -215.96   -17.35     0.00
fep_016_0.580.en        2      1899  0.420000  -11065.44  -10816.67    18.14     5.42     0.00  -299.89    27.57   -67.28    32.32   -18.60     0.30  -214.01    -5.05     0.00
--> Name of file number  23:                                                     
# Energy files from Qdyn, version: 6.0.16 , git id=adc28a635c78993922188615a73366ace3402081                        
fep_017_0.560.en        1      1899  0.560000   -9732.73   -9544.30    32.54     9.89     0.00  -308.26    77.41   -61.58    93.67   -21.21     0.38  -225.47   -16.65     0.00
fep_017_0.560.en        2      1899  0.440000  -11091.55  -10824.39    14.13     5.71     0.00  -313.40    26.40   -65.96    29.43   -20.69     0.37  -226.75    -3.40     0.00
--> Name of file number  24:                                                     
# Energy files from Qdyn, version: 6.0.16 , git id=adc28a635c78993922188615a73366ace3402081                        
fep_018_0.540.en        1      1899  0.540000   -9726.20   -9544.20    32.70     9.91     0.00  -303.16    78.55   -60.54    95.39   -19.73     0.28  -222.89   -17.11     0.00
fep_018_0.540.en        2      1899  0.460000  -11104.41  -10829.39    12.50     4.41     0.00  -315.57    23.64   -63.52    28.92   -19.35     0.26  -232.70    -5.54     0.00
--> Name of file number  25:                                                     
# Energy files from Qdyn, version: 6.0.16 , git id=adc28a635c78993922188615a73366ace3402081                        
fep_019_0.520.en        1      1899  0.520000   -9717.18   -9542.55    33.17     9.63     0.00  -298.56    81.12   -59.72    98.81   -18.51     0.36  -220.33   -18.05     0.00
fep_019_0.520.en        2      1899  0.480000  -11106.02  -10834.65    13.16     6.62     0.00  -312.90    21.76   -71.20    29.27   -18.32     0.38  -223.38    -7.89     0.00
--> Name of file number  26:                                                     
# Energy files from Qdyn, version: 6.0.16 , git id=adc28a635c78993922188615a73366ace3402081                        
fep_020_0.500.en        1      1899  0.500000   -9715.46   -9538.44    34.69    10.20     0.00  -305.21    83.31   -57.09   100.34   -17.84     0.55  -230.28   -17.57     0.00
fep_020_0.500.en        2      1899  0.500000  -11120.68  -10838.29    12.39     6.79     0.00  -321.71    20.14   -71.87    26.88   -17.49     0.56  -232.34    -7.31     0.00
--> Name of file number  27:                                                     
# Energy files from Qdyn, version: 6.0.16 , git id=adc28a635c78993922188615a73366ace3402081                        
fep_021_0.480.en        1      1899  0.480000   -9706.91   -9533.86    34.77    10.63     0.00  -304.40    85.96   -59.18   101.57   -16.58     0.18  -228.65   -15.79     0.00
fep_021_0.480.en        2      1899  0.520000  -11126.47  -10842.64    11.00     4.94     0.00  -319.48    19.72   -71.83    25.34   -14.51     0.20  -233.14    -5.81     0.00
--> Name of file number  28:                                                     
# Energy files from Qdyn, version: 6.0.16 , git id=adc28a635c78993922188615a73366ace3402081                        
fep_022_0.460.en        1      1899  0.460000   -9699.46   -9527.88    35.40     9.63     0.00  -304.60    87.99   -63.31   103.52   -14.30    -0.18  -227.00   -15.35     0.00
fep_022_0.460.en        2      1899  0.540000  -11131.17  -10846.22     8.94     4.79     0.00  -318.19    19.50   -73.88    24.46   -10.71    -0.18  -233.60    -4.78     0.00
--> Name of file number  29:                                                     
# Energy files from Qdyn, version: 6.0.16 , git id=adc28a635c78993922188615a73366ace3402081                        
fep_023_0.440.en        1      1899  0.440000   -9688.26   -9520.09    35.17     9.94     0.00  -301.27    88.00   -64.94   104.39   -15.23    -0.53  -221.10   -15.87     0.00
fep_023_0.440.en        2      1899  0.560000  -11126.01  -10849.74     9.70     4.21     0.00  -307.19    17.01   -71.71    22.77   -11.75    -0.54  -223.73    -5.22     0.00
--> Name of file number  30:                                                     
# Energy files from Qdyn, version: 6.0.16 , git id=adc28a635c78993922188615a73366ace3402081                        
fep_024_0.420.en        1      1899  0.420000   -9696.71   -9499.23    35.55     9.61     0.00  -330.69    88.06   -61.76   106.47   -15.90    -0.45  -253.03   -17.96     0.00
fep_024_0.420.en        2      1899  0.580000  -11150.50  -10852.60     9.65     4.65     0.00  -327.90    15.70   -56.21    22.34   -10.77    -0.44  -260.93    -6.20     0.00
--> Name of file number  31:                                                     
# Energy files from Qdyn, version: 6.0.16 , git id=adc28a635c78993922188615a73366ace3402081                        
fep_025_0.400.en        1      1899  0.400000   -9693.18   -9491.84    35.93     9.50     0.00  -336.45    89.69   -61.90   108.60   -15.56    -0.45  -258.99   -18.45     0.00
fep_025_0.400.en        2      1899  0.600000  -11157.52  -10854.90     9.50     5.20     0.00  -332.07    14.75   -51.43    21.82   -11.26    -0.43  -269.38    -6.64     0.00
--> Name of file number  32:                                                     
# Energy files from Qdyn, version: 6.0.16 , git id=adc28a635c78993922188615a73366ace3402081                        
fep_026_0.380.en        1      1899  0.380000   -9697.31   -9488.59    37.06     9.82     0.00  -347.85    92.24   -60.06   110.08   -14.11    -0.60  -273.67   -17.24     0.00
fep_026_0.380.en        2      1899  0.620000  -11168.09  -10858.20     9.96     4.51     0.00  -339.16    14.81   -48.34    21.40   -10.53    -0.56  -280.28    -6.03     0.00
--> Name of file number  33:                                                     
# Energy files from Qdyn, version: 6.0.16 , git id=adc28a635c78993922188615a73366ace3402081                        
fep_027_0.360.en        1      1899  0.360000   -9688.72   -9485.43    37.96     9.50     0.00  -342.15    91.40   -60.27   110.41   -14.75    -0.53  -267.13   -18.47     0.00
fep_027_0.360.en        2      1899  0.640000  -11169.07  -10861.27     9.59     3.74     0.00  -332.41    11.28   -48.44    19.92   -11.02    -0.50  -272.95    -8.14     0.00
--> Name of file number  34:                                                     
# Energy files from Qdyn, version: 6.0.16 , git id=adc28a635c78993922188615a73366ace3402081                        
fep_028_0.340.en        1      1899  0.340000   -9679.33   -9481.91    39.29     9.54     0.00  -340.68    94.42   -59.31   111.97   -15.94    -0.12  -265.42   -17.43     0.00
fep_028_0.340.en        2      1899  0.660000  -11178.63  -10862.40     8.19     3.04     0.00  -340.08    12.63   -46.70    19.71   -11.45    -0.10  -281.93    -6.98     0.00
--> Name of file number  35:                                                     
# Energy files from Qdyn, version: 6.0.16 , git id=adc28a635c78993922188615a73366ace3402081                        
fep_029_0.320.en        1      1899  0.320000   -9692.33   -9476.23    38.48    10.66     0.00  -362.15    96.91   -57.03   112.68   -15.02    -0.72  -290.10   -15.05     0.00
fep_029_0.320.en        2      1899  0.680000  -11198.92  -10863.48     8.45     3.21     0.00  -358.69    11.59   -41.06    17.46   -11.38    -0.70  -306.25    -5.17     0.00
--> Name of file number  36:                                                     
# Energy files from Qdyn, version: 6.0.16 , git id=adc28a635c78993922188615a73366ace3402081                        
fep_030_0.300.en        1      1899  0.300000   -9682.54   -9472.69    39.58     9.93     0.00  -356.54    97.18   -57.27   114.47   -15.59    -0.57  -283.69   -16.72     0.00
fep_030_0.300.en        2      1899  0.700000  -11204.53  -10865.98     7.54     3.06     0.00  -358.36     9.20   -40.99    16.97   -11.14    -0.56  -306.23    -7.21     0.00
--> Name of file number  37:                                                     
# Energy files from Qdyn, version: 6.0.16 , git id=adc28a635c78993922188615a73366ace3402081                        
fep_031_0.280.en        1      1899  0.280000   -9680.41   -9471.03    41.02    11.41     0.00  -359.67    97.86   -57.54   116.39   -16.00    -0.64  -286.13   -17.89     0.00
fep_031_0.280.en        2      1899  0.720000  -11214.38  -10868.53     8.07     2.81     0.00  -363.87     7.13   -42.68    16.83   -11.13    -0.64  -310.06    -9.06     0.00
--> Name of file number  38:                                                     
# Energy files from Qdyn, version: 6.0.16 , git id=adc28a635c78993922188615a73366ace3402081                        
fep_032_0.260.en        1      1899  0.260000   -9669.28   -9466.49    40.58    10.20     0.00  -352.65    99.08   -61.47   118.55   -16.42    -0.73  -274.76   -18.74     0.00
fep_032_0.260.en        2      1899  0.740000  -11202.32  -10869.40     7.33     2.78     0.00  -348.73     5.70   -41.32    16.69   -11.51    -0.73  -295.90   -10.26     0.00
--> Name of file number  39:                                                     
# Energy files from Qdyn, version: 6.0.16 , git id=adc28a635c78993922188615a73366ace3402081                        
fep_033_0.240.en        1      1899  0.240000   -9657.75   -9462.45    41.76    10.67     0.00  -347.93   100.19   -58.07   118.83   -16.02    -1.34  -273.85   -17.30     0.00
fep_033_0.240.en        2      1899  0.760000  -11203.42  -10869.92     6.86     3.36     0.00  -349.41     5.69   -38.51    15.67   -11.71    -1.34  -299.18    -8.64     0.00
--> Name of file number  40:                                                     
# Energy files from Qdyn, version: 6.0.16 , git id=adc28a635c78993922188615a73366ace3402081                        
fep_034_0.220.en        1      1899  0.220000   -9661.15   -9455.93    43.08    10.47     0.00  -360.45   101.67   -56.42   119.65   -14.66    -1.56  -289.36   -16.42     0.00
fep_034_0.220.en        2      1899  0.780000  -11213.19  -10870.88     6.90     3.81     0.00  -356.78     3.75   -36.11    13.59   -11.44    -1.55  -309.22    -8.28     0.00
--> Name of file number  41:                                                     
# Energy files from Qdyn, version: 6.0.16 , git id=adc28a635c78993922188615a73366ace3402081                        
fep_035_0.200.en        1      1899  0.200000   -9656.37   -9451.54    43.34     9.93     0.00  -361.10   103.00   -61.51   121.09   -15.62    -1.27  -283.97   -16.81     0.00
fep_035_0.200.en        2      1899  0.800000  -11215.39  -10872.25     7.60     3.42     0.00  -357.50     3.34   -38.24    12.90   -11.92    -1.27  -307.34    -8.29     0.00
--> Name of file number  42:                                                     
# Energy files from Qdyn, version: 6.0.16 , git id=adc28a635c78993922188615a73366ace3402081                        
fep_036_0.180.en        1      1899  0.180000   -9656.24   -9447.99    42.56    10.42     0.00  -366.64   105.41   -58.22   121.73   -15.74    -1.10  -292.68   -15.22     0.00
fep_036_0.180.en        2      1899  0.820000  -11222.98  -10874.21     6.33     2.97     0.00  -361.08     3.01   -36.24    11.63   -12.24    -1.09  -312.61    -7.52     0.00
--> Name of file number  43:                                                     
# Energy files from Qdyn, version: 6.0.16 , git id=adc28a635c78993922188615a73366ace3402081                        
fep_037_0.160.en        1      1899  0.160000   -9640.97   -9443.81    44.00    10.37     0.00  -357.37   105.84   -58.30   124.21   -14.16    -1.41  -284.91   -16.96     0.00
fep_037_0.160.en        2      1899  0.840000  -11212.32  -10875.15     6.72     3.15     0.00  -347.83     0.80   -39.01    11.85   -11.41    -1.40  -297.41    -9.65     0.00
--> Name of file number  44:                                                     
# Energy files from Qdyn, version: 6.0.16 , git id=adc28a635c78993922188615a73366ace3402081                        
fep_038_0.140.en        1      1899  0.140000   -9617.70   -9441.11    45.74    11.10     0.00  -340.04   106.60   -61.82   124.07   -14.06    -1.15  -264.15   -16.32     0.00
fep_038_0.140.en        2      1899  0.860000  -11205.72  -10875.93     6.72     3.07     0.00  -341.19     1.61   -38.62    11.54   -10.79    -1.13  -291.77    -8.80     0.00
--> Name of file number  45:                                                     
# Energy files from Qdyn, version: 6.0.16 , git id=adc28a635c78993922188615a73366ace3402081                        
fep_039_0.120.en        1      1899  0.120000   -9614.09   -9436.99    47.34    11.23     0.00  -342.92   107.24   -64.35   125.02   -15.00    -1.05  -263.56   -16.73     0.00
fep_039_0.120.en        2      1899  0.880000  -11211.25  -10876.17     6.54     2.90     0.00  -345.22     0.71   -40.30    10.90   -10.82    -1.02  -294.10    -9.17     0.00
--> Name of file number  46:                                                     
# Energy files from Qdyn, version: 6.0.16 , git id=adc28a635c78993922188615a73366ace3402081                        
fep_040_0.100.en        1      1899  0.100000   -9611.86   -9432.61    46.71    11.85     0.00  -347.47   109.66   -64.99   126.61   -15.20    -0.95  -267.28   -16.00     0.00
fep_040_0.100.en        2      1899  0.900000  -11214.42  -10876.88     6.80     2.73     0.00  -347.82     0.75   -42.40    10.56   -10.42    -0.91  -295.00    -8.90     0.00
--> Name of file number  47:                                                     
# Energy files from Qdyn, version: 6.0.16 , git id=adc28a635c78993922188615a73366ace3402081                        
fep_041_0.080.en        1      1899  0.080000   -9606.80   -9429.46    47.30    12.12     0.00  -348.09   111.33   -63.91   128.82   -14.90    -1.20  -269.28   -16.29     0.00
fep_041_0.080.en        2      1899  0.920000  -11220.25  -10877.13     7.24     2.84     0.00  -353.42     0.22   -40.11    10.70   -10.65    -1.17  -302.67    -9.30     0.00
--> Name of file number  48:                                                     
# Energy files from Qdyn, version: 6.0.16 , git id=adc28a635c78993922188615a73366ace3402081                        
fep_042_0.060.en        1      1899  0.060000   -9591.72   -9423.99    48.26    13.45     0.00  -342.65   113.22   -67.04   130.64   -14.68    -1.26  -260.92   -16.16     0.00
fep_042_0.060.en        2      1899  0.940000  -11217.86  -10876.93     6.69     2.88     0.00  -350.20    -0.29   -38.68    10.27   -10.50    -1.24  -301.02    -9.32     0.00
--> Name of file number  49:                                                     
# Energy files from Qdyn, version: 6.0.16 , git id=adc28a635c78993922188615a73366ace3402081                        
fep_043_0.040.en        1      1899  0.040000   -9589.36   -9420.19    52.56    11.47     0.00  -349.81   116.61   -65.56   132.15   -13.69    -1.69  -270.56   -13.85     0.00
fep_043_0.040.en        2      1899  0.960000  -11224.42  -10878.26     6.79     2.81     0.00  -356.03     0.27   -35.19     9.64   -10.34    -1.68  -310.50    -7.69     0.00
--> Name of file number  50:                                                     
# Energy files from Qdyn, version: 6.0.16 , git id=adc28a635c78993922188615a73366ace3402081                        
fep_044_0.020.en        1      1899  0.020000   -9563.67   -9415.56    55.99    12.94     0.00  -333.86   116.81   -67.23   135.47   -12.65    -1.43  -253.98   -17.22     0.00
fep_044_0.020.en        2      1899  0.980000  -11214.66  -10878.51     7.38     3.15     0.00  -343.75    -2.93   -37.46     9.61    -8.95    -1.40  -297.35   -11.14     0.00
--> Name of file number  51:                                                     
# Energy files from Qdyn, version: 6.0.16 , git id=adc28a635c78993922188615a73366ace3402081                        
fep_045_0.000.en        1      1899  0.000000   -9573.29   -9410.03    53.90    11.13     0.00  -345.36   117.08   -67.38   134.69   -12.38    -1.52  -265.59   -16.09     0.00
fep_045_0.000.en        2      1899  1.000000  -11221.40  -10878.22     6.60     2.96     0.00  -350.93    -1.81   -36.94     9.19    -9.19    -1.50  -304.79    -9.50     0.00


# Part 1: Free energy perturbation summary:

# Calculation for full system
# lambda(1)      dGf sum(dGf)      dGr sum(dGr)     <dG>
   1.000000     0.000     0.000    -2.542  1659.029     0.000
   0.980000     1.890     1.890     1.966  1661.571     2.216
   0.960000    -1.250     0.640     5.176  1659.605     0.608
   0.940000    -4.768    -4.128     7.549  1654.428    -4.364
   0.920000    -7.424   -11.552     9.773  1646.879   -11.851
   0.900000    -9.711   -21.263    12.781  1637.107   -21.593
   0.880000   -12.640   -33.904    14.883  1624.326   -34.303
   0.860000   -14.854   -48.758    17.597  1609.443   -49.172
   0.840000   -17.894   -66.652    20.598  1591.846   -66.917
   0.820000   -20.296   -86.948    23.629  1571.248   -87.364
   0.800000   -23.803  -110.751    26.146  1547.619  -111.080
   0.780000   -26.820  -137.571    28.958  1521.473  -137.563
   0.760000   -28.835  -166.406    31.274  1492.515  -166.460
   0.740000   -30.724  -197.130    32.618  1461.240  -197.459
   0.720000   -32.278  -229.408    33.966  1428.622  -229.907
   0.700000   -33.863  -263.271    34.705  1394.656  -263.822
   0.680000   -34.664  -297.935    35.093  1359.951  -298.506
   0.660000   -35.404  -333.339    35.771  1324.857  -333.755
   0.640000   -35.645  -368.984    36.359  1289.086  -369.463
   0.620000   -36.158  -405.142    36.657  1252.727  -405.722
   0.600000   -36.737  -441.879    36.963  1216.070  -442.419
   0.580000   -36.957  -478.836    37.448  1179.108  -479.378
   0.560000   -37.356  -516.192    37.864  1141.660  -516.780
   0.540000   -37.725  -553.916    38.058  1103.796  -554.575
   0.520000   -38.082  -591.998    38.379  1065.738  -592.644
   0.500000   -38.314  -630.312    38.670  1027.358  -630.991
   0.480000   -38.645  -668.956    38.931   988.689  -669.648
   0.460000   -38.935  -707.891    39.039   949.757  -708.581
   0.440000   -39.159  -747.050    39.367   910.718  -747.681
   0.420000   -39.287  -786.338    39.567   871.351  -787.007
   0.400000   -39.608  -825.945    39.707   831.784  -826.595
   0.380000   -39.824  -865.769    39.893   792.077  -866.360
   0.360000   -39.951  -905.720    40.271   752.184  -906.282
   0.340000   -40.139  -945.859    40.415   711.913  -946.487
   0.320000   -40.515  -986.374    40.754   671.499  -986.952
   0.300000   -40.664 -1027.038    40.993   630.745 -1027.661
   0.280000   -40.943 -1067.981    40.957   589.753 -1068.629
   0.260000   -41.185 -1109.165    41.199   548.795 -1109.699
   0.240000   -41.190 -1150.355    41.316   507.597 -1150.894
   0.220000   -41.447 -1191.802    41.451   466.280 -1192.275
   0.200000   -41.580 -1233.382    41.634   424.830 -1233.791
   0.180000   -41.726 -1275.108    41.715   383.196 -1275.470
   0.160000   -41.853 -1316.961    42.041   341.481 -1317.255
   0.140000   -41.959 -1358.921    42.226   299.440 -1359.255
   0.120000   -42.294 -1401.215    42.339   257.214 -1401.515
   0.100000   -42.479 -1443.694    42.539   214.875 -1443.924
   0.080000   -42.584 -1486.278    42.816   172.335 -1486.486
   0.060000   -42.816 -1529.094    43.000   129.519 -1529.302
   0.040000   -43.050 -1572.144    43.303    86.519 -1572.327
   0.020000   -43.222 -1615.365    43.216    43.216 -1615.589
   0.000000   -43.566 -1658.932     0.000     0.000 -1658.980

# Min energy-gap is:   -541.57
# Max energy-gap is:   2287.47



# Part 2: Reaction free energy summary:
# Lambda(1)  bin Energy gap      dGa     dGb     dGg    # pts    c1**2    c2**2
   1.000000    4    -442.55       0.00     430.47      -2.03     25     0.995     0.005
   1.000000    5    -414.26       0.00     402.64      -2.17     28     0.995     0.005
   1.000000    6    -385.97       0.00     374.21      -2.32     55     0.994     0.006
   1.000000    7    -357.68       0.00     345.82      -2.51     89     0.993     0.007
   1.000000    8    -329.39       0.00     317.85      -2.72    148     0.992     0.008
   1.000000    9    -301.10       0.00     289.20      -2.98    163     0.990     0.010
   1.000000   10    -272.81       0.00     260.79      -3.27    194     0.988     0.012
   1.000000   11    -244.52       0.00     232.45      -3.66    210     0.985     0.015
   1.000000   12    -216.23       0.00     204.35      -4.12    207     0.982     0.018
   1.000000   13    -187.94       0.00     176.35      -4.70    200     0.976     0.024
   1.000000   14    -159.65       0.00     147.74      -5.53    171     0.968     0.032
   1.000000   15    -131.36       0.00     120.49      -6.58    126     0.955     0.045
   1.000000   16    -103.07       0.00      91.15      -8.39    113     0.931     0.069
   1.000000   17     -74.78       0.00      63.03     -11.16     76     0.888     0.112
   1.000000   18     -46.49       0.00      35.62     -16.02     47     0.810     0.190
   1.000000   19     -18.20       0.00       6.10     -26.33     25     0.658     0.342
   0.980000   12    -216.23      -2.06     201.93      -6.19     20     0.981     0.019
   0.980000   13    -187.94      -1.57     176.16      -6.22     39     0.976     0.024
   0.980000   14    -159.65      -0.94     147.63      -6.48     77     0.967     0.033
   0.980000   15    -131.36      -0.43     119.33      -7.00    130     0.954     0.046
   0.980000   16    -103.07       0.14      91.64      -8.15    175     0.931     0.069
   0.980000   17     -74.78       0.72      64.00     -10.35    189     0.887     0.113
   0.980000   18     -46.49       1.26      36.08     -14.97    235     0.803     0.197
   0.980000   19     -18.20       1.84       8.45     -24.16    252     0.638     0.362
   0.980000   20      10.09       2.38     -19.07     -39.60    248     0.425     0.575
   0.980000   21      38.38       2.93     -46.48     -60.23    195     0.243     0.757
   0.980000   22      66.68       3.51     -74.90     -84.87    159     0.132     0.868
   0.980000   23      94.97       4.04    -102.59    -110.33     88     0.081     0.919
   0.980000   24     123.26       4.62    -129.74    -136.04     48     0.052     0.948
   0.980000   25     151.55       5.13    -155.37    -160.73     25     0.038     0.962
   0.960000   20      10.09       1.02     -20.62     -41.10     21     0.399     0.601
   0.960000   21      38.38       2.19     -47.72     -61.46     55     0.218     0.782
   0.960000   22      66.68       3.26     -75.28     -85.24    114     0.126     0.874
   0.960000   23      94.97       4.35    -101.92    -109.66    194     0.077     0.923
   0.960000   24     123.26       5.46    -128.49    -134.79    238     0.051     0.949
   0.960000   25     151.55       6.60    -156.12    -161.41    307     0.035     0.965
   0.960000   26     179.84       7.71    -183.45    -188.00    276     0.026     0.974
   0.960000   27     208.13       8.86    -210.61    -214.60    242     0.020     0.980
   0.960000   28     236.42       9.93    -237.57    -241.12    206     0.016     0.984
   0.960000   29     264.71      11.07    -264.84    -268.03    142     0.012     0.988
   0.960000   30     293.00      12.14    -291.82    -294.73     68     0.010     0.990
   0.960000   31     321.29      13.20    -314.17    -316.87     20     0.009     0.991
   0.940000   26     179.84       6.43    -184.90    -189.45     28     0.025     0.975
   0.940000   27     208.13       8.04    -211.35    -215.33     82     0.019     0.981
   0.940000   28     236.42       9.71    -237.68    -241.23    248     0.015     0.985
   0.940000   29     264.71      11.35    -264.18    -267.38    347     0.012     0.988
   0.940000   30     293.00      13.05    -290.97    -293.88    353     0.010     0.990
   0.940000   31     321.29      14.68    -317.38    -320.05    316     0.009     0.991
   0.940000   32     349.58      16.37    -343.64    -346.11    224     0.007     0.993
   0.940000   33     377.87      18.03    -370.20    -372.49    139     0.006     0.994
   0.940000   34     406.16      19.76    -396.81    -398.95     77     0.005     0.995
   0.940000   35     434.45      21.40    -424.11    -426.10     53     0.005     0.995
   0.940000   36     462.74      23.22    -449.68    -451.57     24     0.004     0.996
   0.920000   30     293.00      11.50    -290.86    -293.79     25     0.010     0.990
   0.920000   31     321.29      13.65    -318.53    -321.20     77     0.008     0.992
   0.920000   32     349.58      15.88    -344.53    -346.99    142     0.007     0.993
   0.920000   33     377.87      18.07    -370.01    -372.30    240     0.006     0.994
   0.920000   34     406.16      20.38    -396.23    -398.36    289     0.005     0.995
   0.920000   35     434.45      22.54    -422.44    -424.44    356     0.005     0.995
   0.920000   36     462.74      24.76    -448.17    -450.06    323     0.004     0.996
   0.920000   37     491.03      27.04    -474.04    -475.81    225     0.004     0.996
   0.920000   38     519.32      29.24    -500.18    -501.86    136     0.003     0.997
   0.920000   39     547.61      31.42    -526.55    -528.15     59     0.003     0.997
   0.900000   34     406.16      18.58    -397.18    -399.32     31     0.005     0.995
   0.900000   35     434.45      21.51    -423.15    -425.15     64     0.005     0.995
   0.900000   36     462.74      24.33    -448.77    -450.65    131     0.004     0.996
   0.900000   37     491.03      27.05    -473.96    -475.74    198     0.004     0.996
   0.900000   38     519.32      29.82    -499.38    -501.06    283     0.003     0.997
   0.900000   39     547.61      32.64    -524.94    -526.54    283     0.003     0.997
   0.900000   40     575.90      35.51    -550.37    -551.89    286     0.003     0.997
   0.900000   41     604.19      38.35    -575.65    -577.10    248     0.002     0.998
   0.900000   42     632.48      41.18    -601.08    -602.47    169     0.002     0.998
   0.900000   43     660.77      43.88    -626.35    -627.68    113     0.002     0.998
   0.900000   44     689.06      46.62    -651.03    -652.31     46     0.002     0.998
   0.900000   45     717.35      49.48    -675.53    -676.76     28     0.002     0.998
   0.880000   40     575.90      34.68    -551.50    -553.02     47     0.003     0.997
   0.880000   41     604.19      37.66    -576.39    -577.85    114     0.002     0.998
   0.880000   42     632.48      40.99    -601.29    -602.68    223     0.002     0.998
   0.880000   43     660.77      44.32    -625.99    -627.32    307     0.002     0.998
   0.880000   44     689.06      47.72    -650.82    -652.10    340     0.002     0.998
   0.880000   45     717.35      51.17    -675.47    -676.70    353     0.002     0.998
   0.880000   46     745.64      54.44    -700.84    -702.02    267     0.002     0.998
   0.880000   47     773.93      57.75    -725.54    -726.68    130     0.002     0.998
   0.880000   48     802.22      61.22    -750.12    -751.22     78     0.001     0.999
   0.860000   43     660.77      42.72    -627.82    -629.15     26     0.002     0.998
   0.860000   44     689.06      46.56    -652.20    -653.48     58     0.002     0.998
   0.860000   45     717.35      50.46    -675.84    -677.07    110     0.002     0.998
   0.860000   46     745.64      54.44    -700.44    -701.62    167     0.002     0.998
   0.860000   47     773.93      58.31    -724.62    -725.77    220     0.001     0.999
   0.860000   48     802.22      62.31    -748.99    -750.09    275     0.001     0.999
   0.860000   49     830.52      66.20    -773.14    -774.20    330     0.001     0.999
   0.860000   50     858.81      70.10    -797.50    -798.53    305     0.001     0.999
   0.860000   51     887.10      74.21    -821.99    -822.99    185     0.001     0.999
   0.860000   52     915.39      78.02    -846.38    -847.35     93     0.001     0.999
   0.860000   53     943.68      82.04    -871.19    -872.13     63     0.001     0.999
   0.860000   54     971.97      85.88    -893.82    -894.73     42     0.001     0.999
   0.840000   49     830.52      65.32    -774.79    -775.86     38     0.001     0.999
   0.840000   50     858.81      69.40    -798.31    -799.34     95     0.001     0.999
   0.840000   51     887.10      74.00    -821.87    -822.87    158     0.001     0.999
   0.840000   52     915.39      78.49    -845.31    -846.28    263     0.001     0.999
   0.840000   53     943.68      82.99    -869.18    -870.12    309     0.001     0.999
   0.840000   54     971.97      87.51    -893.01    -893.92    338     0.001     0.999
   0.840000   55    1000.26      91.99    -916.66    -917.55    311     0.001     0.999
   0.840000   56    1028.55      96.55    -940.26    -941.12    209     0.001     0.999
   0.840000   57    1056.84     100.99    -964.44    -965.28     89     0.001     0.999
   0.840000   58    1085.13     105.58    -988.23    -989.05     48     0.001     0.999
   0.820000   53     943.68      81.55    -870.53    -871.47     26     0.001     0.999
   0.820000   54     971.97      86.85    -894.09    -895.00     37     0.001     0.999
   0.820000   55    1000.26      91.73    -917.32    -918.21    106     0.001     0.999
   0.820000   56    1028.55      96.53    -940.26    -941.12    174     0.001     0.999
   0.820000   57    1056.84     101.63    -963.31    -964.16    244     0.001     0.999
   0.820000   58    1085.13     106.65    -986.50    -987.32    282     0.001     0.999
   0.820000   59    1113.42     111.76   -1009.68   -1010.48    265     0.001     0.999
   0.820000   60    1141.71     116.77   -1032.79   -1033.57    245     0.001     0.999
   0.820000   61    1170.00     121.82   -1055.53   -1056.29    191     0.001     0.999
   0.820000   62    1198.29     126.91   -1078.91   -1079.65    134     0.001     0.999
   0.820000   63    1226.58     132.18   -1102.47   -1103.19    101     0.001     0.999
   0.820000   64    1254.87     137.09   -1126.05   -1126.75     61     0.001     0.999
   0.800000   59    1113.42     110.00   -1010.97   -1011.77     37     0.001     0.999
   0.800000   60    1141.71     116.20   -1034.03   -1034.81     87     0.001     0.999
   0.800000   61    1170.00     121.50   -1056.42   -1057.18    126     0.001     0.999
   0.800000   62    1198.29     127.09   -1078.76   -1079.50    205     0.001     0.999
   0.800000   63    1226.58     132.83   -1101.53   -1102.26    259     0.001     0.999
   0.800000   64    1254.87     138.29   -1124.29   -1125.00    287     0.001     0.999
   0.800000   65    1283.16     144.00   -1146.69   -1147.38    256     0.001     0.999
   0.800000   66    1311.45     149.64   -1169.35   -1170.03    227     0.001     0.999
   0.800000   67    1339.74     155.24   -1191.75   -1192.41    191     0.001     0.999
   0.800000   68    1368.03     161.04   -1214.76   -1215.41    118     0.000     1.000
   0.800000   69    1396.32     166.61   -1237.35   -1237.99     56     0.000     1.000
   0.780000   63    1226.58     130.59   -1102.65   -1103.38     23     0.001     0.999
   0.780000   64    1254.87     137.07   -1125.81   -1126.52     58     0.001     0.999
   0.780000   65    1283.16     143.08   -1147.25   -1147.95    114     0.001     0.999
   0.780000   66    1311.45     149.37   -1169.22   -1169.90    182     0.001     0.999
   0.780000   67    1339.74     155.57   -1191.54   -1192.20    256     0.000     1.000
   0.780000   68    1368.03     161.76   -1213.58   -1214.23    293     0.000     1.000
   0.780000   69    1396.32     167.93   -1235.75   -1236.39    315     0.000     1.000
   0.780000   70    1424.61     174.10   -1257.14   -1257.77    262     0.000     1.000
   0.780000   71    1452.90     180.35   -1280.02   -1280.63    202     0.000     1.000
   0.780000   72    1481.19     186.59   -1301.25   -1301.85    120     0.000     1.000
   0.780000   73    1509.48     192.39   -1323.68   -1324.27     47     0.000     1.000
   0.760000   69    1396.32     166.69   -1236.89   -1237.53     66     0.000     1.000
   0.760000   70    1424.61     173.75   -1257.92   -1258.55    135     0.000     1.000
   0.760000   71    1452.90     180.48   -1279.38   -1280.00    264     0.000     1.000
   0.760000   72    1481.19     187.13   -1300.63   -1301.23    386     0.000     1.000
   0.760000   73    1509.48     193.92   -1321.81   -1322.41    428     0.000     1.000
   0.760000   74    1537.77     200.57   -1343.66   -1344.24    346     0.000     1.000
   0.760000   75    1566.06     207.37   -1365.20   -1365.77    167     0.000     1.000
   0.760000   76    1594.36     214.07   -1386.19   -1386.75     63     0.000     1.000
   0.740000   72    1481.19     186.77   -1301.53   -1302.13     25     0.000     1.000
   0.740000   73    1509.48     193.36   -1323.31   -1323.90     67     0.000     1.000
   0.740000   74    1537.77     200.56   -1344.16   -1344.74    201     0.000     1.000
   0.740000   75    1566.06     207.70   -1364.91   -1365.48    375     0.000     1.000
   0.740000   76    1594.36     214.92   -1385.64   -1386.20    560     0.000     1.000
   0.740000   77    1622.65     222.11   -1406.24   -1406.79    433     0.000     1.000
   0.740000   78    1650.94     229.27   -1427.08   -1427.62    198     0.000     1.000
   0.740000   79    1679.23     236.28   -1444.09   -1444.62     37     0.000     1.000
   0.720000   75    1566.06     207.66   -1366.03   -1366.60     60     0.000     1.000
   0.720000   76    1594.36     214.15   -1386.14   -1386.70    167     0.000     1.000
   0.720000   77    1622.65     222.20   -1406.42   -1406.97    325     0.000     1.000
   0.720000   78    1650.94     229.97   -1426.65   -1427.19    463     0.000     1.000
   0.720000   79    1679.23     237.78   -1447.03   -1447.56    423     0.000     1.000
   0.720000   80    1707.52     245.79   -1467.27   -1467.79    274     0.000     1.000
   0.720000   81    1735.81     253.63   -1487.46   -1487.97    142     0.000     1.000
   0.720000   82    1764.10     261.66   -1506.89   -1507.40     40     0.000     1.000
   0.700000   78    1650.94     229.11   -1427.60   -1428.14    101     0.000     1.000
   0.700000   79    1679.23     237.53   -1447.27   -1447.80    368     0.000     1.000
   0.700000   80    1707.52     245.82   -1467.09   -1467.61    597     0.000     1.000
   0.700000   81    1735.81     254.18   -1486.65   -1487.16    511     0.000     1.000
   0.700000   82    1764.10     262.44   -1505.57   -1506.08    271     0.000     1.000
   0.700000   83    1792.39     270.76   -1522.94   -1523.44     39     0.000     1.000
   0.680000   79    1679.23     236.92   -1447.91   -1448.44     60     0.000     1.000
   0.680000   80    1707.52     245.34   -1467.33   -1467.85    242     0.000     1.000
   0.680000   81    1735.81     254.17   -1486.60   -1487.11    566     0.000     1.000
   0.680000   82    1764.10     263.08   -1505.66   -1506.17    564     0.000     1.000
   0.680000   83    1792.39     271.94   -1524.62   -1525.12    370     0.000     1.000
   0.680000   84    1820.68     280.81   -1542.96   -1543.45     89     0.000     1.000
   0.660000   80    1707.52     244.54   -1468.29   -1468.82     92     0.000     1.000
   0.660000   81    1735.81     253.53   -1486.73   -1487.25    391     0.000     1.000
   0.660000   82    1764.10     262.99   -1505.38   -1505.88    690     0.000     1.000
   0.660000   83    1792.39     272.50   -1523.87   -1524.37    539     0.000     1.000
   0.660000   84    1820.68     281.75   -1542.22   -1542.71    162     0.000     1.000
   0.640000   81    1735.81     252.72   -1488.14   -1488.66     49     0.000     1.000
   0.640000   82    1764.10     262.48   -1505.88   -1506.39    312     0.000     1.000
   0.640000   83    1792.39     272.57   -1523.69   -1524.19    830     0.000     1.000
   0.640000   84    1820.68     282.39   -1541.22   -1541.71    585     0.000     1.000
   0.640000   85    1848.97     292.12   -1558.44   -1558.92    120     0.000     1.000
   0.620000   82    1764.10     261.66   -1506.89   -1507.40     35     0.000     1.000
   0.620000   83    1792.39     272.73   -1524.15   -1524.65    320     0.000     1.000
   0.620000   84    1820.68     282.47   -1541.35   -1541.85    792     0.000     1.000
   0.620000   85    1848.97     293.01   -1558.60   -1559.08    635     0.000     1.000
   0.620000   86    1877.26     303.52   -1575.71   -1576.19    107     0.000     1.000
   0.600000   83    1792.39     273.04   -1524.93   -1525.43    106     0.000     1.000
   0.600000   84    1820.68     282.15   -1541.51   -1542.00    614     0.000     1.000
   0.600000   85    1848.97     293.14   -1558.09   -1558.58    907     0.000     1.000
   0.600000   86    1877.26     304.16   -1574.13   -1574.60    255     0.000     1.000
   0.580000   83    1792.39     272.04   -1525.82   -1526.32     34     0.000     1.000
   0.580000   84    1820.68     281.59   -1541.94   -1542.43    290     0.000     1.000
   0.580000   85    1848.97     293.13   -1558.10   -1558.58    774     0.000     1.000
   0.580000   86    1877.26     304.76   -1574.02   -1574.49    640     0.000     1.000
   0.580000   87    1905.55     316.24   -1589.31   -1589.78    153     0.000     1.000
   0.560000   84    1820.68     286.45   -1542.91   -1543.40     25     0.000     1.000
   0.560000   85    1848.97     293.09   -1558.58   -1559.06    402     0.000     1.000
   0.560000   86    1877.26     304.95   -1573.94   -1574.42    934     0.000     1.000
   0.560000   87    1905.55     317.04   -1589.18   -1589.65    496     0.000     1.000
   0.560000   88    1933.84     329.00   -1600.02   -1600.48     42     0.000     1.000
   0.540000   85    1848.97     293.72   -1559.32   -1559.80     48     0.000     1.000
   0.540000   86    1877.26     305.01   -1574.36   -1574.83    616     0.000     1.000
   0.540000   87    1905.55     317.31   -1589.17   -1589.64    998     0.000     1.000
   0.540000   88    1933.84     329.65   -1603.50   -1603.97    231     0.000     1.000
   0.520000   86    1877.26     304.20   -1574.72   -1575.20    343     0.000     1.000
   0.520000   87    1905.55     317.15   -1589.09   -1589.55    975     0.000     1.000
   0.520000   88    1933.84     330.35   -1603.10   -1603.56    527     0.000     1.000
   0.520000   89    1962.13     343.57   -1613.25   -1613.71     41     0.000     1.000
   0.500000   86    1877.26     304.48   -1575.19   -1575.66     76     0.000     1.000
   0.500000   87    1905.55     317.22   -1589.11   -1589.58    647     0.000     1.000
   0.500000   88    1933.84     330.73   -1602.93   -1603.39    925     0.000     1.000
   0.500000   89    1962.13     344.44   -1616.11   -1616.56    243     0.000     1.000
   0.480000   87    1905.55     316.37   -1589.64   -1590.10    297     0.000     1.000
   0.480000   88    1933.84     330.75   -1602.95   -1603.41    932     0.000     1.000
   0.480000   89    1962.13     344.92   -1615.81   -1616.26    594     0.000     1.000
   0.480000   90    1990.42     359.26   -1627.39   -1627.84     66     0.000     1.000
   0.460000   87    1905.55     317.74   -1590.45   -1590.92     63     0.000     1.000
   0.460000   88    1933.84     330.57   -1603.04   -1603.51    706     0.000     1.000
   0.460000   89    1962.13     345.15   -1615.47   -1615.93    957     0.000     1.000
   0.460000   90    1990.42     360.01   -1627.54   -1627.99    168     0.000     1.000
   0.440000   87    1905.55     317.87   -1590.73   -1591.20     44     0.000     1.000
   0.440000   88    1933.84     329.90   -1603.30   -1603.76    523     0.000     1.000
   0.440000   89    1962.13     345.09   -1615.27   -1615.72    988     0.000     1.000
   0.440000   90    1990.42     360.54   -1626.34   -1626.79    331     0.000     1.000
   0.420000   88    1933.84     329.82   -1603.79   -1604.25    143     0.000     1.000
   0.420000   89    1962.13     345.10   -1615.36   -1615.82    885     0.000     1.000
   0.420000   90    1990.42     361.10   -1626.71   -1627.16    772     0.000     1.000
   0.420000   91    2018.71     376.86   -1638.03   -1638.47     95     0.000     1.000
   0.400000   88    1933.84     329.07   -1604.69   -1605.16     62     0.000     1.000
   0.400000   89    1962.13     345.00   -1615.63   -1616.08    570     0.000     1.000
   0.400000   90    1990.42     361.03   -1626.40   -1626.85    958     0.000     1.000
   0.400000   91    2018.71     377.72   -1637.41   -1637.85    304     0.000     1.000
   0.380000   89    1962.13     344.09   -1615.99   -1616.44    406     0.000     1.000
   0.380000   90    1990.42     361.05   -1626.32   -1626.77   1030     0.000     1.000
   0.380000   91    2018.71     378.06   -1636.32   -1636.77    417     0.000     1.000
   0.380000   92    2047.00     395.45   -1646.39   -1646.82     33     0.000     1.000
   0.360000   89    1962.13     343.59   -1616.52   -1616.98    196     0.000     1.000
   0.360000   90    1990.42     360.88   -1626.32   -1626.77    865     0.000     1.000
   0.360000   91    2018.71     378.48   -1635.91   -1636.36    749     0.000     1.000
   0.360000   92    2047.00     396.36   -1643.51   -1643.95     83     0.000     1.000
   0.340000   89    1962.13     347.06   -1617.23   -1617.69     26     0.000     1.000
   0.340000   90    1990.42     360.67   -1626.82   -1627.27    382     0.000     1.000
   0.340000   91    2018.71     378.71   -1635.92   -1636.37   1003     0.000     1.000
   0.340000   92    2047.00     396.83   -1644.74   -1645.17    464     0.000     1.000
   0.340000   93    2075.29     414.92   -1649.23   -1649.66     24     0.000     1.000
   0.320000   90    1990.42     359.95   -1627.28   -1627.73    218     0.000     1.000
   0.320000   91    2018.71     378.45   -1635.86   -1636.30    914     0.000     1.000
   0.320000   92    2047.00     397.14   -1644.48   -1644.91    698     0.000     1.000
   0.320000   93    2075.29     416.22   -1652.93   -1653.36     61     0.000     1.000
   0.300000   90    1990.42     366.96   -1628.19   -1628.64     28     0.000     1.000
   0.300000   91    2018.71     378.63   -1636.27   -1636.71    501     0.000     1.000
   0.300000   92    2047.00     397.37   -1644.24   -1644.67   1096     0.000     1.000
   0.300000   93    2075.29     416.58   -1651.42   -1651.86    273     0.000     1.000
   0.280000   91    2018.71     377.65   -1636.75   -1637.20    189     0.000     1.000
   0.280000   92    2047.00     397.26   -1644.31   -1644.75   1022     0.000     1.000
   0.280000   93    2075.29     417.05   -1651.37   -1651.80    657     0.000     1.000
   0.280000   94    2103.58     437.26   -1659.67   -1660.09     29     0.000     1.000
   0.260000   91    2018.71     376.99   -1637.19   -1637.63    269     0.000     1.000
   0.260000   92    2047.00     397.09   -1644.23   -1644.67    988     0.000     1.000
   0.260000   93    2075.29     417.34   -1650.78   -1651.22    579     0.000     1.000
   0.260000   94    2103.58     437.97   -1656.94   -1657.37     60     0.000     1.000
   0.240000   91    2018.71     376.84   -1637.96   -1638.40     70     0.000     1.000
   0.240000   92    2047.00     396.72   -1644.31   -1644.74    692     0.000     1.000
   0.240000   93    2075.29     417.60   -1650.69   -1651.12    905     0.000     1.000
   0.240000   94    2103.58     438.59   -1656.59   -1657.02    228     0.000     1.000
   0.220000   91    2018.71     377.38   -1638.68   -1639.12     44     0.000     1.000
   0.220000   92    2047.00     396.23   -1644.53   -1644.96    482     0.000     1.000
   0.220000   93    2075.29     417.59   -1650.48   -1650.91   1002     0.000     1.000
   0.220000   94    2103.58     439.22   -1656.06   -1656.48    356     0.000     1.000
   0.200000   92    2047.00     395.22   -1645.04   -1645.48    326     0.000     1.000
   0.200000   93    2075.29     417.32   -1650.36   -1650.80    952     0.000     1.000
   0.200000   94    2103.58     439.68   -1655.56   -1655.99    555     0.000     1.000
   0.200000   95    2131.87     461.85   -1659.90   -1660.33     48     0.000     1.000
   0.180000   92    2047.00     395.70   -1645.78   -1646.22    155     0.000     1.000
   0.180000   93    2075.29     417.25   -1650.42   -1650.85    874     0.000     1.000
   0.180000   94    2103.58     439.96   -1655.09   -1655.52    786     0.000     1.000
   0.180000   95    2131.87     462.45   -1658.36   -1658.78     83     0.000     1.000
   0.160000   92    2047.00     394.11   -1646.34   -1646.78    106     0.000     1.000
   0.160000   93    2075.29     416.97   -1650.52   -1650.95    747     0.000     1.000
   0.160000   94    2103.58     439.85   -1654.65   -1655.08    867     0.000     1.000
   0.160000   95    2131.87     463.28   -1658.39   -1658.81    178     0.000     1.000
   0.140000   93    2075.29     417.14   -1651.02   -1651.46    297     0.000     1.000
   0.140000   94    2103.58     439.93   -1654.61   -1655.03    949     0.000     1.000
   0.140000   95    2131.87     463.79   -1658.08   -1658.50    589     0.000     1.000
   0.140000   96    2160.16     487.68   -1661.02   -1661.43     46     0.000     1.000
   0.120000   93    2075.29     416.48   -1651.63   -1652.07    153     0.000     1.000
   0.120000   94    2103.58     439.70   -1654.75   -1655.18    778     0.000     1.000
   0.120000   95    2131.87     464.29   -1657.73   -1658.15    839     0.000     1.000
   0.120000   96    2160.16     488.68   -1660.76   -1661.18    127     0.000     1.000
   0.100000   93    2075.29     419.44   -1652.35   -1652.78     73     0.000     1.000
   0.100000   94    2103.58     439.25   -1654.97   -1655.40    669     0.000     1.000
   0.100000   95    2131.87     464.23   -1657.45   -1657.87    934     0.000     1.000
   0.100000   96    2160.16     489.15   -1659.85   -1660.27    218     0.000     1.000
   0.080000   93    2075.29     416.65   -1653.34   -1653.77     21     0.000     1.000
   0.080000   94    2103.58     438.92   -1655.36   -1655.78    407     0.000     1.000
   0.080000   95    2131.87     464.08   -1657.38   -1657.80    924     0.000     1.000
   0.080000   96    2160.16     489.81   -1659.35   -1659.77    514     0.000     1.000
   0.080000   97    2188.45     515.34   -1661.30   -1661.71     32     0.000     1.000
   0.060000   94    2103.58     443.56   -1656.05   -1656.48    118     0.000     1.000
   0.060000   95    2131.87     463.92   -1657.49   -1657.91    791     0.000     1.000
   0.060000   96    2160.16     490.06   -1658.97   -1659.39    851     0.000     1.000
   0.060000   97    2188.45     516.04   -1660.31   -1660.72    139     0.000     1.000
   0.040000   94    2103.58     449.84   -1656.87   -1657.30     35     0.000     1.000
   0.040000   95    2131.87     463.94   -1657.84   -1658.26    563     0.000     1.000
   0.040000   96    2160.16     490.11   -1658.81   -1659.23   1021     0.000     1.000
   0.040000   97    2188.45     516.84   -1659.73   -1660.14    275     0.000     1.000
   0.020000   95    2131.87     463.64   -1658.38   -1658.80    184     0.000     1.000
   0.020000   96    2160.16     490.08   -1658.84   -1659.26    883     0.000     1.000
   0.020000   97    2188.45     517.23   -1659.32   -1659.73    702     0.000     1.000
   0.020000   98    2216.74     544.82   -1659.82   -1660.23    123     0.000     1.000
   0.000000   95    2131.87     461.57   -1658.98   -1659.40    280     0.000     1.000
   0.000000   96    2160.16     489.57   -1658.98   -1659.40    916     0.000     1.000
   0.000000   97    2188.45     517.47   -1658.98   -1659.39    565     0.000     1.000
   0.000000   98    2216.74     545.41   -1658.98   -1659.39    108     0.000     1.000


# Part 3: Bin-averaged summary:
# bin  energy gap  <dGg> <dGg norm> pts  <c1**2> <c2**2> <r_xy>
   4   -442.55     -2.03   1657.80         25    0.995    0.005    7.066
   5   -414.26     -2.17   1657.67         28    0.995    0.005    7.134
   6   -385.97     -2.32   1657.51         55    0.994    0.006    7.161
   7   -357.68     -2.51   1657.32         89    0.993    0.007    7.224
   8   -329.39     -2.72   1657.11        148    0.992    0.008    7.208
   9   -301.10     -2.98   1656.86        163    0.990    0.010    7.231
  10   -272.81     -3.27   1656.57        194    0.988    0.012    7.213
  11   -244.52     -3.66   1656.18        210    0.985    0.015    7.238
  12   -216.23     -4.30   1655.53        227    0.982    0.018    7.146
  13   -187.94     -4.95   1654.88        239    0.976    0.024    7.048
  14   -159.65     -5.83   1654.01        248    0.967    0.033    6.879
  15   -131.36     -6.80   1653.04        256    0.955    0.045    6.651
  16   -103.07     -8.24   1651.59        288    0.931    0.069    6.524
  17    -74.78    -10.59   1649.25        265    0.887    0.113    6.381
  18    -46.49    -15.14   1644.69        282    0.804    0.196    6.121
  19    -18.20    -24.36   1635.48        277    0.639    0.361    5.951
  20     10.09    -39.72   1620.11        269    0.423    0.577    6.023
  21     38.38    -60.50   1599.33        250    0.238    0.762    6.041
  22     66.68    -85.02   1574.81        273    0.130    0.870    5.947
  23     94.97   -109.87   1549.97        282    0.079    0.921    5.978
  24    123.26   -135.00   1524.83        286    0.051    0.949    5.868
  25    151.55   -161.36   1498.48        332    0.035    0.965    5.923
  26    179.84   -188.13   1471.70        304    0.026    0.974    5.971
  27    208.13   -214.78   1445.05        324    0.020    0.980    6.181
  28    236.42   -241.18   1418.66        454    0.015    0.985    6.219
  29    264.71   -267.57   1392.27        489    0.012    0.988    6.350
  30    293.00   -294.00   1365.83        446    0.010    0.990    6.345
  31    321.29   -320.11   1339.72        413    0.009    0.991    6.528
  32    349.58   -346.45   1313.38        366    0.007    0.993    6.793
  33    377.87   -372.37   1287.47        379    0.006    0.994    6.988
  34    406.16   -398.55   1261.28        397    0.005    0.995    7.026
  35    434.45   -424.72   1235.11        473    0.005    0.995    7.056
  36    462.74   -450.29   1209.54        478    0.004    0.996    7.090
  37    491.03   -475.78   1184.06        423    0.004    0.996    7.030
  38    519.32   -501.32   1158.51        419    0.003    0.997    6.987
  39    547.61   -526.82   1133.02        342    0.003    0.997    6.963
  40    575.90   -552.05   1107.78        333    0.003    0.997    6.988
  41    604.19   -577.34   1082.50        362    0.002    0.998    7.015
  42    632.48   -602.59   1057.24        392    0.002    0.998    7.011
  43    660.77   -627.52   1032.31        446    0.002    0.998    7.010
  44    689.06   -652.30   1007.53        444    0.002    0.998    7.003
  45    717.35   -676.79    983.05        491    0.002    0.998    7.010
  46    745.64   -701.87    957.97        434    0.002    0.998    6.999
  47    773.93   -726.11    933.73        350    0.001    0.999    7.010
  48    802.22   -750.34    909.49        353    0.001    0.999    6.985
  49    830.52   -774.37    885.46        368    0.001    0.999    6.854
  50    858.81   -798.72    861.12        400    0.001    0.999    6.719
  51    887.10   -822.93    836.90        343    0.001    0.999    6.435
  52    915.39   -846.56    813.28        356    0.001    0.999    5.993
  53    943.68   -870.53    789.31        398    0.001    0.999    5.905
  54    971.97   -894.10    765.74        417    0.001    0.999    5.896
  55   1000.26   -917.72    742.12        417    0.001    0.999    5.884
  56   1028.55   -941.12    718.71        383    0.001    0.999    6.049
  57   1056.84   -964.46    695.38        333    0.001    0.999    6.220
  58   1085.13   -987.57    672.26        330    0.001    0.999    6.294
  59   1113.42  -1010.64    649.20        302    0.001    0.999    6.464
  60   1141.71  -1033.90    625.94        332    0.001    0.999    6.490
  61   1170.00  -1056.64    603.19        317    0.001    0.999    6.525
  62   1198.29  -1079.56    580.27        339    0.001    0.999    6.599
  63   1226.58  -1102.57    557.26        383    0.001    0.999    6.697
  64   1254.87  -1125.48    534.35        406    0.001    0.999    6.750
  65   1283.16  -1147.56    512.28        370    0.001    0.999    6.833
  66   1311.45  -1169.97    489.86        409    0.001    0.999    6.915
  67   1339.74  -1192.29    467.54        447    0.001    0.999    7.012
  68   1368.03  -1214.57    445.26        411    0.000    1.000    7.129
  69   1396.32  -1236.77    423.07        437    0.000    1.000    7.225
  70   1424.61  -1258.03    401.80        397    0.000    1.000    7.313
  71   1452.90  -1280.27    379.56        466    0.000    1.000    7.327
  72   1481.19  -1301.41    358.42        531    0.000    1.000    7.324
  73   1509.48  -1322.75    337.08        542    0.000    1.000    7.322
  74   1537.77  -1344.42    315.41        547    0.000    1.000    7.337
  75   1566.06  -1365.67    294.16        602    0.000    1.000    7.322
  76   1594.36  -1386.35    273.48        790    0.000    1.000    7.252
  77   1622.65  -1406.87    252.97        758    0.000    1.000    7.240
  78   1650.94  -1427.43    232.41        762    0.000    1.000    7.083
  79   1679.23  -1447.60    212.24        888    0.000    1.000    6.900
  80   1707.52  -1467.79    192.04       1205    0.000    1.000    6.770
  81   1735.81  -1487.28    172.56       1659    0.000    1.000    6.762
  82   1764.10  -1506.14    153.70       1912    0.000    1.000    6.806
  83   1792.39  -1524.53    135.30       2238    0.000    1.000    6.990
  84   1820.68  -1542.04    117.79       2557    0.000    1.000    7.133
  85   1848.97  -1558.79    101.04       2886    0.000    1.000    7.080
  86   1877.26  -1574.72     85.11       2971    0.000    1.000    6.867
  87   1905.55  -1589.69     70.14       3673    0.000    1.000    6.584
  88   1933.84  -1603.55     56.29       4091    0.000    1.000    6.512
  89   1962.13  -1616.03     43.80       4906    0.000    1.000    6.430
  90   1990.42  -1627.00     32.83       4818    0.000    1.000    6.063
  91   2018.71  -1636.74     23.10       4555    0.000    1.000    5.785
  92   2047.00  -1644.90     14.93       6145    0.000    1.000    5.507
  93   2075.29  -1651.17      8.66       6618    0.000    1.000    5.281
  94   2103.58  -1655.57      4.27       5837    0.000    1.000    5.377
  95   2131.87  -1658.19      1.64       5413    0.000    1.000    5.802
  96   2160.16  -1659.48      0.35       4576    0.000    1.000    6.090
  97   2188.45  -1659.80      0.03       1713    0.000    1.000    6.413
  98   2216.74  -1659.83      0.00        231    0.000    1.000    6.770
