
Build and version information

Build number 6.0.15
Build date   20240314
Built:       
      by     p315462
      on     login1
      git id adc28a635c78993922188615a73366ace3402081
      with   GNU Fortran GCC 11.3.0
qfep version 6.0.15 , git id=adc28a635c78993922188615a73366ace3402081 initialising
Current date 2024- 4-18 and time 17:11: 8

Welcome in qfep modification date 20240314

 Q6, Copyright © 2017 Johan Åqvist, John Marelius, Shina Caroline Lynn Kamerlin and Paul Bauer
 Q6 comes with ABSOLUTELY NO WARRANTY.  This is free software, and you are welcome
 to redistribute it under certain conditions. For details, add the --help flag.
--> Number of energy files: # Number of files                 =    51
--> No. of states, no. of predefined off-diag elements: # Number of states                 =     2
# Number of off-diagonal elements =     0
--> Give kT & no, of pts to skip   & calculation mode: # kT                              = 0.592
# Number of data points to skip   =   100
# Only QQ interactions will be considered   =   0
--> Give number of gap-bins: # Number of gap-bins              =   100
--> Give minimum # pts/bin: # Minimum number of points per bin=    20
--> Give alpha for state  2:                                                    # Alpha for state  2              =  -520.50
--> Number of off-diagonal elements:# Number of off-diagonal elements =     1
#   i   j   A(i,j)  mu(i,j) eta(i,j) rxy0(i,j)
--> i, j, A_ij, mu_ij, eta_ij, r_xy0: #   1   2     30.00      0.00      0.00      0.00
--> linear combination of states defining reaction coord: # Linear combination co-efficients=  1.00 -1.00


# Part 0: Average energies for all states in all files
# file             state   pts   lambda    EQtot   EQbond  EQang   EQtor   EQimp    EQel   EQvdW  Eel_qq  EvdW_qq Eel_qp  EvdW_qp Eel_qw EvdW_qw Eqrstr
--> Name of file number   1:                                                     
# Energy files from Qdyn, version: 6.0.16 , git id=adc28a635c78993922188615a73366ace3402081                        
fep_050_1.000.en        1      1899  1.000000  -10022.27   -9781.23    10.31     9.30     0.00  -249.52   -11.13   -50.29     6.58   -14.33     0.21  -184.90   -17.92     0.00
fep_050_1.000.en        2      1899  0.000000   -9302.24   -9630.62   174.08     4.84     0.00  -332.94   482.40  -172.47   500.48    -9.70     0.25  -150.78   -18.34     0.00
--> Name of file number   2:                                                     
# Energy files from Qdyn, version: 6.0.16 , git id=adc28a635c78993922188615a73366ace3402081                        
fep_049_0.980.en        1      1899  0.980000  -10026.71   -9779.55    10.00     9.13     0.00  -257.65    -8.63   -52.09     7.75   -14.62     0.38  -190.95   -16.76     0.00
fep_049_0.980.en        2      1899  0.020000   -9476.05   -9714.46   166.84     5.09     0.00  -328.48   394.96  -160.90   411.76   -10.40     0.42  -157.18   -17.23     0.00
--> Name of file number   3:                                                     
# Energy files from Qdyn, version: 6.0.16 , git id=adc28a635c78993922188615a73366ace3402081                        
fep_048_0.960.en        1      1899  0.960000  -10021.98   -9776.61    10.11     9.49     0.00  -258.34    -6.63   -52.92    11.00   -14.91     0.41  -190.51   -18.04     0.00
fep_048_0.960.en        2      1899  0.040000   -9611.30   -9799.27   159.39     5.82     0.00  -317.97   340.73  -154.69   358.80   -10.20     0.45  -153.08   -18.52     0.00
--> Name of file number   4:                                                     
# Energy files from Qdyn, version: 6.0.16 , git id=adc28a635c78993922188615a73366ace3402081                        
fep_047_0.940.en        1      1899  0.940000  -10016.30   -9773.31    10.18     9.31     0.00  -260.21    -2.28   -56.37    16.01   -17.20     1.15  -186.64   -19.43     0.00
fep_047_0.940.en        2      1899  0.060000   -9778.13   -9924.62   145.22     5.36     0.00  -308.30   304.22  -148.24   322.91   -11.27     1.19  -148.79   -19.88     0.00
--> Name of file number   5:                                                     
# Energy files from Qdyn, version: 6.0.16 , git id=adc28a635c78993922188615a73366ace3402081                        
fep_046_0.920.en        1      1899  0.920000  -10010.89   -9769.66    11.08     9.67     0.00  -263.69     1.71   -54.86    19.35   -16.13     0.36  -192.70   -18.00     0.00
fep_046_0.920.en        2      1899  0.080000   -9880.12   -9990.43   140.05     5.08     0.00  -306.94   272.13  -141.27   290.13   -10.91     0.40  -154.75   -18.41     0.00
--> Name of file number   6:                                                     
# Energy files from Qdyn, version: 6.0.16 , git id=adc28a635c78993922188615a73366ace3402081                        
fep_000_0.900.en        1      1899  0.900000  -10002.23   -9764.68    11.01     9.50     0.00  -266.81     8.75   -51.22    26.98   -17.17     0.59  -198.42   -18.82     0.00
fep_000_0.900.en        2      1899  0.100000  -10029.96  -10106.58   132.94     5.30     0.00  -311.77   250.15  -133.91   268.77   -11.87     0.64  -165.99   -19.26     0.00
--> Name of file number   7:                                                     
# Energy files from Qdyn, version: 6.0.16 , git id=adc28a635c78993922188615a73366ace3402081                        
fep_001_0.880.en        1      1899  0.880000   -9979.28   -9757.30    11.42    10.05     0.00  -259.30    15.86   -55.32    33.02   -17.31     0.87  -186.67   -18.03     0.00
fep_001_0.880.en        2      1899  0.120000  -10129.81  -10197.67   126.54     5.02     0.00  -298.16   234.46  -130.39   251.97   -11.83     0.91  -155.94   -18.42     0.00
--> Name of file number   8:                                                     
# Energy files from Qdyn, version: 6.0.16 , git id=adc28a635c78993922188615a73366ace3402081                        
fep_002_0.860.en        1      1899  0.860000   -9959.93   -9748.29    12.38     9.88     0.00  -258.18    24.28   -59.58    43.15   -15.76     0.61  -182.84   -19.48     0.00
fep_002_0.860.en        2      1899  0.140000  -10251.23  -10314.13   120.32     4.49     0.00  -283.10   221.19  -120.94   240.41   -10.88     0.66  -151.27   -19.87     0.00
--> Name of file number   9:                                                     
# Energy files from Qdyn, version: 6.0.16 , git id=adc28a635c78993922188615a73366ace3402081                        
fep_003_0.840.en        1      1899  0.840000   -9938.41   -9736.48    13.37     9.52     0.00  -256.30    31.48   -55.14    51.48   -15.44     0.43  -185.71   -20.43     0.00
fep_003_0.840.en        2      1899  0.160000  -10394.49  -10405.68   109.92     5.51     0.00  -294.89   190.65  -123.98   210.97   -10.50     0.47  -160.40   -20.79     0.00
--> Name of file number  10:                                                     
# Energy files from Qdyn, version: 6.0.16 , git id=adc28a635c78993922188615a73366ace3402081                        
fep_004_0.820.en        1      1899  0.820000   -9918.21   -9721.20    15.07     9.49     0.00  -259.32    37.75   -52.64    58.02   -16.22     0.36  -190.46   -20.62     0.00
fep_004_0.820.en        2      1899  0.180000  -10527.60  -10499.75    96.34     3.46     0.00  -296.81   169.16  -115.79   189.76   -11.17     0.40  -169.86   -21.00     0.00
--> Name of file number  11:                                                     
# Energy files from Qdyn, version: 6.0.16 , git id=adc28a635c78993922188615a73366ace3402081                        
fep_005_0.800.en        1      1899  0.800000   -9886.05   -9701.32    17.73     9.47     0.00  -258.89    46.96   -53.13    64.80   -16.25     0.65  -189.51   -18.49     0.00
fep_005_0.800.en        2      1899  0.200000  -10649.55  -10583.04    76.88     3.25     0.00  -294.76   148.12  -113.26   166.35   -11.03     0.70  -170.47   -18.93     0.00
--> Name of file number  12:                                                     
# Energy files from Qdyn, version: 6.0.16 , git id=adc28a635c78993922188615a73366ace3402081                        
fep_006_0.780.en        1      1899  0.780000   -9858.86   -9679.62    19.00     9.59     0.00  -256.98    49.15   -56.93    69.95   -16.82     0.80  -183.22   -21.61     0.00
fep_006_0.780.en        2      1899  0.220000  -10743.45  -10641.19    63.56     3.64     0.00  -284.99   115.53  -112.82   136.75   -11.04     0.85  -161.13   -22.08     0.00
--> Name of file number  13:                                                     
# Energy files from Qdyn, version: 6.0.16 , git id=adc28a635c78993922188615a73366ace3402081                        
fep_007_0.760.en        1      1899  0.760000   -9838.96   -9666.08    21.36     9.35     0.00  -259.29    55.70   -58.17    73.27   -16.89     0.93  -184.23   -18.50     0.00
fep_007_0.760.en        2      1899  0.240000  -10808.79  -10683.01    53.21     3.95     0.00  -284.13   101.19  -109.41   119.16   -10.99     0.97  -163.73   -18.94     0.00
--> Name of file number  14:                                                     
# Energy files from Qdyn, version: 6.0.16 , git id=adc28a635c78993922188615a73366ace3402081                        
fep_008_0.740.en        1      1899  0.740000   -9813.97   -9647.79    23.16     9.52     0.00  -254.84    55.99   -57.39    75.32   -16.09     0.66  -181.37   -19.98     0.00
fep_008_0.740.en        2      1899  0.260000  -10881.93  -10718.63    35.81     4.60     0.00  -282.64    78.94  -105.17    98.63   -10.62     0.71  -166.85   -20.40     0.00
--> Name of file number  15:                                                     
# Energy files from Qdyn, version: 6.0.16 , git id=adc28a635c78993922188615a73366ace3402081                        
fep_009_0.720.en        1      1899  0.720000   -9801.94   -9627.44    24.46     9.45     0.00  -269.13    60.72   -59.71    76.33   -15.48     0.37  -193.94   -15.99     0.00
fep_009_0.720.en        2      1899  0.280000  -10929.90  -10736.37    30.71     4.28     0.00  -292.60    64.08  -103.70    77.14    -9.82     0.42  -179.08   -13.49     0.00
--> Name of file number  16:                                                     
# Energy files from Qdyn, version: 6.0.16 , git id=adc28a635c78993922188615a73366ace3402081                        
fep_010_0.700.en        1      1899  0.700000   -9775.81   -9577.81    26.97     9.36     0.00  -298.24    63.90   -62.39    77.80   -16.91     1.03  -218.95   -14.92     0.00
fep_010_0.700.en        2      1899  0.300000  -10978.68  -10754.28    29.86     4.76     0.00  -308.02    49.00   -89.39    45.07   -10.46     1.07  -208.17     2.86     0.00
--> Name of file number  17:                                                     
# Energy files from Qdyn, version: 6.0.16 , git id=adc28a635c78993922188615a73366ace3402081                        
fep_011_0.680.en        1      1899  0.680000   -9767.94   -9572.84    28.82     9.37     0.00  -297.39    64.11   -63.98    79.22   -15.28     0.48  -218.13   -15.60     0.00
fep_011_0.680.en        2      1899  0.320000  -11005.39  -10773.40    26.99     5.22     0.00  -309.19    45.00   -90.96    42.85    -9.51     0.53  -208.72     1.61     0.00
--> Name of file number  18:                                                     
# Energy files from Qdyn, version: 6.0.16 , git id=adc28a635c78993922188615a73366ace3402081                        
fep_012_0.660.en        1      1899  0.660000   -9760.05   -9568.59    30.46     9.84     0.00  -297.88    66.12   -64.73    81.95   -15.68     0.69  -217.46   -16.51     0.00
fep_012_0.660.en        2      1899  0.340000  -11017.66  -10785.04    25.80     5.10     0.00  -303.65    40.13   -89.52    40.57    -9.75     0.73  -204.38    -1.16     0.00
--> Name of file number  19:                                                     
# Energy files from Qdyn, version: 6.0.16 , git id=adc28a635c78993922188615a73366ace3402081                        
fep_013_0.640.en        1      1899  0.640000   -9751.92   -9563.38    30.82     9.31     0.00  -296.35    67.69   -66.86    83.35   -15.35     0.59  -214.14   -16.25     0.00
fep_013_0.640.en        2      1899  0.360000  -11039.42  -10794.20    21.26     4.68     0.00  -308.52    37.36   -95.91    37.72    -9.50     0.63  -203.11    -0.99     0.00
--> Name of file number  20:                                                     
# Energy files from Qdyn, version: 6.0.16 , git id=adc28a635c78993922188615a73366ace3402081                        
fep_014_0.620.en        1      1899  0.620000   -9749.62   -9560.54    31.94     9.31     0.00  -300.38    70.04   -64.88    86.17   -14.05     0.38  -221.44   -16.52     0.00
fep_014_0.620.en        2      1899  0.380000  -11051.15  -10804.60    19.62     6.16     0.00  -306.38    34.04   -85.55    36.37    -8.69     0.43  -212.14    -2.76     0.00
--> Name of file number  21:                                                     
# Energy files from Qdyn, version: 6.0.16 , git id=adc28a635c78993922188615a73366ace3402081                        
fep_015_0.600.en        1      1899  0.600000   -9730.71   -9556.75    31.61     9.61     0.00  -289.47    74.30   -65.47    88.99   -15.32     0.29  -208.68   -14.98     0.00
fep_015_0.600.en        2      1899  0.400000  -11055.35  -10811.22    16.62     4.81     0.00  -299.05    33.49   -84.16    34.62    -9.55     0.34  -205.34    -1.47     0.00
--> Name of file number  22:                                                     
# Energy files from Qdyn, version: 6.0.16 , git id=adc28a635c78993922188615a73366ace3402081                        
fep_016_0.580.en        1      1899  0.580000   -9732.73   -9553.38    31.88     9.53     0.00  -296.73    75.98   -65.43    91.81   -14.07     0.25  -217.23   -16.08     0.00
fep_016_0.580.en        2      1899  0.420000  -11075.21  -10817.60    14.31     4.55     0.00  -305.75    29.27   -80.47    32.12    -8.65     0.29  -216.63    -3.14     0.00
--> Name of file number  23:                                                     
# Energy files from Qdyn, version: 6.0.16 , git id=adc28a635c78993922188615a73366ace3402081                        
fep_017_0.560.en        1      1899  0.560000   -9721.79   -9547.26    33.39    10.07     0.00  -295.89    77.91   -65.80    94.26   -15.47     0.47  -214.62   -16.83     0.00
fep_017_0.560.en        2      1899  0.440000  -11080.27  -10824.25    15.39     4.73     0.00  -303.59    27.46   -79.50    31.25    -9.65     0.52  -214.44    -4.31     0.00
--> Name of file number  24:                                                     
# Energy files from Qdyn, version: 6.0.16 , git id=adc28a635c78993922188615a73366ace3402081                        
fep_018_0.540.en        1      1899  0.540000   -9722.85   -9545.17    34.12     9.49     0.00  -301.52    80.23   -65.47    96.12   -16.70     0.98  -219.35   -16.88     0.00
fep_018_0.540.en        2      1899  0.460000  -11100.96  -10830.12    13.83     3.77     0.00  -313.93    25.49   -79.27    29.80   -10.34     1.03  -224.32    -5.33     0.00
--> Name of file number  25:                                                     
# Energy files from Qdyn, version: 6.0.16 , git id=adc28a635c78993922188615a73366ace3402081                        
fep_019_0.520.en        1      1899  0.520000   -9710.57   -9541.54    34.41     9.70     0.00  -295.89    82.76   -64.93    96.70   -15.33     0.30  -215.64   -14.25     0.00
fep_019_0.520.en        2      1899  0.480000  -11101.37  -10835.08    12.37     4.28     0.00  -308.74    25.79   -77.17    28.43    -9.66     0.35  -221.90    -2.98     0.00
--> Name of file number  26:                                                     
# Energy files from Qdyn, version: 6.0.16 , git id=adc28a635c78993922188615a73366ace3402081                        
fep_020_0.500.en        1      1899  0.500000   -9704.58   -9535.83    35.73     9.49     0.00  -296.88    82.92   -64.59    98.10   -16.57     0.64  -215.72   -15.82     0.00
fep_020_0.500.en        2      1899  0.500000  -11107.44  -10838.68    11.93     4.40     0.00  -307.74    22.65   -78.08    27.09   -10.32     0.68  -219.34    -5.13     0.00
--> Name of file number  27:                                                     
# Energy files from Qdyn, version: 6.0.16 , git id=adc28a635c78993922188615a73366ace3402081                        
fep_021_0.480.en        1      1899  0.480000   -9696.69   -9531.71    35.81     9.58     0.00  -294.28    83.90   -66.57    99.80   -15.88     0.49  -211.84   -16.39     0.00
fep_021_0.480.en        2      1899  0.520000  -11115.66  -10841.73    11.12     4.40     0.00  -310.83    21.38   -84.61    26.20    -9.92     0.54  -216.29    -5.36     0.00
--> Name of file number  28:                                                     
# Energy files from Qdyn, version: 6.0.16 , git id=adc28a635c78993922188615a73366ace3402081                        
fep_022_0.460.en        1      1899  0.460000   -9686.92   -9529.13    35.39     9.58     0.00  -287.08    84.33   -66.78   103.38   -14.74     0.42  -205.57   -19.46     0.00
fep_022_0.460.en        2      1899  0.540000  -11118.41  -10846.40    12.12     4.64     0.00  -307.41    18.64   -83.75    26.86    -9.19     0.47  -214.47    -8.68     0.00
--> Name of file number  29:                                                     
# Energy files from Qdyn, version: 6.0.16 , git id=adc28a635c78993922188615a73366ace3402081                        
fep_023_0.440.en        1      1899  0.440000   -9686.68   -9523.29    36.35     9.68     0.00  -295.68    86.25   -66.74   104.37   -15.32     0.42  -213.62   -18.54     0.00
fep_023_0.440.en        2      1899  0.560000  -11132.99  -10848.73    10.32     3.52     0.00  -314.40    16.31   -86.75    24.22    -9.75     0.47  -217.91    -8.38     0.00
--> Name of file number  30:                                                     
# Energy files from Qdyn, version: 6.0.16 , git id=adc28a635c78993922188615a73366ace3402081                        
fep_024_0.420.en        1      1899  0.420000   -9676.72   -9510.40    36.27    11.55     0.00  -302.37    88.24   -66.39   107.09   -14.70     0.12  -221.28   -18.98     0.00
fep_024_0.420.en        2      1899  0.580000  -11134.60  -10851.50     9.65     3.25     0.00  -311.93    15.93   -80.29    23.73    -9.28     0.17  -222.36    -7.97     0.00
--> Name of file number  31:                                                     
# Energy files from Qdyn, version: 6.0.16 , git id=adc28a635c78993922188615a73366ace3402081                        
fep_025_0.400.en        1      1899  0.400000   -9681.52   -9491.87    37.97     9.54     0.00  -327.12    89.95   -65.57   107.69   -14.76     0.37  -246.79   -18.11     0.00
fep_025_0.400.en        2      1899  0.600000  -11146.62  -10855.59     8.61     4.15     0.00  -319.45    15.66   -60.30    21.75    -9.22     0.42  -249.92    -6.51     0.00
--> Name of file number  32:                                                     
# Energy files from Qdyn, version: 6.0.16 , git id=adc28a635c78993922188615a73366ace3402081                        
fep_026_0.380.en        1      1899  0.380000   -9679.34   -9488.93    39.53     9.78     0.00  -330.94    91.22   -67.23   108.62   -15.44     0.37  -248.27   -17.77     0.00
fep_026_0.380.en        2      1899  0.620000  -11156.33  -10857.64     8.72     3.95     0.00  -326.66    15.29   -61.02    21.71    -9.66     0.42  -255.97    -6.84     0.00
--> Name of file number  33:                                                     
# Energy files from Qdyn, version: 6.0.16 , git id=adc28a635c78993922188615a73366ace3402081                        
fep_027_0.360.en        1      1899  0.360000   -9668.81   -9484.25    38.85    15.88     0.00  -330.55    91.25   -69.74   110.41   -15.03     0.47  -245.78   -19.63     0.00
fep_027_0.360.en        2      1899  0.640000  -11165.84  -10861.12     8.53     3.40     0.00  -327.94    11.30   -61.88    19.95    -9.35     0.52  -256.72    -9.17     0.00
--> Name of file number  34:                                                     
# Energy files from Qdyn, version: 6.0.16 , git id=adc28a635c78993922188615a73366ace3402081                        
fep_028_0.340.en        1      1899  0.340000   -9669.42   -9480.81    38.87    17.13     0.00  -339.03    94.42   -67.58   111.68   -15.38     0.37  -256.07   -17.62     0.00
fep_028_0.340.en        2      1899  0.660000  -11179.35  -10863.32     7.59     3.81     0.00  -339.90    12.46   -62.03    19.08    -9.69     0.41  -268.18    -7.03     0.00
--> Name of file number  35:                                                     
# Energy files from Qdyn, version: 6.0.16 , git id=adc28a635c78993922188615a73366ace3402081                        
fep_029_0.320.en        1      1899  0.320000   -9668.37   -9476.91    40.80     9.75     0.00  -337.61    95.60   -65.56   113.82   -16.37     0.66  -255.67   -18.89     0.00
fep_029_0.320.en        2      1899  0.680000  -11175.08  -10864.31     8.68     3.42     0.00  -334.09    11.22   -61.78    19.63   -10.39     0.71  -261.91    -9.11     0.00
--> Name of file number  36:                                                     
# Energy files from Qdyn, version: 6.0.16 , git id=adc28a635c78993922188615a73366ace3402081                        
fep_030_0.300.en        1      1899  0.300000   -9660.25   -9472.88    40.03     9.54     0.00  -331.58    94.63   -66.29   115.33   -15.24     0.46  -250.05   -21.15     0.00
fep_030_0.300.en        2      1899  0.700000  -11176.92  -10864.71     7.13     3.65     0.00  -330.31     7.33   -59.69    18.53    -9.77     0.51  -260.85   -11.71     0.00
--> Name of file number  37:                                                     
# Energy files from Qdyn, version: 6.0.16 , git id=adc28a635c78993922188615a73366ace3402081                        
fep_031_0.280.en        1      1899  0.280000   -9660.30   -9469.41    41.43     9.73     0.00  -340.80    98.76   -65.27   117.04   -15.62     0.36  -259.92   -18.63     0.00
fep_031_0.280.en        2      1899  0.720000  -11191.39  -10867.43     7.82     3.89     0.00  -344.18     8.51   -54.81    17.44    -9.97     0.40  -279.40    -9.33     0.00
--> Name of file number  38:                                                     
# Energy files from Qdyn, version: 6.0.16 , git id=adc28a635c78993922188615a73366ace3402081                        
fep_032_0.260.en        1      1899  0.260000   -9644.08   -9465.49    41.94    10.37     0.00  -330.71    99.80   -63.29   118.46   -14.87     0.23  -252.54   -18.88     0.00
fep_032_0.260.en        2      1899  0.740000  -11188.29  -10867.99     7.66     3.07     0.00  -338.11     7.07   -52.73    16.79    -9.70     0.28  -275.68   -10.00     0.00
--> Name of file number  39:                                                     
# Energy files from Qdyn, version: 6.0.16 , git id=adc28a635c78993922188615a73366ace3402081                        
fep_033_0.240.en        1      1899  0.240000   -9642.39   -9462.05    42.54    10.67     0.00  -334.33   100.78   -63.88   120.21   -14.99     0.26  -255.46   -19.69     0.00
fep_033_0.240.en        2      1899  0.760000  -11190.85  -10870.61     7.98     3.77     0.00  -338.04     6.05   -53.59    16.47    -9.71     0.31  -274.74   -10.73     0.00
--> Name of file number  40:                                                     
# Energy files from Qdyn, version: 6.0.16 , git id=adc28a635c78993922188615a73366ace3402081                        
fep_034_0.220.en        1      1899  0.220000   -9636.52   -9457.29    44.52    11.35     0.00  -339.61   104.52   -63.31   121.33   -15.36     0.28  -260.94   -17.09     0.00
fep_034_0.220.en        2      1899  0.780000  -11197.84  -10872.67     7.01     2.64     0.00  -341.96     7.13   -50.24    15.61    -9.98     0.33  -281.73    -8.81     0.00
--> Name of file number  41:                                                     
# Energy files from Qdyn, version: 6.0.16 , git id=adc28a635c78993922188615a73366ace3402081                        
fep_035_0.200.en        1      1899  0.200000   -9648.18   -9453.88    43.07     9.85     0.00  -353.57   106.35   -61.35   122.70   -15.36     0.23  -276.85   -16.58     0.00
fep_035_0.200.en        2      1899  0.800000  -11216.46  -10874.63     7.01     2.45     0.00  -358.35     7.07   -45.66    15.74    -9.82     0.27  -302.88    -8.95     0.00
--> Name of file number  42:                                                     
# Energy files from Qdyn, version: 6.0.16 , git id=adc28a635c78993922188615a73366ace3402081                        
fep_036_0.180.en        1      1899  0.180000   -9634.36   -9448.25    43.88    11.73     0.00  -347.65   105.93   -63.37   123.90   -14.47    -0.05  -269.81   -17.92     0.00
fep_036_0.180.en        2      1899  0.820000  -11207.44  -10875.29     6.65     2.58     0.00  -345.26     3.88   -45.93    14.24    -8.84    -0.01  -290.50   -10.35     0.00
--> Name of file number  43:                                                     
# Energy files from Qdyn, version: 6.0.16 , git id=adc28a635c78993922188615a73366ace3402081                        
fep_037_0.160.en        1      1899  0.160000   -9614.89   -9445.69    47.13    10.92     0.00  -333.54   106.29   -65.37   126.05   -14.17    -0.02  -254.00   -19.73     0.00
fep_037_0.160.en        2      1899  0.840000  -11201.51  -10876.04     6.72     3.48     0.00  -337.80     2.13   -48.99    14.29    -8.88     0.02  -279.92   -12.19     0.00
--> Name of file number  44:                                                     
# Energy files from Qdyn, version: 6.0.16 , git id=adc28a635c78993922188615a73366ace3402081                        
fep_038_0.140.en        1      1899  0.140000   -9600.64   -9442.09    45.09    19.58     0.00  -331.65   108.44   -68.44   126.50   -14.23     0.02  -248.98   -18.08     0.00
fep_038_0.140.en        2      1899  0.860000  -11207.38  -10876.88     6.07     3.49     0.00  -343.15     3.08   -46.78    13.30    -9.02     0.06  -287.35   -10.28     0.00
--> Name of file number  45:                                                     
# Energy files from Qdyn, version: 6.0.16 , git id=adc28a635c78993922188615a73366ace3402081                        
fep_039_0.120.en        1      1899  0.120000   -9594.42   -9437.72    44.65    18.33     0.00  -328.43   108.75   -68.84   127.89   -15.96     0.31  -243.63   -19.44     0.00
fep_039_0.120.en        2      1899  0.880000  -11203.20  -10876.94     6.69     2.91     0.00  -337.08     1.22   -47.70    12.74   -10.10     0.35  -279.28   -11.88     0.00
--> Name of file number  46:                                                     
# Energy files from Qdyn, version: 6.0.16 , git id=adc28a635c78993922188615a73366ace3402081                        
fep_040_0.100.en        1      1899  0.100000   -9593.93   -9429.58    48.26    10.59     0.00  -332.15   108.97   -71.97   128.30   -15.66     0.31  -244.53   -19.65     0.00
fep_040_0.100.en        2      1899  0.900000  -11207.02  -10878.07     6.59     3.20     0.00  -338.74    -0.01   -46.63    12.39   -10.03     0.36  -282.08   -12.76     0.00
--> Name of file number  47:                                                     
# Energy files from Qdyn, version: 6.0.16 , git id=adc28a635c78993922188615a73366ace3402081                        
fep_041_0.080.en        1      1899  0.080000   -9587.71   -9430.59    47.02    14.44     0.00  -332.07   113.48   -70.99   131.58   -15.52     0.35  -245.56   -18.44     0.00
fep_041_0.080.en        2      1899  0.920000  -11213.40  -10878.52     6.27     2.84     0.00  -345.79     1.79   -48.91    12.92    -9.95     0.39  -286.93   -11.53     0.00
--> Name of file number  48:                                                     
# Energy files from Qdyn, version: 6.0.16 , git id=adc28a635c78993922188615a73366ace3402081                        
fep_042_0.060.en        1      1899  0.060000   -9580.64   -9426.80    47.95    15.76     0.00  -333.40   115.85   -68.05   133.00   -15.09     0.07  -250.26   -17.23     0.00
fep_042_0.060.en        2      1899  0.940000  -11216.14  -10878.72     6.12     3.08     0.00  -348.60     1.98   -45.46    12.01    -9.91     0.12  -293.23   -10.14     0.00
--> Name of file number  49:                                                     
# Energy files from Qdyn, version: 6.0.16 , git id=adc28a635c78993922188615a73366ace3402081                        
fep_043_0.040.en        1      1899  0.040000   -9572.54   -9418.73    54.80    11.87     0.00  -334.95   114.46   -70.12   133.57   -13.91     0.01  -250.92   -19.12     0.00
fep_043_0.040.en        2      1899  0.960000  -11216.07  -10879.24     6.00     2.87     0.00  -344.46    -1.23   -44.10    11.09    -9.20     0.06  -291.16   -12.38     0.00
--> Name of file number  50:                                                     
# Energy files from Qdyn, version: 6.0.16 , git id=adc28a635c78993922188615a73366ace3402081                        
fep_044_0.020.en        1      1899  0.020000   -9519.99   -9391.51    78.25     9.49     0.00  -331.28   115.06   -81.74   135.52   -13.94     0.12  -235.60   -20.58     0.00
fep_044_0.020.en        2      1899  0.980000  -11210.28  -10879.63     6.63     3.10     0.00  -338.13    -2.24   -47.30    11.41    -9.22     0.17  -281.61   -13.82     0.00
--> Name of file number  51:                                                     
# Energy files from Qdyn, version: 6.0.16 , git id=adc28a635c78993922188615a73366ace3402081                        
fep_045_0.000.en        1      1899  0.000000   -9485.54   -9387.73   103.51    11.31     0.00  -329.70   117.08   -82.66   136.56   -14.03     0.09  -233.02   -19.57     0.00
fep_045_0.000.en        2      1899  1.000000  -11207.44  -10879.37     6.52     2.99     0.00  -335.69    -1.88   -50.55    11.30    -9.02     0.14  -276.12   -13.32     0.00


# Part 1: Free energy perturbation summary:

# Calculation for full system
# lambda(1)      dGf sum(dGf)      dGr sum(dGr)     <dG>
   1.000000     0.000     0.000    -1.754  1663.851     0.000
   0.980000     2.297     2.297     1.213  1665.605     2.025
   0.960000    -0.701     1.596     4.615  1664.392     1.068
   0.940000    -3.202    -1.606     6.588  1659.777    -2.840
   0.920000    -6.651    -8.257     9.845  1653.189    -9.459
   0.900000    -9.117   -17.374    12.219  1643.343   -18.941
   0.880000   -12.488   -29.862    14.667  1631.124   -31.294
   0.860000   -14.482   -44.344    18.160  1616.457   -45.869
   0.840000   -17.566   -61.911    21.640  1598.297   -63.732
   0.820000   -20.641   -82.552    24.063  1576.658   -84.872
   0.800000   -23.843  -106.395    26.638  1552.595  -108.825
   0.780000   -27.533  -133.928    28.765  1525.957  -135.911
   0.760000   -29.202  -163.130    30.993  1497.192  -164.895
   0.740000   -30.505  -193.636    32.028  1466.199  -195.644
   0.720000   -32.402  -226.038    33.736  1434.171  -227.859
   0.700000   -33.930  -259.968    34.800  1400.435  -261.692
   0.680000   -35.186  -295.154    35.201  1365.635  -296.685
   0.660000   -35.531  -330.685    35.866  1330.434  -332.051
   0.640000   -35.890  -366.575    36.191  1294.568  -367.929
   0.620000   -36.441  -403.015    36.705  1258.377  -404.244
   0.600000   -36.681  -439.697    37.100  1221.672  -440.937
   0.580000   -37.098  -476.794    37.436  1184.572  -478.036
   0.560000   -37.418  -514.212    37.816  1147.136  -515.464
   0.540000   -37.715  -551.927    38.068  1109.319  -553.229
   0.520000   -38.127  -590.054    38.316  1071.251  -591.327
   0.500000   -38.385  -628.439    38.615  1032.935  -629.677
   0.480000   -38.617  -667.056    38.884   994.320  -668.293
   0.460000   -38.959  -706.014    39.169   955.436  -707.214
   0.440000   -39.200  -745.215    39.389   916.267  -746.399
   0.420000   -39.502  -784.717    39.572   876.878  -785.845
   0.400000   -39.745  -824.462    39.829   837.306  -825.503
   0.380000   -39.849  -864.311    40.240   797.477  -865.342
   0.360000   -40.074  -904.385    40.488   757.237  -905.499
   0.340000   -40.459  -944.844    40.423   716.749  -945.973
   0.320000   -40.724  -985.568    40.611   676.327  -986.546
   0.300000   -40.669 -1026.237    40.922   635.716 -1027.186
   0.280000   -40.872 -1067.108    41.160   594.794 -1068.082
   0.260000   -41.144 -1108.252    41.257   553.634 -1109.235
   0.240000   -41.427 -1149.680    41.527   512.376 -1150.577
   0.220000   -41.499 -1191.178    41.680   470.849 -1192.090
   0.200000   -41.750 -1232.928    41.776   429.168 -1233.805
   0.180000   -41.876 -1274.804    42.033   387.393 -1275.631
   0.160000   -41.969 -1316.773    42.460   345.360 -1317.632
   0.140000   -42.244 -1359.017    42.501   302.900 -1359.984
   0.120000   -42.630 -1401.647    42.574   260.399 -1402.549
   0.100000   -42.672 -1444.319    42.836   217.826 -1445.172
   0.080000   -42.770 -1487.089    43.037   174.990 -1487.975
   0.060000   -43.017 -1530.106    43.162   131.953 -1531.002
   0.040000   -43.206 -1573.312    44.086    88.791 -1574.186
   0.020000   -43.407 -1616.719    44.705    44.705 -1617.932
   0.000000   -44.376 -1661.095     0.000     0.000 -1662.473

# Min energy-gap is:   -470.45
# Max energy-gap is:   2312.32



# Part 2: Reaction free energy summary:
# Lambda(1)  bin Energy gap      dGa     dGb     dGg    # pts    c1**2    c2**2
   1.000000    5    -345.22       0.00     334.43      -2.59     39     0.993     0.007
   1.000000    6    -317.40       0.00     305.57      -2.83     89     0.991     0.009
   1.000000    7    -289.57       0.00     277.93      -3.09    139     0.990     0.010
   1.000000    8    -261.74       0.00     249.99      -3.41    199     0.987     0.013
   1.000000    9    -233.91       0.00     222.11      -3.82    262     0.984     0.016
   1.000000   10    -206.09       0.00     194.22      -4.32    282     0.980     0.020
   1.000000   11    -178.26       0.00     166.59      -4.96    266     0.974     0.026
   1.000000   12    -150.43       0.00     138.58      -5.84    217     0.964     0.036
   1.000000   13    -122.60       0.00     110.90      -7.13    162     0.948     0.052
   1.000000   14     -94.78       0.00      83.08      -9.00    115     0.923     0.077
   1.000000   15     -66.95       0.00      56.24     -11.88     59     0.877     0.123
   1.000000   16     -39.12       0.00      28.09     -18.14     27     0.774     0.226
   0.980000   12    -150.43      -0.96     137.70      -6.81     61     0.963     0.037
   0.980000   13    -122.60      -0.42     110.74      -7.49    101     0.948     0.052
   0.980000   14     -94.78       0.14      83.65      -8.85    185     0.920     0.080
   0.980000   15     -66.95       0.67      56.32     -11.49    260     0.870     0.130
   0.980000   16     -39.12       1.22      29.08     -16.82    383     0.770     0.230
   0.980000   17     -11.29       1.78       1.77     -27.40    341     0.590     0.410
   0.980000   18      16.53       2.30     -25.66     -44.24    262     0.382     0.618
   0.980000   19      44.36       2.88     -52.81     -65.56    148     0.210     0.790
   0.980000   20      72.19       3.40     -79.48     -88.97     82     0.123     0.877
   0.980000   21     100.02       3.99    -106.17    -113.68     30     0.073     0.927
   0.960000   17     -11.29       0.63       0.38     -28.74     35     0.567     0.433
   0.960000   18      16.53       1.77     -26.51     -45.06    106     0.347     0.653
   0.960000   19      44.36       2.82     -52.93     -65.71    211     0.199     0.801
   0.960000   20      72.19       3.89     -79.63     -89.10    282     0.116     0.884
   0.960000   21     100.02       5.04    -106.07    -113.53    364     0.070     0.930
   0.960000   22     127.85       6.09    -132.57    -138.69    360     0.048     0.952
   0.960000   23     155.67       7.17    -159.29    -164.45    263     0.034     0.966
   0.960000   24     183.50       8.25    -186.21    -190.67    137     0.025     0.975
   0.960000   25     211.33       9.35    -212.55    -216.49     97     0.019     0.981
   0.960000   26     239.16      10.49    -239.63    -243.14     24     0.015     0.985
   0.940000   23     155.67       6.46    -159.36    -164.55     41     0.033     0.967
   0.940000   24     183.50       8.08    -186.10    -190.58     81     0.025     0.975
   0.940000   25     211.33       9.73    -212.54    -216.48    187     0.019     0.981
   0.940000   26     239.16      11.36    -238.54    -242.06    259     0.015     0.985
   0.940000   27     266.98      13.03    -264.59    -267.77    349     0.012     0.988
   0.940000   28     294.81      14.65    -290.77    -293.67    357     0.010     0.990
   0.940000   29     322.64      16.30    -316.99    -319.65    280     0.008     0.992
   0.940000   30     350.47      17.96    -342.49    -344.95    177     0.007     0.993
   0.940000   31     378.29      19.60    -369.24    -371.52    109     0.006     0.994
   0.940000   32     406.12      21.15    -395.34    -397.47     42     0.005     0.995
   0.920000   27     266.98      11.67    -265.97    -269.14     55     0.012     0.988
   0.920000   28     294.81      14.00    -291.51    -294.40    110     0.010     0.990
   0.920000   29     322.64      16.20    -316.93    -319.59    211     0.008     0.992
   0.920000   30     350.47      18.28    -342.39    -344.85    265     0.007     0.993
   0.920000   31     378.29      20.46    -368.16    -370.45    329     0.006     0.994
   0.920000   32     406.12      22.68    -393.59    -395.73    322     0.005     0.995
   0.920000   33     433.95      24.90    -418.87    -420.88    238     0.005     0.995
   0.920000   34     461.78      27.10    -444.77    -446.66    169     0.004     0.996
   0.920000   35     489.61      29.33    -470.13    -471.91    104     0.004     0.996
   0.920000   36     517.43      31.51    -495.04    -496.74     39     0.003     0.997
   0.920000   37     545.26      33.58    -515.29    -516.92     26     0.003     0.997
   0.900000   32     406.12      21.48    -395.29    -397.43     23     0.005     0.995
   0.900000   33     433.95      24.09    -420.03    -422.03     76     0.005     0.995
   0.900000   34     461.78      26.88    -444.84    -446.73    154     0.004     0.996
   0.900000   35     489.61      29.58    -469.86    -471.64    216     0.004     0.996
   0.900000   36     517.43      32.38    -495.06    -496.75    328     0.003     0.997
   0.900000   37     545.26      35.16    -520.03    -521.64    336     0.003     0.997
   0.900000   38     573.09      37.77    -544.85    -546.38    262     0.003     0.997
   0.900000   39     600.92      40.58    -569.77    -571.23    193     0.002     0.998
   0.900000   40     628.74      43.52    -594.45    -595.85    128     0.002     0.998
   0.900000   41     656.57      46.08    -620.19    -621.53    110     0.002     0.998
   0.900000   42     684.40      48.95    -643.51    -644.80     45     0.002     0.998
   0.880000   37     545.26      33.48    -520.08    -521.69     42     0.003     0.997
   0.880000   38     573.09      37.15    -545.65    -547.19     75     0.003     0.997
   0.880000   39     600.92      40.38    -570.48    -571.94    170     0.002     0.998
   0.880000   40     628.74      43.55    -594.59    -595.99    288     0.002     0.998
   0.880000   41     656.57      46.79    -619.11    -620.45    346     0.002     0.998
   0.880000   42     684.40      50.12    -643.51    -644.80    333     0.002     0.998
   0.880000   43     712.23      53.54    -668.00    -669.24    308     0.002     0.998
   0.880000   44     740.05      56.78    -692.56    -693.76    180     0.002     0.998
   0.880000   45     767.88      60.04    -717.06    -718.21     92     0.002     0.998
   0.880000   46     795.71      63.43    -740.86    -741.97     35     0.001     0.999
   0.860000   41     656.57      45.46    -619.81    -621.15     28     0.002     0.998
   0.860000   42     684.40      49.19    -644.22    -645.51     62     0.002     0.998
   0.860000   43     712.23      53.26    -667.95    -669.19    114     0.002     0.998
   0.860000   44     740.05      56.98    -692.12    -693.31    189     0.002     0.998
   0.860000   45     767.88      60.91    -715.95    -717.10    236     0.002     0.998
   0.860000   46     795.71      64.72    -739.86    -740.98    267     0.001     0.999
   0.860000   47     823.54      68.65    -763.83    -764.90    278     0.001     0.999
   0.860000   48     851.37      72.55    -787.70    -788.74    256     0.001     0.999
   0.860000   49     879.19      76.34    -811.49    -812.49    235     0.001     0.999
   0.860000   50     907.02      80.16    -834.90    -835.88    134     0.001     0.999
   0.860000   51     934.85      84.06    -858.99    -859.93     59     0.001     0.999
   0.860000   52     962.68      88.21    -883.61    -884.53     23     0.001     0.999
   0.840000   48     851.37      71.67    -788.75    -789.79     50     0.001     0.999
   0.840000   49     879.19      75.85    -811.59    -812.59    104     0.001     0.999
   0.840000   50     907.02      80.39    -835.35    -836.33    161     0.001     0.999
   0.840000   51     934.85      85.00    -858.72    -859.67    260     0.001     0.999
   0.840000   52     962.68      89.29    -881.85    -882.77    314     0.001     0.999
   0.840000   53     990.50      93.63    -905.36    -906.25    364     0.001     0.999
   0.840000   54    1018.33      98.06    -928.51    -929.39    273     0.001     0.999
   0.840000   55    1046.16     102.59    -951.62    -952.47    191     0.001     0.999
   0.840000   56    1073.99     107.07    -975.09    -975.92    107     0.001     0.999
   0.840000   57    1101.81     111.37    -997.47    -998.28     38     0.001     0.999
   0.820000   53     990.50      92.43    -906.28    -907.18     26     0.001     0.999
   0.820000   54    1018.33      97.60    -929.79    -930.66     49     0.001     0.999
   0.820000   55    1046.16     102.47    -951.97    -952.82    111     0.001     0.999
   0.820000   56    1073.99     107.45    -974.86    -975.69    235     0.001     0.999
   0.820000   57    1101.81     112.29    -997.59    -998.40    385     0.001     0.999
   0.820000   58    1129.64     117.14   -1020.33   -1021.12    368     0.001     0.999
   0.820000   59    1157.47     122.17   -1043.05   -1043.82    301     0.001     0.999
   0.820000   60    1185.30     127.13   -1066.10   -1066.85    197     0.001     0.999
   0.820000   61    1213.12     132.10   -1087.88   -1088.61    116     0.001     0.999
   0.820000   62    1240.95     137.26   -1111.17   -1111.88     72     0.001     0.999
   0.820000   63    1268.78     141.97   -1133.34   -1134.04     28     0.001     0.999
   0.800000   58    1129.64     116.45   -1021.95   -1022.74     29     0.001     0.999
   0.800000   59    1157.47     121.45   -1043.90   -1044.67     58     0.001     0.999
   0.800000   60    1185.30     126.85   -1066.06   -1066.81    117     0.001     0.999
   0.800000   61    1213.12     132.50   -1088.60   -1089.34    174     0.001     0.999
   0.800000   62    1240.95     138.12   -1110.55   -1111.27    267     0.001     0.999
   0.800000   63    1268.78     143.55   -1132.74   -1133.44    284     0.001     0.999
   0.800000   64    1296.61     149.03   -1155.25   -1155.94    267     0.001     0.999
   0.800000   65    1324.44     154.58   -1177.49   -1178.17    273     0.001     0.999
   0.800000   66    1352.26     160.28   -1199.43   -1200.09    178     0.000     1.000
   0.800000   67    1380.09     165.67   -1222.21   -1222.85    110     0.000     1.000
   0.800000   68    1407.92     171.29   -1243.62   -1244.25     69     0.000     1.000
   0.800000   69    1435.75     176.93   -1266.26   -1266.89     28     0.000     1.000
   0.780000   63    1268.78     141.70   -1134.55   -1135.25     31     0.001     0.999
   0.780000   64    1296.61     147.72   -1155.72   -1156.41     61     0.001     0.999
   0.780000   65    1324.44     153.76   -1177.74   -1178.41    122     0.001     0.999
   0.780000   66    1352.26     160.06   -1199.57   -1200.23    229     0.000     1.000
   0.780000   67    1380.09     166.10   -1221.18   -1221.83    321     0.000     1.000
   0.780000   68    1407.92     172.18   -1242.49   -1243.12    371     0.000     1.000
   0.780000   69    1435.75     178.11   -1264.12   -1264.74    285     0.000     1.000
   0.780000   70    1463.57     184.31   -1286.27   -1286.88    227     0.000     1.000
   0.780000   71    1491.40     190.40   -1307.87   -1308.47    140     0.000     1.000
   0.780000   72    1519.23     196.35   -1328.68   -1329.26     66     0.000     1.000
   0.760000   67    1380.09     164.76   -1222.51   -1223.16     35     0.000     1.000
   0.760000   68    1407.92     171.49   -1243.72   -1244.35     76     0.000     1.000
   0.760000   69    1435.75     177.95   -1264.70   -1265.32    224     0.000     1.000
   0.760000   70    1463.57     184.51   -1285.91   -1286.52    356     0.000     1.000
   0.760000   71    1491.40     191.12   -1306.89   -1307.49    449     0.000     1.000
   0.760000   72    1519.23     197.78   -1328.19   -1328.78    369     0.000     1.000
   0.760000   73    1547.06     204.31   -1349.14   -1349.72    242     0.000     1.000
   0.760000   74    1574.88     211.04   -1369.13   -1369.70     92     0.000     1.000
   0.760000   75    1602.71     217.50   -1391.84   -1392.39     22     0.000     1.000
   0.740000   70    1463.57     183.70   -1287.22   -1287.83     22     0.000     1.000
   0.740000   71    1491.40     190.47   -1307.77   -1308.37     71     0.000     1.000
   0.740000   72    1519.23     197.31   -1328.10   -1328.69    140     0.000     1.000
   0.740000   73    1547.06     204.62   -1348.67   -1349.25    295     0.000     1.000
   0.740000   74    1574.88     211.61   -1369.30   -1369.87    399     0.000     1.000
   0.740000   75    1602.71     218.80   -1389.86   -1390.41    408     0.000     1.000
   0.740000   76    1630.54     226.05   -1410.32   -1410.87    329     0.000     1.000
   0.740000   77    1658.37     233.21   -1430.34   -1430.87    179     0.000     1.000
   0.740000   78    1686.20     240.12   -1450.11   -1450.64     51     0.000     1.000
   0.720000   72    1519.23     195.56   -1330.03   -1330.61     28     0.000     1.000
   0.720000   73    1547.06     203.45   -1350.12   -1350.70     89     0.000     1.000
   0.720000   74    1574.88     210.60   -1369.85   -1370.42    199     0.000     1.000
   0.720000   75    1602.71     218.64   -1389.88   -1390.44    281     0.000     1.000
   0.720000   76    1630.54     226.35   -1409.79   -1410.34    312     0.000     1.000
   0.720000   77    1658.37     234.19   -1430.11   -1430.65    307     0.000     1.000
   0.720000   78    1686.20     241.79   -1449.60   -1450.13    294     0.000     1.000
   0.720000   79    1714.02     249.59   -1469.29   -1469.81    224     0.000     1.000
   0.720000   80    1741.85     257.21   -1489.48   -1490.00    114     0.000     1.000
   0.720000   81    1769.68     265.02   -1508.50   -1509.01     44     0.000     1.000
   0.700000   76    1630.54     225.29   -1411.10   -1411.65     88     0.000     1.000
   0.700000   77    1658.37     233.43   -1430.44   -1430.98    238     0.000     1.000
   0.700000   78    1686.20     241.72   -1449.60   -1450.13    339     0.000     1.000
   0.700000   79    1714.02     249.87   -1469.27   -1469.79    332     0.000     1.000
   0.700000   80    1741.85     258.22   -1488.66   -1489.17    306     0.000     1.000
   0.700000   81    1769.68     266.66   -1507.76   -1508.26    338     0.000     1.000
   0.700000   82    1797.51     274.83   -1527.78   -1528.27    202     0.000     1.000
   0.700000   83    1825.33     283.15   -1546.79   -1547.28     42     0.000     1.000
   0.680000   78    1686.20     241.05   -1450.84   -1451.37     63     0.000     1.000
   0.680000   79    1714.02     249.26   -1469.80   -1470.32    319     0.000     1.000
   0.680000   80    1741.85     257.99   -1488.74   -1489.25    533     0.000     1.000
   0.680000   81    1769.68     266.71   -1507.18   -1507.69    531     0.000     1.000
   0.680000   82    1797.51     275.60   -1526.21   -1526.71    344     0.000     1.000
   0.680000   83    1825.33     284.18   -1543.97   -1544.46     98     0.000     1.000
   0.660000   79    1714.02     248.98   -1470.95   -1471.47    106     0.000     1.000
   0.660000   80    1741.85     257.08   -1488.95   -1489.46    356     0.000     1.000
   0.660000   81    1769.68     266.63   -1507.00   -1507.51    570     0.000     1.000
   0.660000   82    1797.51     275.86   -1525.26   -1525.75    537     0.000     1.000
   0.660000   83    1825.33     285.21   -1543.01   -1543.50    271     0.000     1.000
   0.660000   84    1853.16     294.25   -1559.33   -1559.81     43     0.000     1.000
   0.640000   80    1741.85     256.19   -1489.72   -1490.24     70     0.000     1.000
   0.640000   81    1769.68     266.17   -1507.64   -1508.14    353     0.000     1.000
   0.640000   82    1797.51     276.02   -1525.24   -1525.74    608     0.000     1.000
   0.640000   83    1825.33     285.82   -1542.84   -1543.33    555     0.000     1.000
   0.640000   84    1853.16     295.58   -1560.40   -1560.88    285     0.000     1.000
   0.640000   85    1880.99     305.21   -1572.05   -1572.53     27     0.000     1.000
   0.620000   81    1769.68     265.37   -1508.58   -1509.08    158     0.000     1.000
   0.620000   82    1797.51     275.41   -1525.58   -1526.08    501     0.000     1.000
   0.620000   83    1825.33     285.78   -1542.40   -1542.89    683     0.000     1.000
   0.620000   84    1853.16     296.10   -1559.19   -1559.67    454     0.000     1.000
   0.620000   85    1880.99     306.42   -1575.54   -1576.01     90     0.000     1.000
   0.600000   82    1797.51     275.61   -1526.22   -1526.72    167     0.000     1.000
   0.600000   83    1825.33     285.59   -1542.65   -1543.14    637     0.000     1.000
   0.600000   84    1853.16     296.66   -1559.25   -1559.73    690     0.000     1.000
   0.600000   85    1880.99     307.27   -1575.38   -1575.85    378     0.000     1.000
   0.600000   86    1908.82     318.10   -1586.62   -1587.09     22     0.000     1.000
   0.580000   83    1825.33     285.66   -1543.36   -1543.85    285     0.000     1.000
   0.580000   84    1853.16     296.34   -1558.99   -1559.47    776     0.000     1.000
   0.580000   85    1880.99     307.85   -1574.81   -1575.28    689     0.000     1.000
   0.580000   86    1908.82     319.02   -1589.66   -1590.13    139     0.000     1.000
   0.560000   83    1825.33     284.60   -1544.09   -1544.58     48     0.000     1.000
   0.560000   84    1853.16     296.26   -1559.50   -1559.98    485     0.000     1.000
   0.560000   85    1880.99     307.84   -1574.60   -1575.08    935     0.000     1.000
   0.560000   86    1908.82     319.75   -1589.41   -1589.88    402     0.000     1.000
   0.560000   87    1936.64     331.30   -1595.62   -1596.08     27     0.000     1.000
   0.540000   84    1853.16     294.97   -1560.04   -1560.52    134     0.000     1.000
   0.540000   85    1880.99     307.92   -1574.82   -1575.30    691     0.000     1.000
   0.540000   86    1908.82     320.18   -1589.38   -1589.85    821     0.000     1.000
   0.540000   87    1936.64     332.61   -1603.98   -1604.44    240     0.000     1.000
   0.520000   84    1853.16     295.20   -1561.06   -1561.55     33     0.000     1.000
   0.520000   85    1880.99     307.19   -1575.19   -1575.67    427     0.000     1.000
   0.520000   86    1908.82     320.12   -1589.18   -1589.65    842     0.000     1.000
   0.520000   87    1936.64     333.15   -1602.96   -1603.43    528     0.000     1.000
   0.520000   88    1964.47     346.37   -1617.29   -1617.74     69     0.000     1.000
   0.500000   85    1880.99     308.00   -1575.80   -1576.28    178     0.000     1.000
   0.500000   86    1908.82     319.82   -1589.27   -1589.74    746     0.000     1.000
   0.500000   87    1936.64     333.45   -1602.84   -1603.30    771     0.000     1.000
   0.500000   88    1964.47     346.97   -1615.74   -1616.20    195     0.000     1.000
   0.480000   85    1880.99     307.62   -1576.58   -1577.05     43     0.000     1.000
   0.480000   86    1908.82     320.03   -1589.68   -1590.15    411     0.000     1.000
   0.480000   87    1936.64     333.45   -1602.75   -1603.21    821     0.000     1.000
   0.480000   88    1964.47     347.76   -1615.66   -1616.12    556     0.000     1.000
   0.480000   89    1992.30     361.53   -1627.62   -1628.07     68     0.000     1.000
   0.460000   86    1908.82     319.06   -1590.46   -1590.93    180     0.000     1.000
   0.460000   87    1936.64     333.26   -1602.82   -1603.28    732     0.000     1.000
   0.460000   88    1964.47     347.98   -1615.25   -1615.71    770     0.000     1.000
   0.460000   89    1992.30     362.67   -1627.30   -1627.75    209     0.000     1.000
   0.440000   86    1908.82     317.20   -1591.43   -1591.89     29     0.000     1.000
   0.440000   87    1936.64     332.97   -1603.15   -1603.62    451     0.000     1.000
   0.440000   88    1964.47     347.92   -1615.17   -1615.62    814     0.000     1.000
   0.440000   89    1992.30     363.19   -1626.90   -1627.35    539     0.000     1.000
   0.440000   90    2020.13     378.32   -1637.25   -1637.69     66     0.000     1.000
   0.420000   87    1936.64     331.99   -1603.68   -1604.14    243     0.000     1.000
   0.420000   88    1964.47     347.52   -1615.03   -1615.48    684     0.000     1.000
   0.420000   89    1992.30     363.60   -1626.63   -1627.08    738     0.000     1.000
   0.420000   90    2020.13     379.27   -1637.50   -1637.94    223     0.000     1.000
   0.400000   87    1936.64     330.75   -1604.46   -1604.93     78     0.000     1.000
   0.400000   88    1964.47     347.38   -1615.22   -1615.67    615     0.000     1.000
   0.400000   89    1992.30     363.47   -1626.03   -1626.48    885     0.000     1.000
   0.400000   90    2020.13     379.93   -1636.06   -1636.51    312     0.000     1.000
   0.380000   88    1964.47     347.04   -1615.86   -1616.31    315     0.000     1.000
   0.380000   89    1992.30     363.20   -1626.05   -1626.50    955     0.000     1.000
   0.380000   90    2020.13     380.39   -1635.80   -1636.24    571     0.000     1.000
   0.380000   91    2047.96     396.90   -1645.37   -1645.81     53     0.000     1.000
   0.360000   88    1964.47     348.38   -1616.50   -1616.96     25     0.000     1.000
   0.360000   89    1992.30     363.25   -1626.37   -1626.82    480     0.000     1.000
   0.360000   90    2020.13     380.51   -1635.89   -1636.33   1030     0.000     1.000
   0.360000   91    2047.96     397.78   -1644.93   -1645.37    356     0.000     1.000
   0.340000   89    1992.30     363.13   -1626.87   -1627.32    185     0.000     1.000
   0.340000   90    2020.13     380.58   -1636.06   -1636.50    898     0.000     1.000
   0.340000   91    2047.96     398.41   -1644.83   -1645.27    722     0.000     1.000
   0.340000   92    2075.78     416.15   -1652.01   -1652.44     88     0.000     1.000
   0.320000   89    1992.30     361.24   -1627.39   -1627.84    258     0.000     1.000
   0.320000   90    2020.13     379.83   -1635.93   -1636.37    949     0.000     1.000
   0.320000   91    2047.96     398.38   -1644.31   -1644.74    627     0.000     1.000
   0.320000   92    2075.78     416.93   -1652.52   -1652.95     62     0.000     1.000
   0.300000   89    1992.30     363.47   -1627.97   -1628.42    111     0.000     1.000
   0.300000   90    2020.13     379.61   -1636.07   -1636.51    709     0.000     1.000
   0.300000   91    2047.96     398.63   -1643.93   -1644.37    875     0.000     1.000
   0.300000   92    2075.78     417.79   -1651.57   -1652.00    198     0.000     1.000
   0.280000   90    2020.13     379.20   -1636.55   -1636.99    322     0.000     1.000
   0.280000   91    2047.96     398.62   -1643.86   -1644.30   1007     0.000     1.000
   0.280000   92    2075.78     418.15   -1650.98   -1651.41    532     0.000     1.000
   0.280000   93    2103.61     437.99   -1658.34   -1658.77     30     0.000     1.000
   0.260000   90    2020.13     378.77   -1637.05   -1637.50    103     0.000     1.000
   0.260000   91    2047.96     398.57   -1644.06   -1644.50    742     0.000     1.000
   0.260000   92    2075.78     418.51   -1650.86   -1651.30    851     0.000     1.000
   0.260000   93    2103.61     438.79   -1657.42   -1657.85    195     0.000     1.000
   0.240000   90    2020.13     378.42   -1637.88   -1638.32     69     0.000     1.000
   0.240000   91    2047.96     397.91   -1644.33   -1644.76    612     0.000     1.000
   0.240000   92    2075.78     418.61   -1650.44   -1650.87    959     0.000     1.000
   0.240000   93    2103.61     439.21   -1656.65   -1657.07    252     0.000     1.000
   0.220000   91    2047.96     397.81   -1644.77   -1645.21    280     0.000     1.000
   0.220000   92    2075.78     418.80   -1650.48   -1650.91    992     0.000     1.000
   0.220000   93    2103.61     439.71   -1655.96   -1656.39    572     0.000     1.000
   0.220000   94    2131.44     460.63   -1661.75   -1662.17     53     0.000     1.000
   0.200000   91    2047.96     397.28   -1645.47   -1645.90     97     0.000     1.000
   0.200000   92    2075.78     418.15   -1650.54   -1650.98    894     0.000     1.000
   0.200000   93    2103.61     439.71   -1655.52   -1655.94    814     0.000     1.000
   0.200000   94    2131.44     461.80   -1660.55   -1660.97     94     0.000     1.000
   0.180000   91    2047.96     406.90   -1646.14   -1646.57     57     0.000     1.000
   0.180000   92    2075.78     417.75   -1650.76   -1651.19    727     0.000     1.000
   0.180000   93    2103.61     439.91   -1655.21   -1655.63    946     0.000     1.000
   0.180000   94    2131.44     462.10   -1659.26   -1659.68    168     0.000     1.000
   0.160000   92    2075.78     417.65   -1651.20   -1651.63    288     0.000     1.000
   0.160000   93    2103.61     440.03   -1655.29   -1655.72   1042     0.000     1.000
   0.160000   94    2131.44     462.83   -1659.06   -1659.48    533     0.000     1.000
   0.160000   95    2159.27     485.45   -1661.83   -1662.25     21     0.000     1.000
   0.140000   93    2103.61     440.38   -1655.67   -1656.09    517     0.000     1.000
   0.140000   94    2131.44     463.13   -1659.08   -1659.50   1123     0.000     1.000
   0.140000   95    2159.27     486.72   -1662.11   -1662.52    249     0.000     1.000
   0.120000   93    2103.61     440.05   -1655.99   -1656.42    424     0.000     1.000
   0.120000   94    2131.44     463.26   -1658.87   -1659.29   1165     0.000     1.000
   0.120000   95    2159.27     486.88   -1661.53   -1661.95    288     0.000     1.000
   0.100000   93    2103.61     439.70   -1656.35   -1656.78    335     0.000     1.000
   0.100000   94    2131.44     463.06   -1658.82   -1659.24   1092     0.000     1.000
   0.100000   95    2159.27     487.44   -1661.13   -1661.55    444     0.000     1.000
   0.080000   93    2103.61     441.50   -1657.04   -1657.46     65     0.000     1.000
   0.080000   94    2131.44     462.96   -1658.95   -1659.37    861     0.000     1.000
   0.080000   95    2159.27     487.72   -1660.80   -1661.22    864     0.000     1.000
   0.080000   96    2187.09     512.79   -1662.52   -1662.93    107     0.000     1.000
   0.060000   94    2131.44     463.23   -1659.32   -1659.74    484     0.000     1.000
   0.060000   95    2159.27     487.91   -1660.68   -1661.10   1131     0.000     1.000
   0.060000   96    2187.09     513.54   -1661.99   -1662.40    268     0.000     1.000
   0.040000   94    2131.44     461.85   -1659.69   -1660.11    313     0.000     1.000
   0.040000   95    2159.27     487.84   -1660.66   -1661.08    991     0.000     1.000
   0.040000   96    2187.09     513.96   -1661.60   -1662.01    528     0.000     1.000
   0.040000   97    2214.92     540.54   -1662.59   -1662.99     62     0.000     1.000
   0.020000   95    2159.27     490.00   -1661.26   -1661.67     40     0.000     1.000
   0.020000   96    2187.09     514.69   -1661.76   -1662.17    575     0.000     1.000
   0.020000   97    2214.92     541.41   -1662.23   -1662.64    960     0.000     1.000
   0.020000   98    2242.75     568.24   -1662.73   -1663.13    281     0.000     1.000
   0.020000   99    2270.58     595.13   -1663.26   -1663.66     39     0.000     1.000
   0.000000   96    2187.09     515.26   -1662.47   -1662.88     37     0.000     1.000
   0.000000   97    2214.92     541.63   -1662.47   -1662.88    452     0.000     1.000
   0.000000   98    2242.75     568.61   -1662.47   -1662.87    939     0.000     1.000
   0.000000   99    2270.58     596.30   -1662.47   -1662.87    431     0.000     1.000
   0.000000  100    2298.40     623.34   -1662.47   -1662.87     38     0.000     1.000


# Part 3: Bin-averaged summary:
# bin  energy gap  <dGg> <dGg norm> pts  <c1**2> <c2**2> <r_xy>
   5   -345.22     -2.59   1660.34         39    0.993    0.007    5.744
   6   -317.40     -2.83   1660.10         89    0.991    0.009    5.863
   7   -289.57     -3.09   1659.84        139    0.990    0.010    5.911
   8   -261.74     -3.41   1659.53        199    0.987    0.013    5.956
   9   -233.91     -3.82   1659.11        262    0.984    0.016    6.014
  10   -206.09     -4.32   1658.62        282    0.980    0.020    6.034
  11   -178.26     -4.96   1657.97        266    0.974    0.026    6.082
  12   -150.43     -6.05   1656.89        278    0.964    0.036    5.866
  13   -122.60     -7.27   1655.67        263    0.948    0.052    5.825
  14    -94.78     -8.91   1654.03        300    0.921    0.079    5.793
  15    -66.95    -11.56   1651.38        319    0.871    0.129    5.922
  16    -39.12    -16.90   1646.03        410    0.770    0.230    5.999
  17    -11.29    -27.53   1635.41        376    0.588    0.412    6.129
  18     16.53    -44.47   1618.46        368    0.372    0.628    6.282
  19     44.36    -65.65   1597.29        359    0.203    0.797    6.559
  20     72.19    -89.07   1573.87        364    0.118    0.882    6.706
  21    100.02   -113.54   1549.39        394    0.071    0.929    6.872
  22    127.85   -138.69   1524.25        360    0.048    0.952    6.844
  23    155.67   -164.47   1498.47        304    0.034    0.966    7.030
  24    183.50   -190.64   1472.30        218    0.025    0.975    7.275
  25    211.33   -216.48   1446.45        284    0.019    0.981    7.425
  26    239.16   -242.15   1420.78        283    0.015    0.985    7.648
  27    266.98   -267.95   1394.98        404    0.012    0.988    7.547
  28    294.81   -293.84   1369.10        467    0.010    0.990    7.710
  29    322.64   -319.62   1343.31        491    0.008    0.992    7.736
  30    350.47   -344.89   1318.05        442    0.007    0.993    7.645
  31    378.29   -370.71   1292.22        438    0.006    0.994    7.672
  32    406.12   -396.02   1266.92        387    0.005    0.995    7.590
  33    433.95   -421.16   1241.78        314    0.005    0.995    7.313
  34    461.78   -446.69   1216.24        323    0.004    0.996    6.922
  35    489.61   -471.73   1191.20        320    0.004    0.996    6.779
  36    517.43   -496.75   1166.19        367    0.003    0.997    6.621
  37    545.26   -521.34   1141.59        404    0.003    0.997    6.574
  38    573.09   -546.56   1116.38        337    0.003    0.997    6.619
  39    600.92   -571.56   1091.37        363    0.002    0.998    6.858
  40    628.74   -595.95   1066.99        416    0.002    0.998    7.117
  41    656.57   -620.73   1042.20        484    0.002    0.998    7.106
  42    684.40   -644.90   1018.03        440    0.002    0.998    7.204
  43    712.23   -669.23    993.71        422    0.002    0.998    7.291
  44    740.05   -693.53    969.41        369    0.002    0.998    7.334
  45    767.88   -717.41    945.52        328    0.002    0.998    7.330
  46    795.71   -741.09    921.84        302    0.001    0.999    7.271
  47    823.54   -764.90    898.03        278    0.001    0.999    7.304
  48    851.37   -788.91    874.03        306    0.001    0.999    7.211
  49    879.19   -812.53    850.41        339    0.001    0.999    7.220
  50    907.02   -836.12    826.81        295    0.001    0.999    7.191
  51    934.85   -859.72    803.22        319    0.001    0.999    7.049
  52    962.68   -882.89    780.05        337    0.001    0.999    7.019
  53    990.50   -906.32    756.62        390    0.001    0.999    6.997
  54   1018.33   -929.58    733.36        322    0.001    0.999    6.975
  55   1046.16   -952.60    710.34        302    0.001    0.999    6.885
  56   1073.99   -975.76    687.17        342    0.001    0.999    6.745
  57   1101.81   -998.39    664.55        423    0.001    0.999    6.653
  58   1129.64  -1021.23    641.70        397    0.001    0.999    6.602
  59   1157.47  -1043.95    618.98        359    0.001    0.999    6.625
  60   1185.30  -1066.83    596.10        314    0.001    0.999    6.683
  61   1213.12  -1089.05    573.89        290    0.001    0.999    6.732
  62   1240.95  -1111.40    551.54        339    0.001    0.999    6.760
  63   1268.78  -1133.65    529.28        343    0.001    0.999    6.885
  64   1296.61  -1156.03    506.91        328    0.001    0.999    7.049
  65   1324.44  -1178.24    484.69        395    0.001    0.999    7.221
  66   1352.26  -1200.17    462.77        407    0.000    1.000    7.584
  67   1380.09  -1222.17    440.76        466    0.000    1.000    7.925
  68   1407.92  -1243.46    419.48        516    0.000    1.000    8.095
  69   1435.75  -1265.09    397.84        537    0.000    1.000    8.275
  70   1463.57  -1286.70    376.23        605    0.000    1.000    8.331
  71   1491.40  -1307.79    355.14        660    0.000    1.000    8.326
  72   1519.23  -1328.89    334.04        603    0.000    1.000    8.283
  73   1547.06  -1349.63    313.30        626    0.000    1.000    8.235
  74   1574.88  -1370.00    292.93        690    0.000    1.000    8.257
  75   1602.71  -1390.48    272.45        711    0.000    1.000    8.330
  76   1630.54  -1410.74    252.20        729    0.000    1.000    8.607
  77   1658.37  -1430.81    232.12        724    0.000    1.000    9.137
  78   1686.20  -1450.27    212.66        747    0.000    1.000    9.748
  79   1714.02  -1470.15    192.79        981    0.000    1.000   10.425
  80   1741.85  -1489.40    173.54       1379    0.000    1.000   10.879
  81   1769.68  -1507.95    154.98       1994    0.000    1.000   11.144
  82   1797.51  -1526.24    136.69       2359    0.000    1.000   11.284
  83   1825.33  -1543.37    119.56       2619    0.000    1.000   11.126
  84   1853.16  -1559.86    103.07       2900    0.000    1.000   10.819
  85   1880.99  -1575.41     87.52       3458    0.000    1.000   10.757
  86   1908.82  -1589.88     73.05       3592    0.000    1.000   10.824
  87   1936.64  -1603.44     59.50       3891    0.000    1.000   10.258
  88   1964.47  -1615.82     47.12       4043    0.000    1.000    9.831
  89   1992.30  -1626.97     35.96       4428    0.000    1.000   10.232
  90   2020.13  -1636.57     26.37       5252    0.000    1.000   10.446
  91   2047.96  -1644.75     18.18       5428    0.000    1.000    9.809
  92   2075.78  -1651.18     11.76       5591    0.000    1.000    9.237
  93   2103.61  -1656.16      6.78       5192    0.000    1.000    9.424
  94   2131.44  -1659.50      3.44       5886    0.000    1.000    9.293
  95   2159.27  -1661.33      1.61       4028    0.000    1.000    8.768
  96   2187.09  -1662.23      0.71       1515    0.000    1.000    8.819
  97   2214.92  -1662.72      0.21       1474    0.000    1.000    9.734
  98   2242.75  -1662.93      0.00       1220    0.000    1.000   10.342
  99   2270.58  -1662.94      0.00        470    0.000    1.000   10.686
 100   2298.40  -1662.87      0.07         38    0.000    1.000   10.741
