
Build and version information

Build number 6.0.15
Build date   20240314
Built:       
      by     p315462
      on     login1
      git id adc28a635c78993922188615a73366ace3402081
      with   GNU Fortran GCC 11.3.0
qfep version 6.0.15 , git id=adc28a635c78993922188615a73366ace3402081 initialising
Current date 2024- 4-18 and time 17:10:43

Welcome in qfep modification date 20240314

 Q6, Copyright © 2017 Johan Åqvist, John Marelius, Shina Caroline Lynn Kamerlin and Paul Bauer
 Q6 comes with ABSOLUTELY NO WARRANTY.  This is free software, and you are welcome
 to redistribute it under certain conditions. For details, add the --help flag.
--> Number of energy files: # Number of files                 =    51
--> No. of states, no. of predefined off-diag elements: # Number of states                 =     2
# Number of off-diagonal elements =     0
--> Give kT & no, of pts to skip   & calculation mode: # kT                              = 0.592
# Number of data points to skip   =   100
# Only QQ interactions will be considered   =   0
--> Give number of gap-bins: # Number of gap-bins              =   100
--> Give minimum # pts/bin: # Minimum number of points per bin=    20
--> Give alpha for state  2:                                                    # Alpha for state  2              =  -520.50
--> Number of off-diagonal elements:# Number of off-diagonal elements =     1
#   i   j   A(i,j)  mu(i,j) eta(i,j) rxy0(i,j)
--> i, j, A_ij, mu_ij, eta_ij, r_xy0: #   1   2     30.00      0.00      0.00      0.00
--> linear combination of states defining reaction coord: # Linear combination co-efficients=  1.00 -1.00


# Part 0: Average energies for all states in all files
# file             state   pts   lambda    EQtot   EQbond  EQang   EQtor   EQimp    EQel   EQvdW  Eel_qq  EvdW_qq Eel_qp  EvdW_qp Eel_qw EvdW_qw Eqrstr
--> Name of file number   1:                                                     
# Energy files from Qdyn, version: 6.0.16 , git id=adc28a635c78993922188615a73366ace3402081                        
fep_050_1.000.en        1      1899  1.000000  -10017.52   -9780.75    11.77     9.36     0.00  -246.86   -11.05   -57.32     7.42   -16.47     0.73  -173.06   -19.19     0.00
fep_050_1.000.en        2      1899  0.000000   -9268.60   -9627.61   186.82     6.59     0.00  -320.63   486.23  -181.15   505.11    -9.52     0.77  -129.95   -19.65     0.00
--> Name of file number   2:                                                     
# Energy files from Qdyn, version: 6.0.16 , git id=adc28a635c78993922188615a73366ace3402081                        
fep_049_0.980.en        1      1899  0.980000  -10010.74   -9779.33    11.97     9.56     0.00  -241.19   -11.75   -58.98     8.90   -16.68     0.92  -165.53   -21.56     0.00
fep_049_0.980.en        2      1899  0.020000   -9467.99   -9720.45   158.50     5.50     0.00  -301.18   389.65  -167.89   410.73   -10.06     0.96  -123.24   -22.04     0.00
--> Name of file number   3:                                                     
# Energy files from Qdyn, version: 6.0.16 , git id=adc28a635c78993922188615a73366ace3402081                        
fep_048_0.960.en        1      1899  0.960000  -10011.11   -9775.59    11.88     9.48     0.00  -249.39    -7.49   -59.72    11.31   -14.82     0.52  -174.85   -19.32     0.00
fep_048_0.960.en        2      1899  0.040000   -9612.76   -9808.42   163.19     4.74     0.00  -305.24   332.97  -157.93   352.14    -9.38     0.56  -137.92   -19.74     0.00
--> Name of file number   4:                                                     
# Energy files from Qdyn, version: 6.0.16 , git id=adc28a635c78993922188615a73366ace3402081                        
fep_047_0.940.en        1      1899  0.940000  -10006.33   -9772.60    11.01     9.72     0.00  -249.07    -5.39   -62.95    15.17   -14.32     0.37  -171.80   -20.93     0.00
fep_047_0.940.en        2      1899  0.060000   -9768.58   -9932.07   157.52     6.53     0.00  -299.50   298.95  -156.61   319.87    -8.45     0.42  -134.44   -21.34     0.00
--> Name of file number   5:                                                     
# Energy files from Qdyn, version: 6.0.16 , git id=adc28a635c78993922188615a73366ace3402081                        
fep_046_0.920.en        1      1899  0.920000   -9996.27   -9769.24    10.68     9.44     0.00  -248.40     1.25   -64.72    20.74   -13.81     0.34  -169.87   -19.82     0.00
fep_046_0.920.en        2      1899  0.080000   -9891.30  -10027.62   143.86     7.36     0.00  -292.13   277.23  -149.66   297.09    -8.18     0.38  -134.29   -20.25     0.00
--> Name of file number   6:                                                     
# Energy files from Qdyn, version: 6.0.16 , git id=adc28a635c78993922188615a73366ace3402081                        
fep_000_0.900.en        1      1899  0.900000   -9981.57   -9763.34    10.52     9.66     0.00  -247.98     9.58   -66.25    27.90   -13.17     0.22  -168.57   -18.55     0.00
fep_000_0.900.en        2      1899  0.100000  -10022.58  -10139.86   130.75     9.41     0.00  -283.60   260.71  -141.41   279.44    -7.77     0.26  -134.41   -18.99     0.00
--> Name of file number   7:                                                     
# Energy files from Qdyn, version: 6.0.16 , git id=adc28a635c78993922188615a73366ace3402081                        
fep_001_0.880.en        1      1899  0.880000   -9969.34   -9756.56    11.26     9.62     0.00  -250.41    16.74   -66.26    35.53   -13.43    -0.15  -170.72   -18.64     0.00
fep_001_0.880.en        2      1899  0.120000  -10144.21  -10240.83   125.60     8.71     0.00  -278.90   241.21  -132.44   260.31    -8.01    -0.10  -138.46   -19.00     0.00
--> Name of file number   8:                                                     
# Energy files from Qdyn, version: 6.0.16 , git id=adc28a635c78993922188615a73366ace3402081                        
fep_002_0.860.en        1      1899  0.860000   -9952.89   -9748.29    12.35     9.61     0.00  -251.65    25.08   -68.44    43.11   -14.71     0.13  -168.50   -18.15     0.00
fep_002_0.860.en        2      1899  0.140000  -10263.30  -10334.29   119.70     5.96     0.00  -277.10   222.42  -120.87   240.89    -9.40     0.16  -146.82   -18.63     0.00
--> Name of file number   9:                                                     
# Energy files from Qdyn, version: 6.0.16 , git id=adc28a635c78993922188615a73366ace3402081                        
fep_003_0.840.en        1      1899  0.840000   -9923.98   -9734.45    12.47     9.52     0.00  -242.08    30.56   -69.67    48.66   -14.27    -0.19  -158.14   -17.91     0.00
fep_003_0.840.en        2      1899  0.160000  -10371.77  -10405.32   109.35    10.54     0.00  -274.79   188.45  -127.54   207.00    -8.48    -0.16  -138.76   -18.38     0.00
--> Name of file number  10:                                                     
# Energy files from Qdyn, version: 6.0.16 , git id=adc28a635c78993922188615a73366ace3402081                        
fep_004_0.820.en        1      1899  0.820000   -9896.18   -9719.17    15.16     9.56     0.00  -239.56    37.84   -71.79    56.90   -14.27    -0.33  -153.51   -18.73     0.00
fep_004_0.820.en        2      1899  0.180000  -10504.98  -10500.45    96.21     5.21     0.00  -272.23   166.27  -121.72   185.76    -8.51    -0.31  -142.00   -19.18     0.00
--> Name of file number  11:                                                     
# Energy files from Qdyn, version: 6.0.16 , git id=adc28a635c78993922188615a73366ace3402081                        
fep_005_0.800.en        1      1899  0.800000   -9863.21   -9699.62    16.82     9.15     0.00  -233.82    44.27   -70.48    63.38   -14.55    -0.83  -148.79   -18.28     0.00
fep_005_0.800.en        2      1899  0.200000  -10623.51  -10581.77    79.63     4.21     0.00  -267.73   142.14  -115.57   161.71    -9.96    -0.81  -142.19   -18.75     0.00
--> Name of file number  12:                                                     
# Energy files from Qdyn, version: 6.0.16 , git id=adc28a635c78993922188615a73366ace3402081                        
fep_006_0.780.en        1      1899  0.780000   -9845.23   -9679.93    18.58     9.77     0.00  -243.68    50.04   -67.74    68.24   -15.05    -0.39  -160.89   -17.82     0.00
fep_006_0.780.en        2      1899  0.220000  -10728.29  -10638.25    64.33     3.41     0.00  -276.30   118.52  -109.57   137.18   -10.53    -0.36  -156.20   -18.29     0.00
--> Name of file number  13:                                                     
# Energy files from Qdyn, version: 6.0.16 , git id=adc28a635c78993922188615a73366ace3402081                        
fep_007_0.760.en        1      1899  0.760000   -9828.72   -9664.26    21.38     9.46     0.00  -250.34    55.05   -68.28    72.25   -13.82    -0.52  -168.24   -16.69     0.00
fep_007_0.760.en        2      1899  0.240000  -10803.65  -10682.70    53.32     3.48     0.00  -277.70    99.95  -107.78   117.63    -9.08    -0.49  -160.85   -17.19     0.00
--> Name of file number  14:                                                     
# Energy files from Qdyn, version: 6.0.16 , git id=adc28a635c78993922188615a73366ace3402081                        
fep_008_0.740.en        1      1899  0.740000   -9814.64   -9649.69    23.09     9.69     0.00  -255.80    58.08   -67.37    74.25   -14.69    -0.47  -173.74   -15.70     0.00
fep_008_0.740.en        2      1899  0.260000  -10868.77  -10712.36    43.70     2.91     0.00  -283.65    80.63  -100.68    97.28   -10.25    -0.46  -172.72   -16.19     0.00
--> Name of file number  15:                                                     
# Energy files from Qdyn, version: 6.0.16 , git id=adc28a635c78993922188615a73366ace3402081                        
fep_009_0.720.en        1      1899  0.720000   -9796.87   -9591.78    23.63     9.49     0.00  -302.65    64.45   -68.71    76.39   -14.54    -0.36  -219.40   -11.59     0.00
fep_009_0.720.en        2      1899  0.280000  -10949.46  -10736.20    35.79     2.99     0.00  -308.64    56.59   -77.79    51.30    -9.70    -0.33  -221.14     5.62     0.00
--> Name of file number  16:                                                     
# Energy files from Qdyn, version: 6.0.16 , git id=adc28a635c78993922188615a73366ace3402081                        
fep_010_0.700.en        1      1899  0.700000   -9779.08   -9577.88    25.66     9.59     0.00  -302.91    66.46   -66.34    79.61   -15.62    -0.39  -220.96   -12.76     0.00
fep_010_0.700.en        2      1899  0.300000  -10983.08  -10753.02    28.00     3.79     0.00  -310.37    48.51   -73.57    43.26   -13.33    -0.36  -223.47     5.61     0.00
--> Name of file number  17:                                                     
# Energy files from Qdyn, version: 6.0.16 , git id=adc28a635c78993922188615a73366ace3402081                        
fep_011_0.680.en        1      1899  0.680000   -9770.35   -9572.85    26.53     9.73     0.00  -300.87    67.11   -68.01    80.33   -14.49    -0.72  -218.38   -12.51     0.00
fep_011_0.680.en        2      1899  0.320000  -11005.76  -10767.06    24.09     3.15     0.00  -308.84    42.90   -69.57    39.36   -10.94    -0.70  -228.32     4.24     0.00
--> Name of file number  18:                                                     
# Energy files from Qdyn, version: 6.0.16 , git id=adc28a635c78993922188615a73366ace3402081                        
fep_012_0.660.en        1      1899  0.660000   -9768.54   -9568.19    28.44    10.03     0.00  -307.00    68.18   -64.59    82.16   -14.43    -0.87  -227.98   -13.11     0.00
fep_012_0.660.en        2      1899  0.340000  -11033.36  -10780.06    20.95     3.21     0.00  -316.19    38.73   -67.20    36.94   -10.35    -0.85  -238.65     2.64     0.00
--> Name of file number  19:                                                     
# Energy files from Qdyn, version: 6.0.16 , git id=adc28a635c78993922188615a73366ace3402081                        
fep_013_0.640.en        1      1899  0.640000   -9762.31   -9566.46    29.42     9.18     0.00  -304.62    70.15   -63.62    83.17   -13.52    -0.88  -227.48   -12.15     0.00
fep_013_0.640.en        2      1899  0.360000  -11044.50  -10791.61    18.73     2.93     0.00  -310.57    36.02   -68.41    35.39    -9.55    -0.86  -232.61     1.50     0.00
--> Name of file number  20:                                                     
# Energy files from Qdyn, version: 6.0.16 , git id=adc28a635c78993922188615a73366ace3402081                        
fep_014_0.620.en        1      1899  0.620000   -9746.13   -9560.26    30.40    10.37     0.00  -300.95    74.31   -62.74    86.63   -14.37    -0.73  -223.84   -11.59     0.00
fep_014_0.620.en        2      1899  0.380000  -11049.74  -10799.53    16.74     3.17     0.00  -304.42    34.30   -64.77    33.24   -10.10    -0.71  -229.55     1.77     0.00
--> Name of file number  21:                                                     
# Energy files from Qdyn, version: 6.0.16 , git id=adc28a635c78993922188615a73366ace3402081                        
fep_015_0.600.en        1      1899  0.600000   -9738.97   -9558.04    31.36     9.92     0.00  -297.65    75.44   -60.04    89.16   -13.24    -0.35  -224.37   -13.36     0.00
fep_015_0.600.en        2      1899  0.400000  -11063.95  -10807.76    15.79     3.17     0.00  -306.58    31.42   -67.48    32.31    -8.47    -0.31  -230.63    -0.57     0.00
--> Name of file number  22:                                                     
# Energy files from Qdyn, version: 6.0.16 , git id=adc28a635c78993922188615a73366ace3402081                        
fep_016_0.580.en        1      1899  0.580000   -9742.72   -9551.62    31.14     9.95     0.00  -310.38    78.19   -57.55    92.35   -16.30     0.27  -236.53   -14.42     0.00
fep_016_0.580.en        2      1899  0.420000  -11089.45  -10815.03    13.94     3.42     0.00  -320.45    28.67   -65.18    30.01   -10.29     0.31  -244.99    -1.65     0.00
--> Name of file number  23:                                                     
# Energy files from Qdyn, version: 6.0.16 , git id=adc28a635c78993922188615a73366ace3402081                        
fep_017_0.560.en        1      1899  0.560000   -9740.15   -9547.97    32.96     9.85     0.00  -314.15    79.15   -57.90    94.38   -14.27    -0.27  -241.99   -14.96     0.00
fep_017_0.560.en        2      1899  0.440000  -11101.31  -10821.97    13.59     3.28     0.00  -323.40    27.18   -69.20    29.94    -9.29    -0.22  -244.92    -2.53     0.00
--> Name of file number  24:                                                     
# Energy files from Qdyn, version: 6.0.16 , git id=adc28a635c78993922188615a73366ace3402081                        
fep_018_0.540.en        1      1899  0.540000   -9725.06   -9546.33    33.99    10.32     0.00  -307.72    84.68   -60.82    98.07   -14.95     0.07  -231.95   -13.46     0.00
fep_018_0.540.en        2      1899  0.460000  -11105.72  -10827.49    13.46     3.93     0.00  -322.90    27.27   -73.99    29.22    -9.41     0.11  -239.49    -2.06     0.00
--> Name of file number  25:                                                     
# Energy files from Qdyn, version: 6.0.16 , git id=adc28a635c78993922188615a73366ace3402081                        
fep_019_0.520.en        1      1899  0.520000   -9723.56   -9535.73    34.00     9.73     0.00  -312.69    81.12   -57.91    97.59   -15.68     0.23  -239.10   -16.70     0.00
fep_019_0.520.en        2      1899  0.480000  -11116.15  -10832.98    12.39     3.47     0.00  -322.42    23.38   -67.22    27.33   -10.48     0.28  -244.71    -4.22     0.00
--> Name of file number  26:                                                     
# Energy files from Qdyn, version: 6.0.16 , git id=adc28a635c78993922188615a73366ace3402081                        
fep_020_0.500.en        1      1899  0.500000   -9725.19   -9535.77    33.97     9.82     0.00  -315.80    82.59   -55.16    99.44   -14.79    -0.00  -245.85   -16.84     0.00
fep_020_0.500.en        2      1899  0.500000  -11129.64  -10837.81    11.10     4.24     0.00  -326.92    19.75   -64.03    25.44    -9.68     0.04  -253.20    -5.73     0.00
--> Name of file number  27:                                                     
# Energy files from Qdyn, version: 6.0.16 , git id=adc28a635c78993922188615a73366ace3402081                        
fep_021_0.480.en        1      1899  0.480000   -9719.15   -9529.56    35.29     9.79     0.00  -319.81    85.14   -54.58   101.77   -14.82     0.17  -250.42   -16.81     0.00
fep_021_0.480.en        2      1899  0.520000  -11131.55  -10841.77    11.62     4.53     0.00  -326.70    20.78   -62.61    25.60    -9.52     0.21  -254.58    -5.04     0.00
--> Name of file number  28:                                                     
# Energy files from Qdyn, version: 6.0.16 , git id=adc28a635c78993922188615a73366ace3402081                        
fep_022_0.460.en        1      1899  0.460000   -9702.82   -9504.83    33.59    11.71     0.00  -329.58    86.30   -56.89   103.21   -16.32     0.33  -256.37   -17.24     0.00
fep_022_0.460.en        2      1899  0.540000  -11141.17  -10845.76     9.60     4.77     0.00  -328.71    18.92   -51.61    23.56   -10.82     0.37  -266.28    -5.02     0.00
--> Name of file number  29:                                                     
# Energy files from Qdyn, version: 6.0.16 , git id=adc28a635c78993922188615a73366ace3402081                        
fep_023_0.440.en        1      1899  0.440000   -9718.06   -9500.67    36.14    10.88     0.00  -349.21    84.80   -56.16   104.80   -15.18     0.06  -277.87   -20.06     0.00
fep_023_0.440.en        2      1899  0.560000  -11161.32  -10849.18    11.04     4.33     0.00  -342.26    14.75   -46.72    22.61    -9.94     0.10  -285.60    -7.96     0.00
--> Name of file number  30:                                                     
# Energy files from Qdyn, version: 6.0.16 , git id=adc28a635c78993922188615a73366ace3402081                        
fep_024_0.420.en        1      1899  0.420000   -9718.29   -9495.68    36.67     9.95     0.00  -355.71    86.48   -56.35   106.07   -15.57     0.31  -283.80   -19.90     0.00
fep_024_0.420.en        2      1899  0.580000  -11167.98  -10853.35     9.37     4.28     0.00  -340.77    12.49   -44.02    21.25   -10.28     0.35  -286.47    -9.11     0.00
--> Name of file number  31:                                                     
# Energy files from Qdyn, version: 6.0.16 , git id=adc28a635c78993922188615a73366ace3402081                        
fep_025_0.400.en        1      1899  0.400000   -9709.50   -9494.96    36.61    11.41     0.00  -351.12    88.56   -55.06   108.93   -15.69     0.30  -280.37   -20.67     0.00
fep_025_0.400.en        2      1899  0.600000  -11172.64  -10856.61     9.78     4.28     0.00  -342.35    12.27   -42.80    21.94   -10.66     0.34  -288.89   -10.02     0.00
--> Name of file number  32:                                                     
# Energy files from Qdyn, version: 6.0.16 , git id=adc28a635c78993922188615a73366ace3402081                        
fep_026_0.380.en        1      1899  0.380000   -9711.27   -9492.43    36.56     9.94     0.00  -356.18    90.84   -55.58   110.46   -15.79     0.44  -284.81   -20.07     0.00
fep_026_0.380.en        2      1899  0.620000  -11185.08  -10859.56     8.47     4.23     0.00  -350.45    12.24   -47.46    21.78   -10.45     0.49  -292.54   -10.03     0.00
--> Name of file number  33:                                                     
# Energy files from Qdyn, version: 6.0.16 , git id=adc28a635c78993922188615a73366ace3402081                        
fep_027_0.360.en        1      1899  0.360000   -9692.64   -9485.63    38.76    12.41     0.00  -350.89    92.72   -56.27   111.72   -15.51     0.24  -279.10   -19.25     0.00
fep_027_0.360.en        2      1899  0.640000  -11176.78  -10861.53     8.15     4.38     0.00  -338.75    10.97   -44.64    19.86   -10.26     0.29  -283.86    -9.18     0.00
--> Name of file number  34:                                                     
# Energy files from Qdyn, version: 6.0.16 , git id=adc28a635c78993922188615a73366ace3402081                        
fep_028_0.340.en        1      1899  0.340000   -9685.90   -9479.50    39.86    15.44     0.00  -355.85    94.15   -56.01   112.98   -15.74     0.58  -284.10   -19.41     0.00
fep_028_0.340.en        2      1899  0.660000  -11186.00  -10863.40     8.54     4.83     0.00  -345.06     9.09   -39.16    18.07   -10.60     0.62  -295.30    -9.60     0.00
--> Name of file number  35:                                                     
# Energy files from Qdyn, version: 6.0.16 , git id=adc28a635c78993922188615a73366ace3402081                        
fep_029_0.320.en        1      1899  0.320000   -9680.65   -9477.70    38.67    15.15     0.00  -353.30    96.53   -58.09   113.72   -15.93     0.46  -279.28   -17.66     0.00
fep_029_0.320.en        2      1899  0.680000  -11191.20  -10865.52     6.95     4.57     0.00  -347.67    10.46   -43.34    17.71   -10.54     0.50  -293.79    -7.75     0.00
--> Name of file number  36:                                                     
# Energy files from Qdyn, version: 6.0.16 , git id=adc28a635c78993922188615a73366ace3402081                        
fep_030_0.300.en        1      1899  0.300000   -9670.15   -9472.90    39.84    14.67     0.00  -348.54    96.78   -58.84   115.18   -15.83     0.42  -273.87   -18.82     0.00
fep_030_0.300.en        2      1899  0.700000  -11189.03  -10867.72     7.89     4.19     0.00  -341.45     8.06   -44.77    16.80   -10.40     0.47  -286.28    -9.20     0.00
--> Name of file number  37:                                                     
# Energy files from Qdyn, version: 6.0.16 , git id=adc28a635c78993922188615a73366ace3402081                        
fep_031_0.280.en        1      1899  0.280000   -9669.22   -9473.29    39.82    15.55     0.00  -349.98    98.67   -59.71   116.30   -14.21     0.29  -276.06   -17.92     0.00
fep_031_0.280.en        2      1899  0.720000  -11192.30  -10869.25     7.94     3.91     0.00  -344.20     9.30   -44.54    17.15    -9.27     0.34  -290.39    -8.19     0.00
--> Name of file number  38:                                                     
# Energy files from Qdyn, version: 6.0.16 , git id=adc28a635c78993922188615a73366ace3402081                        
fep_032_0.260.en        1      1899  0.260000   -9670.78   -9467.42    40.00    12.07     0.00  -353.76    98.33   -65.69   117.89   -15.16     0.42  -272.90   -19.98     0.00
fep_032_0.260.en        2      1899  0.740000  -11202.40  -10870.88     7.21     2.78     0.00  -346.54     5.02   -45.79    15.89    -9.82     0.46  -290.93   -11.34     0.00
--> Name of file number  39:                                                     
# Energy files from Qdyn, version: 6.0.16 , git id=adc28a635c78993922188615a73366ace3402081                        
fep_033_0.240.en        1      1899  0.240000   -9650.02   -9464.30    40.72    10.95     0.00  -336.54    99.15   -65.98   120.14   -14.82     0.58  -255.74   -21.57     0.00
fep_033_0.240.en        2      1899  0.760000  -11190.56  -10872.41     7.72     3.18     0.00  -332.79     3.74   -47.26    16.07    -9.86     0.62  -275.68   -12.96     0.00
--> Name of file number  40:                                                     
# Energy files from Qdyn, version: 6.0.16 , git id=adc28a635c78993922188615a73366ace3402081                        
fep_034_0.220.en        1      1899  0.220000   -9658.11   -9459.47    40.99    13.92     0.00  -354.93   101.39   -63.89   120.37   -15.07     0.70  -275.97   -19.68     0.00
fep_034_0.220.en        2      1899  0.780000  -11202.17  -10873.20     8.82     3.05     0.00  -344.91     4.08   -45.34    15.48   -10.23     0.74  -289.35   -12.14     0.00
--> Name of file number  41:                                                     
# Energy files from Qdyn, version: 6.0.16 , git id=adc28a635c78993922188615a73366ace3402081                        
fep_035_0.200.en        1      1899  0.200000   -9656.00   -9455.20    41.64     9.23     0.00  -355.61   103.94   -65.57   121.64   -14.17     0.53  -275.87   -18.23     0.00
fep_035_0.200.en        2      1899  0.800000  -11212.70  -10873.93     7.42     3.29     0.00  -354.67     5.19   -43.06    14.33    -9.77     0.57  -301.84    -9.71     0.00
--> Name of file number  42:                                                     
# Energy files from Qdyn, version: 6.0.16 , git id=adc28a635c78993922188615a73366ace3402081                        
fep_036_0.180.en        1      1899  0.180000   -9641.46   -9451.35    42.44     8.70     0.00  -345.03   103.78   -64.56   122.15   -14.96    -0.02  -265.51   -18.35     0.00
fep_036_0.180.en        2      1899  0.820000  -11206.63  -10874.89     5.86     3.23     0.00  -344.47     3.64   -43.05    14.02    -9.94     0.03  -291.47   -10.40     0.00
--> Name of file number  43:                                                     
# Energy files from Qdyn, version: 6.0.16 , git id=adc28a635c78993922188615a73366ace3402081                        
fep_037_0.160.en        1      1899  0.160000   -9640.76   -9444.43    43.25     8.21     0.00  -356.97   109.19   -65.96   125.45   -15.46     0.61  -275.56   -16.87     0.00
fep_037_0.160.en        2      1899  0.840000  -11217.13  -10875.47     6.68     2.58     0.00  -356.43     5.51   -42.07    13.98   -10.39     0.66  -303.97    -9.13     0.00
--> Name of file number  44:                                                     
# Energy files from Qdyn, version: 6.0.16 , git id=adc28a635c78993922188615a73366ace3402081                        
fep_038_0.140.en        1      1899  0.140000   -9637.38   -9442.06    46.36     8.81     0.00  -356.76   106.26   -65.72   124.21   -14.96     0.49  -276.07   -18.43     0.00
fep_038_0.140.en        2      1899  0.860000  -11217.10  -10875.90     6.81     2.90     0.00  -353.27     2.35   -42.00    12.72   -10.07     0.53  -301.20   -10.91     0.00
--> Name of file number  45:                                                     
# Energy files from Qdyn, version: 6.0.16 , git id=adc28a635c78993922188615a73366ace3402081                        
fep_039_0.120.en        1      1899  0.120000   -9626.72   -9437.17    48.37     9.47     0.00  -357.03   109.65   -66.61   127.13   -15.03     0.39  -275.39   -17.87     0.00
fep_039_0.120.en        2      1899  0.880000  -11222.88  -10877.21     6.50     3.23     0.00  -356.94     1.54   -40.92    12.39    -9.90     0.44  -306.13   -11.29     0.00
--> Name of file number  46:                                                     
# Energy files from Qdyn, version: 6.0.16 , git id=adc28a635c78993922188615a73366ace3402081                        
fep_040_0.100.en        1      1899  0.100000   -9599.97   -9433.76    46.51    10.22     0.00  -332.26   109.31   -67.52   128.86   -15.15     0.36  -249.59   -19.91     0.00
fep_040_0.100.en        2      1899  0.900000  -11200.73  -10877.34     6.28     2.68     0.00  -331.35    -1.00   -44.02    11.82    -9.99     0.40  -277.33   -13.22     0.00
--> Name of file number  47:                                                     
# Energy files from Qdyn, version: 6.0.16 , git id=adc28a635c78993922188615a73366ace3402081                        
fep_041_0.080.en        1      1899  0.080000   -9602.91   -9429.54    46.17     9.50     0.00  -340.71   111.67   -65.14   129.57   -14.81     0.05  -260.76   -17.95     0.00
fep_041_0.080.en        2      1899  0.920000  -11208.72  -10876.74     6.52     2.68     0.00  -341.91     0.74   -41.94    11.66    -9.94     0.09  -290.04   -11.01     0.00
--> Name of file number  48:                                                     
# Energy files from Qdyn, version: 6.0.16 , git id=adc28a635c78993922188615a73366ace3402081                        
fep_042_0.060.en        1      1899  0.060000   -9599.50   -9423.91    49.01    11.90     0.00  -348.60   112.10   -65.11   129.85   -15.05     0.07  -268.43   -17.82     0.00
fep_042_0.060.en        2      1899  0.940000  -11214.90  -10877.64     6.95     2.53     0.00  -346.66    -0.08   -39.41    10.60   -10.02     0.11  -297.24   -10.79     0.00
--> Name of file number  49:                                                     
# Energy files from Qdyn, version: 6.0.16 , git id=adc28a635c78993922188615a73366ace3402081                        
fep_043_0.040.en        1      1899  0.040000   -9577.90   -9407.31    55.20    11.83     0.00  -350.15   112.53   -69.04   130.27   -15.58     0.18  -265.53   -17.91     0.00
fep_043_0.040.en        2      1899  0.960000  -11212.70  -10877.65     6.73     2.64     0.00  -341.80    -2.63   -39.29     8.80   -10.24     0.22  -292.27   -11.65     0.00
--> Name of file number  50:                                                     
# Energy files from Qdyn, version: 6.0.16 , git id=adc28a635c78993922188615a73366ace3402081                        
fep_044_0.020.en        1      1899  0.020000   -9528.68   -9393.98    82.37    14.38     0.00  -350.30   118.85   -75.33   135.38   -15.81     0.33  -259.16   -16.86     0.00
fep_044_0.020.en        2      1899  0.980000  -11211.63  -10878.17     8.21     2.81     0.00  -344.32    -0.16   -42.70    10.57   -10.28     0.38  -291.34   -11.11     0.00
--> Name of file number  51:                                                     
# Energy files from Qdyn, version: 6.0.16 , git id=adc28a635c78993922188615a73366ace3402081                        
fep_045_0.000.en        1      1899  0.000000   -9511.58   -9384.85    89.87    18.84     0.00  -358.73   123.29   -72.74   136.49   -14.66    -0.16  -271.33   -13.04     0.00
fep_045_0.000.en        2      1899  1.000000  -11220.11  -10878.74     7.41     2.86     0.00  -353.19     1.55   -31.97     7.97    -9.30    -0.12  -311.93    -6.31     0.00


# Part 1: Free energy perturbation summary:

# Calculation for full system
# lambda(1)      dGf sum(dGf)      dGr sum(dGr)     <dG>
   1.000000     0.000     0.000    -2.419  1657.880     0.000
   0.980000     2.380     2.380    -0.083  1660.299     2.400
   0.960000    -1.200     1.180     4.522  1660.382     1.841
   0.940000    -4.341    -3.161     5.920  1655.860    -2.590
   0.920000    -6.729    -9.890    10.197  1649.940    -8.915
   0.900000    -9.762   -19.652    12.678  1639.743   -18.895
   0.880000   -12.207   -31.859    14.989  1627.065   -31.337
   0.860000   -15.271   -47.130    18.045  1612.076   -46.467
   0.840000   -17.782   -64.912    21.548  1594.031   -64.380
   0.820000   -20.485   -85.397    24.164  1572.483   -85.397
   0.800000   -24.211  -109.608    26.887  1548.319  -109.584
   0.780000   -26.893  -136.501    28.967  1521.432  -136.474
   0.760000   -29.186  -165.687    30.685  1492.465  -165.551
   0.740000   -30.509  -196.196    32.836  1461.780  -196.148
   0.720000   -32.087  -228.283    34.057  1428.945  -228.609
   0.700000   -33.979  -262.262    34.668  1394.888  -262.627
   0.680000   -34.903  -297.165    35.155  1360.220  -297.413
   0.660000   -35.556  -332.722    35.657  1325.065  -332.768
   0.640000   -36.248  -368.969    36.084  1289.408  -368.721
   0.620000   -36.449  -405.418    36.564  1253.324  -404.987
   0.600000   -36.865  -442.283    37.057  1216.760  -441.701
   0.580000   -37.250  -479.533    37.363  1179.703  -478.855
   0.560000   -37.630  -517.163    37.803  1142.339  -516.352
   0.540000   -37.897  -555.060    38.019  1104.536  -554.202
   0.520000   -38.241  -593.300    38.297  1066.518  -592.331
   0.500000   -38.496  -631.796    38.481  1028.220  -630.728
   0.480000   -38.696  -670.492    39.016   989.739  -669.317
   0.460000   -38.828  -709.321    39.122   950.723  -708.239
   0.440000   -39.340  -748.661    39.277   911.601  -747.470
   0.420000   -39.430  -788.091    39.552   872.324  -786.824
   0.400000   -39.533  -827.624    39.782   832.771  -826.366
   0.380000   -39.796  -867.420    39.979   792.989  -866.155
   0.360000   -39.991  -907.411    40.305   753.010  -906.140
   0.340000   -40.203  -947.615    40.536   712.706  -946.394
   0.320000   -40.522  -988.137    40.694   672.170  -986.924
   0.300000   -40.709 -1028.846    40.783   631.475 -1027.625
   0.280000   -40.879 -1069.725    40.953   590.692 -1068.456
   0.260000   -40.960 -1110.685    41.147   549.739 -1109.413
   0.240000   -41.136 -1151.821    41.202   508.592 -1150.555
   0.220000   -41.294 -1193.115    41.432   467.389 -1191.802
   0.200000   -41.380 -1234.494    41.616   425.957 -1233.208
   0.180000   -41.658 -1276.152    41.828   384.342 -1274.845
   0.160000   -41.811 -1317.963    41.891   342.514 -1316.665
   0.140000   -42.051 -1360.014    42.227   300.623 -1358.636
   0.120000   -42.115 -1402.130    42.306   258.396 -1400.807
   0.100000   -42.439 -1444.569    42.387   216.090 -1443.180
   0.080000   -42.540 -1487.109    42.588   173.703 -1485.643
   0.060000   -42.664 -1529.773    42.949   131.115 -1528.269
   0.040000   -42.854 -1572.627    43.770    88.166 -1571.170
   0.020000   -43.262 -1615.889    44.396    44.396 -1614.686
   0.000000   -44.368 -1660.257     0.000     0.000 -1659.068

# Min energy-gap is:   -523.04
# Max energy-gap is:   2299.79



# Part 2: Reaction free energy summary:
# Lambda(1)  bin Energy gap      dGa     dGb     dGg    # pts    c1**2    c2**2
   1.000000    4    -424.24       0.00     412.52      -2.11     41     0.995     0.005
   1.000000    5    -396.01       0.00     384.08      -2.27     64     0.994     0.006
   1.000000    6    -367.78       0.00     355.68      -2.44     91     0.993     0.007
   1.000000    7    -339.55       0.00     327.98      -2.63    122     0.992     0.008
   1.000000    8    -311.32       0.00     299.52      -2.88    131     0.991     0.009
   1.000000    9    -283.10       0.00     271.23      -3.16    175     0.989     0.011
   1.000000   10    -254.87       0.00     242.99      -3.51    177     0.987     0.013
   1.000000   11    -226.64       0.00     214.58      -3.92    198     0.983     0.017
   1.000000   12    -198.41       0.00     186.66      -4.48    206     0.978     0.022
   1.000000   13    -170.18       0.00     158.58      -5.19    197     0.971     0.029
   1.000000   14    -141.95       0.00     129.92      -6.19    151     0.960     0.040
   1.000000   15    -113.73       0.00     101.68      -7.63    152     0.942     0.058
   1.000000   16     -85.50       0.00      73.37     -10.00     97     0.908     0.092
   1.000000   17     -57.27       0.00      45.26     -13.69     46     0.852     0.148
   0.980000   12    -198.41      -1.55     184.81      -6.02     30     0.978     0.022
   0.980000   13    -170.18      -0.95     157.60      -6.18     68     0.970     0.030
   0.980000   14    -141.95      -0.45     130.01      -6.57    114     0.960     0.040
   0.980000   15    -113.73       0.10     102.29      -7.42    150     0.942     0.058
   0.980000   16     -85.50       0.67      74.62      -9.09    170     0.908     0.092
   0.980000   17     -57.27       1.22      47.13     -12.58    177     0.844     0.156
   0.980000   18     -29.04       1.81      19.59     -19.58    239     0.711     0.289
   0.980000   19      -0.81       2.36      -8.35     -32.73    222     0.507     0.493
   0.980000   20      27.42       2.92     -36.05     -51.92    258     0.297     0.703
   0.980000   21      55.64       3.50     -63.89     -75.08    195     0.162     0.838
   0.980000   22      83.87       4.06     -91.54    -100.04    141     0.094     0.906
   0.980000   23     112.10       4.55    -118.55    -125.35     75     0.063     0.937
   0.980000   24     140.33       5.12    -145.42    -151.09     33     0.042     0.958
   0.960000   17     -57.27      -0.52      45.76     -14.14     21     0.841     0.159
   0.960000   18     -29.04       0.72      18.07     -20.92     47     0.694     0.306
   0.960000   19      -0.81       1.78      -8.62     -32.98     71     0.494     0.506
   0.960000   20      27.42       2.90     -35.55     -51.51    112     0.288     0.712
   0.960000   21      55.64       4.01     -62.78     -74.00    196     0.161     0.839
   0.960000   22      83.87       5.14     -90.13     -98.62    229     0.094     0.906
   0.960000   23     112.10       6.26    -117.09    -123.90    286     0.059     0.941
   0.960000   24     140.33       7.35    -144.00    -149.64    267     0.041     0.959
   0.960000   25     168.56       8.46    -171.29    -176.11    251     0.029     0.971
   0.960000   26     196.79       9.57    -197.99    -202.20    177     0.022     0.978
   0.960000   27     225.01      10.74    -224.88    -228.60    116     0.017     0.983
   0.960000   28     253.24      11.80    -252.32    -255.65     64     0.014     0.986
   0.960000   29     281.47      13.01    -279.69    -282.71     24     0.011     0.989
   0.940000   25     168.56       7.39    -172.13    -176.95     49     0.029     0.971
   0.940000   26     196.79       9.08    -198.92    -203.12    121     0.022     0.978
   0.940000   27     225.01      10.75    -225.15    -228.86    254     0.017     0.983
   0.940000   28     253.24      12.41    -251.55    -254.89    315     0.013     0.987
   0.940000   29     281.47      14.09    -278.29    -281.31    323     0.011     0.989
   0.940000   30     309.70      15.77    -304.81    -307.57    356     0.009     0.991
   0.940000   31     337.93      17.46    -331.35    -333.89    227     0.008     0.992
   0.940000   32     366.16      19.12    -357.68    -360.03    144     0.007     0.993
   0.940000   33     394.38      20.76    -383.69    -385.89     58     0.006     0.994
   0.940000   34     422.61      22.47    -410.17    -412.23     20     0.005     0.995
   0.920000   28     253.24      11.19    -252.29    -255.63     30     0.013     0.987
   0.920000   29     281.47      13.42    -278.91    -281.93     46     0.011     0.989
   0.920000   30     309.70      15.61    -304.81    -307.57     89     0.009     0.991
   0.920000   31     337.93      17.89    -330.60    -333.14    153     0.008     0.992
   0.920000   32     366.16      20.06    -356.88    -359.24    218     0.007     0.993
   0.920000   33     394.38      22.32    -382.40    -384.60    285     0.006     0.994
   0.920000   34     422.61      24.63    -408.78    -410.84    291     0.005     0.995
   0.920000   35     450.84      26.77    -433.98    -435.91    291     0.004     0.996
   0.920000   36     479.07      28.96    -460.14    -461.96    236     0.004     0.996
   0.920000   37     507.30      31.29    -486.37    -488.09    126     0.003     0.997
   0.920000   38     535.53      33.58    -512.63    -514.27     56     0.003     0.997
   0.920000   39     563.75      35.62    -536.26    -537.82     39     0.003     0.997
   0.900000   35     450.84      25.85    -435.14    -437.07     52     0.004     0.996
   0.900000   36     479.07      28.63    -460.83    -462.65    144     0.004     0.996
   0.900000   37     507.30      31.45    -485.97    -487.69    254     0.003     0.997
   0.900000   38     535.53      34.21    -511.43    -513.07    309     0.003     0.997
   0.900000   39     563.75      37.09    -536.81    -538.37    351     0.003     0.997
   0.900000   40     591.98      39.72    -562.02    -563.50    374     0.003     0.997
   0.900000   41     620.21      42.52    -587.28    -588.70    219     0.002     0.998
   0.900000   42     648.44      45.35    -612.74    -614.09    121     0.002     0.998
   0.900000   43     676.67      48.07    -636.67    -637.98     36     0.002     0.998
   0.880000   39     563.75      35.71    -537.64    -539.20     44     0.003     0.997
   0.880000   40     591.98      39.23    -562.91    -564.39     85     0.003     0.997
   0.880000   41     620.21      42.59    -587.71    -589.13    175     0.002     0.998
   0.880000   42     648.44      45.95    -612.41    -613.77    264     0.002     0.998
   0.880000   43     676.67      49.18    -637.09    -638.39    346     0.002     0.998
   0.880000   44     704.89      52.54    -661.63    -662.88    324     0.002     0.998
   0.880000   45     733.12      55.97    -686.75    -687.95    253     0.002     0.998
   0.880000   46     761.35      59.36    -711.57    -712.73    174     0.002     0.998
   0.880000   47     789.58      62.68    -736.18    -737.30    114     0.001     0.999
   0.880000   48     817.81      65.95    -761.24    -762.32     69     0.001     0.999
   0.880000   49     846.04      69.32    -784.00    -785.05     25     0.001     0.999
   0.860000   43     676.67      47.59    -637.40    -638.71     21     0.002     0.998
   0.860000   44     704.89      51.67    -661.52    -662.77     26     0.002     0.998
   0.860000   45     733.12      55.47    -687.50    -688.71     85     0.002     0.998
   0.860000   46     761.35      59.35    -711.03    -712.19    201     0.002     0.998
   0.860000   47     789.58      63.27    -735.51    -736.63    302     0.001     0.999
   0.860000   48     817.81      67.15    -759.67    -760.75    330     0.001     0.999
   0.860000   49     846.04      71.12    -783.99    -785.03    305     0.001     0.999
   0.860000   50     874.26      75.16    -807.91    -808.93    275     0.001     0.999
   0.860000   51     902.49      78.91    -832.57    -833.55    190     0.001     0.999
   0.860000   52     930.72      82.82    -856.02    -856.97    105     0.001     0.999
   0.860000   53     958.95      86.78    -880.02    -880.95     32     0.001     0.999
   0.840000   48     817.81      65.54    -760.59    -761.67     32     0.001     0.999
   0.840000   49     846.04      69.98    -783.91    -784.96     68     0.001     0.999
   0.840000   50     874.26      74.61    -808.46    -809.47    110     0.001     0.999
   0.840000   51     902.49      79.02    -832.25    -833.23    212     0.001     0.999
   0.840000   52     930.72      83.61    -855.99    -856.94    259     0.001     0.999
   0.840000   53     958.95      88.01    -879.68    -880.61    290     0.001     0.999
   0.840000   54     987.18      92.42    -902.71    -903.61    293     0.001     0.999
   0.840000   55    1015.41      97.07    -926.92    -927.80    276     0.001     0.999
   0.840000   56    1043.63     101.62    -950.31    -951.16    204     0.001     0.999
   0.840000   57    1071.86     105.92    -972.74    -973.57    104     0.001     0.999
   0.840000   58    1100.09     110.09    -997.53    -998.34     37     0.001     0.999
   0.820000   55    1015.41      96.47    -927.82    -928.70     81     0.001     0.999
   0.820000   56    1043.63     101.37    -950.41    -951.26    154     0.001     0.999
   0.820000   57    1071.86     106.37    -973.78    -974.61    234     0.001     0.999
   0.820000   58    1100.09     111.32    -996.99    -997.80    304     0.001     0.999
   0.820000   59    1128.32     116.40   -1020.00   -1020.79    332     0.001     0.999
   0.820000   60    1156.55     121.29   -1042.98   -1043.75    322     0.001     0.999
   0.820000   61    1184.78     126.40   -1065.75   -1066.50    196     0.001     0.999
   0.820000   62    1213.00     131.47   -1089.31   -1090.04    140     0.001     0.999
   0.820000   63    1241.23     136.62   -1112.32   -1113.03     55     0.001     0.999
   0.820000   64    1269.46     141.62   -1135.43   -1136.13     36     0.001     0.999
   0.820000   65    1297.69     146.71   -1157.01   -1157.69     21     0.001     0.999
   0.800000   61    1184.78     126.37   -1066.59   -1067.34     92     0.001     0.999
   0.800000   62    1213.00     131.70   -1089.31   -1090.04    180     0.001     0.999
   0.800000   63    1241.23     137.19   -1111.78   -1112.50    291     0.001     0.999
   0.800000   64    1269.46     142.80   -1134.10   -1134.80    385     0.001     0.999
   0.800000   65    1297.69     148.50   -1156.91   -1157.60    329     0.001     0.999
   0.800000   66    1325.92     154.01   -1179.37   -1180.04    270     0.001     0.999
   0.800000   67    1354.15     159.76   -1201.62   -1202.28    197     0.000     1.000
   0.800000   68    1382.37     165.18   -1224.77   -1225.42     76     0.000     1.000
   0.800000   69    1410.60     171.05   -1242.49   -1243.12     21     0.000     1.000
   0.780000   64    1269.46     141.44   -1135.38   -1136.08     46     0.001     0.999
   0.780000   65    1297.69     147.66   -1157.45   -1158.14     95     0.001     0.999
   0.780000   66    1325.92     153.54   -1179.74   -1180.41    180     0.001     0.999
   0.780000   67    1354.15     159.76   -1201.24   -1201.90    219     0.000     1.000
   0.780000   68    1382.37     165.95   -1223.74   -1224.39    277     0.000     1.000
   0.780000   69    1410.60     172.15   -1245.74   -1246.38    316     0.000     1.000
   0.780000   70    1438.83     178.17   -1267.62   -1268.24    326     0.000     1.000
   0.780000   71    1467.06     184.42   -1289.48   -1290.09    237     0.000     1.000
   0.780000   72    1495.29     190.80   -1311.44   -1312.04    127     0.000     1.000
   0.780000   73    1523.52     196.63   -1333.35   -1333.94     43     0.000     1.000
   0.760000   68    1382.37     164.29   -1224.99   -1225.63     38     0.000     1.000
   0.760000   69    1410.60     171.51   -1246.45   -1247.08     81     0.000     1.000
   0.760000   70    1438.83     178.00   -1267.92   -1268.54    188     0.000     1.000
   0.760000   71    1467.06     184.81   -1289.17   -1289.78    330     0.000     1.000
   0.760000   72    1495.29     191.36   -1310.55   -1311.15    493     0.000     1.000
   0.760000   73    1523.52     198.08   -1332.11   -1332.70    396     0.000     1.000
   0.760000   74    1551.74     204.88   -1353.56   -1354.13    249     0.000     1.000
   0.760000   75    1579.97     211.29   -1373.71   -1374.27     98     0.000     1.000
   0.740000   71    1467.06     183.27   -1290.29   -1290.90     47     0.000     1.000
   0.740000   72    1495.29     190.89   -1311.23   -1311.83    104     0.000     1.000
   0.740000   73    1523.52     197.92   -1331.75   -1332.34    202     0.000     1.000
   0.740000   74    1551.74     205.25   -1352.93   -1353.50    391     0.000     1.000
   0.740000   75    1579.97     212.44   -1373.63   -1374.20    492     0.000     1.000
   0.740000   76    1608.20     219.77   -1394.25   -1394.80    353     0.000     1.000
   0.740000   77    1636.43     227.08   -1415.38   -1415.93    210     0.000     1.000
   0.740000   78    1664.66     234.16   -1434.87   -1435.40     81     0.000     1.000
   0.720000   75    1579.97     211.39   -1374.41   -1374.97     52     0.000     1.000
   0.720000   76    1608.20     219.65   -1394.72   -1395.27    169     0.000     1.000
   0.720000   77    1636.43     227.54   -1414.96   -1415.50    350     0.000     1.000
   0.720000   78    1664.66     235.12   -1435.34   -1435.88    430     0.000     1.000
   0.720000   79    1692.89     242.98   -1455.51   -1456.03    470     0.000     1.000
   0.720000   80    1721.11     250.83   -1475.47   -1475.98    298     0.000     1.000
   0.720000   81    1749.34     258.59   -1495.44   -1495.95    109     0.000     1.000
   0.700000   77    1636.43     226.93   -1416.06   -1416.61     37     0.000     1.000
   0.700000   78    1664.66     234.68   -1436.16   -1436.69    172     0.000     1.000
   0.700000   79    1692.89     242.68   -1455.50   -1456.03    425     0.000     1.000
   0.700000   80    1721.11     251.20   -1475.34   -1475.86    502     0.000     1.000
   0.700000   81    1749.34     259.61   -1494.91   -1495.42    476     0.000     1.000
   0.700000   82    1777.57     267.62   -1514.25   -1514.75    241     0.000     1.000
   0.700000   83    1805.80     276.04   -1533.99   -1534.49     46     0.000     1.000
   0.680000   78    1664.66     233.19   -1437.27   -1437.80     32     0.000     1.000
   0.680000   79    1692.89     241.78   -1456.35   -1456.88    157     0.000     1.000
   0.680000   80    1721.11     250.67   -1475.52   -1476.04    382     0.000     1.000
   0.680000   81    1749.34     259.50   -1494.34   -1494.85    504     0.000     1.000
   0.680000   82    1777.57     268.37   -1513.72   -1514.23    484     0.000     1.000
   0.680000   83    1805.80     277.32   -1532.76   -1533.26    265     0.000     1.000
   0.680000   84    1834.03     286.21   -1551.75   -1552.23     71     0.000     1.000
   0.660000   79    1692.89     240.96   -1457.59   -1458.12     38     0.000     1.000
   0.660000   80    1721.11     249.51   -1476.26   -1476.78    196     0.000     1.000
   0.660000   81    1749.34     258.98   -1494.49   -1495.00    367     0.000     1.000
   0.660000   82    1777.57     268.50   -1513.35   -1513.85    444     0.000     1.000
   0.660000   83    1805.80     278.02   -1531.80   -1532.30    423     0.000     1.000
   0.660000   84    1834.03     287.54   -1550.43   -1550.92    305     0.000     1.000
   0.660000   85    1862.26     296.89   -1568.47   -1568.95    108     0.000     1.000
   0.640000   80    1721.11     250.36   -1478.00   -1478.52     29     0.000     1.000
   0.640000   81    1749.34     258.17   -1495.63   -1496.14    271     0.000     1.000
   0.640000   82    1777.57     267.89   -1513.30   -1513.80    481     0.000     1.000
   0.640000   83    1805.80     277.96   -1531.44   -1531.94    443     0.000     1.000
   0.640000   84    1834.03     288.15   -1549.35   -1549.83    456     0.000     1.000
   0.640000   85    1862.26     297.85   -1566.30   -1566.78    208     0.000     1.000
   0.620000   81    1749.34     256.62   -1496.83   -1497.34     66     0.000     1.000
   0.620000   82    1777.57     267.22   -1513.95   -1514.45    301     0.000     1.000
   0.620000   83    1805.80     277.60   -1531.39   -1531.89    511     0.000     1.000
   0.620000   84    1834.03     288.33   -1548.93   -1549.42    476     0.000     1.000
   0.620000   85    1862.26     298.90   -1566.11   -1566.59    406     0.000     1.000
   0.620000   86    1890.48     309.24   -1583.25   -1583.72    128     0.000     1.000
   0.600000   82    1777.57     266.40   -1515.23   -1515.73     86     0.000     1.000
   0.600000   83    1805.80     277.00   -1531.75   -1532.25    388     0.000     1.000
   0.600000   84    1834.03     288.03   -1548.70   -1549.19    520     0.000     1.000
   0.600000   85    1862.26     299.23   -1565.52   -1566.00    526     0.000     1.000
   0.600000   86    1890.48     310.43   -1582.15   -1582.62    329     0.000     1.000
   0.600000   87    1918.71     321.27   -1594.94   -1595.41     48     0.000     1.000
   0.580000   83    1805.80     277.06   -1533.21   -1533.70    105     0.000     1.000
   0.580000   84    1834.03     287.43   -1548.89   -1549.38    445     0.000     1.000
   0.580000   85    1862.26     299.18   -1565.16   -1565.64    580     0.000     1.000
   0.580000   86    1890.48     310.94   -1581.25   -1581.72    540     0.000     1.000
   0.580000   87    1918.71     322.46   -1596.78   -1597.25    220     0.000     1.000
   0.560000   84    1834.03     286.90   -1549.80   -1550.28    238     0.000     1.000
   0.560000   85    1862.26     298.84   -1565.26   -1565.74    562     0.000     1.000
   0.560000   86    1890.48     311.06   -1580.89   -1581.36    636     0.000     1.000
   0.560000   87    1918.71     323.35   -1596.20   -1596.66    385     0.000     1.000
   0.560000   88    1946.94     335.21   -1610.67   -1611.13     60     0.000     1.000
   0.540000   84    1834.03     287.89   -1550.65   -1551.14     25     0.000     1.000
   0.540000   85    1862.26     298.36   -1565.87   -1566.35    331     0.000     1.000
   0.540000   86    1890.48     310.88   -1580.94   -1581.41    683     0.000     1.000
   0.540000   87    1918.71     323.66   -1595.82   -1596.28    627     0.000     1.000
   0.540000   88    1946.94     336.33   -1610.55   -1611.01    224     0.000     1.000
   0.520000   85    1862.26     297.08   -1566.73   -1567.21    172     0.000     1.000
   0.520000   86    1890.48     310.31   -1580.91   -1581.39    533     0.000     1.000
   0.520000   87    1918.71     323.70   -1595.44   -1595.91    701     0.000     1.000
   0.520000   88    1946.94     337.09   -1609.84   -1610.30    433     0.000     1.000
   0.520000   89    1975.17     350.28   -1623.13   -1623.58     51     0.000     1.000
   0.500000   85    1862.26     296.25   -1567.89   -1568.37     42     0.000     1.000
   0.500000   86    1890.48     309.92   -1581.41   -1581.89    355     0.000     1.000
   0.500000   87    1918.71     323.49   -1595.27   -1595.73    763     0.000     1.000
   0.500000   88    1946.94     337.39   -1609.26   -1609.72    597     0.000     1.000
   0.500000   89    1975.17     351.04   -1622.43   -1622.88    140     0.000     1.000
   0.480000   86    1890.48     308.90   -1582.17   -1582.64    212     0.000     1.000
   0.480000   87    1918.71     323.46   -1595.25   -1595.71    720     0.000     1.000
   0.480000   88    1946.94     337.66   -1608.64   -1609.10    748     0.000     1.000
   0.480000   89    1975.17     351.93   -1620.93   -1621.39    205     0.000     1.000
   0.460000   87    1918.71     323.23   -1595.86   -1596.33    218     0.000     1.000
   0.460000   88    1946.94     337.51   -1608.72   -1609.18    794     0.000     1.000
   0.460000   89    1975.17     352.53   -1621.00   -1621.46    724     0.000     1.000
   0.460000   90    2003.40     367.53   -1633.71   -1634.16    145     0.000     1.000
   0.440000   87    1918.71     321.66   -1596.65   -1597.12    146     0.000     1.000
   0.440000   88    1946.94     337.16   -1608.68   -1609.14    712     0.000     1.000
   0.440000   89    1975.17     352.53   -1620.76   -1621.21    822     0.000     1.000
   0.440000   90    2003.40     368.26   -1632.39   -1632.83    211     0.000     1.000
   0.420000   87    1918.71     322.97   -1597.45   -1597.91     49     0.000     1.000
   0.420000   88    1946.94     336.99   -1609.00   -1609.46    585     0.000     1.000
   0.420000   89    1975.17     352.59   -1620.42   -1620.87    943     0.000     1.000
   0.420000   90    2003.40     368.53   -1631.56   -1632.00    309     0.000     1.000
   0.400000   88    1946.94     337.49   -1609.54   -1610.00    244     0.000     1.000
   0.400000   89    1975.17     352.48   -1620.28   -1620.73    916     0.000     1.000
   0.400000   90    2003.40     368.86   -1631.12   -1631.57    665     0.000     1.000
   0.400000   91    2031.63     385.56   -1640.88   -1641.32     72     0.000     1.000
   0.380000   88    1946.94     341.32   -1610.48   -1610.93     58     0.000     1.000
   0.380000   89    1975.17     352.68   -1620.60   -1621.05    692     0.000     1.000
   0.380000   90    2003.40     369.13   -1630.92   -1631.37    959     0.000     1.000
   0.380000   91    2031.63     385.97   -1639.70   -1640.14    187     0.000     1.000
   0.360000   89    1975.17     352.08   -1621.03   -1621.49    362     0.000     1.000
   0.360000   90    2003.40     369.03   -1630.67   -1631.11   1050     0.000     1.000
   0.360000   91    2031.63     386.64   -1640.16   -1640.60    455     0.000     1.000
   0.340000   89    1975.17     355.55   -1621.85   -1622.31     87     0.000     1.000
   0.340000   90    2003.40     369.17   -1630.95   -1631.40    738     0.000     1.000
   0.340000   91    2031.63     387.09   -1640.03   -1640.47    926     0.000     1.000
   0.340000   92    2059.85     405.32   -1648.68   -1649.12    141     0.000     1.000
   0.320000   90    2003.40     369.31   -1631.41   -1631.85    385     0.000     1.000
   0.320000   91    2031.63     387.14   -1639.80   -1640.25   1175     0.000     1.000
   0.320000   92    2059.85     405.76   -1648.06   -1648.50    326     0.000     1.000
   0.300000   90    2003.40     368.90   -1631.85   -1632.29    177     0.000     1.000
   0.300000   91    2031.63     387.00   -1639.89   -1640.33   1042     0.000     1.000
   0.300000   92    2059.85     406.13   -1647.56   -1647.99    645     0.000     1.000
   0.300000   93    2088.08     425.46   -1652.43   -1652.86     33     0.000     1.000
   0.280000   90    2003.40     367.93   -1632.41   -1632.86    104     0.000     1.000
   0.280000   91    2031.63     386.90   -1639.89   -1640.33    935     0.000     1.000
   0.280000   92    2059.85     406.25   -1646.85   -1647.29    801     0.000     1.000
   0.280000   93    2088.08     426.30   -1653.42   -1653.85     59     0.000     1.000
   0.260000   90    2003.40     374.35   -1633.23   -1633.68     28     0.000     1.000
   0.260000   91    2031.63     386.63   -1640.16   -1640.60    640     0.000     1.000
   0.260000   92    2059.85     406.39   -1646.81   -1647.25   1045     0.000     1.000
   0.260000   93    2088.08     426.88   -1653.61   -1654.03    185     0.000     1.000
   0.240000   91    2031.63     387.53   -1640.63   -1641.07    303     0.000     1.000
   0.240000   92    2059.85     406.49   -1646.82   -1647.26   1231     0.000     1.000
   0.240000   93    2088.08     427.26   -1652.37   -1652.80    359     0.000     1.000
   0.220000   91    2031.63     387.66   -1641.04   -1641.48    245     0.000     1.000
   0.220000   92    2059.85     406.15   -1646.76   -1647.19   1123     0.000     1.000
   0.220000   93    2088.08     427.55   -1652.08   -1652.51    506     0.000     1.000
   0.220000   94    2116.31     448.99   -1655.85   -1656.28     20     0.000     1.000
   0.200000   91    2031.63     390.35   -1641.69   -1642.13     88     0.000     1.000
   0.200000   92    2059.85     405.97   -1646.89   -1647.33    735     0.000     1.000
   0.200000   93    2088.08     427.97   -1652.05   -1652.48    915     0.000     1.000
   0.200000   94    2116.31     450.30   -1657.07   -1657.49    160     0.000     1.000
   0.180000   92    2059.85     405.51   -1647.23   -1647.67    463     0.000     1.000
   0.180000   93    2088.08     427.94   -1651.93   -1652.36   1098     0.000     1.000
   0.180000   94    2116.31     450.51   -1656.19   -1656.61    320     0.000     1.000
   0.160000   92    2059.85     406.89   -1647.72   -1648.15    194     0.000     1.000
   0.160000   93    2088.08     427.93   -1651.89   -1652.32    972     0.000     1.000
   0.160000   94    2116.31     451.19   -1655.90   -1656.32    664     0.000     1.000
   0.160000   95    2144.54     474.26   -1659.58   -1660.00     67     0.000     1.000
   0.140000   92    2059.85     403.63   -1648.35   -1648.78    160     0.000     1.000
   0.140000   93    2088.08     427.71   -1651.97   -1652.39    854     0.000     1.000
   0.140000   94    2116.31     451.23   -1655.41   -1655.83    794     0.000     1.000
   0.140000   95    2144.54     474.90   -1658.71   -1659.12     90     0.000     1.000
   0.120000   93    2088.08     427.25   -1652.38   -1652.81    384     0.000     1.000
   0.120000   94    2116.31     451.46   -1655.40   -1655.82   1081     0.000     1.000
   0.120000   95    2144.54     475.77   -1658.27   -1658.69    411     0.000     1.000
   0.100000   93    2088.08     426.29   -1652.79   -1653.22    296     0.000     1.000
   0.100000   94    2116.31     451.18   -1655.37   -1655.80   1002     0.000     1.000
   0.100000   95    2144.54     476.24   -1657.68   -1658.10    548     0.000     1.000
   0.100000   96    2172.77     501.42   -1659.78   -1660.20     43     0.000     1.000
   0.080000   93    2088.08     425.79   -1653.27   -1653.70    227     0.000     1.000
   0.080000   94    2116.31     450.76   -1655.35   -1655.77    854     0.000     1.000
   0.080000   95    2144.54     476.37   -1657.31   -1657.73    710     0.000     1.000
   0.080000   96    2172.77     502.09   -1659.25   -1659.67    103     0.000     1.000
   0.060000   93    2088.08     430.94   -1654.09   -1654.52     79     0.000     1.000
   0.060000   94    2116.31     450.56   -1655.55   -1655.97    663     0.000     1.000
   0.060000   95    2144.54     476.38   -1657.06   -1657.47    919     0.000     1.000
   0.060000   96    2172.77     502.62   -1658.46   -1658.87    222     0.000     1.000
   0.040000   94    2116.31     450.28   -1656.06   -1656.48    230     0.000     1.000
   0.040000   95    2144.54     476.46   -1657.08   -1657.50    829     0.000     1.000
   0.040000   96    2172.77     503.36   -1658.10   -1658.51    693     0.000     1.000
   0.040000   97    2200.99     530.15   -1659.04   -1659.45    132     0.000     1.000
   0.020000   95    2144.54     476.91   -1657.67   -1658.09    139     0.000     1.000
   0.020000   96    2172.77     503.97   -1658.20   -1658.61    429     0.000     1.000
   0.020000   97    2200.99     530.87   -1658.72   -1659.13    641     0.000     1.000
   0.020000   98    2229.22     558.34   -1659.26   -1659.66    488     0.000     1.000
   0.020000   99    2257.45     585.79   -1659.81   -1660.20    189     0.000     1.000
   0.000000   96    2172.77     503.23   -1659.07   -1659.48     69     0.000     1.000
   0.000000   97    2200.99     530.54   -1659.07   -1659.48    486     0.000     1.000
   0.000000   98    2229.22     558.41   -1659.07   -1659.47    825     0.000     1.000
   0.000000   99    2257.45     586.05   -1659.07   -1659.47    434     0.000     1.000
   0.000000  100    2285.68     614.26   -1659.07   -1659.46     84     0.000     1.000


# Part 3: Bin-averaged summary:
# bin  energy gap  <dGg> <dGg norm> pts  <c1**2> <c2**2> <r_xy>
   4   -424.24     -2.11   1657.58         41    0.995    0.005    9.986
   5   -396.01     -2.27   1657.42         64    0.994    0.006    9.876
   6   -367.78     -2.44   1657.25         91    0.993    0.007    9.841
   7   -339.55     -2.63   1657.06        122    0.992    0.008    9.891
   8   -311.32     -2.88   1656.81        131    0.991    0.009    9.923
   9   -283.10     -3.16   1656.53        175    0.989    0.011    9.938
  10   -254.87     -3.51   1656.18        177    0.987    0.013    9.981
  11   -226.64     -3.92   1655.77        198    0.983    0.017    9.946
  12   -198.41     -4.67   1655.02        236    0.978    0.022    9.986
  13   -170.18     -5.44   1654.25        265    0.971    0.029   10.047
  14   -141.95     -6.36   1653.34        265    0.960    0.040   10.165
  15   -113.73     -7.52   1652.17        302    0.942    0.058   10.165
  16    -85.50     -9.42   1650.27        267    0.908    0.092   10.297
  17    -57.27    -12.92   1646.77        244    0.845    0.155   10.344
  18    -29.04    -19.80   1639.89        286    0.708    0.292   10.393
  19     -0.81    -32.79   1626.90        293    0.503    0.497   10.381
  20     27.42    -51.79   1607.90        370    0.294    0.706   10.307
  21     55.64    -74.54   1585.15        391    0.161    0.839   10.116
  22     83.87    -99.16   1560.53        370    0.094    0.906   10.015
  23    112.10   -124.20   1535.49        361    0.060    0.940    9.915
  24    140.33   -149.80   1509.89        300    0.041    0.959    9.778
  25    168.56   -176.24   1483.45        300    0.029    0.971    9.732
  26    196.79   -202.57   1457.12        298    0.022    0.978    9.800
  27    225.01   -228.78   1430.91        370    0.017    0.983    9.770
  28    253.24   -255.06   1404.63        409    0.014    0.986    9.757
  29    281.47   -281.47   1378.22        393    0.011    0.989    9.740
  30    309.70   -307.57   1352.12        445    0.009    0.991    9.751
  31    337.93   -333.59   1326.10        380    0.008    0.992    9.769
  32    366.16   -359.56   1300.14        362    0.007    0.993    9.717
  33    394.38   -384.82   1274.87        343    0.006    0.994    9.657
  34    422.61   -410.93   1248.77        311    0.005    0.995    9.676
  35    450.84   -436.08   1223.61        343    0.004    0.996    9.574
  36    479.07   -462.22   1197.47        380    0.004    0.996    9.490
  37    507.30   -487.83   1171.87        380    0.003    0.997    9.343
  38    535.53   -513.25   1146.44        365    0.003    0.997    9.199
  39    563.75   -538.40   1121.29        434    0.003    0.997    9.077
  40    591.98   -563.67   1096.02        459    0.003    0.997    9.049
  41    620.21   -588.89   1070.80        394    0.002    0.998    9.076
  42    648.44   -613.87   1045.82        385    0.002    0.998    8.967
  43    676.67   -638.37   1021.32        403    0.002    0.998    8.976
  44    704.89   -662.87    996.82        350    0.002    0.998    8.955
  45    733.12   -688.14    971.55        338    0.002    0.998    8.783
  46    761.35   -712.44    947.25        375    0.002    0.998    8.477
  47    789.58   -736.81    922.88        416    0.001    0.999    8.328
  48    817.81   -761.07    898.62        431    0.001    0.999    8.248
  49    846.04   -785.02    874.67        398    0.001    0.999    8.120
  50    874.26   -809.08    850.61        385    0.001    0.999    8.022
  51    902.49   -833.38    826.31        402    0.001    0.999    7.955
  52    930.72   -856.95    802.74        364    0.001    0.999    7.914
  53    958.95   -880.64    779.05        322    0.001    0.999    7.980
  54    987.18   -903.61    756.08        293    0.001    0.999    7.948
  55   1015.41   -928.00    731.69        357    0.001    0.999    7.657
  56   1043.63   -951.21    708.49        358    0.001    0.999    7.461
  57   1071.86   -974.29    685.40        338    0.001    0.999    7.238
  58   1100.09   -997.86    661.83        341    0.001    0.999    7.046
  59   1128.32  -1020.79    638.90        332    0.001    0.999    6.847
  60   1156.55  -1043.75    615.95        322    0.001    0.999    6.903
  61   1184.78  -1066.77    592.92        288    0.001    0.999    6.910
  62   1213.00  -1090.04    569.65        320    0.001    0.999    6.788
  63   1241.23  -1112.58    547.11        346    0.001    0.999    6.643
  64   1269.46  -1135.03    524.66        467    0.001    0.999    6.593
  65   1297.69  -1157.72    501.97        445    0.001    0.999    6.606
  66   1325.92  -1180.19    479.50        450    0.001    0.999    6.440
  67   1354.15  -1202.08    457.61        416    0.000    1.000    6.402
  68   1382.37  -1224.71    434.98        391    0.000    1.000    6.186
  69   1410.60  -1246.35    413.34        418    0.000    1.000    6.088
  70   1438.83  -1268.35    391.34        514    0.000    1.000    6.105
  71   1467.06  -1289.99    369.70        614    0.000    1.000    6.057
  72   1495.29  -1311.40    348.29        724    0.000    1.000    6.020
  73   1523.52  -1332.67    327.02        641    0.000    1.000    5.977
  74   1551.74  -1353.75    305.94        640    0.000    1.000    5.904
  75   1579.97  -1374.27    285.42        642    0.000    1.000    5.878
  76   1608.20  -1394.95    264.74        522    0.000    1.000    5.836
  77   1636.43  -1415.72    243.97        597    0.000    1.000    5.895
  78   1664.66  -1436.11    223.58        715    0.000    1.000    5.779
  79   1692.89  -1456.23    203.46       1090    0.000    1.000    5.680
  80   1721.11  -1476.12    183.58       1407    0.000    1.000    5.522
  81   1749.34  -1495.39    164.31       1793    0.000    1.000    5.351
  82   1777.57  -1514.20    145.49       2037    0.000    1.000    5.172
  83   1805.80  -1532.35    127.34       2181    0.000    1.000    4.968
  84   1834.03  -1549.80    109.89       2536    0.000    1.000    4.759
  85   1862.26  -1566.27     93.42       2935    0.000    1.000    4.765
  86   1890.48  -1581.78     77.92       3416    0.000    1.000    4.819
  87   1918.71  -1596.14     63.55       3877    0.000    1.000    4.788
  88   1946.94  -1609.56     50.13       4455    0.000    1.000    4.751
  89   1975.17  -1621.19     38.50       4942    0.000    1.000    5.057
  90   2003.40  -1631.65     28.04       4771    0.000    1.000    5.658
  91   2031.63  -1640.50     19.19       6068    0.000    1.000    5.996
  92   2059.85  -1647.51     12.18       6864    0.000    1.000    6.070
  93   2088.08  -1652.64      7.05       5967    0.000    1.000    6.026
  94   2116.31  -1656.00      3.69       5788    0.000    1.000    6.297
  95   2144.54  -1657.86      1.83       3713    0.000    1.000    6.582
  96   2172.77  -1658.76      0.93       1559    0.000    1.000    6.994
  97   2200.99  -1659.30      0.39       1259    0.000    1.000    8.049
  98   2229.22  -1659.54      0.15       1313    0.000    1.000    8.410
  99   2257.45  -1659.69      0.00        623    0.000    1.000    8.524
 100   2285.68  -1659.46      0.23         84    0.000    1.000    8.693
