
 -----------------------------------------------
      Restrained ESP Fit 2.3  Amber 4.1
 -----------------------------------------------
 Resp charges for organic molecule                                               
 -----------------------------------------------


 inopt       =     0   ioutopt     =     1
 nmol        =     1   iqopt       =     0
 ihfree      =     1   irstrnt     =     1
 iunits      =     0   qwt         =   0.00050000
 wtmol(1) =     1.000000
 subtitle:

Resp charges for organic molecule                                               
ich =   0  iuniq =   9
    1    6    0
    2    1    0
    3    1    0
    4    1    0
    5    6    0
    6    8    0
    7    7    0
    8    1    0
    9    1    8

  ----------------------------------------------------------------------------
     ATOM                       COORDINATES                         CHARGE
                       X             Y                Z
  ----------------------------------------------------------------------------
  ----------------------------------------------------------------------------


 Charge on the molecule(ich) =    0
 Total number of atoms (iuniq)     =    9
 Weight factor on initial charge restraints(qwt)=     0.50000D-03


  there are  1 charge constraints:


     1       1
     2       1
     3       1
     4       1
     5       1
     6       1
     7       1
     8       1
     9       1

 Reading esp"s for molecule   1
 total number of atoms      =     9
 total number of esp points = 31451


 center     X       Y       Z 
    1   0.2580717E+01  -0.6412880E+00   0.3779452E-05
    2   0.3537452E+01   0.1220914E+00  -0.1666606E+01
    3   0.2774394E+01  -0.2700481E+01   0.1534458E-02
    4   0.3538421E+01   0.1247673E+00   0.1664805E+01
    5  -0.1468582E+00   0.2787100E+00   0.6425068E-04
    6  -0.6909443E+00   0.2521771E+01   0.2267671E-04
    7  -0.1946012E+01  -0.1578968E+01  -0.1625164E-03
    8  -0.3782309E+01  -0.1057022E+01   0.1492884E-03
    9  -0.1521486E+01  -0.3435284E+01   0.6670733E-03
 Initial ssvpot =    12.041


 Number of unique UNfrozen centers=    8

 Non-linear optimization requested.
 qchnge =    0.2027447570    
 qchnge =    0.2313577136E-03
 qchnge =    0.1704098243E-05
 qchnge =    0.1261479195E-07

 Convergence in    3 iterations


Resp charges for organic molecule                                               

          Point Charges Before & After Optimization

    no.  At.no.    q(init)       q(opt)     ivary    d(rstr)/dq
    1   6       0.000000      -0.562491      0       0.000875
    2   1       0.000000       0.157254      0       0.000000
    3   1       0.000000       0.142904      0       0.000000
    4   1       0.000000       0.157208      0       0.000000
    5   6       0.000000       0.962343      0       0.000517
    6   8       0.000000      -0.652877      0       0.000757
    7   7       0.000000      -1.092247      0       0.000456
    8   1       0.000000       0.443953      0       0.000000
    9   1       0.000000       0.443953      8       0.000000

 Sum over the calculated charges:     -0.000

        Statistics of the fitting:
  The initial sum of squares (ssvpot)                     12.041
  The residual sum of squares (chipot)                     0.018
  The std err of estimate (sqrt(chipot/N))               0.00075
  ESP relative RMS (SQRT(chipot/ssvpot))                 0.03846

 Center of Mass (Angst.):

 X  =   0.00000      Y  =   0.00000      Z  =   0.00000

 Dipole (Debye):

 X  =   0.35090      Y  =  -4.15405      Z  =   0.00113

 Dipole Moment (Debye)=   4.16884

 Quadrupole (Debye*Angst.):

 Qxx =  10.57185     QYY =  -7.54950     QZZ =  -3.02235
 Qxy =   0.86131     QXZ =  -6.54888     QYZ =  -6.54834
