
Build and version information

Build number 6.0.15
Build date   20240314
Built:       
      by     p315462
      on     login1
      git id adc28a635c78993922188615a73366ace3402081
      with   GNU Fortran GCC 11.3.0
qfep version 6.0.15 , git id=adc28a635c78993922188615a73366ace3402081 initialising
Current date 2024- 4-18 and time 12:26: 7

Welcome in qfep modification date 20240314

 Q6, Copyright © 2017 Johan Åqvist, John Marelius, Shina Caroline Lynn Kamerlin and Paul Bauer
 Q6 comes with ABSOLUTELY NO WARRANTY.  This is free software, and you are welcome
 to redistribute it under certain conditions. For details, add the --help flag.
--> Number of energy files: # Number of files                 =    51
--> No. of states, no. of predefined off-diag elements: # Number of states                 =     2
# Number of off-diagonal elements =     0
--> Give kT & no, of pts to skip   & calculation mode: # kT                              = 0.592
# Number of data points to skip   =   100
# Only QQ interactions will be considered   =   0
--> Give number of gap-bins: # Number of gap-bins              =   100
--> Give minimum # pts/bin: # Minimum number of points per bin=    20
--> Give alpha for state  2:                                                    # Alpha for state  2              =  -520.50
--> Number of off-diagonal elements:# Number of off-diagonal elements =     1
#   i   j   A(i,j)  mu(i,j) eta(i,j) rxy0(i,j)
--> i, j, A_ij, mu_ij, eta_ij, r_xy0: #   1   2     30.00      0.00      0.00      0.00
--> linear combination of states defining reaction coord: # Linear combination co-efficients=  1.00 -1.00


# Part 0: Average energies for all states in all files
# file             state   pts   lambda    EQtot   EQbond  EQang   EQtor   EQimp    EQel   EQvdW  Eel_qq  EvdW_qq Eel_qp  EvdW_qp Eel_qw EvdW_qw Eqrstr
--> Name of file number   1:                                                     
# Energy files from Qdyn, version: 6.0.16 , git id=adc28a635c78993922188615a73366ace3402081                        
fep_050_1.000.en        1      1899  1.000000  -10441.88  -10328.42     5.36     9.54     0.00  -103.19   -25.17   -54.42    11.08   -23.64   -34.27   -25.12    -1.98     0.00
fep_050_1.000.en        2      1899  0.000000   -9706.21   -9722.69   179.13     3.83     0.00  -154.58   -11.89  -139.19    24.86    13.93   -34.71   -29.32    -2.04     0.00
--> Name of file number   2:                                                     
# Energy files from Qdyn, version: 6.0.16 , git id=adc28a635c78993922188615a73366ace3402081                        
fep_049_0.980.en        1      1899  0.980000  -10445.73  -10330.38     4.39     9.46     0.00  -105.96   -23.25   -54.64    12.84   -21.93   -34.32   -29.39    -1.77     0.00
fep_049_0.980.en        2      1899  0.020000   -9801.78   -9812.46   172.39     3.72     0.00  -155.93    -9.51  -137.36    27.09    14.87   -34.77   -33.44    -1.83     0.00
--> Name of file number   3:                                                     
# Energy files from Qdyn, version: 6.0.16 , git id=adc28a635c78993922188615a73366ace3402081                        
fep_048_0.960.en        1      1899  0.960000  -10444.24  -10330.10     4.75     9.51     0.00  -108.23   -20.18   -55.27    16.79   -24.60   -34.80   -28.36    -2.17     0.00
fep_048_0.960.en        2      1899  0.040000   -9926.58   -9933.63   155.92     3.88     0.00  -148.10    -4.66  -130.77    32.87    11.68   -35.30   -29.01    -2.23     0.00
--> Name of file number   4:                                                     
# Energy files from Qdyn, version: 6.0.16 , git id=adc28a635c78993922188615a73366ace3402081                        
fep_047_0.940.en        1      1899  0.940000  -10435.86  -10327.47     5.38     9.57     0.00  -106.75   -16.60   -55.39    21.83   -23.48   -36.52   -27.88    -1.91     0.00
fep_047_0.940.en        2      1899  0.060000  -10054.28  -10058.98   144.16     4.28     0.00  -144.22     0.47  -124.63    39.48    10.88   -37.05   -30.47    -1.96     0.00
--> Name of file number   5:                                                     
# Energy files from Qdyn, version: 6.0.16 , git id=adc28a635c78993922188615a73366ace3402081                        
fep_046_0.920.en        1      1899  0.920000  -10426.01  -10323.73     7.28     9.58     0.00  -109.27    -9.86   -56.11    27.75   -23.90   -35.48   -29.26    -2.12     0.00
fep_046_0.920.en        2      1899  0.080000  -10192.77  -10205.74   139.79     4.04     0.00  -139.73     8.87  -118.48    46.99     9.43   -35.96   -30.68    -2.17     0.00
--> Name of file number   6:                                                     
# Energy files from Qdyn, version: 6.0.16 , git id=adc28a635c78993922188615a73366ace3402081                        
fep_000_0.900.en        1      1899  0.900000  -10411.48  -10317.22     9.09     9.45     0.00  -110.51    -2.29   -57.83    34.28   -23.06   -35.13   -29.62    -1.44     0.00
fep_000_0.900.en        2      1899  0.100000  -10323.48  -10348.74   136.44     4.01     0.00  -133.56    18.38  -110.22    55.46     9.86   -35.59   -33.20    -1.49     0.00
--> Name of file number   7:                                                     
# Energy files from Qdyn, version: 6.0.16 , git id=adc28a635c78993922188615a73366ace3402081                        
fep_001_0.880.en        1      1899  0.880000  -10398.17  -10308.63    11.21     9.47     0.00  -112.46     2.25   -59.52    40.71   -23.51   -36.35   -29.44    -2.11     0.00
fep_001_0.880.en        2      1899  0.120000  -10461.94  -10482.94   124.00     3.53     0.00  -127.89    21.36  -103.60    60.37     7.22   -36.84   -31.51    -2.16     0.00
--> Name of file number   8:                                                     
# Energy files from Qdyn, version: 6.0.16 , git id=adc28a635c78993922188615a73366ace3402081                        
fep_002_0.860.en        1      1899  0.860000  -10387.98  -10301.96    13.44     9.33     0.00  -115.65     6.85   -60.97    44.85   -25.33   -36.28   -29.35    -1.72     0.00
fep_002_0.860.en        2      1899  0.140000  -10537.71  -10560.86   121.83     2.99     0.00  -126.93    25.26   -99.77    63.75     4.66   -36.72   -31.82    -1.76     0.00
--> Name of file number   9:                                                     
# Energy files from Qdyn, version: 6.0.16 , git id=adc28a635c78993922188615a73366ace3402081                        
fep_003_0.840.en        1      1899  0.840000  -10375.42  -10296.54    13.80     9.39     0.00  -111.99     9.92   -61.29    47.71   -21.48   -36.06   -29.22    -1.73     0.00
fep_003_0.840.en        2      1899  0.160000  -10601.08  -10616.70   108.08     4.11     0.00  -122.18    25.61   -97.28    63.95     7.21   -36.57   -32.11    -1.77     0.00
--> Name of file number  10:                                                     
# Energy files from Qdyn, version: 6.0.16 , git id=adc28a635c78993922188615a73366ace3402081                        
fep_004_0.820.en        1      1899  0.820000  -10371.08  -10292.16    14.98     9.42     0.00  -114.31    10.98   -61.29    50.68   -21.80   -37.52   -31.21    -2.17     0.00
fep_004_0.820.en        2      1899  0.180000  -10653.97  -10658.93   101.28     4.61     0.00  -125.79    24.86   -93.90    65.11     3.40   -38.03   -35.30    -2.22     0.00
--> Name of file number  11:                                                     
# Energy files from Qdyn, version: 6.0.16 , git id=adc28a635c78993922188615a73366ace3402081                        
fep_005_0.800.en        1      1899  0.800000  -10355.62  -10286.50    15.65     9.40     0.00  -106.06    11.89   -65.60    53.23    -7.74   -39.68   -32.73    -1.66     0.00
fep_005_0.800.en        2      1899  0.200000  -10720.98  -10710.17    61.31     8.26     0.00  -105.35    24.97   -83.92    66.84    16.37   -40.15   -37.80    -1.72     0.00
--> Name of file number  12:                                                     
# Energy files from Qdyn, version: 6.0.16 , git id=adc28a635c78993922188615a73366ace3402081                        
fep_006_0.780.en        1      1899  0.780000  -10350.70  -10283.30    16.01     9.28     0.00  -108.36    15.67   -66.93    55.93    -5.52   -39.15   -35.92    -1.11     0.00
fep_006_0.780.en        2      1899  0.220000  -10747.49  -10734.67    60.65     7.43     0.00  -107.10    26.20   -84.49    66.99    17.94   -39.62   -40.55    -1.16     0.00
--> Name of file number  13:                                                     
# Energy files from Qdyn, version: 6.0.16 , git id=adc28a635c78993922188615a73366ace3402081                        
fep_007_0.760.en        1      1899  0.760000  -10345.16  -10279.71    16.95     9.33     0.00  -109.27    17.54   -67.35    58.58    -5.56   -39.94   -36.36    -1.09     0.00
fep_007_0.760.en        2      1899  0.240000  -10773.76  -10762.19    60.27     7.71     0.00  -104.77    25.22   -81.11    66.75    18.95   -40.38   -42.61    -1.14     0.00
--> Name of file number  14:                                                     
# Energy files from Qdyn, version: 6.0.16 , git id=adc28a635c78993922188615a73366ace3402081                        
fep_008_0.740.en        1      1899  0.740000  -10337.52  -10277.92    16.95     9.34     0.00  -105.90    20.02   -68.73    62.83    -3.75   -40.69   -33.42    -2.13     0.00
fep_008_0.740.en        2      1899  0.260000  -10792.93  -10784.66    58.83     9.30     0.00  -101.17    24.78   -79.20    68.09    18.90   -41.14   -40.87    -2.17     0.00
--> Name of file number  15:                                                     
# Energy files from Qdyn, version: 6.0.16 , git id=adc28a635c78993922188615a73366ace3402081                        
fep_009_0.720.en        1      1899  0.720000  -10339.52  -10273.34    17.31     9.17     0.00  -119.75    27.08   -69.20    66.29   -19.78   -36.65   -30.76    -2.55     0.00
fep_009_0.720.en        2      1899  0.280000  -10817.88  -10805.22    60.84     9.96     0.00  -110.94    27.49   -76.07    67.24     5.67   -37.16   -40.54    -2.59     0.00
--> Name of file number  16:                                                     
# Energy files from Qdyn, version: 6.0.16 , git id=adc28a635c78993922188615a73366ace3402081                        
fep_010_0.700.en        1      1899  0.700000  -10335.02  -10270.65    17.34     9.20     0.00  -120.12    29.20   -68.51    68.02   -19.92   -37.14   -31.68    -1.68     0.00
fep_010_0.700.en        2      1899  0.300000  -10828.28  -10817.81    59.06    10.82     0.00  -107.28    26.93   -74.35    66.33     6.64   -37.70   -39.57    -1.70     0.00
--> Name of file number  17:                                                     
# Energy files from Qdyn, version: 6.0.16 , git id=adc28a635c78993922188615a73366ace3402081                        
fep_011_0.680.en        1      1899  0.680000  -10332.62  -10268.77    18.37     9.05     0.00  -122.21    30.94   -67.25    68.85   -21.42   -36.21   -33.54    -1.70     0.00
fep_011_0.680.en        2      1899  0.320000  -10838.28  -10824.37    59.40    11.34     0.00  -111.44    26.79   -74.32    65.27     4.01   -36.75   -41.13    -1.73     0.00
--> Name of file number  18:                                                     
# Energy files from Qdyn, version: 6.0.16 , git id=adc28a635c78993922188615a73366ace3402081                        
fep_012_0.660.en        1      1899  0.660000  -10324.83  -10264.59    18.48     9.24     0.00  -121.29    33.34   -66.54    69.90   -22.60   -35.16   -32.15    -1.40     0.00
fep_012_0.660.en        2      1899  0.340000  -10846.14  -10831.85    59.26     8.85     0.00  -109.38    26.97   -73.29    64.06     4.61   -35.65   -40.70    -1.43     0.00
--> Name of file number  19:                                                     
# Energy files from Qdyn, version: 6.0.16 , git id=adc28a635c78993922188615a73366ace3402081                        
fep_013_0.640.en        1      1899  0.640000  -10306.69  -10190.32    18.78     9.36     0.00  -176.23    31.72  -143.19    73.14    -6.67   -39.09   -26.37    -2.33     0.00
fep_013_0.640.en        2      1899  0.360000  -10871.76  -10887.51    60.70     3.04     0.00   -67.71    19.72   -46.72    61.74    12.82   -39.65   -33.81    -2.37     0.00
--> Name of file number  20:                                                     
# Energy files from Qdyn, version: 6.0.16 , git id=adc28a635c78993922188615a73366ace3402081                        
fep_014_0.620.en        1      1899  0.620000  -10299.97  -10190.44    18.17     9.42     0.00  -171.40    34.28  -136.66    75.23    -6.50   -38.98   -28.24    -1.98     0.00
fep_014_0.620.en        2      1899  0.380000  -10885.53  -10898.65    58.93     3.81     0.00   -68.99    19.37   -47.03    60.92    12.63   -39.54   -34.59    -2.01     0.00
--> Name of file number  21:                                                     
# Energy files from Qdyn, version: 6.0.16 , git id=adc28a635c78993922188615a73366ace3402081                        
fep_015_0.600.en        1      1899  0.600000  -10287.61  -10185.19    19.02     9.27     0.00  -165.36    34.66  -137.00    76.17    -3.48   -39.66   -24.88    -1.85     0.00
fep_015_0.600.en        2      1899  0.400000  -10890.79  -10906.82    59.43     3.17     0.00   -63.55    16.98   -46.70    59.06    16.61   -40.20   -33.45    -1.88     0.00
--> Name of file number  22:                                                     
# Energy files from Qdyn, version: 6.0.16 , git id=adc28a635c78993922188615a73366ace3402081                        
fep_016_0.580.en        1      1899  0.580000  -10282.76  -10182.17    19.05     9.36     0.00  -164.78    35.78  -135.13    77.38    -4.24   -38.92   -25.41    -2.68     0.00
fep_016_0.580.en        2      1899  0.420000  -10904.03  -10913.45    57.87     2.61     0.00   -66.95    15.88   -46.91    58.05    13.61   -39.46   -33.65    -2.71     0.00
--> Name of file number  23:                                                     
# Energy files from Qdyn, version: 6.0.16 , git id=adc28a635c78993922188615a73366ace3402081                        
fep_017_0.560.en        1      1899  0.560000  -10281.05  -10182.23    18.82     9.14     0.00  -165.82    39.05  -129.52    79.98    -3.32   -38.59   -32.98    -2.34     0.00
fep_017_0.560.en        2      1899  0.440000  -10918.81  -10921.34    57.78     4.72     0.00   -76.42    16.45   -46.32    57.92    12.99   -39.10   -43.08    -2.37     0.00
--> Name of file number  24:                                                     
# Energy files from Qdyn, version: 6.0.16 , git id=adc28a635c78993922188615a73366ace3402081                        
fep_018_0.540.en        1      1899  0.540000  -10273.68  -10178.54    17.92     9.36     0.00  -164.75    42.33  -128.24    82.38    -5.40   -37.89   -31.10    -2.17     0.00
fep_018_0.540.en        2      1899  0.460000  -10926.97  -10925.59    56.47     3.20     0.00   -76.96    15.92   -47.50    56.56    10.76   -38.45   -40.22    -2.20     0.00
--> Name of file number  25:                                                     
# Energy files from Qdyn, version: 6.0.16 , git id=adc28a635c78993922188615a73366ace3402081                        
fep_019_0.520.en        1      1899  0.520000  -10266.89  -10174.29    18.33     9.29     0.00  -162.05    41.83  -128.87    82.65    -4.00   -38.27   -29.18    -2.55     0.00
fep_019_0.520.en        2      1899  0.480000  -10933.17  -10931.70    55.77     2.67     0.00   -73.55    13.64   -46.70    55.01    11.57   -38.78   -38.41    -2.59     0.00
--> Name of file number  26:                                                     
# Energy files from Qdyn, version: 6.0.16 , git id=adc28a635c78993922188615a73366ace3402081                        
fep_020_0.500.en        1      1899  0.500000  -10260.59  -10172.14    18.38     9.17     0.00  -158.22    42.22  -126.38    84.28    -2.38   -39.88   -29.45    -2.18     0.00
fep_020_0.500.en        2      1899  0.500000  -10940.39  -10937.14    55.53     3.03     0.00   -73.04    11.23   -46.70    53.81    11.98   -40.37   -38.32    -2.20     0.00
--> Name of file number  27:                                                     
# Energy files from Qdyn, version: 6.0.16 , git id=adc28a635c78993922188615a73366ace3402081                        
fep_021_0.480.en        1      1899  0.480000  -10250.82  -10167.29    17.73     9.19     0.00  -155.17    44.71  -126.68    86.01    -2.04   -38.73   -26.45    -2.57     0.00
fep_021_0.480.en        2      1899  0.520000  -10942.74  -10941.24    55.47     2.17     0.00   -70.02    10.88   -46.42    52.71    10.00   -39.23   -33.60    -2.60     0.00
--> Name of file number  28:                                                     
# Energy files from Qdyn, version: 6.0.16 , git id=adc28a635c78993922188615a73366ace3402081                        
fep_022_0.460.en        1      1899  0.460000  -10245.16  -10161.37    17.87     9.24     0.00  -156.39    45.48  -126.64    86.85     0.28   -39.14   -30.03    -2.22     0.00
fep_022_0.460.en        2      1899  0.540000  -10950.48  -10945.30    54.53     2.46     0.00   -70.91     8.74   -46.50    50.67    14.85   -39.68   -39.27    -2.25     0.00
--> Name of file number  29:                                                     
# Energy files from Qdyn, version: 6.0.16 , git id=adc28a635c78993922188615a73366ace3402081                        
fep_023_0.440.en        1      1899  0.440000  -10240.12  -10157.10    17.37     9.23     0.00  -157.81    48.19  -125.75    88.54    -3.02   -38.49   -29.04    -1.86     0.00
fep_023_0.440.en        2      1899  0.560000  -10958.21  -10947.87    53.72     2.23     0.00   -74.85     8.57   -46.70    49.47    10.80   -39.02   -38.95    -1.88     0.00
--> Name of file number  30:                                                     
# Energy files from Qdyn, version: 6.0.16 , git id=adc28a635c78993922188615a73366ace3402081                        
fep_024_0.420.en        1      1899  0.420000  -10232.66  -10152.42    17.55     9.32     0.00  -156.03    48.92  -124.80    89.97    -1.46   -38.92   -29.77    -2.12     0.00
fep_024_0.420.en        2      1899  0.580000  -10964.37  -10951.77    52.63     2.46     0.00   -74.68     6.99   -46.34    48.58    10.04   -39.44   -38.39    -2.15     0.00
--> Name of file number  31:                                                     
# Energy files from Qdyn, version: 6.0.16 , git id=adc28a635c78993922188615a73366ace3402081                        
fep_025_0.400.en        1      1899  0.400000  -10224.18  -10145.38    17.46     9.17     0.00  -155.27    49.84  -124.41    90.78    -1.70   -39.18   -29.16    -1.76     0.00
fep_025_0.400.en        2      1899  0.600000  -10970.58  -10954.25    51.42     2.28     0.00   -75.21     5.17   -46.04    46.65     9.40   -39.69   -38.56    -1.79     0.00
--> Name of file number  32:                                                     
# Energy files from Qdyn, version: 6.0.16 , git id=adc28a635c78993922188615a73366ace3402081                        
fep_026_0.380.en        1      1899  0.380000  -10218.38  -10138.83    18.07     9.38     0.00  -158.42    51.41  -122.78    91.64    -2.70   -38.37   -32.93    -1.86     0.00
fep_026_0.380.en        2      1899  0.620000  -10976.76  -10955.67    51.57     2.68     0.00   -79.15     3.81   -45.42    44.57     9.92   -38.88   -43.65    -1.88     0.00
--> Name of file number  33:                                                     
# Energy files from Qdyn, version: 6.0.16 , git id=adc28a635c78993922188615a73366ace3402081                        
fep_027_0.360.en        1      1899  0.360000  -10211.40  -10130.77    17.45     9.39     0.00  -159.13    51.66  -123.57    92.33    -1.80   -38.40   -33.75    -2.26     0.00
fep_027_0.360.en        2      1899  0.640000  -10984.30  -10959.24    49.77     1.87     0.00   -78.67     1.97   -45.67    43.21     9.85   -38.95   -42.85    -2.29     0.00
--> Name of file number  34:                                                     
# Energy files from Qdyn, version: 6.0.16 , git id=adc28a635c78993922188615a73366ace3402081                        
fep_028_0.340.en        1      1899  0.340000  -10198.20  -10123.45    17.62     9.31     0.00  -154.68    52.99  -124.18    93.83     0.35   -38.80   -30.85    -2.04     0.00
fep_028_0.340.en        2      1899  0.660000  -10987.10  -10962.78    49.46     1.73     0.00   -76.46     0.94   -45.05    42.32     9.95   -39.31   -41.35    -2.06     0.00
--> Name of file number  35:                                                     
# Energy files from Qdyn, version: 6.0.16 , git id=adc28a635c78993922188615a73366ace3402081                        
fep_029_0.320.en        1      1899  0.320000  -10188.16  -10115.20    18.17     9.33     0.00  -155.50    55.03  -123.05    95.49     1.12   -38.38   -33.57    -2.07     0.00
fep_029_0.320.en        2      1899  0.680000  -10990.68  -10963.17    48.81     2.39     0.00   -78.28    -0.43   -45.64    40.57    11.79   -38.90   -44.44    -2.10     0.00
--> Name of file number  36:                                                     
# Energy files from Qdyn, version: 6.0.16 , git id=adc28a635c78993922188615a73366ace3402081                        
fep_030_0.300.en        1      1899  0.300000  -10177.73  -10104.48    17.40     9.46     0.00  -155.30    55.19  -123.00    95.68     1.05   -38.13   -33.35    -2.36     0.00
fep_030_0.300.en        2      1899  0.700000  -10997.12  -10965.06    46.83     1.75     0.00   -78.57    -2.08   -45.44    38.97    10.86   -38.66   -43.99    -2.40     0.00
--> Name of file number  37:                                                     
# Energy files from Qdyn, version: 6.0.16 , git id=adc28a635c78993922188615a73366ace3402081                        
fep_031_0.280.en        1      1899  0.280000  -10161.84  -10095.24    17.61     9.33     0.00  -148.47    54.93  -123.84    96.04     2.33   -38.89   -26.97    -2.22     0.00
fep_031_0.280.en        2      1899  0.720000  -10999.99  -10967.63    46.62     1.28     0.00   -76.85    -3.41   -45.56    38.25    10.14   -39.40   -41.44    -2.26     0.00
--> Name of file number  38:                                                     
# Energy files from Qdyn, version: 6.0.16 , git id=adc28a635c78993922188615a73366ace3402081                        
fep_032_0.260.en        1      1899  0.260000  -10146.67  -10080.83    17.47     9.30     0.00  -148.11    55.50  -123.57    96.56     3.62   -38.10   -28.16    -2.96     0.00
fep_032_0.260.en        2      1899  0.740000  -11006.27  -10970.15    44.33     1.24     0.00   -76.59    -5.10   -44.07    36.48     8.82   -38.59   -41.34    -3.00     0.00
--> Name of file number  39:                                                     
# Energy files from Qdyn, version: 6.0.16 , git id=adc28a635c78993922188615a73366ace3402081                        
fep_033_0.240.en        1      1899  0.240000  -10131.53  -10065.30    17.45     9.33     0.00  -149.78    56.78  -123.62    97.56     5.23   -38.19   -31.40    -2.59     0.00
fep_033_0.240.en        2      1899  0.760000  -11012.66  -10971.50    41.43     1.71     0.00   -77.14    -7.16   -44.94    34.15     9.75   -38.68   -41.94    -2.63     0.00
--> Name of file number  40:                                                     
# Energy files from Qdyn, version: 6.0.16 , git id=adc28a635c78993922188615a73366ace3402081                        
fep_034_0.220.en        1      1899  0.220000  -10111.29  -10042.80    18.32     9.60     0.00  -152.00    55.59  -123.84    96.84     3.86   -38.84   -32.02    -2.41     0.00
fep_034_0.220.en        2      1899  0.780000  -11024.44  -10973.91    39.62     1.62     0.00   -81.46   -10.32   -43.27    31.44     6.21   -39.32   -44.40    -2.44     0.00
--> Name of file number  41:                                                     
# Energy files from Qdyn, version: 6.0.16 , git id=adc28a635c78993922188615a73366ace3402081                        
fep_035_0.200.en        1      1899  0.200000  -10090.43  -10023.39    19.05     9.42     0.00  -150.63    55.12  -123.16    95.92     3.79   -38.49   -31.26    -2.32     0.00
fep_035_0.200.en        2      1899  0.800000  -11028.52  -10976.20    37.05     1.53     0.00   -79.69   -11.20   -44.36    30.11     7.71   -38.96   -43.03    -2.35     0.00
--> Name of file number  42:                                                     
# Energy files from Qdyn, version: 6.0.16 , git id=adc28a635c78993922188615a73366ace3402081                        
fep_036_0.180.en        1      1899  0.180000  -10057.34   -9992.90    19.71     9.41     0.00  -147.84    54.29  -123.34    94.37     5.88   -38.38   -30.38    -1.70     0.00
fep_036_0.180.en        2      1899  0.820000  -11032.73  -10976.97    33.19     1.04     0.00   -77.67   -12.32   -44.76    28.26    10.24   -38.83   -43.15    -1.74     0.00
--> Name of file number  43:                                                     
# Energy files from Qdyn, version: 6.0.16 , git id=adc28a635c78993922188615a73366ace3402081                        
fep_037_0.160.en        1      1899  0.160000  -10019.22   -9948.75    21.88     9.29     0.00  -151.35    49.70  -123.85    89.94     6.18   -38.16   -33.68    -2.07     0.00
fep_037_0.160.en        2      1899  0.840000  -11046.36  -10978.17    28.51     1.24     0.00   -82.26   -15.69   -44.05    25.02    10.98   -38.61   -49.18    -2.10     0.00
--> Name of file number  44:                                                     
# Energy files from Qdyn, version: 6.0.16 , git id=adc28a635c78993922188615a73366ace3402081                        
fep_038_0.140.en        1      1899  0.140000   -9958.31   -9900.71    22.46     9.57     0.00  -135.48    45.85  -124.31    86.02     9.71   -38.18   -20.88    -1.99     0.00
fep_038_0.140.en        2      1899  0.860000  -11046.93  -10977.97    22.91     0.79     0.00   -74.56   -18.10   -44.21    22.56    11.80   -38.63   -42.14    -2.03     0.00
--> Name of file number  45:                                                     
# Energy files from Qdyn, version: 6.0.16 , git id=adc28a635c78993922188615a73366ace3402081                        
fep_039_0.120.en        1      1899  0.120000   -9896.61   -9837.27    25.59     9.44     0.00  -135.10    40.73  -126.30    80.82     5.65   -38.33   -14.45    -1.76     0.00
fep_039_0.120.en        2      1899  0.880000  -11056.46  -10979.58    17.46     1.31     0.00   -74.67   -20.98   -43.36    19.53     8.15   -38.71   -39.45    -1.80     0.00
--> Name of file number  46:                                                     
# Energy files from Qdyn, version: 6.0.16 , git id=adc28a635c78993922188615a73366ace3402081                        
fep_040_0.100.en        1      1899  0.100000   -9820.58   -9765.71    31.41     9.38     0.00  -130.61    34.94  -129.13    75.02    11.28   -38.09   -12.76    -1.99     0.00
fep_040_0.100.en        2      1899  0.900000  -11057.95  -10980.89    13.53     1.35     0.00   -68.42   -23.52   -43.11    17.03    12.66   -38.51   -37.97    -2.04     0.00
--> Name of file number  47:                                                     
# Energy files from Qdyn, version: 6.0.16 , git id=adc28a635c78993922188615a73366ace3402081                        
fep_041_0.080.en        1      1899  0.080000   -9784.59   -9729.56    32.64     9.63     0.00  -133.57    36.27  -125.48    75.18    10.89   -37.02   -18.98    -1.88     0.00
fep_041_0.080.en        2      1899  0.920000  -11069.75  -10981.15     9.86     0.83     0.00   -76.77   -22.52   -44.09    16.78    12.01   -37.37   -44.68    -1.93     0.00
--> Name of file number  48:                                                     
# Energy files from Qdyn, version: 6.0.16 , git id=adc28a635c78993922188615a73366ace3402081                        
fep_042_0.060.en        1      1899  0.060000   -9733.61   -9675.06    38.25     9.52     0.00  -139.16    32.84  -131.89    70.98    11.07   -37.24   -18.35    -0.90     0.00
fep_042_0.060.en        2      1899  0.940000  -11071.87  -10981.81     7.83     1.66     0.00   -75.75   -23.81   -41.27    14.76    14.16   -37.61   -48.65    -0.96     0.00
--> Name of file number  49:                                                     
# Energy files from Qdyn, version: 6.0.16 , git id=adc28a635c78993922188615a73366ace3402081                        
fep_043_0.040.en        1      1899  0.040000   -9711.60   -9658.65    38.25     9.57     0.00  -135.40    34.63  -125.29    73.14    12.07   -37.04   -22.18    -1.47     0.00
fep_043_0.040.en        2      1899  0.960000  -11078.13  -10982.32     7.19     1.15     0.00   -80.54   -23.61   -42.92    15.21    12.35   -37.36   -49.97    -1.46     0.00
--> Name of file number  50:                                                     
# Energy files from Qdyn, version: 6.0.16 , git id=adc28a635c78993922188615a73366ace3402081                        
fep_044_0.020.en        1      1899  0.020000   -9682.44   -9629.45    42.19     9.54     0.00  -139.03    34.31  -127.47    72.18     7.89   -36.78   -19.45    -1.10     0.00
fep_044_0.020.en        2      1899  0.980000  -11081.78  -10982.44     6.49     0.93     0.00   -83.10   -23.66   -42.25    14.57     8.66   -37.14   -49.51    -1.09     0.00
--> Name of file number  51:                                                     
# Energy files from Qdyn, version: 6.0.16 , git id=adc28a635c78993922188615a73366ace3402081                        
fep_045_0.000.en        1      1899  0.000000   -9652.24   -9610.96    47.56    10.74     0.00  -135.62    36.04  -126.30    74.95     8.92   -37.18   -18.23    -1.73     0.00
fep_045_0.000.en        2      1899  1.000000  -11080.91  -10982.13     6.97     1.17     0.00   -82.31   -24.61   -41.95    14.57     5.62   -37.50   -45.98    -1.68     0.00


# Part 1: Free energy perturbation summary:

# Calculation for full system
# lambda(1)      dGf sum(dGf)      dGr sum(dGr)     <dG>
   1.000000     0.000     0.000    -3.397  1135.447     0.000
   0.980000     3.214     3.214    -1.005  1138.844     3.305
   0.960000     1.408     4.622     0.940  1139.849     4.512
   0.940000    -1.310     3.311     4.801  1138.909     3.387
   0.920000    -4.001    -0.689     7.047  1134.108    -1.014
   0.900000    -6.787    -7.477    10.781  1127.061    -7.931
   0.880000    -9.859   -17.336    12.555  1116.280   -18.252
   0.860000   -12.519   -29.855    14.364  1103.725   -30.789
   0.840000   -14.175   -44.031    15.624  1089.361   -45.058
   0.820000   -15.461   -59.491    17.266  1073.737   -60.600
   0.800000   -16.612   -76.103    17.984  1056.471   -77.539
   0.780000   -18.112   -94.215    18.713  1038.488   -95.587
   0.760000   -18.691  -112.905    19.311  1019.774  -114.289
   0.740000   -19.240  -132.145    19.783  1000.463  -133.564
   0.720000   -19.727  -151.872    20.071   980.681  -153.319
   0.700000   -20.163  -172.035    20.336   960.610  -173.436
   0.680000   -20.487  -192.522    20.650   940.274  -193.847
   0.660000   -20.711  -213.233    21.499   919.623  -214.528
   0.640000   -21.007  -234.240    21.915   898.125  -235.781
   0.620000   -21.910  -256.150    22.286   876.209  -257.694
   0.600000   -22.302  -278.452    22.663   853.923  -279.988
   0.580000   -22.646  -301.097    22.988   831.260  -302.642
   0.560000   -23.011  -324.109    23.280   808.272  -325.642
   0.540000   -23.323  -347.432    23.549   784.992  -348.943
   0.520000   -23.675  -371.107    23.846   761.443  -372.555
   0.500000   -23.927  -395.034    24.128   737.597  -396.442
   0.480000   -24.152  -419.186    24.384   713.469  -420.582
   0.460000   -24.367  -443.553    24.611   689.085  -444.958
   0.440000   -24.656  -468.209    24.899   664.474  -469.591
   0.420000   -24.930  -493.139    25.132   639.575  -494.506
   0.400000   -25.192  -518.332    25.324   614.443  -519.668
   0.380000   -25.546  -543.877    25.677   589.119  -545.103
   0.360000   -25.824  -569.701    26.033   563.442  -570.853
   0.340000   -26.068  -595.769    26.223   537.409  -596.904
   0.320000   -26.349  -622.119    26.552   511.186  -623.190
   0.300000   -26.692  -648.810    26.922   484.634  -649.812
   0.280000   -27.078  -675.888    27.403   457.712  -676.811
   0.260000   -27.436  -703.323    27.768   430.310  -704.230
   0.240000   -27.820  -731.143    28.413   402.542  -732.024
   0.220000   -28.301  -759.445    28.783   374.129  -760.381
   0.200000   -28.984  -788.428    29.405   345.346  -789.265
   0.180000   -29.560  -817.989    30.195   315.941  -818.747
   0.160000   -30.483  -848.472    31.657   285.746  -849.086
   0.140000   -31.670  -880.141    32.917   254.089  -880.749
   0.120000   -32.798  -912.940    34.414   221.173  -913.607
   0.100000   -34.195  -947.135    35.647   186.759  -947.911
   0.080000   -35.789  -982.924    36.868   151.112  -983.629
   0.060000   -36.752 -1019.676    37.405   114.244 -1020.439
   0.040000   -37.448 -1057.125    38.123    76.839 -1057.866
   0.020000   -38.046 -1095.171    38.716    38.716 -1095.951
   0.000000   -38.660 -1133.831     0.000     0.000 -1134.639

# Min energy-gap is:   -339.51
# Max energy-gap is:   2047.57



# Part 2: Reaction free energy summary:
# Lambda(1)  bin Energy gap      dGa     dGb     dGg    # pts    c1**2    c2**2
   1.000000    2    -303.70       0.00     293.98      -2.94     95     0.990     0.010
   1.000000    3    -279.83       0.00     270.26      -3.19    178     0.989     0.011
   1.000000    4    -255.96       0.00     246.12      -3.48    238     0.987     0.013
   1.000000    5    -232.09       0.00     222.47      -3.83    403     0.984     0.016
   1.000000    6    -208.22       0.00     198.69      -4.24    318     0.981     0.019
   1.000000    7    -184.35       0.00     174.42      -4.79    265     0.975     0.025
   1.000000    8    -160.48       0.00     150.83      -5.45    212     0.968     0.032
   1.000000    9    -136.61       0.00     127.16      -6.33    103     0.958     0.042
   1.000000   10    -112.74       0.00     102.85      -7.63     33     0.941     0.059
   0.980000    5    -232.09      -1.34     220.90      -5.15     67     0.984     0.016
   0.980000    6    -208.22      -0.85     198.18      -5.10    131     0.980     0.020
   0.980000    7    -184.35      -0.39     174.43      -5.15    160     0.975     0.025
   0.980000    8    -160.48       0.10     151.05      -5.35    269     0.968     0.032
   0.980000    9    -136.61       0.56     127.47      -5.77    245     0.957     0.043
   0.980000   10    -112.74       1.04     104.04      -6.53    296     0.941     0.059
   0.980000   11     -88.87       1.50      81.15      -7.79    345     0.915     0.085
   0.980000   12     -65.00       1.96      57.91     -10.14    196     0.870     0.130
   0.980000   13     -41.13       2.42      34.18     -14.39    108     0.793     0.207
   0.980000   14     -17.26       2.90      11.52     -21.93     29     0.654     0.346
   0.980000   15       6.62       3.34      -9.34     -33.00     22     0.482     0.518
   0.960000    9    -136.61      -0.87     125.84      -7.27     27     0.956     0.044
   0.960000   10    -112.74      -0.01     103.28      -7.54     63     0.940     0.060
   0.960000   11     -88.87       0.89      80.45      -8.34     96     0.914     0.086
   0.960000   12     -65.00       1.90      57.76     -10.25    152     0.863     0.137
   0.960000   13     -41.13       2.86      34.44     -14.30    200     0.773     0.227
   0.960000   14     -17.26       3.82      11.73     -21.58    314     0.626     0.374
   0.960000   15       6.62       4.73     -11.34     -33.71    335     0.442     0.558
   0.960000   16      30.49       5.65     -33.98     -49.64    295     0.280     0.720
   0.960000   17      54.36       6.58     -56.81     -68.48    150     0.170     0.830
   0.960000   18      78.23       7.62     -80.14     -89.26    101     0.102     0.898
   0.960000   19     102.10       8.52    -102.98    -110.43     81     0.070     0.930
   0.960000   20     125.97       9.51    -125.87    -132.14     50     0.048     0.952
   0.960000   21     149.84      10.28    -147.01    -152.45     25     0.038     0.962
   0.940000   14     -17.26       2.22      10.70     -22.75     35     0.632     0.368
   0.940000   15       6.62       3.69     -12.39     -34.64     47     0.439     0.561
   0.940000   16      30.49       5.14     -34.63     -50.26     86     0.270     0.730
   0.940000   17      54.36       6.44     -56.36     -68.03     94     0.171     0.829
   0.940000   18      78.23       8.02     -79.52     -88.62    132     0.102     0.898
   0.940000   19     102.10       9.44    -102.07    -109.51    202     0.068     0.932
   0.940000   20     125.97      10.83    -124.02    -130.29    234     0.049     0.951
   0.940000   21     149.84      12.25    -146.42    -151.83    260     0.036     0.964
   0.940000   22     173.71      13.73    -168.99    -173.74    248     0.027     0.973
   0.940000   23     197.58      15.03    -191.21    -195.43    260     0.022     0.978
   0.940000   24     221.45      16.50    -214.04    -217.84    150     0.018     0.982
   0.940000   25     245.32      17.95    -235.92    -239.39     74     0.014     0.986
   0.940000   26     269.19      19.23    -256.43    -259.63     30     0.012     0.988
   0.920000   22     173.71      12.63    -169.78    -174.52     66     0.027     0.973
   0.920000   23     197.58      14.54    -191.72    -195.94     92     0.022     0.978
   0.920000   24     221.45      16.60    -214.11    -217.91    187     0.017     0.983
   0.920000   25     245.32      18.42    -235.66    -239.12    259     0.014     0.986
   0.920000   26     269.19      20.32    -257.37    -260.55    287     0.012     0.988
   0.920000   27     293.06      22.18    -279.36    -282.29    250     0.010     0.990
   0.920000   28     316.94      24.09    -301.43    -304.15    283     0.009     0.991
   0.920000   29     340.81      25.99    -323.08    -325.62    215     0.008     0.992
   0.920000   30     364.68      27.84    -344.87    -347.25    137     0.007     0.993
   0.920000   31     388.55      29.77    -366.98    -369.22     69     0.006     0.994
   0.920000   32     412.42      31.63    -386.62    -388.75     32     0.005     0.995
   0.900000   27     293.06      21.28    -280.01    -282.95     33     0.010     0.990
   0.900000   28     316.94      23.53    -301.80    -304.52     57     0.009     0.991
   0.900000   29     340.81      25.75    -323.21    -325.75    107     0.008     0.992
   0.900000   30     364.68      28.18    -344.75    -347.12    150     0.007     0.993
   0.900000   31     388.55      30.67    -366.33    -368.57    196     0.006     0.994
   0.900000   32     412.42      32.99    -387.54    -389.65    295     0.005     0.995
   0.900000   33     436.29      35.28    -409.04    -411.04    284     0.005     0.995
   0.900000   34     460.16      37.76    -430.70    -432.61    230     0.004     0.996
   0.900000   35     484.03      40.03    -451.84    -453.65    187     0.004     0.996
   0.900000   36     507.90      42.41    -472.96    -474.69    159     0.003     0.997
   0.900000   37     531.77      44.71    -494.97    -496.63     91     0.003     0.997
   0.900000   38     555.64      47.31    -516.02    -517.60     61     0.003     0.997
   0.900000   39     579.51      49.44    -537.19    -538.71     27     0.003     0.997
   0.880000   34     460.16      37.14    -432.05    -433.95     30     0.004     0.996
   0.880000   35     484.03      39.31    -452.61    -454.42     83     0.004     0.996
   0.880000   36     507.90      42.28    -473.58    -475.31    144     0.003     0.997
   0.880000   37     531.77      45.08    -494.51    -496.16    193     0.003     0.997
   0.880000   38     555.64      47.97    -515.50    -517.08    247     0.003     0.997
   0.880000   39     579.51      50.88    -536.79    -538.31    311     0.003     0.997
   0.880000   40     603.38      53.65    -557.65    -559.11    298     0.002     0.998
   0.880000   41     627.25      56.45    -578.40    -579.81    304     0.002     0.998
   0.880000   42     651.13      59.29    -599.16    -600.52    164     0.002     0.998
   0.880000   43     675.00      62.26    -620.82    -622.13     84     0.002     0.998
   0.880000   44     698.87      64.65    -641.44    -642.71     34     0.002     0.998
   0.860000   38     555.64      46.33    -516.49    -518.07     30     0.003     0.997
   0.860000   39     579.51      49.92    -537.26    -538.78     71     0.003     0.997
   0.860000   40     603.38      53.43    -558.20    -559.67    159     0.002     0.998
   0.860000   41     627.25      56.38    -578.43    -579.84    230     0.002     0.998
   0.860000   42     651.13      59.78    -598.82    -600.18    327     0.002     0.998
   0.860000   43     675.00      63.07    -619.38    -620.69    378     0.002     0.998
   0.860000   44     698.87      66.39    -640.09    -641.35    311     0.002     0.998
   0.860000   45     722.74      69.67    -660.56    -661.79    165     0.002     0.998
   0.860000   46     746.61      73.06    -681.12    -682.31    148     0.002     0.998
   0.860000   47     770.48      76.16    -701.03    -702.18     54     0.002     0.998
   0.840000   42     651.13      58.93    -600.38    -601.73     40     0.002     0.998
   0.840000   43     675.00      62.33    -620.14    -621.45    100     0.002     0.998
   0.840000   44     698.87      66.24    -640.30    -641.56    225     0.002     0.998
   0.840000   45     722.74      69.87    -660.22    -661.44    339     0.002     0.998
   0.840000   46     746.61      73.68    -679.95    -681.14    461     0.002     0.998
   0.840000   47     770.48      77.34    -699.94    -701.09    371     0.002     0.998
   0.840000   48     794.35      81.02    -719.94    -721.06    220     0.001     0.999
   0.840000   49     818.22      84.95    -739.61    -740.70    107     0.001     0.999
   0.820000   45     722.74      69.10    -661.06    -662.28     34     0.002     0.998
   0.820000   46     746.61      73.08    -680.76    -681.95    142     0.002     0.998
   0.820000   47     770.48      77.27    -700.17    -701.32    356     0.002     0.998
   0.820000   48     794.35      81.48    -719.72    -720.84    470     0.001     0.999
   0.820000   49     818.22      85.64    -738.98    -740.06    470     0.001     0.999
   0.820000   50     842.09      89.92    -758.42    -759.47    277     0.001     0.999
   0.820000   51     865.96      94.24    -778.44    -779.47     73     0.001     0.999
   0.820000   52     889.83      98.76    -797.49    -798.49     45     0.001     0.999
   0.800000   48     794.35      80.68    -720.04    -721.16     28     0.001     0.999
   0.800000   49     818.22      85.22    -739.97    -741.05     95     0.001     0.999
   0.800000   50     842.09      89.87    -758.78    -759.83    228     0.001     0.999
   0.800000   51     865.96      94.63    -777.72    -778.74    396     0.001     0.999
   0.800000   52     889.83      99.35    -796.86    -797.86    516     0.001     0.999
   0.800000   53     913.70     104.00    -815.76    -816.73    384     0.001     0.999
   0.800000   54     937.57     108.60    -834.81    -835.76    188     0.001     0.999
   0.800000   55     961.45     113.43    -854.21    -855.14     55     0.001     0.999
   0.780000   50     842.09      88.98    -759.77    -760.83     45     0.001     0.999
   0.780000   51     865.96      93.91    -778.69    -779.71    156     0.001     0.999
   0.780000   52     889.83      99.10    -797.11    -798.11    371     0.001     0.999
   0.780000   53     913.70     104.13    -815.62    -816.59    573     0.001     0.999
   0.780000   54     937.57     109.18    -833.72    -834.67    420     0.001     0.999
   0.780000   55     961.45     114.38    -852.58    -853.51    251     0.001     0.999
   0.780000   56     985.32     119.50    -871.42    -872.32     60     0.001     0.999
   0.760000   52     889.83      98.09    -798.26    -799.25     74     0.001     0.999
   0.760000   53     913.70     103.71    -816.07    -817.04    303     0.001     0.999
   0.760000   54     937.57     109.40    -834.13    -835.08    576     0.001     0.999
   0.760000   55     961.45     114.89    -851.89    -852.82    564     0.001     0.999
   0.760000   56     985.32     120.42    -869.68    -870.59    288     0.001     0.999
   0.760000   57    1009.19     125.99    -887.07    -887.95     77     0.001     0.999
   0.740000   53     913.70     103.48    -817.06    -818.03     40     0.001     0.999
   0.740000   54     937.57     109.05    -834.53    -835.48    234     0.001     0.999
   0.740000   55     961.45     114.77    -851.85    -852.78    588     0.001     0.999
   0.740000   56     985.32     120.80    -869.44    -870.35    654     0.001     0.999
   0.740000   57    1009.19     126.85    -886.57    -887.45    308     0.001     0.999
   0.740000   58    1033.06     132.87    -903.88    -904.74     71     0.001     0.999
   0.720000   54     937.57     108.35    -835.62    -836.57     46     0.001     0.999
   0.720000   55     961.45     114.38    -852.59    -853.51    239     0.001     0.999
   0.720000   56     985.32     120.90    -869.49    -870.39    594     0.001     0.999
   0.720000   57    1009.19     127.23    -886.51    -887.40    687     0.001     0.999
   0.720000   58    1033.06     133.79    -903.11    -903.97    282     0.001     0.999
   0.720000   59    1056.93     140.13    -920.53    -921.37     49     0.001     0.999
   0.700000   55     961.45     113.52    -853.26    -854.19     95     0.001     0.999
   0.700000   56     985.32     120.43    -869.83    -870.73    366     0.001     0.999
   0.700000   57    1009.19     127.27    -886.32    -887.20    718     0.001     0.999
   0.700000   58    1033.06     134.24    -902.65    -903.51    518     0.001     0.999
   0.700000   59    1056.93     141.18    -919.22    -920.06    163     0.001     0.999
   0.700000   60    1080.80     148.28    -935.97    -936.80     30     0.001     0.999
   0.680000   56     985.32     119.66    -870.21    -871.12    203     0.001     0.999
   0.680000   57    1009.19     127.06    -886.25    -887.14    586     0.001     0.999
   0.680000   58    1033.06     134.54    -902.51    -903.38    678     0.001     0.999
   0.680000   59    1056.93     141.86    -918.42    -919.26    360     0.001     0.999
   0.680000   60    1080.80     149.32    -934.18    -935.00     54     0.001     0.999
   0.660000   56     985.32     118.88    -871.14    -872.04     64     0.001     0.999
   0.660000   57    1009.19     126.62    -886.85    -887.73    292     0.001     0.999
   0.660000   58    1033.06     134.35    -902.42    -903.29    652     0.001     0.999
   0.660000   59    1056.93     142.14    -917.88    -918.72    656     0.001     0.999
   0.660000   60    1080.80     149.96    -932.98    -933.80    219     0.001     0.999
   0.640000   58    1033.06     134.23    -903.08    -903.94    108     0.001     0.999
   0.640000   59    1056.93     142.19    -918.03    -918.87    374     0.001     0.999
   0.640000   60    1080.80     150.73    -933.34    -934.16    646     0.001     0.999
   0.640000   61    1104.67     159.08    -948.19    -949.00    561     0.001     0.999
   0.640000   62    1128.54     167.65    -962.78    -963.57    194     0.001     0.999
   0.620000   59    1056.93     141.89    -918.58    -919.42    110     0.001     0.999
   0.620000   60    1080.80     150.69    -933.52    -934.34    393     0.001     0.999
   0.620000   61    1104.67     159.34    -948.13    -948.93    749     0.001     0.999
   0.620000   62    1128.54     167.99    -962.31    -963.10    503     0.001     0.999
   0.620000   63    1152.41     177.01    -977.18    -977.95    118     0.001     0.999
   0.600000   59    1056.93     139.95    -919.30    -920.14     23     0.001     0.999
   0.600000   60    1080.80     149.66    -934.13    -934.95    148     0.001     0.999
   0.600000   61    1104.67     159.04    -948.22    -949.03    518     0.001     0.999
   0.600000   62    1128.54     168.35    -962.30    -963.08    771     0.001     0.999
   0.600000   63    1152.41     177.53    -976.30    -977.07    367     0.001     0.999
   0.600000   64    1176.28     186.87    -987.51    -988.27     68     0.001     0.999
   0.580000   60    1080.80     151.55    -934.73    -935.55     30     0.001     0.999
   0.580000   61    1104.67     158.31    -948.94    -949.75    226     0.001     0.999
   0.580000   62    1128.54     168.46    -962.43    -963.22    683     0.001     0.999
   0.580000   63    1152.41     177.94    -975.82    -976.59    632     0.001     0.999
   0.580000   64    1176.28     187.70    -989.58    -990.34    289     0.001     0.999
   0.580000   65    1200.15     197.78   -1002.25   -1002.99     38     0.001     0.999
   0.560000   61    1104.67     157.91    -949.67    -950.47     52     0.001     0.999
   0.560000   62    1128.54     168.06    -962.91    -963.70    323     0.001     0.999
   0.560000   63    1152.41     178.14    -975.74    -976.51    750     0.001     0.999
   0.560000   64    1176.28     188.17    -988.84    -989.60    619     0.001     0.999
   0.560000   65    1200.15     198.47   -1002.06   -1002.80    133     0.001     0.999
   0.540000   62    1128.54     167.40    -963.34    -964.13    167     0.001     0.999
   0.540000   63    1152.41     177.51    -975.90    -976.67    497     0.001     0.999
   0.540000   64    1176.28     188.39    -988.67    -989.42    684     0.001     0.999
   0.540000   65    1200.15     199.20   -1001.29   -1002.03    430     0.001     0.999
   0.540000   66    1224.02     210.01   -1013.68   -1014.41    105     0.001     0.999
   0.520000   62    1128.54     168.28    -964.38    -965.17     43     0.001     0.999
   0.520000   63    1152.41     177.13    -976.35    -977.12    311     0.001     0.999
   0.520000   64    1176.28     188.39    -988.73    -989.49    643     0.001     0.999
   0.520000   65    1200.15     199.43   -1001.03   -1001.77    620     0.001     0.999
   0.520000   66    1224.02     210.72   -1012.47   -1013.20    239     0.001     0.999
   0.520000   67    1247.89     222.33   -1024.03   -1024.74     43     0.001     0.999
   0.500000   63    1152.41     176.51    -977.36    -978.14    113     0.001     0.999
   0.500000   64    1176.28     187.95    -989.02    -989.78    410     0.001     0.999
   0.500000   65    1200.15     199.48   -1000.70   -1001.44    793     0.001     0.999
   0.500000   66    1224.02     211.07   -1012.22   -1012.95    502     0.001     0.999
   0.500000   67    1247.89     222.69   -1023.62   -1024.33     80     0.001     0.999
   0.480000   64    1176.28     187.79    -989.65    -990.41    187     0.001     0.999
   0.480000   65    1200.15     199.37   -1000.73   -1001.48    749     0.001     0.999
   0.480000   66    1224.02     211.40   -1011.85   -1012.58    732     0.001     0.999
   0.480000   67    1247.89     223.36   -1022.32   -1023.03    218     0.001     0.999
   0.460000   64    1176.28     188.10    -990.04    -990.80     44     0.001     0.999
   0.460000   65    1200.15     199.12   -1001.10   -1001.85    466     0.001     0.999
   0.460000   66    1224.02     211.47   -1011.79   -1012.52    802     0.001     0.999
   0.460000   67    1247.89     224.12   -1022.20   -1022.92    507     0.001     0.999
   0.460000   68    1271.77     236.56   -1033.39   -1034.09     72     0.001     0.999
   0.440000   64    1176.28     187.15    -991.13    -991.89     22     0.001     0.999
   0.440000   65    1200.15     198.54   -1001.58   -1002.33    199     0.001     0.999
   0.440000   66    1224.02     211.34   -1011.89   -1012.62    629     0.001     0.999
   0.440000   67    1247.89     224.49   -1022.04   -1022.76    749     0.001     0.999
   0.440000   68    1271.77     237.50   -1031.82   -1032.53    264     0.001     0.999
   0.440000   69    1295.64     250.76   -1040.96   -1041.65     34     0.001     0.999
   0.420000   65    1200.15     197.59   -1002.34   -1003.08     50     0.001     0.999
   0.420000   66    1224.02     211.22   -1012.31   -1013.04    378     0.001     0.999
   0.420000   67    1247.89     224.40   -1021.98   -1022.69    793     0.001     0.999
   0.420000   68    1271.77     237.87   -1031.58   -1032.28    544     0.001     0.999
   0.420000   69    1295.64     251.49   -1041.20   -1041.89    130     0.001     0.999
   0.400000   65    1200.15     197.22   -1003.62   -1004.36     20     0.001     0.999
   0.400000   66    1224.02     210.21   -1012.74   -1013.46    202     0.001     0.999
   0.400000   67    1247.89     223.99   -1022.09   -1022.80    515     0.001     0.999
   0.400000   68    1271.77     238.06   -1031.34   -1032.05    661     0.001     0.999
   0.400000   69    1295.64     252.20   -1040.83   -1041.52    410     0.001     0.999
   0.400000   70    1319.51     266.26   -1049.43   -1050.11     84     0.001     0.999
   0.380000   66    1224.02     208.67   -1013.49   -1014.22    105     0.001     0.999
   0.380000   67    1247.89     223.46   -1022.38   -1023.09    356     0.001     0.999
   0.380000   68    1271.77     237.90   -1031.22   -1031.92    579     0.001     0.999
   0.380000   69    1295.64     252.56   -1040.22   -1040.91    555     0.001     0.999
   0.380000   70    1319.51     267.22   -1049.24   -1049.92    250     0.001     0.999
   0.380000   71    1343.38     281.46   -1057.36   -1058.02     42     0.001     0.999
   0.360000   67    1247.89     222.33   -1023.23   -1023.94    141     0.001     0.999
   0.360000   68    1271.77     237.87   -1031.58   -1032.29    512     0.001     0.999
   0.360000   69    1295.64     252.63   -1039.96   -1040.65    722     0.001     0.999
   0.360000   70    1319.51     267.73   -1048.25   -1048.93    385     0.001     0.999
   0.360000   71    1343.38     282.57   -1056.02   -1056.68    117     0.001     0.999
   0.340000   68    1271.77     238.06   -1032.33   -1033.03    215     0.001     0.999
   0.340000   69    1295.64     252.50   -1040.07   -1040.76    658     0.001     0.999
   0.340000   70    1319.51     268.04   -1047.73   -1048.40    714     0.001     0.999
   0.340000   71    1343.38     283.52   -1055.82   -1056.48    263     0.000     1.000
   0.340000   72    1367.25     299.19   -1064.25   -1064.90     32     0.000     1.000
   0.320000   68    1271.77     235.95   -1032.69   -1033.39    132     0.001     0.999
   0.320000   69    1295.64     252.29   -1040.37   -1041.06    405     0.001     0.999
   0.320000   70    1319.51     267.83   -1047.63   -1048.31    611     0.001     0.999
   0.320000   71    1343.38     284.07   -1055.34   -1056.00    529     0.000     1.000
   0.320000   72    1367.25     299.96   -1062.63   -1063.28    184     0.000     1.000
   0.320000   73    1391.12     316.20   -1069.71   -1070.36     27     0.000     1.000
   0.300000   68    1271.77     238.61   -1033.93   -1034.63     30     0.001     0.999
   0.300000   69    1295.64     251.02   -1040.89   -1041.58    205     0.001     0.999
   0.300000   70    1319.51     267.61   -1047.90   -1048.58    508     0.001     0.999
   0.300000   71    1343.38     284.01   -1054.87   -1055.53    635     0.000     1.000
   0.300000   72    1367.25     300.60   -1062.04   -1062.69    340     0.000     1.000
   0.300000   73    1391.12     317.44   -1069.01   -1069.65    152     0.000     1.000
   0.300000   74    1414.99     334.31   -1075.65   -1076.28     27     0.000     1.000
   0.280000   69    1295.64     250.17   -1041.92   -1042.61     59     0.001     0.999
   0.280000   70    1319.51     267.06   -1048.49   -1049.16    265     0.001     0.999
   0.280000   71    1343.38     283.96   -1054.92   -1055.59    541     0.000     1.000
   0.280000   72    1367.25     301.02   -1061.47   -1062.13    589     0.000     1.000
   0.280000   73    1391.12     317.85   -1067.76   -1068.40    343     0.000     1.000
   0.280000   74    1414.99     335.19   -1074.29   -1074.93     83     0.000     1.000
   0.260000   70    1319.51     266.02   -1049.63   -1050.31     41     0.001     0.999
   0.260000   71    1343.38     283.51   -1055.51   -1056.18    269     0.000     1.000
   0.260000   72    1367.25     300.80   -1061.40   -1062.05    609     0.000     1.000
   0.260000   73    1391.12     318.19   -1067.44   -1068.08    639     0.000     1.000
   0.260000   74    1414.99     335.86   -1073.55   -1074.18    285     0.000     1.000
   0.260000   75    1438.86     353.29   -1079.21   -1079.83     46     0.000     1.000
   0.240000   71    1343.38     282.24   -1056.21   -1056.88     81     0.000     1.000
   0.240000   72    1367.25     300.57   -1061.93   -1062.58    306     0.000     1.000
   0.240000   73    1391.12     318.32   -1067.47   -1068.11    599     0.000     1.000
   0.240000   74    1414.99     336.32   -1072.99   -1073.62    546     0.000     1.000
   0.240000   75    1438.86     354.33   -1078.46   -1079.08    284     0.000     1.000
   0.240000   76    1462.73     372.15   -1084.14   -1084.75     58     0.000     1.000
   0.220000   72    1367.25     302.63   -1062.86   -1063.51     49     0.000     1.000
   0.220000   73    1391.12     317.76   -1067.98   -1068.62    218     0.000     1.000
   0.220000   74    1414.99     336.25   -1073.09   -1073.72    534     0.000     1.000
   0.220000   75    1438.86     354.77   -1078.22   -1078.84    580     0.000     1.000
   0.220000   76    1462.73     373.30   -1083.26   -1083.87    375     0.000     1.000
   0.220000   77    1486.60     391.44   -1088.34   -1088.95    112     0.000     1.000
   0.220000   78    1510.47     411.05   -1093.54   -1094.13     22     0.000     1.000
   0.200000   73    1391.12     316.65   -1068.81   -1069.45     97     0.000     1.000
   0.200000   74    1414.99     335.39   -1073.50   -1074.14    250     0.000     1.000
   0.200000   75    1438.86     354.46   -1078.26   -1078.88    430     0.000     1.000
   0.200000   76    1462.73     373.37   -1082.97   -1083.59    502     0.000     1.000
   0.200000   77    1486.60     392.49   -1087.67   -1088.27    345     0.000     1.000
   0.200000   78    1510.47     411.52   -1092.22   -1092.81    207     0.000     1.000
   0.200000   79    1534.34     430.17   -1096.71   -1097.30     51     0.000     1.000
   0.180000   74    1414.99     335.11   -1074.65   -1075.28     68     0.000     1.000
   0.180000   75    1438.86     353.57   -1078.90   -1079.52    176     0.000     1.000
   0.180000   76    1462.73     373.08   -1083.07   -1083.68    322     0.000     1.000
   0.180000   77    1486.60     392.46   -1087.43   -1088.04    399     0.000     1.000
   0.180000   78    1510.47     412.10   -1091.56   -1092.16    444     0.000     1.000
   0.180000   79    1534.34     431.63   -1095.78   -1096.36    293     0.000     1.000
   0.180000   80    1558.21     451.43   -1100.02   -1100.59    119     0.000     1.000
   0.180000   81    1582.09     470.38   -1104.34   -1104.90     48     0.000     1.000
   0.160000   75    1438.86     352.96   -1080.45   -1081.08     37     0.000     1.000
   0.160000   76    1462.73     372.11   -1083.94   -1084.55     97     0.000     1.000
   0.160000   77    1486.60     392.06   -1087.86   -1088.46    190     0.000     1.000
   0.160000   78    1510.47     411.97   -1091.58   -1092.17    297     0.000     1.000
   0.160000   79    1534.34     432.00   -1095.35   -1095.93    277     0.000     1.000
   0.160000   80    1558.21     451.93   -1099.33   -1099.91    320     0.000     1.000
   0.160000   81    1582.09     471.91   -1103.01   -1103.57    333     0.000     1.000
   0.160000   82    1605.96     491.70   -1106.63   -1107.19    211     0.000     1.000
   0.160000   83    1629.83     511.59   -1110.29   -1110.84     90     0.000     1.000
   0.160000   84    1653.70     532.21   -1113.72   -1114.26     37     0.000     1.000
   0.140000   79    1534.34     430.44   -1096.33   -1096.92     98     0.000     1.000
   0.140000   80    1558.21     451.24   -1099.57   -1100.15    196     0.000     1.000
   0.140000   81    1582.09     471.77   -1102.99   -1103.55    405     0.000     1.000
   0.140000   82    1605.96     492.45   -1106.21   -1106.76    443     0.000     1.000
   0.140000   83    1629.83     512.64   -1109.48   -1110.03    323     0.000     1.000
   0.140000   84    1653.70     533.33   -1112.85   -1113.39    223     0.000     1.000
   0.140000   85    1677.57     553.68   -1116.18   -1116.71    129     0.000     1.000
   0.140000   86    1701.44     573.81   -1119.09   -1119.62     45     0.000     1.000
   0.120000   80    1558.21     450.31   -1101.37   -1101.94     22     0.000     1.000
   0.120000   81    1582.09     470.83   -1104.03   -1104.60     39     0.000     1.000
   0.120000   82    1605.96     492.05   -1106.95   -1107.51     90     0.000     1.000
   0.120000   83    1629.83     512.36   -1109.68   -1110.23    197     0.000     1.000
   0.120000   84    1653.70     533.19   -1112.65   -1113.19    336     0.000     1.000
   0.120000   85    1677.57     554.26   -1115.39   -1115.92    397     0.000     1.000
   0.120000   86    1701.44     575.27   -1118.20   -1118.73    382     0.000     1.000
   0.120000   87    1725.31     596.24   -1121.12   -1121.64    247     0.000     1.000
   0.120000   88    1749.18     617.06   -1123.81   -1124.33    140     0.000     1.000
   0.120000   89    1773.05     638.06   -1126.54   -1127.04     39     0.000     1.000
   0.100000   84    1653.70     531.85   -1113.77   -1114.32     52     0.000     1.000
   0.100000   85    1677.57     553.11   -1116.14   -1116.68     88     0.000     1.000
   0.100000   86    1701.44     574.77   -1118.50   -1119.03    174     0.000     1.000
   0.100000   87    1725.31     596.40   -1120.82   -1121.34    313     0.000     1.000
   0.100000   88    1749.18     617.81   -1123.23   -1123.74    310     0.000     1.000
   0.100000   89    1773.05     639.31   -1125.56   -1126.07    378     0.000     1.000
   0.100000   90    1796.92     660.57   -1127.87   -1128.37    299     0.000     1.000
   0.100000   91    1820.79     682.12   -1130.28   -1130.77    193     0.000     1.000
   0.100000   92    1844.66     703.56   -1132.73   -1133.21     63     0.000     1.000
   0.080000   87    1725.31     595.55   -1122.10   -1122.62     61     0.000     1.000
   0.080000   88    1749.18     616.84   -1123.89   -1124.41    166     0.000     1.000
   0.080000   89    1773.05     639.05   -1125.82   -1126.32    326     0.000     1.000
   0.080000   90    1796.92     660.66   -1127.63   -1128.13    492     0.000     1.000
   0.080000   91    1820.79     682.54   -1129.46   -1129.95    436     0.000     1.000
   0.080000   92    1844.66     704.35   -1131.35   -1131.84    233     0.000     1.000
   0.080000   93    1868.53     726.60   -1133.19   -1133.67     90     0.000     1.000
   0.080000   94    1892.41     748.28   -1135.18   -1135.65     59     0.000     1.000
   0.060000   90    1796.92     659.96   -1128.45   -1128.95     83     0.000     1.000
   0.060000   91    1820.79     682.50   -1129.94   -1130.43    249     0.000     1.000
   0.060000   92    1844.66     704.73   -1131.33   -1131.82    488     0.000     1.000
   0.060000   93    1868.53     726.99   -1132.67   -1133.15    639     0.000     1.000
   0.060000   94    1892.41     749.16   -1134.01   -1134.49    342     0.000     1.000
   0.060000   95    1916.28     771.42   -1135.35   -1135.82     63     0.000     1.000
   0.040000   91    1820.79     680.90   -1130.87   -1131.36     98     0.000     1.000
   0.040000   92    1844.66     704.06   -1131.77   -1132.26    220     0.000     1.000
   0.040000   93    1868.53     727.09   -1132.71   -1133.20    428     0.000     1.000
   0.040000   94    1892.41     749.59   -1133.61   -1134.09    583     0.000     1.000
   0.040000   95    1916.28     772.27   -1134.52   -1134.99    385     0.000     1.000
   0.040000   96    1940.15     795.21   -1135.44   -1135.91    152     0.000     1.000
   0.040000   97    1964.02     817.84   -1136.20   -1136.66     25     0.000     1.000
   0.020000   93    1868.53     725.97   -1133.37   -1133.85    159     0.000     1.000
   0.020000   94    1892.41     749.40   -1133.83   -1134.31    386     0.000     1.000
   0.020000   95    1916.28     772.60   -1134.31   -1134.77    590     0.000     1.000
   0.020000   96    1940.15     795.64   -1134.75   -1135.21    482     0.000     1.000
   0.020000   97    1964.02     819.10   -1135.20   -1135.66    224     0.000     1.000
   0.020000   98    1987.89     841.74   -1135.59   -1136.05     39     0.000     1.000
   0.000000   94    1892.41     749.35   -1134.64   -1135.11    113     0.000     1.000
   0.000000   95    1916.28     772.13   -1134.64   -1135.11    344     0.000     1.000
   0.000000   96    1940.15     795.94   -1134.64   -1135.10    560     0.000     1.000
   0.000000   97    1964.02     819.59   -1134.64   -1135.10    518     0.000     1.000
   0.000000   98    1987.89     843.01   -1134.64   -1135.09    289     0.000     1.000
   0.000000   99    2011.76     866.91   -1134.64   -1135.09     65     0.000     1.000


# Part 3: Bin-averaged summary:
# bin  energy gap  <dGg> <dGg norm> pts  <c1**2> <c2**2> <r_xy>
   2   -303.70     -2.94   1132.37         95    0.990    0.010    6.343
   3   -279.83     -3.19   1132.12        178    0.989    0.011    6.329
   4   -255.96     -3.48   1131.83        238    0.987    0.013    6.373
   5   -232.09     -4.02   1131.29        470    0.984    0.016    6.383
   6   -208.22     -4.49   1130.82        449    0.980    0.020    6.383
   7   -184.35     -4.92   1130.39        425    0.975    0.025    6.338
   8   -160.48     -5.40   1129.92        481    0.968    0.032    6.288
   9   -136.61     -6.03   1129.28        375    0.958    0.042    6.270
  10   -112.74     -6.78   1128.53        392    0.941    0.059    6.276
  11    -88.87     -7.91   1127.40        441    0.915    0.085    6.303
  12    -65.00    -10.19   1125.12        348    0.867    0.133    6.319
  13    -41.13    -14.33   1120.98        308    0.780    0.220    6.329
  14    -17.26    -21.72   1113.59        378    0.629    0.371    6.324
  15      6.62    -33.78   1101.53        404    0.444    0.556    6.328
  16     30.49    -49.78   1085.53        381    0.278    0.722    6.293
  17     54.36    -68.31   1067.00        244    0.170    0.830    6.251
  18     78.23    -88.90   1046.41        233    0.102    0.898    6.226
  19    102.10   -109.77   1025.54        283    0.069    0.931    6.160
  20    125.97   -130.62   1004.69        284    0.049    0.951    6.228
  21    149.84   -151.88    983.43        285    0.036    0.964    6.238
  22    173.71   -173.90    961.41        314    0.027    0.973    6.242
  23    197.58   -195.56    939.75        352    0.022    0.978    6.267
  24    221.45   -217.88    917.43        337    0.017    0.983    6.224
  25    245.32   -239.18    896.13        333    0.014    0.986    6.184
  26    269.19   -260.46    874.85        317    0.012    0.988    6.214
  27    293.06   -282.37    852.94        283    0.010    0.990    6.166
  28    316.94   -304.21    831.10        340    0.009    0.991    6.160
  29    340.81   -325.66    809.65        322    0.008    0.992    6.091
  30    364.68   -347.19    788.13        287    0.007    0.993    6.112
  31    388.55   -368.74    766.57        265    0.006    0.994    6.139
  32    412.42   -389.56    745.75        327    0.005    0.995    6.132
  33    436.29   -411.04    724.27        284    0.005    0.995    6.130
  34    460.16   -432.76    702.55        260    0.004    0.996    6.095
  35    484.03   -453.89    681.42        270    0.004    0.996    6.098
  36    507.90   -474.99    660.33        303    0.003    0.997    6.100
  37    531.77   -496.31    639.00        284    0.003    0.997    6.135
  38    555.64   -517.26    618.05        338    0.003    0.997    6.110
  39    579.51   -538.42    596.89        409    0.003    0.997    6.082
  40    603.38   -559.31    576.01        457    0.002    0.998    6.045
  41    627.25   -579.82    555.49        534    0.002    0.998    6.035
  42    651.13   -600.40    534.91        531    0.002    0.998    6.019
  43    675.00   -621.04    514.27        562    0.002    0.998    6.040
  44    698.87   -641.51    493.80        570    0.002    0.998    6.048
  45    722.74   -661.60    473.71        538    0.002    0.998    6.038
  46    746.61   -681.52    453.79        751    0.002    0.998    6.027
  47    770.48   -701.27    434.04        781    0.002    0.998    6.005
  48    794.35   -720.92    414.40        718    0.001    0.999    5.924
  49    818.22   -740.30    395.01        672    0.001    0.999    5.838
  50    842.09   -759.73    375.58        550    0.001    0.999    5.677
  51    865.96   -779.07    356.24        625    0.001    0.999    5.505
  52    889.83   -798.08    337.23       1006    0.001    0.999    5.492
  53    913.70   -816.78    318.53       1300    0.001    0.999    5.459
  54    937.57   -835.16    300.15       1464    0.001    0.999    5.389
  55    961.45   -853.14    282.17       1792    0.001    0.999    5.251
  56    985.32   -870.62    264.69       2229    0.001    0.999    5.003
  57   1009.19   -887.34    247.97       2668    0.001    0.999    4.799
  58   1033.06   -903.52    231.79       2309    0.001    0.999    4.732
  59   1056.93   -919.13    216.18       1735    0.001    0.999    4.880
  60   1080.80   -934.34    200.97       1520    0.001    0.999    5.242
  61   1104.67   -949.10    186.21       2106    0.001    0.999    5.372
  62   1128.54   -963.33    171.98       2684    0.001    0.999    5.372
  63   1152.41   -976.83    158.49       2788    0.001    0.999    5.293
  64   1176.28   -989.69    145.62       2966    0.001    0.999    5.267
  65   1200.15  -1001.79    133.52       3498    0.001    0.999    5.312
  66   1224.02  -1012.86    122.46       3694    0.001    0.999    5.360
  67   1247.89  -1022.94    112.38       3402    0.001    0.999    5.376
  68   1271.77  -1032.35    102.96       3009    0.001    0.999    5.382
  69   1295.64  -1041.04     94.27       3178    0.001    0.999    5.394
  70   1319.51  -1048.77     86.55       2858    0.001    0.999    5.446
  71   1343.38  -1055.96     79.35       2477    0.000    1.000    5.498
  72   1367.25  -1062.44     72.88       2109    0.000    1.000    5.510
  73   1391.12  -1068.41     66.90       2075    0.000    1.000    5.508
  74   1414.99  -1073.97     61.34       1793    0.000    1.000    5.480
  75   1438.86  -1079.05     56.26       1553    0.000    1.000    5.487
  76   1462.73  -1083.81     51.51       1354    0.000    1.000    5.499
  77   1486.60  -1088.29     47.02       1046    0.000    1.000    5.528
  78   1510.47  -1092.34     42.97        970    0.000    1.000    5.560
  79   1534.34  -1096.34     38.98        719    0.000    1.000    5.575
  80   1558.21  -1100.17     35.14        657    0.000    1.000    5.605
  81   1582.09  -1103.69     31.62        825    0.000    1.000    5.644
  82   1605.96  -1106.97     28.34        744    0.000    1.000    5.692
  83   1629.83  -1110.21     25.10        610    0.000    1.000    5.741
  84   1653.70  -1113.41     21.90        648    0.000    1.000    5.756
  85   1677.57  -1116.20     19.12        614    0.000    1.000    5.815
  86   1701.44  -1118.88     16.43        601    0.000    1.000    5.844
  87   1725.31  -1121.59     13.73        621    0.000    1.000    5.836
  88   1749.18  -1124.05     11.26        616    0.000    1.000    5.847
  89   1773.05  -1126.23      9.08        743    0.000    1.000    5.858
  90   1796.92  -1128.29      7.02        874    0.000    1.000    5.876
  91   1820.79  -1130.38      4.94        976    0.000    1.000    5.872
  92   1844.66  -1132.01      3.31       1004    0.000    1.000    5.888
  93   1868.53  -1133.28      2.03       1316    0.000    1.000    5.859
  94   1892.41  -1134.38      0.94       1483    0.000    1.000    5.819
  95   1916.28  -1134.97      0.35       1382    0.000    1.000    5.775
  96   1940.15  -1135.25      0.06       1194    0.000    1.000    5.708
  97   1964.02  -1135.31      0.00        767    0.000    1.000    5.697
  98   1987.89  -1135.21      0.11        328    0.000    1.000    5.634
  99   2011.76  -1135.09      0.22         65    0.000    1.000    5.593
