
Build and version information

Build number 6.0.15
Build date   20240314
Built:       
      by     p315462
      on     login1
      git id adc28a635c78993922188615a73366ace3402081
      with   GNU Fortran GCC 11.3.0
qfep version 6.0.15 , git id=adc28a635c78993922188615a73366ace3402081 initialising
Current date 2024- 4-18 and time 17: 9:52

Welcome in qfep modification date 20240314

 Q6, Copyright © 2017 Johan Åqvist, John Marelius, Shina Caroline Lynn Kamerlin and Paul Bauer
 Q6 comes with ABSOLUTELY NO WARRANTY.  This is free software, and you are welcome
 to redistribute it under certain conditions. For details, add the --help flag.
--> Number of energy files: # Number of files                 =    51
--> No. of states, no. of predefined off-diag elements: # Number of states                 =     2
# Number of off-diagonal elements =     0
--> Give kT & no, of pts to skip   & calculation mode: # kT                              = 0.592
# Number of data points to skip   =   100
# Only QQ interactions will be considered   =   0
--> Give number of gap-bins: # Number of gap-bins              =   100
--> Give minimum # pts/bin: # Minimum number of points per bin=    20
--> Give alpha for state  2:                                                    # Alpha for state  2              =  -520.50
--> Number of off-diagonal elements:# Number of off-diagonal elements =     1
#   i   j   A(i,j)  mu(i,j) eta(i,j) rxy0(i,j)
--> i, j, A_ij, mu_ij, eta_ij, r_xy0: #   1   2     30.00      0.00      0.00      0.00
--> linear combination of states defining reaction coord: # Linear combination co-efficients=  1.00 -1.00


# Part 0: Average energies for all states in all files
# file             state   pts   lambda    EQtot   EQbond  EQang   EQtor   EQimp    EQel   EQvdW  Eel_qq  EvdW_qq Eel_qp  EvdW_qp Eel_qw EvdW_qw Eqrstr
--> Name of file number   1:                                                     
# Energy files from Qdyn, version: 6.0.16 , git id=adc28a635c78993922188615a73366ace3402081                        
fep_050_1.000.en        1      1899  1.000000  -10023.69   -9780.21    10.89     9.00     0.00  -250.12   -13.25   -57.88     7.69   -16.18     0.11  -176.07   -21.04     0.00
fep_050_1.000.en        2      1899  0.000000   -9212.30   -9616.33   227.09    19.91     0.00  -330.25   487.28  -181.91   508.64    -9.39     0.15  -138.94   -21.51     0.00
--> Name of file number   2:                                                     
# Energy files from Qdyn, version: 6.0.16 , git id=adc28a635c78993922188615a73366ace3402081                        
fep_049_0.980.en        1      1899  0.980000  -10020.22   -9779.83    12.04     9.10     0.00  -250.64   -10.89   -60.07     8.90   -15.07    -0.11  -175.50   -19.68     0.00
fep_049_0.980.en        2      1899  0.020000   -9381.66   -9698.79   226.56    18.06     0.00  -317.32   389.83  -172.86   410.04    -8.62    -0.07  -135.84   -20.14     0.00
--> Name of file number   3:                                                     
# Energy files from Qdyn, version: 6.0.16 , git id=adc28a635c78993922188615a73366ace3402081                        
fep_048_0.960.en        1      1899  0.960000  -10012.43   -9777.45    11.30     9.64     0.00  -248.04    -7.88   -59.37    12.07   -16.31     0.19  -172.35   -20.15     0.00
fep_048_0.960.en        2      1899  0.040000   -9594.91   -9801.79   163.54    11.25     0.00  -306.18   338.27  -164.17   358.59    -9.08     0.24  -132.93   -20.55     0.00
--> Name of file number   4:                                                     
# Energy files from Qdyn, version: 6.0.16 , git id=adc28a635c78993922188615a73366ace3402081                        
fep_047_0.940.en        1      1899  0.940000  -10013.97   -9773.08    11.03     9.22     0.00  -256.97    -4.17   -61.41    15.97   -16.15     0.61  -179.42   -20.75     0.00
fep_047_0.940.en        2      1899  0.060000   -9768.54   -9913.94   147.57     6.65     0.00  -306.65   297.83  -155.30   318.35    -8.64     0.65  -142.70   -21.17     0.00
--> Name of file number   5:                                                     
# Energy files from Qdyn, version: 6.0.16 , git id=adc28a635c78993922188615a73366ace3402081                        
fep_046_0.920.en        1      1899  0.920000  -10008.20   -9768.49    10.70     9.41     0.00  -260.92     1.11   -61.39    19.92   -14.69     0.09  -184.84   -18.90     0.00
fep_046_0.920.en        2      1899  0.080000   -9903.90  -10015.75   142.23     4.47     0.00  -304.20   269.35  -146.51   288.54    -8.33     0.14  -149.36   -19.32     0.00
--> Name of file number   6:                                                     
# Energy files from Qdyn, version: 6.0.16 , git id=adc28a635c78993922188615a73366ace3402081                        
fep_000_0.900.en        1      1899  0.900000   -9995.43   -9763.40    10.49     9.37     0.00  -256.71     4.81   -64.22    24.79   -15.40     0.14  -177.09   -20.12     0.00
fep_000_0.900.en        2      1899  0.100000   -9996.14  -10082.03   136.62     6.68     0.00  -296.39   238.97  -142.38   259.40    -9.02     0.17  -144.99   -20.60     0.00
--> Name of file number   7:                                                     
# Energy files from Qdyn, version: 6.0.16 , git id=adc28a635c78993922188615a73366ace3402081                        
fep_001_0.880.en        1      1899  0.880000   -9979.13   -9756.21    10.65     9.47     0.00  -256.46    13.42   -63.43    31.95   -14.73    -0.03  -178.31   -18.51     0.00
fep_001_0.880.en        2      1899  0.120000  -10129.75  -10193.27   126.13     9.14     0.00  -294.71   222.95  -137.26   241.86    -8.15     0.01  -149.30   -18.92     0.00
--> Name of file number   8:                                                     
# Energy files from Qdyn, version: 6.0.16 , git id=adc28a635c78993922188615a73366ace3402081                        
fep_002_0.860.en        1      1899  0.860000   -9944.49   -9747.26    13.27     9.64     0.00  -243.82    23.68   -63.35    42.19   -16.16     0.76  -164.31   -19.27     0.00
fep_002_0.860.en        2      1899  0.140000  -10246.23  -10316.86   117.93    10.12     0.00  -274.23   216.82  -131.42   235.69    -9.21     0.81  -133.60   -19.69     0.00
--> Name of file number   9:                                                     
# Energy files from Qdyn, version: 6.0.16 , git id=adc28a635c78993922188615a73366ace3402081                        
fep_003_0.840.en        1      1899  0.840000   -9926.71   -9735.75    13.51     9.76     0.00  -244.75    30.52   -60.52    50.11   -16.38     0.86  -167.84   -20.45     0.00
fep_003_0.840.en        2      1899  0.160000  -10378.07  -10406.81   105.53    10.64     0.00  -280.66   193.23  -130.69   213.25    -9.59     0.90  -140.38   -20.92     0.00
--> Name of file number  10:                                                     
# Energy files from Qdyn, version: 6.0.16 , git id=adc28a635c78993922188615a73366ace3402081                        
fep_004_0.820.en        1      1899  0.820000   -9893.07   -9720.70    15.16     9.49     0.00  -237.67    40.66   -62.25    58.23   -16.60     0.86  -158.82   -18.44     0.00
fep_004_0.820.en        2      1899  0.180000  -10486.12  -10495.90    96.26     8.77     0.00  -271.23   175.98  -127.66   193.93    -9.57     0.91  -134.00   -18.85     0.00
--> Name of file number  11:                                                     
# Energy files from Qdyn, version: 6.0.16 , git id=adc28a635c78993922188615a73366ace3402081                        
fep_005_0.800.en        1      1899  0.800000   -9873.67   -9702.31    16.62     9.85     0.00  -245.50    47.67   -62.95    65.53   -16.66     0.82  -165.90   -18.68     0.00
fep_005_0.800.en        2      1899  0.200000  -10609.62  -10573.26    85.00     9.03     0.00  -278.02   147.63  -124.17   165.84    -9.74     0.87  -144.12   -19.07     0.00
--> Name of file number  12:                                                     
# Energy files from Qdyn, version: 6.0.16 , git id=adc28a635c78993922188615a73366ace3402081                        
fep_006_0.780.en        1      1899  0.780000   -9847.66   -9680.85    18.25     9.90     0.00  -247.87    52.91   -60.50    70.47   -16.40     0.73  -170.97   -18.29     0.00
fep_006_0.780.en        2      1899  0.220000  -10730.80  -10640.11    62.48     7.63     0.00  -281.28   120.49  -119.12   138.37    -9.92     0.78  -152.24   -18.67     0.00
--> Name of file number  13:                                                     
# Energy files from Qdyn, version: 6.0.16 , git id=adc28a635c78993922188615a73366ace3402081                        
fep_007_0.760.en        1      1899  0.760000   -9826.03   -9662.13    22.09     9.69     0.00  -251.46    55.78   -63.53    73.45   -15.55     0.45  -172.39   -18.12     0.00
fep_007_0.760.en        2      1899  0.240000  -10815.63  -10689.02    49.13     8.33     0.00  -281.62    97.55  -117.16   115.56    -9.43     0.50  -155.03   -18.50     0.00
--> Name of file number  14:                                                     
# Energy files from Qdyn, version: 6.0.16 , git id=adc28a635c78993922188615a73366ace3402081                        
fep_008_0.740.en        1      1899  0.740000   -9814.31   -9651.27    26.48     8.92     0.00  -251.88    53.45   -63.85    72.20   -15.61     0.78  -172.42   -19.53     0.00
fep_008_0.740.en        2      1899  0.260000  -10881.57  -10731.68    43.44     6.05     0.00  -281.20    81.83  -117.76   100.89    -9.46     0.83  -153.99   -19.90     0.00
--> Name of file number  15:                                                     
# Energy files from Qdyn, version: 6.0.16 , git id=adc28a635c78993922188615a73366ace3402081                        
fep_009_0.720.en        1      1899  0.720000   -9785.43   -9634.83    27.16     9.47     0.00  -247.79    60.55   -64.10    77.00   -15.52     0.73  -168.17   -17.18     0.00
fep_009_0.720.en        2      1899  0.280000  -10910.60  -10741.57    31.64     6.33     0.00  -273.84    66.84  -111.40    83.71    -9.17     0.77  -153.27   -17.64     0.00
--> Name of file number  16:                                                     
# Energy files from Qdyn, version: 6.0.16 , git id=adc28a635c78993922188615a73366ace3402081                        
fep_010_0.700.en        1      1899  0.700000   -9786.01   -9628.08    26.81     9.34     0.00  -258.86    64.78   -62.85    79.07   -14.48     0.33  -181.53   -14.62     0.00
fep_010_0.700.en        2      1899  0.300000  -10942.34  -10759.69    29.14     6.03     0.00  -281.69    63.87  -107.93    77.94    -8.86     0.38  -164.90   -14.45     0.00
--> Name of file number  17:                                                     
# Energy files from Qdyn, version: 6.0.16 , git id=adc28a635c78993922188615a73366ace3402081                        
fep_011_0.680.en        1      1899  0.680000   -9772.27   -9585.27    28.84     9.60     0.00  -292.16    66.73   -63.47    80.38   -14.77     0.35  -213.92   -14.01     0.00
fep_011_0.680.en        2      1899  0.320000  -11003.62  -10772.21    22.49     6.56     0.00  -304.66    44.19   -89.73    47.55    -9.15     0.40  -205.79    -3.76     0.00
--> Name of file number  18:                                                     
# Energy files from Qdyn, version: 6.0.16 , git id=adc28a635c78993922188615a73366ace3402081                        
fep_012_0.660.en        1      1899  0.660000   -9762.88   -9567.06    28.58     9.55     0.00  -304.33    70.37   -63.34    84.27   -14.92     0.20  -226.08   -14.11     0.00
fep_012_0.660.en        2      1899  0.340000  -11020.86  -10783.19    20.72     7.21     0.00  -306.22    40.63   -83.47    38.65    -8.79     0.25  -213.97     1.73     0.00
--> Name of file number  19:                                                     
# Energy files from Qdyn, version: 6.0.16 , git id=adc28a635c78993922188615a73366ace3402081                        
fep_013_0.640.en        1      1899  0.640000   -9765.41   -9566.17    29.54     9.91     0.00  -309.76    71.08   -63.13    86.81   -13.26     0.32  -233.37   -16.05     0.00
fep_013_0.640.en        2      1899  0.360000  -11040.49  -10794.23    20.99     7.00     0.00  -312.38    38.13   -78.19    38.81    -7.98     0.37  -226.21    -1.05     0.00
--> Name of file number  20:                                                     
# Energy files from Qdyn, version: 6.0.16 , git id=adc28a635c78993922188615a73366ace3402081                        
fep_014_0.620.en        1      1899  0.620000   -9757.83   -9558.40    30.38     9.75     0.00  -312.75    73.19   -61.32    89.56   -13.68     0.10  -237.75   -16.48     0.00
fep_014_0.620.en        2      1899  0.380000  -11057.01  -10802.38    19.27     7.67     0.00  -315.87    34.30   -78.05    36.16    -8.04     0.15  -229.78    -2.00     0.00
--> Name of file number  21:                                                     
# Energy files from Qdyn, version: 6.0.16 , git id=adc28a635c78993922188615a73366ace3402081                        
fep_015_0.600.en        1      1899  0.600000   -9739.60   -9554.55    30.92    10.35     0.00  -302.64    76.33   -62.45    91.18   -14.82     0.35  -225.37   -15.20     0.00
fep_015_0.600.en        2      1899  0.400000  -11066.87  -10811.58    15.48     5.54     0.00  -307.95    31.65   -76.86    33.43    -9.55     0.40  -221.55    -2.17     0.00
--> Name of file number  22:                                                     
# Energy files from Qdyn, version: 6.0.16 , git id=adc28a635c78993922188615a73366ace3402081                        
fep_016_0.580.en        1      1899  0.580000   -9723.27   -9550.90    30.80    10.21     0.00  -292.40    79.02   -64.80    94.27   -14.39     0.03  -213.21   -15.27     0.00
fep_016_0.580.en        2      1899  0.420000  -11069.94  -10817.63    13.40     5.22     0.00  -300.56    29.64   -77.21    31.78    -8.91     0.08  -214.44    -2.22     0.00
--> Name of file number  23:                                                     
# Energy files from Qdyn, version: 6.0.16 , git id=adc28a635c78993922188615a73366ace3402081                        
fep_017_0.560.en        1      1899  0.560000   -9729.12   -9546.86    31.27     9.60     0.00  -302.87    79.75   -64.26    95.55   -15.55     0.44  -223.06   -16.25     0.00
fep_017_0.560.en        2      1899  0.440000  -11097.21  -10823.87    12.55     5.05     0.00  -318.42    27.49   -76.31    30.53    -9.89     0.49  -232.23    -3.54     0.00
--> Name of file number  24:                                                     
# Energy files from Qdyn, version: 6.0.16 , git id=adc28a635c78993922188615a73366ace3402081                        
fep_018_0.540.en        1      1899  0.540000   -9727.84   -9542.06    32.40     9.90     0.00  -309.07    80.98   -63.94    97.34   -14.98     0.24  -230.15   -16.60     0.00
fep_018_0.540.en        2      1899  0.460000  -11114.27  -10829.20    12.16     4.50     0.00  -325.34    23.60   -75.54    28.13    -9.65     0.29  -240.14    -4.82     0.00
--> Name of file number  25:                                                     
# Energy files from Qdyn, version: 6.0.16 , git id=adc28a635c78993922188615a73366ace3402081                        
fep_019_0.520.en        1      1899  0.520000   -9706.56   -9541.82    33.83     9.59     0.00  -291.00    82.84   -64.15    98.83   -15.00     0.44  -211.85   -16.43     0.00
fep_019_0.520.en        2      1899  0.480000  -11101.37  -10834.89    12.25     4.65     0.00  -306.65    23.29   -75.81    28.35    -9.54     0.50  -221.31    -5.56     0.00
--> Name of file number  26:                                                     
# Energy files from Qdyn, version: 6.0.16 , git id=adc28a635c78993922188615a73366ace3402081                        
fep_020_0.500.en        1      1899  0.500000   -9700.65   -9537.34    34.17    10.01     0.00  -292.67    85.17   -64.76   101.33   -15.91     0.50  -212.00   -16.66     0.00
fep_020_0.500.en        2      1899  0.500000  -11108.39  -10838.22    10.89     5.20     0.00  -307.91    21.65   -74.64    27.24   -10.32     0.55  -222.95    -6.15     0.00
--> Name of file number  27:                                                     
# Energy files from Qdyn, version: 6.0.16 , git id=adc28a635c78993922188615a73366ace3402081                        
fep_021_0.480.en        1      1899  0.480000   -9701.42   -9534.71    34.60     9.59     0.00  -297.24    86.33   -62.72   102.37   -16.62     0.17  -217.90   -16.21     0.00
fep_021_0.480.en        2      1899  0.520000  -11123.47  -10842.47     9.59     4.83     0.00  -314.51    19.09   -69.93    25.57   -11.75     0.22  -232.84    -6.69     0.00
--> Name of file number  28:                                                     
# Energy files from Qdyn, version: 6.0.16 , git id=adc28a635c78993922188615a73366ace3402081                        
fep_022_0.460.en        1      1899  0.460000   -9692.52   -9530.32    34.76     9.88     0.00  -292.95    86.11   -59.13   103.61   -14.92    -0.37  -218.90   -17.12     0.00
fep_022_0.460.en        2      1899  0.540000  -11127.65  -10847.10     9.54     3.93     0.00  -310.80    16.78   -65.69    24.74   -10.52    -0.33  -234.59    -7.62     0.00
--> Name of file number  29:                                                     
# Energy files from Qdyn, version: 6.0.16 , git id=adc28a635c78993922188615a73366ace3402081                        
fep_023_0.440.en        1      1899  0.440000   -9687.11   -9526.22    36.21    11.33     0.00  -300.32    91.89   -58.52   105.96   -15.42     0.35  -226.38   -14.42     0.00
fep_023_0.440.en        2      1899  0.560000  -11140.25  -10849.63     8.96     4.11     0.00  -321.58    17.89   -68.35    22.82   -10.10     0.39  -243.13    -5.32     0.00
--> Name of file number  30:                                                     
# Energy files from Qdyn, version: 6.0.16 , git id=adc28a635c78993922188615a73366ace3402081                        
fep_024_0.420.en        1      1899  0.420000   -9679.19   -9521.81    36.60    10.15     0.00  -293.41    89.28   -59.93   106.52   -13.97     0.38  -219.50   -17.62     0.00
fep_024_0.420.en        2      1899  0.580000  -11140.69  -10854.00     9.23     3.69     0.00  -314.60    14.99   -73.11    22.72    -9.50     0.42  -231.98    -8.16     0.00
--> Name of file number  31:                                                     
# Energy files from Qdyn, version: 6.0.16 , git id=adc28a635c78993922188615a73366ace3402081                        
fep_025_0.400.en        1      1899  0.400000   -9669.32   -9516.99    37.41    10.61     0.00  -292.13    91.78   -63.14   109.35   -12.29     0.14  -216.70   -17.71     0.00
fep_025_0.400.en        2      1899  0.600000  -11142.54  -10856.13     8.20     3.56     0.00  -311.04    12.88   -76.43    21.44    -7.88     0.19  -226.74    -8.75     0.00
--> Name of file number  32:                                                     
# Energy files from Qdyn, version: 6.0.16 , git id=adc28a635c78993922188615a73366ace3402081                        
fep_026_0.380.en        1      1899  0.380000   -9671.02   -9512.87    37.59     9.97     0.00  -298.69    92.99   -59.19   109.51   -15.62     0.40  -223.87   -16.92     0.00
fep_026_0.380.en        2      1899  0.620000  -11156.64  -10859.29     8.60     4.12     0.00  -323.65    13.58   -69.15    21.07   -10.50     0.44  -244.00    -7.94     0.00
--> Name of file number  33:                                                     
# Energy files from Qdyn, version: 6.0.16 , git id=adc28a635c78993922188615a73366ace3402081                        
fep_027_0.360.en        1      1899  0.360000   -9666.77   -9502.52    38.52     9.44     0.00  -304.45    92.23   -59.81   110.72   -14.66     0.02  -229.97   -18.51     0.00
fep_027_0.360.en        2      1899  0.640000  -11162.98  -10862.14     8.69     3.53     0.00  -325.26    12.19   -66.11    21.05   -10.46     0.06  -248.68    -8.92     0.00
--> Name of file number  34:                                                     
# Energy files from Qdyn, version: 6.0.16 , git id=adc28a635c78993922188615a73366ace3402081                        
fep_028_0.340.en        1      1899  0.340000   -9647.21   -9504.49    38.80    10.26     0.00  -288.68    96.90   -59.48   113.14   -13.76    -0.07  -215.44   -16.17     0.00
fep_028_0.340.en        2      1899  0.660000  -11149.85  -10863.01     8.19     4.10     0.00  -309.98    10.86   -69.55    19.19    -9.25    -0.02  -231.18    -8.31     0.00
--> Name of file number  35:                                                     
# Energy files from Qdyn, version: 6.0.16 , git id=adc28a635c78993922188615a73366ace3402081                        
fep_029_0.320.en        1      1899  0.320000   -9647.30   -9500.81    40.03    10.39     0.00  -295.96    99.05   -59.84   114.46   -12.76     0.08  -223.37   -15.49     0.00
fep_029_0.320.en        2      1899  0.680000  -11156.98  -10864.42     7.85     4.19     0.00  -315.33    10.72   -67.90    18.17    -8.76     0.12  -238.67    -7.57     0.00
--> Name of file number  36:                                                     
# Energy files from Qdyn, version: 6.0.16 , git id=adc28a635c78993922188615a73366ace3402081                        
fep_030_0.300.en        1      1899  0.300000   -9635.72   -9491.97    40.19    10.27     0.00  -292.66    98.45   -61.74   115.78   -13.19    -0.09  -217.73   -17.24     0.00
fep_030_0.300.en        2      1899  0.700000  -11156.20  -10866.54     7.96     4.04     0.00  -310.06     8.40   -70.31    17.81    -9.05    -0.04  -230.70    -9.37     0.00
--> Name of file number  37:                                                     
# Energy files from Qdyn, version: 6.0.16 , git id=adc28a635c78993922188615a73366ace3402081                        
fep_031_0.280.en        1      1899  0.280000   -9613.48   -9491.69    41.04    11.80     0.00  -273.85    99.22   -65.68   116.86   -13.81     0.14  -194.36   -17.78     0.00
fep_031_0.280.en        2      1899  0.720000  -11148.89  -10868.12     8.52     3.43     0.00  -300.62     7.89   -77.16    17.89    -8.74     0.19  -214.72   -10.19     0.00
--> Name of file number  38:                                                     
# Energy files from Qdyn, version: 6.0.16 , git id=adc28a635c78993922188615a73366ace3402081                        
fep_032_0.260.en        1      1899  0.260000   -9613.03   -9486.15    41.26    15.60     0.00  -284.11   100.37   -68.24   118.27   -12.90     0.13  -202.97   -18.02     0.00
fep_032_0.260.en        2      1899  0.740000  -11167.05  -10869.90     8.00     3.16     0.00  -315.01     6.70   -76.39    16.38    -8.55     0.18  -230.07    -9.85     0.00
--> Name of file number  39:                                                     
# Energy files from Qdyn, version: 6.0.16 , git id=adc28a635c78993922188615a73366ace3402081                        
fep_033_0.240.en        1      1899  0.240000   -9607.73   -9488.30    41.84    17.06     0.00  -281.32   102.99   -71.07   120.74   -14.72     0.54  -195.54   -18.29     0.00
fep_033_0.240.en        2      1899  0.760000  -11168.94  -10871.92     6.84     4.10     0.00  -313.80     5.84   -77.37    16.42    -9.51     0.58  -226.92   -11.17     0.00
--> Name of file number  40:                                                     
# Energy files from Qdyn, version: 6.0.16 , git id=adc28a635c78993922188615a73366ace3402081                        
fep_034_0.220.en        1      1899  0.220000   -9611.71   -9482.74    41.70    12.11     0.00  -288.20   105.42   -73.73   121.14   -14.09     0.01  -200.38   -15.73     0.00
fep_034_0.220.en        2      1899  0.780000  -11176.78  -10873.73     6.29     3.38     0.00  -320.14     7.42   -76.22    15.62    -9.21     0.06  -234.71    -8.25     0.00
--> Name of file number  41:                                                     
# Energy files from Qdyn, version: 6.0.16 , git id=adc28a635c78993922188615a73366ace3402081                        
fep_035_0.200.en        1      1899  0.200000   -9598.05   -9472.88    43.96     8.81     0.00  -280.85   102.90   -73.68   121.60   -15.33     0.53  -191.85   -19.23     0.00
fep_035_0.200.en        2      1899  0.800000  -11169.44  -10874.77     6.54     3.95     0.00  -309.67     4.50   -73.67    15.21    -9.90     0.58  -226.10   -11.28     0.00
--> Name of file number  42:                                                     
# Energy files from Qdyn, version: 6.0.16 , git id=adc28a635c78993922188615a73366ace3402081                        
fep_036_0.180.en        1      1899  0.180000   -9591.22   -9462.65    44.16     9.68     0.00  -288.57   106.16   -75.07   122.94   -13.74     0.29  -199.75   -17.08     0.00
fep_036_0.180.en        2      1899  0.820000  -11173.44  -10874.93     6.43     2.89     0.00  -313.31     5.48   -72.68    14.34    -8.98     0.34  -231.66    -9.20     0.00
--> Name of file number  43:                                                     
# Energy files from Qdyn, version: 6.0.16 , git id=adc28a635c78993922188615a73366ace3402081                        
fep_037_0.160.en        1      1899  0.160000   -9595.27   -9444.54    44.80     9.00     0.00  -312.30   107.76   -77.18   124.97   -13.59     0.16  -221.53   -17.36     0.00
fep_037_0.160.en        2      1899  0.840000  -11181.18  -10875.28     6.27     3.44     0.00  -320.11     4.51   -62.17    13.53    -8.59     0.21  -249.35    -9.23     0.00
--> Name of file number  44:                                                     
# Energy files from Qdyn, version: 6.0.16 , git id=adc28a635c78993922188615a73366ace3402081                        
fep_038_0.140.en        1      1899  0.140000   -9587.79   -9443.09    45.17     9.82     0.00  -309.45   109.76   -76.32   126.81   -14.51     0.21  -218.62   -17.26     0.00
fep_038_0.140.en        2      1899  0.860000  -11182.76  -10876.81     6.40     2.84     0.00  -319.37     4.19   -61.14    13.87    -9.21     0.26  -249.03    -9.95     0.00
--> Name of file number  45:                                                     
# Energy files from Qdyn, version: 6.0.16 , git id=adc28a635c78993922188615a73366ace3402081                        
fep_039_0.120.en        1      1899  0.120000   -9592.56   -9438.14    44.00    12.23     0.00  -321.55   110.91   -74.87   128.55   -14.88     0.33  -231.81   -17.97     0.00
fep_039_0.120.en        2      1899  0.880000  -11189.85  -10877.58     6.46     2.96     0.00  -324.33     2.63   -57.33    13.35    -9.24     0.38  -257.76   -11.10     0.00
--> Name of file number  46:                                                     
# Energy files from Qdyn, version: 6.0.16 , git id=adc28a635c78993922188615a73366ace3402081                        
fep_040_0.100.en        1      1899  0.100000   -9583.79   -9433.69    44.83    10.60     0.00  -318.68   113.15   -73.83   130.44   -15.01     0.27  -229.85   -17.56     0.00
fep_040_0.100.en        2      1899  0.900000  -11193.82  -10877.57     7.54     3.63     0.00  -329.28     1.86   -56.12    12.65    -9.57     0.32  -263.59   -11.11     0.00
--> Name of file number  47:                                                     
# Energy files from Qdyn, version: 6.0.16 , git id=adc28a635c78993922188615a73366ace3402081                        
fep_041_0.080.en        1      1899  0.080000   -9583.79   -9428.29    47.76    11.07     0.00  -327.26   112.93   -73.54   130.58   -15.20     0.32  -238.53   -17.97     0.00
fep_041_0.080.en        2      1899  0.920000  -11205.08  -10876.99     6.63     2.71     0.00  -338.74     1.32   -51.69    12.24    -9.44     0.36  -277.62   -11.28     0.00
--> Name of file number  48:                                                     
# Energy files from Qdyn, version: 6.0.16 , git id=adc28a635c78993922188615a73366ace3402081                        
fep_042_0.060.en        1      1899  0.060000   -9581.74   -9423.56    52.04    11.26     0.00  -337.82   116.34   -72.54   132.35   -14.52    -0.04  -250.76   -15.98     0.00
fep_042_0.060.en        2      1899  0.940000  -11215.02  -10878.03     6.69     2.62     0.00  -349.12     2.82   -48.24    11.94    -8.95     0.01  -291.93    -9.13     0.00
--> Name of file number  49:                                                     
# Energy files from Qdyn, version: 6.0.16 , git id=adc28a635c78993922188615a73366ace3402081                        
fep_043_0.040.en        1      1899  0.040000   -9566.91   -9415.60    55.42    10.42     0.00  -334.33   117.18   -73.44   134.22   -13.44     0.13  -247.45   -17.17     0.00
fep_043_0.040.en        2      1899  0.960000  -11213.63  -10879.16     6.70     3.13     0.00  -344.47     0.18   -46.46    11.02    -8.26     0.17  -289.75   -11.02     0.00
--> Name of file number  50:                                                     
# Energy files from Qdyn, version: 6.0.16 , git id=adc28a635c78993922188615a73366ace3402081                        
fep_044_0.020.en        1      1899  0.020000   -9549.39   -9414.45    57.18    11.84     0.00  -323.67   119.71   -74.11   137.52   -14.06     0.07  -235.50   -17.89     0.00
fep_044_0.020.en        2      1899  0.980000  -11205.75  -10879.39     7.34     3.51     0.00  -337.96     0.74   -54.16    11.81    -8.91     0.12  -274.89   -11.19     0.00
--> Name of file number  51:                                                     
# Energy files from Qdyn, version: 6.0.16 , git id=adc28a635c78993922188615a73366ace3402081                        
fep_045_0.000.en        1      1899  0.000000   -9527.89   -9386.75    74.54    11.80     0.00  -349.20   121.73   -76.78   140.01   -15.18     0.32  -257.24   -18.61     0.00
fep_045_0.000.en        2      1899  1.000000  -11211.92  -10879.55     7.86     3.63     0.00  -344.28     0.42   -49.75    12.02    -9.73     0.37  -284.80   -11.97     0.00


# Part 1: Free energy perturbation summary:

# Calculation for full system
# lambda(1)      dGf sum(dGf)      dGr sum(dGr)     <dG>
   1.000000     0.000     0.000    -4.898  1658.223     0.000
   0.980000     2.736     2.736     0.531  1663.120     3.817
   0.960000     0.313     3.050     3.881  1662.589     3.708
   0.940000    -3.537    -0.487     6.388  1658.709    -0.001
   0.920000    -7.140    -7.627     9.250  1652.321    -6.764
   0.900000    -9.856   -17.483    12.333  1643.071   -16.317
   0.880000   -11.572   -29.055    14.653  1630.738   -28.270
   0.860000   -14.621   -43.675    18.118  1616.085   -42.907
   0.840000   -18.172   -61.847    20.671  1597.967   -61.051
   0.820000   -20.641   -82.488    23.771  1577.296   -81.707
   0.800000   -23.590  -106.078    26.796  1553.525  -105.388
   0.780000   -26.389  -132.467    29.270  1526.729  -131.980
   0.760000   -29.229  -161.695    31.224  1497.458  -161.230
   0.740000   -30.921  -192.616    32.298  1466.235  -192.302
   0.720000   -32.186  -224.802    33.188  1433.936  -224.544
   0.700000   -33.421  -258.223    34.652  1400.748  -257.849
   0.680000   -33.902  -292.125    35.288  1366.096  -292.126
   0.660000   -35.378  -327.503    35.722  1330.808  -327.459
   0.640000   -35.835  -363.339    36.180  1295.086  -363.238
   0.620000   -36.093  -399.432    36.826  1258.906  -399.374
   0.600000   -36.577  -436.008    37.233  1222.080  -436.076
   0.580000   -37.075  -473.083    37.661  1184.847  -473.229
   0.560000   -37.451  -510.534    38.021  1147.186  -510.785
   0.540000   -37.876  -548.410    38.174  1109.166  -548.734
   0.520000   -38.255  -586.665    38.418  1070.991  -586.948
   0.500000   -38.432  -625.097    38.709  1032.573  -625.373
   0.480000   -38.706  -663.803    38.973   993.864  -664.081
   0.460000   -38.990  -702.792    39.335   954.891  -703.062
   0.440000   -39.249  -742.041    39.524   915.556  -742.354
   0.420000   -39.608  -781.649    39.759   876.032  -781.920
   0.400000   -39.759  -821.408    40.011   836.273  -821.679
   0.380000   -39.991  -861.399    40.215   796.262  -861.680
   0.360000   -40.238  -901.637    40.334   756.047  -901.906
   0.340000   -40.459  -942.096    40.459   715.713  -942.303
   0.320000   -40.595  -982.691    40.684   675.254  -982.830
   0.300000   -40.745 -1023.436    40.994   634.570 -1023.544
   0.280000   -40.959 -1064.394    41.370   593.576 -1064.520
   0.260000   -41.246 -1105.640    41.533   552.206 -1105.828
   0.240000   -41.615 -1147.255    41.628   510.673 -1147.402
   0.220000   -41.734 -1188.990    41.744   469.045 -1189.084
   0.200000   -41.800 -1230.790    41.974   427.301 -1230.856
   0.180000   -41.933 -1272.723    42.023   385.327 -1272.810
   0.160000   -42.137 -1314.861    42.218   343.303 -1314.890
   0.140000   -42.237 -1357.098    42.275   301.086 -1357.117
   0.120000   -42.404 -1399.501    42.522   258.811 -1399.457
   0.100000   -42.439 -1441.940    42.746   216.289 -1441.937
   0.080000   -42.697 -1484.637    42.977   173.543 -1484.659
   0.060000   -42.925 -1527.563    43.242   130.566 -1527.610
   0.040000   -43.175 -1570.738    43.407    87.324 -1570.818
   0.020000   -43.447 -1614.185    43.917    43.917 -1614.245
   0.000000   -43.679 -1657.864     0.000     0.000 -1658.043

# Min energy-gap is:   -684.27
# Max energy-gap is:   2309.54



# Part 2: Reaction free energy summary:
# Lambda(1)  bin Energy gap      dGa     dGb     dGg    # pts    c1**2    c2**2
   1.000000    5    -549.55       0.00     536.93      -1.64     22     0.997     0.003
   1.000000    6    -519.61       0.00     506.67      -1.73     44     0.997     0.003
   1.000000    7    -489.67       0.00     477.09      -1.84     57     0.996     0.004
   1.000000    8    -459.74       0.00     446.80      -1.95     58     0.996     0.004
   1.000000    9    -429.80       0.00     417.80      -2.09    100     0.995     0.005
   1.000000   10    -399.86       0.00     387.06      -2.25    111     0.994     0.006
   1.000000   11    -369.92       0.00     357.16      -2.42    143     0.994     0.006
   1.000000   12    -339.98       0.00     327.93      -2.63    147     0.992     0.008
   1.000000   13    -310.04       0.00     297.36      -2.88    170     0.991     0.009
   1.000000   14    -280.11       0.00     267.69      -3.18    192     0.989     0.011
   1.000000   15    -250.17       0.00     237.29      -3.56    176     0.986     0.014
   1.000000   16    -220.23       0.00     207.64      -4.04    181     0.982     0.018
   1.000000   17    -190.29       0.00     177.72      -4.64    151     0.977     0.023
   1.000000   18    -160.35       0.00     148.06      -5.47    118     0.968     0.032
   1.000000   19    -130.42       0.00     118.35      -6.70    101     0.954     0.046
   1.000000   20    -100.48       0.00      88.29      -8.63     47     0.928     0.072
   1.000000   21     -70.54       0.00      59.06     -11.59     36     0.884     0.116
   0.980000   13    -310.04      -2.33     296.08      -5.23     28     0.991     0.009
   0.980000   14    -280.11      -1.76     265.32      -4.95     46     0.989     0.011
   0.980000   15    -250.17      -1.20     236.32      -4.74     83     0.986     0.014
   0.980000   16    -220.23      -0.59     207.26      -4.60    121     0.982     0.018
   0.980000   17    -190.29       0.01     177.76      -4.62    216     0.976     0.024
   0.980000   18    -160.35       0.60     148.69      -4.85    228     0.968     0.032
   0.980000   19    -130.42       1.18     119.22      -5.43    242     0.954     0.046
   0.980000   20    -100.48       1.76      90.18      -6.62    218     0.929     0.071
   0.980000   21     -70.54       2.38      60.33      -9.30    213     0.879     0.121
   0.980000   22     -40.60       2.99      31.09     -15.10    169     0.772     0.228
   0.980000   23     -10.66       3.57       2.17     -26.19    136     0.586     0.414
   0.980000   24      19.27       4.17     -27.57     -45.14     90     0.353     0.647
   0.980000   25      49.21       4.73     -56.62     -68.56     53     0.195     0.805
   0.980000   26      79.15       5.29     -83.85     -92.83     30     0.112     0.888
   0.960000   22     -40.60       1.98      30.29     -15.77     37     0.773     0.227
   0.960000   23     -10.66       3.24       1.74     -26.54    100     0.576     0.424
   0.960000   24      19.27       4.40     -26.90     -44.51    151     0.347     0.653
   0.960000   25      49.21       5.62     -55.89     -67.82    222     0.183     0.817
   0.960000   26      79.15       6.78     -84.44     -93.24    315     0.103     0.897
   0.960000   27     109.09       7.99    -113.06    -119.97    314     0.062     0.938
   0.960000   28     139.03       9.18    -142.08    -147.73    319     0.041     0.959
   0.960000   29     168.96      10.32    -170.42    -175.21    213     0.029     0.971
   0.960000   30     198.90      11.56    -199.01    -203.15    120     0.022     0.978
   0.960000   31     228.84      12.74    -227.83    -231.48     57     0.016     0.984
   0.960000   32     258.78      13.98    -256.88    -260.14     24     0.013     0.987
   0.940000   27     109.09       6.47    -114.45    -121.37     21     0.061     0.939
   0.940000   28     139.03       8.28    -143.08    -148.73     46     0.040     0.960
   0.940000   29     168.96      10.11    -170.93    -175.71     95     0.028     0.972
   0.940000   30     198.90      11.72    -198.50    -202.65    170     0.021     0.979
   0.940000   31     228.84      13.54    -226.74    -230.39    260     0.016     0.984
   0.940000   32     258.78      15.29    -254.89    -258.15    317     0.013     0.987
   0.940000   33     288.72      17.14    -283.28    -286.22    335     0.010     0.990
   0.940000   34     318.65      18.85    -311.43    -314.11    274     0.009     0.991
   0.940000   35     348.59      20.62    -339.12    -341.59    206     0.007     0.993
   0.940000   36     378.53      22.35    -367.29    -369.57    108     0.006     0.994
   0.940000   37     408.47      24.23    -395.40    -397.52     36     0.005     0.995
   0.920000   32     258.78      13.68    -256.83    -260.08     41     0.013     0.987
   0.920000   33     288.72      16.21    -283.41    -286.36     75     0.010     0.990
   0.920000   34     318.65      18.45    -311.21    -313.89    129     0.009     0.991
   0.920000   35     348.59      20.81    -339.03    -341.50    196     0.007     0.993
   0.920000   36     378.53      23.23    -366.40    -368.68    253     0.006     0.994
   0.920000   37     408.47      25.57    -393.81    -395.93    265     0.005     0.995
   0.920000   38     438.41      27.99    -421.43    -423.41    314     0.005     0.995
   0.920000   39     468.35      30.28    -449.07    -450.93    239     0.004     0.996
   0.920000   40     498.28      32.66    -476.69    -478.44    169     0.004     0.996
   0.920000   41     528.22      35.10    -504.12    -505.77    111     0.003     0.997
   0.920000   42     558.16      37.28    -531.88    -533.45     56     0.003     0.997
   0.920000   43     588.10      39.79    -556.52    -558.02     23     0.003     0.997
   0.900000   36     378.53      21.41    -368.42    -370.70     30     0.006     0.994
   0.900000   37     408.47      24.31    -395.62    -397.74     60     0.005     0.995
   0.900000   38     438.41      27.04    -422.17    -424.15    154     0.005     0.995
   0.900000   39     468.35      30.17    -449.13    -450.99    273     0.004     0.996
   0.900000   40     498.28      33.00    -476.17    -477.92    307     0.004     0.996
   0.900000   41     528.22      36.01    -502.77    -504.42    398     0.003     0.997
   0.900000   42     558.16      38.98    -529.77    -531.34    298     0.003     0.997
   0.900000   43     588.10      41.89    -556.26    -557.75    202     0.003     0.997
   0.900000   44     618.04      44.84    -582.28    -583.70    108     0.002     0.998
   0.900000   45     647.97      47.80    -609.83    -611.19     43     0.002     0.998
   0.880000   42     558.16      38.28    -530.11    -531.68     54     0.003     0.997
   0.880000   43     588.10      41.79    -556.83    -558.32    161     0.003     0.997
   0.880000   44     618.04      45.23    -583.30    -584.72    265     0.002     0.998
   0.880000   45     647.97      48.75    -609.34    -610.70    366     0.002     0.998
   0.880000   46     677.91      52.32    -635.66    -636.96    377     0.002     0.998
   0.880000   47     707.85      55.83    -662.14    -663.38    271     0.002     0.998
   0.880000   48     737.79      59.53    -688.38    -689.58    208     0.002     0.998
   0.880000   49     767.73      63.06    -713.33    -714.48    112     0.002     0.998
   0.880000   50     797.66      66.47    -740.50    -741.60     41     0.001     0.999
   0.860000   45     647.97      47.04    -611.65    -613.01     37     0.002     0.998
   0.860000   46     677.91      51.78    -636.62    -637.92     52     0.002     0.998
   0.860000   47     707.85      55.35    -662.20    -663.45    109     0.002     0.998
   0.860000   48     737.79      59.57    -688.27    -689.47    139     0.002     0.998
   0.860000   49     767.73      63.80    -714.28    -715.43    238     0.002     0.998
   0.860000   50     797.66      67.94    -739.42    -740.53    256     0.001     0.999
   0.860000   51     827.60      72.08    -765.41    -766.48    285     0.001     0.999
   0.860000   52     857.54      76.14    -790.86    -791.90    284     0.001     0.999
   0.860000   53     887.48      80.38    -816.69    -817.68    209     0.001     0.999
   0.860000   54     917.42      84.60    -842.45    -843.41    151     0.001     0.999
   0.860000   55     947.35      88.58    -866.65    -867.59     74     0.001     0.999
   0.860000   56     977.29      92.56    -893.99    -894.90     36     0.001     0.999
   0.840000   51     827.60      70.23    -766.54    -767.61     32     0.001     0.999
   0.840000   52     857.54      75.06    -791.86    -792.89     87     0.001     0.999
   0.840000   53     887.48      79.87    -817.12    -818.12    155     0.001     0.999
   0.840000   54     917.42      84.65    -842.06    -843.02    221     0.001     0.999
   0.840000   55     947.35      89.47    -867.00    -867.94    331     0.001     0.999
   0.840000   56     977.29      94.12    -892.47    -893.38    316     0.001     0.999
   0.840000   57    1007.23      98.82    -917.45    -918.33    316     0.001     0.999
   0.840000   58    1037.17     103.59    -942.63    -943.49    202     0.001     0.999
   0.840000   59    1067.11     108.33    -967.80    -968.63    143     0.001     0.999
   0.840000   60    1097.04     112.99    -991.29    -992.10     67     0.001     0.999
   0.820000   56     977.29      93.52    -893.19    -894.10     30     0.001     0.999
   0.820000   57    1007.23      98.61    -917.80    -918.68     99     0.001     0.999
   0.820000   58    1037.17     103.69    -942.45    -943.31    186     0.001     0.999
   0.820000   59    1067.11     109.14    -966.90    -967.73    274     0.001     0.999
   0.820000   60    1097.04     114.48    -991.20    -992.01    323     0.001     0.999
   0.820000   61    1126.98     119.79   -1016.07   -1016.85    300     0.001     0.999
   0.820000   62    1156.92     125.16   -1040.55   -1041.31    277     0.001     0.999
   0.820000   63    1186.86     130.44   -1065.12   -1065.87    205     0.001     0.999
   0.820000   64    1216.80     135.70   -1089.22   -1089.95    108     0.001     0.999
   0.820000   65    1246.74     141.02   -1112.19   -1112.90     41     0.001     0.999
   0.820000   66    1276.67     146.65   -1136.56   -1137.26     26     0.001     0.999
   0.800000   61    1126.98     119.39   -1017.55   -1018.34     33     0.001     0.999
   0.800000   62    1156.92     124.63   -1040.51   -1041.28     98     0.001     0.999
   0.800000   63    1186.86     130.33   -1064.84   -1065.59    180     0.001     0.999
   0.800000   64    1216.80     136.26   -1088.70   -1089.43    339     0.001     0.999
   0.800000   65    1246.74     142.34   -1112.83   -1113.54    354     0.001     0.999
   0.800000   66    1276.67     148.36   -1136.13   -1136.83    355     0.001     0.999
   0.800000   67    1306.61     154.16   -1160.54   -1161.23    251     0.001     0.999
   0.800000   68    1336.55     160.08   -1184.10   -1184.77    128     0.001     0.999
   0.800000   69    1366.49     166.12   -1208.42   -1209.07     89     0.000     1.000
   0.800000   70    1396.43     171.96   -1230.78   -1231.42     42     0.000     1.000
   0.780000   65    1246.74     140.55   -1113.75   -1114.46     24     0.001     0.999
   0.780000   66    1276.67     147.89   -1137.61   -1138.31     64     0.001     0.999
   0.780000   67    1306.61     153.53   -1160.60   -1161.28    119     0.001     0.999
   0.780000   68    1336.55     160.26   -1184.09   -1184.76    194     0.001     0.999
   0.780000   69    1366.49     166.79   -1207.62   -1208.27    269     0.000     1.000
   0.780000   70    1396.43     173.38   -1230.73   -1231.37    299     0.000     1.000
   0.780000   71    1426.36     179.97   -1254.10   -1254.73    384     0.000     1.000
   0.780000   72    1456.30     186.46   -1277.14   -1277.75    273     0.000     1.000
   0.780000   73    1486.24     192.87   -1300.47   -1301.07    183     0.000     1.000
   0.780000   74    1516.18     199.61   -1323.94   -1324.53     61     0.000     1.000
   0.780000   75    1546.12     205.97   -1346.26   -1346.84     21     0.000     1.000
   0.760000   70    1396.43     171.89   -1231.83   -1232.47     56     0.000     1.000
   0.760000   71    1426.36     179.27   -1254.73   -1255.36    120     0.000     1.000
   0.760000   72    1456.30     186.37   -1277.54   -1278.15    223     0.000     1.000
   0.760000   73    1486.24     193.50   -1300.10   -1300.70    362     0.000     1.000
   0.760000   74    1516.18     200.54   -1322.48   -1323.07    447     0.000     1.000
   0.760000   75    1546.12     207.61   -1345.24   -1345.82    352     0.000     1.000
   0.760000   76    1576.05     214.80   -1368.02   -1368.59    218     0.000     1.000
   0.760000   77    1605.99     221.60   -1389.02   -1389.58     95     0.000     1.000
   0.740000   73    1486.24     191.92   -1301.66   -1302.26     21     0.000     1.000
   0.740000   74    1516.18     199.93   -1323.72   -1324.31    110     0.000     1.000
   0.740000   75    1546.12     207.44   -1345.46   -1346.03    303     0.000     1.000
   0.740000   76    1576.05     215.19   -1367.48   -1368.04    537     0.000     1.000
   0.740000   77    1605.99     222.83   -1389.44   -1389.99    565     0.000     1.000
   0.740000   78    1635.93     230.49   -1411.60   -1412.14    278     0.000     1.000
   0.740000   79    1665.87     238.04   -1434.04   -1434.57     75     0.000     1.000
   0.720000   75    1546.12     205.59   -1346.01   -1346.59     21     0.000     1.000
   0.720000   76    1576.05     214.71   -1368.28   -1368.85    135     0.000     1.000
   0.720000   77    1605.99     222.70   -1389.85   -1390.41    334     0.000     1.000
   0.720000   78    1635.93     230.81   -1410.72   -1411.27    512     0.000     1.000
   0.720000   79    1665.87     239.23   -1432.57   -1433.11    535     0.000     1.000
   0.720000   80    1695.81     247.44   -1453.93   -1454.45    260     0.000     1.000
   0.720000   81    1725.74     255.64   -1475.18   -1475.70     81     0.000     1.000
   0.700000   77    1605.99     221.63   -1390.85   -1391.41     73     0.000     1.000
   0.700000   78    1635.93     230.55   -1411.71   -1412.26    295     0.000     1.000
   0.700000   79    1665.87     239.14   -1432.38   -1432.91    704     0.000     1.000
   0.700000   80    1695.81     247.87   -1452.72   -1453.25    549     0.000     1.000
   0.700000   81    1725.74     256.84   -1473.84   -1474.36    212     0.000     1.000
   0.700000   82    1755.68     265.61   -1493.28   -1493.79     56     0.000     1.000
   0.680000   79    1665.87     238.81   -1433.42   -1433.96     27     0.000     1.000
   0.680000   80    1695.81     248.24   -1453.64   -1454.16    191     0.000     1.000
   0.680000   81    1725.74     257.04   -1473.75   -1474.27    467     0.000     1.000
   0.680000   82    1755.68     266.63   -1493.93   -1494.43    632     0.000     1.000
   0.680000   83    1785.62     275.90   -1514.14   -1514.64    458     0.000     1.000
   0.680000   84    1815.56     285.19   -1534.26   -1534.75    109     0.000     1.000
   0.660000   81    1725.74     256.40   -1474.67   -1475.19    148     0.000     1.000
   0.660000   82    1755.68     266.26   -1494.08   -1494.59    572     0.000     1.000
   0.660000   83    1785.62     276.21   -1513.67   -1514.17    740     0.000     1.000
   0.660000   84    1815.56     286.20   -1532.90   -1533.39    368     0.000     1.000
   0.660000   85    1845.50     296.07   -1550.11   -1550.60     47     0.000     1.000
   0.640000   82    1755.68     265.79   -1494.88   -1495.39    270     0.000     1.000
   0.640000   83    1785.62     276.14   -1513.65   -1514.15    808     0.000     1.000
   0.640000   84    1815.56     286.54   -1532.41   -1532.91    674     0.000     1.000
   0.640000   85    1845.50     296.97   -1549.75   -1550.24    127     0.000     1.000
   0.620000   82    1755.68     265.08   -1495.04   -1495.55     40     0.000     1.000
   0.620000   83    1785.62     275.61   -1514.14   -1514.64    331     0.000     1.000
   0.620000   84    1815.56     286.81   -1532.19   -1532.68    883     0.000     1.000
   0.620000   85    1845.50     297.74   -1550.23   -1550.71    571     0.000     1.000
   0.620000   86    1875.44     308.94   -1566.53   -1567.01     69     0.000     1.000
   0.600000   84    1815.56     286.81   -1532.82   -1533.31    368     0.000     1.000
   0.600000   85    1845.50     298.20   -1550.39   -1550.87    992     0.000     1.000
   0.600000   86    1875.44     309.44   -1567.45   -1567.93    521     0.000     1.000
   0.580000   84    1815.56     287.32   -1533.81   -1534.30     33     0.000     1.000
   0.580000   85    1845.50     298.35   -1550.70   -1551.18    671     0.000     1.000
   0.580000   86    1875.44     309.90   -1567.49   -1567.97   1003     0.000     1.000
   0.580000   87    1905.37     321.88   -1583.06   -1583.53    190     0.000     1.000
   0.560000   85    1845.50     297.77   -1551.04   -1551.53    102     0.000     1.000
   0.560000   86    1875.44     310.08   -1567.67   -1568.15    913     0.000     1.000
   0.560000   87    1905.37     322.66   -1583.49   -1583.96    822     0.000     1.000
   0.560000   88    1935.31     335.14   -1594.92   -1595.38     58     0.000     1.000
   0.540000   86    1875.44     310.34   -1567.96   -1568.44    347     0.000     1.000
   0.540000   87    1905.37     322.86   -1583.63   -1584.10   1084     0.000     1.000
   0.540000   88    1935.31     336.18   -1598.91   -1599.38    447     0.000     1.000
   0.520000   86    1875.44     308.67   -1568.68   -1569.16    210     0.000     1.000
   0.520000   87    1905.37     322.73   -1583.87   -1584.34    910     0.000     1.000
   0.520000   88    1935.31     336.51   -1598.78   -1599.25    711     0.000     1.000
   0.520000   89    1965.25     350.58   -1608.60   -1609.06     63     0.000     1.000
   0.500000   86    1875.44     309.46   -1569.16   -1569.64     65     0.000     1.000
   0.500000   87    1905.37     322.22   -1583.94   -1584.41    615     0.000     1.000
   0.500000   88    1935.31     336.69   -1598.37   -1598.83    932     0.000     1.000
   0.500000   89    1965.25     351.27   -1612.51   -1612.97    281     0.000     1.000
   0.480000   87    1905.37     322.05   -1584.47   -1584.94    291     0.000     1.000
   0.480000   88    1935.31     336.67   -1598.47   -1598.93    899     0.000     1.000
   0.480000   89    1965.25     351.67   -1612.08   -1612.53    647     0.000     1.000
   0.480000   90    1995.19     366.94   -1621.59   -1622.04     57     0.000     1.000
   0.460000   87    1905.37     323.42   -1585.32   -1585.79     88     0.000     1.000
   0.460000   88    1935.31     336.43   -1598.48   -1598.94    673     0.000     1.000
   0.460000   89    1965.25     351.97   -1611.82   -1612.27    901     0.000     1.000
   0.460000   90    1995.19     367.75   -1624.43   -1624.88    234     0.000     1.000
   0.440000   88    1935.31     335.81   -1599.19   -1599.65    229     0.000     1.000
   0.440000   89    1965.25     351.88   -1611.80   -1612.26    950     0.000     1.000
   0.440000   90    1995.19     368.42   -1624.58   -1625.03    653     0.000     1.000
   0.440000   91    2025.13     384.62   -1636.28   -1636.72     61     0.000     1.000
   0.420000   88    1935.31     336.06   -1599.89   -1600.35     74     0.000     1.000
   0.420000   89    1965.25     351.60   -1612.00   -1612.46    799     0.000     1.000
   0.420000   90    1995.19     368.47   -1623.98   -1624.43    909     0.000     1.000
   0.420000   91    2025.13     385.36   -1635.55   -1635.99    113     0.000     1.000
   0.400000   89    1965.25     351.39   -1612.35   -1612.80    434     0.000     1.000
   0.400000   90    1995.19     368.51   -1623.87   -1624.32   1098     0.000     1.000
   0.400000   91    2025.13     385.95   -1635.10   -1635.54    342     0.000     1.000
   0.380000   89    1965.25     352.60   -1613.10   -1613.55    156     0.000     1.000
   0.380000   90    1995.19     368.55   -1623.95   -1624.40    967     0.000     1.000
   0.380000   91    2025.13     386.31   -1634.45   -1634.89    715     0.000     1.000
   0.380000   92    2055.06     404.52   -1642.16   -1642.59     59     0.000     1.000
   0.360000   89    1965.25     354.93   -1613.84   -1614.29     45     0.000     1.000
   0.360000   90    1995.19     367.95   -1624.18   -1624.63    663     0.000     1.000
   0.360000   91    2025.13     386.62   -1634.39   -1634.83    979     0.000     1.000
   0.360000   92    2055.06     405.25   -1644.52   -1644.96    205     0.000     1.000
   0.340000   89    1965.25     357.50   -1614.73   -1615.18     22     0.000     1.000
   0.340000   90    1995.19     367.98   -1624.42   -1624.87    488     0.000     1.000
   0.340000   91    2025.13     386.58   -1634.14   -1634.58    996     0.000     1.000
   0.340000   92    2055.06     405.78   -1643.81   -1644.25    381     0.000     1.000
   0.320000   90    1995.19     366.13   -1624.84   -1625.28    309     0.000     1.000
   0.320000   91    2025.13     386.44   -1634.10   -1634.55    964     0.000     1.000
   0.320000   92    2055.06     406.24   -1643.19   -1643.62    573     0.000     1.000
   0.320000   93    2085.00     426.35   -1650.13   -1650.56     38     0.000     1.000
   0.300000   90    1995.19     368.84   -1625.55   -1626.00    119     0.000     1.000
   0.300000   91    2025.13     385.89   -1634.19   -1634.63    824     0.000     1.000
   0.300000   92    2055.06     406.58   -1642.71   -1643.14    818     0.000     1.000
   0.300000   93    2085.00     427.02   -1650.53   -1650.96    137     0.000     1.000
   0.280000   91    2025.13     385.70   -1634.56   -1635.00    408     0.000     1.000
   0.280000   92    2055.06     406.68   -1642.47   -1642.90   1019     0.000     1.000
   0.280000   93    2085.00     427.53   -1650.14   -1650.56    444     0.000     1.000
   0.280000   94    2114.94     448.88   -1656.96   -1657.38     20     0.000     1.000
   0.260000   91    2025.13     390.00   -1635.46   -1635.90     66     0.000     1.000
   0.260000   92    2055.06     406.48   -1642.75   -1643.19    721     0.000     1.000
   0.260000   93    2085.00     428.10   -1649.97   -1650.40    935     0.000     1.000
   0.260000   94    2114.94     449.89   -1657.12   -1657.54    173     0.000     1.000
   0.240000   92    2055.06     405.92   -1643.11   -1643.55    466     0.000     1.000
   0.240000   93    2085.00     428.02   -1649.81   -1650.24   1127     0.000     1.000
   0.240000   94    2114.94     450.16   -1655.57   -1655.99    291     0.000     1.000
   0.220000   92    2055.06     407.17   -1643.64   -1644.08    329     0.000     1.000
   0.220000   93    2085.00     427.91   -1649.57   -1650.00   1215     0.000     1.000
   0.220000   94    2114.94     450.53   -1655.26   -1655.69    348     0.000     1.000
   0.200000   92    2055.06     404.67   -1644.09   -1644.52    185     0.000     1.000
   0.200000   93    2085.00     427.76   -1649.55   -1649.98   1121     0.000     1.000
   0.200000   94    2114.94     450.86   -1654.71   -1655.13    568     0.000     1.000
   0.200000   95    2144.88     474.69   -1658.58   -1659.00     25     0.000     1.000
   0.180000   92    2055.06     415.81   -1644.86   -1645.29     28     0.000     1.000
   0.180000   93    2085.00     427.46   -1649.80   -1650.23    804     0.000     1.000
   0.180000   94    2114.94     451.09   -1654.46   -1654.88    989     0.000     1.000
   0.180000   95    2144.88     474.99   -1658.78   -1659.20     77     0.000     1.000
   0.160000   92    2055.06     405.08   -1645.55   -1645.98     28     0.000     1.000
   0.160000   93    2085.00     427.00   -1649.92   -1650.35    672     0.000     1.000
   0.160000   94    2114.94     451.33   -1654.26   -1654.68   1024     0.000     1.000
   0.160000   95    2144.88     475.69   -1658.35   -1658.76    172     0.000     1.000
   0.140000   93    2085.00     426.05   -1650.41   -1650.84    337     0.000     1.000
   0.140000   94    2114.94     451.18   -1654.11   -1654.54   1198     0.000     1.000
   0.140000   95    2144.88     476.39   -1657.51   -1657.93    354     0.000     1.000
   0.120000   93    2085.00     426.88   -1650.91   -1651.34    253     0.000     1.000
   0.120000   94    2114.94     450.99   -1653.96   -1654.38   1210     0.000     1.000
   0.120000   95    2144.88     476.56   -1656.71   -1657.12    427     0.000     1.000
   0.100000   93    2085.00     429.34   -1651.50   -1651.92     55     0.000     1.000
   0.100000   94    2114.94     450.85   -1654.17   -1654.60    855     0.000     1.000
   0.100000   95    2144.88     477.08   -1656.60   -1657.02    929     0.000     1.000
   0.100000   96    2174.82     503.45   -1658.73   -1659.14     60     0.000     1.000
   0.080000   94    2114.94     450.94   -1654.52   -1654.94    451     0.000     1.000
   0.080000   95    2144.88     477.35   -1656.53   -1656.94   1176     0.000     1.000
   0.080000   96    2174.82     504.14   -1658.30   -1658.71    263     0.000     1.000
   0.060000   94    2114.94     450.49   -1655.08   -1655.51    165     0.000     1.000
   0.060000   95    2144.88     477.11   -1656.58   -1657.00   1042     0.000     1.000
   0.060000   96    2174.82     504.65   -1658.05   -1658.46    662     0.000     1.000
   0.060000   97    2204.75     532.19   -1659.38   -1659.79     30     0.000     1.000
   0.040000   94    2114.94     460.28   -1655.87   -1656.30     37     0.000     1.000
   0.040000   95    2144.88     477.02   -1656.88   -1657.30    612     0.000     1.000
   0.040000   96    2174.82     504.75   -1657.84   -1658.25   1063     0.000     1.000
   0.040000   97    2204.75     533.01   -1658.79   -1659.20    186     0.000     1.000
   0.020000   95    2144.88     475.96   -1657.26   -1657.68    358     0.000     1.000
   0.020000   96    2174.82     504.89   -1657.77   -1658.18   1039     0.000     1.000
   0.020000   97    2204.75     533.69   -1658.27   -1658.68    456     0.000     1.000
   0.020000   98    2234.69     562.59   -1658.80   -1659.20     28     0.000     1.000
   0.000000   95    2144.88     487.48   -1658.04   -1658.46     32     0.000     1.000
   0.000000   96    2174.82     504.39   -1658.04   -1658.46    498     0.000     1.000
   0.000000   97    2204.75     533.99   -1658.04   -1658.45    899     0.000     1.000
   0.000000   98    2234.69     563.82   -1658.04   -1658.45    391     0.000     1.000
   0.000000   99    2264.63     593.59   -1658.04   -1658.44     71     0.000     1.000


# Part 3: Bin-averaged summary:
# bin  energy gap  <dGg> <dGg norm> pts  <c1**2> <c2**2> <r_xy>
   5   -549.55     -1.64   1656.99         22    0.997    0.003    6.641
   6   -519.61     -1.73   1656.90         44    0.997    0.003    6.871
   7   -489.67     -1.84   1656.79         57    0.996    0.004    6.545
   8   -459.74     -1.95   1656.68         58    0.996    0.004    6.678
   9   -429.80     -2.09   1656.54        100    0.995    0.005    6.704
  10   -399.86     -2.25   1656.39        111    0.994    0.006    6.924
  11   -369.92     -2.42   1656.21        143    0.994    0.006    6.942
  12   -339.98     -2.63   1656.00        147    0.992    0.008    6.943
  13   -310.04     -3.22   1655.42        198    0.991    0.009    7.016
  14   -280.11     -3.52   1655.11        238    0.989    0.011    7.026
  15   -250.17     -3.94   1654.69        259    0.986    0.014    7.165
  16   -220.23     -4.26   1654.37        302    0.982    0.018    7.187
  17   -190.29     -4.63   1654.00        367    0.977    0.023    7.260
  18   -160.35     -5.06   1653.57        346    0.968    0.032    7.285
  19   -130.42     -5.81   1652.82        343    0.954    0.046    7.325
  20   -100.48     -6.98   1651.65        265    0.929    0.071    7.319
  21    -70.54     -9.63   1649.00        249    0.880    0.120    7.365
  22    -40.60    -15.22   1643.41        206    0.772    0.228    7.350
  23    -10.66    -26.34   1632.29        236    0.582    0.418    7.280
  24     19.27    -44.74   1613.89        241    0.349    0.651    7.158
  25     49.21    -67.96   1590.67        275    0.185    0.815    7.196
  26     79.15    -93.20   1565.43        345    0.104    0.896    7.189
  27    109.09   -120.06   1538.57        335    0.062    0.938    7.282
  28    139.03   -147.86   1510.77        365    0.041    0.959    7.319
  29    168.96   -175.36   1483.27        308    0.029    0.971    7.360
  30    198.90   -202.86   1455.77        290    0.021    0.979    7.539
  31    228.84   -230.58   1428.05        317    0.016    0.984    7.707
  32    258.78   -258.48   1400.15        382    0.013    0.987    7.724
  33    288.72   -286.25   1372.39        410    0.010    0.990    7.777
  34    318.65   -314.04   1344.59        403    0.009    0.991    7.754
  35    348.59   -341.54   1317.09        402    0.007    0.993    7.751
  36    378.53   -369.08   1289.55        391    0.006    0.994    7.812
  37    408.47   -396.39   1262.24        361    0.005    0.995    7.926
  38    438.41   -423.66   1234.97        468    0.005    0.995    7.888
  39    468.35   -450.96   1207.67        512    0.004    0.996    7.856
  40    498.28   -478.11   1180.52        476    0.004    0.996    7.881
  41    528.22   -504.72   1153.92        509    0.003    0.997    7.859
  42    558.16   -531.67   1126.96        408    0.003    0.997    7.835
  43    588.10   -558.00   1100.63        386    0.003    0.997    7.914
  44    618.04   -584.42   1074.21        373    0.002    0.998    7.899
  45    647.97   -610.94   1047.69        446    0.002    0.998    8.056
  46    677.91   -637.08   1021.56        429    0.002    0.998    8.123
  47    707.85   -663.40    995.23        380    0.002    0.998    8.581
  48    737.79   -689.54    969.10        347    0.002    0.998    8.931
  49    767.73   -715.13    943.51        350    0.002    0.998    9.718
  50    797.66   -740.68    917.95        297    0.001    0.999   10.224
  51    827.60   -766.59    892.04        317    0.001    0.999   10.593
  52    857.54   -792.13    866.50        371    0.001    0.999   10.662
  53    887.48   -817.87    840.76        364    0.001    0.999   10.715
  54    917.42   -843.18    815.45        372    0.001    0.999   10.674
  55    947.35   -867.88    790.76        405    0.001    0.999   10.678
  56    977.29   -893.58    765.05        382    0.001    0.999   10.682
  57   1007.23   -918.41    740.22        415    0.001    0.999   10.764
  58   1037.17   -943.40    715.23        388    0.001    0.999   10.656
  59   1067.11   -968.04    690.59        417    0.001    0.999   10.647
  60   1097.04   -992.02    666.61        390    0.001    0.999   10.643
  61   1126.98  -1017.00    641.63        333    0.001    0.999   10.644
  62   1156.92  -1041.30    617.33        375    0.001    0.999   10.616
  63   1186.86  -1065.74    592.89        385    0.001    0.999   10.681
  64   1216.80  -1089.55    569.08        447    0.001    0.999   10.651
  65   1246.74  -1113.53    545.10        419    0.001    0.999   10.584
  66   1276.67  -1137.07    521.56        445    0.001    0.999   10.406
  67   1306.61  -1161.24    497.39        370    0.001    0.999   10.212
  68   1336.55  -1184.76    473.87        322    0.001    0.999    9.854
  69   1366.49  -1208.47    450.16        358    0.000    1.000    9.676
  70   1396.43  -1231.53    427.10        397    0.000    1.000    9.618
  71   1426.36  -1254.88    403.76        504    0.000    1.000    9.519
  72   1456.30  -1277.93    380.70        496    0.000    1.000    9.786
  73   1486.24  -1300.88    357.75        566    0.000    1.000   10.091
  74   1516.18  -1323.44    335.20        618    0.000    1.000   10.426
  75   1546.12  -1345.97    312.67        697    0.000    1.000   10.318
  76   1576.05  -1368.30    290.33        890    0.000    1.000   10.209
  77   1605.99  -1390.18    268.45       1067    0.000    1.000   10.049
  78   1635.93  -1411.76    246.87       1085    0.000    1.000    9.718
  79   1665.87  -1433.10    225.53       1341    0.000    1.000    9.405
  80   1695.81  -1453.73    204.90       1000    0.000    1.000    9.079
  81   1725.74  -1474.57    184.06        908    0.000    1.000    8.664
  82   1755.68  -1494.66    163.97       1570    0.000    1.000    8.480
  83   1785.62  -1514.32    144.31       2337    0.000    1.000    8.414
  84   1815.56  -1533.06    125.57       2435    0.000    1.000    8.223
  85   1845.50  -1550.91    107.72       2510    0.000    1.000    8.204
  86   1875.44  -1568.16     90.47       3128    0.000    1.000    8.295
  87   1905.37  -1584.24     74.39       4000    0.000    1.000    8.049
  88   1935.31  -1599.03     59.60       4023    0.000    1.000    7.429
  89   1965.25  -1612.48     46.15       4298    0.000    1.000    6.925
  90   1995.19  -1624.61     34.02       5497    0.000    1.000    7.184
  91   2025.13  -1634.83     23.80       5468    0.000    1.000    7.167
  92   2055.06  -1643.50     15.13       4812    0.000    1.000    8.194
  93   2085.00  -1650.30      8.33       7138    0.000    1.000    9.936
  94   2114.94  -1654.88      3.75       7329    0.000    1.000   11.194
  95   2144.88  -1657.26      1.37       5204    0.000    1.000   11.648
  96   2174.82  -1658.35      0.28       3585    0.000    1.000   11.783
  97   2204.75  -1658.63      0.00       1571    0.000    1.000   11.817
  98   2234.69  -1658.50      0.13        419    0.000    1.000   11.875
  99   2264.63  -1658.44      0.19         71    0.000    1.000   11.920
