
Build and version information

Build number 6.0.15
Build date   20240314
Built:       
      by     p315462
      on     login1
      git id adc28a635c78993922188615a73366ace3402081
      with   GNU Fortran GCC 11.3.0
qfep version 6.0.15 , git id=adc28a635c78993922188615a73366ace3402081 initialising
Current date 2024- 4-18 and time 12:27:38

Welcome in qfep modification date 20240314

 Q6, Copyright © 2017 Johan Åqvist, John Marelius, Shina Caroline Lynn Kamerlin and Paul Bauer
 Q6 comes with ABSOLUTELY NO WARRANTY.  This is free software, and you are welcome
 to redistribute it under certain conditions. For details, add the --help flag.
--> Number of energy files: # Number of files                 =    51
--> No. of states, no. of predefined off-diag elements: # Number of states                 =     2
# Number of off-diagonal elements =     0
--> Give kT & no, of pts to skip   & calculation mode: # kT                              = 0.592
# Number of data points to skip   =   100
# Only QQ interactions will be considered   =   0
--> Give number of gap-bins: # Number of gap-bins              =   100
--> Give minimum # pts/bin: # Minimum number of points per bin=    20
--> Give alpha for state  2:                                                    # Alpha for state  2              =  -520.50
--> Number of off-diagonal elements:# Number of off-diagonal elements =     1
#   i   j   A(i,j)  mu(i,j) eta(i,j) rxy0(i,j)
--> i, j, A_ij, mu_ij, eta_ij, r_xy0: #   1   2     30.00      0.00      0.00      0.00
--> linear combination of states defining reaction coord: # Linear combination co-efficients=  1.00 -1.00


# Part 0: Average energies for all states in all files
# file             state   pts   lambda    EQtot   EQbond  EQang   EQtor   EQimp    EQel   EQvdW  Eel_qq  EvdW_qq Eel_qp  EvdW_qp Eel_qw EvdW_qw Eqrstr
--> Name of file number   1:                                                     
# Energy files from Qdyn, version: 6.0.16 , git id=adc28a635c78993922188615a73366ace3402081                        
fep_050_1.000.en        1      1899  1.000000  -10440.00  -10327.17     5.10     9.58     0.00  -104.24   -23.27   -54.58    10.70   -25.19   -34.94   -24.47     0.97     0.00
fep_050_1.000.en        2      1899  0.000000   -9664.36   -9673.51   170.54     5.11     0.00  -156.47   -10.02  -139.11    24.48    10.71   -35.38   -28.06     0.88     0.00
--> Name of file number   2:                                                     
# Energy files from Qdyn, version: 6.0.16 , git id=adc28a635c78993922188615a73366ace3402081                        
fep_049_0.980.en        1      1899  0.980000  -10442.69  -10328.08     4.91     9.81     0.00  -106.95   -22.38   -54.93    12.22   -27.84   -35.34   -24.18     0.75     0.00
fep_049_0.980.en        2      1899  0.020000   -9752.99   -9763.57   170.47     4.35     0.00  -156.14    -8.10  -135.80    26.98     8.04   -35.74   -28.38     0.66     0.00
--> Name of file number   3:                                                     
# Energy files from Qdyn, version: 6.0.16 , git id=adc28a635c78993922188615a73366ace3402081                        
fep_048_0.960.en        1      1899  0.960000  -10431.51  -10327.88     5.79     9.69     0.00  -100.63   -18.48   -56.97    17.60   -22.30   -35.42   -21.36    -0.66     0.00
fep_048_0.960.en        2      1899  0.040000   -9913.47   -9929.28   159.17     3.08     0.00  -144.17    -2.28  -132.24    34.25    13.51   -35.79   -25.44    -0.75     0.00
--> Name of file number   4:                                                     
# Energy files from Qdyn, version: 6.0.16 , git id=adc28a635c78993922188615a73366ace3402081                        
fep_047_0.940.en        1      1899  0.940000  -10423.56  -10325.61     7.22     9.80     0.00   -99.68   -15.29   -56.03    21.95   -20.86   -36.28   -22.79    -0.96     0.00
fep_047_0.940.en        2      1899  0.060000  -10030.58  -10051.46   154.20     2.14     0.00  -137.21     1.75  -128.85    39.44    15.35   -36.66   -23.72    -1.02     0.00
--> Name of file number   5:                                                     
# Energy files from Qdyn, version: 6.0.16 , git id=adc28a635c78993922188615a73366ace3402081                        
fep_046_0.920.en        1      1899  0.920000  -10411.20  -10321.09     8.57     9.57     0.00  -100.07    -8.19   -59.08    28.70   -21.68   -36.31   -19.31    -0.57     0.00
fep_046_0.920.en        2      1899  0.080000  -10174.39  -10200.97   143.46     2.88     0.00  -131.39    11.62  -121.96    48.95    11.28   -36.67   -20.71    -0.66     0.00
--> Name of file number   6:                                                     
# Energy files from Qdyn, version: 6.0.16 , git id=adc28a635c78993922188615a73366ace3402081                        
fep_000_0.900.en        1      1899  0.900000  -10403.31  -10315.70    11.21     9.94     0.00  -107.90    -0.87   -60.38    35.00   -24.56   -35.54   -22.97    -0.34     0.00
fep_000_0.900.en        2      1899  0.100000  -10320.49  -10350.35   135.97     2.71     0.00  -129.74    20.92  -113.11    57.28     9.27   -35.94   -25.90    -0.42     0.00
--> Name of file number   7:                                                     
# Energy files from Qdyn, version: 6.0.16 , git id=adc28a635c78993922188615a73366ace3402081                        
fep_001_0.880.en        1      1899  0.880000  -10387.29  -10306.07    12.96     9.59     0.00  -106.15     2.37   -60.52    39.34   -24.77   -36.60   -20.86    -0.36     0.00
fep_001_0.880.en        2      1899  0.120000  -10432.04  -10466.94   133.56     3.34     0.00  -125.91    23.91  -105.84    61.36     4.39   -37.00   -24.46    -0.45     0.00
--> Name of file number   8:                                                     
# Energy files from Qdyn, version: 6.0.16 , git id=adc28a635c78993922188615a73366ace3402081                        
fep_002_0.860.en        1      1899  0.860000  -10374.17  -10298.79    15.02     9.52     0.00  -104.83     4.90   -60.97    43.68   -26.57   -37.71   -17.29    -1.07     0.00
fep_002_0.860.en        2      1899  0.140000  -10516.92  -10552.22   126.29     2.49     0.00  -118.81    25.32  -102.73    64.57     3.78   -38.11   -19.86    -1.14     0.00
--> Name of file number   9:                                                     
# Energy files from Qdyn, version: 6.0.16 , git id=adc28a635c78993922188615a73366ace3402081                        
fep_003_0.840.en        1      1899  0.840000  -10367.58  -10292.83    15.70     9.40     0.00  -109.29     9.44   -63.14    47.82   -29.46   -37.58   -16.69    -0.80     0.00
fep_003_0.840.en        2      1899  0.160000  -10586.00  -10618.70   123.39     2.79     0.00  -121.42    27.95   -99.24    66.76    -1.15   -37.93   -21.04    -0.89     0.00
--> Name of file number  10:                                                     
# Energy files from Qdyn, version: 6.0.16 , git id=adc28a635c78993922188615a73366ace3402081                        
fep_004_0.820.en        1      1899  0.820000  -10354.16  -10288.45    17.39     9.55     0.00  -105.48    12.84   -61.02    51.19   -21.28   -38.00   -23.18    -0.35     0.00
fep_004_0.820.en        2      1899  0.180000  -10638.99  -10667.77   115.90     2.50     0.00  -117.45    27.83   -98.33    66.58    10.10   -38.33   -29.23    -0.43     0.00
--> Name of file number  11:                                                     
# Energy files from Qdyn, version: 6.0.16 , git id=adc28a635c78993922188615a73366ace3402081                        
fep_005_0.800.en        1      1899  0.800000  -10345.06  -10284.32    18.45     9.60     0.00  -103.20    14.42   -58.91    52.45   -22.72   -38.17   -21.57     0.14     0.00
fep_005_0.800.en        2      1899  0.200000  -10681.54  -10695.62   101.45     5.08     0.00  -119.26    26.80   -97.67    65.29     7.73   -38.55   -29.32     0.06     0.00
--> Name of file number  12:                                                     
# Energy files from Qdyn, version: 6.0.16 , git id=adc28a635c78993922188615a73366ace3402081                        
fep_006_0.780.en        1      1899  0.780000  -10341.78  -10282.46    18.35     9.49     0.00  -102.79    15.63   -60.08    54.26   -23.79   -38.00   -18.92    -0.64     0.00
fep_006_0.780.en        2      1899  0.220000  -10700.75  -10714.87   102.43     4.57     0.00  -119.16    26.28   -98.40    65.39     5.51   -38.39   -26.27    -0.71     0.00
--> Name of file number  13:                                                     
# Energy files from Qdyn, version: 6.0.16 , git id=adc28a635c78993922188615a73366ace3402081                        
fep_007_0.760.en        1      1899  0.760000  -10329.92  -10277.90    20.24     9.40     0.00   -99.25    17.58   -64.34    55.71   -18.79   -37.40   -16.12    -0.72     0.00
fep_007_0.760.en        2      1899  0.240000  -10726.31  -10734.57    90.10     4.39     0.00  -113.11    26.88  -101.50    65.47     9.70   -37.78   -21.31    -0.80     0.00
--> Name of file number  14:                                                     
# Energy files from Qdyn, version: 6.0.16 , git id=adc28a635c78993922188615a73366ace3402081                        
fep_008_0.740.en        1      1899  0.740000  -10328.25  -10275.41    21.76     9.79     0.00  -102.44    18.05   -64.04    56.98   -19.50   -38.51   -18.91    -0.41     0.00
fep_008_0.740.en        2      1899  0.260000  -10754.80  -10751.69    86.40     4.93     0.00  -119.10    24.67  -102.05    64.05     6.62   -38.90   -23.67    -0.49     0.00
--> Name of file number  15:                                                     
# Energy files from Qdyn, version: 6.0.16 , git id=adc28a635c78993922188615a73366ace3402081                        
fep_009_0.720.en        1      1899  0.720000  -10322.78  -10273.16    21.72     9.98     0.00  -100.53    19.21   -64.35    58.94   -18.52   -39.20   -17.66    -0.53     0.00
fep_009_0.720.en        2      1899  0.280000  -10770.87  -10765.15    84.59     5.35     0.00  -118.30    22.63  -101.08    62.84     7.67   -39.61   -24.88    -0.60     0.00
--> Name of file number  16:                                                     
# Energy files from Qdyn, version: 6.0.16 , git id=adc28a635c78993922188615a73366ace3402081                        
fep_010_0.700.en        1      1899  0.700000  -10317.82  -10270.49    21.54     9.61     0.00  -100.28    21.80   -63.52    60.69   -19.89   -38.53   -16.87    -0.37     0.00
fep_010_0.700.en        2      1899  0.300000  -10781.46  -10775.11    83.29     4.80     0.00  -117.32    22.87  -100.72    62.24     6.72   -38.93   -23.32    -0.44     0.00
--> Name of file number  17:                                                     
# Energy files from Qdyn, version: 6.0.16 , git id=adc28a635c78993922188615a73366ace3402081                        
fep_011_0.680.en        1      1899  0.680000  -10318.78  -10266.08    24.18     9.22     0.00  -106.91    20.81   -52.86    59.22   -24.72   -39.11   -29.33     0.70     0.00
fep_011_0.680.en        2      1899  0.320000  -10808.39  -10794.29    86.68     4.91     0.00  -124.87    19.19   -91.92    58.05     6.98   -39.46   -39.94     0.60     0.00
--> Name of file number  18:                                                     
# Energy files from Qdyn, version: 6.0.16 , git id=adc28a635c78993922188615a73366ace3402081                        
fep_012_0.660.en        1      1899  0.660000  -10313.25  -10262.57    22.98     9.68     0.00  -107.81    24.46   -51.63    61.06   -23.56   -37.51   -32.62     0.90     0.00
fep_012_0.660.en        2      1899  0.340000  -10812.87  -10799.23    86.26     3.49     0.00  -123.80    20.42   -92.26    57.47     7.86   -37.87   -39.40     0.81     0.00
--> Name of file number  19:                                                     
# Energy files from Qdyn, version: 6.0.16 , git id=adc28a635c78993922188615a73366ace3402081                        
fep_013_0.640.en        1      1899  0.640000  -10310.62  -10262.55    25.50    13.04     0.00  -107.48    20.86   -49.34    57.55   -28.81   -37.54   -29.33     0.86     0.00
fep_013_0.640.en        2      1899  0.360000  -10845.82  -10814.03    73.45     2.47     0.00  -126.23    18.52  -103.97    55.46    14.09   -37.71   -36.35     0.78     0.00
--> Name of file number  20:                                                     
# Energy files from Qdyn, version: 6.0.16 , git id=adc28a635c78993922188615a73366ace3402081                        
fep_014_0.620.en        1      1899  0.620000  -10302.62  -10259.52    24.06    13.11     0.00  -106.59    26.32   -50.10    61.68   -30.36   -35.68   -26.13     0.32     0.00
fep_014_0.620.en        2      1899  0.380000  -10850.62  -10817.56    71.84     1.34     0.00  -127.49    21.25  -109.10    56.91    12.93   -35.92   -31.32     0.27     0.00
--> Name of file number  21:                                                     
# Energy files from Qdyn, version: 6.0.16 , git id=adc28a635c78993922188615a73366ace3402081                        
fep_015_0.600.en        1      1899  0.600000  -10295.71  -10255.15    22.93    10.57     0.00  -107.19    33.14   -47.59    66.71   -35.63   -34.04   -23.97     0.46     0.00
fep_015_0.600.en        2      1899  0.400000  -10854.85  -10819.34    69.39     1.64     0.00  -129.04    22.50  -108.30    56.50     6.51   -34.38   -27.25     0.39     0.00
--> Name of file number  22:                                                     
# Energy files from Qdyn, version: 6.0.16 , git id=adc28a635c78993922188615a73366ace3402081                        
fep_016_0.580.en        1      1899  0.580000  -10289.82  -10250.98    18.88     9.47     0.00  -104.11    36.92   -49.43    71.46   -28.32   -37.04   -26.36     2.50     0.00
fep_016_0.580.en        2      1899  0.420000  -10856.82  -10818.74    65.59     4.98     0.00  -127.83    19.20   -96.63    54.17     6.73   -37.35   -37.93     2.38     0.00
--> Name of file number  23:                                                     
# Energy files from Qdyn, version: 6.0.16 , git id=adc28a635c78993922188615a73366ace3402081                        
fep_017_0.560.en        1      1899  0.560000  -10281.43  -10246.75    19.01    10.86     0.00  -103.11    38.55   -47.55    72.59   -30.48   -36.86   -25.08     2.82     0.00
fep_017_0.560.en        2      1899  0.440000  -10858.53  -10824.54    69.35     2.55     0.00  -124.48    18.59   -94.81    53.09     6.63   -37.21   -36.30     2.71     0.00
--> Name of file number  24:                                                     
# Energy files from Qdyn, version: 6.0.16 , git id=adc28a635c78993922188615a73366ace3402081                        
fep_018_0.540.en        1      1899  0.540000  -10276.23  -10244.65    21.85    13.13     0.00  -101.93    35.36   -48.00    70.24   -29.39   -36.79   -24.53     1.91     0.00
fep_018_0.540.en        2      1899  0.460000  -10873.51  -10832.01    67.19     2.86     0.00  -128.26    16.71  -102.03    52.10     8.70   -37.20   -34.93     1.82     0.00
--> Name of file number  25:                                                     
# Energy files from Qdyn, version: 6.0.16 , git id=adc28a635c78993922188615a73366ace3402081                        
fep_019_0.520.en        1      1899  0.520000  -10277.49  -10242.81    26.86    11.00     0.00  -100.54    28.00   -55.33    64.81   -24.36   -37.18   -20.85     0.37     0.00
fep_019_0.520.en        2      1899  0.480000  -10883.73  -10842.64    70.40     2.14     0.00  -126.12    12.49  -120.02    49.72    17.22   -37.50   -23.33     0.27     0.00
--> Name of file number  26:                                                     
# Energy files from Qdyn, version: 6.0.16 , git id=adc28a635c78993922188615a73366ace3402081                        
fep_020_0.500.en        1      1899  0.500000  -10273.41  -10239.07    26.21    11.82     0.00  -102.72    30.35   -56.45    65.91   -22.48   -36.53   -23.78     0.97     0.00
fep_020_0.500.en        2      1899  0.500000  -10888.25  -10845.53    69.07     1.93     0.00  -126.91    13.19  -119.61    49.08    17.90   -36.75   -25.20     0.86     0.00
--> Name of file number  27:                                                     
# Energy files from Qdyn, version: 6.0.16 , git id=adc28a635c78993922188615a73366ace3402081                        
fep_021_0.480.en        1      1899  0.480000  -10264.87  -10234.12    25.94    10.94     0.00   -99.49    31.86   -55.71    68.80   -24.24   -37.34   -19.53     0.40     0.00
fep_021_0.480.en        2      1899  0.520000  -10891.29  -10847.31    67.05     1.85     0.00  -124.51    11.63  -118.99    48.92    15.11   -37.59   -20.63     0.30     0.00
--> Name of file number  28:                                                     
# Energy files from Qdyn, version: 6.0.16 , git id=adc28a635c78993922188615a73366ace3402081                        
fep_022_0.460.en        1      1899  0.460000  -10260.24  -10227.75    27.17    10.41     0.00  -101.64    31.57   -56.03    68.16   -26.16   -37.16   -19.46     0.57     0.00
fep_022_0.460.en        2      1899  0.540000  -10895.97  -10850.69    67.50     1.96     0.00  -125.02    10.28  -119.27    47.15    14.38   -37.34   -20.13     0.47     0.00
--> Name of file number  29:                                                     
# Energy files from Qdyn, version: 6.0.16 , git id=adc28a635c78993922188615a73366ace3402081                        
fep_023_0.440.en        1      1899  0.440000  -10250.98  -10221.56    26.40    10.15     0.00   -98.02    32.05   -56.43    69.04   -24.86   -36.83   -16.73    -0.16     0.00
fep_023_0.440.en        2      1899  0.560000  -10904.31  -10853.33    65.03     1.82     0.00  -126.30     8.47  -119.19    45.84    14.27   -37.12   -21.38    -0.25     0.00
--> Name of file number  30:                                                     
# Energy files from Qdyn, version: 6.0.16 , git id=adc28a635c78993922188615a73366ace3402081                        
fep_024_0.420.en        1      1899  0.420000  -10240.51  -10213.33    25.70    10.02     0.00   -98.81    35.91   -55.55    74.29   -22.83   -38.80   -20.44     0.43     0.00
fep_024_0.420.en        2      1899  0.580000  -10905.64  -10854.33    65.44     1.22     0.00  -124.27     6.29  -117.18    44.91    13.05   -38.96   -20.14     0.34     0.00
--> Name of file number  31:                                                     
# Energy files from Qdyn, version: 6.0.16 , git id=adc28a635c78993922188615a73366ace3402081                        
fep_025_0.400.en        1      1899  0.400000  -10236.84  -10211.47    26.80     9.71     0.00   -94.66    32.78   -56.15    70.97   -19.49   -38.33   -19.02     0.13     0.00
fep_025_0.400.en        2      1899  0.600000  -10916.91  -10859.17    63.46     1.62     0.00  -127.25     4.43  -120.48    42.96    13.18   -38.56   -19.95     0.03     0.00
--> Name of file number  32:                                                     
# Energy files from Qdyn, version: 6.0.16 , git id=adc28a635c78993922188615a73366ace3402081                        
fep_026_0.380.en        1      1899  0.380000  -10225.79  -10201.08    28.07     9.35     0.00   -95.46    33.32   -57.88    71.90   -17.37   -38.82   -20.21     0.24     0.00
fep_026_0.380.en        2      1899  0.620000  -10920.43  -10860.68    63.74     1.43     0.00  -127.21     2.31  -120.95    41.33    13.64   -39.15   -19.90     0.13     0.00
--> Name of file number  33:                                                     
# Energy files from Qdyn, version: 6.0.16 , git id=adc28a635c78993922188615a73366ace3402081                        
fep_027_0.360.en        1      1899  0.360000  -10217.08  -10194.74    27.42    10.07     0.00   -95.78    35.95   -55.92    73.54   -19.80   -37.91   -20.06     0.32     0.00
fep_027_0.360.en        2      1899  0.640000  -10925.49  -10862.02    61.71     1.47     0.00  -129.84     3.19  -120.65    41.15    12.82   -38.17   -22.01     0.21     0.00
--> Name of file number  34:                                                     
# Energy files from Qdyn, version: 6.0.16 , git id=adc28a635c78993922188615a73366ace3402081                        
fep_028_0.340.en        1      1899  0.340000  -10197.44  -10183.42    23.19    10.10     0.00   -93.98    46.66   -51.61    84.86   -22.70   -38.57   -19.66     0.37     0.00
fep_028_0.340.en        2      1899  0.660000  -10929.98  -10862.16    57.81     0.96     0.00  -128.65     2.06  -116.93    40.66    10.32   -38.89   -22.05     0.28     0.00
--> Name of file number  35:                                                     
# Energy files from Qdyn, version: 6.0.16 , git id=adc28a635c78993922188615a73366ace3402081                        
fep_029_0.320.en        1      1899  0.320000  -10187.15  -10174.59    21.63    11.88     0.00   -98.97    52.89   -50.10    89.86   -26.45   -37.93   -22.42     0.97     0.00
fep_029_0.320.en        2      1899  0.680000  -10936.48  -10864.47    55.10     0.91     0.00  -130.72     2.69  -116.64    40.04     9.48   -38.22   -23.56     0.87     0.00
--> Name of file number  36:                                                     
# Energy files from Qdyn, version: 6.0.16 , git id=adc28a635c78993922188615a73366ace3402081                        
fep_030_0.300.en        1      1899  0.300000  -10165.05  -10158.84    21.44    11.70     0.00   -91.48    52.14   -47.56    90.74   -22.97   -38.75   -20.96     0.15     0.00
fep_030_0.300.en        2      1899  0.700000  -10942.65  -10865.97    52.11     1.88     0.00  -129.74    -0.92  -113.55    37.95     5.58   -38.95   -21.77     0.08     0.00
--> Name of file number  37:                                                     
# Energy files from Qdyn, version: 6.0.16 , git id=adc28a635c78993922188615a73366ace3402081                        
fep_031_0.280.en        1      1899  0.280000  -10152.02  -10146.91    22.52    12.49     0.00   -92.49    52.36   -48.52    90.67   -24.60   -38.78   -19.37     0.48     0.00
fep_031_0.280.en        2      1899  0.720000  -10950.39  -10868.26    51.36     0.99     0.00  -132.53    -1.95  -116.86    36.71     4.85   -39.04   -20.52     0.38     0.00
--> Name of file number  38:                                                     
# Energy files from Qdyn, version: 6.0.16 , git id=adc28a635c78993922188615a73366ace3402081                        
fep_032_0.260.en        1      1899  0.260000  -10131.69  -10127.49    21.84    12.43     0.00   -90.86    52.38   -47.23    90.82   -24.26   -39.00   -19.36     0.55     0.00
fep_032_0.260.en        2      1899  0.740000  -10960.33  -10870.40    48.51     1.29     0.00  -135.84    -3.89  -116.91    34.88     4.45   -39.22   -23.38     0.46     0.00
--> Name of file number  39:                                                     
# Energy files from Qdyn, version: 6.0.16 , git id=adc28a635c78993922188615a73366ace3402081                        
fep_033_0.240.en        1      1899  0.240000  -10102.59  -10099.49    22.78    12.92     0.00   -90.21    51.41   -47.90    91.39   -20.37   -40.32   -21.94     0.35     0.00
fep_033_0.240.en        2      1899  0.760000  -10968.54  -10871.82    46.21     1.36     0.00  -136.65    -7.65  -117.18    32.65     6.01   -40.56   -25.48     0.26     0.00
--> Name of file number  40:                                                     
# Energy files from Qdyn, version: 6.0.16 , git id=adc28a635c78993922188615a73366ace3402081                        
fep_034_0.220.en        1      1899  0.220000  -10070.15  -10075.34    24.95    12.24     0.00   -81.23    49.23   -48.45    89.81   -14.36   -40.62   -18.42     0.04     0.00
fep_034_0.220.en        2      1899  0.780000  -10974.51  -10873.39    43.38     2.27     0.00  -136.85    -9.91  -121.57    31.01     8.01   -40.87   -23.29    -0.04     0.00
--> Name of file number  41:                                                     
# Energy files from Qdyn, version: 6.0.16 , git id=adc28a635c78993922188615a73366ace3402081                        
fep_035_0.200.en        1      1899  0.200000  -10006.27  -10030.72    47.36     8.67     0.00   -61.00    29.42   -56.77    70.23     9.13   -39.31   -13.36    -1.51     0.00
fep_035_0.200.en        2      1899  0.800000  -10989.39  -10875.69    37.80     5.33     0.00  -146.44   -10.38  -145.15    30.72    13.06   -39.56   -14.35    -1.54     0.00
--> Name of file number  42:                                                     
# Energy files from Qdyn, version: 6.0.16 , git id=adc28a635c78993922188615a73366ace3402081                        
fep_036_0.180.en        1      1899  0.180000   -9938.59   -9965.46    57.07     7.02     0.00   -59.16    21.94   -58.42    64.82    13.67   -40.81   -14.41    -2.07     0.00
fep_036_0.180.en        2      1899  0.820000  -11012.41  -10876.59    34.03     6.61     0.00  -164.27   -12.18  -161.98    30.88     9.89   -40.99   -12.19    -2.07     0.00
--> Name of file number  43:                                                     
# Energy files from Qdyn, version: 6.0.16 , git id=adc28a635c78993922188615a73366ace3402081                        
fep_037_0.160.en        1      1899  0.160000   -9847.16   -9880.39    60.25     7.31     0.00   -57.14    22.82   -58.27    64.88    13.55   -40.34   -12.42    -1.72     0.00
fep_037_0.160.en        2      1899  0.840000  -11028.48  -10877.66    29.02     7.11     0.00  -174.29   -12.66  -172.19    29.55     9.77   -40.48   -11.86    -1.73     0.00
--> Name of file number  44:                                                     
# Energy files from Qdyn, version: 6.0.16 , git id=adc28a635c78993922188615a73366ace3402081                        
fep_038_0.140.en        1      1899  0.140000   -9720.88   -9755.30    62.59     7.46     0.00   -58.10    22.46   -58.22    64.31    14.39   -40.31   -14.27    -1.54     0.00
fep_038_0.140.en        2      1899  0.860000  -11051.20  -10878.52    23.83     7.11     0.00  -190.81   -12.80  -187.24    29.14    10.11   -40.39   -13.68    -1.55     0.00
--> Name of file number  45:                                                     
# Energy files from Qdyn, version: 6.0.16 , git id=adc28a635c78993922188615a73366ace3402081                        
fep_039_0.120.en        1      1899  0.120000   -8785.76   -8711.33    32.26    10.46     0.00   -98.62   -18.53   -37.28    10.42   -33.45   -27.44   -27.89    -1.52     0.00
fep_039_0.120.en        2      1899  0.880000   -9136.94   -9098.72    32.24     5.48     0.00   -64.03   -11.91    -7.64    16.35   -24.13   -27.67   -32.27    -0.59     0.00
--> Name of file number  46:                                                     
# Energy files from Qdyn, version: 6.0.16 , git id=adc28a635c78993922188615a73366ace3402081                        
fep_040_0.100.en        1      1899  0.100000   -8807.00   -8653.74    42.94    10.83     0.00  -183.32   -23.71   -37.65     9.56   -61.05   -31.36   -84.62    -1.91     0.00
fep_040_0.100.en        2      1899  0.900000   -9246.44   -9104.10    17.46     1.51     0.00  -148.01   -13.31    -8.84    14.50   -48.38   -31.90   -90.78     4.09     0.00
--> Name of file number  47:                                                     
# Energy files from Qdyn, version: 6.0.16 , git id=adc28a635c78993922188615a73366ace3402081                        
fep_041_0.080.en        1      1899  0.080000   -8740.53   -8597.60    45.02    10.21     0.00  -175.40   -22.76   -38.26     9.57   -53.86   -31.04   -83.28    -1.29     0.00
fep_041_0.080.en        2      1899  0.920000   -9244.07   -9104.54    13.88     1.43     0.00  -142.80   -12.05    -8.91    13.74   -44.14   -31.61   -89.76     5.82     0.00
--> Name of file number  48:                                                     
# Energy files from Qdyn, version: 6.0.16 , git id=adc28a635c78993922188615a73366ace3402081                        
fep_042_0.060.en        1      1899  0.060000   -8675.24   -8541.64    51.39    12.03     0.00  -172.71   -24.32   -37.86     9.59   -51.87   -32.67   -82.99    -1.24     0.00
fep_042_0.060.en        2      1899  0.940000   -9244.81   -9104.72    10.06     1.82     0.00  -137.47   -14.50   -10.12    12.63   -39.53   -33.01   -87.83     5.87     0.00
--> Name of file number  49:                                                     
# Energy files from Qdyn, version: 6.0.16 , git id=adc28a635c78993922188615a73366ace3402081                        
fep_043_0.040.en        1      1899  0.040000   -8649.91   -8518.30    58.36    12.78     0.00  -179.65   -23.10   -37.93     9.27   -56.17   -31.17   -85.54    -1.20     0.00
fep_043_0.040.en        2      1899  0.960000   -9257.20   -9105.39     8.48     1.76     0.00  -146.79   -15.26    -9.88    12.12   -46.96   -31.57   -89.95     4.19     0.00
--> Name of file number  50:                                                     
# Energy files from Qdyn, version: 6.0.16 , git id=adc28a635c78993922188615a73366ace3402081                        
fep_044_0.020.en        1      1899  0.020000   -8624.61   -8492.78    56.96    12.50     0.00  -177.11   -24.18   -37.93     9.23   -52.21   -32.29   -86.96    -1.12     0.00
fep_044_0.020.en        2      1899  0.980000   -9256.62   -9105.83     9.27     1.47     0.00  -144.63   -16.91    -8.89    11.57   -45.46   -32.70   -90.28     4.22     0.00
--> Name of file number  51:                                                     
# Energy files from Qdyn, version: 6.0.16 , git id=adc28a635c78993922188615a73366ace3402081                        
fep_045_0.000.en        1      1899  0.000000   -8603.83   -8470.43    60.75    13.14     0.00  -185.40   -21.89   -37.52     8.87   -55.41   -30.17   -92.47    -0.60     0.00
fep_045_0.000.en        2      1899  1.000000   -9271.26   -9105.91     6.69     1.38     0.00  -157.79   -15.63    -6.96    10.41   -48.18   -30.61  -102.65     4.57     0.00


# Part 1: Free energy perturbation summary:

# Calculation for full system
# lambda(1)      dGf sum(dGf)      dGr sum(dGr)     <dG>
   1.000000     0.000     0.000    -4.148  1005.451     0.000
   0.980000     4.115     4.115    -1.275  1009.599     4.131
   0.960000     2.304     6.419     1.127  1010.874     5.921
   0.940000    -1.462     4.958     4.410  1009.747     4.627
   0.920000    -4.080     0.878     7.463  1005.337     0.382
   0.900000    -7.398    -6.520     9.968   997.874    -7.049
   0.880000   -10.149   -16.669    12.272   987.906   -17.107
   0.860000   -12.577   -29.246    14.283   975.634   -29.532
   0.840000   -14.072   -43.318    15.661   961.351   -43.709
   0.820000   -15.255   -58.573    16.724   945.690   -59.167
   0.800000   -16.513   -75.086    17.214   928.966   -75.786
   0.780000   -17.510   -92.596    18.016   911.753   -93.147
   0.760000   -17.934  -110.530    18.513   893.736  -111.122
   0.740000   -18.656  -129.186    19.062   875.223  -129.707
   0.720000   -19.283  -148.469    19.401   856.161  -148.879
   0.700000   -19.662  -168.130    19.980   836.760  -168.411
   0.680000   -19.925  -188.056    20.147   816.780  -188.364
   0.660000   -20.409  -208.464    20.912   796.632  -208.642
   0.640000   -20.614  -229.079    21.208   775.720  -229.405
   0.620000   -21.304  -250.383    21.414   754.512  -250.661
   0.600000   -21.531  -271.914    21.608   733.098  -272.134
   0.580000   -21.766  -293.680    21.799   711.490  -293.821
   0.560000   -21.884  -315.564    22.226   689.691  -315.662
   0.540000   -22.098  -337.662    22.428   667.465  -337.824
   0.520000   -22.481  -360.143    22.613   645.037  -360.279
   0.500000   -22.652  -382.795    22.795   622.424  -382.912
   0.480000   -22.797  -405.593    22.979   599.629  -405.708
   0.460000   -23.080  -428.672    23.334   576.650  -428.737
   0.440000   -23.271  -451.944    23.589   553.316  -452.040
   0.420000   -23.620  -475.563    23.897   529.726  -475.644
   0.400000   -23.839  -499.402    24.176   505.830  -499.512
   0.380000   -24.121  -523.524    24.418   481.653  -523.661
   0.360000   -24.426  -547.949    24.849   457.235  -548.083
   0.340000   -24.734  -572.683    25.217   432.387  -572.874
   0.320000   -25.303  -597.986    25.701   407.170  -598.134
   0.300000   -25.587  -623.573    26.109   381.469  -623.778
   0.280000   -26.260  -649.834    26.709   355.360  -649.963
   0.260000   -26.672  -676.506    27.404   328.651  -676.653
   0.240000   -27.284  -703.790    28.089   301.247  -703.997
   0.220000   -28.058  -731.848    29.463   273.158  -732.071
   0.200000   -28.900  -760.749    31.192   243.695  -761.252
   0.180000   -30.753  -791.501    32.948   212.503  -792.225
   0.160000   -32.784  -824.286    35.554   179.555  -825.091
   0.140000   -35.147  -859.432    15.093   144.001  -860.441
   0.120000   -38.514  -897.946    18.683   128.909  -887.244
   0.100000   -20.732  -918.678    19.968   110.226  -906.952
   0.080000   -19.717  -938.395    21.493    90.258  -926.794
   0.060000   -20.917  -959.312    22.365    68.764  -947.999
   0.040000   -22.079  -981.391    22.756    46.399  -970.222
   0.020000   -22.731 -1004.122    23.643    23.643  -992.965
   0.000000   -23.250 -1027.372     0.000     0.000 -1016.412

# Min energy-gap is:   -383.67
# Max energy-gap is:   2062.97



# Part 2: Reaction free energy summary:
# Lambda(1)  bin Energy gap      dGa     dGb     dGg    # pts    c1**2    c2**2
   1.000000    1    -371.44       0.00     361.66      -2.43     42     0.993     0.007
   1.000000    2    -346.97       0.00     336.84      -2.59    101     0.993     0.007
   1.000000    3    -322.51       0.00     312.12      -2.79    188     0.991     0.009
   1.000000    4    -298.04       0.00     288.05      -3.00    281     0.990     0.010
   1.000000    5    -273.57       0.00     263.54      -3.27    300     0.988     0.012
   1.000000    6    -249.11       0.00     239.09      -3.57    280     0.986     0.014
   1.000000    7    -224.64       0.00     214.85      -3.93    261     0.983     0.017
   1.000000    8    -200.17       0.00     190.51      -4.39    175     0.979     0.021
   1.000000    9    -175.71       0.00     165.63      -4.99    156     0.973     0.027
   1.000000   10    -151.24       0.00     140.87      -5.71     78     0.966     0.034
   1.000000   11    -126.78       0.00     116.89      -6.80     35     0.952     0.048
   0.980000    5    -273.57      -1.28     262.14      -4.56     50     0.988     0.012
   0.980000    6    -249.11      -0.83     238.35      -4.41    128     0.986     0.014
   0.980000    7    -224.64      -0.35     214.13      -4.30    237     0.983     0.017
   0.980000    8    -200.17       0.11     190.30      -4.28    326     0.979     0.021
   0.980000    9    -175.71       0.60     166.64      -4.37    316     0.973     0.027
   0.980000   10    -151.24       1.09     142.48      -4.65    295     0.965     0.035
   0.980000   11    -126.78       1.55     118.57      -5.16    248     0.953     0.047
   0.980000   12    -102.31       2.05      95.05      -6.13    153     0.932     0.068
   0.980000   13     -77.84       2.53      71.34      -7.85     74     0.898     0.102
   0.980000   14     -53.38       3.01      47.39     -10.80     35     0.838     0.162
   0.980000   15     -28.91       3.50      24.80     -16.62     23     0.726     0.274
   0.960000   11    -126.78       0.79     117.85      -5.91     28     0.951     0.049
   0.960000   12    -102.31       1.81      94.41      -6.42     76     0.929     0.071
   0.960000   13     -77.84       2.79      71.10      -7.69    152     0.893     0.107
   0.960000   14     -53.38       3.74      47.20     -10.52    204     0.828     0.172
   0.960000   15     -28.91       4.71      24.17     -16.06    272     0.711     0.289
   0.960000   16      -4.44       5.69       0.62     -26.12    274     0.534     0.466
   0.960000   17      20.02       6.63     -22.80     -40.92    253     0.349     0.651
   0.960000   18      44.49       7.60     -46.11     -59.16    240     0.209     0.791
   0.960000   19      68.96       8.57     -70.05     -79.99    149     0.127     0.873
   0.960000   20      93.42       9.55     -93.29    -101.26    107     0.082     0.918
   0.960000   21     117.89      10.54    -116.67    -123.29     66     0.056     0.944
   0.960000   22     142.36      11.48    -139.92    -145.56     30     0.040     0.960
   0.940000   16      -4.44       4.30      -0.96     -27.59     52     0.523     0.477
   0.940000   17      20.02       5.68     -23.60     -41.71     87     0.346     0.654
   0.940000   18      44.49       7.21     -46.67     -59.70    141     0.200     0.800
   0.940000   19      68.96       8.64     -69.72     -79.69    195     0.123     0.877
   0.940000   20      93.42      10.13     -92.67    -100.63    225     0.079     0.921
   0.940000   21     117.89      11.52    -115.65    -122.26    249     0.055     0.945
   0.940000   22     142.36      13.06    -138.44    -144.09    240     0.039     0.961
   0.940000   23     166.82      14.45    -161.27    -166.19    248     0.030     0.970
   0.940000   24     191.29      15.94    -184.39    -188.74    180     0.023     0.977
   0.940000   25     215.76      17.33    -206.14    -210.05    100     0.019     0.981
   0.940000   26     240.22      18.84    -230.83    -234.35     70     0.015     0.985
   0.940000   27     264.69      20.30    -253.05    -256.27     55     0.013     0.987
   0.920000   22     142.36      11.55    -139.76    -145.41     32     0.039     0.961
   0.920000   23     166.82      13.59    -162.26    -167.18     53     0.029     0.971
   0.920000   24     191.29      15.45    -184.30    -188.66    115     0.023     0.977
   0.920000   25     215.76      17.41    -207.45    -211.34    169     0.018     0.982
   0.920000   26     240.22      19.42    -229.76    -233.29    248     0.015     0.985
   0.920000   27     264.69      21.27    -252.35    -255.57    287     0.012     0.988
   0.920000   28     289.16      23.20    -275.06    -278.02    257     0.010     0.990
   0.920000   29     313.62      25.17    -297.15    -299.90    219     0.009     0.991
   0.920000   30     338.09      27.14    -319.83    -322.39    198     0.008     0.992
   0.920000   31     362.55      29.15    -342.25    -344.64    141     0.007     0.993
   0.920000   32     387.02      31.00    -364.82    -367.07     87     0.006     0.994
   0.920000   33     411.49      32.82    -387.29    -389.41     39     0.005     0.995
   0.900000   28     289.16      21.65    -276.67    -279.63     30     0.010     0.990
   0.900000   29     313.62      24.06    -298.23    -300.97     60     0.009     0.991
   0.900000   30     338.09      26.60    -320.58    -323.14     96     0.008     0.992
   0.900000   31     362.55      28.94    -342.54    -344.93    157     0.007     0.993
   0.900000   32     387.02      31.36    -364.56    -366.80    210     0.006     0.994
   0.900000   33     411.49      33.79    -386.19    -388.31    260     0.005     0.995
   0.900000   34     435.95      36.10    -408.29    -410.29    250     0.005     0.995
   0.900000   35     460.42      38.63    -430.11    -432.01    232     0.004     0.996
   0.900000   36     484.89      41.07    -452.01    -453.82    217     0.004     0.996
   0.900000   37     509.35      43.46    -474.24    -475.96    184     0.003     0.997
   0.900000   38     533.82      45.76    -495.96    -497.61     94     0.003     0.997
   0.900000   39     558.29      48.30    -518.31    -519.88     57     0.003     0.997
   0.900000   40     582.75      50.61    -537.58    -539.10     24     0.003     0.997
   0.900000   41     607.22      53.20    -561.06    -562.52     21     0.002     0.998
   0.880000   34     435.95      34.71    -409.39    -411.39     41     0.005     0.995
   0.880000   35     460.42      37.69    -430.85    -432.75     78     0.004     0.996
   0.880000   36     484.89      40.74    -452.78    -454.58    161     0.004     0.996
   0.880000   37     509.35      43.52    -474.07    -475.79    193     0.003     0.997
   0.880000   38     533.82      46.39    -495.40    -497.04    232     0.003     0.997
   0.880000   39     558.29      49.35    -517.03    -518.61    278     0.003     0.997
   0.880000   40     582.75      52.27    -538.65    -540.16    267     0.003     0.997
   0.880000   41     607.22      55.18    -559.89    -561.34    224     0.002     0.998
   0.880000   42     631.69      58.17    -581.17    -582.57    154     0.002     0.998
   0.880000   43     656.15      61.07    -602.54    -603.88    109     0.002     0.998
   0.880000   44     680.62      63.94    -624.27    -625.57     94     0.002     0.998
   0.880000   45     705.09      66.92    -645.19    -646.45     29     0.002     0.998
   0.860000   39     558.29      48.37    -517.83    -519.41     57     0.003     0.997
   0.860000   40     582.75      51.52    -539.29    -540.80    125     0.003     0.997
   0.860000   41     607.22      54.79    -560.03    -561.48    174     0.002     0.998
   0.860000   42     631.69      58.28    -581.51    -582.91    271     0.002     0.998
   0.860000   43     656.15      61.65    -602.04    -603.39    331     0.002     0.998
   0.860000   44     680.62      65.06    -623.25    -624.54    335     0.002     0.998
   0.860000   45     705.09      68.38    -643.59    -644.85    278     0.002     0.998
   0.860000   46     729.55      71.78    -665.12    -666.33    184     0.002     0.998
   0.860000   47     754.02      75.22    -685.89    -687.06     74     0.002     0.998
   0.860000   48     778.48      78.36    -707.22    -708.35     37     0.001     0.999
   0.840000   43     656.15      60.70    -603.55    -604.90     47     0.002     0.998
   0.840000   44     680.62      64.57    -623.94    -625.24    191     0.002     0.998
   0.840000   45     705.09      68.44    -644.37    -645.63    356     0.002     0.998
   0.840000   46     729.55      72.31    -664.61    -665.82    390     0.002     0.998
   0.840000   47     754.02      76.06    -685.27    -686.44    409     0.002     0.998
   0.840000   48     778.48      79.95    -705.53    -706.66    313     0.001     0.999
   0.840000   49     802.95      83.71    -726.21    -727.31    148     0.001     0.999
   0.840000   50     827.42      87.51    -745.08    -746.16     34     0.001     0.999
   0.820000   46     729.55      71.65    -665.50    -666.71     65     0.002     0.998
   0.820000   47     754.02      75.81    -685.56    -686.73    159     0.002     0.998
   0.820000   48     778.48      80.04    -705.87    -707.01    403     0.001     0.999
   0.820000   49     802.95      84.38    -725.40    -726.50    506     0.001     0.999
   0.820000   50     827.42      88.79    -745.52    -746.59    432     0.001     0.999
   0.820000   51     851.88      92.97    -765.19    -766.23    215     0.001     0.999
   0.820000   52     876.35      97.22    -785.48    -786.49     88     0.001     0.999
   0.800000   48     778.48      79.28    -706.56    -707.70     41     0.001     0.999
   0.800000   49     802.95      83.78    -726.10    -727.20    162     0.001     0.999
   0.800000   50     827.42      88.68    -745.65    -746.72    351     0.001     0.999
   0.800000   51     851.88      93.53    -765.07    -766.11    540     0.001     0.999
   0.800000   52     876.35      98.20    -784.55    -785.56    467     0.001     0.999
   0.800000   53     900.82     103.00    -803.68    -804.67    243     0.001     0.999
   0.800000   54     925.28     107.79    -823.41    -824.37     73     0.001     0.999
   0.780000   49     802.95      82.70    -726.70    -727.81     56     0.001     0.999
   0.780000   50     827.42      87.57    -746.25    -747.32    161     0.001     0.999
   0.780000   51     851.88      92.99    -765.11    -766.16    337     0.001     0.999
   0.780000   52     876.35      98.25    -784.21    -785.22    589     0.001     0.999
   0.780000   53     900.82     103.45    -803.10    -804.09    467     0.001     0.999
   0.780000   54     925.28     108.87    -821.79    -822.75    215     0.001     0.999
   0.780000   55     949.75     113.99    -840.49    -841.42     60     0.001     0.999
   0.760000   51     851.88      92.32    -766.19    -767.23     86     0.001     0.999
   0.760000   52     876.35      97.79    -784.64    -785.65    262     0.001     0.999
   0.760000   53     900.82     103.68    -803.01    -803.99    488     0.001     0.999
   0.760000   54     925.28     109.35    -821.63    -822.59    561     0.001     0.999
   0.760000   55     949.75     115.02    -839.76    -840.69    351     0.001     0.999
   0.760000   56     974.22     120.78    -858.75    -859.66    123     0.001     0.999
   0.740000   52     876.35      96.71    -785.59    -786.61     69     0.001     0.999
   0.740000   53     900.82     103.03    -803.50    -804.48    218     0.001     0.999
   0.740000   54     925.28     109.37    -821.73    -822.69    396     0.001     0.999
   0.740000   55     949.75     115.59    -839.67    -840.61    538     0.001     0.999
   0.740000   56     974.22     121.68    -857.48    -858.40    450     0.001     0.999
   0.740000   57     998.68     127.92    -875.57    -876.46    166     0.001     0.999
   0.740000   58    1023.15     133.99    -892.08    -892.95     39     0.001     0.999
   0.720000   53     900.82     101.68    -804.40    -805.39     64     0.001     0.999
   0.720000   54     925.28     108.50    -822.15    -823.11    227     0.001     0.999
   0.720000   55     949.75     115.38    -839.50    -840.44    478     0.001     0.999
   0.720000   56     974.22     121.89    -857.12    -858.03    572     0.001     0.999
   0.720000   57     998.68     128.61    -874.19    -875.08    407     0.001     0.999
   0.720000   58    1023.15     135.44    -891.44    -892.31    127     0.001     0.999
   0.700000   54     925.28     107.43    -823.11    -824.07     97     0.001     0.999
   0.700000   55     949.75     114.73    -839.89    -840.83    290     0.001     0.999
   0.700000   56     974.22     121.87    -857.06    -857.97    583     0.001     0.999
   0.700000   57     998.68     129.02    -873.78    -874.67    577     0.001     0.999
   0.700000   58    1023.15     136.14    -890.73    -891.60    297     0.001     0.999
   0.700000   59    1047.62     143.21    -906.95    -907.80     38     0.001     0.999
   0.680000   55     949.75     113.61    -840.62    -841.56     52     0.001     0.999
   0.680000   56     974.22     121.43    -857.65    -858.56    255     0.001     0.999
   0.680000   57     998.68     129.03    -873.91    -874.80    654     0.001     0.999
   0.680000   58    1023.15     136.64    -890.25    -891.12    644     0.001     0.999
   0.680000   59    1047.62     144.23    -906.52    -907.37    244     0.001     0.999
   0.680000   60    1072.08     152.24    -922.03    -922.86     40     0.001     0.999
   0.660000   55     949.75     112.57    -842.18    -843.12     27     0.001     0.999
   0.660000   56     974.22     120.40    -857.97    -858.88    167     0.001     0.999
   0.660000   57     998.68     128.47    -874.11    -875.00    454     0.001     0.999
   0.660000   58    1023.15     136.66    -889.85    -890.72    697     0.001     0.999
   0.660000   59    1047.62     144.89    -906.17    -907.02    443     0.001     0.999
   0.660000   60    1072.08     152.74    -919.85    -920.69    102     0.001     0.999
   0.640000   57     998.68     128.89    -874.75    -875.64     60     0.001     0.999
   0.640000   58    1023.15     136.65    -890.46    -891.33    307     0.001     0.999
   0.640000   59    1047.62     145.12    -905.87    -906.72    689     0.001     0.999
   0.640000   60    1072.08     153.61    -921.24    -922.07    621     0.001     0.999
   0.640000   61    1096.55     162.17    -936.51    -937.32    191     0.001     0.999
   0.640000   62    1121.02     170.93    -952.10    -952.89     23     0.001     0.999
   0.620000   58    1023.15     136.05    -891.18    -892.05    115     0.001     0.999
   0.620000   59    1047.62     144.74    -906.00    -906.85    552     0.001     0.999
   0.620000   60    1072.08     153.80    -921.07    -921.90    758     0.001     0.999
   0.620000   61    1096.55     162.72    -935.52    -936.33    405     0.001     0.999
   0.620000   62    1121.02     171.70    -950.24    -951.04     62     0.001     0.999
   0.600000   58    1023.15     134.66    -892.03    -892.90     65     0.001     0.999
   0.600000   59    1047.62     144.11    -906.39    -907.24    289     0.001     0.999
   0.600000   60    1072.08     153.75    -920.93    -921.76    741     0.001     0.999
   0.600000   61    1096.55     163.05    -935.28    -936.09    622     0.001     0.999
   0.600000   62    1121.02     172.63    -949.64    -950.43    158     0.001     0.999
   0.600000   63    1145.48     182.52    -960.12    -960.91     22     0.001     0.999
   0.580000   59    1047.62     143.65    -907.02    -907.87    165     0.001     0.999
   0.580000   60    1072.08     153.39    -921.03    -921.86    634     0.001     0.999
   0.580000   61    1096.55     163.20    -934.89    -935.70    814     0.001     0.999
   0.580000   62    1121.02     173.25    -947.56    -948.36    259     0.001     0.999
   0.560000   59    1047.62     143.53    -908.09    -908.94     79     0.001     0.999
   0.560000   60    1072.08     152.89    -921.31    -922.14    417     0.001     0.999
   0.560000   61    1096.55     163.24    -934.74    -935.55    834     0.001     0.999
   0.560000   62    1121.02     173.64    -947.95    -948.74    477     0.001     0.999
   0.560000   63    1145.48     184.16    -960.99    -961.76     87     0.001     0.999
   0.540000   60    1072.08     152.71    -922.17    -923.00    104     0.001     0.999
   0.540000   61    1096.55     163.33    -934.95    -935.77    504     0.001     0.999
   0.540000   62    1121.02     174.09    -947.73    -948.53    855     0.001     0.999
   0.540000   63    1145.48     184.83    -959.81    -960.58    402     0.001     0.999
   0.540000   64    1169.95     195.69    -971.36    -972.12     31     0.001     0.999
   0.520000   61    1096.55     163.01    -935.44    -936.25    312     0.001     0.999
   0.520000   62    1121.02     173.74    -947.72    -948.51    906     0.001     0.999
   0.520000   63    1145.48     185.20    -959.99    -960.77    577     0.001     0.999
   0.520000   64    1169.95     196.76    -972.23    -973.00    102     0.001     0.999
   0.500000   61    1096.55     162.08    -936.05    -936.86     98     0.001     0.999
   0.500000   62    1121.02     173.79    -948.00    -948.79    761     0.001     0.999
   0.500000   63    1145.48     185.43    -959.74    -960.52    869     0.001     0.999
   0.500000   64    1169.95     197.04    -971.23    -971.99    164     0.001     0.999
   0.480000   61    1096.55     161.04    -936.83    -937.64     64     0.001     0.999
   0.480000   62    1121.02     173.20    -948.23    -949.02    387     0.001     0.999
   0.480000   63    1145.48     185.42    -959.58    -960.36    871     0.001     0.999
   0.480000   64    1169.95     197.87    -970.91    -971.67    506     0.001     0.999
   0.480000   65    1194.41     210.44    -982.73    -983.48     64     0.001     0.999
   0.460000   61    1096.55     159.62    -937.60    -938.41     22     0.001     0.999
   0.460000   62    1121.02     172.55    -948.61    -949.41    227     0.001     0.999
   0.460000   63    1145.48     185.21    -959.55    -960.33    774     0.001     0.999
   0.460000   64    1169.95     198.16    -970.60    -971.36    675     0.001     0.999
   0.460000   65    1194.41     211.20    -981.42    -982.17    185     0.001     0.999
   0.440000   62    1121.02     171.44    -949.37    -950.16     45     0.001     0.999
   0.440000   63    1145.48     185.20    -959.99    -960.77    378     0.001     0.999
   0.440000   64    1169.95     198.28    -970.44    -971.20    820     0.001     0.999
   0.440000   65    1194.41     211.72    -981.05    -981.80    559     0.001     0.999
   0.440000   66    1218.88     224.91    -991.09    -991.82     94     0.001     0.999
   0.420000   63    1145.48     184.51    -960.69    -961.47    133     0.001     0.999
   0.420000   64    1169.95     198.28    -970.66    -971.43    687     0.001     0.999
   0.420000   65    1194.41     211.75    -980.48    -981.23    804     0.001     0.999
   0.420000   66    1218.88     225.82    -990.26    -991.00    257     0.001     0.999
   0.400000   63    1145.48     185.93    -961.58    -962.36     23     0.001     0.999
   0.400000   64    1169.95     197.63    -971.09    -971.85    278     0.001     0.999
   0.400000   65    1194.41     211.92    -980.62    -981.37    895     0.001     0.999
   0.400000   66    1218.88     226.18    -989.95    -990.68    613     0.001     0.999
   0.400000   67    1243.35     240.51    -998.04    -998.76     90     0.001     0.999
   0.380000   64    1169.95     198.65    -971.76    -972.53     79     0.001     0.999
   0.380000   65    1194.41     211.75    -980.66    -981.41    539     0.001     0.999
   0.380000   66    1218.88     226.29    -989.69    -990.42    865     0.001     0.999
   0.380000   67    1243.35     241.11    -998.60    -999.32    386     0.001     0.999
   0.380000   68    1267.81     255.82   -1006.69   -1007.40     27     0.001     0.999
   0.360000   64    1169.95     195.72    -972.58    -973.34     31     0.001     0.999
   0.360000   65    1194.41     210.76    -981.31    -982.06    255     0.001     0.999
   0.360000   66    1218.88     226.41    -989.68    -990.41    730     0.001     0.999
   0.360000   67    1243.35     241.64    -998.36    -999.07    678     0.001     0.999
   0.360000   68    1267.81     257.15   -1006.73   -1007.43    193     0.001     0.999
   0.340000   65    1194.41     214.99    -981.93    -982.68     45     0.001     0.999
   0.340000   66    1218.88     226.36    -990.29    -991.02    319     0.001     0.999
   0.340000   67    1243.35     241.81    -998.24    -998.96    696     0.001     0.999
   0.340000   68    1267.81     257.60   -1006.26   -1006.96    546     0.001     0.999
   0.340000   69    1292.28     273.58   -1014.39   -1015.08    226     0.001     0.999
   0.340000   70    1316.75     289.76   -1022.31   -1022.99     53     0.001     0.999
   0.320000   66    1218.88     225.19    -991.06    -991.79     93     0.001     0.999
   0.320000   67    1243.35     241.49    -998.61    -999.33    426     0.001     0.999
   0.320000   68    1267.81     257.64   -1006.22   -1006.92    758     0.001     0.999
   0.320000   69    1292.28     273.95   -1013.79   -1014.48    486     0.001     0.999
   0.320000   70    1316.75     290.51   -1021.37   -1022.05    119     0.001     0.999
   0.300000   67    1243.35     240.49    -999.29   -1000.00    105     0.001     0.999
   0.300000   68    1267.81     257.39   -1006.52   -1007.23    405     0.001     0.999
   0.300000   69    1292.28     274.39   -1013.68   -1014.37    614     0.001     0.999
   0.300000   70    1316.75     291.21   -1020.83   -1021.51    503     0.001     0.999
   0.300000   71    1341.21     308.12   -1027.86   -1028.52    192     0.001     0.999
   0.300000   72    1365.68     325.21   -1034.94   -1035.60     58     0.000     1.000
   0.280000   68    1267.81     256.33   -1007.13   -1007.83    140     0.001     0.999
   0.280000   69    1292.28     274.21   -1013.99   -1014.68    461     0.001     0.999
   0.280000   70    1316.75     291.26   -1020.61   -1021.29    611     0.001     0.999
   0.280000   71    1341.21     308.58   -1027.22   -1027.89    441     0.001     0.999
   0.280000   72    1365.68     326.25   -1034.07   -1034.73    175     0.000     1.000
   0.280000   73    1390.15     343.66   -1040.65   -1041.29     49     0.000     1.000
   0.260000   69    1292.28     272.94   -1014.86   -1015.55    111     0.001     0.999
   0.260000   70    1316.75     291.04   -1020.99   -1021.66    397     0.001     0.999
   0.260000   71    1341.21     308.97   -1027.11   -1027.78    548     0.000     1.000
   0.260000   72    1365.68     326.76   -1033.44   -1034.09    506     0.000     1.000
   0.260000   73    1390.15     344.65   -1039.66   -1040.30    254     0.000     1.000
   0.260000   74    1414.61     362.60   -1045.78   -1046.41     71     0.000     1.000
   0.240000   70    1316.75     291.61   -1021.92   -1022.59     64     0.001     0.999
   0.240000   71    1341.21     308.54   -1027.62   -1028.29    229     0.000     1.000
   0.240000   72    1365.68     326.80   -1033.44   -1034.10    463     0.000     1.000
   0.240000   73    1390.15     345.26   -1039.21   -1039.85    538     0.000     1.000
   0.240000   74    1414.61     364.05   -1044.82   -1045.45    408     0.000     1.000
   0.240000   75    1439.08     381.91   -1050.62   -1051.24    162     0.000     1.000
   0.240000   76    1463.55     400.16   -1056.11   -1056.73     29     0.000     1.000
   0.220000   71    1341.21     307.10   -1028.73   -1029.39     34     0.000     1.000
   0.220000   72    1365.68     326.38   -1034.16   -1034.81    111     0.000     1.000
   0.220000   73    1390.15     345.01   -1039.47   -1040.11    351     0.000     1.000
   0.220000   74    1414.61     364.05   -1044.77   -1045.40    490     0.000     1.000
   0.220000   75    1439.08     382.71   -1049.99   -1050.61    488     0.000     1.000
   0.220000   76    1463.55     401.69   -1055.26   -1055.88    296     0.000     1.000
   0.220000   77    1488.01     420.94   -1060.61   -1061.21     87     0.000     1.000
   0.220000   78    1512.48     440.60   -1065.84   -1066.44     33     0.000     1.000
   0.200000   74    1414.61     363.25   -1045.69   -1046.32     75     0.000     1.000
   0.200000   75    1439.08     382.48   -1050.40   -1051.02    156     0.000     1.000
   0.200000   76    1463.55     401.96   -1055.26   -1055.87    289     0.000     1.000
   0.200000   77    1488.01     421.59   -1060.10   -1060.70    396     0.000     1.000
   0.200000   78    1512.48     441.13   -1064.97   -1065.56    361     0.000     1.000
   0.200000   79    1536.95     460.41   -1069.68   -1070.26    303     0.000     1.000
   0.200000   80    1561.41     480.25   -1074.59   -1075.16    172     0.000     1.000
   0.200000   81    1585.88     499.53   -1079.32   -1079.88    111     0.000     1.000
   0.180000   77    1488.01     421.42   -1061.34   -1061.94     23     0.000     1.000
   0.180000   78    1512.48     440.50   -1065.78   -1066.37     82     0.000     1.000
   0.180000   79    1536.95     460.50   -1070.02   -1070.60    204     0.000     1.000
   0.180000   80    1561.41     480.29   -1074.37   -1074.94    314     0.000     1.000
   0.180000   81    1585.88     500.22   -1078.69   -1079.25    413     0.000     1.000
   0.180000   82    1610.34     520.06   -1082.98   -1083.53    342     0.000     1.000
   0.180000   83    1634.81     540.64   -1087.48   -1088.02    274     0.000     1.000
   0.180000   84    1659.28     560.29   -1091.82   -1092.36    131     0.000     1.000
   0.180000   85    1683.74     580.08   -1096.10   -1096.63     68     0.000     1.000
   0.180000   86    1708.21     601.78   -1100.68   -1101.21     23     0.000     1.000
   0.160000   80    1561.41     480.46   -1075.93   -1076.50     26     0.000     1.000
   0.160000   81    1585.88     499.22   -1079.74   -1080.30     62     0.000     1.000
   0.160000   82    1610.34     520.01   -1083.70   -1084.26     97     0.000     1.000
   0.160000   83    1634.81     539.98   -1087.53   -1088.07    144     0.000     1.000
   0.160000   84    1659.28     560.60   -1091.47   -1092.01    243     0.000     1.000
   0.160000   85    1683.74     581.03   -1095.37   -1095.90    293     0.000     1.000
   0.160000   86    1708.21     601.91   -1099.20   -1099.72    308     0.000     1.000
   0.160000   87    1732.68     622.41   -1103.09   -1103.61    278     0.000     1.000
   0.160000   88    1757.14     642.55   -1107.00   -1107.51    196     0.000     1.000
   0.160000   89    1781.61     663.45   -1110.85   -1111.36    142     0.000     1.000
   0.160000   90    1806.08     683.54   -1114.60   -1115.09     62     0.000     1.000
   0.160000   91    1830.54     704.59   -1118.43   -1118.92     30     0.000     1.000
   0.140000   86    1708.21     600.01   -1100.01   -1100.53     25     0.000     1.000
   0.140000   87    1732.68     621.39   -1103.87   -1104.39     97     0.000     1.000
   0.140000   88    1757.14     641.98   -1107.15   -1107.66    123     0.000     1.000
   0.140000   89    1781.61     663.55   -1110.61   -1111.11    178     0.000     1.000
   0.140000   90    1806.08     684.32   -1114.00   -1114.49    211     0.000     1.000
   0.140000   91    1830.54     705.60   -1117.36   -1117.85    236     0.000     1.000
   0.140000   92    1855.01     726.48   -1120.75   -1121.23    226     0.000     1.000
   0.140000   93    1879.48     747.31   -1124.19   -1124.66    225     0.000     1.000
   0.140000   94    1903.94     768.52   -1127.67   -1128.14    213     0.000     1.000
   0.140000   95    1928.41     789.50   -1130.96   -1131.43    148     0.000     1.000
   0.140000   96    1952.88     810.42   -1134.49   -1134.94     87     0.000     1.000
   0.140000   97    1977.34     831.56   -1137.89   -1138.34     74     0.000     1.000
   0.140000   98    2001.81     852.77   -1141.22   -1141.67     32     0.000     1.000
   0.120000   47     754.02    -232.21    -978.45    -979.63     43     0.002     0.998
   0.120000   48     778.48    -210.56    -981.42    -982.56    117     0.001     0.999
   0.120000   49     802.95    -189.23    -984.13    -985.24    194     0.001     0.999
   0.120000   50     827.42    -167.55    -987.16    -988.23    234     0.001     0.999
   0.120000   51     851.88    -146.50    -989.98    -991.03    268     0.001     0.999
   0.120000   52     876.35    -124.89    -993.00    -994.02    239     0.001     0.999
   0.120000   53     900.82    -103.11    -995.87    -996.86    281     0.001     0.999
   0.120000   54     925.28     -81.92    -998.66    -999.62    187     0.001     0.999
   0.120000   55     949.75     -60.52   -1001.54   -1002.48    116     0.001     0.999
   0.120000   56     974.22     -38.79   -1004.59   -1005.51     75     0.001     0.999
   0.120000   57     998.68     -16.92   -1007.62   -1008.51     20     0.001     0.999
   0.100000   52     876.35    -126.81    -994.98    -996.00     46     0.001     0.999
   0.100000   53     900.82    -104.53    -997.52    -998.51    164     0.001     0.999
   0.100000   54     925.28     -82.57    -999.92   -1000.89    323     0.001     0.999
   0.100000   55     949.75     -60.66   -1002.30   -1003.24    442     0.001     0.999
   0.100000   56     974.22     -39.29   -1004.65   -1005.56    421     0.001     0.999
   0.100000   57     998.68     -17.14   -1007.11   -1008.01    283     0.001     0.999
   0.100000   58    1023.15       4.65   -1009.49   -1010.36    149     0.001     0.999
   0.100000   59    1047.62      26.90   -1011.96   -1012.82     48     0.001     0.999
   0.080000   54     925.28     -83.07   -1001.17   -1002.13     23     0.001     0.999
   0.080000   55     949.75     -60.11   -1003.26   -1004.20     80     0.001     0.999
   0.080000   56     974.22     -39.56   -1005.07   -1005.98    252     0.001     0.999
   0.080000   57     998.68     -16.84   -1006.97   -1007.86    335     0.001     0.999
   0.080000   58    1023.15       5.45   -1008.94   -1009.81    407     0.001     0.999
   0.080000   59    1047.62      27.93   -1010.82   -1011.67    450     0.001     0.999
   0.080000   60    1072.08      50.48   -1012.74   -1013.57    263     0.001     0.999
   0.080000   61    1096.55      72.25   -1014.58   -1015.40     76     0.001     0.999
   0.060000   58    1023.15       4.56   -1009.61   -1010.48     63     0.001     0.999
   0.060000   59    1047.62      27.98   -1011.11   -1011.97    255     0.001     0.999
   0.060000   60    1072.08      50.70   -1012.50   -1013.33    487     0.001     0.999
   0.060000   61    1096.55      73.37   -1013.91   -1014.73    528     0.001     0.999
   0.060000   62    1121.02      96.43   -1015.38   -1016.18    425     0.001     0.999
   0.060000   63    1145.48     118.90   -1016.54   -1017.33    133     0.001     0.999
   0.040000   60    1072.08      51.03   -1013.36   -1014.19     64     0.001     0.999
   0.040000   61    1096.55      73.44   -1014.21   -1015.03    307     0.001     0.999
   0.040000   62    1121.02      96.57   -1015.15   -1015.95    723     0.001     0.999
   0.040000   63    1145.48     119.72   -1016.03   -1016.82    614     0.001     0.999
   0.040000   64    1169.95     143.04   -1016.94   -1017.71    173     0.001     0.999
   0.020000   60    1072.08      51.30   -1014.48   -1015.32     26     0.001     0.999
   0.020000   61    1096.55      72.22   -1014.98   -1015.79     75     0.001     0.999
   0.020000   62    1121.02      96.33   -1015.43   -1016.23    307     0.001     0.999
   0.020000   63    1145.48     120.14   -1015.91   -1016.69    598     0.001     0.999
   0.020000   64    1169.95     143.73   -1016.36   -1017.13    670     0.001     0.999
   0.020000   65    1194.41     167.42   -1016.79   -1017.55    208     0.001     0.999
   0.000000   63    1145.48     122.40   -1016.41   -1017.19     99     0.001     0.999
   0.000000   64    1169.95     144.25   -1016.41   -1017.18    619     0.001     0.999
   0.000000   65    1194.41     167.84   -1016.41   -1017.17    880     0.001     0.999
   0.000000   66    1218.88     192.34   -1016.41   -1017.15    292     0.001     0.999


# Part 3: Bin-averaged summary:
# bin  energy gap  <dGg> <dGg norm> pts  <c1**2> <c2**2> <r_xy>
   1   -371.44     -2.43   1139.24         42    0.993    0.007    6.291
   2   -346.97     -2.59   1139.07        101    0.993    0.007    6.316
   3   -322.51     -2.79   1138.88        188    0.991    0.009    6.286
   4   -298.04     -3.00   1138.67        281    0.990    0.010    6.240
   5   -273.57     -3.45   1138.21        350    0.988    0.012    6.209
   6   -249.11     -3.83   1137.84        408    0.986    0.014    6.260
   7   -224.64     -4.11   1137.56        498    0.983    0.017    6.263
   8   -200.17     -4.32   1137.35        501    0.979    0.021    6.258
   9   -175.71     -4.58   1137.09        472    0.973    0.027    6.259
  10   -151.24     -4.87   1136.80        373    0.965    0.035    6.204
  11   -126.78     -5.41   1136.25        311    0.952    0.048    6.190
  12   -102.31     -6.23   1135.44        229    0.931    0.069    6.230
  13    -77.84     -7.74   1133.93        226    0.894    0.106    6.241
  14    -53.38    -10.56   1131.11        239    0.829    0.171    6.255
  15    -28.91    -16.11   1125.56        295    0.713    0.287    6.253
  16     -4.44    -26.35   1115.31        326    0.532    0.468    6.273
  17     20.02    -41.12   1100.54        340    0.348    0.652    6.270
  18     44.49    -59.36   1082.31        381    0.206    0.794    6.285
  19     68.96    -79.82   1061.85        344    0.124    0.876    6.316
  20     93.42   -100.84   1040.83        332    0.080    0.920    6.342
  21    117.89   -122.48   1019.19        315    0.055    0.945    6.338
  22    142.36   -144.37    997.29        302    0.039    0.961    6.350
  23    166.82   -166.36    975.30        301    0.030    0.970    6.409
  24    191.29   -188.71    952.96        295    0.023    0.977    6.351
  25    215.76   -210.86    930.80        269    0.018    0.982    6.301
  26    240.22   -233.52    908.15        318    0.015    0.985    6.279
  27    264.69   -255.68    885.98        342    0.012    0.988    6.239
  28    289.16   -278.19    863.48        287    0.010    0.990    6.182
  29    313.62   -300.13    841.54        279    0.009    0.991    6.184
  30    338.09   -322.63    819.03        294    0.008    0.992    6.187
  31    362.55   -344.80    796.87        298    0.007    0.993    6.146
  32    387.02   -366.88    774.79        297    0.006    0.994    6.170
  33    411.49   -388.45    753.21        299    0.005    0.995    6.181
  34    435.95   -410.45    731.22        291    0.005    0.995    6.185
  35    460.42   -432.19    709.47        310    0.004    0.996    6.142
  36    484.89   -454.14    687.52        378    0.004    0.996    6.081
  37    509.35   -475.87    665.79        377    0.003    0.997    6.062
  38    533.82   -497.21    644.46        326    0.003    0.997    6.039
  39    558.29   -518.91    622.76        392    0.003    0.997    6.047
  40    582.75   -540.29    601.37        416    0.003    0.997    6.020
  41    607.22   -561.46    580.21        419    0.002    0.998    6.049
  42    631.69   -582.79    558.88        425    0.002    0.998    6.071
  43    656.15   -603.65    538.02        487    0.002    0.998    6.078
  44    680.62   -624.91    516.75        620    0.002    0.998    6.042
  45    705.09   -645.34    496.33        663    0.002    0.998    6.026
  46    729.55   -666.06    475.61        639    0.002    0.998    6.031
  47    754.02   -704.98    436.69        685    0.002    0.998    6.064
  48    778.48   -742.36    399.30        911    0.001    0.999    6.109
  49    802.95   -773.88    367.79       1066    0.001    0.999    6.132
  50    827.42   -793.36    348.30       1212    0.001    0.999    6.096
  51    851.88   -807.89    333.77       1446    0.001    0.999    6.084
  52    876.35   -819.36    322.31       1760    0.001    0.999    6.041
  53    900.82   -848.93    292.74       1925    0.001    0.999    5.960
  54    925.28   -867.92    273.74       2102    0.001    0.999    5.814
  55    949.75   -883.30    258.36       2434    0.001    0.999    5.739
  56    974.22   -896.35    245.31       2898    0.001    0.999    5.746
  57    998.68   -903.69    237.97       2956    0.001    0.999    5.875
  58   1023.15   -916.54    225.13       2910    0.001    0.999    6.277
  59   1047.62   -931.34    210.32       3252    0.001    0.999    7.104
  60   1072.08   -940.01    201.66       4257    0.001    0.999    7.643
  61   1096.55   -952.05    189.62       4852    0.001    0.999    7.725
  62   1121.02   -966.26    175.41       5615    0.001    0.999    7.579
  63   1145.48   -975.14    166.52       5580    0.001    0.999    7.544
  64   1169.95   -985.36    156.30       4835    0.001    0.999    7.347
  65   1194.41   -990.32    151.35       4434    0.001    0.999    7.481
  66   1218.88   -993.04    148.62       3263    0.001    0.999    7.936
  67   1243.35   -999.16    142.51       2381    0.001    0.999    8.274
  68   1267.81  -1007.11    134.56       2069    0.001    0.999    8.325
  69   1292.28  -1014.63    127.04       1898    0.001    0.999    8.320
  70   1316.75  -1021.59    120.08       1747    0.001    0.999    8.303
  71   1341.21  -1028.03    113.64       1444    0.000    1.000    8.271
  72   1365.68  -1034.31    107.36       1313    0.000    1.000    8.262
  73   1390.15  -1040.08    101.58       1192    0.000    1.000    8.237
  74   1414.61  -1045.56     96.11       1044    0.000    1.000    8.140
  75   1439.08  -1050.81     90.85        806    0.000    1.000    7.976
  76   1463.55  -1055.91     85.75        614    0.000    1.000    7.753
  77   1488.01  -1060.84     80.82        506    0.000    1.000    7.542
  78   1512.48  -1065.76     75.90        476    0.000    1.000    7.507
  79   1536.95  -1070.40     71.27        507    0.000    1.000    7.522
  80   1561.41  -1075.09     66.57        512    0.000    1.000    7.524
  81   1585.88  -1079.48     62.18        586    0.000    1.000    7.530
  82   1610.34  -1083.69     57.97        439    0.000    1.000    7.520
  83   1634.81  -1088.04     53.62        418    0.000    1.000    7.488
  84   1659.28  -1092.14     49.53        374    0.000    1.000    7.506
  85   1683.74  -1096.04     45.63        361    0.000    1.000    7.495
  86   1708.21  -1099.87     41.79        356    0.000    1.000    7.494
  87   1732.68  -1103.81     37.85        375    0.000    1.000    7.481
  88   1757.14  -1107.57     34.10        319    0.000    1.000    7.486
  89   1781.61  -1111.22     30.45        320    0.000    1.000    7.512
  90   1806.08  -1114.63     27.04        273    0.000    1.000    7.507
  91   1830.54  -1117.97     23.70        266    0.000    1.000    7.510
  92   1855.01  -1121.23     20.43        226    0.000    1.000    7.497
  93   1879.48  -1124.66     17.00        225    0.000    1.000    7.499
  94   1903.94  -1128.14     13.52        213    0.000    1.000    7.493
  95   1928.41  -1131.43     10.24        148    0.000    1.000    7.513
  96   1952.88  -1134.94      6.72         87    0.000    1.000    7.428
  97   1977.34  -1138.34      3.33         74    0.000    1.000    7.498
  98   2001.81  -1141.67      0.00         32    0.000    1.000    7.441
