
Build and version information

Build number 6.0.15
Build date   20240314
Built:       
      by     p315462
      on     login1
      git id adc28a635c78993922188615a73366ace3402081
      with   GNU Fortran GCC 11.3.0
qfep version 6.0.15 , git id=adc28a635c78993922188615a73366ace3402081 initialising
Current date 2024- 4-18 and time 12:27:29

Welcome in qfep modification date 20240314

 Q6, Copyright © 2017 Johan Åqvist, John Marelius, Shina Caroline Lynn Kamerlin and Paul Bauer
 Q6 comes with ABSOLUTELY NO WARRANTY.  This is free software, and you are welcome
 to redistribute it under certain conditions. For details, add the --help flag.
--> Number of energy files: # Number of files                 =    51
--> No. of states, no. of predefined off-diag elements: # Number of states                 =     2
# Number of off-diagonal elements =     0
--> Give kT & no, of pts to skip   & calculation mode: # kT                              = 0.592
# Number of data points to skip   =   100
# Only QQ interactions will be considered   =   0
--> Give number of gap-bins: # Number of gap-bins              =   100
--> Give minimum # pts/bin: # Minimum number of points per bin=    20
--> Give alpha for state  2:                                                    # Alpha for state  2              =  -520.50
--> Number of off-diagonal elements:# Number of off-diagonal elements =     1
#   i   j   A(i,j)  mu(i,j) eta(i,j) rxy0(i,j)
--> i, j, A_ij, mu_ij, eta_ij, r_xy0: #   1   2     30.00      0.00      0.00      0.00
--> linear combination of states defining reaction coord: # Linear combination co-efficients=  1.00 -1.00


# Part 0: Average energies for all states in all files
# file             state   pts   lambda    EQtot   EQbond  EQang   EQtor   EQimp    EQel   EQvdW  Eel_qq  EvdW_qq Eel_qp  EvdW_qp Eel_qw EvdW_qw Eqrstr
--> Name of file number   1:                                                     
# Energy files from Qdyn, version: 6.0.16 , git id=adc28a635c78993922188615a73366ace3402081                        
fep_050_1.000.en        1      1899  1.000000  -10427.54  -10328.32     4.60     9.52     0.00   -89.51   -23.83   -56.16    11.82   -13.24   -33.59   -20.12    -2.05     0.00
fep_050_1.000.en        2      1899  0.000000   -9585.90   -9647.91   197.80     1.73     0.00  -127.84    -9.68  -145.98    26.11    49.29   -33.60   -31.15    -2.19     0.00
--> Name of file number   2:                                                     
# Energy files from Qdyn, version: 6.0.16 , git id=adc28a635c78993922188615a73366ace3402081                        
fep_049_0.980.en        1      1899  0.980000  -10428.44  -10327.93     4.63     9.67     0.00   -91.78   -23.03   -59.09    13.59    -8.65   -35.59   -24.03    -1.04     0.00
fep_049_0.980.en        2      1899  0.020000   -9748.52   -9792.40   170.09     1.89     0.00  -121.67    -6.43  -140.91    30.45    49.17   -35.69   -29.94    -1.19     0.00
--> Name of file number   3:                                                     
# Energy files from Qdyn, version: 6.0.16 , git id=adc28a635c78993922188615a73366ace3402081                        
fep_048_0.960.en        1      1899  0.960000  -10426.05  -10327.76     4.93     9.52     0.00   -93.06   -19.68   -59.76    16.36   -12.15   -35.41   -21.15    -0.64     0.00
fep_048_0.960.en        2      1899  0.040000   -9867.36   -9907.26   161.05     2.03     0.00  -121.43    -1.76  -136.28    34.54    42.71   -35.52   -27.86    -0.78     0.00
--> Name of file number   4:                                                     
# Energy files from Qdyn, version: 6.0.16 , git id=adc28a635c78993922188615a73366ace3402081                        
fep_047_0.940.en        1      1899  0.940000  -10421.70  -10327.23     6.54     9.93     0.00   -98.04   -12.90   -57.33    21.62    -6.98   -34.24   -33.73    -0.28     0.00
fep_047_0.940.en        2      1899  0.060000  -10036.43  -10054.79   137.80     2.07     0.00  -127.52     6.01  -131.79    40.73    51.75   -34.28   -47.48    -0.43     0.00
--> Name of file number   5:                                                     
# Energy files from Qdyn, version: 6.0.16 , git id=adc28a635c78993922188615a73366ace3402081                        
fep_046_0.920.en        1      1899  0.920000  -10412.96  -10323.69     8.94    10.10     0.00  -101.19    -7.11   -56.82    26.61    -6.00   -34.70   -38.37     0.99     0.00
fep_046_0.920.en        2      1899  0.080000  -10177.15  -10190.52   118.67     1.16     0.00  -120.90    14.44  -125.07    48.37    53.99   -34.74   -49.83     0.81     0.00
--> Name of file number   6:                                                     
# Energy files from Qdyn, version: 6.0.16 , git id=adc28a635c78993922188615a73366ace3402081                        
fep_000_0.900.en        1      1899  0.900000  -10394.80  -10317.75    10.96     9.84     0.00   -95.88    -1.96   -57.41    33.57    -6.72   -35.91   -31.76     0.38     0.00
fep_000_0.900.en        2      1899  0.100000  -10313.65  -10342.97   115.66     1.16     0.00  -108.26    20.75  -117.64    56.55    52.10   -36.01   -42.72     0.20     0.00
--> Name of file number   7:                                                     
# Energy files from Qdyn, version: 6.0.16 , git id=adc28a635c78993922188615a73366ace3402081                        
fep_001_0.880.en        1      1899  0.880000  -10388.84  -10309.96    13.44    10.05     0.00  -107.08     4.71   -59.28    38.66    -7.65   -35.37   -40.15     1.42     0.00
fep_001_0.880.en        2      1899  0.120000  -10437.32  -10468.37   113.17     0.88     0.00  -111.76    28.76  -111.43    63.01    51.31   -35.49   -51.65     1.24     0.00
--> Name of file number   8:                                                     
# Energy files from Qdyn, version: 6.0.16 , git id=adc28a635c78993922188615a73366ace3402081                        
fep_002_0.860.en        1      1899  0.860000  -10367.41  -10302.22    14.71    10.42     0.00   -99.69     9.36   -60.58    43.65    -7.18   -36.05   -31.93     1.76     0.00
fep_002_0.860.en        2      1899  0.140000  -10527.52  -10557.03   103.10     0.90     0.00  -105.41    30.93  -106.87    65.50    47.81   -36.15   -46.35     1.58     0.00
--> Name of file number   9:                                                     
# Energy files from Qdyn, version: 6.0.16 , git id=adc28a635c78993922188615a73366ace3402081                        
fep_003_0.840.en        1      1899  0.840000  -10353.24  -10297.00    15.16    10.62     0.00   -93.97    11.96   -60.42    47.06    -8.75   -35.61   -24.80     0.50     0.00
fep_003_0.840.en        2      1899  0.160000  -10589.55  -10621.05    99.38     1.34     0.00  -101.08    31.87  -104.28    67.29    51.39   -35.74   -48.20     0.31     0.00
--> Name of file number  10:                                                     
# Energy files from Qdyn, version: 6.0.16 , git id=adc28a635c78993922188615a73366ace3402081                        
fep_004_0.820.en        1      1899  0.820000  -10343.50  -10292.51    16.50    10.33     0.00   -91.53    13.70   -59.98    49.29    -8.15   -35.94   -23.40     0.36     0.00
fep_004_0.820.en        2      1899  0.180000  -10627.94  -10657.25    95.14     0.69     0.00   -97.39    30.89  -102.82    66.76    48.92   -36.06   -43.50     0.18     0.00
--> Name of file number  11:                                                     
# Energy files from Qdyn, version: 6.0.16 , git id=adc28a635c78993922188615a73366ace3402081                        
fep_005_0.800.en        1      1899  0.800000  -10338.13  -10289.78    17.99     9.63     0.00   -91.02    15.05   -60.61    51.63    -6.39   -36.82   -24.02     0.24     0.00
fep_005_0.800.en        2      1899  0.200000  -10655.11  -10688.80    95.81     1.02     0.00   -93.98    30.84  -100.89    67.68    50.19   -36.90   -43.28     0.06     0.00
--> Name of file number  12:                                                     
# Energy files from Qdyn, version: 6.0.16 , git id=adc28a635c78993922188615a73366ace3402081                        
fep_006_0.780.en        1      1899  0.780000  -10332.94  -10286.18    18.72     9.64     0.00   -93.01    17.90   -59.49    53.70    -6.07   -36.52   -27.46     0.72     0.00
fep_006_0.780.en        2      1899  0.220000  -10693.20  -10719.05    92.73     1.36     0.00   -98.48    30.24  -100.99    66.29    51.39   -36.58   -48.88     0.53     0.00
--> Name of file number  13:                                                     
# Energy files from Qdyn, version: 6.0.16 , git id=adc28a635c78993922188615a73366ace3402081                        
fep_007_0.760.en        1      1899  0.760000  -10329.53  -10283.03    22.20    10.31     0.00   -99.47    20.47   -54.85    54.21   -11.66   -35.26   -32.96     1.52     0.00
fep_007_0.760.en        2      1899  0.240000  -10739.49  -10746.34    84.45     1.37     0.00  -110.81    31.84  -100.08    65.71    48.71   -35.21   -59.44     1.33     0.00
--> Name of file number  14:                                                     
# Energy files from Qdyn, version: 6.0.16 , git id=adc28a635c78993922188615a73366ace3402081                        
fep_008_0.740.en        1      1899  0.740000  -10327.78  -10280.32    20.84    11.01     0.00  -104.24    24.93   -51.01    56.85   -17.65   -34.04   -35.58     2.11     0.00
fep_008_0.740.en        2      1899  0.260000  -10764.78  -10759.11    75.96     1.45     0.00  -115.52    32.43   -98.38    64.43    46.00   -33.90   -63.13     1.91     0.00
--> Name of file number  15:                                                     
# Energy files from Qdyn, version: 6.0.16 , git id=adc28a635c78993922188615a73366ace3402081                        
fep_009_0.720.en        1      1899  0.720000  -10322.09  -10276.92    24.32    10.47     0.00  -103.04    23.07   -54.00    54.89   -14.58   -34.03   -34.47     2.21     0.00
fep_009_0.720.en        2      1899  0.280000  -10788.49  -10782.57    76.80     1.85     0.00  -113.42    28.85  -102.01    60.94    46.48   -34.09   -57.88     2.00     0.00
--> Name of file number  16:                                                     
# Energy files from Qdyn, version: 6.0.16 , git id=adc28a635c78993922188615a73366ace3402081                        
fep_010_0.700.en        1      1899  0.700000  -10317.67  -10274.39    20.99    11.48     0.00  -102.88    27.14   -50.97    59.69   -13.65   -34.42   -38.26     1.87     0.00
fep_010_0.700.en        2      1899  0.300000  -10789.72  -10781.54    74.24     1.19     0.00  -112.42    28.81   -98.02    61.55    47.58   -34.42   -61.98     1.68     0.00
--> Name of file number  17:                                                     
# Energy files from Qdyn, version: 6.0.16 , git id=adc28a635c78993922188615a73366ace3402081                        
fep_011_0.680.en        1      1899  0.680000  -10314.43  -10271.06    20.72    12.36     0.00  -106.85    30.41   -51.50    61.73   -15.23   -34.54   -40.12     3.22     0.00
fep_011_0.680.en        2      1899  0.320000  -10806.38  -10791.59    70.79     1.86     0.00  -115.96    28.52   -97.71    60.08    45.48   -34.58   -63.73     3.03     0.00
--> Name of file number  18:                                                     
# Energy files from Qdyn, version: 6.0.16 , git id=adc28a635c78993922188615a73366ace3402081                        
fep_012_0.660.en        1      1899  0.660000  -10312.81  -10269.09    26.47    11.60     0.00  -102.37    20.58   -56.59    54.57   -10.55   -35.50   -35.23     1.51     0.00
fep_012_0.660.en        2      1899  0.340000  -10824.51  -10811.15    75.06     2.36     0.00  -112.24    21.45  -106.96    55.66    50.71   -35.56   -55.99     1.36     0.00
--> Name of file number  19:                                                     
# Energy files from Qdyn, version: 6.0.16 , git id=adc28a635c78993922188615a73366ace3402081                        
fep_013_0.640.en        1      1899  0.640000  -10306.40  -10266.70    26.34    11.26     0.00  -100.62    23.32   -55.21    57.29    -9.93   -35.91   -35.48     1.94     0.00
fep_013_0.640.en        2      1899  0.360000  -10831.28  -10815.97    76.36     2.25     0.00  -115.39    21.47  -103.01    55.58    47.54   -35.87   -59.92     1.76     0.00
--> Name of file number  20:                                                     
# Energy files from Qdyn, version: 6.0.16 , git id=adc28a635c78993922188615a73366ace3402081                        
fep_014_0.620.en        1      1899  0.620000  -10299.60  -10263.42    25.36    10.99     0.00   -97.68    25.14   -55.17    58.45   -11.04   -34.76   -31.47     1.46     0.00
fep_014_0.620.en        2      1899  0.380000  -10837.81  -10821.28    72.90     2.06     0.00  -111.73    20.23  -103.24    53.67    47.62   -34.73   -56.11     1.29     0.00
--> Name of file number  21:                                                     
# Energy files from Qdyn, version: 6.0.16 , git id=adc28a635c78993922188615a73366ace3402081                        
fep_015_0.600.en        1      1899  0.600000  -10296.42  -10259.48    27.36    11.20     0.00   -97.76    22.26   -55.98    56.45   -10.88   -35.19   -30.89     0.99     0.00
fep_015_0.600.en        2      1899  0.400000  -10848.21  -10827.81    73.48     2.78     0.00  -113.42    16.76  -109.05    51.11    47.22   -35.20   -51.60     0.85     0.00
--> Name of file number  22:                                                     
# Energy files from Qdyn, version: 6.0.16 , git id=adc28a635c78993922188615a73366ace3402081                        
fep_016_0.580.en        1      1899  0.580000  -10290.66  -10257.34    28.42    10.38     0.00   -95.55    23.43   -53.06    56.70   -10.20   -34.47   -32.30     1.20     0.00
fep_016_0.580.en        2      1899  0.420000  -10857.55  -10831.55    69.83     4.09     0.00  -117.03    17.12  -116.98    50.62    47.09   -34.53   -47.14     1.03     0.00
--> Name of file number  23:                                                     
# Energy files from Qdyn, version: 6.0.16 , git id=adc28a635c78993922188615a73366ace3402081                        
fep_017_0.560.en        1      1899  0.560000  -10285.07  -10253.38    28.96    11.22     0.00   -94.96    23.09   -53.43    57.06    -7.75   -35.83   -33.78     1.85     0.00
fep_017_0.560.en        2      1899  0.440000  -10868.10  -10835.90    69.32     4.23     0.00  -120.52    14.78  -117.28    49.00    47.90   -35.89   -51.14     1.67     0.00
--> Name of file number  24:                                                     
# Energy files from Qdyn, version: 6.0.16 , git id=adc28a635c78993922188615a73366ace3402081                        
fep_018_0.540.en        1      1899  0.540000  -10280.10  -10248.64    29.29    10.96     0.00   -94.75    23.04   -53.47    57.56    -9.29   -35.84   -32.00     1.32     0.00
fep_018_0.540.en        2      1899  0.460000  -10874.52  -10839.30    66.57     4.25     0.00  -119.14    13.11  -116.92    47.98    46.44   -36.00   -48.66     1.13     0.00
--> Name of file number  25:                                                     
# Energy files from Qdyn, version: 6.0.16 , git id=adc28a635c78993922188615a73366ace3402081                        
fep_019_0.520.en        1      1899  0.520000  -10270.07  -10245.64    30.35    12.36     0.00   -89.63    22.49   -54.27    57.75    -4.24   -37.05   -31.12     1.79     0.00
fep_019_0.520.en        2      1899  0.480000  -10879.06  -10843.29    67.73     4.46     0.00  -119.32    11.37  -116.13    46.92    47.98   -37.15   -51.16     1.60     0.00
--> Name of file number  26:                                                     
# Energy files from Qdyn, version: 6.0.16 , git id=adc28a635c78993922188615a73366ace3402081                        
fep_020_0.500.en        1      1899  0.500000  -10268.99  -10241.87    28.65    12.43     0.00   -93.12    24.92   -52.70    59.34    -7.32   -37.15   -33.10     2.73     0.00
fep_020_0.500.en        2      1899  0.500000  -10888.21  -10846.23    65.64     3.34     0.00  -122.63    11.66  -116.27    46.43    49.45   -37.28   -55.82     2.52     0.00
--> Name of file number  27:                                                     
# Energy files from Qdyn, version: 6.0.16 , git id=adc28a635c78993922188615a73366ace3402081                        
fep_021_0.480.en        1      1899  0.480000  -10255.69  -10235.84    29.70    10.22     0.00   -83.09    23.32   -54.38    59.38     1.43   -37.56   -30.15     1.49     0.00
fep_021_0.480.en        2      1899  0.520000  -10888.30  -10848.46    63.25     3.62     0.00  -115.77     9.06  -118.20    45.44    51.01   -37.70   -48.58     1.32     0.00
--> Name of file number  28:                                                     
# Energy files from Qdyn, version: 6.0.16 , git id=adc28a635c78993922188615a73366ace3402081                        
fep_022_0.460.en        1      1899  0.460000  -10251.35  -10231.51    29.19    11.86     0.00   -85.78    24.89   -53.66    60.36    -3.84   -37.84   -28.28     2.37     0.00
fep_022_0.460.en        2      1899  0.540000  -10897.59  -10852.03    63.87     3.37     0.00  -121.51     8.72  -116.61    44.38    45.57   -37.85   -50.47     2.19     0.00
--> Name of file number  29:                                                     
# Energy files from Qdyn, version: 6.0.16 , git id=adc28a635c78993922188615a73366ace3402081                        
fep_023_0.440.en        1      1899  0.440000  -10248.70  -10226.60    29.39    13.38     0.00   -90.95    26.09   -53.41    59.90    -9.78   -36.33   -27.76     2.52     0.00
fep_023_0.440.en        2      1899  0.560000  -10897.70  -10854.55    65.76     3.45     0.00  -121.42     9.06  -117.13    43.16    47.27   -36.41   -51.56     2.31     0.00
--> Name of file number  30:                                                     
# Energy files from Qdyn, version: 6.0.16 , git id=adc28a635c78993922188615a73366ace3402081                        
fep_024_0.420.en        1      1899  0.420000  -10239.68  -10221.83    29.55    11.73     0.00   -85.49    26.36   -53.36    61.19    -2.90   -37.39   -29.23     2.55     0.00
fep_024_0.420.en        2      1899  0.580000  -10901.13  -10856.77    63.79     3.78     0.00  -119.22     7.28  -118.85    42.42    49.80   -37.48   -50.17     2.35     0.00
--> Name of file number  31:                                                     
# Energy files from Qdyn, version: 6.0.16 , git id=adc28a635c78993922188615a73366ace3402081                        
fep_025_0.400.en        1      1899  0.400000  -10227.88  -10215.22    30.77    10.57     0.00   -78.58    24.58   -54.53    60.79     3.00   -37.84   -27.05     1.63     0.00
fep_025_0.400.en        2      1899  0.600000  -10911.21  -10858.99    59.26     4.73     0.00  -120.76     4.56  -120.44    40.90    47.25   -37.79   -47.57     1.45     0.00
--> Name of file number  32:                                                     
# Energy files from Qdyn, version: 6.0.16 , git id=adc28a635c78993922188615a73366ace3402081                        
fep_026_0.380.en        1      1899  0.380000  -10221.33  -10207.77    31.24    11.39     0.00   -80.71    24.52   -55.13    61.25     5.05   -38.62   -30.63     1.90     0.00
fep_026_0.380.en        2      1899  0.620000  -10919.11  -10861.18    58.62     4.79     0.00  -124.77     3.45  -123.00    40.35    48.38   -38.63   -50.15     1.73     0.00
--> Name of file number  33:                                                     
# Energy files from Qdyn, version: 6.0.16 , git id=adc28a635c78993922188615a73366ace3402081                        
fep_027_0.360.en        1      1899  0.360000  -10211.03  -10201.32    31.73    11.83     0.00   -80.34    27.07   -55.87    61.93     4.67   -37.60   -29.15     2.74     0.00
fep_027_0.360.en        2      1899  0.640000  -10923.86  -10863.24    56.42     5.11     0.00  -126.36     4.22  -125.05    39.38    49.02   -37.73   -50.33     2.57     0.00
--> Name of file number  34:                                                     
# Energy files from Qdyn, version: 6.0.16 , git id=adc28a635c78993922188615a73366ace3402081                        
fep_028_0.340.en        1      1899  0.340000  -10201.26  -10192.38    32.15    11.24     0.00   -79.60    27.32   -55.12    62.89     5.32   -37.79   -29.80     2.23     0.00
fep_028_0.340.en        2      1899  0.660000  -10926.05  -10864.64    57.49     4.66     0.00  -126.67     3.11  -124.68    38.88    48.45   -37.82   -50.45     2.06     0.00
--> Name of file number  35:                                                     
# Energy files from Qdyn, version: 6.0.16 , git id=adc28a635c78993922188615a73366ace3402081                        
fep_029_0.320.en        1      1899  0.320000  -10185.41  -10182.10    32.63    11.31     0.00   -72.82    25.56   -55.42    62.71     9.16   -39.12   -26.56     1.97     0.00
fep_029_0.320.en        2      1899  0.680000  -10929.09  -10866.68    55.02     4.53     0.00  -122.63     0.67  -126.40    37.99    51.09   -39.13   -47.32     1.82     0.00
--> Name of file number  36:                                                     
# Energy files from Qdyn, version: 6.0.16 , git id=adc28a635c78993922188615a73366ace3402081                        
fep_030_0.300.en        1      1899  0.300000  -10170.87  -10168.85    32.96    11.56     0.00   -75.45    28.91   -54.72    64.30     6.92   -38.07   -27.65     2.69     0.00
fep_030_0.300.en        2      1899  0.700000  -10934.71  -10868.49    53.50     5.73     0.00  -126.84     1.39  -126.82    36.81    47.56   -37.97   -47.58     2.55     0.00
--> Name of file number  37:                                                     
# Energy files from Qdyn, version: 6.0.16 , git id=adc28a635c78993922188615a73366ace3402081                        
fep_031_0.280.en        1      1899  0.280000  -10154.09  -10154.37    35.68    11.11     0.00   -71.19    24.68   -55.34    62.83     7.65   -39.90   -23.50     1.76     0.00
fep_031_0.280.en        2      1899  0.720000  -10938.59  -10869.14    52.22     6.44     0.00  -125.36    -2.74  -129.44    35.64    47.98   -39.99   -43.90     1.61     0.00
--> Name of file number  38:                                                     
# Energy files from Qdyn, version: 6.0.16 , git id=adc28a635c78993922188615a73366ace3402081                        
fep_032_0.260.en        1      1899  0.260000  -10134.94  -10138.02    35.38    11.16     0.00   -69.23    25.77   -55.25    64.48     9.65   -40.57   -23.63     1.85     0.00
fep_032_0.260.en        2      1899  0.740000  -10952.69  -10870.84    50.05     4.38     0.00  -132.65    -3.62  -132.52    35.15    46.89   -40.49   -47.02     1.71     0.00
--> Name of file number  39:                                                     
# Energy files from Qdyn, version: 6.0.16 , git id=adc28a635c78993922188615a73366ace3402081                        
fep_033_0.240.en        1      1899  0.240000  -10106.73  -10116.11    34.44    10.90     0.00   -63.82    27.86   -56.41    65.41    14.84   -39.26   -22.26     1.71     0.00
fep_033_0.240.en        2      1899  0.760000  -10956.28  -10872.42    47.01     4.87     0.00  -132.26    -3.48  -135.74    34.14    49.39   -39.17   -45.90     1.55     0.00
--> Name of file number  40:                                                     
# Energy files from Qdyn, version: 6.0.16 , git id=adc28a635c78993922188615a73366ace3402081                        
fep_034_0.220.en        1      1899  0.220000  -10083.86  -10090.69    38.72    11.00     0.00   -67.35    24.45   -56.38    63.16     8.56   -39.56   -19.54     0.85     0.00
fep_034_0.220.en        2      1899  0.780000  -10966.12  -10873.70    43.72     6.18     0.00  -135.79    -6.53  -140.89    32.36    49.02   -39.56   -43.93     0.68     0.00
--> Name of file number  41:                                                     
# Energy files from Qdyn, version: 6.0.16 , git id=adc28a635c78993922188615a73366ace3402081                        
fep_035_0.200.en        1      1899  0.200000  -10042.48  -10051.90    41.30    10.86     0.00   -68.60    25.86   -55.84    63.70     8.07   -39.13   -20.82     1.30     0.00
fep_035_0.200.en        2      1899  0.800000  -10976.72  -10874.33    41.21     6.88     0.00  -144.02    -6.44  -145.58    31.47    45.41   -39.05   -43.85     1.14     0.00
--> Name of file number  42:                                                     
# Energy files from Qdyn, version: 6.0.16 , git id=adc28a635c78993922188615a73366ace3402081                        
fep_036_0.180.en        1      1899  0.180000   -9987.02   -9998.23    38.72    11.13     0.00   -67.24    28.59   -56.09    66.83    13.39   -40.27   -24.54     2.03     0.00
fep_036_0.180.en        2      1899  0.820000  -10990.37  -10875.20    38.93     3.87     0.00  -150.05    -7.92  -148.87    30.16    48.29   -39.96   -49.48     1.89     0.00
--> Name of file number  43:                                                     
# Energy files from Qdyn, version: 6.0.16 , git id=adc28a635c78993922188615a73366ace3402081                        
fep_037_0.160.en        1      1899  0.160000   -9896.74   -9903.73    32.28    11.56     0.00   -72.29    35.43   -55.97    71.67    12.84   -38.91   -29.16     2.68     0.00
fep_037_0.160.en        2      1899  0.840000  -11005.40  -10876.19    34.50     4.00     0.00  -159.01    -8.69  -158.10    27.52    52.05   -38.74   -52.97     2.53     0.00
--> Name of file number  44:                                                     
# Energy files from Qdyn, version: 6.0.16 , git id=adc28a635c78993922188615a73366ace3402081                        
fep_038_0.140.en        1      1899  0.140000   -9759.85   -9780.44    44.55    10.18     0.00   -62.57    28.43   -56.42    68.26    11.50   -41.61   -17.65     1.78     0.00
fep_038_0.140.en        2      1899  0.860000  -11037.85  -10877.91    27.29     3.69     0.00  -179.89   -11.04  -176.22    28.69    42.07   -41.38   -45.74     1.65     0.00
--> Name of file number  45:                                                     
# Energy files from Qdyn, version: 6.0.16 , git id=adc28a635c78993922188615a73366ace3402081                        
fep_039_0.120.en        1      1899  0.120000   -9429.04   -9439.04    34.06    12.97     0.00   -70.93    33.89   -54.65    72.32    -5.81   -40.19   -10.47     1.76     0.00
fep_039_0.120.en        2      1899  0.880000  -11082.77  -10877.20    21.59     3.38     0.00  -221.68    -8.86  -217.48    29.60    36.42   -40.09   -40.62     1.63     0.00
--> Name of file number  46:                                                     
# Energy files from Qdyn, version: 6.0.16 , git id=adc28a635c78993922188615a73366ace3402081                        
fep_040_0.100.en        1      1899  0.100000   -9600.75   -9674.39    64.40    13.92     0.00   -45.66    40.98   -24.77    75.85     0.21   -36.22   -21.10     1.35     0.00
fep_040_0.100.en        2      1899  0.900000  -10721.90  -10750.58    34.31    10.92     0.00    -0.97   -15.58     3.64    19.61    40.50   -36.45   -45.12     1.27     0.00
--> Name of file number  47:                                                     
# Energy files from Qdyn, version: 6.0.16 , git id=adc28a635c78993922188615a73366ace3402081                        
fep_041_0.080.en        1      1899  0.080000   -9611.45   -9644.38    47.55    11.07     0.00   -73.86    48.17   -23.30    83.18   -12.51   -34.84   -38.05    -0.18     0.00
fep_041_0.080.en        2      1899  0.920000  -10903.88  -10872.00    18.72     6.43     0.00   -38.47   -18.56     6.61    16.90    10.02   -35.23   -55.11    -0.23     0.00
--> Name of file number  48:                                                     
# Energy files from Qdyn, version: 6.0.16 , git id=adc28a635c78993922188615a73366ace3402081                        
fep_042_0.060.en        1      1899  0.060000   -9590.28   -9611.53    62.96    13.97     0.00   -96.32    40.64   -21.93    74.20   -15.25   -35.08   -59.15     1.53     0.00
fep_042_0.060.en        2      1899  0.940000  -10921.58  -10873.28    10.89     7.21     0.00   -46.51   -19.89     4.15    13.90    21.13   -35.48   -71.79     1.69     0.00
--> Name of file number  49:                                                     
# Energy files from Qdyn, version: 6.0.16 , git id=adc28a635c78993922188615a73366ace3402081                        
fep_043_0.040.en        1      1899  0.040000   -9564.40   -9582.38    72.74    15.45     0.00  -107.18    36.97   -20.94    71.92   -16.44   -36.88   -69.80     1.93     0.00
fep_043_0.040.en        2      1899  0.960000  -10952.34  -10876.16     8.07     6.47     0.00   -68.56   -22.17     4.35    12.87     7.53   -37.42   -80.43     2.39     0.00
--> Name of file number  50:                                                     
# Energy files from Qdyn, version: 6.0.16 , git id=adc28a635c78993922188615a73366ace3402081                        
fep_044_0.020.en        1      1899  0.020000   -9547.32   -9563.20    74.12    15.41     0.00  -112.68    39.03   -21.81    71.44   -14.98   -35.82   -75.89     3.40     0.00
fep_044_0.020.en        2      1899  0.980000  -10960.46  -10877.62     6.20     6.17     0.00   -75.51   -19.69     3.18    12.66     7.97   -36.40   -86.66     4.05     0.00
--> Name of file number  51:                                                     
# Energy files from Qdyn, version: 6.0.16 , git id=adc28a635c78993922188615a73366ace3402081                        
fep_045_0.000.en        1      1899  0.000000   -9518.01   -9546.03    78.95    15.60     0.00  -104.15    37.61   -22.89    70.81   -10.48   -36.19   -70.78     3.00     0.00
fep_045_0.000.en        2      1899  1.000000  -10956.44  -10879.01     5.60     6.20     0.00   -68.41   -20.82     2.27    12.18    13.59   -36.70   -84.26     3.70     0.00


# Part 1: Free energy perturbation summary:

# Calculation for full system
# lambda(1)      dGf sum(dGf)      dGr sum(dGr)     <dG>
   1.000000     0.000     0.000    -4.833  1099.259     0.000
   0.980000     5.327     5.327    -1.556  1104.091     5.080
   0.960000     1.872     7.199     1.464  1105.647     6.794
   0.940000    -0.290     6.908     4.468  1104.183     5.917
   0.920000    -4.257     2.651     7.482  1099.716     1.554
   0.900000    -7.307    -4.656     9.813  1092.234    -5.840
   0.880000   -10.516   -15.171    12.438  1082.420   -16.005
   0.860000   -12.824   -27.996    14.667  1069.982   -28.636
   0.840000   -14.652   -42.648    15.508  1055.315   -43.296
   0.820000   -15.609   -58.257    16.377  1039.807   -58.855
   0.800000   -16.704   -74.961    17.265  1023.430   -75.395
   0.780000   -17.069   -92.030    18.268  1006.165   -92.562
   0.760000   -17.934  -109.964    18.967   987.897  -110.663
   0.740000   -18.901  -128.865    19.576   968.931  -129.597
   0.720000   -19.335  -148.201    19.708   949.355  -149.052
   0.700000   -19.883  -168.084    20.092   929.647  -168.848
   0.680000   -19.988  -188.072    20.535   909.554  -188.888
   0.660000   -20.391  -208.464    20.805   889.019  -209.352
   0.640000   -20.753  -229.216    21.078   868.213  -230.131
   0.620000   -21.004  -250.220    21.336   847.135  -251.172
   0.600000   -21.264  -271.484    21.642   825.799  -272.472
   0.580000   -21.562  -293.046    21.956   804.157  -294.074
   0.560000   -21.852  -314.898    22.197   782.201  -315.978
   0.540000   -22.194  -337.092    22.482   760.003  -338.174
   0.520000   -22.395  -359.487    22.695   737.521  -360.612
   0.500000   -22.694  -382.181    22.917   714.826  -383.307
   0.480000   -22.895  -405.076    23.224   691.909  -406.213
   0.460000   -23.200  -428.276    23.279   668.684  -429.425
   0.440000   -23.450  -451.727    23.521   645.405  -452.790
   0.420000   -23.510  -475.237    23.951   621.884  -476.306
   0.400000   -23.760  -498.998    24.222   597.934  -500.161
   0.380000   -24.200  -523.198    24.549   573.711  -524.373
   0.360000   -24.514  -547.712    24.740   549.162  -548.904
   0.340000   -24.793  -572.505    25.141   524.422  -573.671
   0.320000   -25.071  -597.576    25.488   499.281  -598.777
   0.300000   -25.436  -623.012    25.885   473.793  -624.238
   0.280000   -25.896  -648.908    26.515   447.909  -650.129
   0.260000   -26.384  -675.292    27.162   421.394  -676.579
   0.240000   -27.031  -702.323    27.732   394.232  -703.675
   0.220000   -27.672  -729.995    28.582   366.499  -731.377
   0.200000   -28.411  -758.405    29.756   337.917  -759.873
   0.180000   -29.682  -788.087    30.641   308.161  -789.592
   0.160000   -31.292  -819.379    34.560   277.520  -820.559
   0.140000   -35.017  -854.397    39.983   242.960  -855.347
   0.120000   -37.604  -892.001    17.118   202.977  -894.141
   0.100000   -48.934  -940.935    34.370   185.860  -927.167
   0.080000   -37.813  -978.748    36.289   151.489  -963.259
   0.060000   -37.553 -1016.301    37.702   115.200 -1000.180
   0.040000   -37.711 -1054.013    38.473    77.498 -1037.887
   0.020000   -38.513 -1092.525    39.025    39.025 -1076.379
   0.000000   -38.872 -1131.397     0.000     0.000 -1115.328

# Min energy-gap is:   -475.71
# Max energy-gap is:   2622.81



# Part 2: Reaction free energy summary:
# Lambda(1)  bin Energy gap      dGa     dGb     dGg    # pts    c1**2    c2**2
   1.000000    1    -460.21       0.00     446.92      -1.97     31     0.996     0.004
   1.000000    2    -429.23       0.00     416.00      -2.09    143     0.995     0.005
   1.000000    3    -398.24       0.00     385.26      -2.26    149     0.994     0.006
   1.000000    4    -367.26       0.00     354.29      -2.45    276     0.993     0.007
   1.000000    5    -336.27       0.00     323.09      -2.66    330     0.992     0.008
   1.000000    6    -305.29       0.00     292.13      -2.93    337     0.991     0.009
   1.000000    7    -274.30       0.00     261.20      -3.24    332     0.989     0.011
   1.000000    8    -243.32       0.00     230.19      -3.66    184     0.985     0.015
   1.000000    9    -212.33       0.00     199.59      -4.12     87     0.982     0.018
   1.000000   10    -181.35       0.00     171.18      -4.81     26     0.975     0.025
   0.980000    5    -336.27      -1.60     321.59      -4.27     39     0.992     0.008
   0.980000    6    -305.29      -1.05     291.66      -3.96     38     0.991     0.009
   0.980000    7    -274.30      -0.39     260.51      -3.64     79     0.988     0.012
   0.980000    8    -243.32       0.18     231.11      -3.44    150     0.985     0.015
   0.980000    9    -212.33       0.81     200.53      -3.33    214     0.981     0.019
   0.980000   10    -181.35       1.43     170.46      -3.39    277     0.974     0.026
   0.980000   11    -150.36       2.05     139.68      -3.72    373     0.964     0.036
   0.980000   12    -119.38       2.65     109.37      -4.50    308     0.947     0.053
   0.980000   13     -88.39       3.25      79.71      -6.15    240     0.915     0.085
   0.980000   14     -57.41       3.85      48.69      -9.67    132     0.853     0.147
   0.980000   15     -26.42       4.49      19.48     -17.80     34     0.710     0.290
   0.960000   11    -150.36       0.86     138.25      -4.98     46     0.962     0.038
   0.960000   12    -119.38       2.03     108.80      -5.17    121     0.944     0.056
   0.960000   13     -88.39       3.25      78.70      -6.30    317     0.909     0.091
   0.960000   14     -57.41       4.39      49.41      -9.28    469     0.843     0.157
   0.960000   15     -26.42       5.61      19.57     -16.94    400     0.701     0.299
   0.960000   16       4.56       6.85     -10.10     -31.97    263     0.468     0.532
   0.960000   17      35.55       8.02     -39.19     -53.23    174     0.264     0.736
   0.960000   18      66.53       9.21     -69.55     -79.38     77     0.141     0.859
   0.940000   16       4.56       6.22     -11.16     -33.07     48     0.426     0.574
   0.940000   17      35.55       7.85     -39.97     -53.95    115     0.246     0.754
   0.940000   18      66.53       9.78     -69.04     -78.90    229     0.127     0.873
   0.940000   19      97.52      11.55     -97.74    -105.26    335     0.075     0.925
   0.940000   20     128.50      13.37    -127.17    -133.20    344     0.048     0.952
   0.940000   21     159.49      15.25    -156.33    -161.35    278     0.032     0.968
   0.940000   22     190.47      17.10    -185.45    -189.74    239     0.023     0.977
   0.940000   23     221.46      18.89    -214.62    -218.37    155     0.018     0.982
   0.940000   24     252.44      20.73    -242.75    -246.08     87     0.014     0.986
   0.940000   25     283.43      22.67    -271.03    -274.03     29     0.011     0.989
   0.920000   21     159.49      14.21    -157.47    -162.49     69     0.031     0.969
   0.920000   22     190.47      16.48    -186.07    -190.36    155     0.023     0.977
   0.920000   23     221.46      18.97    -214.51    -218.26    231     0.017     0.983
   0.920000   24     252.44      21.36    -242.55    -245.88    336     0.014     0.986
   0.920000   25     283.43      23.81    -271.08    -274.06    301     0.011     0.989
   0.920000   26     314.41      26.27    -299.20    -301.91    305     0.009     0.991
   0.920000   27     345.40      28.78    -328.37    -330.85    241     0.007     0.993
   0.920000   28     376.39      31.18    -356.11    -358.40    120     0.006     0.994
   0.920000   29     407.37      33.66    -384.82    -386.95     76     0.005     0.995
   0.920000   30     438.36      36.02    -413.66    -415.63     34     0.005     0.995
   0.900000   25     283.43      22.21    -272.90    -275.89     31     0.011     0.989
   0.900000   26     314.41      25.58    -300.51    -303.23     61     0.009     0.991
   0.900000   27     345.40      28.16    -328.18    -330.67    175     0.007     0.993
   0.900000   28     376.39      31.33    -356.03    -358.32    227     0.006     0.994
   0.900000   29     407.37      34.34    -384.22    -386.34    287     0.005     0.995
   0.900000   30     438.36      37.43    -411.90    -413.88    317     0.005     0.995
   0.900000   31     469.34      40.52    -439.82    -441.68    307     0.004     0.996
   0.900000   32     500.33      43.62    -467.47    -469.22    230     0.004     0.996
   0.900000   33     531.31      46.68    -495.59    -497.23    152     0.003     0.997
   0.900000   34     562.30      49.69    -522.72    -524.27     82     0.003     0.997
   0.880000   30     438.36      36.04    -413.62    -415.59     53     0.005     0.995
   0.880000   31     469.34      39.57    -440.22    -442.07    149     0.004     0.996
   0.880000   32     500.33      43.45    -468.08    -469.82    163     0.004     0.996
   0.880000   33     531.31      47.05    -494.82    -496.47    277     0.003     0.997
   0.880000   34     562.30      50.73    -522.12    -523.67    348     0.003     0.997
   0.880000   35     593.28      54.39    -549.40    -550.88    330     0.003     0.997
   0.880000   36     624.27      58.12    -576.28    -577.69    277     0.002     0.998
   0.880000   37     655.25      61.65    -603.24    -604.58    166     0.002     0.998
   0.880000   38     686.24      65.44    -631.13    -632.41     62     0.002     0.998
   0.880000   39     717.22      69.07    -659.04    -660.27     29     0.002     0.998
   0.860000   33     531.31      45.13    -496.91    -498.55     26     0.003     0.997
   0.860000   34     562.30      49.46    -523.26    -524.82     63     0.003     0.997
   0.860000   35     593.28      53.55    -549.89    -551.37    146     0.003     0.997
   0.860000   36     624.27      57.90    -576.79    -578.19    228     0.002     0.998
   0.860000   37     655.25      62.21    -603.20    -604.54    337     0.002     0.998
   0.860000   38     686.24      66.44    -629.60    -630.88    361     0.002     0.998
   0.860000   39     717.22      70.76    -656.30    -657.53    363     0.002     0.998
   0.860000   40     748.21      75.07    -683.01    -684.19    234     0.002     0.998
   0.860000   41     779.19      79.19    -709.36    -710.49    102     0.001     0.999
   0.860000   42     810.18      83.88    -734.24    -735.33     25     0.001     0.999
   0.840000   37     655.25      60.71    -604.49    -605.83     22     0.002     0.998
   0.840000   38     686.24      65.73    -630.30    -631.59    119     0.002     0.998
   0.840000   39     717.22      70.50    -656.84    -658.07    338     0.002     0.998
   0.840000   40     748.21      75.20    -682.58    -683.76    561     0.002     0.998
   0.840000   41     779.19      80.03    -708.20    -709.34    592     0.001     0.999
   0.840000   42     810.18      84.85    -734.04    -735.13    211     0.001     0.999
   0.840000   43     841.16      89.56    -759.52    -760.57     45     0.001     0.999
   0.820000   39     717.22      69.30    -657.75    -658.98     88     0.002     0.998
   0.820000   40     748.21      74.60    -683.12    -684.30    281     0.002     0.998
   0.820000   41     779.19      79.99    -708.25    -709.38    401     0.001     0.999
   0.820000   42     810.18      85.53    -733.72    -734.81    489     0.001     0.999
   0.820000   43     841.16      90.93    -758.74    -759.79    379     0.001     0.999
   0.820000   44     872.15      96.48    -783.36    -784.37    209     0.001     0.999
   0.820000   45     903.13     101.78    -809.07    -810.05     44     0.001     0.999
   0.800000   40     748.21      74.17    -684.25    -685.43     34     0.002     0.998
   0.800000   41     779.19      79.25    -709.05    -710.18    164     0.001     0.999
   0.800000   42     810.18      85.05    -733.92    -735.01    445     0.001     0.999
   0.800000   43     841.16      91.13    -758.57    -759.62    664     0.001     0.999
   0.800000   44     872.15      97.11    -782.81    -783.82    503     0.001     0.999
   0.800000   45     903.13     102.98    -807.01    -807.99     84     0.001     0.999
   0.780000   42     810.18      84.83    -734.68    -735.77     62     0.001     0.999
   0.780000   43     841.16      90.87    -758.88    -759.93    321     0.001     0.999
   0.780000   44     872.15      97.48    -782.60    -783.61    752     0.001     0.999
   0.780000   45     903.13     104.01    -806.66    -807.64    535     0.001     0.999
   0.780000   46     934.12     110.64    -830.16    -831.10    197     0.001     0.999
   0.760000   43     841.16      91.03    -760.06    -761.11     20     0.001     0.999
   0.760000   44     872.15      97.59    -783.49    -784.50    182     0.001     0.999
   0.760000   45     903.13     104.07    -806.68    -807.66    444     0.001     0.999
   0.760000   46     934.12     111.31    -830.19    -831.14    688     0.001     0.999
   0.760000   47     965.10     118.57    -853.33    -854.25    498     0.001     0.999
   0.760000   48     996.09     125.74    -876.56    -877.45     67     0.001     0.999
   0.740000   45     903.13     103.95    -807.54    -808.52     97     0.001     0.999
   0.740000   46     934.12     111.21    -830.12    -831.07    577     0.001     0.999
   0.740000   47     965.10     118.75    -852.76    -853.68    918     0.001     0.999
   0.740000   48     996.09     126.59    -874.98    -875.87    286     0.001     0.999
   0.740000   49    1027.07     134.21    -897.45    -898.32     20     0.001     0.999
   0.720000   46     934.12     110.28    -831.39    -832.34     84     0.001     0.999
   0.720000   47     965.10     118.90    -853.21    -854.12    599     0.001     0.999
   0.720000   48     996.09     127.00    -875.00    -875.88    984     0.001     0.999
   0.720000   49    1027.07     135.40    -896.42    -897.28    228     0.001     0.999
   0.700000   46     934.12     113.00    -832.14    -833.08     31     0.001     0.999
   0.700000   47     965.10     118.21    -853.34    -854.26    513     0.001     0.999
   0.700000   48     996.09     127.01    -874.72    -875.61    996     0.001     0.999
   0.700000   49    1027.07     135.73    -894.51    -895.38    353     0.001     0.999
   0.680000   47     965.10     117.59    -854.05    -854.97    130     0.001     0.999
   0.680000   48     996.09     127.02    -874.92    -875.81    750     0.001     0.999
   0.680000   49    1027.07     136.27    -895.28    -896.14    875     0.001     0.999
   0.680000   50    1058.06     145.65    -911.36    -912.20    136     0.001     0.999
   0.660000   48     996.09     127.40    -875.33    -876.22    257     0.001     0.999
   0.660000   49    1027.07     136.60    -895.34    -896.20   1093     0.001     0.999
   0.660000   50    1058.06     146.46    -915.01    -915.85    531     0.001     0.999
   0.640000   48     996.09     126.50    -876.51    -877.40     62     0.001     0.999
   0.640000   49    1027.07     136.45    -895.70    -896.56    759     0.001     0.999
   0.640000   50    1058.06     146.77    -914.42    -915.25    988     0.001     0.999
   0.640000   51    1089.04     157.41    -929.47    -930.29     90     0.001     0.999
   0.620000   49    1027.07     135.97    -896.02    -896.88    320     0.001     0.999
   0.620000   50    1058.06     146.97    -914.58    -915.42   1202     0.001     0.999
   0.620000   51    1089.04     158.01    -931.89    -932.71    376     0.001     0.999
   0.600000   49    1027.07     138.04    -896.50    -897.37     95     0.001     0.999
   0.600000   50    1058.06     146.97    -914.77    -915.61    940     0.001     0.999
   0.600000   51    1089.04     158.48    -932.56    -933.37    778     0.001     0.999
   0.600000   52    1120.03     170.45    -949.98    -950.77     84     0.001     0.999
   0.580000   50    1058.06     146.72    -915.22    -916.06    408     0.001     0.999
   0.580000   51    1089.04     158.57    -932.46    -933.27   1154     0.001     0.999
   0.580000   52    1120.03     171.09    -949.48    -950.27    326     0.001     0.999
   0.560000   50    1058.06     146.56    -915.76    -916.60     83     0.001     0.999
   0.560000   51    1089.04     158.89    -932.55    -933.37    949     0.001     0.999
   0.560000   52    1120.03     171.54    -949.41    -950.20    765     0.001     0.999
   0.560000   53    1151.01     184.96    -966.06    -966.83    101     0.001     0.999
   0.540000   50    1058.06     153.11    -916.92    -917.76     20     0.001     0.999
   0.540000   51    1089.04     158.32    -932.93    -933.75    479     0.001     0.999
   0.540000   52    1120.03     171.81    -949.16    -949.95   1197     0.001     0.999
   0.540000   53    1151.01     185.44    -963.78    -964.55    200     0.001     0.999
   0.520000   51    1089.04     158.67    -933.73    -934.55    174     0.001     0.999
   0.520000   52    1120.03     171.84    -949.23    -950.02   1003     0.001     0.999
   0.520000   53    1151.01     186.06    -964.42    -965.19    693     0.001     0.999
   0.520000   54    1182.00     200.47    -977.36    -978.12     29     0.001     0.999
   0.500000   51    1089.04     164.14    -934.43    -935.24     39     0.001     0.999
   0.500000   52    1120.03     171.55    -949.45    -950.24    719     0.001     0.999
   0.500000   53    1151.01     186.19    -964.22    -964.99   1026     0.001     0.999
   0.500000   54    1182.00     201.16    -978.10    -978.86    115     0.001     0.999
   0.480000   52    1120.03     170.85    -949.72    -950.51    362     0.001     0.999
   0.480000   53    1151.01     186.38    -964.06    -964.83   1008     0.001     0.999
   0.480000   54    1182.00     201.97    -978.21    -978.96    495     0.001     0.999
   0.460000   52    1120.03     171.44    -950.57    -951.36     77     0.001     0.999
   0.460000   53    1151.01     186.23    -964.40    -965.18    892     0.001     0.999
   0.460000   54    1182.00     202.24    -977.89    -978.64    829     0.001     0.999
   0.460000   55    1212.98     218.86    -990.03    -990.77    101     0.001     0.999
   0.440000   52    1120.03     174.69    -951.46    -952.25     51     0.001     0.999
   0.440000   53    1151.01     185.63    -964.50    -965.27    814     0.001     0.999
   0.440000   54    1182.00     202.33    -977.28    -978.03    901     0.001     0.999
   0.440000   55    1212.98     219.20    -989.59    -990.32    131     0.001     0.999
   0.420000   53    1151.01     186.39    -964.93    -965.70    408     0.001     0.999
   0.420000   54    1182.00     202.33    -977.39    -978.14   1075     0.001     0.999
   0.420000   55    1212.98     219.94    -989.47    -990.20    401     0.001     0.999
   0.400000   53    1151.01     186.13    -965.62    -966.39     61     0.001     0.999
   0.400000   54    1182.00     202.72    -977.77    -978.52    641     0.001     0.999
   0.400000   55    1212.98     220.29    -989.53    -990.26   1012     0.001     0.999
   0.400000   56    1243.97     238.26   -1001.02   -1001.74    180     0.001     0.999
   0.380000   54    1182.00     201.85    -978.17    -978.92    298     0.001     0.999
   0.380000   55    1212.98     220.23    -989.41    -990.14    993     0.001     0.999
   0.380000   56    1243.97     238.97   -1000.65   -1001.37    556     0.001     0.999
   0.380000   57    1274.95     257.76   -1010.27   -1010.97     44     0.001     0.999
   0.360000   54    1182.00     207.67    -978.80    -979.55     33     0.001     0.999
   0.360000   55    1212.98     220.16    -989.66    -990.39    771     0.001     0.999
   0.360000   56    1243.97     239.25   -1000.32   -1001.03    927     0.001     0.999
   0.360000   57    1274.95     258.73   -1010.09   -1010.79    165     0.001     0.999
   0.340000   54    1182.00     203.23    -979.66    -980.41     32     0.001     0.999
   0.340000   55    1212.98     219.84    -990.10    -990.83    397     0.001     0.999
   0.340000   56    1243.97     239.29   -1000.11   -1000.82    975     0.001     0.999
   0.340000   57    1274.95     259.49   -1010.27   -1010.97    463     0.001     0.999
   0.340000   58    1305.94     279.54   -1020.03   -1020.72     32     0.001     0.999
   0.320000   55    1212.98     222.29    -990.78    -991.51     72     0.001     0.999
   0.320000   56    1243.97     239.36   -1000.32   -1001.04    718     0.001     0.999
   0.320000   57    1274.95     259.58   -1009.72   -1010.42    895     0.001     0.999
   0.320000   58    1305.94     280.37   -1018.87   -1019.55    207     0.001     0.999
   0.300000   56    1243.97     238.65   -1000.78   -1001.49    275     0.001     0.999
   0.300000   57    1274.95     259.69   -1009.78   -1010.48    862     0.001     0.999
   0.300000   58    1305.94     281.06   -1018.69   -1019.37    604     0.001     0.999
   0.300000   59    1336.92     302.53   -1027.34   -1028.01    140     0.001     0.999
   0.280000   56    1243.97     239.65   -1001.72   -1002.44     63     0.001     0.999
   0.280000   57    1274.95     259.36   -1010.16   -1010.86    495     0.001     0.999
   0.280000   58    1305.94     281.20   -1018.33   -1019.01    860     0.001     0.999
   0.280000   59    1336.92     303.11   -1026.81   -1027.47    395     0.001     0.999
   0.280000   60    1367.91     325.43   -1034.70   -1035.35     81     0.000     1.000
   0.260000   57    1274.95     261.00   -1011.00   -1011.70     85     0.001     0.999
   0.260000   58    1305.94     280.95   -1018.81   -1019.49    443     0.001     0.999
   0.260000   59    1336.92     303.57   -1026.61   -1027.27    804     0.001     0.999
   0.260000   60    1367.91     326.21   -1034.45   -1035.10    464     0.000     1.000
   0.260000   61    1398.89     348.66   -1042.37   -1043.00     97     0.000     1.000
   0.240000   58    1305.94     285.73   -1019.88   -1020.56     59     0.001     0.999
   0.240000   59    1336.92     303.42   -1027.07   -1027.73    463     0.001     0.999
   0.240000   60    1367.91     326.31   -1034.18   -1034.84    807     0.000     1.000
   0.240000   61    1398.89     349.70   -1041.32   -1041.96    442     0.000     1.000
   0.240000   62    1429.88     372.86   -1048.10   -1048.72    120     0.000     1.000
   0.220000   59    1336.92     304.14   -1027.99   -1028.66     94     0.000     1.000
   0.220000   60    1367.91     325.94   -1034.47   -1035.12    451     0.000     1.000
   0.220000   61    1398.89     349.67   -1040.97   -1041.60    672     0.000     1.000
   0.220000   62    1429.88     373.91   -1047.69   -1048.31    467     0.000     1.000
   0.220000   63    1460.86     397.95   -1053.97   -1054.58    185     0.000     1.000
   0.220000   64    1491.85     421.68   -1060.00   -1060.60     24     0.000     1.000
   0.200000   60    1367.91     324.05   -1035.60   -1036.25     54     0.000     1.000
   0.200000   61    1398.89     349.55   -1041.56   -1042.20    264     0.000     1.000
   0.200000   62    1429.88     373.95   -1047.55   -1048.17    477     0.000     1.000
   0.200000   63    1460.86     398.59   -1053.71   -1054.32    549     0.000     1.000
   0.200000   64    1491.85     423.20   -1059.81   -1060.41    343     0.000     1.000
   0.200000   65    1522.83     448.15   -1065.83   -1066.42    167     0.000     1.000
   0.200000   66    1553.82     472.34   -1071.24   -1071.82     32     0.000     1.000
   0.180000   62    1429.88     373.40   -1048.65   -1049.28     78     0.000     1.000
   0.180000   63    1460.86     398.03   -1054.09   -1054.70    210     0.000     1.000
   0.180000   64    1491.85     423.39   -1059.76   -1060.36    416     0.000     1.000
   0.180000   65    1522.83     448.47   -1065.20   -1065.78    451     0.000     1.000
   0.180000   66    1553.82     473.79   -1070.59   -1071.17    415     0.000     1.000
   0.180000   67    1584.80     498.83   -1076.02   -1076.58    181     0.000     1.000
   0.180000   68    1615.79     524.34   -1081.61   -1082.17     96     0.000     1.000
   0.180000   69    1646.77     550.86   -1087.13   -1087.67     33     0.000     1.000
   0.160000   63    1460.86     398.71   -1055.68   -1056.29     37     0.000     1.000
   0.160000   64    1491.85     421.62   -1060.56   -1061.16     70     0.000     1.000
   0.160000   65    1522.83     448.52   -1065.59   -1066.17    147     0.000     1.000
   0.160000   66    1553.82     474.03   -1070.48   -1071.05    205     0.000     1.000
   0.160000   67    1584.80     500.16   -1075.48   -1076.04    270     0.000     1.000
   0.160000   68    1615.79     525.93   -1080.22   -1080.78    274     0.000     1.000
   0.160000   69    1646.77     552.03   -1085.17   -1085.72    260     0.000     1.000
   0.160000   70    1677.76     577.68   -1090.19   -1090.72    182     0.000     1.000
   0.160000   71    1708.74     604.35   -1095.11   -1095.64    154     0.000     1.000
   0.160000   72    1739.73     630.23   -1100.12   -1100.64    108     0.000     1.000
   0.160000   73    1770.72     656.90   -1104.97   -1105.48     75     0.000     1.000
   0.160000   74    1801.70     681.92   -1109.99   -1110.48     58     0.000     1.000
   0.160000   75    1832.69     708.16   -1114.56   -1115.05     21     0.000     1.000
   0.140000   69    1646.77     549.78   -1087.37   -1087.91     37     0.000     1.000
   0.140000   70    1677.76     577.73   -1091.36   -1091.89     95     0.000     1.000
   0.140000   71    1708.74     602.89   -1095.62   -1096.14    150     0.000     1.000
   0.140000   72    1739.73     629.87   -1099.99   -1100.50    256     0.000     1.000
   0.140000   73    1770.72     656.25   -1104.22   -1104.72    304     0.000     1.000
   0.140000   74    1801.70     682.91   -1108.48   -1108.98    297     0.000     1.000
   0.140000   75    1832.69     709.56   -1112.83   -1113.31    290     0.000     1.000
   0.140000   76    1863.67     736.24   -1117.21   -1117.69    186     0.000     1.000
   0.140000   77    1894.66     763.44   -1121.49   -1121.96    143     0.000     1.000
   0.140000   78    1925.64     789.53   -1125.96   -1126.43     82     0.000     1.000
   0.140000   79    1956.63     817.00   -1130.04   -1130.50     39     0.000     1.000
   0.120000   78    1925.64     789.41   -1125.90   -1126.36     26     0.000     1.000
   0.120000   79    1956.63     816.23   -1130.04   -1130.50     44     0.000     1.000
   0.120000   80    1987.61     844.09   -1133.59   -1134.04     81     0.000     1.000
   0.120000   81    2018.60     870.71   -1137.30   -1137.75     98     0.000     1.000
   0.120000   82    2049.58     898.22   -1140.94   -1141.38    140     0.000     1.000
   0.120000   83    2080.57     925.51   -1144.63   -1145.06    153     0.000     1.000
   0.120000   84    2111.55     952.65   -1148.38   -1148.80    169     0.000     1.000
   0.120000   85    2142.54     980.46   -1152.06   -1152.48    158     0.000     1.000
   0.120000   86    2173.52    1007.30   -1155.55   -1155.96    182     0.000     1.000
   0.120000   87    2204.51    1034.29   -1159.48   -1159.88    152     0.000     1.000
   0.120000   88    2235.49    1061.36   -1163.10   -1163.50    141     0.000     1.000
   0.120000   89    2266.48    1088.90   -1166.90   -1167.29    130     0.000     1.000
   0.120000   90    2297.46    1116.07   -1170.54   -1170.93    108     0.000     1.000
   0.120000   91    2328.45    1143.05   -1174.29   -1174.67     89     0.000     1.000
   0.120000   92    2359.43    1170.32   -1178.08   -1178.46     71     0.000     1.000
   0.120000   93    2390.42    1197.84   -1181.82   -1182.20     32     0.000     1.000
   0.120000   94    2421.40    1225.22   -1185.45   -1185.82     38     0.000     1.000
   0.120000   95    2452.39    1252.71   -1189.20   -1189.56     21     0.000     1.000
   0.100000   43     841.16    -181.44   -1011.98   -1013.04     20     0.001     0.999
   0.100000   45     903.13    -124.43   -1018.29   -1019.28     27     0.001     0.999
   0.100000   46     934.12     -97.15   -1021.07   -1022.02     33     0.001     0.999
   0.100000   47     965.10     -69.94   -1024.29   -1025.21     43     0.001     0.999
   0.100000   51    1089.04      41.16   -1036.59   -1037.41     33     0.001     0.999
   0.100000   52    1120.03      68.87   -1039.44   -1040.24     26     0.001     0.999
   0.100000   68    1615.79     515.01   -1089.40   -1089.96     22     0.000     1.000
   0.100000   69    1646.77     543.16   -1092.58   -1093.12     71     0.000     1.000
   0.100000   70    1677.76     571.79   -1095.64   -1096.17    109     0.000     1.000
   0.100000   71    1708.74     599.01   -1098.68   -1099.20    184     0.000     1.000
   0.100000   72    1739.73     627.97   -1101.75   -1102.27    214     0.000     1.000
   0.100000   73    1770.72     654.58   -1104.79   -1105.29    248     0.000     1.000
   0.100000   74    1801.70     682.79   -1107.78   -1108.28    207     0.000     1.000
   0.100000   75    1832.69     710.76   -1111.11   -1111.59    181     0.000     1.000
   0.100000   76    1863.67     738.17   -1113.98   -1114.46    143     0.000     1.000
   0.100000   77    1894.66     766.22   -1117.19   -1117.67     86     0.000     1.000
   0.100000   78    1925.64     794.10   -1120.18   -1120.64     57     0.000     1.000
   0.100000   79    1956.63     821.96   -1123.05   -1123.51     20     0.000     1.000
   0.080000   69    1646.77     541.14   -1095.56   -1096.11     27     0.000     1.000
   0.080000   70    1677.76     568.77   -1097.95   -1098.48     55     0.000     1.000
   0.080000   71    1708.74     596.99   -1100.44   -1100.96    120     0.000     1.000
   0.080000   72    1739.73     625.09   -1102.78   -1103.30    173     0.000     1.000
   0.080000   73    1770.72     653.70   -1105.35   -1105.85    235     0.000     1.000
   0.080000   74    1801.70     682.34   -1107.81   -1108.31    332     0.000     1.000
   0.080000   75    1832.69     710.77   -1110.20   -1110.69    333     0.000     1.000
   0.080000   76    1863.67     739.24   -1112.69   -1113.17    268     0.000     1.000
   0.080000   77    1894.66     767.92   -1115.24   -1115.71    200     0.000     1.000
   0.080000   78    1925.64     795.99   -1117.48   -1117.95     87     0.000     1.000
   0.080000   79    1956.63     825.73   -1119.77   -1120.23     46     0.000     1.000
   0.060000   72    1739.73     624.10   -1104.96   -1105.48     45     0.000     1.000
   0.060000   73    1770.72     652.20   -1106.73   -1107.24    124     0.000     1.000
   0.060000   74    1801.70     681.83   -1108.62   -1109.12    296     0.000     1.000
   0.060000   75    1832.69     710.42   -1110.39   -1110.88    412     0.000     1.000
   0.060000   76    1863.67     739.40   -1112.20   -1112.68    429     0.000     1.000
   0.060000   77    1894.66     768.48   -1114.06   -1114.53    397     0.000     1.000
   0.060000   78    1925.64     797.13   -1115.77   -1116.23    144     0.000     1.000
   0.060000   79    1956.63     825.85   -1117.40   -1117.86     45     0.000     1.000
   0.040000   75    1832.69     709.31   -1111.46   -1111.95     95     0.000     1.000
   0.040000   76    1863.67     738.93   -1112.63   -1113.11    295     0.000     1.000
   0.040000   77    1894.66     768.58   -1113.82   -1114.29    492     0.000     1.000
   0.040000   78    1925.64     798.35   -1114.99   -1115.46    645     0.000     1.000
   0.040000   79    1956.63     827.58   -1116.11   -1116.57    334     0.000     1.000
   0.040000   80    1987.61     856.61   -1117.01   -1117.46     21     0.000     1.000
   0.020000   76    1863.67     743.96   -1113.81   -1114.29     33     0.000     1.000
   0.020000   77    1894.66     768.21   -1114.37   -1114.85    248     0.000     1.000
   0.020000   78    1925.64     798.50   -1114.95   -1115.41    914     0.000     1.000
   0.020000   79    1956.63     828.03   -1115.47   -1115.93    619     0.000     1.000
   0.020000   80    1987.61     858.28   -1116.03   -1116.49     75     0.000     1.000
   0.000000   77    1894.66     782.14   -1115.33   -1115.80     27     0.000     1.000
   0.000000   78    1925.64     798.46   -1115.33   -1115.79    326     0.000     1.000
   0.000000   79    1956.63     828.16   -1115.33   -1115.79   1039     0.000     1.000
   0.000000   80    1987.61     858.67   -1115.33   -1115.78    478     0.000     1.000
   0.000000   81    2018.60     889.20   -1115.33   -1115.78     29     0.000     1.000


# Part 3: Bin-averaged summary:
# bin  energy gap  <dGg> <dGg norm> pts  <c1**2> <c2**2> <r_xy>
   1   -460.21     -1.97   1187.59         31    0.996    0.004    7.387
   2   -429.23     -2.09   1187.47        143    0.995    0.005    7.665
   3   -398.24     -2.26   1187.31        149    0.994    0.006    7.914
   4   -367.26     -2.45   1187.12        276    0.993    0.007    7.968
   5   -336.27     -2.83   1186.73        369    0.992    0.008    8.046
   6   -305.29     -3.03   1186.53        375    0.991    0.009    7.960
   7   -274.30     -3.32   1186.25        411    0.988    0.012    7.926
   8   -243.32     -3.56   1186.00        334    0.985    0.015    7.939
   9   -212.33     -3.56   1186.00        301    0.981    0.019    7.886
  10   -181.35     -3.52   1186.05        303    0.975    0.025    7.711
  11   -150.36     -3.86   1185.70        419    0.964    0.036    7.552
  12   -119.38     -4.69   1184.87        429    0.946    0.054    7.441
  13    -88.39     -6.23   1183.33        557    0.911    0.089    7.411
  14    -57.41     -9.36   1180.20        601    0.845    0.155    7.372
  15    -26.42    -17.01   1172.56        434    0.702    0.298    7.337
  16      4.56    -32.14   1157.42        311    0.461    0.539    7.405
  17     35.55    -53.51   1136.05        289    0.257    0.743    7.482
  18     66.53    -79.02   1110.54        306    0.131    0.869    7.571
  19     97.52   -105.26   1084.30        335    0.075    0.925    7.693
  20    128.50   -133.20   1056.37        344    0.048    0.952    7.620
  21    159.49   -161.57   1027.99        347    0.032    0.968    7.636
  22    190.47   -189.99    999.58        394    0.023    0.977    7.716
  23    221.46   -218.30    971.26        386    0.017    0.983    7.766
  24    252.44   -245.92    943.64        423    0.014    0.986    7.809
  25    283.43   -274.22    915.34        361    0.011    0.989    7.821
  26    314.41   -302.13    887.43        366    0.009    0.991    7.817
  27    345.40   -330.77    858.79        416    0.007    0.993    7.761
  28    376.39   -358.35    831.22        347    0.006    0.994    7.770
  29    407.37   -386.47    803.10        363    0.005    0.995    7.748
  30    438.36   -414.25    775.31        404    0.005    0.995    7.787
  31    469.34   -441.80    747.76        456    0.004    0.996    7.725
  32    500.33   -469.47    720.10        393    0.004    0.996    7.702
  33    531.31   -496.84    692.72        455    0.003    0.997    7.718
  34    562.30   -523.92    665.65        493    0.003    0.997    7.725
  35    593.28   -551.03    638.53        476    0.003    0.997    7.687
  36    624.27   -577.92    611.65        505    0.002    0.998    7.674
  37    655.25   -604.61    584.96        525    0.002    0.998    7.649
  38    686.24   -631.21    558.36        542    0.002    0.998    7.621
  39    717.22   -658.00    531.56        818    0.002    0.998    7.625
  40    748.21   -684.04    505.53       1110    0.002    0.998    7.589
  41    779.19   -709.55    480.01       1259    0.001    0.999    7.566
  42    810.18   -734.99    454.57       1232    0.001    0.999    7.565
  43    841.16   -763.28    426.28       1449    0.001    0.999    7.624
  44    872.15   -783.87    405.69       1646    0.001    0.999    7.599
  45    903.13   -812.47    377.10       1231    0.001    0.999    7.662
  46    934.12   -835.12    354.44       1610    0.001    0.999    7.706
  47    965.10   -856.78    332.78       2701    0.001    0.999    7.753
  48    996.09   -875.87    313.69       3402    0.001    0.999    7.699
  49   1027.07   -896.35    293.22       3743    0.001    0.999    7.750
  50   1058.06   -915.47    274.10       4308    0.001    0.999    7.806
  51   1089.04   -934.17    255.39       4072    0.001    0.999    8.033
  52   1120.03   -950.69    238.87       4610    0.001    0.999    8.097
  53   1151.01   -965.15    224.41       5203    0.001    0.999    8.025
  54   1182.00   -978.45    211.11       4448    0.001    0.999    7.936
  55   1212.98   -990.35    199.22       3878    0.001    0.999    7.691
  56   1243.97  -1001.12    188.44       3694    0.001    0.999    7.646
  57   1274.95  -1010.66    178.91       3009    0.001    0.999    7.563
  58   1305.94  -1019.32    170.24       2205    0.001    0.999    7.483
  59   1336.92  -1027.55    162.01       1896    0.001    0.999    7.489
  60   1367.91  -1035.03    154.53       1857    0.000    1.000    7.457
  61   1398.89  -1041.91    147.66       1475    0.000    1.000    7.491
  62   1429.88  -1048.36    141.20       1142    0.000    1.000    7.520
  63   1460.86  -1054.53    135.04        981    0.000    1.000    7.505
  64   1491.85  -1060.45    129.11        853    0.000    1.000    7.469
  65   1522.83  -1066.00    123.57        765    0.000    1.000    7.433
  66   1553.82  -1071.16    118.40        652    0.000    1.000    7.442
  67   1584.80  -1076.26    113.30        451    0.000    1.000    7.592
  68   1615.79  -1081.63    107.93        392    0.000    1.000    7.752
  69   1646.77  -1087.94    101.62        428    0.000    1.000    7.616
  70   1677.76  -1093.29     96.28        441    0.000    1.000    7.399
  71   1708.74  -1097.89     91.67        608    0.000    1.000    7.216
  72   1739.73  -1101.88     87.68        796    0.000    1.000    7.063
  73   1770.72  -1105.51     84.06        986    0.000    1.000    6.870
  74   1801.70  -1108.78     80.79       1190    0.000    1.000    6.563
  75   1832.69  -1111.60     77.96       1332    0.000    1.000    6.394
  76   1863.67  -1113.79     75.78       1354    0.000    1.000    6.215
  77   1894.66  -1115.51     74.05       1593    0.000    1.000    6.055
  78   1925.64  -1116.28     73.28       2281    0.000    1.000    5.934
  79   1956.63  -1116.71     72.85       2186    0.000    1.000    5.858
  80   1987.61  -1118.17     71.39        655    0.000    1.000    6.140
  81   2018.60  -1132.73     56.83        127    0.000    1.000    7.801
  82   2049.58  -1141.38     48.19        140    0.000    1.000    8.383
  83   2080.57  -1145.06     44.50        153    0.000    1.000    8.329
  84   2111.55  -1148.80     40.76        169    0.000    1.000    8.324
  85   2142.54  -1152.48     37.09        158    0.000    1.000    8.284
  86   2173.52  -1155.96     33.61        182    0.000    1.000    8.232
  87   2204.51  -1159.88     29.68        152    0.000    1.000    8.266
  88   2235.49  -1163.50     26.06        141    0.000    1.000    8.280
  89   2266.48  -1167.29     22.27        130    0.000    1.000    8.286
  90   2297.46  -1170.93     18.64        108    0.000    1.000    8.230
  91   2328.45  -1174.67     14.89         89    0.000    1.000    8.294
  92   2359.43  -1178.46     11.10         71    0.000    1.000    8.252
  93   2390.42  -1182.20      7.37         32    0.000    1.000    8.243
  94   2421.40  -1185.82      3.75         38    0.000    1.000    8.117
  95   2452.39  -1189.56      0.00         21    0.000    1.000    8.253
