
 -----------------------------------------------
      Restrained ESP Fit 2.3  Amber 4.1
 -----------------------------------------------
 Resp charges for organic molecule                                               
 -----------------------------------------------


 inopt       =     0   ioutopt     =     1
 nmol        =     1   iqopt       =     0
 ihfree      =     1   irstrnt     =     1
 iunits      =     0   qwt         =   0.00050000
 wtmol(1) =     1.000000
 subtitle:

Resp charges for organic molecule                                               
ich =   0  iuniq =  13
    1    6    0
    2    1    0
    3    6    0
    4    1    0
    5    6    3
    6    1    4
    7    6    0
    8    1    0
    9    6    7
   10    1    8
   11    6    0
   12    8    0
   13    1    0

  ----------------------------------------------------------------------------
     ATOM                       COORDINATES                         CHARGE
                       X             Y                Z
  ----------------------------------------------------------------------------
  ----------------------------------------------------------------------------


 Charge on the molecule(ich) =    0
 Total number of atoms (iuniq)     =   13
 Weight factor on initial charge restraints(qwt)=     0.50000D-03


  there are  1 charge constraints:


     1       1
     2       1
     3       1
     4       1
     5       1
     6       1
     7       1
     8       1
     9       1
    10       1
    11       1
    12       1
    13       1

 Reading esp"s for molecule   1
 total number of atoms      =    13
 total number of esp points = 38849


 center     X       Y       Z 
    1  -0.3509856E+01   0.5271958E-01   0.2078699E-04
    2  -0.5561745E+01   0.8825776E-01   0.8314794E-04
    3  -0.2138896E+01   0.2304253E+01   0.1322808E-04
    4  -0.3117834E+01   0.4109831E+01   0.7558904E-05
    5  -0.2213831E+01  -0.2249660E+01   0.5669178E-05
    6  -0.3261108E+01  -0.4016586E+01   0.7558904E-04
    7   0.4988555E+00   0.2266842E+01  -0.8314794E-04
    8   0.1562186E+01   0.4028646E+01  -0.2324363E-03
    9   0.4173422E+00  -0.2313663E+01   0.3401507E-04
   10   0.1447819E+01  -0.4087381E+01   0.1492884E-03
   11   0.1777945E+01  -0.4622837E-01  -0.3023562E-04
   12   0.4359944E+01  -0.2112449E+00  -0.2286568E-03
   13   0.5061780E+01   0.1481617E+01   0.1978543E-02
 Initial ssvpot =     5.124


 Number of unique UNfrozen centers=    9

 Non-linear optimization requested.
 qchnge =    0.7751293583E-01
 qchnge =    0.8359703625E-03
 qchnge =    0.4174068723E-04
 qchnge =    0.2152826160E-05
 qchnge =    0.1112624447E-06

 Convergence in    4 iterations


Resp charges for organic molecule                                               

          Point Charges Before & After Optimization

    no.  At.no.    q(init)       q(opt)     ivary    d(rstr)/dq
    1   6       0.000000      -0.213779      0       0.002119
    2   1       0.000000       0.145026      0       0.000000
    3   6       0.000000      -0.079162      0       0.003920
    4   1       0.000000       0.141942      0       0.000000
    5   6       0.000000      -0.079162      3       0.003920
    6   1       0.000000       0.141942      4       0.000000
    7   6       0.000000      -0.331463      0       0.001444
    8   1       0.000000       0.182454      0       0.000000
    9   6       0.000000      -0.331463      7       0.001444
   10   1       0.000000       0.182454      8       0.000000
   11   6       0.000000       0.413847      0       0.001174
   12   8       0.000000      -0.539435      0       0.000911
   13   1       0.000000       0.366799      0       0.000000

 Sum over the calculated charges:     -0.000

        Statistics of the fitting:
  The initial sum of squares (ssvpot)                      5.124
  The residual sum of squares (chipot)                     0.097
  The std err of estimate (sqrt(chipot/N))               0.00158
  ESP relative RMS (SQRT(chipot/ssvpot))                 0.13754

 Center of Mass (Angst.):

 X  =   0.00000      Y  =   0.00000      Z  =   0.00000

 Dipole (Debye):

 X  =  -0.33320      Y  =   1.66110      Z  =   0.00217

 Dipole Moment (Debye)=   1.69419

 Quadrupole (Debye*Angst.):

 Qxx =   4.14485     QYY =  12.41549     QZZ = -16.56034
 Qxy =  -3.51828     QXZ = -16.54386     QYZ = -16.55705
