
Build and version information

Build number 6.0.15
Build date   20240314
Built:       
      by     p315462
      on     login1
      git id adc28a635c78993922188615a73366ace3402081
      with   GNU Fortran GCC 11.3.0
qfep version 6.0.15 , git id=adc28a635c78993922188615a73366ace3402081 initialising
Current date 2024- 4-18 and time 17:11:56

Welcome in qfep modification date 20240314

 Q6, Copyright © 2017 Johan Åqvist, John Marelius, Shina Caroline Lynn Kamerlin and Paul Bauer
 Q6 comes with ABSOLUTELY NO WARRANTY.  This is free software, and you are welcome
 to redistribute it under certain conditions. For details, add the --help flag.
--> Number of energy files: # Number of files                 =    51
--> No. of states, no. of predefined off-diag elements: # Number of states                 =     2
# Number of off-diagonal elements =     0
--> Give kT & no, of pts to skip   & calculation mode: # kT                              = 0.592
# Number of data points to skip   =   100
# Only QQ interactions will be considered   =   0
--> Give number of gap-bins: # Number of gap-bins              =   100
--> Give minimum # pts/bin: # Minimum number of points per bin=    20
--> Give alpha for state  2:                                                    # Alpha for state  2              =  -520.50
--> Number of off-diagonal elements:# Number of off-diagonal elements =     1
#   i   j   A(i,j)  mu(i,j) eta(i,j) rxy0(i,j)
--> i, j, A_ij, mu_ij, eta_ij, r_xy0: #   1   2     30.00      0.00      0.00      0.00
--> linear combination of states defining reaction coord: # Linear combination co-efficients=  1.00 -1.00


# Part 0: Average energies for all states in all files
# file             state   pts   lambda    EQtot   EQbond  EQang   EQtor   EQimp    EQel   EQvdW  Eel_qq  EvdW_qq Eel_qp  EvdW_qp Eel_qw EvdW_qw Eqrstr
--> Name of file number   1:                                                     
# Energy files from Qdyn, version: 6.0.16 , git id=adc28a635c78993922188615a73366ace3402081                        
fep_050_1.000.en        1      1899  1.000000  -10034.68   -9781.88    11.03     9.22     0.00  -263.72    -9.32   -50.98     7.40   -15.39     0.17  -197.35   -16.89     0.00
fep_050_1.000.en        2      1899  0.000000   -9104.22   -9537.37   286.69    12.02     0.00  -345.82   480.26  -188.58   497.46    -9.98     0.21  -147.26   -17.41     0.00
--> Name of file number   2:                                                     
# Energy files from Qdyn, version: 6.0.16 , git id=adc28a635c78993922188615a73366ace3402081                        
fep_049_0.980.en        1      1899  0.980000  -10024.06   -9781.15    10.18     9.51     0.00  -252.52   -10.08   -56.38     8.86   -15.27     0.44  -180.86   -19.38     0.00
fep_049_0.980.en        2      1899  0.020000   -9465.87   -9716.53   164.40    12.45     0.00  -317.57   391.38  -173.33   410.78    -8.54     0.48  -135.70   -19.89     0.00
--> Name of file number   3:                                                     
# Energy files from Qdyn, version: 6.0.16 , git id=adc28a635c78993922188615a73366ace3402081                        
fep_048_0.960.en        1      1899  0.960000  -10021.74   -9778.52    10.31     9.46     0.00  -255.65    -7.34   -56.56    10.98   -16.00     0.64  -183.08   -18.96     0.00
fep_048_0.960.en        2      1899  0.040000   -9608.82   -9803.03   159.03    11.83     0.00  -315.01   338.38  -163.62   357.11    -9.53     0.68  -141.87   -19.42     0.00
--> Name of file number   4:                                                     
# Energy files from Qdyn, version: 6.0.16 , git id=adc28a635c78993922188615a73366ace3402081                        
fep_047_0.940.en        1      1899  0.940000  -10014.31   -9773.87    10.53     9.58     0.00  -256.87    -3.68   -56.85    15.55   -16.48     0.95  -183.53   -20.18     0.00
fep_047_0.940.en        2      1899  0.060000   -9782.06   -9948.81   145.86    11.06     0.00  -304.83   314.67  -150.31   334.28   -10.11     0.99  -144.41   -20.61     0.00
--> Name of file number   5:                                                     
# Energy files from Qdyn, version: 6.0.16 , git id=adc28a635c78993922188615a73366ace3402081                        
fep_046_0.920.en        1      1899  0.920000  -10001.61   -9769.66    10.55     9.82     0.00  -253.65     1.33   -58.29    20.74   -15.18     0.42  -180.18   -19.83     0.00
fep_046_0.920.en        2      1899  0.080000   -9903.12  -10030.22   139.63    12.12     0.00  -300.80   276.14  -147.34   295.94    -9.46     0.46  -144.00   -20.26     0.00
--> Name of file number   6:                                                     
# Energy files from Qdyn, version: 6.0.16 , git id=adc28a635c78993922188615a73366ace3402081                        
fep_000_0.900.en        1      1899  0.900000   -9990.21   -9765.09    10.42     9.70     0.00  -252.03     6.79   -59.34    26.68   -16.43     0.67  -176.26   -20.56     0.00
fep_000_0.900.en        2      1899  0.100000  -10013.69  -10115.64   131.73    11.76     0.00  -293.04   251.51  -138.67   271.72   -10.52     0.71  -143.85   -20.92     0.00
--> Name of file number   7:                                                     
# Energy files from Qdyn, version: 6.0.16 , git id=adc28a635c78993922188615a73366ace3402081                        
fep_001_0.880.en        1      1899  0.880000   -9975.78   -9757.57    10.99     9.70     0.00  -253.03    14.12   -60.05    33.14   -14.92     0.30  -178.07   -19.32     0.00
fep_001_0.880.en        2      1899  0.120000  -10129.94  -10198.90   122.31    11.80     0.00  -293.39   228.25  -136.61   247.65    -9.45     0.34  -147.34   -19.74     0.00
--> Name of file number   8:                                                     
# Energy files from Qdyn, version: 6.0.16 , git id=adc28a635c78993922188615a73366ace3402081                        
fep_002_0.860.en        1      1899  0.860000   -9960.61   -9746.90    12.30     9.46     0.00  -258.42    22.95   -59.30    41.13   -14.58     0.29  -184.53   -18.47     0.00
fep_002_0.860.en        2      1899  0.140000  -10262.12  -10297.12   113.96    10.93     0.00  -297.90   208.02  -133.29   226.63    -9.45     0.33  -155.16   -18.94     0.00
--> Name of file number   9:                                                     
# Energy files from Qdyn, version: 6.0.16 , git id=adc28a635c78993922188615a73366ace3402081                        
fep_003_0.840.en        1      1899  0.840000   -9934.89   -9734.00    12.96     9.44     0.00  -252.29    28.99   -57.43    50.55   -17.47     0.79  -177.40   -22.35     0.00
fep_003_0.840.en        2      1899  0.160000  -10397.86  -10410.47   103.62    10.83     0.00  -289.45   187.62  -128.37   209.58   -11.14     0.84  -149.94   -22.80     0.00
--> Name of file number  10:                                                     
# Energy files from Qdyn, version: 6.0.16 , git id=adc28a635c78993922188615a73366ace3402081                        
fep_004_0.820.en        1      1899  0.820000   -9910.56   -9720.99    15.25     9.42     0.00  -251.54    37.29   -58.03    57.95   -16.96     0.81  -176.55   -21.47     0.00
fep_004_0.820.en        2      1899  0.180000  -10501.67  -10493.72    95.58    10.72     0.00  -282.39   168.14  -125.27   189.22   -10.60     0.85  -146.52   -21.94     0.00
--> Name of file number  11:                                                     
# Energy files from Qdyn, version: 6.0.16 , git id=adc28a635c78993922188615a73366ace3402081                        
fep_005_0.800.en        1      1899  0.800000   -9886.48   -9703.14    16.24     9.53     0.00  -254.93    45.81   -59.87    65.42   -17.15     0.75  -177.91   -20.36     0.00
fep_005_0.800.en        2      1899  0.200000  -10616.56  -10576.62    82.69    10.13     0.00  -278.02   145.27  -119.73   165.30   -10.89     0.79  -147.41   -20.82     0.00
--> Name of file number  12:                                                     
# Energy files from Qdyn, version: 6.0.16 , git id=adc28a635c78993922188615a73366ace3402081                        
fep_006_0.780.en        1      1899  0.780000   -9860.90   -9681.23    19.14     9.40     0.00  -259.56    51.36   -59.23    69.88   -15.98     0.40  -184.35   -18.92     0.00
fep_006_0.780.en        2      1899  0.220000  -10742.97  -10640.38    64.04     8.49     0.00  -290.15   115.04  -113.01   133.77   -10.79     0.44  -166.35   -19.17     0.00
--> Name of file number  13:                                                     
# Energy files from Qdyn, version: 6.0.16 , git id=adc28a635c78993922188615a73366ace3402081                        
fep_007_0.760.en        1      1899  0.760000   -9835.26   -9661.34    25.80     9.22     0.00  -261.34    52.40   -57.51    69.38   -16.66     0.45  -187.18   -17.43     0.00
fep_007_0.760.en        2      1899  0.240000  -10836.61  -10702.98    51.64     7.60     0.00  -289.60    96.72  -108.54   114.02   -11.52     0.49  -169.55   -17.80     0.00
--> Name of file number  14:                                                     
# Energy files from Qdyn, version: 6.0.16 , git id=adc28a635c78993922188615a73366ace3402081                        
fep_008_0.740.en        1      1899  0.740000   -9821.48   -9646.78    24.01     9.95     0.00  -265.12    56.45   -57.65    74.09   -16.27    -0.08  -191.20   -17.55     0.00
fep_008_0.740.en        2      1899  0.260000  -10888.85  -10721.11    38.12     8.34     0.00  -292.46    78.27  -105.20    96.42   -11.85    -0.04  -175.41   -18.10     0.00
--> Name of file number  15:                                                     
# Energy files from Qdyn, version: 6.0.16 , git id=adc28a635c78993922188615a73366ace3402081                        
fep_009_0.720.en        1      1899  0.720000   -9813.25   -9639.18    27.66     9.32     0.00  -267.03    55.98   -57.03    74.98   -17.02     0.33  -192.97   -19.33     0.00
fep_009_0.720.en        2      1899  0.280000  -10923.20  -10747.33    35.25    10.89     0.00  -291.89    69.89  -103.98    89.36   -12.07     0.37  -175.84   -19.85     0.00
--> Name of file number  16:                                                     
# Energy files from Qdyn, version: 6.0.16 , git id=adc28a635c78993922188615a73366ace3402081                        
fep_010_0.700.en        1      1899  0.700000   -9796.45   -9585.07    28.25     8.96     0.00  -309.75    61.16   -56.54    77.92   -17.92     0.38  -235.29   -17.14     0.00
fep_010_0.700.en        2      1899  0.300000  -10985.58  -10762.69    32.89     8.67     0.00  -313.85    49.40   -77.97    49.56   -13.81     0.43  -222.06    -0.58     0.00
--> Name of file number  17:                                                     
# Energy files from Qdyn, version: 6.0.16 , git id=adc28a635c78993922188615a73366ace3402081                        
fep_011_0.680.en        1      1899  0.680000   -9799.46   -9572.19    28.68     9.16     0.00  -329.10    63.99   -54.19    80.25   -18.24     0.32  -256.67   -16.58     0.00
fep_011_0.680.en        2      1899  0.320000  -11026.50  -10777.83    29.01     8.47     0.00  -331.68    45.53   -70.08    43.94   -14.41     0.36  -247.18     1.24     0.00
--> Name of file number  18:                                                     
# Energy files from Qdyn, version: 6.0.16 , git id=adc28a635c78993922188615a73366ace3402081                        
fep_012_0.660.en        1      1899  0.660000   -9777.13   -9569.76    28.15     9.32     0.00  -312.66    67.83   -53.52    84.37   -17.86     0.61  -241.28   -17.15     0.00
fep_012_0.660.en        2      1899  0.340000  -11029.31  -10785.05    22.97     9.39     0.00  -317.35    40.73   -71.99    40.92   -14.19     0.66  -231.16    -0.86     0.00
--> Name of file number  19:                                                     
# Energy files from Qdyn, version: 6.0.16 , git id=adc28a635c78993922188615a73366ace3402081                        
fep_013_0.640.en        1      1899  0.640000   -9753.68   -9562.26    29.00     9.47     0.00  -300.24    70.35   -59.91    86.66   -15.92     0.45  -224.41   -16.76     0.00
fep_013_0.640.en        2      1899  0.360000  -11041.86  -10792.55    17.48     6.74     0.00  -308.00    34.49   -81.10    36.04   -10.84     0.50  -216.07    -2.05     0.00
--> Name of file number  20:                                                     
# Energy files from Qdyn, version: 6.0.16 , git id=adc28a635c78993922188615a73366ace3402081                        
fep_014_0.620.en        1      1899  0.620000   -9753.48   -9559.05    30.36     9.27     0.00  -307.20    73.13   -59.39    88.24   -16.38     0.71  -231.43   -15.82     0.00
fep_014_0.620.en        2      1899  0.380000  -11054.47  -10798.89    19.01     8.45     0.00  -318.12    35.08   -79.79    35.93   -11.45     0.75  -226.87    -1.61     0.00
--> Name of file number  21:                                                     
# Energy files from Qdyn, version: 6.0.16 , git id=adc28a635c78993922188615a73366ace3402081                        
fep_015_0.600.en        1      1899  0.600000   -9743.66   -9554.93    31.20     9.64     0.00  -302.77    73.21   -63.39    89.03   -14.92     0.34  -224.46   -16.16     0.00
fep_015_0.600.en        2      1899  0.400000  -11053.78  -10809.33    17.95    11.90     0.00  -306.49    32.20   -89.15    34.11   -10.07     0.40  -207.27    -2.31     0.00
--> Name of file number  22:                                                     
# Energy files from Qdyn, version: 6.0.16 , git id=adc28a635c78993922188615a73366ace3402081                        
fep_016_0.580.en        1      1899  0.580000   -9734.68   -9551.34    31.53     9.66     0.00  -303.52    79.00   -60.56    92.10   -14.67     0.35  -228.29   -13.45     0.00
fep_016_0.580.en        2      1899  0.420000  -11073.27  -10817.40    15.93    11.14     0.00  -315.62    32.67   -79.80    32.75   -10.12     0.39  -225.70    -0.47     0.00
--> Name of file number  23:                                                     
# Energy files from Qdyn, version: 6.0.16 , git id=adc28a635c78993922188615a73366ace3402081                        
fep_017_0.560.en        1      1899  0.560000   -9742.97   -9549.43    32.67     9.22     0.00  -313.20    77.77   -55.67    94.04   -17.24     0.63  -240.30   -16.91     0.00
fep_017_0.560.en        2      1899  0.440000  -11090.05  -10823.57    16.15     8.97     0.00  -318.93    27.33   -67.48    31.42   -12.60     0.67  -238.85    -4.77     0.00
--> Name of file number  24:                                                     
# Energy files from Qdyn, version: 6.0.16 , git id=adc28a635c78993922188615a73366ace3402081                        
fep_018_0.540.en        1      1899  0.540000   -9732.09   -9545.43    33.11    10.00     0.00  -310.86    81.09   -54.82    97.43   -16.36     0.45  -239.68   -16.80     0.00
fep_018_0.540.en        2      1899  0.460000  -11098.43  -10829.36    14.96     6.21     0.00  -316.06    25.81   -63.11    29.98   -12.28     0.50  -240.67    -4.67     0.00
--> Name of file number  25:                                                     
# Energy files from Qdyn, version: 6.0.16 , git id=adc28a635c78993922188615a73366ace3402081                        
fep_019_0.520.en        1      1899  0.520000   -9721.80   -9540.70    33.78     9.85     0.00  -308.95    84.20   -53.99    99.30   -16.24     0.56  -238.71   -15.65     0.00
fep_019_0.520.en        2      1899  0.480000  -11118.93  -10834.04    12.08     5.50     0.00  -326.62    24.14   -64.26    27.70   -11.34     0.60  -251.02    -4.17     0.00
--> Name of file number  26:                                                     
# Energy files from Qdyn, version: 6.0.16 , git id=adc28a635c78993922188615a73366ace3402081                        
fep_020_0.500.en        1      1899  0.500000   -9721.03   -9538.05    33.75    10.00     0.00  -314.63    87.90   -54.07   100.38   -15.54     0.31  -245.03   -12.79     0.00
fep_020_0.500.en        2      1899  0.500000  -11127.55  -10839.33    10.78     5.22     0.00  -329.33    25.11   -62.76    26.70   -11.22     0.35  -255.35    -1.94     0.00
--> Name of file number  27:                                                     
# Energy files from Qdyn, version: 6.0.16 , git id=adc28a635c78993922188615a73366ace3402081                        
fep_021_0.480.en        1      1899  0.480000   -9713.81   -9532.48    34.69    10.37     0.00  -310.37    83.98   -53.57   101.62   -15.15     0.19  -241.65   -17.83     0.00
fep_021_0.480.en        2      1899  0.520000  -11132.69  -10842.40    10.36     4.17     0.00  -324.53    19.71   -63.06    26.41   -10.90     0.24  -250.57    -6.94     0.00
--> Name of file number  28:                                                     
# Energy files from Qdyn, version: 6.0.16 , git id=adc28a635c78993922188615a73366ace3402081                        
fep_022_0.460.en        1      1899  0.460000   -9708.48   -9530.03    34.29    10.08     0.00  -308.17    85.36   -54.39   102.76   -16.73     0.62  -237.05   -18.02     0.00
fep_022_0.460.en        2      1899  0.540000  -11131.50  -10846.93    11.69     4.77     0.00  -319.52    18.49   -64.50    25.49   -11.85     0.67  -243.17    -7.66     0.00
--> Name of file number  29:                                                     
# Energy files from Qdyn, version: 6.0.16 , git id=adc28a635c78993922188615a73366ace3402081                        
fep_023_0.440.en        1      1899  0.440000   -9701.37   -9525.55    37.37    10.32     0.00  -312.66    89.17   -53.93   105.27   -15.69     0.44  -243.05   -16.55     0.00
fep_023_0.440.en        2      1899  0.560000  -11140.62  -10850.57    11.23     5.05     0.00  -324.04    17.70   -64.97    23.90   -11.19     0.49  -247.88    -6.69     0.00
--> Name of file number  30:                                                     
# Energy files from Qdyn, version: 6.0.16 , git id=adc28a635c78993922188615a73366ace3402081                        
fep_024_0.420.en        1      1899  0.420000   -9695.67   -9511.64    37.07     9.98     0.00  -320.02    88.94   -56.49   105.60   -15.83     0.18  -247.70   -16.83     0.00
fep_024_0.420.en        2      1899  0.580000  -11156.38  -10853.90     9.40     4.36     0.00  -331.34    15.11   -62.80    21.10   -11.73     0.22  -256.80    -6.21     0.00
--> Name of file number  31:                                                     
# Energy files from Qdyn, version: 6.0.16 , git id=adc28a635c78993922188615a73366ace3402081                        
fep_025_0.400.en        1      1899  0.400000   -9699.10   -9491.22    38.09     9.87     0.00  -345.51    89.66   -59.80   107.83   -14.90     0.00  -270.82   -18.17     0.00
fep_025_0.400.en        2      1899  0.600000  -11175.14  -10856.79     7.82     4.12     0.00  -344.22    13.93   -51.58    20.88   -10.41     0.05  -282.23    -6.99     0.00
--> Name of file number  32:                                                     
# Energy files from Qdyn, version: 6.0.16 , git id=adc28a635c78993922188615a73366ace3402081                        
fep_026_0.380.en        1      1899  0.380000   -9702.89   -9488.12    39.00    10.05     0.00  -353.21    89.39   -55.19   109.31   -14.39     0.18  -283.63   -20.10     0.00
fep_026_0.380.en        2      1899  0.620000  -11183.17  -10859.11     8.17     3.65     0.00  -346.80    10.91   -43.98    19.66   -10.01     0.22  -292.81    -8.97     0.00
--> Name of file number  33:                                                     
# Energy files from Qdyn, version: 6.0.16 , git id=adc28a635c78993922188615a73366ace3402081                        
fep_027_0.360.en        1      1899  0.360000   -9700.26   -9483.95    39.05    10.25     0.00  -357.37    91.77   -55.99   112.10   -16.57     0.20  -284.80   -20.53     0.00
fep_027_0.360.en        2      1899  0.640000  -11187.60  -10861.50     7.80     3.20     0.00  -346.42     9.33   -37.85    19.33   -12.17     0.23  -296.40   -10.24     0.00
--> Name of file number  34:                                                     
# Energy files from Qdyn, version: 6.0.16 , git id=adc28a635c78993922188615a73366ace3402081                        
fep_028_0.340.en        1      1899  0.340000   -9708.62   -9480.90    38.97    10.21     0.00  -371.86    94.96   -54.07   113.10   -16.37    -0.13  -301.41   -18.01     0.00
fep_028_0.340.en        2      1899  0.660000  -11205.67  -10863.62     7.70     3.04     0.00  -362.74     9.96   -33.75    18.76   -12.22    -0.10  -316.77    -8.70     0.00
--> Name of file number  35:                                                     
# Energy files from Qdyn, version: 6.0.16 , git id=adc28a635c78993922188615a73366ace3402081                        
fep_029_0.320.en        1      1899  0.320000   -9695.77   -9476.83    40.07    10.86     0.00  -366.59    96.72   -55.66   114.59   -16.92    -0.18  -294.01   -17.69     0.00
fep_029_0.320.en        2      1899  0.680000  -11209.60  -10865.81     7.65     3.05     0.00  -364.49    10.00   -33.52    18.22   -12.49    -0.15  -318.48    -8.07     0.00
--> Name of file number  36:                                                     
# Energy files from Qdyn, version: 6.0.16 , git id=adc28a635c78993922188615a73366ace3402081                        
fep_030_0.300.en        1      1899  0.300000   -9694.03   -9475.53    39.98    10.83     0.00  -369.14    99.83   -55.80   116.67   -16.03    -0.54  -297.31   -16.29     0.00
fep_030_0.300.en        2      1899  0.700000  -11213.60  -10868.35     7.00     2.74     0.00  -365.58    10.60   -33.49    18.26   -12.27    -0.50  -319.82    -7.16     0.00
--> Name of file number  37:                                                     
# Energy files from Qdyn, version: 6.0.16 , git id=adc28a635c78993922188615a73366ace3402081                        
fep_031_0.280.en        1      1899  0.280000   -9675.72   -9469.18    40.90    13.94     0.00  -359.93    98.55   -57.30   117.41   -16.68    -0.41  -285.95   -18.46     0.00
fep_031_0.280.en        2      1899  0.720000  -11203.70  -10869.66     7.93     3.41     0.00  -352.42     7.04   -30.47    16.54   -12.48    -0.38  -309.47    -9.12     0.00
--> Name of file number  38:                                                     
# Energy files from Qdyn, version: 6.0.16 , git id=adc28a635c78993922188615a73366ace3402081                        
fep_032_0.260.en        1      1899  0.260000   -9673.89   -9467.41    41.35    10.23     0.00  -362.39   104.33   -57.57   118.33   -16.37     0.03  -288.46   -14.03     0.00
fep_032_0.260.en        2      1899  0.740000  -11206.36  -10870.35     7.74     3.20     0.00  -358.48    11.53   -33.41    16.18   -12.11     0.07  -312.96    -4.73     0.00
--> Name of file number  39:                                                     
# Energy files from Qdyn, version: 6.0.16 , git id=adc28a635c78993922188615a73366ace3402081                        
fep_033_0.240.en        1      1899  0.240000   -9670.44   -9461.84    42.03     9.63     0.00  -362.00   101.74   -57.98   118.48   -15.75    -0.23  -288.26   -16.52     0.00
fep_033_0.240.en        2      1899  0.760000  -11213.91  -10871.04     6.66     2.95     0.00  -359.16     6.69   -32.52    15.01   -11.26    -0.18  -315.38    -8.13     0.00
--> Name of file number  40:                                                     
# Energy files from Qdyn, version: 6.0.16 , git id=adc28a635c78993922188615a73366ace3402081                        
fep_034_0.220.en        1      1899  0.220000   -9665.97   -9457.44    42.42    10.96     0.00  -365.14   103.22   -60.29   120.96   -15.06    -0.32  -289.79   -17.42     0.00
fep_034_0.220.en        2      1899  0.780000  -11216.83  -10872.99     6.81     3.17     0.00  -359.00     5.18   -34.96    14.54   -10.76    -0.27  -313.28    -9.09     0.00
--> Name of file number  41:                                                     
# Energy files from Qdyn, version: 6.0.16 , git id=adc28a635c78993922188615a73366ace3402081                        
fep_035_0.200.en        1      1899  0.200000   -9648.28   -9454.37    43.03     9.99     0.00  -350.16   103.22   -61.02   121.20   -15.03    -0.24  -274.11   -17.74     0.00
fep_035_0.200.en        2      1899  0.800000  -11206.13  -10873.91     7.25     3.56     0.00  -347.35     4.33   -33.41    13.88   -11.39    -0.19  -302.55    -9.37     0.00
--> Name of file number  42:                                                     
# Energy files from Qdyn, version: 6.0.16 , git id=adc28a635c78993922188615a73366ace3402081                        
fep_036_0.180.en        1      1899  0.180000   -9636.57   -9451.32    44.38    10.73     0.00  -345.35   105.00   -62.42   123.03   -15.35    -0.06  -267.57   -17.97     0.00
fep_036_0.180.en        2      1899  0.820000  -11207.09  -10874.89     6.32     3.02     0.00  -346.07     4.53   -34.96    14.64   -11.25    -0.02  -299.85   -10.09     0.00
--> Name of file number  43:                                                     
# Energy files from Qdyn, version: 6.0.16 , git id=adc28a635c78993922188615a73366ace3402081                        
fep_037_0.160.en        1      1899  0.160000   -9629.68   -9445.04    43.30    10.11     0.00  -342.75   104.70   -63.65   124.90   -15.73     0.18  -263.37   -20.37     0.00
fep_037_0.160.en        2      1899  0.840000  -11205.00  -10876.07     6.81     3.15     0.00  -340.08     1.19   -38.97    13.38   -11.56     0.23  -289.55   -12.42     0.00
--> Name of file number  44:                                                     
# Energy files from Qdyn, version: 6.0.16 , git id=adc28a635c78993922188615a73366ace3402081                        
fep_038_0.140.en        1      1899  0.140000   -9622.72   -9441.98    44.70    11.09     0.00  -342.11   105.58   -65.61   126.26   -14.93    -0.14  -261.57   -20.54     0.00
fep_038_0.140.en        2      1899  0.860000  -11208.20  -10876.93     7.20     2.96     0.00  -341.96     0.53   -34.38    13.33   -11.33    -0.10  -296.24   -12.70     0.00
--> Name of file number  45:                                                     
# Energy files from Qdyn, version: 6.0.16 , git id=adc28a635c78993922188615a73366ace3402081                        
fep_039_0.120.en        1      1899  0.120000   -9616.25   -9437.14    45.72    14.42     0.00  -349.92   110.67   -63.38   127.41   -15.57    -0.16  -270.97   -16.57     0.00
fep_039_0.120.en        2      1899  0.880000  -11215.86  -10877.62     7.25     3.42     0.00  -351.44     2.53   -33.20    12.67   -11.47    -0.12  -306.77   -10.02     0.00
--> Name of file number  46:                                                     
# Energy files from Qdyn, version: 6.0.16 , git id=adc28a635c78993922188615a73366ace3402081                        
fep_040_0.100.en        1      1899  0.100000   -9618.56   -9433.31    45.53    18.35     0.00  -358.66   109.53   -63.74   129.05   -16.03    -0.15  -278.90   -19.38     0.00
fep_040_0.100.en        2      1899  0.900000  -11237.89  -10877.88     6.72     3.33     0.00  -369.51    -0.55   -30.01    12.31   -11.88    -0.11  -327.61   -12.75     0.00
--> Name of file number  47:                                                     
# Energy files from Qdyn, version: 6.0.16 , git id=adc28a635c78993922188615a73366ace3402081                        
fep_041_0.080.en        1      1899  0.080000   -9607.56   -9428.98    47.00    19.24     0.00  -356.76   111.95   -61.20   130.37   -15.98    -0.77  -279.57   -17.65     0.00
fep_041_0.080.en        2      1899  0.920000  -11229.03  -10878.53     7.15     3.34     0.00  -361.37     0.38   -27.65    11.88   -11.72    -0.74  -322.00   -10.76     0.00
--> Name of file number  48:                                                     
# Energy files from Qdyn, version: 6.0.16 , git id=adc28a635c78993922188615a73366ace3402081                        
fep_042_0.060.en        1      1899  0.060000   -9599.22   -9400.83    50.04    20.05     0.00  -383.80   115.31   -62.02   131.74   -17.84    -0.53  -303.94   -15.90     0.00
fep_042_0.060.en        2      1899  0.940000  -11244.28  -10878.18     7.18     2.98     0.00  -376.27     0.02   -14.18     9.59   -14.16    -0.52  -347.93    -9.05     0.00
--> Name of file number  49:                                                     
# Energy files from Qdyn, version: 6.0.16 , git id=adc28a635c78993922188615a73366ace3402081                        
fep_043_0.040.en        1      1899  0.040000   -9591.34   -9391.31    49.01    19.71     0.00  -383.59   114.84   -63.58   132.33   -17.48    -0.56  -302.53   -16.93     0.00
fep_043_0.040.en        2      1899  0.960000  -11240.44  -10878.89     6.86     3.19     0.00  -370.48    -1.12   -11.30     9.17   -14.32    -0.55  -344.86    -9.74     0.00
--> Name of file number  50:                                                     
# Energy files from Qdyn, version: 6.0.16 , git id=adc28a635c78993922188615a73366ace3402081                        
fep_044_0.020.en        1      1899  0.020000   -9572.75   -9396.33    53.02    18.79     0.00  -367.43   119.19   -61.21   135.49   -15.49    -0.72  -290.73   -15.58     0.00
fep_044_0.020.en        2      1899  0.980000  -11230.13  -10879.58     8.28     3.39     0.00  -361.82    -0.39   -14.70     9.20   -11.61    -0.70  -335.51    -8.89     0.00
--> Name of file number  51:                                                     
# Energy files from Qdyn, version: 6.0.16 , git id=adc28a635c78993922188615a73366ace3402081                        
fep_045_0.000.en        1      1899  0.000000   -9566.49   -9390.33    66.28    16.06     0.00  -376.66   118.15   -57.60   134.91   -14.63    -0.50  -304.42   -16.26     0.00
fep_045_0.000.en        2      1899  1.000000  -11239.99  -10878.60     7.49     4.88     0.00  -372.09    -1.67   -13.64     9.28   -11.41    -0.47  -347.04   -10.49     0.00


# Part 1: Free energy perturbation summary:

# Calculation for full system
# lambda(1)      dGf sum(dGf)      dGr sum(dGr)     <dG>
   1.000000     0.000     0.000    -1.819  1661.877     0.000
   0.980000     3.858     3.858     1.001  1663.695     2.838
   0.960000    -0.369     3.489     4.577  1662.694     2.153
   0.940000    -3.532    -0.043     7.737  1658.117    -1.901
   0.920000    -6.925    -6.967    10.129  1650.380    -9.232
   0.900000    -9.124   -16.091    11.914  1640.251   -18.858
   0.880000   -11.761   -27.852    15.096  1628.337   -30.696
   0.860000   -14.905   -42.757    18.031  1613.241   -45.697
   0.840000   -18.018   -60.775    20.716  1595.210   -63.721
   0.820000   -21.308   -82.082    24.159  1574.493   -84.733
   0.800000   -23.552  -105.634    27.088  1550.334  -108.588
   0.780000   -25.920  -131.554    29.820  1523.246  -135.092
   0.760000   -28.896  -160.450    31.256  1493.427  -164.450
   0.740000   -30.960  -191.410    32.280  1462.171  -195.558
   0.720000   -32.236  -223.646    33.782  1429.891  -227.816
   0.700000   -32.934  -256.580    34.619  1396.109  -261.174
   0.680000   -34.565  -291.145    35.178  1361.490  -295.766
   0.660000   -35.215  -326.360    35.911  1326.312  -330.962
   0.640000   -35.710  -362.070    36.033  1290.401  -366.773
   0.620000   -36.415  -398.485    36.246  1254.368  -402.997
   0.600000   -36.806  -435.291    36.928  1218.122  -439.523
   0.580000   -36.979  -472.270    37.100  1181.193  -476.477
   0.560000   -37.434  -509.704    37.539  1144.093  -513.744
   0.540000   -37.600  -547.305    38.182  1106.554  -551.314
   0.520000   -37.941  -585.245    38.384  1068.372  -589.375
   0.500000   -38.528  -623.773    38.614  1029.988  -627.831
   0.480000   -38.696  -662.469    38.724   991.373  -666.486
   0.460000   -38.957  -701.426    39.036   952.649  -705.327
   0.440000   -39.012  -740.438    39.501   913.613  -744.351
   0.420000   -39.351  -779.789    39.818   874.112  -783.777
   0.400000   -39.748  -819.538    39.912   834.294  -823.560
   0.380000   -40.042  -859.580    40.054   794.382  -863.537
   0.360000   -40.113  -899.693    40.238   754.329  -903.621
   0.340000   -40.260  -939.953    40.587   714.090  -943.870
   0.320000   -40.462  -980.416    40.714   673.503  -984.395
   0.300000   -40.784 -1021.200    40.878   632.789 -1025.144
   0.280000   -40.891 -1062.091    40.981   591.911 -1066.029
   0.260000   -41.057 -1103.148    41.194   550.930 -1107.047
   0.240000   -41.137 -1144.285    41.345   509.736 -1148.213
   0.220000   -41.365 -1185.650    41.461   468.391 -1189.568
   0.200000   -41.511 -1227.161    41.714   426.930 -1231.054
   0.180000   -41.672 -1268.833    41.815   385.216 -1272.747
   0.160000   -41.923 -1310.756    42.019   343.401 -1314.616
   0.140000   -42.009 -1352.765    42.282   301.382 -1356.629
   0.120000   -42.226 -1394.991    42.682   259.100 -1398.883
   0.100000   -42.519 -1437.509    42.739   216.418 -1441.484
   0.080000   -42.914 -1480.423    43.194   173.679 -1484.310
   0.060000   -42.944 -1523.367    43.295   130.485 -1527.379
   0.040000   -43.419 -1566.786    43.449    87.190 -1570.736
   0.020000   -43.484 -1610.269    43.741    43.741 -1614.203
   0.000000   -43.664 -1653.934     0.000     0.000 -1657.905

# Min energy-gap is:   -706.29
# Max energy-gap is:   2264.52



# Part 2: Reaction free energy summary:
# Lambda(1)  bin Energy gap      dGa     dGb     dGg    # pts    c1**2    c2**2
   1.000000    2    -661.73       0.00     649.14      -1.37     24     0.998     0.002
   1.000000    3    -632.02       0.00     619.87      -1.42     59     0.998     0.002
   1.000000    4    -602.31       0.00     590.10      -1.50    103     0.998     0.002
   1.000000    5    -572.60       0.00     559.55      -1.57    129     0.997     0.003
   1.000000    6    -542.89       0.00     530.09      -1.66    158     0.997     0.003
   1.000000    7    -513.19       0.00     500.79      -1.75    170     0.997     0.003
   1.000000    8    -483.48       0.00     470.78      -1.85    134     0.996     0.004
   1.000000    9    -453.77       0.00     440.97      -1.97    105     0.996     0.004
   1.000000   10    -424.06       0.00     411.31      -2.11    100     0.995     0.005
   1.000000   11    -394.35       0.00     381.91      -2.27     81     0.994     0.006
   1.000000   12    -364.65       0.00     351.98      -2.46    118     0.993     0.007
   1.000000   13    -334.94       0.00     322.23      -2.67    137     0.992     0.008
   1.000000   14    -305.23       0.00     293.10      -2.94    105     0.991     0.009
   1.000000   15    -275.52       0.00     262.60      -3.24    104     0.989     0.011
   1.000000   16    -245.81       0.00     233.22      -3.62    110     0.986     0.014
   1.000000   17    -216.11       0.00     203.61      -4.10    103     0.982     0.018
   1.000000   18    -186.40       0.00     174.21      -4.70     75     0.976     0.024
   1.000000   19    -156.69       0.00     143.64      -5.62     35     0.967     0.033
   0.980000   19    -156.69      -0.26     143.48      -5.91     57     0.965     0.035
   0.980000   20    -126.98       0.30     115.48      -6.54    126     0.951     0.049
   0.980000   21     -97.27       0.88      85.93      -7.86    246     0.924     0.076
   0.980000   22     -67.57       1.48      57.29     -10.63    313     0.870     0.130
   0.980000   23     -37.86       2.05      27.71     -16.66    377     0.764     0.236
   0.980000   24      -8.15       2.64      -1.73     -28.80    326     0.571     0.429
   0.980000   25      21.56       3.22     -30.26     -47.36    229     0.344     0.656
   0.980000   26      51.27       3.84     -60.05     -71.69    121     0.179     0.821
   0.980000   27      80.97       4.41     -87.66     -96.38     66     0.102     0.898
   0.960000   23     -37.86       0.67      26.48     -18.15     37     0.744     0.256
   0.960000   24      -8.15       1.88      -2.16     -29.47     64     0.537     0.463
   0.960000   25      21.56       3.07     -30.54     -47.66    151     0.309     0.691
   0.960000   26      51.27       4.12     -58.67     -70.41    226     0.177     0.823
   0.960000   27      80.97       5.29     -87.34     -96.01    331     0.100     0.900
   0.960000   28     110.68       6.49    -116.04    -122.87    343     0.061     0.939
   0.960000   29     140.39       7.67    -144.70    -150.32    341     0.041     0.959
   0.960000   30     170.10       8.82    -172.89    -177.64    216     0.029     0.971
   0.960000   31     199.81       9.96    -201.08    -205.21    108     0.022     0.978
   0.960000   32     229.51      11.16    -230.17    -233.80     42     0.017     0.983
   0.960000   33     259.22      12.44    -259.25    -262.50     27     0.013     0.987
   0.940000   30     170.10       8.22    -173.31    -178.08     59     0.028     0.972
   0.940000   31     199.81       9.91    -201.71    -205.83    117     0.021     0.979
   0.940000   32     229.51      11.73    -229.63    -233.27    228     0.016     0.984
   0.940000   33     259.22      13.46    -257.35    -260.60    315     0.013     0.987
   0.940000   34     288.93      15.26    -285.08    -288.02    392     0.010     0.990
   0.940000   35     318.64      16.97    -312.96    -315.65    349     0.009     0.991
   0.940000   36     348.35      18.70    -340.72    -343.18    229     0.007     0.993
   0.940000   37     378.06      20.41    -368.76    -371.05    114     0.006     0.994
   0.940000   38     407.76      22.27    -396.68    -398.80     47     0.005     0.995
   0.920000   35     318.64      16.34    -313.89    -316.57     49     0.008     0.992
   0.920000   36     348.35      18.57    -341.56    -344.02    127     0.007     0.993
   0.920000   37     378.06      20.80    -368.59    -370.87    301     0.006     0.994
   0.920000   38     407.76      23.05    -395.83    -397.95    457     0.005     0.995
   0.920000   39     437.47      25.43    -422.94    -424.92    479     0.005     0.995
   0.920000   40     467.18      27.66    -450.04    -451.91    303     0.004     0.996
   0.920000   41     496.89      30.04    -476.51    -478.27    122     0.004     0.996
   0.920000   42     526.60      32.42    -504.10    -505.76     42     0.003     0.997
   0.900000   39     437.47      24.61    -424.01    -425.99     39     0.005     0.995
   0.900000   40     467.18      27.63    -450.40    -452.26    143     0.004     0.996
   0.900000   41     496.89      30.51    -477.29    -479.04    308     0.004     0.996
   0.900000   42     526.60      33.31    -504.34    -506.00    446     0.003     0.997
   0.900000   43     556.30      36.18    -530.47    -532.04    418     0.003     0.997
   0.900000   44     586.01      39.10    -556.98    -558.47    277     0.003     0.997
   0.900000   45     615.72      42.11    -583.53    -584.96    177     0.002     0.998
   0.900000   46     645.43      44.99    -609.26    -610.62     59     0.002     0.998
   0.880000   42     526.60      32.05    -505.02    -506.68     38     0.003     0.997
   0.880000   43     556.30      35.56    -530.86    -532.44     76     0.003     0.997
   0.880000   44     586.01      39.10    -556.97    -558.46    138     0.003     0.997
   0.880000   45     615.72      42.53    -583.32    -584.74    210     0.002     0.998
   0.880000   46     645.43      46.14    -609.67    -611.03    275     0.002     0.998
   0.880000   47     675.14      49.62    -635.82    -637.12    341     0.002     0.998
   0.880000   48     704.84      53.23    -661.73    -662.98    321     0.002     0.998
   0.880000   49     734.55      56.64    -687.23    -688.43    226     0.002     0.998
   0.880000   50     764.26      60.10    -713.59    -714.74    153     0.002     0.998
   0.880000   51     793.97      63.86    -739.60    -740.71     62     0.001     0.999
   0.880000   52     823.68      67.26    -766.08    -767.16     27     0.001     0.999
   0.860000   47     675.14      48.28    -636.00    -637.31     34     0.002     0.998
   0.860000   48     704.84      52.07    -662.61    -663.85     90     0.002     0.998
   0.860000   49     734.55      56.37    -687.83    -689.03    148     0.002     0.998
   0.860000   50     764.26      60.57    -713.82    -714.98    219     0.002     0.998
   0.860000   51     793.97      64.56    -738.86    -739.97    335     0.001     0.999
   0.860000   52     823.68      68.77    -764.70    -765.77    324     0.001     0.999
   0.860000   53     853.38      72.87    -790.10    -791.13    275     0.001     0.999
   0.860000   54     883.09      76.95    -815.94    -816.94    199     0.001     0.999
   0.860000   55     912.80      81.09    -841.23    -842.20    149     0.001     0.999
   0.860000   56     942.51      85.22    -866.33    -867.28     77     0.001     0.999
   0.860000   57     972.22      89.71    -892.40    -893.31     24     0.001     0.999
   0.840000   52     823.68      66.69    -764.88    -765.95     26     0.001     0.999
   0.840000   53     853.38      71.86    -791.13    -792.17     65     0.001     0.999
   0.840000   54     883.09      76.57    -816.01    -817.02    110     0.001     0.999
   0.840000   55     912.80      81.10    -841.08    -842.05    192     0.001     0.999
   0.840000   56     942.51      86.05    -865.77    -866.71    262     0.001     0.999
   0.840000   57     972.22      90.83    -890.98    -891.89    331     0.001     0.999
   0.840000   58    1001.92      95.48    -915.61    -916.50    296     0.001     0.999
   0.840000   59    1031.63     100.27    -940.49    -941.35    260     0.001     0.999
   0.840000   60    1061.34     104.82    -965.77    -966.61    158     0.001     0.999
   0.840000   61    1091.05     109.56    -990.23    -991.04    111     0.001     0.999
   0.840000   62    1120.76     114.52   -1015.64   -1016.43     50     0.001     0.999
   0.820000   57     972.22      89.16    -892.74    -893.65     50     0.001     0.999
   0.820000   58    1001.92      94.36    -916.23    -917.12    116     0.001     0.999
   0.820000   59    1031.63      99.78    -940.63    -941.49    173     0.001     0.999
   0.820000   60    1061.34     104.87    -964.91    -965.75    225     0.001     0.999
   0.820000   61    1091.05     110.26    -989.08    -989.89    262     0.001     0.999
   0.820000   62    1120.76     115.61   -1013.87   -1014.66    315     0.001     0.999
   0.820000   63    1150.47     120.94   -1037.91   -1038.68    307     0.001     0.999
   0.820000   64    1180.17     126.28   -1062.42   -1063.17    215     0.001     0.999
   0.820000   65    1209.88     131.50   -1086.67   -1087.41    131     0.001     0.999
   0.820000   66    1239.59     136.85   -1110.12   -1110.84     61     0.001     0.999
   0.800000   62    1120.76     114.17   -1015.46   -1016.25     25     0.001     0.999
   0.800000   63    1150.47     120.64   -1038.55   -1039.32     65     0.001     0.999
   0.800000   64    1180.17     125.97   -1062.78   -1063.54    197     0.001     0.999
   0.800000   65    1209.88     131.90   -1086.35   -1087.08    354     0.001     0.999
   0.800000   66    1239.59     137.76   -1110.04   -1110.76    383     0.001     0.999
   0.800000   67    1269.30     143.67   -1133.65   -1134.35    371     0.001     0.999
   0.800000   68    1299.01     149.58   -1157.41   -1158.10    242     0.001     0.999
   0.800000   69    1328.71     155.46   -1180.89   -1181.56    186     0.001     0.999
   0.800000   70    1358.42     161.14   -1204.59   -1205.25     59     0.000     1.000
   0.780000   68    1299.01     148.95   -1158.29   -1158.97     81     0.001     0.999
   0.780000   69    1328.71     155.61   -1180.76   -1181.43    162     0.001     0.999
   0.780000   70    1358.42     162.10   -1204.38   -1205.04    276     0.000     1.000
   0.780000   71    1388.13     168.55   -1227.36   -1228.00    368     0.000     1.000
   0.780000   72    1417.84     174.99   -1250.32   -1250.95    446     0.000     1.000
   0.780000   73    1447.55     181.54   -1273.49   -1274.11    312     0.000     1.000
   0.780000   74    1477.25     188.16   -1296.79   -1297.40    142     0.000     1.000
   0.780000   75    1506.96     194.21   -1319.65   -1320.24     69     0.000     1.000
   0.760000   72    1417.84     173.66   -1251.35   -1251.98     39     0.000     1.000
   0.760000   73    1447.55     180.86   -1273.42   -1274.04    114     0.000     1.000
   0.760000   74    1477.25     188.32   -1296.71   -1297.31    276     0.000     1.000
   0.760000   75    1506.96     195.19   -1318.94   -1319.53    485     0.000     1.000
   0.760000   76    1536.67     202.21   -1341.38   -1341.96    529     0.000     1.000
   0.760000   77    1566.38     209.30   -1364.14   -1364.71    324     0.000     1.000
   0.760000   78    1596.09     216.21   -1385.83   -1386.39    107     0.000     1.000
   0.760000   79    1625.79     223.29   -1404.91   -1405.46     22     0.000     1.000
   0.740000   75    1506.96     194.26   -1319.75   -1320.34     83     0.000     1.000
   0.740000   76    1536.67     201.83   -1341.77   -1342.35    245     0.000     1.000
   0.740000   77    1566.38     209.51   -1363.55   -1364.12    482     0.000     1.000
   0.740000   78    1596.09     217.12   -1385.56   -1386.12    552     0.000     1.000
   0.740000   79    1625.79     224.74   -1407.27   -1407.82    372     0.000     1.000
   0.740000   80    1655.50     232.23   -1429.25   -1429.79    132     0.000     1.000
   0.740000   81    1685.21     239.73   -1451.58   -1452.11     24     0.000     1.000
   0.720000   77    1566.38     208.77   -1364.78   -1365.35    115     0.000     1.000
   0.720000   78    1596.09     216.75   -1385.82   -1386.38    392     0.000     1.000
   0.720000   79    1625.79     224.82   -1406.81   -1407.36    639     0.000     1.000
   0.720000   80    1655.50     232.99   -1428.11   -1428.65    556     0.000     1.000
   0.720000   81    1685.21     241.02   -1449.02   -1449.55    164     0.000     1.000
   0.720000   82    1714.92     250.09   -1468.96   -1469.49     22     0.000     1.000
   0.700000   79    1625.79     224.17   -1407.86   -1408.41     43     0.000     1.000
   0.700000   80    1655.50     232.99   -1428.68   -1429.21    210     0.000     1.000
   0.700000   81    1685.21     241.67   -1449.12   -1449.65    469     0.000     1.000
   0.700000   82    1714.92     250.31   -1469.83   -1470.35    599     0.000     1.000
   0.700000   83    1744.63     259.25   -1490.59   -1491.10    442     0.000     1.000
   0.700000   84    1774.33     267.78   -1510.87   -1511.37    122     0.000     1.000
   0.680000   81    1685.21     241.63   -1450.22   -1450.75    109     0.000     1.000
   0.680000   82    1714.92     250.19   -1469.91   -1470.43    369     0.000     1.000
   0.680000   83    1744.63     259.49   -1490.08   -1490.59    714     0.000     1.000
   0.680000   84    1774.33     268.76   -1509.99   -1510.49    572     0.000     1.000
   0.680000   85    1804.04     277.93   -1530.04   -1530.54    116     0.000     1.000
   0.660000   82    1714.92     249.22   -1470.98   -1471.50    117     0.000     1.000
   0.660000   83    1744.63     258.99   -1490.30   -1490.81    463     0.000     1.000
   0.660000   84    1774.33     268.86   -1509.58   -1510.08    751     0.000     1.000
   0.660000   85    1804.04     278.91   -1528.89   -1529.38    462     0.000     1.000
   0.660000   86    1833.75     288.66   -1546.17   -1546.65     91     0.000     1.000
   0.640000   83    1744.63     258.31   -1491.38   -1491.89     69     0.000     1.000
   0.640000   84    1774.33     268.78   -1510.00   -1510.50    402     0.000     1.000
   0.640000   85    1804.04     279.08   -1528.96   -1529.45    727     0.000     1.000
   0.640000   86    1833.75     289.63   -1547.62   -1548.11    558     0.000     1.000
   0.640000   87    1863.46     300.02   -1565.53   -1566.01    139     0.000     1.000
   0.620000   83    1744.63     257.01   -1492.21   -1492.72     55     0.000     1.000
   0.620000   84    1774.33     267.68   -1510.51   -1511.01    303     0.000     1.000
   0.620000   85    1804.04     278.68   -1528.69   -1529.18    544     0.000     1.000
   0.620000   86    1833.75     289.92   -1547.15   -1547.64    528     0.000     1.000
   0.620000   87    1863.46     301.02   -1565.34   -1565.82    372     0.000     1.000
   0.620000   88    1893.17     311.95   -1580.72   -1581.20     92     0.000     1.000
   0.600000   83    1744.63     254.35   -1493.78   -1494.29     21     0.000     1.000
   0.600000   84    1774.33     266.85   -1511.42   -1511.92    207     0.000     1.000
   0.600000   85    1804.04     277.98   -1528.84   -1529.34    518     0.000     1.000
   0.600000   86    1833.75     289.80   -1546.72   -1547.21    534     0.000     1.000
   0.600000   87    1863.46     301.66   -1564.32   -1564.80    458     0.000     1.000
   0.600000   88    1893.17     313.36   -1581.51   -1581.98    152     0.000     1.000
   0.580000   85    1804.04     277.79   -1530.02   -1530.52    137     0.000     1.000
   0.580000   86    1833.75     289.52   -1546.71   -1547.19    557     0.000     1.000
   0.580000   87    1863.46     301.77   -1563.91   -1564.39    707     0.000     1.000
   0.580000   88    1893.17     314.02   -1580.71   -1581.18    426     0.000     1.000
   0.580000   89    1922.87     326.03   -1597.10   -1597.56     68     0.000     1.000
   0.560000   85    1804.04     276.07   -1530.93   -1531.43     59     0.000     1.000
   0.560000   86    1833.75     288.67   -1547.07   -1547.56    437     0.000     1.000
   0.560000   87    1863.46     301.51   -1563.70   -1564.18    717     0.000     1.000
   0.560000   88    1893.17     314.43   -1580.09   -1580.56    547     0.000     1.000
   0.560000   89    1922.87     327.27   -1596.26   -1596.72    135     0.000     1.000
   0.540000   86    1833.75     288.37   -1548.24   -1548.73    121     0.000     1.000
   0.540000   87    1863.46     301.30   -1563.81   -1564.28    585     0.000     1.000
   0.540000   88    1893.17     314.55   -1579.46   -1579.93    791     0.000     1.000
   0.540000   89    1922.87     327.96   -1594.86   -1595.32    367     0.000     1.000
   0.540000   90    1952.58     341.55   -1608.45   -1608.91     35     0.000     1.000
   0.520000   87    1863.46     302.29   -1564.74   -1565.22     69     0.000     1.000
   0.520000   88    1893.17     314.38   -1579.74   -1580.21    590     0.000     1.000
   0.520000   89    1922.87     328.42   -1595.06   -1595.52    865     0.000     1.000
   0.520000   90    1952.58     342.23   -1609.72   -1610.18    348     0.000     1.000
   0.520000   91    1982.29     356.19   -1620.55   -1621.00     27     0.000     1.000
   0.500000   88    1893.17     313.76   -1580.32   -1580.79    384     0.000     1.000
   0.500000   89    1922.87     328.30   -1594.89   -1595.36    901     0.000     1.000
   0.500000   90    1952.58     342.74   -1609.29   -1609.74    548     0.000     1.000
   0.500000   91    1982.29     357.05   -1620.84   -1621.29     53     0.000     1.000
   0.480000   88    1893.17     312.81   -1581.13   -1581.60    163     0.000     1.000
   0.480000   89    1922.87     327.79   -1594.81   -1595.27    734     0.000     1.000
   0.480000   90    1952.58     343.11   -1608.63   -1609.08    780     0.000     1.000
   0.480000   91    1982.29     357.96   -1621.44   -1621.89    212     0.000     1.000
   0.460000   88    1893.17     314.08   -1581.71   -1582.18     83     0.000     1.000
   0.460000   89    1922.87     327.44   -1594.96   -1595.43    674     0.000     1.000
   0.460000   90    1952.58     342.90   -1608.34   -1608.79    888     0.000     1.000
   0.460000   91    1982.29     358.51   -1620.67   -1621.12    251     0.000     1.000
   0.440000   89    1922.87     327.15   -1595.46   -1595.93    298     0.000     1.000
   0.440000   90    1952.58     342.94   -1608.14   -1608.60    862     0.000     1.000
   0.440000   91    1982.29     359.11   -1620.89   -1621.34    651     0.000     1.000
   0.440000   92    2012.00     375.51   -1631.86   -1632.30     75     0.000     1.000
   0.420000   90    1952.58     343.02   -1608.74   -1609.20    459     0.000     1.000
   0.420000   91    1982.29     359.42   -1620.59   -1621.04   1016     0.000     1.000
   0.420000   92    2012.00     376.16   -1632.26   -1632.71    398     0.000     1.000
   0.400000   90    1952.58     343.86   -1609.34   -1609.80    105     0.000     1.000
   0.400000   91    1982.29     359.33   -1620.87   -1621.32    870     0.000     1.000
   0.400000   92    2012.00     376.63   -1631.99   -1632.44    836     0.000     1.000
   0.400000   93    2041.71     393.83   -1642.97   -1643.41     88     0.000     1.000
   0.380000   90    1952.58     341.19   -1610.13   -1610.59     56     0.000     1.000
   0.380000   91    1982.29     359.09   -1620.99   -1621.44    725     0.000     1.000
   0.380000   92    2012.00     376.63   -1631.65   -1632.09   1006     0.000     1.000
   0.380000   93    2041.71     394.41   -1638.89   -1639.33    112     0.000     1.000
   0.360000   91    1982.29     358.57   -1621.39   -1621.84    491     0.000     1.000
   0.360000   92    2012.00     376.54   -1631.34   -1631.79   1126     0.000     1.000
   0.360000   93    2041.71     395.15   -1641.17   -1641.61    261     0.000     1.000
   0.340000   91    1982.29     358.15   -1621.78   -1622.23    263     0.000     1.000
   0.340000   92    2012.00     376.56   -1631.24   -1631.69   1021     0.000     1.000
   0.340000   93    2041.71     395.60   -1640.54   -1640.98    586     0.000     1.000
   0.340000   94    2071.42     414.60   -1648.87   -1649.30     25     0.000     1.000
   0.320000   91    1982.29     366.46   -1622.54   -1622.99     31     0.000     1.000
   0.320000   92    2012.00     376.35   -1631.71   -1632.16    590     0.000     1.000
   0.320000   93    2041.71     395.85   -1640.54   -1640.98   1093     0.000     1.000
   0.320000   94    2071.42     415.53   -1648.71   -1649.15    182     0.000     1.000
   0.300000   92    2012.00     375.98   -1632.12   -1632.56    396     0.000     1.000
   0.300000   93    2041.71     395.83   -1640.39   -1640.83   1218     0.000     1.000
   0.300000   94    2071.42     415.92   -1648.30   -1648.73    265     0.000     1.000
   0.280000   92    2012.00     375.84   -1632.54   -1632.99    181     0.000     1.000
   0.280000   93    2041.71     395.73   -1640.35   -1640.78   1114     0.000     1.000
   0.280000   94    2071.42     416.34   -1647.49   -1647.92    586     0.000     1.000
   0.260000   92    2012.00     376.88   -1633.23   -1633.68     84     0.000     1.000
   0.260000   93    2041.71     395.47   -1640.42   -1640.85   1036     0.000     1.000
   0.260000   94    2071.42     416.60   -1647.17   -1647.60    757     0.000     1.000
   0.260000   95    2101.12     438.15   -1652.02   -1652.44     22     0.000     1.000
   0.240000   92    2012.00     384.14   -1633.94   -1634.39     22     0.000     1.000
   0.240000   93    2041.71     395.42   -1640.75   -1641.19    586     0.000     1.000
   0.240000   94    2071.42     416.72   -1647.08   -1647.51   1117     0.000     1.000
   0.240000   95    2101.12     438.82   -1652.77   -1653.19    174     0.000     1.000
   0.220000   93    2041.71     395.45   -1641.11   -1641.54    311     0.000     1.000
   0.220000   94    2071.42     416.76   -1647.03   -1647.46   1259     0.000     1.000
   0.220000   95    2101.12     439.22   -1652.64   -1653.06    323     0.000     1.000
   0.200000   93    2041.71     396.92   -1641.46   -1641.89    210     0.000     1.000
   0.200000   94    2071.42     416.73   -1647.00   -1647.43   1063     0.000     1.000
   0.200000   95    2101.12     439.71   -1652.42   -1652.85    595     0.000     1.000
   0.200000   96    2130.83     463.06   -1655.81   -1656.24     27     0.000     1.000
   0.180000   93    2041.71     401.95   -1642.24   -1642.68     51     0.000     1.000
   0.180000   94    2071.42     416.61   -1647.25   -1647.69    679     0.000     1.000
   0.180000   95    2101.12     440.16   -1651.97   -1652.40   1015     0.000     1.000
   0.180000   96    2130.83     463.81   -1656.22   -1656.64    153     0.000     1.000
   0.160000   93    2041.71     394.55   -1643.09   -1643.53     26     0.000     1.000
   0.160000   94    2071.42     415.96   -1647.54   -1647.97    498     0.000     1.000
   0.160000   95    2101.12     440.16   -1651.79   -1652.22   1158     0.000     1.000
   0.160000   96    2130.83     464.52   -1655.18   -1655.60    217     0.000     1.000
   0.140000   94    2071.42     414.62   -1648.04   -1648.47    255     0.000     1.000
   0.140000   95    2101.12     440.09   -1651.69   -1652.12   1105     0.000     1.000
   0.140000   96    2130.83     464.91   -1655.31   -1655.73    513     0.000     1.000
   0.140000   97    2160.54     490.15   -1658.98   -1659.40     25     0.000     1.000
   0.120000   94    2071.42     417.62   -1648.71   -1649.14     68     0.000     1.000
   0.120000   95    2101.12     440.12   -1651.97   -1652.40    706     0.000     1.000
   0.120000   96    2130.83     465.29   -1655.09   -1655.51    960     0.000     1.000
   0.120000   97    2160.54     490.97   -1658.05   -1658.46    162     0.000     1.000
   0.100000   95    2101.12     440.33   -1652.53   -1652.96    191     0.000     1.000
   0.100000   96    2130.83     465.49   -1655.19   -1655.61    992     0.000     1.000
   0.100000   97    2160.54     491.57   -1657.71   -1658.13    658     0.000     1.000
   0.100000   98    2190.25     517.86   -1660.00   -1660.41     56     0.000     1.000
   0.080000   95    2101.12     439.33   -1653.15   -1653.58    124     0.000     1.000
   0.080000   96    2130.83     465.15   -1655.26   -1655.68   1003     0.000     1.000
   0.080000   97    2160.54     491.96   -1657.19   -1657.60    708     0.000     1.000
   0.080000   98    2190.25     518.19   -1659.10   -1659.51     64     0.000     1.000
   0.060000   96    2130.83     464.82   -1655.70   -1656.12    252     0.000     1.000
   0.060000   97    2160.54     492.26   -1657.26   -1657.68   1051     0.000     1.000
   0.060000   98    2190.25     519.27   -1658.69   -1659.10    563     0.000     1.000
   0.060000   99    2219.96     546.41   -1659.96   -1660.36     20     0.000     1.000
   0.040000   96    2130.83     465.24   -1656.28   -1656.70    154     0.000     1.000
   0.040000   97    2160.54     491.82   -1657.32   -1657.73   1016     0.000     1.000
   0.040000   98    2190.25     519.51   -1658.24   -1658.65    704     0.000     1.000
   0.040000   99    2219.96     547.71   -1659.08   -1659.49     24     0.000     1.000
   0.020000   96    2130.83     464.89   -1657.00   -1657.42     64     0.000     1.000
   0.020000   97    2160.54     491.47   -1657.49   -1657.91    778     0.000     1.000
   0.020000   98    2190.25     519.91   -1657.99   -1658.40    940     0.000     1.000
   0.020000   99    2219.96     548.65   -1658.46   -1658.86    117     0.000     1.000
   0.000000   97    2160.54     491.06   -1657.91   -1658.32    340     0.000     1.000
   0.000000   98    2190.25     519.93   -1657.91   -1658.32    993     0.000     1.000
   0.000000   99    2219.96     549.17   -1657.91   -1658.31    489     0.000     1.000
   0.000000  100    2249.66     578.66   -1657.91   -1658.31     61     0.000     1.000


# Part 3: Bin-averaged summary:
# bin  energy gap  <dGg> <dGg norm> pts  <c1**2> <c2**2> <r_xy>
   2   -661.73     -1.37   1657.24         24    0.998    0.002    9.303
   3   -632.02     -1.42   1657.18         59    0.998    0.002    9.163
   4   -602.31     -1.50   1657.11        103    0.998    0.002    9.243
   5   -572.60     -1.57   1657.03        129    0.997    0.003    9.387
   6   -542.89     -1.66   1656.94        158    0.997    0.003    9.305
   7   -513.19     -1.75   1656.85        170    0.997    0.003    9.273
   8   -483.48     -1.85   1656.75        134    0.996    0.004    9.117
   9   -453.77     -1.97   1656.63        105    0.996    0.004    8.876
  10   -424.06     -2.11   1656.50        100    0.995    0.005    8.743
  11   -394.35     -2.27   1656.33         81    0.994    0.006    8.806
  12   -364.65     -2.46   1656.14        118    0.993    0.007    8.671
  13   -334.94     -2.67   1655.93        137    0.992    0.008    8.847
  14   -305.23     -2.94   1655.66        105    0.991    0.009    8.969
  15   -275.52     -3.24   1655.36        104    0.989    0.011    9.253
  16   -245.81     -3.62   1654.98        110    0.986    0.014    9.338
  17   -216.11     -4.10   1654.50        103    0.982    0.018    9.403
  18   -186.40     -4.70   1653.90         75    0.976    0.024    9.438
  19   -156.69     -5.80   1652.80         92    0.966    0.034    9.632
  20   -126.98     -6.54   1652.07        126    0.951    0.049    9.706
  21    -97.27     -7.86   1650.74        246    0.924    0.076    9.686
  22    -67.57    -10.63   1647.97        313    0.870    0.130    9.681
  23    -37.86    -16.79   1641.81        414    0.762    0.238    9.691
  24     -8.15    -28.91   1629.69        390    0.565    0.435    9.669
  25     21.56    -47.48   1611.12        380    0.330    0.670    9.529
  26     51.27    -70.86   1587.74        347    0.178    0.822    9.295
  27     80.97    -96.07   1562.53        397    0.100    0.900    9.319
  28    110.68   -122.87   1535.74        343    0.061    0.939    9.030
  29    140.39   -150.32   1508.28        341    0.041    0.959    9.033
  30    170.10   -177.74   1480.87        275    0.029    0.971    8.944
  31    199.81   -205.53   1453.07        225    0.021    0.979    8.925
  32    229.51   -233.35   1425.25        270    0.016    0.984    9.044
  33    259.22   -260.75   1397.85        342    0.013    0.987    9.047
  34    288.93   -288.02   1370.58        392    0.010    0.990    9.100
  35    318.64   -315.76   1342.84        398    0.009    0.991    9.028
  36    348.35   -343.48   1315.12        356    0.007    0.993    8.929
  37    378.06   -370.92   1287.68        415    0.006    0.994    8.931
  38    407.76   -398.03   1260.57        504    0.005    0.995    9.032
  39    437.47   -425.00   1233.60        518    0.005    0.995    9.023
  40    467.18   -452.02   1206.58        446    0.004    0.996    8.777
  41    496.89   -478.82   1179.78        430    0.004    0.996    8.382
  42    526.60   -506.03   1152.57        526    0.003    0.997    8.367
  43    556.30   -532.10   1126.50        494    0.003    0.997    8.389
  44    586.01   -558.47   1100.13        415    0.003    0.997    8.627
  45    615.72   -584.84   1073.76        387    0.002    0.998    8.924
  46    645.43   -610.96   1047.64        334    0.002    0.998    9.259
  47    675.14   -637.14   1021.46        375    0.002    0.998    9.281
  48    704.84   -663.17    995.43        411    0.002    0.998    9.254
  49    734.55   -688.67    969.93        374    0.002    0.998    9.275
  50    764.26   -714.88    943.72        372    0.002    0.998    9.347
  51    793.97   -740.09    918.51        397    0.001    0.999    9.398
  52    823.68   -765.88    892.72        377    0.001    0.999    9.297
  53    853.38   -791.33    867.27        340    0.001    0.999    9.227
  54    883.09   -816.97    841.63        309    0.001    0.999    9.092
  55    912.80   -842.11    816.49        341    0.001    0.999    8.887
  56    942.51   -866.84    791.76        339    0.001    0.999    8.759
  57    972.22   -892.20    766.41        405    0.001    0.999    8.794
  58   1001.92   -916.67    741.93        412    0.001    0.999    8.925
  59   1031.63   -941.41    717.19        433    0.001    0.999    9.123
  60   1061.34   -966.11    692.50        383    0.001    0.999    9.419
  61   1091.05   -990.24    668.36        373    0.001    0.999    9.461
  62   1120.76  -1014.99    643.61        390    0.001    0.999    9.726
  63   1150.47  -1038.79    619.81        372    0.001    0.999   10.001
  64   1180.17  -1063.35    595.26        412    0.001    0.999   10.066
  65   1209.88  -1087.17    571.43        485    0.001    0.999   10.058
  66   1239.59  -1110.77    547.83        444    0.001    0.999   10.040
  67   1269.30  -1134.35    524.25        371    0.001    0.999    9.994
  68   1299.01  -1158.32    500.29        323    0.001    0.999    9.939
  69   1328.71  -1181.50    477.10        348    0.001    0.999    9.884
  70   1358.42  -1205.07    453.53        335    0.000    1.000    9.664
  71   1388.13  -1228.00    430.60        368    0.000    1.000    9.672
  72   1417.84  -1251.03    407.57        485    0.000    1.000    9.695
  73   1447.55  -1274.09    384.51        426    0.000    1.000    9.760
  74   1477.25  -1297.34    361.26        418    0.000    1.000    9.621
  75   1506.96  -1319.71    338.89        637    0.000    1.000    9.365
  76   1536.67  -1342.08    316.52        774    0.000    1.000    9.164
  77   1566.38  -1364.48    294.12        921    0.000    1.000    8.827
  78   1596.09  -1386.25    272.35       1051    0.000    1.000    8.494
  79   1625.79  -1407.52    251.08       1076    0.000    1.000    8.289
  80   1655.50  -1428.95    229.65        898    0.000    1.000    8.065
  81   1685.21  -1449.86    208.74        766    0.000    1.000    7.223
  82   1714.92  -1470.48    188.12       1107    0.000    1.000    6.637
  83   1744.63  -1490.94    167.67       1764    0.000    1.000    6.524
  84   1774.33  -1510.60    148.00       2357    0.000    1.000    6.955
  85   1804.04  -1529.51    129.09       2563    0.000    1.000    7.629
  86   1833.75  -1547.57    111.04       2826    0.000    1.000    7.643
  87   1863.46  -1564.65     93.95       3047    0.000    1.000    7.281
  88   1893.17  -1580.63     77.97       3228    0.000    1.000    6.734
  89   1922.87  -1595.51     63.09       4042    0.000    1.000    6.287
  90   1952.58  -1609.15     49.45       4081    0.000    1.000    6.117
  91   1982.29  -1621.41     37.19       4590    0.000    1.000    6.150
  92   2012.00  -1632.15     26.45       5735    0.000    1.000    6.188
  93   2041.71  -1641.03     17.58       6692    0.000    1.000    6.135
  94   2071.42  -1647.74     10.86       6754    0.000    1.000    6.255
  95   2101.12  -1652.46      6.14       5413    0.000    1.000    6.449
  96   2130.83  -1655.75      2.85       4335    0.000    1.000    6.526
  97   2160.54  -1657.86      0.74       4738    0.000    1.000    6.410
  98   2190.25  -1658.60      0.00       3320    0.000    1.000    6.428
  99   2219.96  -1658.52      0.08        650    0.000    1.000    6.583
 100   2249.66  -1658.31      0.30         61    0.000    1.000    6.712
