
 -----------------------------------------------
      Restrained ESP Fit 2.3  Amber 4.1
 -----------------------------------------------
 Resp charges for organic molecule                                               
 -----------------------------------------------


 inopt       =     0   ioutopt     =     1
 nmol        =     1   iqopt       =     2
 ihfree      =     1   irstrnt     =     1
 iunits      =     0   qwt         =   0.00100000
 wtmol(1) =     1.000000
 subtitle:

Resp charges for organic molecule                                               
ich =  -1  iuniq =  30
    1    8  -99
    2    1  -99
    3    6  -99
    4    1  -99
    5    6  -99
    6    6  -99
    7    6  -99
    8    6  -99
    9    6  -99
   10    6  -99
   11    6  -99
   12    6  -99
   13    6  -99
   14    6  -99
   15    6  -99
   16    6  -99
   17    6  -99
   18    8  -99
   19    1  -99
   20    1  -99
   21    1  -99
   22    1  -99
   23    1  -99
   24    1  -99
   25    1  -99
   26    1  -99
   27    1  -99
   28    1  -99
   29    1  -99
   30    1  -99
 new q0 values to be read  30

  ----------------------------------------------------------------------------
     ATOM                       COORDINATES                         CHARGE
                       X             Y                Z
  ----------------------------------------------------------------------------
  ----------------------------------------------------------------------------


 Charge on the molecule(ich) =   -1
 Total number of atoms (iuniq)     =   30
 Weight factor on initial charge restraints(qwt)=     0.10000D-02


  there are  1 charge constraints:


     1       1
     2       1
     3       1
     4       1
     5       1
     6       1
     7       1
     8       1
     9       1
    10       1
    11       1
    12       1
    13       1
    14       1
    15       1
    16       1
    17       1
    18       1
    19       1
    20       1
    21       1
    22       1
    23       1
    24       1
    25       1
    26       1
    27       1
    28       1
    29       1
    30       1

 Reading esp"s for molecule   1
 total number of atoms      =    30
 total number of esp points =  7810


 center     X       Y       Z 
    1  -0.1998839E+00  -0.3289427E+01  -0.3358601E+01
    2  -0.1577621E+01  -0.3445035E+01  -0.4502146E+01
    3   0.1158419E+01  -0.3074603E+01   0.8825134E+00
    4   0.2205305E+01  -0.4771500E+01   0.4087893E+00
    5   0.2926768E+01  -0.8322542E+00   0.5923233E+00
    6   0.2641672E+01   0.1341584E+01   0.2043901E+01
    7   0.4290869E+01   0.3359428E+01   0.1764808E+01
    8   0.6248950E+01   0.3234463E+01   0.2856132E-01
    9   0.6554509E+01   0.1072246E+01  -0.1420148E+01
   10   0.4910084E+01  -0.9465033E+00  -0.1130139E+01
   11  -0.1158419E+01  -0.3074603E+01  -0.8825134E+00
   12  -0.2926768E+01  -0.8322542E+00  -0.5923233E+00
   13  -0.2641672E+01   0.1341584E+01  -0.2043901E+01
   14  -0.4290867E+01   0.3359428E+01  -0.1764808E+01
   15  -0.6248950E+01   0.3234463E+01  -0.2856321E-01
   16  -0.6554511E+01   0.1072248E+01   0.1420148E+01
   17  -0.4910086E+01  -0.9465033E+00   0.1130137E+01
   18   0.1998839E+00  -0.3289425E+01   0.3358602E+01
   19   0.1577621E+01  -0.3445023E+01   0.4502149E+01
   20   0.1139431E+01   0.1460959E+01   0.3402809E+01
   21   0.4045439E+01   0.5023959E+01   0.2904964E+01
   22   0.7529470E+01   0.4798084E+01  -0.1840423E+00
   23   0.8077815E+01   0.9483873E+00  -0.2759814E+01
   24   0.5179514E+01  -0.2625627E+01  -0.2243046E+01
   25  -0.2205306E+01  -0.4771500E+01  -0.4087874E+00
   26  -0.1139429E+01   0.1460959E+01  -0.3402809E+01
   27  -0.4045437E+01   0.5023961E+01  -0.2904964E+01
   28  -0.7529468E+01   0.4798084E+01   0.1840404E+00
   29  -0.8077817E+01   0.9483892E+00   0.2759812E+01
   30  -0.5179516E+01  -0.2625627E+01   0.2243044E+01
 Initial ssvpot =     1.530


 Number of unique UNfrozen centers=    0
 ALL charges are frozen!!!

 Non-linear optimization requested.
 qchnge =    0.3261373600    
 qchnge =     0.000000000    
 qchnge =     0.000000000    

 Convergence in    2 iterations


Resp charges for organic molecule                                               

          Point Charges Before & After Optimization

    no.  At.no.    q(init)       q(opt)     ivary    d(rstr)/dq
    1   8      -2.016265      -2.016265    -99       0.000495
    2   1      -0.139880      -0.139880    -99       0.000000
    3   6       5.880832       5.880832    -99       0.000170
    4   1      -2.363633      -2.363633    -99       0.000000
    5   6      -0.914699      -0.914699    -99       0.001087
    6   6      -0.647576      -0.647576    -99       0.001526
    7   6       0.786041       0.786041    -99       0.001262
    8   6      -0.000939      -0.000939    -99       0.010000
    9   6       0.786041       0.786041    -99       0.001262
   10   6      -0.647576      -0.647576    -99       0.001526
   11   6       5.880832       5.880832    -99       0.000170
   12   6      -0.914699      -0.914699    -99       0.001087
   13   6      -0.647576      -0.647576    -99       0.001526
   14   6       0.786041       0.786041    -99       0.001262
   15   6      -0.000939      -0.000939    -99       0.010000
   16   6       0.786041       0.786041    -99       0.001262
   17   6      -0.647576      -0.647576    -99       0.001526
   18   8      -2.016265      -2.016265    -99       0.000495
   19   1      -0.139880      -0.139880    -99       0.000000
   20   1       0.097614       0.097614    -99       0.000000
   21   1      -0.510542      -0.510542    -99       0.000000
   22   1      -0.396490      -0.396490    -99       0.000000
   23   1      -0.510542      -0.510542    -99       0.000000
   24   1       0.097614       0.097614    -99       0.000000
   25   1      -2.363633      -2.363633    -99       0.000000
   26   1       0.097614       0.097614    -99       0.000000
   27   1      -0.510542      -0.510542    -99       0.000000
   28   1      -0.396490      -0.396490    -99       0.000000
   29   1      -0.510542      -0.510542    -99       0.000000
   30   1       0.097614       0.097614    -99       0.000000

 Sum over the calculated charges:     -1.000

        Statistics of the fitting:
  The initial sum of squares (ssvpot)                      1.530
  The residual sum of squares (chipot)                    78.714
  The std err of estimate (sqrt(chipot/N))               0.10039
  ESP relative RMS (SQRT(chipot/ssvpot))                 7.17183

 Center of Mass (Angst.):

 X  =   0.00000      Y  =   0.00000      Z  =   0.00000

 Dipole (Debye):

 X  =   0.00001      Y  =  -3.90548      Z  =  -0.00001

 Dipole Moment (Debye)=   3.90548

 Quadrupole (Debye*Angst.):

 Qxx = -71.78251     QYY =   3.20288     QZZ =  68.57963
 Qxy = 292.95519     QXZ = 324.07836     QYZ = 292.95538
