
 -----------------------------------------------
      Restrained ESP Fit 2.3  Amber 4.1
 -----------------------------------------------
 Resp charges for organic molecule                                               
 -----------------------------------------------


 inopt       =     0   ioutopt     =     1
 nmol        =     1   iqopt       =     2
 ihfree      =     1   irstrnt     =     1
 iunits      =     0   qwt         =   0.00100000
 wtmol(1) =     1.000000
 subtitle:

Resp charges for organic molecule                                               
ich =   0  iuniq =   8
    1    6    0
    2    1    0
    3    1    2
    4    1    2
    5    6  -99
    6    8  -99
    7    8  -99
    8    1  -99
 new q0 values to be read   8

  ----------------------------------------------------------------------------
     ATOM                       COORDINATES                         CHARGE
                       X             Y                Z
  ----------------------------------------------------------------------------
  ----------------------------------------------------------------------------


 Charge on the molecule(ich) =    0
 Total number of atoms (iuniq)     =    8
 Weight factor on initial charge restraints(qwt)=     0.10000D-02


  there are  1 charge constraints:


     1       1
     2       1
     3       1
     4       1
     5       1
     6       1
     7       1
     8       1

 Reading esp"s for molecule   1
 total number of atoms      =     8
 total number of esp points = 30188


 center     X       Y       Z 
    1   0.2599348E+01  -0.7219698E-01  -0.1114938E-03
    2   0.3499706E+01   0.1780649E+01  -0.1356823E-02
    3   0.3214331E+01  -0.1127749E+01  -0.1674503E+01
    4   0.3214770E+01  -0.1125275E+01   0.1675739E+01
    5  -0.2525581E+00   0.2615702E+00  -0.2267671E-04
    6  -0.1324876E+01   0.2266730E+01   0.1511781E-03
    7  -0.1615372E+01  -0.1927755E+01  -0.3552685E-03
    8  -0.4875587E+00  -0.3375653E+01   0.2539792E-02
 Initial ssvpot =    15.751


 Number of unique UNfrozen centers=    2

 Non-linear optimization requested.
 qchnge =    0.1791112852    
 qchnge =    0.6168485935E-04
 qchnge =    0.4561013769E-07

 Convergence in    2 iterations


Resp charges for organic molecule                                               

          Point Charges Before & After Optimization

    no.  At.no.    q(init)       q(opt)     ivary    d(rstr)/dq
    1   6      -0.560619      -0.558901      0       0.001761
    2   1       0.165520       0.156261      0       0.000000
    3   1       0.152527       0.156261      2       0.000000
    4   1       0.152455       0.156261      2       0.000000
    5   6       0.866460       0.866460    -99       0.001147
    6   8      -0.555981      -0.555981    -99       0.001770
    7   8      -0.649992      -0.649992    -99       0.001521
    8   1       0.429630       0.429630    -99       0.000000

 Sum over the calculated charges:     -0.000

        Statistics of the fitting:
  The initial sum of squares (ssvpot)                     15.751
  The residual sum of squares (chipot)                     0.023
  The std err of estimate (sqrt(chipot/N))               0.00087
  ESP relative RMS (SQRT(chipot/ssvpot))                 0.03809

 Center of Mass (Angst.):

 X  =   0.00000      Y  =   0.00000      Z  =   0.00000

 Dipole (Debye):

 X  =   3.70333      Y  =  -3.21365      Z  =   0.00321

 Dipole Moment (Debye)=   4.90329

 Quadrupole (Debye*Angst.):

 Qxx =  -5.03594     QYY =   1.90248     QZZ =   3.13346
 Qxy =   0.57293     QXZ =  -0.40771     QYZ =  -0.42241
