
 -----------------------------------------------
      Restrained ESP Fit 2.3  Amber 4.1
 -----------------------------------------------
 Resp charges for organic molecule                                               
 -----------------------------------------------


 inopt       =     0   ioutopt     =     1
 nmol        =     1   iqopt       =     0
 ihfree      =     1   irstrnt     =     1
 iunits      =     0   qwt         =   0.00050000
 wtmol(1) =     1.000000
 subtitle:

Resp charges for organic molecule                                               
ich =   0  iuniq =   8
    1    6    0
    2    1    0
    3    1    0
    4    1    0
    5    6    0
    6    8    0
    7    8    0
    8    1    0

  ----------------------------------------------------------------------------
     ATOM                       COORDINATES                         CHARGE
                       X             Y                Z
  ----------------------------------------------------------------------------
  ----------------------------------------------------------------------------


 Charge on the molecule(ich) =    0
 Total number of atoms (iuniq)     =    8
 Weight factor on initial charge restraints(qwt)=     0.50000D-03


  there are  1 charge constraints:


     1       1
     2       1
     3       1
     4       1
     5       1
     6       1
     7       1
     8       1

 Reading esp"s for molecule   1
 total number of atoms      =     8
 total number of esp points = 30188


 center     X       Y       Z 
    1   0.2599348E+01  -0.7219698E-01  -0.1114938E-03
    2   0.3499706E+01   0.1780649E+01  -0.1356823E-02
    3   0.3214331E+01  -0.1127749E+01  -0.1674503E+01
    4   0.3214770E+01  -0.1125275E+01   0.1675739E+01
    5  -0.2525581E+00   0.2615702E+00  -0.2267671E-04
    6  -0.1324876E+01   0.2266730E+01   0.1511781E-03
    7  -0.1615372E+01  -0.1927755E+01  -0.3552685E-03
    8  -0.4875587E+00  -0.3375653E+01   0.2539792E-02
 Initial ssvpot =    15.751


 Number of unique UNfrozen centers=    8

 Non-linear optimization requested.
 qchnge =    0.1794768006    
 qchnge =    0.3912425791E-03
 qchnge =    0.3698177794E-05
 qchnge =    0.3512935745E-07

 Convergence in    3 iterations


Resp charges for organic molecule                                               

          Point Charges Before & After Optimization

    no.  At.no.    q(init)       q(opt)     ivary    d(rstr)/dq
    1   6       0.000000      -0.560619      0       0.000878
    2   1       0.000000       0.165520      0       0.000000
    3   1       0.000000       0.152527      0       0.000000
    4   1       0.000000       0.152455      0       0.000000
    5   6       0.000000       0.866460      0       0.000573
    6   8       0.000000      -0.555981      0       0.000885
    7   8       0.000000      -0.649992      0       0.000760
    8   1       0.000000       0.429630      0       0.000000

 Sum over the calculated charges:     -0.000

        Statistics of the fitting:
  The initial sum of squares (ssvpot)                     15.751
  The residual sum of squares (chipot)                     0.019
  The std err of estimate (sqrt(chipot/N))               0.00079
  ESP relative RMS (SQRT(chipot/ssvpot))                 0.03474

 Center of Mass (Angst.):

 X  =   0.00000      Y  =   0.00000      Z  =   0.00000

 Dipole (Debye):

 X  =   3.71273      Y  =  -3.14984      Z  =   0.00286

 Dipole Moment (Debye)=   4.86887

 Quadrupole (Debye*Angst.):

 Qxx =  -4.96987     QYY =   1.95204     QZZ =   3.01783
 Qxy =   0.88699     QXZ =  -0.43975     QYZ =  -0.45225
