
 -----------------------------------------------
      Restrained ESP Fit 2.3  Amber 4.1
 -----------------------------------------------
 Resp charges for organic molecule                                               
 -----------------------------------------------


 inopt       =     0   ioutopt     =     1
 nmol        =     1   iqopt       =     2
 ihfree      =     1   irstrnt     =     1
 iunits      =     0   qwt         =   0.00100000
 wtmol(1) =     1.000000
 subtitle:

Resp charges for organic molecule                                               
ich =  -1  iuniq =   7
    1    6    0
    2    1    0
    3    1    2
    4    1    2
    5    6  -99
    6    8  -99
    7    8  -99
 new q0 values to be read   7

  ----------------------------------------------------------------------------
     ATOM                       COORDINATES                         CHARGE
                       X             Y                Z
  ----------------------------------------------------------------------------
  ----------------------------------------------------------------------------


 Charge on the molecule(ich) =   -1
 Total number of atoms (iuniq)     =    7
 Weight factor on initial charge restraints(qwt)=     0.10000D-02


  there are  1 charge constraints:


     1       1
     2       1
     3       1
     4       1
     5       1
     6       1
     7       1

 Reading esp"s for molecule   1
 total number of atoms      =     7
 total number of esp points = 29803


 center     X       Y       Z 
    1   0.2558555E+01  -0.1040974E+00  -0.6254993E-03
    2   0.3277367E+01  -0.2049882E+01  -0.4032486E-01
    3   0.3305416E+01   0.8538746E+00   0.1686953E+01
    4   0.3312034E+01   0.9287871E+00  -0.1639914E+01
    5  -0.4156622E+00   0.3773783E-02  -0.1167851E-02
    6  -0.1528560E+01  -0.2094351E+01   0.2683411E-03
    7  -0.1315461E+01   0.2202997E+01   0.2362157E-03
 Initial ssvpot =   617.755


 Number of unique UNfrozen centers=    2

 Non-linear optimization requested.
 qchnge =    0.2197624120    
 qchnge =    0.6356790455E-04
 qchnge =    0.6817454471E-07

 Convergence in    2 iterations


Resp charges for organic molecule                                               

          Point Charges Before & After Optimization

    no.  At.no.    q(init)       q(opt)     ivary    d(rstr)/dq
    1   6      -0.328411      -0.328789      0       0.002910
    2   1       0.031763       0.035524      0       0.000000
    3   1       0.037599       0.035524      2       0.000000
    4   1       0.036831       0.035524      2       0.000000
    5   6       0.910543       0.910543    -99       0.001092
    6   8      -0.844163      -0.844163    -99       0.001176
    7   8      -0.844163      -0.844163    -99       0.001176

 Sum over the calculated charges:     -1.000

        Statistics of the fitting:
  The initial sum of squares (ssvpot)                    617.755
  The residual sum of squares (chipot)                     0.022
  The std err of estimate (sqrt(chipot/N))               0.00087
  ESP relative RMS (SQRT(chipot/ssvpot))                 0.00602

 Center of Mass (Angst.):

 X  =   0.00000      Y  =   0.00000      Z  =   0.00000

 Dipole (Debye):

 X  =   3.89555      Y  =  -0.16152      Z  =  -0.00266

 Dipole Moment (Debye)=   3.89890

 Quadrupole (Debye*Angst.):

 Qxx =  -1.52913     QYY = -14.96049     QZZ =  16.48961
 Qxy =  14.89263     QXZ =  15.70410     QYZ =  15.69598
