                      :-) GROMACS - gmx mdrun, 2021.6 (-:

                            GROMACS is written by:
     Andrey Alekseenko              Emile Apol              Rossen Apostolov     
         Paul Bauer           Herman J.C. Berendsen           Par Bjelkmar       
       Christian Blau           Viacheslav Bolnykh             Kevin Boyd        
     Aldert van Buuren           Rudi van Drunen             Anton Feenstra      
    Gilles Gouaillardet             Alan Gray               Gerrit Groenhof      
       Anca Hamuraru            Vincent Hindriksen          M. Eric Irrgang      
      Aleksei Iupinov           Christoph Junghans             Joe Jordan        
    Dimitrios Karkoulis            Peter Kasson                Jiri Kraus        
      Carsten Kutzner              Per Larsson              Justin A. Lemkul     
       Viveca Lindahl            Magnus Lundborg             Erik Marklund       
        Pascal Merz             Pieter Meulenhoff            Teemu Murtola       
        Szilard Pall               Sander Pronk              Roland Schulz       
       Michael Shirts            Alexey Shvetsov             Alfons Sijbers      
       Peter Tieleman              Jon Vincent              Teemu Virolainen     
     Christian Wennberg            Maarten Wolf              Artem Zhmurov       
                           and the project leaders:
        Mark Abraham, Berk Hess, Erik Lindahl, and David van der Spoel

Copyright (c) 1991-2000, University of Groningen, The Netherlands.
Copyright (c) 2001-2022, The GROMACS development team at
Uppsala University, Stockholm University and
the Royal Institute of Technology, Sweden.
check out http://www.gromacs.org for more information.

GROMACS is free software; you can redistribute it and/or modify it
under the terms of the GNU Lesser General Public License
as published by the Free Software Foundation; either version 2.1
of the License, or (at your option) any later version.

GROMACS:      gmx mdrun, version 2021.6
Executable:   /cvmfs/hpc.rug.nl/versions/2023.01/rocky8/x86_64/amd/zen3/software/GROMACS/2021.6-foss-2022a-CUDA-11.7.0/bin/gmx
Data prefix:  /cvmfs/hpc.rug.nl/versions/2023.01/rocky8/x86_64/amd/zen3/software/GROMACS/2021.6-foss-2022a-CUDA-11.7.0
Working dir:  /home3/p315462/Final_EVB_GROMACS/equil
Process ID:   3692017
Command line:
  gmx mdrun -deffnm equil_10_300k_npt -table table.xvg -tableb table_b0.xvg -c equil_10_300k_npt.gro -pin on -ntmpi 1 -ntomp 16

GROMACS version:    2021.6
Precision:          mixed
Memory model:       64 bit
MPI library:        thread_mpi
OpenMP support:     enabled (GMX_OPENMP_MAX_THREADS = 64)
GPU support:        CUDA
SIMD instructions:  AVX2_256
FFT library:        fftw-3.3.10-sse2-avx-avx2-avx2_128
RDTSCP usage:       enabled
TNG support:        enabled
Hwloc support:      disabled
Tracing support:    disabled
C compiler:         /cvmfs/hpc.rug.nl/versions/2023.01/rocky8/x86_64/amd/zen3/software/OpenMPI/4.1.4-GCC-11.3.0/bin/mpicc GNU 11.3.0
C compiler flags:   -mavx2 -mfma -Wno-missing-field-initializers -fexcess-precision=fast -funroll-all-loops -O3 -DNDEBUG
C++ compiler:       /cvmfs/hpc.rug.nl/versions/2023.01/rocky8/x86_64/amd/zen3/software/OpenMPI/4.1.4-GCC-11.3.0/bin/mpicxx GNU 11.3.0
C++ compiler flags: -mavx2 -mfma -Wno-missing-field-initializers -fexcess-precision=fast -funroll-all-loops -fopenmp -O3 -DNDEBUG
CUDA compiler:      /cvmfs/hpc.rug.nl/versions/2023.01/rocky8/x86_64/amd/zen3/software/CUDA/11.7.0/bin/nvcc nvcc: NVIDIA (R) Cuda compiler driver;Copyright (c) 2005-2022 NVIDIA Corporation;Built on Tue_May__3_18:49:52_PDT_2022;Cuda compilation tools, release 11.7, V11.7.64;Build cuda_11.7.r11.7/compiler.31294372_0
CUDA compiler flags:-std=c++17;-gencode;arch=compute_70,code=sm_70;-use_fast_math;-D_FORCE_INLINES;-mavx2 -mfma -Wno-missing-field-initializers -fexcess-precision=fast -funroll-all-loops -fopenmp -O3 -DNDEBUG
CUDA driver:        0.0
CUDA runtime:       N/A


Running on 1 node with total 128 cores, 128 logical cores (GPU detection failed)
Hardware detected:
  CPU info:
    Vendor: AMD
    Brand:  AMD EPYC 7763 64-Core Processor                
    Family: 25   Model: 1   Stepping: 1
    Features: aes amd apic avx avx2 clfsh cmov cx8 cx16 f16c fma htt lahf misalignsse mmx msr nonstop_tsc pcid pclmuldq pdpe1gb popcnt pse rdrnd rdtscp sha sse2 sse3 sse4a sse4.1 sse4.2 ssse3 x2apic
  Hardware topology: Only logical processor count


++++ PLEASE READ AND CITE THE FOLLOWING REFERENCE ++++
M. J. Abraham, T. Murtola, R. Schulz, S. Páll, J. C. Smith, B. Hess, E.
Lindahl
GROMACS: High performance molecular simulations through multi-level
parallelism from laptops to supercomputers
SoftwareX 1 (2015) pp. 19-25
-------- -------- --- Thank You --- -------- --------


++++ PLEASE READ AND CITE THE FOLLOWING REFERENCE ++++
S. Páll, M. J. Abraham, C. Kutzner, B. Hess, E. Lindahl
Tackling Exascale Software Challenges in Molecular Dynamics Simulations with
GROMACS
In S. Markidis & E. Laure (Eds.), Solving Software Challenges for Exascale 8759 (2015) pp. 3-27
-------- -------- --- Thank You --- -------- --------


++++ PLEASE READ AND CITE THE FOLLOWING REFERENCE ++++
S. Pronk, S. Páll, R. Schulz, P. Larsson, P. Bjelkmar, R. Apostolov, M. R.
Shirts, J. C. Smith, P. M. Kasson, D. van der Spoel, B. Hess, and E. Lindahl
GROMACS 4.5: a high-throughput and highly parallel open source molecular
simulation toolkit
Bioinformatics 29 (2013) pp. 845-54
-------- -------- --- Thank You --- -------- --------


++++ PLEASE READ AND CITE THE FOLLOWING REFERENCE ++++
B. Hess and C. Kutzner and D. van der Spoel and E. Lindahl
GROMACS 4: Algorithms for highly efficient, load-balanced, and scalable
molecular simulation
J. Chem. Theory Comput. 4 (2008) pp. 435-447
-------- -------- --- Thank You --- -------- --------


++++ PLEASE READ AND CITE THE FOLLOWING REFERENCE ++++
D. van der Spoel, E. Lindahl, B. Hess, G. Groenhof, A. E. Mark and H. J. C.
Berendsen
GROMACS: Fast, Flexible and Free
J. Comp. Chem. 26 (2005) pp. 1701-1719
-------- -------- --- Thank You --- -------- --------


++++ PLEASE READ AND CITE THE FOLLOWING REFERENCE ++++
E. Lindahl and B. Hess and D. van der Spoel
GROMACS 3.0: A package for molecular simulation and trajectory analysis
J. Mol. Mod. 7 (2001) pp. 306-317
-------- -------- --- Thank You --- -------- --------


++++ PLEASE READ AND CITE THE FOLLOWING REFERENCE ++++
H. J. C. Berendsen, D. van der Spoel and R. van Drunen
GROMACS: A message-passing parallel molecular dynamics implementation
Comp. Phys. Comm. 91 (1995) pp. 43-56
-------- -------- --- Thank You --- -------- --------


++++ PLEASE CITE THE DOI FOR THIS VERSION OF GROMACS ++++
https://doi.org/10.5281/zenodo.6801842
-------- -------- --- Thank You --- -------- --------

Input Parameters:
   integrator                     = md
   tinit                          = 0
   dt                             = 0.001
   nsteps                         = 100000
   init-step                      = 0
   simulation-part                = 1
   mts                            = false
   comm-mode                      = None
   nstcomm                        = 0
   bd-fric                        = 0
   ld-seed                        = -560023
   emtol                          = 10
   emstep                         = 0.01
   niter                          = 20
   fcstep                         = 0
   nstcgsteep                     = 1000
   nbfgscorr                      = 10
   rtpi                           = 0.05
   nstxout                        = 0
   nstvout                        = 0
   nstfout                        = 0
   nstlog                         = 0
   nstcalcenergy                  = 1
   nstenergy                      = 100
   nstxout-compressed             = 1000
   compressed-x-precision         = 1000
   cutoff-scheme                  = Verlet
   nstlist                        = 30
   pbc                            = xyz
   periodic-molecules             = false
   verlet-buffer-tolerance        = 0.0002
   rlist                          = 1.116
   coulombtype                    = PME
   coulomb-modifier               = None
   rcoulomb-switch                = 0
   rcoulomb                       = 1
   epsilon-r                      = 1
   epsilon-rf                     = inf
   vdw-type                       = Cut-off
   vdw-modifier                   = Potential-shift
   rvdw-switch                    = 0
   rvdw                           = 1
   DispCorr                       = EnerPres
   table-extension                = 1
   fourierspacing                 = 0.12
   fourier-nx                     = 80
   fourier-ny                     = 80
   fourier-nz                     = 80
   pme-order                      = 5
   ewald-rtol                     = 1e-05
   ewald-rtol-lj                  = 0.001
   lj-pme-comb-rule               = Geometric
   ewald-geometry                 = 0
   epsilon-surface                = 0
   tcoupl                         = V-rescale
   nsttcouple                     = 10
   nh-chain-length                = 0
   print-nose-hoover-chain-variables = false
   pcoupl                         = C-rescale
   pcoupltype                     = Isotropic
   nstpcouple                     = 10
   tau-p                          = 1
   compressibility (3x3):
      compressibility[    0]={ 4.50000e-05,  0.00000e+00,  0.00000e+00}
      compressibility[    1]={ 0.00000e+00,  4.50000e-05,  0.00000e+00}
      compressibility[    2]={ 0.00000e+00,  0.00000e+00,  4.50000e-05}
   ref-p (3x3):
      ref-p[    0]={ 1.00000e+00,  0.00000e+00,  0.00000e+00}
      ref-p[    1]={ 0.00000e+00,  1.00000e+00,  0.00000e+00}
      ref-p[    2]={ 0.00000e+00,  0.00000e+00,  1.00000e+00}
   refcoord-scaling               = All
   posres-com (3):
      posres-com[0]= 0.00000e+00
      posres-com[1]= 0.00000e+00
      posres-com[2]= 0.00000e+00
   posres-comB (3):
      posres-comB[0]= 0.00000e+00
      posres-comB[1]= 0.00000e+00
      posres-comB[2]= 0.00000e+00
   QMMM                           = false
qm-opts:
   ngQM                           = 0
   constraint-algorithm           = Lincs
   continuation                   = true
   Shake-SOR                      = false
   shake-tol                      = 0.0001
   lincs-order                    = 4
   lincs-iter                     = 1
   lincs-warnangle                = 30
   nwall                          = 0
   wall-type                      = 9-3
   wall-r-linpot                  = -1
   wall-atomtype[0]               = -1
   wall-atomtype[1]               = -1
   wall-density[0]                = 0
   wall-density[1]                = 0
   wall-ewald-zfac                = 3
   pull                           = false
   awh                            = false
   rotation                       = false
   interactiveMD                  = false
   disre                          = No
   disre-weighting                = Conservative
   disre-mixed                    = false
   dr-fc                          = 1000
   dr-tau                         = 0
   nstdisreout                    = 100
   orire-fc                       = 0
   orire-tau                      = 0
   nstorireout                    = 100
   free-energy                    = no
   cos-acceleration               = 0
   deform (3x3):
      deform[    0]={ 0.00000e+00,  0.00000e+00,  0.00000e+00}
      deform[    1]={ 0.00000e+00,  0.00000e+00,  0.00000e+00}
      deform[    2]={ 0.00000e+00,  0.00000e+00,  0.00000e+00}
   simulated-tempering            = false
   swapcoords                     = no
   userint1                       = 0
   userint2                       = 0
   userint3                       = 0
   userint4                       = 0
   userreal1                      = 0
   userreal2                      = 0
   userreal3                      = 0
   userreal4                      = 0
   applied-forces:
     electric-field:
       x:
         E0                       = 0
         omega                    = 0
         t0                       = 0
         sigma                    = 0
       y:
         E0                       = 0
         omega                    = 0
         t0                       = 0
         sigma                    = 0
       z:
         E0                       = 0
         omega                    = 0
         t0                       = 0
         sigma                    = 0
     density-guided-simulation:
       active                     = false
       group                      = protein
       similarity-measure         = inner-product
       atom-spreading-weight      = unity
       force-constant             = 1e+09
       gaussian-transform-spreading-width = 0.2
       gaussian-transform-spreading-range-in-multiples-of-width = 4
       reference-density-filename = reference.mrc
       nst                        = 1
       normalize-densities        = true
       adaptive-force-scaling     = false
       adaptive-force-scaling-time-constant = 4
       shift-vector               = 
       transformation-matrix      = 
grpopts:
   nrdf:        6798      148323
   ref-t:         300         300
   tau-t:           1           1
annealing:          No          No
annealing-npoints:           0           0
   acc:	           0           0           0
   nfreeze:           N           N           N
   energygrp-flags[  0]: 0

Using 1 MPI thread
Using 16 OpenMP threads 


Overriding thread affinity set outside gmx mdrun

Pinning threads with an auto-selected logical core stride of 8

NOTE: Thread affinity was not set.
System total charge: -0.000
Will do PME sum in reciprocal space for electrostatic interactions.

++++ PLEASE READ AND CITE THE FOLLOWING REFERENCE ++++
U. Essmann, L. Perera, M. L. Berkowitz, T. Darden, H. Lee and L. G. Pedersen 
A smooth particle mesh Ewald method
J. Chem. Phys. 103 (1995) pp. 8577-8592
-------- -------- --- Thank You --- -------- --------

Using a Gaussian width (1/beta) of 0.320163 nm for Ewald
Potential shift: LJ r^-12: -1.000e+00 r^-6: -1.000e+00, Ewald -0.000e+00
Initialized non-bonded Coulomb Ewald tables, spacing: 9.33e-04 size: 1073

Generated table with 1058 data points for 1-4 COUL.
Tabscale = 500 points/nm
Generated table with 1058 data points for 1-4 LJ6.
Tabscale = 500 points/nm
Generated table with 1058 data points for 1-4 LJ12.
Tabscale = 500 points/nm
Read user tables from table_b0.xvg with 2502 data points.
Tabscale = 500 points/nm

Long Range LJ corr.: <C6> 3.1123e-04


Using SIMD 4x8 nonbonded short-range kernels

Using a dual 4x8 pair-list setup updated with dynamic pruning:
  outer list: updated every 30 steps, buffer 0.116 nm, rlist 1.116 nm
  inner list: updated every  4 steps, buffer 0.005 nm, rlist 1.005 nm
At tolerance 0.0002 kJ/mol/ps per atom, equivalent classical 1x1 list would be:
  outer list: updated every 30 steps, buffer 0.165 nm, rlist 1.165 nm
  inner list: updated every  4 steps, buffer 0.011 nm, rlist 1.011 nm

Using geometric Lennard-Jones combination rule

++++ PLEASE READ AND CITE THE FOLLOWING REFERENCE ++++
G. Bussi, D. Donadio and M. Parrinello
Canonical sampling through velocity rescaling
J. Chem. Phys. 126 (2007) pp. 014101
-------- -------- --- Thank You --- -------- --------


++++ PLEASE READ AND CITE THE FOLLOWING REFERENCE ++++
M. Bernetti, G. Bussi
Pressure control using stochastic cell rescaling
J. Chem. Phys. 153 (2020) pp. 114107
-------- -------- --- Thank You --- -------- --------

There are: 51707 Atoms

Started mdrun on rank 0 Thu Apr 25 12:46:19 2024

           Step           Time
              0        0.00000

   Energies (kJ/mol)
           Bond          Morse  Tab. Bonds NC Restraint Pot.          Angle
    8.42240e+04    8.66361e+00    3.35710e+00    7.45273e+00    4.65955e+04
    Proper Dih. Ryckaert-Bell.  Improper Dih.          LJ-14     Coulomb-14
    2.62342e+02    2.55176e+03    4.24544e+00    3.11053e+03    1.42973e+04
        LJ (SR)  Disper. corr.   Coulomb (SR)   Coul. recip. Position Rest.
    1.64726e+05   -6.83645e+03   -1.04657e+06    4.30993e+03    8.77089e+02
      Potential    Kinetic En.   Total Energy  Conserved En.    Temperature
   -7.32432e+05    1.94671e+05   -5.37761e+05   -5.37713e+05    3.01875e+02
 Pres. DC (bar) Pressure (bar)
   -2.23183e+02    1.95323e+01

           Step           Time
         100000      100.00000

Writing checkpoint, step 100000 at Thu Apr 25 12:57:15 2024


   Energies (kJ/mol)
           Bond          Morse  Tab. Bonds NC Restraint Pot.          Angle
    8.47604e+04    4.92175e+00    5.26589e+00    3.39121e+00    4.81111e+04
    Proper Dih. Ryckaert-Bell.  Improper Dih.          LJ-14     Coulomb-14
    2.56179e+02    2.53069e+03    7.49065e-01    3.14609e+03    1.41533e+04
        LJ (SR)  Disper. corr.   Coulomb (SR)   Coul. recip. Position Rest.
    1.65375e+05   -6.85816e+03   -1.04906e+06    4.18667e+03    7.62412e+02
      Potential    Kinetic En.   Total Energy  Conserved En.    Temperature
   -7.32617e+05    1.91612e+05   -5.41006e+05   -5.27523e+05    2.97131e+02
 Pres. DC (bar) Pressure (bar)
   -2.24600e+02    1.26540e+02


Energy conservation over simulation part #1 of length 100 ns, time 0 to 100 ns
  Conserved energy drift: 1.97e-03 kJ/mol/ps per atom


	<======  ###############  ==>
	<====  A V E R A G E S  ====>
	<==  ###############  ======>

	Statistics over 100001 steps using 100001 frames

   Energies (kJ/mol)
           Bond          Morse  Tab. Bonds NC Restraint Pot.          Angle
    8.36653e+04    5.79223e+00    3.55085e+00    5.34621e+00    4.72221e+04
    Proper Dih. Ryckaert-Bell.  Improper Dih.          LJ-14     Coulomb-14
    2.61143e+02    2.58404e+03    3.52369e+00    3.15143e+03    1.42568e+04
        LJ (SR)  Disper. corr.   Coulomb (SR)   Coul. recip. Position Rest.
    1.64100e+05   -6.82950e+03   -1.04679e+06    4.27714e+03    7.91742e+02
      Potential    Kinetic En.   Total Energy  Conserved En.    Temperature
   -7.33295e+05    1.93342e+05   -5.39953e+05   -5.32942e+05    2.99814e+02
 Pres. DC (bar) Pressure (bar)
   -2.22730e+02    1.06521e+00

          Box-X          Box-Y          Box-Z
    8.96663e+00    8.96663e+00    6.34037e+00

   Total Virial (kJ/mol)
    6.44772e+04    1.91534e+02    5.42222e+02
    1.91534e+02    6.42947e+04   -3.59228e+02
    5.42222e+02   -3.59229e+02    6.45265e+04

   Pressure (bar)
   -2.24549e+00   -1.28918e+01   -3.61284e+01
   -1.28918e+01    1.05758e+01    2.37202e+01
   -3.61284e+01    2.37202e+01   -5.13471e+00

      T-Protein  T-non-Protein
    2.99282e+02    2.99838e+02


	M E G A - F L O P S   A C C O U N T I N G

 NB=Group-cutoff nonbonded kernels    NxN=N-by-N cluster Verlet kernels
 RF=Reaction-Field  VdW=Van der Waals  QSTab=quadratic-spline table
 W3=SPC/TIP3p  W4=TIP4p (single or pairs)
 V&F=Potential and force  V=Potential only  F=Force only

 Computing:                               M-Number         M-Flops  % Flops
-----------------------------------------------------------------------------
 Pair Search distance check           76320.636758      686885.731     0.2
 NxN Ewald Elec. + LJ [V&F]         1643523.707312   175857036.682    54.5
 NxN Ewald Elec. [V&F]              1472835.158032   123718153.275    38.4
 1,4 nonbonded interactions             611.306113       55017.550     0.0
 Calc Weights                         15512.255121      558441.184     0.2
 Spread Q Bspline                    646343.963375     1292687.927     0.4
 Gather F Bspline                    646343.963375     3878063.780     1.2
 3D-FFT                             1942115.620962    15536924.968     4.8
 Solve PME                              640.006400       40960.410     0.0
 Shift-X                                172.391138        1034.347     0.0
 Bonds                                 3525.735257      208018.380     0.1
 Tab. Bonds                               0.600006          37.200     0.0
 Restraint Potential                      0.200002          17.200     0.0
 Angles                                2067.920679      347410.674     0.1
 Propers                                 44.600446       10213.502     0.0
 Impropers                                1.400014         291.203     0.0
 RB-Dihedrals                           477.204772      117869.579     0.0
 Pos. Restr.                            115.101151        5755.058     0.0
 Morse Potent.                            0.600006          49.800     0.0
 Virial                                5175.251752       93154.532     0.0
 P-Coupling                             517.121707        3102.730     0.0
 Calc-Ekin                             5170.803414      139611.692     0.0
-----------------------------------------------------------------------------
 Total                                               322550737.404   100.0
-----------------------------------------------------------------------------


     R E A L   C Y C L E   A N D   T I M E   A C C O U N T I N G

On 1 MPI rank, each using 16 OpenMP threads

 Computing:          Num   Num      Call    Wall time         Giga-Cycles
                     Ranks Threads  Count      (s)         total sum    %
-----------------------------------------------------------------------------
 Neighbor search        1   16       3334      19.422        759.919   3.0
 Force                  1   16     100001     312.873      12241.620  47.6
 PME mesh               1   16     100001     276.585      10821.782  42.1
 NB X/F buffer ops.     1   16     196668      30.080       1176.904   4.6
 Write traj.            1   16        101       0.315         12.337   0.0
 Update                 1   16     100001       8.284        324.110   1.3
 Rest                                           9.057        354.373   1.4
-----------------------------------------------------------------------------
 Total                                        656.616      25691.045 100.0
-----------------------------------------------------------------------------
 Breakdown of PME mesh computation
-----------------------------------------------------------------------------
 PME spread             1   16     100001      96.229       3765.116  14.7
 PME gather             1   16     100001      74.027       2896.433  11.3
 PME 3D-FFT             1   16     200002      95.098       3720.853  14.5
 PME solve Elec         1   16     100001      10.618        415.454   1.6
-----------------------------------------------------------------------------

               Core t (s)   Wall t (s)        (%)
       Time:    10505.797      656.616     1600.0
                 (ns/day)    (hour/ns)
Performance:       13.159        1.824
Finished mdrun on rank 0 Thu Apr 25 12:57:15 2024

