
Build and version information

Build number 6.0.15
Build date   20240314
Built:       
      by     p315462
      on     login1
      git id adc28a635c78993922188615a73366ace3402081
      with   GNU Fortran GCC 11.3.0
qfep version 6.0.15 , git id=adc28a635c78993922188615a73366ace3402081 initialising
Current date 2024- 4-18 and time 12:29:44

Welcome in qfep modification date 20240314

 Q6, Copyright © 2017 Johan Åqvist, John Marelius, Shina Caroline Lynn Kamerlin and Paul Bauer
 Q6 comes with ABSOLUTELY NO WARRANTY.  This is free software, and you are welcome
 to redistribute it under certain conditions. For details, add the --help flag.
--> Number of energy files: # Number of files                 =    51
--> No. of states, no. of predefined off-diag elements: # Number of states                 =     2
# Number of off-diagonal elements =     0
--> Give kT & no, of pts to skip   & calculation mode: # kT                              = 0.592
# Number of data points to skip   =   100
# Only QQ interactions will be considered   =   0
--> Give number of gap-bins: # Number of gap-bins              =   100
--> Give minimum # pts/bin: # Minimum number of points per bin=    20
--> Give alpha for state  2:                                                    # Alpha for state  2              =  -520.50
--> Number of off-diagonal elements:# Number of off-diagonal elements =     1
#   i   j   A(i,j)  mu(i,j) eta(i,j) rxy0(i,j)
--> i, j, A_ij, mu_ij, eta_ij, r_xy0: #   1   2     30.00      0.00      0.00      0.00
--> linear combination of states defining reaction coord: # Linear combination co-efficients=  1.00 -1.00


# Part 0: Average energies for all states in all files
# file             state   pts   lambda    EQtot   EQbond  EQang   EQtor   EQimp    EQel   EQvdW  Eel_qq  EvdW_qq Eel_qp  EvdW_qp Eel_qw EvdW_qw Eqrstr
--> Name of file number   1:                                                     
# Energy files from Qdyn, version: 6.0.16 , git id=adc28a635c78993922188615a73366ace3402081                        
fep_050_1.000.en        1      1899  1.000000  -10437.34  -10329.89     5.08     9.50     0.00   -97.17   -24.86   -56.15    10.54   -13.60   -33.75   -27.41    -1.65     0.00
fep_050_1.000.en        2      1899  0.000000   -9617.52   -9662.41   193.89     1.65     0.00  -139.33   -11.32  -142.11    24.53    33.47   -34.10   -30.70    -1.75     0.00
--> Name of file number   2:                                                     
# Energy files from Qdyn, version: 6.0.16 , git id=adc28a635c78993922188615a73366ace3402081                        
fep_049_0.980.en        1      1899  0.980000  -10436.72  -10328.51     4.31     9.71     0.00   -99.22   -23.02   -56.39    12.05   -12.32   -33.22   -30.51    -1.85     0.00
fep_049_0.980.en        2      1899  0.020000   -9717.23   -9754.38   177.97     1.83     0.00  -134.20    -8.45  -139.90    26.94    42.13   -33.43   -36.43    -1.95     0.00
--> Name of file number   3:                                                     
# Energy files from Qdyn, version: 6.0.16 , git id=adc28a635c78993922188615a73366ace3402081                        
fep_048_0.960.en        1      1899  0.960000  -10434.12  -10328.63     5.40     9.55     0.00  -101.13   -19.30   -58.18    16.48   -13.79   -33.87   -29.16    -1.91     0.00
fep_048_0.960.en        2      1899  0.040000   -9881.77   -9906.25   158.50     1.56     0.00  -133.01    -2.57  -134.28    33.59    35.42   -34.14   -34.15    -2.02     0.00
--> Name of file number   4:                                                     
# Energy files from Qdyn, version: 6.0.16 , git id=adc28a635c78993922188615a73366ace3402081                        
fep_047_0.940.en        1      1899  0.940000  -10426.30  -10327.85     6.68     9.83     0.00  -100.24   -14.71   -58.86    21.86   -11.11   -35.14   -30.28    -1.43     0.00
fep_047_0.940.en        2      1899  0.060000  -10028.48  -10051.61   143.64     1.61     0.00  -125.48     3.37  -129.87    40.34    40.39   -35.44   -36.00    -1.53     0.00
--> Name of file number   5:                                                     
# Energy files from Qdyn, version: 6.0.16 , git id=adc28a635c78993922188615a73366ace3402081                        
fep_046_0.920.en        1      1899  0.920000  -10412.22  -10325.69     8.46     9.69     0.00   -98.76    -5.92   -51.72    28.04   -13.09   -34.84   -33.95     0.88     0.00
fep_046_0.920.en        2      1899  0.080000  -10189.92  -10204.43   124.73     1.45     0.00  -124.65    12.97  -126.17    47.33    41.69   -35.07   -40.16     0.71     0.00
--> Name of file number   6:                                                     
# Energy files from Qdyn, version: 6.0.16 , git id=adc28a635c78993922188615a73366ace3402081                        
fep_000_0.900.en        1      1899  0.900000  -10399.00  -10320.05     9.80    10.01     0.00  -103.13     4.37   -47.80    35.13   -20.99   -32.18   -34.33     1.41     0.00
fep_000_0.900.en        2      1899  0.100000  -10340.94  -10350.99   109.56     0.83     0.00  -123.58    23.24  -118.92    54.46    42.00   -32.47   -46.66     1.25     0.00
--> Name of file number   7:                                                     
# Energy files from Qdyn, version: 6.0.16 , git id=adc28a635c78993922188615a73366ace3402081                        
fep_001_0.880.en        1      1899  0.880000  -10385.28  -10311.83    11.60     9.73     0.00  -101.71     6.94   -52.82    40.71   -15.40   -34.77   -33.50     1.00     0.00
fep_001_0.880.en        2      1899  0.120000  -10442.90  -10470.16   109.74     1.13     0.00  -110.59    26.98  -111.24    61.18    40.46   -35.03   -39.82     0.83     0.00
--> Name of file number   8:                                                     
# Energy files from Qdyn, version: 6.0.16 , git id=adc28a635c78993922188615a73366ace3402081                        
fep_002_0.860.en        1      1899  0.860000  -10376.57  -10305.01    13.06    10.26     0.00  -107.51    12.62   -53.65    45.08   -17.16   -33.75   -36.69     1.29     0.00
fep_002_0.860.en        2      1899  0.140000  -10514.40  -10552.29   102.64     1.63     0.00   -98.26    31.87   -93.02    64.77    41.80   -34.04   -47.04     1.14     0.00
--> Name of file number   9:                                                     
# Energy files from Qdyn, version: 6.0.16 , git id=adc28a635c78993922188615a73366ace3402081                        
fep_003_0.840.en        1      1899  0.840000  -10367.32  -10301.77    14.68    10.49     0.00  -109.01    18.29   -49.61    48.63   -20.77   -32.84   -38.63     2.49     0.00
fep_003_0.840.en        2      1899  0.160000  -10572.00  -10607.36    87.89     2.44     0.00   -90.59    35.63   -77.83    66.41    41.45   -33.11   -54.22     2.33     0.00
--> Name of file number  10:                                                     
# Energy files from Qdyn, version: 6.0.16 , git id=adc28a635c78993922188615a73366ace3402081                        
fep_004_0.820.en        1      1899  0.820000  -10356.35  -10293.61    14.72     9.62     0.00  -105.68    18.59   -50.13    50.37   -15.79   -33.91   -39.76     2.13     0.00
fep_004_0.820.en        2      1899  0.180000  -10637.62  -10653.22    93.84     0.82     0.00  -112.20    33.14  -100.16    65.37    45.81   -34.20   -57.85     1.97     0.00
--> Name of file number  11:                                                     
# Energy files from Qdyn, version: 6.0.16 , git id=adc28a635c78993922188615a73366ace3402081                        
fep_005_0.800.en        1      1899  0.800000  -10344.28  -10288.94    15.86    10.08     0.00  -101.46    20.17   -51.59    52.99   -14.12   -35.37   -35.75     2.55     0.00
fep_005_0.800.en        2      1899  0.200000  -10663.57  -10682.04    92.27     0.58     0.00  -106.22    31.84   -99.55    65.05    42.51   -35.61   -49.18     2.40     0.00
--> Name of file number  12:                                                     
# Energy files from Qdyn, version: 6.0.16 , git id=adc28a635c78993922188615a73366ace3402081                        
fep_006_0.780.en        1      1899  0.780000  -10339.77  -10285.64    16.17    11.36     0.00  -105.13    23.47   -51.85    55.76   -18.35   -34.46   -34.93     2.18     0.00
fep_006_0.780.en        2      1899  0.220000  -10689.93  -10704.71    92.44     0.63     0.00  -110.67    32.39   -99.46    65.16    41.40   -34.80   -52.61     2.02     0.00
--> Name of file number  13:                                                     
# Energy files from Qdyn, version: 6.0.16 , git id=adc28a635c78993922188615a73366ace3402081                        
fep_007_0.760.en        1      1899  0.760000  -10334.35  -10281.65    17.03    11.87     0.00  -105.48    23.88   -52.65    57.36   -13.92   -35.50   -38.91     2.02     0.00
fep_007_0.760.en        2      1899  0.240000  -10718.69  -10726.04    88.98     0.49     0.00  -112.45    30.34   -99.16    64.28    44.36   -35.80   -57.66     1.86     0.00
--> Name of file number  14:                                                     
# Energy files from Qdyn, version: 6.0.16 , git id=adc28a635c78993922188615a73366ace3402081                        
fep_008_0.740.en        1      1899  0.740000  -10325.65  -10278.36    18.08    13.27     0.00  -106.31    27.68   -51.26    59.72   -16.55   -33.82   -38.51     1.77     0.00
fep_008_0.740.en        2      1899  0.260000  -10745.74  -10746.13    84.24     1.02     0.00  -116.08    31.21  -100.56    63.75    42.85   -34.14   -58.36     1.60     0.00
--> Name of file number  15:                                                     
# Energy files from Qdyn, version: 6.0.16 , git id=adc28a635c78993922188615a73366ace3402081                        
fep_009_0.720.en        1      1899  0.720000  -10318.20  -10275.22    25.29    13.37     0.00  -107.96    26.32   -49.26    55.95   -18.85   -31.14   -39.85     1.51     0.00
fep_009_0.720.en        2      1899  0.280000  -10788.64  -10776.17    73.36     1.63     0.00  -119.75    32.29  -112.07    62.46    47.45   -31.47   -55.14     1.30     0.00
--> Name of file number  16:                                                     
# Energy files from Qdyn, version: 6.0.16 , git id=adc28a635c78993922188615a73366ace3402081                        
fep_010_0.700.en        1      1899  0.700000  -10319.25  -10275.06    27.25    11.76     0.00  -107.31    24.09   -50.19    54.67   -17.64   -32.14   -39.47     1.57     0.00
fep_010_0.700.en        2      1899  0.300000  -10804.36  -10793.59    74.02     3.56     0.00  -117.24    28.89  -114.11    60.06    47.37   -32.51   -50.50     1.34     0.00
--> Name of file number  17:                                                     
# Energy files from Qdyn, version: 6.0.16 , git id=adc28a635c78993922188615a73366ace3402081                        
fep_011_0.680.en        1      1899  0.680000  -10314.83  -10272.01    26.79    12.73     0.00  -108.39    26.04   -50.63    55.67   -17.57   -31.67   -40.19     2.03     0.00
fep_011_0.680.en        2      1899  0.320000  -10819.87  -10802.91    72.91     3.16     0.00  -121.26    28.24  -113.65    58.43    47.45   -31.99   -55.05     1.80     0.00
--> Name of file number  18:                                                     
# Energy files from Qdyn, version: 6.0.16 , git id=adc28a635c78993922188615a73366ace3402081                        
fep_012_0.660.en        1      1899  0.660000  -10312.91  -10269.70    28.40    11.94     0.00  -109.27    25.72   -51.76    55.45   -18.39   -31.47   -39.12     1.74     0.00
fep_012_0.660.en        2      1899  0.340000  -10828.14  -10810.70    74.34     3.85     0.00  -122.19    26.57  -115.36    56.73    44.95   -31.69   -51.79     1.54     0.00
--> Name of file number  19:                                                     
# Energy files from Qdyn, version: 6.0.16 , git id=adc28a635c78993922188615a73366ace3402081                        
fep_013_0.640.en        1      1899  0.640000  -10303.71  -10266.03    27.26    14.44     0.00  -108.51    29.13   -51.59    57.33   -21.85   -30.49   -35.06     2.30     0.00
fep_013_0.640.en        2      1899  0.360000  -10833.96  -10815.95    72.19     3.11     0.00  -120.52    27.21  -113.81    55.82    42.85   -30.71   -49.55     2.09     0.00
--> Name of file number  20:                                                     
# Energy files from Qdyn, version: 6.0.16 , git id=adc28a635c78993922188615a73366ace3402081                        
fep_014_0.620.en        1      1899  0.620000  -10305.34  -10261.86    26.19    15.47     0.00  -113.88    28.73   -52.86    57.98   -20.68   -32.33   -40.33     3.07     0.00
fep_014_0.620.en        2      1899  0.380000  -10848.42  -10819.59    73.01     3.11     0.00  -130.15    25.21  -115.44    54.87    41.38   -32.53   -56.09     2.88     0.00
--> Name of file number  21:                                                     
# Energy files from Qdyn, version: 6.0.16 , git id=adc28a635c78993922188615a73366ace3402081                        
fep_015_0.600.en        1      1899  0.600000  -10295.44  -10257.80    26.06    15.50     0.00  -109.25    30.05   -52.19    59.46   -18.02   -31.76   -39.03     2.35     0.00
fep_015_0.600.en        2      1899  0.400000  -10851.74  -10824.60    70.36     2.63     0.00  -124.06    23.93  -113.81    53.82    43.06   -32.02   -53.30     2.13     0.00
--> Name of file number  22:                                                     
# Energy files from Qdyn, version: 6.0.16 , git id=adc28a635c78993922188615a73366ace3402081                        
fep_016_0.580.en        1      1899  0.580000  -10292.79  -10255.17    26.79    14.06     0.00  -108.20    29.72   -53.14    58.06   -12.79   -31.49   -42.26     3.16     0.00
fep_016_0.580.en        2      1899  0.420000  -10860.11  -10830.83    70.95     3.88     0.00  -126.99    22.88  -114.18    51.58    47.24   -31.63   -60.04     2.92     0.00
--> Name of file number  23:                                                     
# Energy files from Qdyn, version: 6.0.16 , git id=adc28a635c78993922188615a73366ace3402081                        
fep_017_0.560.en        1      1899  0.560000  -10285.78  -10249.75    25.56    14.50     0.00  -108.19    32.10   -52.03    62.26   -17.08   -32.59   -39.08     2.44     0.00
fep_017_0.560.en        2      1899  0.440000  -10867.92  -10832.28    67.29     2.75     0.00  -126.45    20.78  -113.40    51.27    44.02   -32.71   -57.07     2.22     0.00
--> Name of file number  24:                                                     
# Energy files from Qdyn, version: 6.0.16 , git id=adc28a635c78993922188615a73366ace3402081                        
fep_018_0.540.en        1      1899  0.540000  -10285.40  -10248.40    27.16    13.87     0.00  -104.33    26.30   -54.22    58.96   -10.83   -34.68   -39.28     2.03     0.00
fep_018_0.540.en        2      1899  0.460000  -10878.60  -10838.67    68.52     3.70     0.00  -128.25    16.10  -117.68    49.17    46.06   -34.89   -56.62     1.82     0.00
--> Name of file number  25:                                                     
# Energy files from Qdyn, version: 6.0.16 , git id=adc28a635c78993922188615a73366ace3402081                        
fep_019_0.520.en        1      1899  0.520000  -10281.61  -10243.61    28.39    13.56     0.00  -107.95    27.99   -54.42    59.22   -13.88   -33.68   -39.66     2.46     0.00
fep_019_0.520.en        2      1899  0.480000  -10884.11  -10841.26    68.64     3.21     0.00  -130.71    16.03  -118.40    47.66    42.52   -33.90   -54.83     2.26     0.00
--> Name of file number  26:                                                     
# Energy files from Qdyn, version: 6.0.16 , git id=adc28a635c78993922188615a73366ace3402081                        
fep_020_0.500.en        1      1899  0.500000  -10271.04  -10238.16    27.35    15.12     0.00  -101.98    26.62   -56.23    60.39   -13.70   -33.97   -32.04     0.20     0.00
fep_020_0.500.en        2      1899  0.500000  -10891.11  -10845.23    68.20     2.91     0.00  -129.84    12.85  -119.25    46.94    43.36   -34.14   -53.95     0.04     0.00
--> Name of file number  27:                                                     
# Energy files from Qdyn, version: 6.0.16 , git id=adc28a635c78993922188615a73366ace3402081                        
fep_021_0.480.en        1      1899  0.480000  -10265.98  -10235.61    28.33    13.43     0.00  -100.53    28.41   -54.06    60.40    -7.68   -34.02   -38.79     2.03     0.00
fep_021_0.480.en        2      1899  0.520000  -10895.49  -10848.62    64.12     4.06     0.00  -128.26    13.22  -117.63    45.47    47.84   -34.08   -58.47     1.82     0.00
--> Name of file number  28:                                                     
# Energy files from Qdyn, version: 6.0.16 , git id=adc28a635c78993922188615a73366ace3402081                        
fep_022_0.460.en        1      1899  0.460000  -10259.73  -10228.93    29.33    13.55     0.00  -102.23    28.55   -54.41    60.71    -8.98   -33.96   -38.84     1.80     0.00
fep_022_0.460.en        2      1899  0.540000  -10900.70  -10851.47    65.47     4.13     0.00  -130.72    11.89  -117.34    44.17    46.27   -33.87   -59.64     1.59     0.00
--> Name of file number  29:                                                     
# Energy files from Qdyn, version: 6.0.16 , git id=adc28a635c78993922188615a73366ace3402081                        
fep_023_0.440.en        1      1899  0.440000  -10254.76  -10224.38    27.33    14.50     0.00  -103.59    31.37   -53.95    63.12   -12.27   -34.44   -37.38     2.68     0.00
fep_023_0.440.en        2      1899  0.560000  -10904.33  -10853.67    64.26     3.14     0.00  -130.29    12.23  -116.02    44.31    45.77   -34.55   -60.04     2.47     0.00
--> Name of file number  30:                                                     
# Energy files from Qdyn, version: 6.0.16 , git id=adc28a635c78993922188615a73366ace3402081                        
fep_024_0.420.en        1      1899  0.420000  -10242.68  -10219.76    27.49    15.01     0.00   -97.78    32.35   -54.42    64.15    -7.68   -33.99   -35.68     2.20     0.00
fep_024_0.420.en        2      1899  0.580000  -10904.14  -10855.99    63.85     3.56     0.00  -126.92    11.37  -116.45    43.59    48.59   -34.20   -59.06     1.98     0.00
--> Name of file number  31:                                                     
# Energy files from Qdyn, version: 6.0.16 , git id=adc28a635c78993922188615a73366ace3402081                        
fep_025_0.400.en        1      1899  0.400000  -10233.26  -10211.61    28.19    15.49     0.00   -92.49    27.15   -55.46    61.58    -4.81   -36.28   -32.21     1.85     0.00
fep_025_0.400.en        2      1899  0.600000  -10915.80  -10857.85    60.26     3.90     0.00  -128.54     6.43  -120.79    41.23    46.07   -36.46   -53.82     1.66     0.00
--> Name of file number  32:                                                     
# Energy files from Qdyn, version: 6.0.16 , git id=adc28a635c78993922188615a73366ace3402081                        
fep_026_0.380.en        1      1899  0.380000  -10223.22  -10205.15    27.98    15.09     0.00   -89.02    27.88   -55.08    62.87    -3.34   -37.37   -30.60     2.38     0.00
fep_026_0.380.en        2      1899  0.620000  -10918.35  -10860.47    59.19     3.84     0.00  -126.36     5.44  -119.68    40.72    47.99   -37.48   -54.67     2.20     0.00
--> Name of file number  33:                                                     
# Energy files from Qdyn, version: 6.0.16 , git id=adc28a635c78993922188615a73366ace3402081                        
fep_027_0.360.en        1      1899  0.360000  -10216.78  -10198.07    28.92    15.06     0.00   -90.87    28.18   -55.28    62.75     0.99   -37.02   -36.58     2.44     0.00
fep_027_0.360.en        2      1899  0.640000  -10922.07  -10862.95    59.26     4.09     0.00  -126.76     4.29  -120.67    39.25    51.22   -37.21   -57.31     2.25     0.00
--> Name of file number  34:                                                     
# Energy files from Qdyn, version: 6.0.16 , git id=adc28a635c78993922188615a73366ace3402081                        
fep_028_0.340.en        1      1899  0.340000  -10207.50  -10190.37    28.79    14.84     0.00   -89.37    28.61   -55.54    63.55     0.75   -36.79   -34.59     1.84     0.00
fep_028_0.340.en        2      1899  0.660000  -10929.44  -10864.68    55.96     5.30     0.00  -129.76     3.74  -123.16    39.03    48.77   -36.95   -55.37     1.67     0.00
--> Name of file number  35:                                                     
# Energy files from Qdyn, version: 6.0.16 , git id=adc28a635c78993922188615a73366ace3402081                        
fep_029_0.320.en        1      1899  0.320000  -10193.89  -10179.88    29.06    14.97     0.00   -89.28    31.24   -55.38    64.30    -0.45   -35.43   -33.44     2.37     0.00
fep_029_0.320.en        2      1899  0.680000  -10934.24  -10866.74    54.39     4.96     0.00  -130.89     4.03  -124.12    37.46    49.59   -35.61   -56.36     2.18     0.00
--> Name of file number  36:                                                     
# Energy files from Qdyn, version: 6.0.16 , git id=adc28a635c78993922188615a73366ace3402081                        
fep_030_0.300.en        1      1899  0.300000  -10180.47  -10168.03    28.93    15.13     0.00   -86.53    30.02   -55.53    64.18     2.01   -36.72   -33.00     2.56     0.00
fep_030_0.300.en        2      1899  0.700000  -10941.66  -10868.54    52.89     5.61     0.00  -133.35     1.73  -125.68    36.29    48.75   -36.93   -56.43     2.37     0.00
--> Name of file number  37:                                                     
# Energy files from Qdyn, version: 6.0.16 , git id=adc28a635c78993922188615a73366ace3402081                        
fep_031_0.280.en        1      1899  0.280000  -10160.61  -10152.97    28.05    15.33     0.00   -81.15    30.13   -55.23    66.21     3.94   -38.84   -29.86     2.76     0.00
fep_031_0.280.en        2      1899  0.720000  -10945.71  -10870.00    52.21     3.55     0.00  -130.95    -0.51  -126.21    35.76    49.34   -38.85   -54.08     2.58     0.00
--> Name of file number  38:                                                     
# Energy files from Qdyn, version: 6.0.16 , git id=adc28a635c78993922188615a73366ace3402081                        
fep_032_0.260.en        1      1899  0.260000  -10135.86  -10136.33    29.67    15.04     0.00   -74.96    30.73   -55.03    67.42     4.79   -38.61   -24.72     1.92     0.00
fep_032_0.260.en        2      1899  0.740000  -10947.21  -10871.39    50.45     3.59     0.00  -127.74    -2.12  -127.66    34.83    50.93   -38.71   -51.02     1.75     0.00
--> Name of file number  39:                                                     
# Energy files from Qdyn, version: 6.0.16 , git id=adc28a635c78993922188615a73366ace3402081                        
fep_033_0.240.en        1      1899  0.240000  -10092.13  -10102.05    23.04    15.15     0.00   -75.36    47.09   -54.40    80.52     5.40   -37.43   -26.36     3.99     0.00
fep_033_0.240.en        2      1899  0.760000  -10956.52  -10872.11    46.25     1.62     0.00  -130.77    -1.52  -126.74    32.16    53.15   -37.47   -57.18     3.80     0.00
--> Name of file number  40:                                                     
# Energy files from Qdyn, version: 6.0.16 , git id=adc28a635c78993922188615a73366ace3402081                        
fep_034_0.220.en        1      1899  0.220000  -10063.73  -10075.05    22.48    15.56     0.00   -77.18    50.46   -53.56    83.29     4.68   -37.57   -28.31     4.74     0.00
fep_034_0.220.en        2      1899  0.780000  -10964.22  -10873.26    43.04     1.63     0.00  -133.21    -2.42  -128.17    30.73    53.60   -37.67   -58.64     4.53     0.00
--> Name of file number  41:                                                     
# Energy files from Qdyn, version: 6.0.16 , git id=adc28a635c78993922188615a73366ace3402081                        
fep_035_0.200.en        1      1899  0.200000  -10029.90  -10041.89    22.38    15.30     0.00   -75.57    49.88   -53.00    84.34     0.63   -38.22   -23.20     3.76     0.00
fep_035_0.200.en        2      1899  0.800000  -10971.29  -10874.12    40.37     1.33     0.00  -133.53    -5.35  -130.04    29.34    51.91   -38.22   -55.40     3.53     0.00
--> Name of file number  42:                                                     
# Energy files from Qdyn, version: 6.0.16 , git id=adc28a635c78993922188615a73366ace3402081                        
fep_036_0.180.en        1      1899  0.180000   -9973.31   -9989.07    23.36    15.27     0.00   -71.60    48.73   -52.85    83.58     3.28   -38.66   -22.03     3.81     0.00
fep_036_0.180.en        2      1899  0.820000  -10982.36  -10875.01    36.31     1.37     0.00  -137.56    -7.47  -135.47    27.54    53.68   -38.61   -55.76     3.59     0.00
--> Name of file number  43:                                                     
# Energy files from Qdyn, version: 6.0.16 , git id=adc28a635c78993922188615a73366ace3402081                        
fep_037_0.160.en        1      1899  0.160000   -9881.50   -9899.39    25.19    15.36     0.00   -66.93    44.28   -53.34    79.50     7.50   -38.17   -21.09     2.95     0.00
fep_037_0.160.en        2      1899  0.840000  -11003.33  -10875.48    29.62     1.81     0.00  -149.84    -9.45  -146.96    26.02    54.24   -38.21   -57.11     2.74     0.00
--> Name of file number  44:                                                     
# Energy files from Qdyn, version: 6.0.16 , git id=adc28a635c78993922188615a73366ace3402081                        
fep_038_0.140.en        1      1899  0.140000   -9767.23   -9775.10    33.19    15.58     0.00   -79.85    38.96   -54.56    71.65    -2.31   -36.12   -22.98     3.43     0.00
fep_038_0.140.en        2      1899  0.860000  -11027.33  -10877.24    24.33     5.16     0.00  -172.44    -7.15  -164.59    25.80    48.91   -36.18   -56.77     3.23     0.00
--> Name of file number  45:                                                     
# Energy files from Qdyn, version: 6.0.16 , git id=adc28a635c78993922188615a73366ace3402081                        
fep_039_0.120.en        1      1899  0.120000   -9717.92   -9788.65    56.46    15.99     0.00   -43.72    42.00   -26.70    76.02    22.58   -38.15   -39.60     4.13     0.00
fep_039_0.120.en        2      1899  0.880000  -10870.28  -10873.08    25.53     3.32     0.00   -10.24   -15.82   -14.18    18.40    76.02   -38.21   -72.08     3.99     0.00
--> Name of file number  46:                                                     
# Energy files from Qdyn, version: 6.0.16 , git id=adc28a635c78993922188615a73366ace3402081                        
fep_040_0.100.en        1      1899  0.100000   -9703.87   -9753.00    50.26    16.35     0.00   -60.05    42.57   -24.81    73.78     2.41   -36.44   -37.65     5.24     0.00
fep_040_0.100.en        2      1899  0.900000  -10893.67  -10876.72    18.98     3.86     0.00   -24.67   -15.12   -13.75    16.21    59.88   -36.43   -70.80     5.10     0.00
--> Name of file number  47:                                                     
# Energy files from Qdyn, version: 6.0.16 , git id=adc28a635c78993922188615a73366ace3402081                        
fep_041_0.080.en        1      1899  0.080000   -9662.62   -9701.05    45.59    16.35     0.00   -61.59    38.08   -24.85    70.20     1.72   -36.42   -38.45     4.31     0.00
fep_041_0.080.en        2      1899  0.920000  -10905.77  -10878.09    12.01     4.29     0.00   -26.61   -17.37   -13.62    14.91    59.44   -36.46   -72.43     4.18     0.00
--> Name of file number  48:                                                     
# Energy files from Qdyn, version: 6.0.16 , git id=adc28a635c78993922188615a73366ace3402081                        
fep_042_0.060.en        1      1899  0.060000   -9621.80   -9666.79    56.91    16.74     0.00   -64.90    36.24   -25.20    68.63    -2.67   -36.20   -37.02     3.81     0.00
fep_042_0.060.en        2      1899  0.940000  -10913.43  -10879.31    10.20     4.69     0.00   -31.30   -17.71   -17.35    14.64    56.47   -36.05   -70.42     3.70     0.00
--> Name of file number  49:                                                     
# Energy files from Qdyn, version: 6.0.16 , git id=adc28a635c78993922188615a73366ace3402081                        
fep_043_0.040.en        1      1899  0.040000   -9574.27   -9639.05    70.08    16.03     0.00   -57.32    36.00   -25.52    68.37     3.65   -36.12   -35.46     3.75     0.00
fep_043_0.040.en        2      1899  0.960000  -10911.59  -10879.47     8.54     3.81     0.00   -26.03   -18.43   -16.57    13.98    60.55   -36.04   -70.01     3.63     0.00
--> Name of file number  50:                                                     
# Energy files from Qdyn, version: 6.0.16 , git id=adc28a635c78993922188615a73366ace3402081                        
fep_044_0.020.en        1      1899  0.020000   -9545.54   -9613.64    77.16    16.59     0.00   -61.98    36.32   -26.41    69.38     3.83   -36.42   -39.40     3.36     0.00
fep_044_0.020.en        2      1899  0.980000  -10922.56  -10880.23     7.35     3.98     0.00   -34.59   -19.07   -17.82    14.13    57.34   -36.44   -74.11     3.24     0.00
--> Name of file number  51:                                                     
# Energy files from Qdyn, version: 6.0.16 , git id=adc28a635c78993922188615a73366ace3402081                        
fep_045_0.000.en        1      1899  0.000000   -9506.74   -9591.62    88.64    16.45     0.00   -56.54    36.34   -27.01    69.32     7.19   -36.90   -36.72     3.92     0.00
fep_045_0.000.en        2      1899  1.000000  -10919.87  -10880.52     6.49     3.73     0.00   -29.77   -19.81   -17.32    13.19    59.75   -36.80   -72.20     3.80     0.00


# Part 1: Free energy perturbation summary:

# Calculation for full system
# lambda(1)      dGf sum(dGf)      dGr sum(dGr)     <dG>
   1.000000     0.000     0.000    -5.492  1104.527     0.000
   0.980000     4.285     4.285    -2.033  1110.020     4.889
   0.960000     2.420     6.706     1.032  1112.053     7.116
   0.940000    -1.195     5.511     4.246  1111.021     6.002
   0.920000    -3.914     1.597     8.324  1106.775     1.923
   0.900000    -7.504    -5.907    10.518  1098.452    -5.991
   0.880000   -10.086   -15.993    12.403  1087.933   -16.293
   0.860000   -12.528   -28.520    13.766  1075.530   -28.759
   0.840000   -13.914   -42.434    15.674  1061.764   -42.599
   0.820000   -15.115   -57.550    16.347  1046.090   -57.994
   0.800000   -16.333   -73.883    17.094  1029.743   -74.334
   0.780000   -17.204   -91.087    17.810  1012.649   -91.483
   0.760000   -17.745  -108.832    18.524   994.839  -109.260
   0.740000   -18.370  -127.202    19.647   976.315  -127.707
   0.720000   -19.045  -146.247    19.999   956.667  -147.053
   0.700000   -19.972  -166.219    20.380   936.669  -167.039
   0.680000   -20.221  -186.440    20.581   916.289  -187.339
   0.660000   -20.636  -207.076    20.911   895.708  -207.947
   0.640000   -20.852  -227.928    21.144   874.798  -228.829
   0.620000   -21.117  -249.045    21.422   853.653  -249.960
   0.600000   -21.392  -270.437    21.644   832.231  -271.367
   0.580000   -21.651  -292.088    21.963   810.587  -293.014
   0.560000   -21.875  -313.963    22.189   788.624  -314.933
   0.540000   -22.147  -336.110    22.357   766.436  -337.101
   0.520000   -22.357  -358.467    22.698   744.078  -359.458
   0.500000   -22.565  -381.033    22.918   721.381  -382.090
   0.480000   -22.927  -403.960    23.105   698.463  -405.012
   0.460000   -23.083  -427.043    23.316   675.358  -428.106
   0.440000   -23.366  -450.409    23.531   652.042  -451.447
   0.420000   -23.490  -473.899    23.917   628.512  -474.957
   0.400000   -23.756  -497.655    24.190   604.595  -498.794
   0.380000   -24.206  -521.861    24.371   580.405  -522.992
   0.360000   -24.443  -546.304    24.691   556.033  -547.399
   0.340000   -24.654  -570.958    25.067   531.342  -572.072
   0.320000   -25.008  -595.966    25.484   506.275  -597.109
   0.300000   -25.381  -621.348    25.876   480.791  -622.542
   0.280000   -25.784  -647.132    26.411   454.915  -648.372
   0.260000   -26.419  -673.550    27.402   428.503  -674.787
   0.240000   -26.896  -700.446    27.985   401.101  -701.936
   0.220000   -28.085  -728.531    28.723   373.116  -729.971
   0.200000   -28.842  -757.373    29.604   344.393  -758.754
   0.180000   -29.938  -787.311    31.665   314.789  -788.525
   0.160000   -31.950  -819.261    33.860   283.124  -820.332
   0.140000   -34.424  -853.686    32.280   249.264  -854.474
   0.120000   -37.846  -891.531    33.691   216.985  -889.537
   0.100000   -34.682  -926.213    34.800   183.294  -923.723
   0.080000   -34.750  -960.963    35.822   148.494  -958.498
   0.060000   -35.724  -996.687    36.710   112.672  -994.271
   0.040000   -36.563 -1033.250    37.585    75.962 -1030.908
   0.020000   -37.559 -1070.809    38.377    38.377 -1068.480
   0.000000   -38.268 -1109.077     0.000     0.000 -1106.802

# Min energy-gap is:   -417.65
# Max energy-gap is:   2053.80



# Part 2: Reaction free energy summary:
# Lambda(1)  bin Energy gap      dGa     dGb     dGg    # pts    c1**2    c2**2
   1.000000    1    -405.29       0.00     394.87      -2.23     54     0.995     0.005
   1.000000    2    -380.58       0.00     370.24      -2.36    167     0.994     0.006
   1.000000    3    -355.86       0.00     345.88      -2.52    280     0.993     0.007
   1.000000    4    -331.15       0.00     321.33      -2.69    293     0.992     0.008
   1.000000    5    -306.43       0.00     296.39      -2.91    293     0.991     0.009
   1.000000    6    -281.72       0.00     271.42      -3.19    282     0.989     0.011
   1.000000    7    -257.01       0.00     247.08      -3.44    210     0.987     0.013
   1.000000    8    -232.29       0.00     222.23      -3.82    122     0.984     0.016
   1.000000    9    -207.58       0.00     199.21      -4.22     86     0.981     0.019
   1.000000   10    -182.86       0.00     172.49      -4.80     29     0.975     0.025
   1.000000   11    -158.15       0.00     147.57      -5.59     42     0.967     0.033
   0.980000    3    -355.86      -2.22     345.26      -4.73     40     0.993     0.007
   0.980000    4    -331.15      -1.76     319.18      -4.44     49     0.992     0.008
   0.980000    5    -306.43      -1.25     295.24      -4.15    105     0.991     0.009
   0.980000    6    -281.72      -0.74     270.98      -3.90    159     0.989     0.011
   0.980000    7    -257.01      -0.28     246.87      -3.71    197     0.987     0.013
   0.980000    8    -232.29       0.23     222.31      -3.57    237     0.984     0.016
   0.980000    9    -207.58       0.71     198.32      -3.52    201     0.980     0.020
   0.980000   10    -182.86       1.19     174.05      -3.57    197     0.975     0.025
   0.980000   11    -158.15       1.72     149.88      -3.79    237     0.967     0.033
   0.980000   12    -133.43       2.19     126.08      -4.23    160     0.956     0.044
   0.980000   13    -108.72       2.71     101.44      -5.14    106     0.937     0.063
   0.980000   14     -84.00       3.18      77.96      -6.62     92     0.907     0.093
   0.980000   15     -59.29       3.67      53.41      -9.41     87     0.853     0.147
   0.980000   16     -34.57       4.08      28.50     -14.65     21     0.773     0.227
   0.960000   11    -158.15       0.83     149.12      -4.70     60     0.966     0.034
   0.960000   12    -133.43       1.73     125.49      -4.67    124     0.955     0.045
   0.960000   13    -108.72       2.71     101.65      -5.01    155     0.937     0.063
   0.960000   14     -84.00       3.73      77.83      -6.09    233     0.904     0.096
   0.960000   15     -59.29       4.69      54.16      -8.37    256     0.849     0.151
   0.960000   16     -34.57       5.62      30.98     -12.91    176     0.754     0.246
   0.960000   17      -9.86       6.66       6.88     -22.28    200     0.577     0.423
   0.960000   18      14.85       7.63     -16.51     -36.16    245     0.384     0.616
   0.960000   19      39.57       8.65     -40.42     -54.27    193     0.225     0.775
   0.960000   20      64.28       9.57     -64.13     -74.54    124     0.140     0.860
   0.960000   21      89.00      10.50     -87.16     -95.45     47     0.091     0.909
   0.960000   22     113.71      11.69    -110.76    -117.63     23     0.057     0.943
   0.940000   16     -34.57       3.84      28.59     -15.20     31     0.735     0.265
   0.940000   17      -9.86       5.29       5.59     -23.58     60     0.573     0.427
   0.940000   18      14.85       6.76     -17.04     -36.72    108     0.380     0.620
   0.940000   19      39.57       8.31     -40.88     -54.69    149     0.221     0.779
   0.940000   20      64.28       9.72     -63.46     -73.89    185     0.136     0.864
   0.940000   21      89.00      11.19     -86.66     -94.96    212     0.086     0.914
   0.940000   22     113.71      12.64    -110.24    -117.05    249     0.059     0.941
   0.940000   23     138.43      14.12    -133.54    -139.31    216     0.042     0.958
   0.940000   24     163.14      15.66    -156.44    -161.45    203     0.031     0.969
   0.940000   25     187.86      17.10    -180.19    -184.59    166     0.024     0.976
   0.940000   26     212.57      18.65    -203.24    -207.19    160     0.019     0.981
   0.940000   27     237.28      19.97    -225.77    -229.35     90     0.016     0.984
   0.940000   28     262.00      21.45    -249.57    -252.81     43     0.013     0.987
   0.940000   29     286.71      22.98    -271.10    -274.11     22     0.011     0.989
   0.920000   23     138.43      13.18    -135.00    -140.78     21     0.039     0.961
   0.920000   24     163.14      14.77    -157.25    -162.24     49     0.031     0.969
   0.920000   25     187.86      16.81    -180.34    -184.74     92     0.023     0.977
   0.920000   26     212.57      18.73    -203.13    -207.07    133     0.019     0.981
   0.920000   27     237.28      20.71    -225.65    -229.21    188     0.015     0.985
   0.920000   28     262.00      22.59    -248.39    -251.64    214     0.013     0.987
   0.920000   29     286.71      24.59    -271.18    -274.17    215     0.011     0.989
   0.920000   30     311.43      26.57    -293.86    -296.62    242     0.009     0.991
   0.920000   31     336.14      28.57    -316.60    -319.17    221     0.008     0.992
   0.920000   32     360.86      30.56    -339.35    -341.75    223     0.007     0.993
   0.920000   33     385.57      32.39    -361.58    -363.84    145     0.006     0.994
   0.920000   34     410.29      34.45    -384.68    -386.81     63     0.005     0.995
   0.920000   35     435.00      36.31    -407.32    -409.33     36     0.005     0.995
   0.920000   36     459.72      38.43    -430.23    -432.14     29     0.004     0.996
   0.900000   31     336.14      27.37    -317.37    -319.95     25     0.008     0.992
   0.900000   32     360.86      29.73    -339.83    -342.23     65     0.007     0.993
   0.900000   33     385.57      32.23    -362.21    -364.47    107     0.006     0.994
   0.900000   34     410.29      34.71    -384.49    -386.61    221     0.005     0.995
   0.900000   35     435.00      37.16    -406.61    -408.61    313     0.005     0.995
   0.900000   36     459.72      39.58    -428.79    -430.69    326     0.004     0.996
   0.900000   37     484.43      42.07    -450.74    -452.55    326     0.004     0.996
   0.900000   38     509.14      44.36    -472.65    -474.37    243     0.003     0.997
   0.900000   39     533.86      46.94    -495.27    -496.91    159     0.003     0.997
   0.900000   40     558.57      49.31    -516.78    -518.36     81     0.003     0.997
   0.880000   36     459.72      38.69    -429.99    -431.89     41     0.004     0.996
   0.880000   37     484.43      41.65    -451.79    -453.60     94     0.004     0.996
   0.880000   38     509.14      44.33    -472.69    -474.41    154     0.003     0.997
   0.880000   39     533.86      47.30    -494.75    -496.40    206     0.003     0.997
   0.880000   40     558.57      50.17    -516.59    -518.16    297     0.003     0.997
   0.880000   41     583.29      53.18    -538.40    -539.90    391     0.003     0.997
   0.880000   42     608.00      56.13    -559.84    -561.29    292     0.002     0.998
   0.880000   43     632.72      59.05    -582.04    -583.44    194     0.002     0.998
   0.880000   44     657.43      61.93    -603.30    -604.64    122     0.002     0.998
   0.880000   45     682.15      64.96    -625.31    -626.61     50     0.002     0.998
   0.880000   46     706.86      67.58    -646.38    -647.63     33     0.002     0.998
   0.860000   40     558.57      49.68    -518.20    -519.78     37     0.003     0.997
   0.860000   41     583.29      52.25    -538.97    -540.48    155     0.003     0.997
   0.860000   42     608.00      55.77    -560.25    -561.70    237     0.002     0.998
   0.860000   43     632.72      59.23    -581.62    -583.02    287     0.002     0.998
   0.860000   44     657.43      62.68    -602.63    -603.97    396     0.002     0.998
   0.860000   45     682.15      65.99    -623.75    -625.05    341     0.002     0.998
   0.860000   46     706.86      69.44    -645.02    -646.27    206     0.002     0.998
   0.860000   47     731.57      72.74    -666.32    -667.53    148     0.002     0.998
   0.860000   48     756.29      76.27    -685.80    -686.97     62     0.002     0.998
   0.840000   42     608.00      54.00    -562.41    -563.86     25     0.002     0.998
   0.840000   43     632.72      57.99    -582.59    -583.98     72     0.002     0.998
   0.840000   44     657.43      61.84    -603.22    -604.56    151     0.002     0.998
   0.840000   45     682.15      65.77    -624.02    -625.31    252     0.002     0.998
   0.840000   46     706.86      69.63    -644.66    -645.91    340     0.002     0.998
   0.840000   47     731.57      73.53    -665.48    -666.69    332     0.002     0.998
   0.840000   48     756.29      77.55    -686.18    -687.35    356     0.002     0.998
   0.840000   49     781.00      81.37    -706.50    -707.64    250     0.001     0.999
   0.840000   50     805.72      85.35    -727.12    -728.22    102     0.001     0.999
   0.820000   47     731.57      72.90    -666.32    -667.53     56     0.002     0.998
   0.820000   48     756.29      77.47    -686.61    -687.78    196     0.002     0.998
   0.820000   49     781.00      81.62    -706.58    -707.71    449     0.001     0.999
   0.820000   50     805.72      86.06    -726.46    -727.56    607     0.001     0.999
   0.820000   51     830.43      90.25    -746.93    -748.00    412     0.001     0.999
   0.820000   52     855.15      94.53    -766.64    -767.68    139     0.001     0.999
   0.820000   53     879.86      98.83    -786.59    -787.60     26     0.001     0.999
   0.800000   48     756.29      76.48    -687.10    -688.27     52     0.002     0.998
   0.800000   49     781.00      81.01    -707.13    -708.26    179     0.001     0.999
   0.800000   50     805.72      85.70    -726.72    -727.82    318     0.001     0.999
   0.800000   51     830.43      90.63    -746.63    -747.70    427     0.001     0.999
   0.800000   52     855.15      95.50    -766.28    -767.32    437     0.001     0.999
   0.800000   53     879.86     100.33    -785.69    -786.69    366     0.001     0.999
   0.800000   54     904.58     105.19    -804.95    -805.93    102     0.001     0.999
   0.780000   50     805.72      85.28    -727.83    -728.93     82     0.001     0.999
   0.780000   51     830.43      90.07    -746.96    -748.03    296     0.001     0.999
   0.780000   52     855.15      95.32    -766.07    -767.11    491     0.001     0.999
   0.780000   53     879.86     100.59    -785.23    -786.24    545     0.001     0.999
   0.780000   54     904.58     105.99    -804.35    -805.33    334     0.001     0.999
   0.780000   55     929.29     111.31    -823.48    -824.43    130     0.001     0.999
   0.760000   51     830.43      88.97    -748.59    -749.66     30     0.001     0.999
   0.760000   52     855.15      94.81    -766.68    -767.72    126     0.001     0.999
   0.760000   53     879.86     100.57    -785.46    -786.46    475     0.001     0.999
   0.760000   54     904.58     106.27    -803.84    -804.82    614     0.001     0.999
   0.760000   55     929.29     112.05    -822.46    -823.41    480     0.001     0.999
   0.760000   56     954.01     117.73    -840.49    -841.42    131     0.001     0.999
   0.760000   57     978.72     123.70    -859.56    -860.47     34     0.001     0.999
   0.740000   53     879.86      99.55    -786.15    -787.16     78     0.001     0.999
   0.740000   54     904.58     105.88    -804.41    -805.39    241     0.001     0.999
   0.740000   55     929.29     112.24    -822.46    -823.42    636     0.001     0.999
   0.740000   56     954.01     118.53    -840.75    -841.68    575     0.001     0.999
   0.740000   57     978.72     124.67    -858.34    -859.25    310     0.001     0.999
   0.740000   58    1003.43     130.81    -874.89    -875.78     43     0.001     0.999
   0.720000   55     929.29     113.12    -823.89    -824.85     33     0.001     0.999
   0.720000   56     954.01     118.58    -841.22    -842.15    202     0.001     0.999
   0.720000   57     978.72     125.25    -858.75    -859.66    686     0.001     0.999
   0.720000   58    1003.43     131.84    -876.32    -877.21    739     0.001     0.999
   0.720000   59    1028.15     138.47    -893.63    -894.49    220     0.001     0.999
   0.700000   56     954.01     118.34    -841.57    -842.50     23     0.001     0.999
   0.700000   57     978.72     125.27    -859.26    -860.17    396     0.001     0.999
   0.700000   58    1003.43     131.87    -876.15    -877.04    928     0.001     0.999
   0.700000   59    1028.15     138.88    -892.52    -893.38    494     0.001     0.999
   0.700000   60    1052.86     146.02    -906.80    -907.65     55     0.001     0.999
   0.680000   57     978.72     124.61    -859.78    -860.69     82     0.001     0.999
   0.680000   58    1003.43     131.86    -876.43    -877.31    507     0.001     0.999
   0.680000   59    1028.15     139.16    -892.77    -893.63    854     0.001     0.999
   0.680000   60    1052.86     146.91    -908.80    -909.64    423     0.001     0.999
   0.680000   61    1077.58     154.45    -917.84    -918.67     32     0.001     0.999
   0.660000   57     978.72     123.10    -860.86    -861.77     22     0.001     0.999
   0.660000   58    1003.43     131.44    -876.74    -877.62    280     0.001     0.999
   0.660000   59    1028.15     139.22    -892.71    -893.57    842     0.001     0.999
   0.660000   60    1052.86     147.15    -908.47    -909.31    599     0.001     0.999
   0.660000   61    1077.58     155.50    -924.60    -925.42    151     0.001     0.999
   0.640000   58    1003.43     133.30    -877.17    -878.06     44     0.001     0.999
   0.640000   59    1028.15     138.98    -893.04    -893.90    503     0.001     0.999
   0.640000   60    1052.86     147.34    -908.39    -909.23    929     0.001     0.999
   0.640000   61    1077.58     155.90    -923.33    -924.16    411     0.001     0.999
   0.620000   59    1028.15     138.21    -893.39    -894.25    211     0.001     0.999
   0.620000   60    1052.86     147.27    -908.62    -909.47    758     0.001     0.999
   0.620000   61    1077.58     156.26    -923.29    -924.12    764     0.001     0.999
   0.620000   62    1102.29     165.35    -938.07    -938.88    150     0.001     0.999
   0.600000   59    1028.15     139.73    -894.43    -895.29     44     0.001     0.999
   0.600000   60    1052.86     147.09    -908.89    -909.73    466     0.001     0.999
   0.600000   61    1077.58     156.47    -923.31    -924.14    938     0.001     0.999
   0.600000   62    1102.29     166.04    -937.55    -938.36    415     0.001     0.999
   0.600000   63    1127.01     175.44    -948.06    -948.86     36     0.001     0.999
   0.580000   60    1052.86     147.07    -909.48    -910.32    218     0.001     0.999
   0.580000   61    1077.58     156.44    -923.49    -924.32    840     0.001     0.999
   0.580000   62    1102.29     166.27    -937.40    -938.20    693     0.001     0.999
   0.580000   63    1127.01     176.41    -951.18    -951.97    138     0.001     0.999
   0.560000   61    1077.58     156.77    -923.84    -924.67    421     0.001     0.999
   0.560000   62    1102.29     166.42    -937.12    -937.93   1029     0.001     0.999
   0.560000   63    1127.01     176.89    -950.53    -951.32    403     0.001     0.999
   0.560000   64    1151.72     187.19    -960.55    -961.33     31     0.001     0.999
   0.540000   61    1077.58     156.55    -924.41    -925.24    129     0.001     0.999
   0.540000   62    1102.29     166.62    -937.34    -938.14    865     0.001     0.999
   0.540000   63    1127.01     177.14    -950.12    -950.91    804     0.001     0.999
   0.540000   64    1151.72     188.13    -959.40    -960.17    100     0.001     0.999
   0.520000   61    1077.58     158.99    -924.98    -925.81     54     0.001     0.999
   0.520000   62    1102.29     166.20    -937.50    -938.31    573     0.001     0.999
   0.520000   63    1127.01     177.33    -949.78    -950.57    920     0.001     0.999
   0.520000   64    1151.72     188.80    -962.26    -963.03    334     0.001     0.999
   0.500000   62    1102.29     167.78    -938.23    -939.04    183     0.001     0.999
   0.500000   63    1127.01     177.43    -950.13    -950.92    710     0.001     0.999
   0.500000   64    1151.72     189.31    -962.02    -962.79    805     0.001     0.999
   0.500000   65    1176.44     201.43    -972.68    -973.44    196     0.001     0.999
   0.480000   63    1127.01     177.22    -950.52    -951.31    474     0.001     0.999
   0.480000   64    1151.72     189.35    -961.90    -962.67   1044     0.001     0.999
   0.480000   65    1176.44     201.68    -972.91    -973.67    355     0.001     0.999
   0.460000   63    1127.01     177.01    -950.91    -951.70    249     0.001     0.999
   0.460000   64    1151.72     189.20    -961.88    -962.65    820     0.001     0.999
   0.460000   65    1176.44     202.18    -972.90    -973.65    650     0.001     0.999
   0.460000   66    1201.15     215.48    -983.35    -984.09    164     0.001     0.999
   0.440000   63    1127.01     178.16    -951.96    -952.75     59     0.001     0.999
   0.440000   64    1151.72     189.18    -962.23    -963.01    604     0.001     0.999
   0.440000   65    1176.44     202.29    -972.56    -973.32   1022     0.001     0.999
   0.440000   66    1201.15     215.64    -982.62    -983.36    205     0.001     0.999
   0.420000   64    1151.72     188.79    -962.51    -963.29    309     0.001     0.999
   0.420000   65    1176.44     202.17    -972.49    -973.24    924     0.001     0.999
   0.420000   66    1201.15     216.18    -982.50    -983.24    564     0.001     0.999
   0.420000   67    1225.86     230.14    -992.57    -993.30     93     0.001     0.999
   0.400000   64    1151.72     187.70    -963.20    -963.97     64     0.001     0.999
   0.400000   65    1176.44     201.84    -972.98    -973.74    383     0.001     0.999
   0.400000   66    1201.15     216.50    -982.52    -983.26    872     0.001     0.999
   0.400000   67    1225.86     231.06    -991.93    -992.66    502     0.001     0.999
   0.400000   68    1250.58     245.36   -1001.85   -1002.56     70     0.001     0.999
   0.380000   65    1176.44     201.66    -973.71    -974.47    153     0.001     0.999
   0.380000   66    1201.15     216.37    -982.66    -983.40    747     0.001     0.999
   0.380000   67    1225.86     231.19    -991.70    -992.43    754     0.001     0.999
   0.380000   68    1250.58     246.34   -1000.75   -1001.46    227     0.001     0.999
   0.360000   65    1176.44     200.31    -974.35    -975.11     67     0.001     0.999
   0.360000   66    1201.15     215.85    -982.89    -983.63    443     0.001     0.999
   0.360000   67    1225.86     231.18    -991.52    -992.25    856     0.001     0.999
   0.360000   68    1250.58     246.65    -999.91   -1000.63    473     0.001     0.999
   0.360000   69    1275.29     262.22   -1008.54   -1009.24     54     0.001     0.999
   0.340000   66    1201.15     216.21    -983.41    -984.16    176     0.001     0.999
   0.340000   67    1225.86     230.99    -991.67    -992.39    628     0.001     0.999
   0.340000   68    1250.58     247.00    -999.75   -1000.47    735     0.001     0.999
   0.340000   69    1275.29     262.97   -1007.75   -1008.45    312     0.001     0.999
   0.340000   70    1300.01     279.18   -1013.02   -1013.71     41     0.001     0.999
   0.320000   66    1201.15     213.54    -984.12    -984.87     20     0.001     0.999
   0.320000   67    1225.86     230.70    -992.21    -992.94    255     0.001     0.999
   0.320000   68    1250.58     247.14    -999.80   -1000.52    767     0.001     0.999
   0.320000   69    1275.29     263.50   -1007.24   -1007.94    651     0.001     0.999
   0.320000   70    1300.01     280.19   -1014.66   -1015.34    180     0.001     0.999
   0.320000   71    1324.72     296.62   -1020.79   -1021.47     23     0.001     0.999
   0.300000   67    1225.86     229.08    -993.05    -993.78     37     0.001     0.999
   0.300000   68    1250.58     246.92   -1000.15   -1000.87    325     0.001     0.999
   0.300000   69    1275.29     263.87   -1007.48   -1008.18    795     0.001     0.999
   0.300000   70    1300.01     280.51   -1014.38   -1015.06    619     0.001     0.999
   0.300000   71    1324.72     297.72   -1021.78   -1022.45    112     0.001     0.999
   0.280000   68    1250.58     247.63   -1001.07   -1001.78     81     0.001     0.999
   0.280000   69    1275.29     263.45   -1007.61   -1008.31    428     0.001     0.999
   0.280000   70    1300.01     280.73   -1014.32   -1015.01    684     0.001     0.999
   0.280000   71    1324.72     298.24   -1021.24   -1021.91    421     0.001     0.999
   0.280000   72    1349.44     315.91   -1027.93   -1028.59    215     0.000     1.000
   0.280000   73    1374.15     333.78   -1034.48   -1035.13     50     0.000     1.000
   0.260000   69    1275.29     264.04   -1008.57   -1009.27     68     0.001     0.999
   0.260000   70    1300.01     280.37   -1014.74   -1015.43    373     0.001     0.999
   0.260000   71    1324.72     298.62   -1021.00   -1021.67    698     0.001     0.999
   0.260000   72    1349.44     316.54   -1027.23   -1027.89    495     0.000     1.000
   0.260000   73    1374.15     334.84   -1033.51   -1034.16    209     0.000     1.000
   0.260000   74    1398.87     353.24   -1039.60   -1040.24     45     0.000     1.000
   0.240000   71    1324.72     298.11   -1021.91   -1022.58     74     0.001     0.999
   0.240000   72    1349.44     316.76   -1027.67   -1028.33    411     0.000     1.000
   0.240000   73    1374.15     335.15   -1033.28   -1033.93    553     0.000     1.000
   0.240000   74    1398.87     353.83   -1039.22   -1039.86    482     0.000     1.000
   0.240000   75    1423.58     372.42   -1044.88   -1045.50    218     0.000     1.000
   0.240000   76    1448.30     391.06   -1050.95   -1051.57    115     0.000     1.000
   0.240000   77    1473.01     409.64   -1055.66   -1056.27     37     0.000     1.000
   0.220000   71    1324.72     297.90   -1023.32   -1024.00     20     0.001     0.999
   0.220000   72    1349.44     315.29   -1028.60   -1029.26     70     0.000     1.000
   0.220000   73    1374.15     334.81   -1033.90   -1034.55    197     0.000     1.000
   0.220000   74    1398.87     353.74   -1039.25   -1039.89    430     0.000     1.000
   0.220000   75    1423.58     372.83   -1044.49   -1045.12    536     0.000     1.000
   0.220000   76    1448.30     391.96   -1049.80   -1050.42    403     0.000     1.000
   0.220000   77    1473.01     411.10   -1055.09   -1055.70    174     0.000     1.000
   0.220000   78    1497.72     430.66   -1060.38   -1060.97     53     0.000     1.000
   0.200000   73    1374.15     333.25   -1035.12   -1035.77     37     0.000     1.000
   0.200000   74    1398.87     352.83   -1039.99   -1040.63    174     0.000     1.000
   0.200000   75    1423.58     372.23   -1044.73   -1045.36    324     0.000     1.000
   0.200000   76    1448.30     392.28   -1049.70   -1050.32    418     0.000     1.000
   0.200000   77    1473.01     411.74   -1054.53   -1055.13    407     0.000     1.000
   0.200000   78    1497.72     431.50   -1059.29   -1059.89    305     0.000     1.000
   0.200000   79    1522.44     451.28   -1064.29   -1064.88    143     0.000     1.000
   0.200000   80    1547.15     470.77   -1069.27   -1069.84     49     0.000     1.000
   0.200000   81    1571.87     490.71   -1074.06   -1074.63     26     0.000     1.000
   0.180000   75    1423.58     372.00   -1046.13   -1046.76     86     0.000     1.000
   0.180000   76    1448.30     391.44   -1050.42   -1051.03    160     0.000     1.000
   0.180000   77    1473.01     411.30   -1054.77   -1055.38    217     0.000     1.000
   0.180000   78    1497.72     431.86   -1059.27   -1059.86    313     0.000     1.000
   0.180000   79    1522.44     451.74   -1063.71   -1064.30    267     0.000     1.000
   0.180000   80    1547.15     471.95   -1068.00   -1068.58    240     0.000     1.000
   0.180000   81    1571.87     492.45   -1072.43   -1073.00    216     0.000     1.000
   0.180000   82    1596.58     512.75   -1076.85   -1077.41    167     0.000     1.000
   0.180000   83    1621.30     532.94   -1081.32   -1081.87    107     0.000     1.000
   0.180000   84    1646.01     552.78   -1085.86   -1086.40     60     0.000     1.000
   0.180000   85    1670.73     573.40   -1090.24   -1090.78     29     0.000     1.000
   0.160000   78    1497.72     435.02   -1061.08   -1061.67     25     0.000     1.000
   0.160000   79    1522.44     450.46   -1064.70   -1065.29     52     0.000     1.000
   0.160000   80    1547.15     471.15   -1068.85   -1069.43     97     0.000     1.000
   0.160000   81    1571.87     492.27   -1072.77   -1073.33    161     0.000     1.000
   0.160000   82    1596.58     512.60   -1076.74   -1077.30    265     0.000     1.000
   0.160000   83    1621.30     532.96   -1080.44   -1081.00    274     0.000     1.000
   0.160000   84    1646.01     554.02   -1084.57   -1085.11    252     0.000     1.000
   0.160000   85    1670.73     574.70   -1088.59   -1089.13    256     0.000     1.000
   0.160000   86    1695.44     595.28   -1092.33   -1092.86    212     0.000     1.000
   0.160000   87    1720.15     616.31   -1096.20   -1096.73    150     0.000     1.000
   0.160000   88    1744.87     636.73   -1100.14   -1100.65     78     0.000     1.000
   0.160000   89    1769.58     657.52   -1104.20   -1104.71     39     0.000     1.000
   0.140000   83    1621.30     531.41   -1082.23   -1082.78     31     0.000     1.000
   0.140000   84    1646.01     552.69   -1085.45   -1086.00     56     0.000     1.000
   0.140000   85    1670.73     574.06   -1089.24   -1089.78    103     0.000     1.000
   0.140000   86    1695.44     595.14   -1092.63   -1093.15    153     0.000     1.000
   0.140000   87    1720.15     616.49   -1095.98   -1096.50    194     0.000     1.000
   0.140000   88    1744.87     637.77   -1099.40   -1099.92    216     0.000     1.000
   0.140000   89    1769.58     658.76   -1102.86   -1103.37    223     0.000     1.000
   0.140000   90    1794.30     680.55   -1106.36   -1106.86    211     0.000     1.000
   0.140000   91    1819.01     701.12   -1109.75   -1110.24    201     0.000     1.000
   0.140000   92    1843.73     722.60   -1113.22   -1113.70    149     0.000     1.000
   0.140000   93    1868.44     744.07   -1116.71   -1117.19    110     0.000     1.000
   0.140000   94    1893.16     764.82   -1120.11   -1120.58     78     0.000     1.000
   0.140000   95    1917.87     786.71   -1123.62   -1124.09     67     0.000     1.000
   0.140000   96    1942.59     807.92   -1126.89   -1127.36     41     0.000     1.000
   0.140000   97    1967.30     829.10   -1130.48   -1130.94     24     0.000     1.000
   0.120000   80    1547.15     463.64   -1075.79   -1076.37     37     0.000     1.000
   0.120000   81    1571.87     485.84   -1078.93   -1079.50     61     0.000     1.000
   0.120000   82    1596.58     507.88   -1081.67   -1082.23    138     0.000     1.000
   0.120000   83    1621.30     528.70   -1084.60   -1085.15    222     0.000     1.000
   0.120000   84    1646.01     550.48   -1087.68   -1088.22    276     0.000     1.000
   0.120000   85    1670.73     571.84   -1090.50   -1091.03    293     0.000     1.000
   0.120000   86    1695.44     593.71   -1093.49   -1094.01    336     0.000     1.000
   0.120000   87    1720.15     615.31   -1096.41   -1096.93    267     0.000     1.000
   0.120000   88    1744.87     636.85   -1099.43   -1099.94    140     0.000     1.000
   0.120000   89    1769.58     658.44   -1102.11   -1102.61     67     0.000     1.000
   0.100000   83    1621.30     527.65   -1086.49   -1087.05     44     0.000     1.000
   0.100000   84    1646.01     548.81   -1088.75   -1089.30    151     0.000     1.000
   0.100000   85    1670.73     571.14   -1091.29   -1091.82    286     0.000     1.000
   0.100000   86    1695.44     593.08   -1093.69   -1094.22    432     0.000     1.000
   0.100000   87    1720.15     615.33   -1096.05   -1096.57    408     0.000     1.000
   0.100000   88    1744.87     637.28   -1098.39   -1098.90    337     0.000     1.000
   0.100000   89    1769.58     659.75   -1101.10   -1101.61    150     0.000     1.000
   0.100000   90    1794.30     681.74   -1103.34   -1103.84     72     0.000     1.000
   0.080000   85    1670.73     569.88   -1092.64   -1093.17     25     0.000     1.000
   0.080000   86    1695.44     592.46   -1094.48   -1095.01    109     0.000     1.000
   0.080000   87    1720.15     615.05   -1096.43   -1096.95    275     0.000     1.000
   0.080000   88    1744.87     637.71   -1098.36   -1098.87    425     0.000     1.000
   0.080000   89    1769.58     660.28   -1100.33   -1100.83    436     0.000     1.000
   0.080000   90    1794.30     683.16   -1102.27   -1102.77    354     0.000     1.000
   0.080000   91    1819.01     705.64   -1104.09   -1104.59    218     0.000     1.000
   0.080000   92    1843.73     728.45   -1105.95   -1106.44     45     0.000     1.000
   0.060000   87    1720.15     613.12   -1097.70   -1098.22     32     0.000     1.000
   0.060000   88    1744.87     636.49   -1099.29   -1099.81     81     0.000     1.000
   0.060000   89    1769.58     660.16   -1100.66   -1101.17    215     0.000     1.000
   0.060000   90    1794.30     683.56   -1102.15   -1102.65    456     0.000     1.000
   0.060000   91    1819.01     706.10   -1103.54   -1104.03    568     0.000     1.000
   0.060000   92    1843.73     729.34   -1105.01   -1105.50    376     0.000     1.000
   0.060000   93    1868.44     752.21   -1106.32   -1106.80    159     0.000     1.000
   0.040000   89    1769.58     658.70   -1101.91   -1102.42     46     0.000     1.000
   0.040000   90    1794.30     682.91   -1102.81   -1103.31    109     0.000     1.000
   0.040000   91    1819.01     706.23   -1103.78   -1104.27    268     0.000     1.000
   0.040000   92    1843.73     729.53   -1104.78   -1105.27    463     0.000     1.000
   0.040000   93    1868.44     753.18   -1105.71   -1106.19    515     0.000     1.000
   0.040000   94    1893.16     776.81   -1106.63   -1107.10    319     0.000     1.000
   0.040000   95    1917.87     800.42   -1107.59   -1108.06    152     0.000     1.000
   0.020000   91    1819.01     704.68   -1104.97   -1105.46     51     0.000     1.000
   0.020000   92    1843.73     728.44   -1105.38   -1105.87    153     0.000     1.000
   0.020000   93    1868.44     753.32   -1105.90   -1106.38    348     0.000     1.000
   0.020000   94    1893.16     776.93   -1106.36   -1106.83    513     0.000     1.000
   0.020000   95    1917.87     801.15   -1106.82   -1107.29    545     0.000     1.000
   0.020000   96    1942.59     825.05   -1107.32   -1107.79    228     0.000     1.000
   0.020000   97    1967.30     849.04   -1107.74   -1108.20     58     0.000     1.000
   0.000000   93    1868.44     753.87   -1106.80   -1107.28     60     0.000     1.000
   0.000000   94    1893.16     776.56   -1106.80   -1107.28    326     0.000     1.000
   0.000000   95    1917.87     800.89   -1106.80   -1107.27    513     0.000     1.000
   0.000000   96    1942.59     825.71   -1106.80   -1107.27    523     0.000     1.000
   0.000000   97    1967.30     850.20   -1106.80   -1107.26    322     0.000     1.000
   0.000000   98    1992.01     874.76   -1106.80   -1107.25    137     0.000     1.000


# Part 3: Bin-averaged summary:
# bin  energy gap  <dGg> <dGg norm> pts  <c1**2> <c2**2> <r_xy>
   1   -405.29     -2.23   1106.57         54    0.995    0.005    6.965
   2   -380.58     -2.36   1106.44        167    0.994    0.006    6.815
   3   -355.86     -2.79   1106.01        320    0.993    0.007    6.804
   4   -331.15     -2.94   1105.86        342    0.992    0.008    6.811
   5   -306.43     -3.24   1105.56        398    0.991    0.009    6.914
   6   -281.72     -3.44   1105.36        441    0.989    0.011    6.870
   7   -257.01     -3.57   1105.23        407    0.987    0.013    6.970
   8   -232.29     -3.66   1105.14        359    0.984    0.016    7.002
   9   -207.58     -3.73   1105.07        287    0.980    0.020    6.930
  10   -182.86     -3.72   1105.08        226    0.975    0.025    6.961
  11   -158.15     -4.18   1104.62        339    0.967    0.033    6.906
  12   -133.43     -4.43   1104.37        284    0.956    0.044    7.004
  13   -108.72     -5.06   1103.74        261    0.937    0.063    7.040
  14    -84.00     -6.24   1102.56        325    0.905    0.095    6.919
  15    -59.29     -8.64   1100.16        343    0.850    0.150    6.891
  16    -34.57    -13.39   1095.42        228    0.754    0.246    6.867
  17     -9.86    -22.58   1086.22        260    0.576    0.424    6.843
  18     14.85    -36.33   1072.47        353    0.383    0.617    6.874
  19     39.57    -54.45   1054.35        342    0.224    0.776    6.823
  20     64.28    -74.15   1034.65        309    0.137    0.863    6.840
  21     89.00    -95.05   1013.75        259    0.087    0.913    6.903
  22    113.71   -117.10    991.70        272    0.059    0.941    6.882
  23    138.43   -139.44    969.36        237    0.042    0.958    6.877
  24    163.14   -161.61    947.19        252    0.031    0.969    6.861
  25    187.86   -184.65    924.15        258    0.024    0.976    6.920
  26    212.57   -207.13    901.67        293    0.019    0.981    6.962
  27    237.28   -229.26    879.54        278    0.015    0.985    6.985
  28    262.00   -251.84    856.96        257    0.013    0.987    7.071
  29    286.71   -274.16    834.64        237    0.011    0.989    7.028
  30    311.43   -296.62    812.18        242    0.009    0.991    7.112
  31    336.14   -319.25    789.55        246    0.008    0.992    7.124
  32    360.86   -341.86    766.94        288    0.007    0.993    7.303
  33    385.57   -364.10    744.70        252    0.006    0.994    7.252
  34    410.29   -386.65    722.15        284    0.005    0.995    7.517
  35    435.00   -408.69    700.11        349    0.005    0.995    7.513
  36    459.72   -430.92    677.88        396    0.004    0.996    7.448
  37    484.43   -452.79    656.02        420    0.004    0.996    7.352
  38    509.14   -474.39    634.41        397    0.003    0.997    7.254
  39    533.86   -496.62    612.18        365    0.003    0.997    7.146
  40    558.57   -518.34    590.46        415    0.003    0.997    7.144
  41    583.29   -540.07    568.73        546    0.003    0.997    7.108
  42    608.00   -561.58    547.22        554    0.002    0.998    7.176
  43    632.72   -583.29    525.51        553    0.002    0.998    7.328
  44    657.43   -604.23    504.58        669    0.002    0.998    7.367
  45    682.15   -625.27    483.53        643    0.002    0.998    7.478
  46    706.86   -646.14    462.66        579    0.002    0.998    7.532
  47    731.57   -667.01    441.79        536    0.002    0.998    7.527
  48    756.29   -687.52    421.29        666    0.002    0.998    7.513
  49    781.00   -707.80    401.00        878    0.001    0.999    7.423
  50    805.72   -727.80    381.00       1109    0.001    0.999    7.407
  51    830.43   -747.94    360.86       1165    0.001    0.999    7.461
  52    855.15   -767.31    341.49       1193    0.001    0.999    7.583
  53    879.86   -786.50    322.31       1490    0.001    0.999    7.706
  54    904.58   -805.15    303.65       1291    0.001    0.999    7.777
  55    929.29   -823.56    285.24       1279    0.001    0.999    7.923
  56    954.01   -841.77    267.04        931    0.001    0.999    8.275
  57    978.72   -859.81    248.99       1530    0.001    0.999    8.625
  58   1003.43   -877.20    231.60       2541    0.001    0.999    8.602
  59   1028.15   -893.74    215.06       3168    0.001    0.999    8.565
  60   1052.86   -909.46    199.34       3448    0.001    0.999    8.695
  61   1077.58   -924.30    184.50       3740    0.001    0.999    8.701
  62   1102.29   -938.22    170.59       3908    0.001    0.999    8.563
  63   1127.01   -951.02    157.78       3793    0.001    0.999    8.465
  64   1151.72   -962.77    146.04       4111    0.001    0.999    8.344
  65   1176.44   -973.52    135.28       3750    0.001    0.999    8.376
  66   1201.15   -983.45    125.35       3191    0.001    0.999    8.332
  67   1225.86   -992.49    116.31       3125    0.001    0.999    8.272
  68   1250.58  -1000.74    108.06       2678    0.001    0.999    8.228
  69   1275.29  -1008.23    100.57       2308    0.001    0.999    8.222
  70   1300.01  -1015.11     93.69       1897    0.001    0.999    8.247
  71   1324.72  -1021.89     86.91       1348    0.001    0.999    8.263
  72   1349.44  -1028.25     80.55       1191    0.000    1.000    8.271
  73   1374.15  -1034.21     74.59       1046    0.000    1.000    8.278
  74   1398.87  -1040.00     68.80       1131    0.000    1.000    8.360
  75   1423.58  -1045.38     63.42       1164    0.000    1.000    8.402
  76   1448.30  -1050.59     58.21       1096    0.000    1.000    8.433
  77   1473.01  -1055.37     53.43        835    0.000    1.000    8.438
  78   1497.72  -1060.02     48.78        696    0.000    1.000    8.417
  79   1522.44  -1064.59     44.21        462    0.000    1.000    8.360
  80   1547.15  -1069.60     39.20        423    0.000    1.000    8.309
  81   1571.87  -1074.06     34.74        464    0.000    1.000    8.265
  82   1596.58  -1078.53     30.28        570    0.000    1.000    8.169
  83   1621.30  -1082.97     25.83        678    0.000    1.000    8.097
  84   1646.01  -1087.15     21.66        795    0.000    1.000    8.037
  85   1670.73  -1090.68     18.12        992    0.000    1.000    7.991
  86   1695.44  -1093.87     14.93       1242    0.000    1.000    7.971
  87   1720.15  -1096.77     12.03       1326    0.000    1.000    7.936
  88   1744.87  -1099.34      9.46       1277    0.000    1.000    7.906
  89   1769.58  -1101.77      7.04       1176    0.000    1.000    7.887
  90   1794.30  -1103.56      5.24       1202    0.000    1.000    7.789
  91   1819.01  -1105.19      3.62       1306    0.000    1.000    7.819
  92   1843.73  -1106.52      2.28       1186    0.000    1.000    7.828
  93   1868.44  -1107.39      1.41       1192    0.000    1.000    7.815
  94   1893.16  -1107.89      0.91       1236    0.000    1.000    7.837
  95   1917.87  -1108.26      0.54       1277    0.000    1.000    7.818
  96   1942.59  -1108.46      0.35        792    0.000    1.000    7.844
  97   1967.30  -1108.80      0.00        404    0.000    1.000    7.890
  98   1992.01  -1107.25      1.55        137    0.000    1.000    7.981
