
Build and version information

Build number 6.0.15
Build date   20240314
Built:       
      by     p315462
      on     login1
      git id adc28a635c78993922188615a73366ace3402081
      with   GNU Fortran GCC 11.3.0
qfep version 6.0.15 , git id=adc28a635c78993922188615a73366ace3402081 initialising
Current date 2024- 4-18 and time 17:10:56

Welcome in qfep modification date 20240314

 Q6, Copyright © 2017 Johan Åqvist, John Marelius, Shina Caroline Lynn Kamerlin and Paul Bauer
 Q6 comes with ABSOLUTELY NO WARRANTY.  This is free software, and you are welcome
 to redistribute it under certain conditions. For details, add the --help flag.
--> Number of energy files: # Number of files                 =    51
--> No. of states, no. of predefined off-diag elements: # Number of states                 =     2
# Number of off-diagonal elements =     0
--> Give kT & no, of pts to skip   & calculation mode: # kT                              = 0.592
# Number of data points to skip   =   100
# Only QQ interactions will be considered   =   0
--> Give number of gap-bins: # Number of gap-bins              =   100
--> Give minimum # pts/bin: # Minimum number of points per bin=    20
--> Give alpha for state  2:                                                    # Alpha for state  2              =  -520.50
--> Number of off-diagonal elements:# Number of off-diagonal elements =     1
#   i   j   A(i,j)  mu(i,j) eta(i,j) rxy0(i,j)
--> i, j, A_ij, mu_ij, eta_ij, r_xy0: #   1   2     30.00      0.00      0.00      0.00
--> linear combination of states defining reaction coord: # Linear combination co-efficients=  1.00 -1.00


# Part 0: Average energies for all states in all files
# file             state   pts   lambda    EQtot   EQbond  EQang   EQtor   EQimp    EQel   EQvdW  Eel_qq  EvdW_qq Eel_qp  EvdW_qp Eel_qw EvdW_qw Eqrstr
--> Name of file number   1:                                                     
# Energy files from Qdyn, version: 6.0.16 , git id=adc28a635c78993922188615a73366ace3402081                        
fep_050_1.000.en        1      1899  1.000000  -10031.08   -9782.71    12.39     9.28     0.00  -259.93   -10.11   -50.17     7.59   -15.35     0.23  -194.42   -17.94     0.00
fep_050_1.000.en        2      1899  0.000000   -9219.41   -9523.69   156.30     6.28     0.00  -342.55   484.25  -181.67   502.38   -10.68     0.27  -150.19   -18.41     0.00
--> Name of file number   2:                                                     
# Energy files from Qdyn, version: 6.0.16 , git id=adc28a635c78993922188615a73366ace3402081                        
fep_049_0.980.en        1      1899  0.980000  -10029.30   -9780.80    11.51     9.31     0.00  -259.93    -9.39   -52.69     8.98   -15.99     0.28  -191.25   -18.66     0.00
fep_049_0.980.en        2      1899  0.020000   -9493.48   -9738.48   158.42     7.16     0.00  -323.20   402.61  -165.95   421.36   -10.64     0.33  -146.61   -19.08     0.00
--> Name of file number   3:                                                     
# Energy files from Qdyn, version: 6.0.16 , git id=adc28a635c78993922188615a73366ace3402081                        
fep_048_0.960.en        1      1899  0.960000  -10025.99   -9779.22    10.28     9.60     0.00  -259.40    -7.25   -52.66    12.11   -16.46     0.68  -190.28   -20.04     0.00
fep_048_0.960.en        2      1899  0.040000   -9658.08   -9851.38   144.62     9.25     0.00  -313.31   352.73  -155.19   372.53   -11.01     0.72  -147.11   -20.52     0.00
--> Name of file number   4:                                                     
# Energy files from Qdyn, version: 6.0.16 , git id=adc28a635c78993922188615a73366ace3402081                        
fep_047_0.940.en        1      1899  0.940000  -10026.64   -9774.71    10.62     9.43     0.00  -267.04    -4.94   -49.97    15.64   -17.05     0.13  -200.02   -20.70     0.00
fep_047_0.940.en        2      1899  0.060000   -9804.36   -9936.73   144.54     8.80     0.00  -319.65   298.68  -145.57   319.70   -12.68     0.17  -161.39   -21.19     0.00
--> Name of file number   5:                                                     
# Energy files from Qdyn, version: 6.0.16 , git id=adc28a635c78993922188615a73366ace3402081                        
fep_046_0.920.en        1      1899  0.920000  -10015.62   -9771.39    11.24     9.71     0.00  -266.84     1.66   -52.10    21.22   -19.21     0.29  -195.53   -19.86     0.00
fep_046_0.920.en        2      1899  0.080000   -9940.13  -10045.99   138.45     5.59     0.00  -316.48   278.30  -136.60   298.34   -14.95     0.32  -164.93   -20.36     0.00
--> Name of file number   6:                                                     
# Energy files from Qdyn, version: 6.0.16 , git id=adc28a635c78993922188615a73366ace3402081                        
fep_000_0.900.en        1      1899  0.900000   -9997.53   -9765.60    10.59     9.62     0.00  -260.24     8.11   -54.38    26.18   -18.05    -0.13  -187.82   -17.94     0.00
fep_000_0.900.en        2      1899  0.100000  -10036.63  -10119.69   130.33     6.23     0.00  -305.58   252.07  -131.49   270.56   -15.88    -0.10  -158.21   -18.39     0.00
--> Name of file number   7:                                                     
# Energy files from Qdyn, version: 6.0.16 , git id=adc28a635c78993922188615a73366ace3402081                        
fep_001_0.880.en        1      1899  0.880000   -9994.39   -9757.32    10.85     9.96     0.00  -272.11    14.22   -54.66    33.63   -20.02     0.34  -197.43   -19.75     0.00
fep_001_0.880.en        2      1899  0.120000  -10175.88  -10221.90   122.94     4.27     0.00  -313.82   232.63  -125.58   252.47   -17.14     0.37  -171.09   -20.21     0.00
--> Name of file number   8:                                                     
# Energy files from Qdyn, version: 6.0.16 , git id=adc28a635c78993922188615a73366ace3402081                        
fep_002_0.860.en        1      1899  0.860000   -9959.04   -9746.06    12.07     9.70     0.00  -255.37    20.62   -57.70    41.11   -18.40     0.28  -179.28   -20.77     0.00
fep_002_0.860.en        2      1899  0.140000  -10271.25  -10307.16   117.82     4.19     0.00  -291.84   205.73  -120.74   226.54   -14.52     0.32  -156.58   -21.14     0.00
--> Name of file number   9:                                                     
# Energy files from Qdyn, version: 6.0.16 , git id=adc28a635c78993922188615a73366ace3402081                        
fep_003_0.840.en        1      1899  0.840000   -9935.62   -9734.22    12.99     9.48     0.00  -254.80    30.93   -60.96    49.94   -19.35     0.53  -174.48   -19.55     0.00
fep_003_0.840.en        2      1899  0.160000  -10398.95  -10407.98   106.75     4.55     0.00  -290.45   188.18  -121.28   207.65   -16.82     0.57  -152.35   -20.04     0.00
--> Name of file number  10:                                                     
# Energy files from Qdyn, version: 6.0.16 , git id=adc28a635c78993922188615a73366ace3402081                        
fep_004_0.820.en        1      1899  0.820000   -9908.97   -9719.44    15.87     9.17     0.00  -253.11    38.55   -63.63    57.57   -16.51    -0.18  -172.98   -18.85     0.00
fep_004_0.820.en        2      1899  0.180000  -10524.45  -10499.81    93.33     3.80     0.00  -288.51   166.73  -118.11   186.16   -12.93    -0.14  -157.47   -19.29     0.00
--> Name of file number  11:                                                     
# Energy files from Qdyn, version: 6.0.16 , git id=adc28a635c78993922188615a73366ace3402081                        
fep_005_0.800.en        1      1899  0.800000   -9867.65   -9703.05    18.18     9.23     0.00  -238.05    46.04   -62.05    64.33   -17.24     0.15  -158.76   -18.44     0.00
fep_005_0.800.en        2      1899  0.200000  -10633.67  -10585.82    79.75     4.50     0.00  -279.18   147.08  -115.40   165.73   -13.30     0.20  -150.48   -18.84     0.00
--> Name of file number  12:                                                     
# Energy files from Qdyn, version: 6.0.16 , git id=adc28a635c78993922188615a73366ace3402081                        
fep_006_0.780.en        1      1899  0.780000   -9860.19   -9680.38    20.14     9.33     0.00  -258.75    49.47   -60.22    68.49   -17.07    -0.02  -181.46   -19.01     0.00
fep_006_0.780.en        2      1899  0.220000  -10755.52  -10647.28    60.71     5.42     0.00  -290.80   116.43  -106.82   135.76   -13.24     0.02  -170.74   -19.36     0.00
--> Name of file number  13:                                                     
# Energy files from Qdyn, version: 6.0.16 , git id=adc28a635c78993922188615a73366ace3402081                        
fep_007_0.760.en        1      1899  0.760000   -9838.97   -9665.47    21.55     9.35     0.00  -256.27    51.87   -61.61    72.55   -19.92     0.90  -174.74   -21.58     0.00
fep_007_0.760.en        2      1899  0.240000  -10820.52  -10689.65    51.34     5.71     0.00  -284.95    97.02  -100.73   118.14   -18.12     0.93  -166.09   -22.05     0.00
--> Name of file number  14:                                                     
# Energy files from Qdyn, version: 6.0.16 , git id=adc28a635c78993922188615a73366ace3402081                        
fep_008_0.740.en        1      1899  0.740000   -9822.48   -9650.52    23.03     9.53     0.00  -261.70    57.18   -59.90    74.72   -20.48     1.16  -181.31   -18.70     0.00
fep_008_0.740.en        2      1899  0.260000  -10878.35  -10718.69    39.79     4.86     0.00  -284.81    80.50   -96.95    98.51   -18.34     1.19  -169.52   -19.20     0.00
--> Name of file number  15:                                                     
# Energy files from Qdyn, version: 6.0.16 , git id=adc28a635c78993922188615a73366ace3402081                        
fep_009_0.720.en        1      1899  0.720000   -9828.80   -9638.87    24.46     9.29     0.00  -284.73    61.05   -54.91    77.70   -18.21     0.18  -211.61   -16.83     0.00
fep_009_0.720.en        2      1899  0.280000  -10935.45  -10741.61    32.61     6.73     0.00  -301.41    68.23   -93.98    85.33   -16.43     0.21  -191.00   -17.31     0.00
--> Name of file number  16:                                                     
# Energy files from Qdyn, version: 6.0.16 , git id=adc28a635c78993922188615a73366ace3402081                        
fep_010_0.700.en        1      1899  0.700000   -9795.57   -9630.65    25.88     9.65     0.00  -260.35    59.90   -55.83    79.77   -19.40     0.55  -185.12   -20.41     0.00
fep_010_0.700.en        2      1899  0.300000  -10951.35  -10757.55    24.58     5.47     0.00  -282.85    59.00   -91.40    79.22   -16.31     0.58  -175.14   -20.79     0.00
--> Name of file number  17:                                                     
# Energy files from Qdyn, version: 6.0.16 , git id=adc28a635c78993922188615a73366ace3402081                        
fep_011_0.680.en        1      1899  0.680000   -9782.57   -9607.57    26.91     9.42     0.00  -278.19    66.87   -56.88    83.22   -18.43     0.26  -202.88   -16.60     0.00
fep_011_0.680.en        2      1899  0.320000  -10984.74  -10770.78    23.75     5.29     0.00  -293.55    50.55   -81.10    61.97   -16.23     0.28  -196.22   -11.70     0.00
--> Name of file number  18:                                                     
# Energy files from Qdyn, version: 6.0.16 , git id=adc28a635c78993922188615a73366ace3402081                        
fep_012_0.660.en        1      1899  0.660000   -9763.16   -9571.75    28.83     9.42     0.00  -297.99    68.34   -64.22    84.24   -18.86     0.01  -214.91   -15.91     0.00
fep_012_0.660.en        2      1899  0.340000  -11017.00  -10783.35    23.82     4.71     0.00  -301.60    39.42   -66.34    40.14   -15.83     0.05  -219.43    -0.77     0.00
--> Name of file number  19:                                                     
# Energy files from Qdyn, version: 6.0.16 , git id=adc28a635c78993922188615a73366ace3402081                        
fep_013_0.640.en        1      1899  0.640000   -9750.61   -9564.78    29.88     9.53     0.00  -294.89    69.65   -66.71    86.50   -19.08     0.50  -209.10   -17.35     0.00
fep_013_0.640.en        2      1899  0.360000  -11032.61  -10793.61    19.01     4.89     0.00  -297.44    34.53   -68.75    36.99   -17.11     0.54  -211.57    -3.00     0.00
--> Name of file number  20:                                                     
# Energy files from Qdyn, version: 6.0.16 , git id=adc28a635c78993922188615a73366ace3402081                        
fep_014_0.620.en        1      1899  0.620000   -9745.90   -9560.35    29.97     9.75     0.00  -298.96    73.68   -65.61    88.83   -19.83     0.76  -213.52   -15.91     0.00
fep_014_0.620.en        2      1899  0.380000  -11055.39  -10802.16    15.91     4.89     0.00  -306.89    32.86   -65.47    34.40   -17.46     0.79  -223.97    -2.33     0.00
--> Name of file number  21:                                                     
# Energy files from Qdyn, version: 6.0.16 , git id=adc28a635c78993922188615a73366ace3402081                        
fep_015_0.600.en        1      1899  0.600000   -9742.21   -9558.26    30.74     9.39     0.00  -300.70    76.62   -64.65    91.54   -19.71     0.63  -216.34   -15.55     0.00
fep_015_0.600.en        2      1899  0.400000  -11057.83  -10809.93    16.34     6.04     0.00  -302.75    32.47   -70.19    34.27   -17.52     0.67  -215.04    -2.47     0.00
--> Name of file number  22:                                                     
# Energy files from Qdyn, version: 6.0.16 , git id=adc28a635c78993922188615a73366ace3402081                        
fep_016_0.580.en        1      1899  0.580000   -9728.88   -9551.44    32.21     9.43     0.00  -297.23    78.15   -64.80    92.67   -20.09     1.12  -212.34   -15.65     0.00
fep_016_0.580.en        2      1899  0.420000  -11065.40  -10817.43    15.92     5.25     0.00  -298.86    29.73   -68.54    32.15   -18.65     1.16  -211.67    -3.58     0.00
--> Name of file number  23:                                                     
# Energy files from Qdyn, version: 6.0.16 , git id=adc28a635c78993922188615a73366ace3402081                        
fep_017_0.560.en        1      1899  0.560000   -9730.39   -9547.35    33.17     9.39     0.00  -303.59    77.99   -65.26    94.17   -18.01     0.19  -220.33   -16.37     0.00
fep_017_0.560.en        2      1899  0.440000  -11089.51  -10823.01    12.69     4.45     0.00  -308.82    25.17   -67.50    30.06   -16.43     0.23  -224.90    -5.12     0.00
--> Name of file number  24:                                                     
# Energy files from Qdyn, version: 6.0.16 , git id=adc28a635c78993922188615a73366ace3402081                        
fep_018_0.540.en        1      1899  0.540000   -9719.21   -9544.31    33.43     9.73     0.00  -297.27    79.21   -62.56    96.24   -19.00     0.20  -215.71   -17.22     0.00
fep_018_0.540.en        2      1899  0.460000  -11092.48  -10830.23    12.87     3.96     0.00  -301.73    22.66   -64.32    28.92   -17.19     0.23  -220.22    -6.50     0.00
--> Name of file number  25:                                                     
# Energy files from Qdyn, version: 6.0.16 , git id=adc28a635c78993922188615a73366ace3402081                        
fep_019_0.520.en        1      1899  0.520000   -9718.01   -9538.98    33.92     9.46     0.00  -304.40    81.99   -60.12    96.99   -18.80     0.54  -225.48   -15.54     0.00
fep_019_0.520.en        2      1899  0.480000  -11109.12  -10835.36    13.09     4.51     0.00  -314.29    22.94   -61.00    26.82   -15.95     0.57  -237.34    -4.45     0.00
--> Name of file number  26:                                                     
# Energy files from Qdyn, version: 6.0.16 , git id=adc28a635c78993922188615a73366ace3402081                        
fep_020_0.500.en        1      1899  0.500000   -9711.06   -9536.65    34.12     9.72     0.00  -301.77    83.51   -59.56    99.99   -18.69     0.59  -223.51   -17.07     0.00
fep_020_0.500.en        2      1899  0.500000  -11116.86  -10839.46    11.37     4.21     0.00  -313.13    20.15   -57.09    26.30   -17.05     0.62  -238.99    -6.77     0.00
--> Name of file number  27:                                                     
# Energy files from Qdyn, version: 6.0.16 , git id=adc28a635c78993922188615a73366ace3402081                        
fep_021_0.480.en        1      1899  0.480000   -9712.13   -9531.27    34.75     9.70     0.00  -311.35    86.04   -55.88   101.28   -19.86     0.53  -235.61   -15.76     0.00
fep_021_0.480.en        2      1899  0.520000  -11132.84  -10843.47     9.92     4.26     0.00  -322.31    18.75   -51.93    24.27   -18.37     0.55  -252.00    -6.07     0.00
--> Name of file number  28:                                                     
# Energy files from Qdyn, version: 6.0.16 , git id=adc28a635c78993922188615a73366ace3402081                        
fep_022_0.460.en        1      1899  0.460000   -9703.91   -9529.58    35.28     9.97     0.00  -305.41    85.84   -58.92   102.43   -18.26     0.31  -228.24   -16.90     0.00
fep_022_0.460.en        2      1899  0.540000  -11145.32  -10847.41    10.16     3.93     0.00  -329.61    17.62   -56.94    24.35   -16.40     0.34  -256.27    -7.06     0.00
--> Name of file number  29:                                                     
# Energy files from Qdyn, version: 6.0.16 , git id=adc28a635c78993922188615a73366ace3402081                        
fep_023_0.440.en        1      1899  0.440000   -9707.14   -9514.85    35.97    10.41     0.00  -325.58    86.92   -56.71   103.62   -19.78     0.25  -249.09   -16.96     0.00
fep_023_0.440.en        2      1899  0.560000  -11155.27  -10850.32    10.15     3.32     0.00  -335.74    17.33   -51.08    23.38   -17.55     0.28  -267.12    -6.33     0.00
--> Name of file number  30:                                                     
# Energy files from Qdyn, version: 6.0.16 , git id=adc28a635c78993922188615a73366ace3402081                        
fep_024_0.420.en        1      1899  0.420000   -9696.61   -9497.73    36.56    10.05     0.00  -331.36    85.86   -54.28   105.67   -18.62     0.70  -258.45   -20.51     0.00
fep_024_0.420.en        2      1899  0.580000  -11153.51  -10853.65     8.97     3.36     0.00  -326.32    14.13   -41.14    22.51   -16.35     0.74  -268.84    -9.12     0.00
--> Name of file number  31:                                                     
# Energy files from Qdyn, version: 6.0.16 , git id=adc28a635c78993922188615a73366ace3402081                        
fep_025_0.400.en        1      1899  0.400000   -9708.88   -9493.73    36.81     9.43     0.00  -350.06    88.67   -58.91   107.56   -17.59     0.79  -273.56   -19.68     0.00
fep_025_0.400.en        2      1899  0.600000  -11174.00  -10857.60     8.55     3.30     0.00  -341.44    13.19   -40.38    21.38   -16.62     0.81  -284.43    -9.00     0.00
--> Name of file number  32:                                                     
# Energy files from Qdyn, version: 6.0.16 , git id=adc28a635c78993922188615a73366ace3402081                        
fep_026_0.380.en        1      1899  0.380000   -9702.61   -9489.37    37.88     9.68     0.00  -349.41    88.62   -57.81   108.49   -21.15     1.15  -270.45   -21.02     0.00
fep_026_0.380.en        2      1899  0.620000  -11167.78  -10860.46     8.96     3.39     0.00  -331.27    11.60   -37.32    20.75   -19.61     1.17  -274.33   -10.32     0.00
--> Name of file number  33:                                                     
# Energy files from Qdyn, version: 6.0.16 , git id=adc28a635c78993922188615a73366ace3402081                        
fep_027_0.360.en        1      1899  0.360000   -9693.53   -9486.35    38.69     9.96     0.00  -347.40    91.58   -59.70   111.32   -19.51     0.37  -268.19   -20.11     0.00
fep_027_0.360.en        2      1899  0.640000  -11178.38  -10862.90     8.18     3.95     0.00  -337.30     9.70   -35.51    19.54   -17.82     0.40  -283.98   -10.24     0.00
--> Name of file number  34:                                                     
# Energy files from Qdyn, version: 6.0.16 , git id=adc28a635c78993922188615a73366ace3402081                        
fep_028_0.340.en        1      1899  0.340000   -9692.32   -9484.32    38.27    13.49     0.00  -355.29    95.54   -60.39   112.48   -18.47     0.27  -276.43   -17.21     0.00
fep_028_0.340.en        2      1899  0.660000  -11189.43  -10864.79     7.68     3.70     0.00  -348.88    12.85   -34.37    20.14   -16.96     0.29  -297.55    -7.58     0.00
--> Name of file number  35:                                                     
# Energy files from Qdyn, version: 6.0.16 , git id=adc28a635c78993922188615a73366ace3402081                        
fep_029_0.320.en        1      1899  0.320000   -9679.19   -9479.43    40.27    11.77     0.00  -347.91    96.12   -61.43   113.81   -19.94     0.47  -266.55   -18.16     0.00
fep_029_0.320.en        2      1899  0.680000  -11185.98  -10867.22     8.03     4.06     0.00  -341.38    10.53   -36.51    18.87   -19.23     0.49  -285.64    -8.82     0.00
--> Name of file number  36:                                                     
# Energy files from Qdyn, version: 6.0.16 , git id=adc28a635c78993922188615a73366ace3402081                        
fep_030_0.300.en        1      1899  0.300000   -9689.62   -9475.18    38.88    12.93     0.00  -365.61    99.37   -62.02   115.66   -20.33     0.38  -283.26   -16.67     0.00
fep_030_0.300.en        2      1899  0.700000  -11199.60  -10868.36     7.05     3.95     0.00  -352.80    10.56   -34.64    17.96   -19.89     0.38  -298.26    -7.78     0.00
--> Name of file number  37:                                                     
# Energy files from Qdyn, version: 6.0.16 , git id=adc28a635c78993922188615a73366ace3402081                        
fep_031_0.280.en        1      1899  0.280000   -9682.58   -9470.98    40.35    11.40     0.00  -361.06    97.71   -62.01   116.11   -18.72     0.17  -280.34   -18.57     0.00
fep_031_0.280.en        2      1899  0.720000  -11204.16  -10870.44     6.77     3.46     0.00  -351.56     7.61   -33.78    16.99   -17.40     0.20  -300.38    -9.58     0.00
--> Name of file number  38:                                                     
# Energy files from Qdyn, version: 6.0.16 , git id=adc28a635c78993922188615a73366ace3402081                        
fep_032_0.260.en        1      1899  0.260000   -9662.76   -9466.58    40.82    13.14     0.00  -347.61    97.47   -63.46   118.16   -14.70    -0.33  -269.45   -20.35     0.00
fep_032_0.260.en        2      1899  0.740000  -11200.90  -10871.67     6.46     3.63     0.00  -343.71     4.40   -35.48    16.42    -9.91    -0.29  -298.33   -11.73     0.00
--> Name of file number  39:                                                     
# Energy files from Qdyn, version: 6.0.16 , git id=adc28a635c78993922188615a73366ace3402081                        
fep_033_0.240.en        1      1899  0.240000   -9651.44   -9463.38    40.21    17.01     0.00  -344.82    99.54   -63.74   120.09   -14.32    -0.63  -266.77   -19.93     0.00
fep_033_0.240.en        2      1899  0.760000  -11197.40  -10873.04     6.31     3.30     0.00  -338.59     4.63   -34.16    16.17   -10.61    -0.59  -293.82   -10.95     0.00
--> Name of file number  40:                                                     
# Energy files from Qdyn, version: 6.0.16 , git id=adc28a635c78993922188615a73366ace3402081                        
fep_034_0.220.en        1      1899  0.220000   -9652.21   -9456.94    42.45    18.46     0.00  -358.16   101.99   -67.48   121.08   -15.91    -0.38  -274.77   -18.70     0.00
fep_034_0.220.en        2      1899  0.780000  -11210.75  -10874.61     7.02     3.38     0.00  -350.08     3.55   -30.58    14.36   -10.28    -0.35  -309.22   -10.47     0.00
--> Name of file number  41:                                                     
# Energy files from Qdyn, version: 6.0.16 , git id=adc28a635c78993922188615a73366ace3402081                        
fep_035_0.200.en        1      1899  0.200000   -9648.24   -9453.44    42.91    14.59     0.00  -355.05   102.75   -67.60   121.78   -15.44    -0.66  -272.01   -18.38     0.00
fep_035_0.200.en        2      1899  0.800000  -11208.63  -10875.67     6.74     3.82     0.00  -345.75     2.23   -30.68    13.85   -10.96    -0.63  -304.12   -10.99     0.00
--> Name of file number  42:                                                     
# Energy files from Qdyn, version: 6.0.16 , git id=adc28a635c78993922188615a73366ace3402081                        
fep_036_0.180.en        1      1899  0.180000   -9639.93   -9452.48    44.38    12.77     0.00  -347.81   103.21   -67.28   122.62   -14.95    -0.69  -265.57   -18.72     0.00
fep_036_0.180.en        2      1899  0.820000  -11214.95  -10876.65     6.89     3.44     0.00  -351.61     2.98   -36.66    14.44   -10.65    -0.67  -304.30   -10.79     0.00
--> Name of file number  43:                                                     
# Energy files from Qdyn, version: 6.0.16 , git id=adc28a635c78993922188615a73366ace3402081                        
fep_037_0.160.en        1      1899  0.160000   -9638.06   -9446.04    45.39    13.11     0.00  -356.73   106.20   -66.97   124.40   -13.81    -1.28  -275.95   -16.92     0.00
fep_037_0.160.en        2      1899  0.840000  -11216.79  -10877.24     6.81     3.86     0.00  -352.90     2.68   -34.76    12.89    -9.82    -1.26  -308.32    -8.95     0.00
--> Name of file number  44:                                                     
# Energy files from Qdyn, version: 6.0.16 , git id=adc28a635c78993922188615a73366ace3402081                        
fep_038_0.140.en        1      1899  0.140000   -9634.68   -9437.82    45.79    10.05     0.00  -362.43   109.73   -67.54   126.14   -15.86    -0.57  -279.04   -15.84     0.00
fep_038_0.140.en        2      1899  0.860000  -11224.00  -10878.01     5.76     3.03     0.00  -358.28     3.50   -35.69    12.68   -11.76    -0.56  -310.83    -8.63     0.00
--> Name of file number  45:                                                     
# Energy files from Qdyn, version: 6.0.16 , git id=adc28a635c78993922188615a73366ace3402081                        
fep_039_0.120.en        1      1899  0.120000   -9624.25   -9435.84    46.84    10.48     0.00  -355.45   109.73   -66.90   126.78   -15.28    -0.85  -273.27   -16.20     0.00
fep_039_0.120.en        2      1899  0.880000  -11215.06  -10879.14     6.45     2.47     0.00  -347.61     2.77   -35.83    12.43   -11.86    -0.83  -299.92    -8.82     0.00
--> Name of file number  46:                                                     
# Energy files from Qdyn, version: 6.0.16 , git id=adc28a635c78993922188615a73366ace3402081                        
fep_040_0.100.en        1      1899  0.100000   -9613.31   -9431.84    48.37    10.07     0.00  -348.94   109.03   -66.64   128.55   -15.47    -0.72  -266.83   -18.80     0.00
fep_040_0.100.en        2      1899  0.900000  -11219.81  -10879.61     6.71     2.60     0.00  -348.85    -0.66   -35.31    12.41   -12.02    -0.71  -301.52   -12.36     0.00
--> Name of file number  47:                                                     
# Energy files from Qdyn, version: 6.0.16 , git id=adc28a635c78993922188615a73366ace3402081                        
fep_041_0.080.en        1      1899  0.080000   -9611.24   -9427.37    53.55     9.80     0.00  -360.06   112.84   -68.40   130.53   -15.35    -0.81  -276.31   -16.88     0.00
fep_041_0.080.en        2      1899  0.920000  -11229.92  -10879.85     6.74     2.55     0.00  -359.86     0.51   -33.41    11.87   -12.14    -0.79  -314.31   -10.58     0.00
--> Name of file number  48:                                                     
# Energy files from Qdyn, version: 6.0.16 , git id=adc28a635c78993922188615a73366ace3402081                        
fep_042_0.060.en        1      1899  0.060000   -9594.01   -9421.94    51.05    11.61     0.00  -346.89   112.17   -68.67   130.17   -15.15    -0.80  -263.07   -17.21     0.00
fep_042_0.060.en        2      1899  0.940000  -11214.78  -10879.32     7.30     3.26     0.00  -345.62    -0.41   -32.49    10.95   -11.20    -0.79  -301.93   -10.58     0.00
--> Name of file number  49:                                                     
# Energy files from Qdyn, version: 6.0.16 , git id=adc28a635c78993922188615a73366ace3402081                        
fep_043_0.040.en        1      1899  0.040000   -9588.94   -9412.27    55.12    13.67     0.00  -358.47   113.01   -70.43   131.61   -15.36    -0.45  -272.68   -18.15     0.00
fep_043_0.040.en        2      1899  0.960000  -11228.23  -10879.25     7.01     2.66     0.00  -356.59    -2.07   -32.48    10.17   -10.58    -0.43  -313.52   -11.80     0.00
--> Name of file number  50:                                                     
# Energy files from Qdyn, version: 6.0.16 , git id=adc28a635c78993922188615a73366ace3402081                        
fep_044_0.020.en        1      1899  0.020000   -9545.44   -9397.01    73.44    12.80     0.00  -352.35   117.69   -72.95   136.25   -14.80    -0.56  -264.61   -18.00     0.00
fep_044_0.020.en        2      1899  0.980000  -11219.37  -10879.73     6.92     2.93     0.00  -349.25    -0.24   -34.61    11.55   -10.66    -0.53  -303.99   -11.26     0.00
--> Name of file number  51:                                                     
# Energy files from Qdyn, version: 6.0.16 , git id=adc28a635c78993922188615a73366ace3402081                        
fep_045_0.000.en        1      1899  0.000000   -9536.62   -9394.27    73.65    17.84     0.00  -352.25   118.41   -69.41   137.29   -14.53    -0.30  -268.31   -18.57     0.00
fep_045_0.000.en        2      1899  1.000000  -11215.19  -10879.77     7.46     3.82     0.00  -344.43    -2.27   -25.95     9.96   -10.38    -0.27  -308.10   -11.96     0.00


# Part 1: Free energy perturbation summary:

# Calculation for full system
# lambda(1)      dGf sum(dGf)      dGr sum(dGr)     <dG>
   1.000000     0.000     0.000    -2.059  1662.955     0.000
   0.980000     4.124     4.124     1.807  1665.013     3.091
   0.960000    -1.536     2.588     4.860  1663.206     1.420
   0.940000    -4.241    -1.653     8.016  1658.346    -3.130
   0.920000    -7.163    -8.816    10.206  1650.330   -10.720
   0.900000   -10.055   -18.871    12.310  1640.124   -20.851
   0.880000   -12.427   -31.298    15.235  1627.814   -33.219
   0.860000   -15.843   -47.141    18.239  1612.579   -48.758
   0.840000   -18.040   -65.181    21.195  1594.340   -66.898
   0.820000   -21.092   -86.273    23.849  1573.145   -88.042
   0.800000   -24.049  -110.322    27.274  1549.296  -111.990
   0.780000   -26.709  -137.031    29.190  1522.022  -138.982
   0.760000   -29.230  -166.261    31.077  1492.832  -168.192
   0.740000   -30.760  -197.022    32.177  1461.755  -199.111
   0.720000   -31.911  -228.933    33.164  1429.578  -231.155
   0.700000   -32.857  -261.790    34.065  1396.413  -264.166
   0.680000   -33.877  -295.667    35.206  1362.348  -298.137
   0.660000   -34.812  -330.480    35.772  1327.142  -333.146
   0.640000   -35.762  -366.241    36.366  1291.370  -368.913
   0.620000   -36.324  -402.566    36.529  1255.004  -405.258
   0.600000   -36.836  -439.401    36.947  1218.475  -441.940
   0.580000   -36.912  -476.313    37.452  1181.528  -478.870
   0.560000   -37.323  -513.635    37.733  1144.076  -516.257
   0.540000   -37.733  -551.368    38.134  1106.343  -553.990
   0.520000   -38.009  -589.377    38.412  1068.209  -592.062
   0.500000   -38.332  -627.709    38.679  1029.796  -630.434
   0.480000   -38.636  -666.345    39.163   991.118  -669.091
   0.460000   -38.968  -705.313    39.263   951.955  -708.157
   0.440000   -39.313  -744.626    39.434   912.692  -747.444
   0.420000   -39.477  -784.103    39.638   873.258  -786.900
   0.400000   -39.656  -823.759    39.635   833.620  -826.547
   0.380000   -39.787  -863.546    40.032   793.985  -866.258
   0.360000   -39.793  -903.339    40.279   753.953  -906.170
   0.340000   -40.182  -943.521    40.460   713.673  -946.401
   0.320000   -40.426  -983.947    40.519   673.214  -986.844
   0.300000   -40.628 -1024.575    40.765   632.695 -1027.417
   0.280000   -40.692 -1065.267    41.087   591.930 -1068.146
   0.260000   -40.921 -1106.188    41.256   550.844 -1109.149
   0.240000   -41.260 -1147.448    41.502   509.587 -1150.407
   0.220000   -41.403 -1188.850    41.539   468.086 -1191.860
   0.200000   -41.658 -1230.508    41.835   426.546 -1233.458
   0.180000   -41.694 -1272.202    41.903   384.711 -1275.223
   0.160000   -41.990 -1314.192    42.108   342.808 -1317.169
   0.140000   -42.073 -1356.265    42.158   300.700 -1359.260
   0.120000   -42.301 -1398.567    42.457   258.542 -1401.490
   0.100000   -42.295 -1440.861    42.680   216.084 -1443.866
   0.080000   -42.623 -1483.485    42.757   173.404 -1486.518
   0.060000   -42.891 -1526.376    43.082   130.647 -1529.342
   0.040000   -42.894 -1569.270    43.740    87.564 -1572.330
   0.020000   -43.312 -1612.582    43.825    43.825 -1615.856
   0.000000   -44.053 -1656.635     0.000     0.000 -1659.795

# Min energy-gap is:   -537.28
# Max energy-gap is:   2281.83



# Part 2: Reaction free energy summary:
# Lambda(1)  bin Energy gap      dGa     dGb     dGg    # pts    c1**2    c2**2
   1.000000    3    -466.80       0.00     455.34      -1.93     26     0.996     0.004
   1.000000    4    -438.61       0.00     426.90      -2.06     49     0.995     0.005
   1.000000    5    -410.42       0.00     398.49      -2.18     88     0.995     0.005
   1.000000    6    -382.22       0.00     370.33      -2.35    158     0.994     0.006
   1.000000    7    -354.03       0.00     341.99      -2.53    185     0.993     0.007
   1.000000    8    -325.84       0.00     313.66      -2.75    232     0.992     0.008
   1.000000    9    -297.65       0.00     285.90      -3.01    275     0.990     0.010
   1.000000   10    -269.46       0.00     258.00      -3.30    257     0.988     0.012
   1.000000   11    -241.27       0.00     229.67      -3.69    202     0.985     0.015
   1.000000   12    -213.08       0.00     201.41      -4.17    161     0.981     0.019
   1.000000   13    -184.89       0.00     173.30      -4.77    122     0.976     0.024
   1.000000   14    -156.70       0.00     144.81      -5.60     87     0.967     0.033
   1.000000   15    -128.51       0.00     117.66      -6.70     31     0.954     0.046
   0.980000   13    -184.89      -0.56     172.82      -5.38     27     0.975     0.025
   0.980000   14    -156.70      -0.07     145.45      -5.61     60     0.967     0.033
   0.980000   15    -128.51       0.51     118.13      -6.20     89     0.952     0.048
   0.980000   16    -100.31       1.08      89.47      -7.46    165     0.927     0.073
   0.980000   17     -72.12       1.66      62.12      -9.88    218     0.879     0.121
   0.980000   18     -43.93       2.19      34.71     -14.63    255     0.793     0.207
   0.980000   19     -15.74       2.75       6.96     -24.35    261     0.627     0.373
   0.980000   20      12.45       3.32     -20.55     -40.36    242     0.402     0.598
   0.980000   21      40.64       3.86     -48.45     -61.78    191     0.227     0.773
   0.980000   22      68.83       4.44     -75.76     -85.53    164     0.126     0.874
   0.980000   23      97.02       5.01    -103.46    -111.09    112     0.076     0.924
   0.980000   24     125.21       5.55    -130.81    -137.04     50     0.050     0.950
   0.980000   25     153.41       6.12    -157.89    -163.15     33     0.035     0.965
   0.960000   20      12.45       1.91     -21.16     -41.13     31     0.389     0.611
   0.960000   21      40.64       3.05     -48.70     -62.15     64     0.212     0.788
   0.960000   22      68.83       4.16     -75.93     -85.71    139     0.121     0.879
   0.960000   23      97.02       5.22    -102.89    -110.52    236     0.075     0.925
   0.960000   24     125.21       6.35    -129.87    -136.10    288     0.050     0.950
   0.960000   25     153.41       7.51    -157.34    -162.57    343     0.034     0.966
   0.960000   26     181.60       8.59    -184.18    -188.69    332     0.025     0.975
   0.960000   27     209.79       9.67    -210.06    -214.03    219     0.020     0.980
   0.960000   28     237.98      10.77    -237.99    -241.52    136     0.015     0.985
   0.960000   29     266.17      11.89    -264.84    -268.02     60     0.012     0.988
   0.960000   30     294.36      13.12    -292.38    -295.28     28     0.010     0.990
   0.940000   26     181.60       7.65    -185.02    -189.53     36     0.025     0.975
   0.940000   27     209.79       9.37    -211.12    -215.09    113     0.019     0.981
   0.940000   28     237.98      10.95    -237.99    -241.52    218     0.015     0.985
   0.940000   29     266.17      12.69    -264.45    -267.63    307     0.012     0.988
   0.940000   30     294.36      14.33    -290.88    -293.77    397     0.010     0.990
   0.940000   31     322.55      15.99    -317.16    -319.82    342     0.008     0.992
   0.940000   32     350.74      17.72    -343.95    -346.40    231     0.007     0.993
   0.940000   33     378.93      19.32    -370.09    -372.37    139     0.006     0.994
   0.940000   34     407.12      20.92    -396.12    -398.25     47     0.005     0.995
   0.940000   35     435.32      22.68    -423.02    -425.02     28     0.005     0.995
   0.920000   31     322.55      15.18    -316.13    -318.81     21     0.008     0.992
   0.920000   32     350.74      17.24    -344.61    -347.06     84     0.007     0.993
   0.920000   33     378.93      19.38    -370.25    -372.53    225     0.006     0.994
   0.920000   34     407.12      21.57    -396.00    -398.13    365     0.005     0.995
   0.920000   35     435.32      23.79    -421.68    -423.68    356     0.005     0.995
   0.920000   36     463.51      26.02    -447.83    -449.71    315     0.004     0.996
   0.920000   37     491.70      28.27    -473.65    -475.42    239     0.004     0.996
   0.920000   38     519.89      30.49    -499.73    -501.41    166     0.003     0.997
   0.920000   39     548.08      32.64    -524.48    -526.08     90     0.003     0.997
   0.920000   40     576.27      34.79    -546.31    -547.84     20     0.003     0.997
   0.900000   35     435.32      22.34    -423.12    -425.12     48     0.005     0.995
   0.900000   36     463.51      25.25    -448.74    -450.62     95     0.004     0.996
   0.900000   37     491.70      27.88    -474.16    -475.93    192     0.004     0.996
   0.900000   38     519.89      30.81    -499.32    -501.00    355     0.003     0.997
   0.900000   39     548.08      33.44    -524.76    -526.36    357     0.003     0.997
   0.900000   40     576.27      36.31    -550.00    -551.52    274     0.003     0.997
   0.900000   41     604.46      39.09    -575.03    -576.49    250     0.002     0.998
   0.900000   42     632.65      41.95    -600.87    -602.26    165     0.002     0.998
   0.900000   43     660.84      44.63    -625.90    -627.23    104     0.002     0.998
   0.900000   44     689.04      47.60    -649.32    -650.61     29     0.002     0.998
   0.900000   45     717.23      50.29    -676.13    -677.36     23     0.002     0.998
   0.880000   39     548.08      32.11    -526.30    -527.90     37     0.003     0.997
   0.880000   40     576.27      35.43    -550.55    -552.07     86     0.003     0.997
   0.880000   41     604.46      38.72    -574.86    -576.31    129     0.002     0.998
   0.880000   42     632.65      42.13    -600.06    -601.45    183     0.002     0.998
   0.880000   43     660.84      45.42    -624.96    -626.29    235     0.002     0.998
   0.880000   44     689.04      48.79    -649.63    -650.91    256     0.002     0.998
   0.880000   45     717.23      52.19    -674.55    -675.78    287     0.002     0.998
   0.880000   46     745.42      55.54    -699.30    -700.48    250     0.002     0.998
   0.880000   47     773.61      58.93    -724.15    -725.30    185     0.001     0.999
   0.880000   48     801.80      62.32    -749.09    -750.19     98     0.001     0.999
   0.880000   49     829.99      65.67    -774.27    -775.34     73     0.001     0.999
   0.880000   50     858.18      68.95    -797.71    -798.74     38     0.001     0.999
   0.860000   44     689.04      47.04    -651.32    -652.60     42     0.002     0.998
   0.860000   45     717.23      51.16    -675.90    -677.13     88     0.002     0.998
   0.860000   46     745.42      54.83    -699.76    -700.95    160     0.002     0.998
   0.860000   47     773.61      58.74    -723.96    -725.11    195     0.001     0.999
   0.860000   48     801.80      62.70    -748.44    -749.54    272     0.001     0.999
   0.860000   49     829.99      66.59    -772.54    -773.60    313     0.001     0.999
   0.860000   50     858.18      70.45    -796.35    -797.38    269     0.001     0.999
   0.860000   51     886.37      74.50    -820.92    -821.92    211     0.001     0.999
   0.860000   52     914.56      78.45    -845.09    -846.06    148     0.001     0.999
   0.860000   53     942.75      82.22    -869.64    -870.58    110     0.001     0.999
   0.860000   54     970.95      86.13    -892.82    -893.73     59     0.001     0.999
   0.840000   49     829.99      64.84    -773.99    -775.06     39     0.001     0.999
   0.840000   50     858.18      69.41    -797.29    -798.32     54     0.001     0.999
   0.840000   51     886.37      73.80    -821.20    -822.20    139     0.001     0.999
   0.840000   52     914.56      78.42    -844.95    -845.92    211     0.001     0.999
   0.840000   53     942.75      83.08    -868.51    -869.46    235     0.001     0.999
   0.840000   54     970.95      87.39    -892.11    -893.03    280     0.001     0.999
   0.840000   55     999.14      91.88    -915.81    -916.70    262     0.001     0.999
   0.840000   56    1027.33      96.29    -939.40    -940.26    253     0.001     0.999
   0.840000   57    1055.52     100.84    -962.97    -963.81    173     0.001     0.999
   0.840000   58    1083.71     105.27    -986.70    -987.52    143     0.001     0.999
   0.840000   59    1111.90     109.74   -1009.90   -1010.70     66     0.001     0.999
   0.840000   60    1140.09     114.26   -1033.61   -1034.39     29     0.001     0.999
   0.820000   54     970.95      85.95    -893.31    -894.22     23     0.001     0.999
   0.820000   55     999.14      90.86    -916.41    -917.29     51     0.001     0.999
   0.820000   56    1027.33      96.03    -940.36    -941.23     70     0.001     0.999
   0.820000   57    1055.52     100.68    -963.31    -964.15    157     0.001     0.999
   0.820000   58    1083.71     105.63    -986.14    -986.96    243     0.001     0.999
   0.820000   59    1111.90     110.87   -1009.02   -1009.82    258     0.001     0.999
   0.820000   60    1140.09     115.87   -1032.29   -1033.07    304     0.001     0.999
   0.820000   61    1168.28     121.08   -1055.35   -1056.11    302     0.001     0.999
   0.820000   62    1196.47     126.13   -1078.41   -1079.16    238     0.001     0.999
   0.820000   63    1224.67     131.03   -1100.86   -1101.59    138     0.001     0.999
   0.820000   64    1252.86     136.21   -1123.42   -1124.13     70     0.001     0.999
   0.820000   65    1281.05     141.05   -1146.53   -1147.22     25     0.001     0.999
   0.800000   61    1168.28     120.66   -1056.05   -1056.82     40     0.001     0.999
   0.800000   62    1196.47     125.93   -1078.34   -1079.09    110     0.001     0.999
   0.800000   63    1224.67     131.52   -1100.78   -1101.50    205     0.001     0.999
   0.800000   64    1252.86     137.08   -1123.52   -1124.23    283     0.001     0.999
   0.800000   65    1281.05     142.86   -1146.14   -1146.84    338     0.001     0.999
   0.800000   66    1309.24     148.29   -1168.54   -1169.22    355     0.001     0.999
   0.800000   67    1337.43     153.92   -1190.91   -1191.58    276     0.001     0.999
   0.800000   68    1365.62     159.54   -1212.99   -1213.64    154     0.000     1.000
   0.800000   69    1393.81     165.24   -1236.23   -1236.87     82     0.000     1.000
   0.780000   65    1281.05     141.26   -1146.97   -1147.67     31     0.001     0.999
   0.780000   66    1309.24     147.79   -1169.40   -1170.08     70     0.001     0.999
   0.780000   67    1337.43     153.57   -1191.05   -1191.72    176     0.001     0.999
   0.780000   68    1365.62     159.74   -1213.12   -1213.78    248     0.000     1.000
   0.780000   69    1393.81     165.92   -1235.29   -1235.93    268     0.000     1.000
   0.780000   70    1422.00     172.22   -1256.87   -1257.50    341     0.000     1.000
   0.780000   71    1450.19     178.31   -1279.20   -1279.81    386     0.000     1.000
   0.780000   72    1478.38     184.46   -1300.65   -1301.25    241     0.000     1.000
   0.780000   73    1506.58     190.63   -1322.38   -1322.97     85     0.000     1.000
   0.780000   74    1534.77     196.82   -1344.28   -1344.86     40     0.000     1.000
   0.760000   69    1393.81     164.93   -1236.14   -1236.78     46     0.000     1.000
   0.760000   70    1422.00     171.42   -1257.69   -1258.32    129     0.000     1.000
   0.760000   71    1450.19     178.03   -1279.09   -1279.71    229     0.000     1.000
   0.760000   72    1478.38     184.73   -1300.06   -1300.66    377     0.000     1.000
   0.760000   73    1506.58     191.50   -1321.98   -1322.57    411     0.000     1.000
   0.760000   74    1534.77     198.11   -1343.06   -1343.64    361     0.000     1.000
   0.760000   75    1562.96     204.75   -1364.57   -1365.14    235     0.000     1.000
   0.760000   76    1591.15     211.16   -1384.49   -1385.05     69     0.000     1.000
   0.760000   77    1619.34     218.47   -1406.76   -1407.31     31     0.000     1.000
   0.740000   72    1478.38     184.45   -1301.93   -1302.53     25     0.000     1.000
   0.740000   73    1506.58     190.59   -1322.81   -1323.40     99     0.000     1.000
   0.740000   74    1534.77     198.01   -1343.14   -1343.72    292     0.000     1.000
   0.740000   75    1562.96     205.19   -1363.99   -1364.56    520     0.000     1.000
   0.740000   76    1591.15     212.34   -1384.81   -1385.37    542     0.000     1.000
   0.740000   77    1619.34     219.56   -1405.45   -1406.00    336     0.000     1.000
   0.740000   78    1647.53     226.57   -1426.17   -1426.71     78     0.000     1.000
   0.720000   74    1534.77     196.29   -1344.99   -1345.58     22     0.000     1.000
   0.720000   75    1562.96     204.67   -1364.90   -1365.47     95     0.000     1.000
   0.720000   76    1591.15     212.11   -1385.04   -1385.60    322     0.000     1.000
   0.720000   77    1619.34     219.95   -1405.09   -1405.64    652     0.000     1.000
   0.720000   78    1647.53     227.60   -1425.46   -1426.00    534     0.000     1.000
   0.720000   79    1675.72     235.34   -1445.18   -1445.71    235     0.000     1.000
   0.720000   80    1703.91     243.02   -1463.18   -1463.70     37     0.000     1.000
   0.700000   76    1591.15     211.25   -1385.75   -1386.31     26     0.000     1.000
   0.700000   77    1619.34     219.32   -1405.53   -1406.08    176     0.000     1.000
   0.700000   78    1647.53     227.63   -1425.39   -1425.93    423     0.000     1.000
   0.700000   79    1675.72     235.92   -1445.00   -1445.54    615     0.000     1.000
   0.700000   80    1703.91     244.26   -1464.55   -1465.07    459     0.000     1.000
   0.700000   81    1732.10     252.49   -1483.76   -1484.28    171     0.000     1.000
   0.700000   82    1760.30     260.90   -1499.97   -1500.48     29     0.000     1.000
   0.680000   78    1647.53     226.63   -1426.20   -1426.74     69     0.000     1.000
   0.680000   79    1675.72     235.55   -1445.58   -1446.11    256     0.000     1.000
   0.680000   80    1703.91     244.53   -1464.42   -1464.95    499     0.000     1.000
   0.680000   81    1732.10     253.23   -1483.30   -1483.82    596     0.000     1.000
   0.680000   82    1760.30     262.17   -1502.42   -1502.92    366     0.000     1.000
   0.680000   83    1788.49     271.14   -1520.53   -1521.03     97     0.000     1.000
   0.660000   80    1703.91     244.19   -1465.81   -1466.33     38     0.000     1.000
   0.660000   81    1732.10     252.90   -1483.77   -1484.29    295     0.000     1.000
   0.660000   82    1760.30     262.27   -1502.32   -1502.83    612     0.000     1.000
   0.660000   83    1788.49     271.74   -1520.74   -1521.24    620     0.000     1.000
   0.660000   84    1816.68     281.04   -1538.90   -1539.39    285     0.000     1.000
   0.660000   85    1844.87     290.45   -1554.26   -1554.74     46     0.000     1.000
   0.640000   81    1732.10     253.92   -1484.97   -1485.48     42     0.000     1.000
   0.640000   82    1760.30     261.95   -1502.86   -1503.37    305     0.000     1.000
   0.640000   83    1788.49     271.70   -1520.55   -1521.05    595     0.000     1.000
   0.640000   84    1816.68     281.66   -1538.42   -1538.91    612     0.000     1.000
   0.640000   85    1844.87     291.55   -1556.06   -1556.55    307     0.000     1.000
   0.640000   86    1873.06     301.62   -1569.11   -1569.59     35     0.000     1.000
   0.620000   82    1760.30     262.17   -1504.05   -1504.56     26     0.000     1.000
   0.620000   83    1788.49     271.15   -1521.33   -1521.83    268     0.000     1.000
   0.620000   84    1816.68     281.57   -1538.39   -1538.88    687     0.000     1.000
   0.620000   85    1844.87     292.10   -1555.67   -1556.16    644     0.000     1.000
   0.620000   86    1873.06     302.53   -1572.62   -1573.09    251     0.000     1.000
   0.600000   83    1788.49     270.35   -1522.04   -1522.54    163     0.000     1.000
   0.600000   84    1816.68     281.10   -1538.61   -1539.10    609     0.000     1.000
   0.600000   85    1844.87     292.00   -1555.26   -1555.74    774     0.000     1.000
   0.600000   86    1873.06     303.04   -1571.65   -1572.13    326     0.000     1.000
   0.600000   87    1901.25     314.09   -1586.76   -1587.24     20     0.000     1.000
   0.580000   83    1788.49     270.26   -1522.95   -1523.45     27     0.000     1.000
   0.580000   84    1816.68     280.48   -1539.20   -1539.69    244     0.000     1.000
   0.580000   85    1844.87     292.13   -1555.11   -1555.59    700     0.000     1.000
   0.580000   86    1873.06     303.55   -1571.09   -1571.57    741     0.000     1.000
   0.580000   87    1901.25     314.99   -1587.23   -1587.70    181     0.000     1.000
   0.560000   85    1844.87     292.11   -1555.77   -1556.25    287     0.000     1.000
   0.560000   86    1873.06     303.73   -1571.22   -1571.70    926     0.000     1.000
   0.560000   87    1901.25     315.61   -1586.64   -1587.11    598     0.000     1.000
   0.560000   88    1929.44     327.71   -1597.81   -1598.28     72     0.000     1.000
   0.540000   85    1844.87     291.45   -1556.43   -1556.92     88     0.000     1.000
   0.540000   86    1873.06     303.29   -1571.38   -1571.86    609     0.000     1.000
   0.540000   87    1901.25     315.95   -1586.25   -1586.72    937     0.000     1.000
   0.540000   88    1929.44     328.47   -1600.94   -1601.40    254     0.000     1.000
   0.520000   86    1873.06     304.14   -1572.03   -1572.51    142     0.000     1.000
   0.520000   87    1901.25     315.97   -1586.11   -1586.58    961     0.000     1.000
   0.520000   88    1929.44     328.95   -1600.16   -1600.63    736     0.000     1.000
   0.520000   89    1957.63     341.88   -1611.99   -1612.45     59     0.000     1.000
   0.500000   86    1873.06     304.10   -1572.63   -1573.10     32     0.000     1.000
   0.500000   87    1901.25     315.75   -1586.71   -1587.18    473     0.000     1.000
   0.500000   88    1929.44     329.10   -1600.11   -1600.57   1073     0.000     1.000
   0.500000   89    1957.63     342.80   -1613.34   -1613.80    312     0.000     1.000
   0.480000   87    1901.25     315.40   -1587.11   -1587.58    191     0.000     1.000
   0.480000   88    1929.44     329.07   -1600.26   -1600.73    818     0.000     1.000
   0.480000   89    1957.63     343.17   -1613.23   -1613.68    747     0.000     1.000
   0.480000   90    1985.82     357.58   -1626.64   -1627.09    131     0.000     1.000
   0.460000   88    1929.44     329.31   -1601.08   -1601.54    217     0.000     1.000
   0.460000   89    1957.63     343.62   -1613.31   -1613.77   1171     0.000     1.000
   0.460000   90    1985.82     357.98   -1625.11   -1625.56    503     0.000     1.000
   0.440000   88    1929.44     328.86   -1601.46   -1601.92    159     0.000     1.000
   0.440000   89    1957.63     343.34   -1613.39   -1613.85    897     0.000     1.000
   0.440000   90    1985.82     358.54   -1624.91   -1625.36    777     0.000     1.000
   0.440000   91    2014.01     373.71   -1635.73   -1636.18     64     0.000     1.000
   0.420000   88    1929.44     326.84   -1602.01   -1602.47     69     0.000     1.000
   0.420000   89    1957.63     342.81   -1613.50   -1613.96    632     0.000     1.000
   0.420000   90    1985.82     358.62   -1624.83   -1625.28    992     0.000     1.000
   0.420000   91    2014.01     374.55   -1634.54   -1634.99    204     0.000     1.000
   0.400000   89    1957.63     343.43   -1613.94   -1614.40    350     0.000     1.000
   0.400000   90    1985.82     358.61   -1624.73   -1625.18   1233     0.000     1.000
   0.400000   91    2014.01     374.70   -1635.03   -1635.48    310     0.000     1.000
   0.380000   89    1957.63     341.58   -1614.39   -1614.85    364     0.000     1.000
   0.380000   90    1985.82     358.37   -1624.39   -1624.84   1186     0.000     1.000
   0.380000   91    2014.01     375.18   -1634.11   -1634.56    336     0.000     1.000
   0.360000   90    1985.82     358.81   -1624.84   -1625.29    705     0.000     1.000
   0.360000   91    2014.01     375.70   -1634.32   -1634.77   1044     0.000     1.000
   0.360000   92    2042.21     393.00   -1639.63   -1640.07    131     0.000     1.000
   0.340000   90    1985.82     358.34   -1625.36   -1625.81    197     0.000     1.000
   0.340000   91    2014.01     375.83   -1634.28   -1634.72   1246     0.000     1.000
   0.340000   92    2042.21     393.70   -1642.75   -1643.19    444     0.000     1.000
   0.320000   90    1985.82     358.45   -1625.88   -1626.33     87     0.000     1.000
   0.320000   91    2014.01     375.73   -1634.44   -1634.88    883     0.000     1.000
   0.320000   92    2042.21     394.14   -1642.63   -1643.07    877     0.000     1.000
   0.320000   93    2070.40     412.61   -1647.87   -1648.31     52     0.000     1.000
   0.300000   90    1985.82     355.79   -1626.31   -1626.76     62     0.000     1.000
   0.300000   91    2014.01     375.25   -1634.62   -1635.07    761     0.000     1.000
   0.300000   92    2042.21     394.18   -1642.22   -1642.66    980     0.000     1.000
   0.300000   93    2070.40     413.30   -1647.37   -1647.80     94     0.000     1.000
   0.280000   91    2014.01     376.61   -1634.98   -1635.43    345     0.000     1.000
   0.280000   92    2042.21     394.28   -1642.32   -1642.75   1221     0.000     1.000
   0.280000   93    2070.40     413.83   -1649.07   -1649.50    324     0.000     1.000
   0.260000   91    2014.01     382.68   -1635.68   -1636.13     54     0.000     1.000
   0.260000   92    2042.21     394.41   -1642.59   -1643.02    808     0.000     1.000
   0.260000   93    2070.40     414.43   -1649.25   -1649.68    933     0.000     1.000
   0.260000   94    2098.59     434.68   -1654.74   -1655.17    103     0.000     1.000
   0.240000   92    2042.21     394.13   -1642.94   -1643.38    452     0.000     1.000
   0.240000   93    2070.40     414.59   -1648.95   -1649.38   1219     0.000     1.000
   0.240000   94    2098.59     435.31   -1654.42   -1654.85    215     0.000     1.000
   0.220000   92    2042.21     395.52   -1643.50   -1643.93    139     0.000     1.000
   0.220000   93    2070.40     414.76   -1649.15   -1649.58   1061     0.000     1.000
   0.220000   94    2098.59     435.85   -1654.54   -1654.96    682     0.000     1.000
   0.200000   92    2042.21     395.86   -1643.90   -1644.33    102     0.000     1.000
   0.200000   93    2070.40     414.22   -1649.16   -1649.59    979     0.000     1.000
   0.200000   94    2098.59     436.00   -1653.96   -1654.38    795     0.000     1.000
   0.200000   95    2126.78     457.66   -1657.98   -1658.40     23     0.000     1.000
   0.180000   93    2070.40     414.46   -1649.60   -1650.04    447     0.000     1.000
   0.180000   94    2098.59     436.29   -1654.08   -1654.51   1212     0.000     1.000
   0.180000   95    2126.78     458.51   -1658.33   -1658.76    226     0.000     1.000
   0.160000   93    2070.40     414.20   -1650.00   -1650.43    319     0.000     1.000
   0.160000   94    2098.59     435.96   -1653.89   -1654.31   1203     0.000     1.000
   0.160000   95    2126.78     459.27   -1657.96   -1658.38    364     0.000     1.000
   0.140000   93    2070.40     416.62   -1650.52   -1650.95     82     0.000     1.000
   0.140000   94    2098.59     436.12   -1654.02   -1654.45   1056     0.000     1.000
   0.140000   95    2126.78     459.57   -1657.50   -1657.92    682     0.000     1.000
   0.140000   96    2154.97     483.22   -1661.33   -1661.75     76     0.000     1.000
   0.120000   93    2070.40     413.98   -1651.07   -1651.51     48     0.000     1.000
   0.120000   94    2098.59     435.85   -1654.19   -1654.62    989     0.000     1.000
   0.120000   95    2126.78     459.60   -1656.88   -1657.30    828     0.000     1.000
   0.120000   96    2154.97     483.64   -1659.65   -1660.07     34     0.000     1.000
   0.100000   94    2098.59     435.92   -1654.58   -1655.01    339     0.000     1.000
   0.100000   95    2126.78     459.76   -1656.97   -1657.39   1174     0.000     1.000
   0.100000   96    2154.97     484.52   -1659.11   -1659.53    378     0.000     1.000
   0.080000   94    2098.59     440.51   -1655.10   -1655.53    122     0.000     1.000
   0.080000   95    2126.78     459.80   -1657.06   -1657.48    883     0.000     1.000
   0.080000   96    2154.97     485.09   -1659.02   -1659.44    813     0.000     1.000
   0.080000   97    2183.16     510.22   -1660.78   -1661.19     78     0.000     1.000
   0.060000   94    2098.59     447.65   -1655.89   -1656.32     33     0.000     1.000
   0.060000   95    2126.78     459.59   -1657.30   -1657.72    909     0.000     1.000
   0.060000   96    2154.97     485.17   -1658.62   -1659.04    912     0.000     1.000
   0.060000   97    2183.16     510.89   -1659.77   -1660.19     45     0.000     1.000
   0.040000   95    2126.78     459.31   -1657.65   -1658.07    268     0.000     1.000
   0.040000   96    2154.97     485.57   -1658.64   -1659.06   1043     0.000     1.000
   0.040000   97    2183.16     511.94   -1659.55   -1659.97    533     0.000     1.000
   0.040000   98    2211.35     538.41   -1660.62   -1661.03     46     0.000     1.000
   0.020000   96    2154.97     485.06   -1659.08   -1659.50    218     0.000     1.000
   0.020000   97    2183.16     512.36   -1659.57   -1659.98    855     0.000     1.000
   0.020000   98    2211.35     539.71   -1660.06   -1660.47    669     0.000     1.000
   0.020000   99    2239.54     566.73   -1660.59   -1660.99    143     0.000     1.000
   0.000000   96    2154.97     483.82   -1659.79   -1660.21    151     0.000     1.000
   0.000000   97    2183.16     511.89   -1659.79   -1660.21    749     0.000     1.000
   0.000000   98    2211.35     539.51   -1659.79   -1660.20    772     0.000     1.000
   0.000000   99    2239.54     567.33   -1659.79   -1660.20    213     0.000     1.000


# Part 3: Bin-averaged summary:
# bin  energy gap  <dGg> <dGg norm> pts  <c1**2> <c2**2> <r_xy>
   3   -466.80     -1.93   1658.59         26    0.996    0.004    8.030
   4   -438.61     -2.06   1658.46         49    0.995    0.005    8.000
   5   -410.42     -2.18   1658.33         88    0.995    0.005    7.969
   6   -382.22     -2.35   1658.16        158    0.994    0.006    7.956
   7   -354.03     -2.53   1657.99        185    0.993    0.007    7.992
   8   -325.84     -2.75   1657.76        232    0.992    0.008    7.985
   9   -297.65     -3.01   1657.51        275    0.990    0.010    7.998
  10   -269.46     -3.30   1657.22        257    0.988    0.012    8.019
  11   -241.27     -3.69   1656.82        202    0.985    0.015    7.853
  12   -213.08     -4.17   1656.35        161    0.981    0.019    7.676
  13   -184.89     -4.88   1655.64        149    0.975    0.025    7.494
  14   -156.70     -5.60   1654.92        147    0.967    0.033    7.432
  15   -128.51     -6.33   1654.18        120    0.953    0.047    7.314
  16   -100.31     -7.46   1653.06        165    0.927    0.073    7.322
  17    -72.12     -9.88   1650.63        218    0.879    0.121    7.272
  18    -43.93    -14.63   1645.89        255    0.793    0.207    7.295
  19    -15.74    -24.35   1636.16        261    0.627    0.373    7.363
  20     12.45    -40.44   1620.07        273    0.400    0.600    7.386
  21     40.64    -61.87   1598.65        255    0.223    0.777    7.387
  22     68.83    -85.61   1574.91        303    0.124    0.876    7.394
  23     97.02   -110.70   1549.81        348    0.076    0.924    7.348
  24    125.21   -136.23   1524.28        338    0.050    0.950    7.301
  25    153.41   -162.62   1497.89        376    0.034    0.966    7.295
  26    181.60   -188.77   1471.74        368    0.025    0.975    7.175
  27    209.79   -214.39   1446.12        332    0.019    0.981    7.004
  28    237.98   -241.52   1418.99        354    0.015    0.985    6.752
  29    266.17   -267.70   1392.82        367    0.012    0.988    6.560
  30    294.36   -293.87   1366.64        425    0.010    0.990    6.498
  31    322.55   -319.76   1340.75        363    0.008    0.992    6.364
  32    350.74   -346.58   1313.94        315    0.007    0.993    6.333
  33    378.93   -372.47   1288.05        364    0.006    0.994    6.327
  34    407.12   -398.14   1262.37        412    0.005    0.995    6.354
  35    435.32   -423.93   1236.59        432    0.005    0.995    6.353
  36    463.51   -449.92   1210.60        410    0.004    0.996    6.433
  37    491.70   -475.65   1184.87        431    0.004    0.996    6.432
  38    519.89   -501.13   1159.39        521    0.003    0.997    6.328
  39    548.08   -526.42   1134.09        484    0.003    0.997    6.279
  40    576.27   -551.45   1109.06        380    0.003    0.997    6.234
  41    604.46   -576.43   1084.09        379    0.002    0.998    6.191
  42    632.65   -601.83   1058.68        348    0.002    0.998    6.204
  43    660.84   -626.58   1033.94        339    0.002    0.998    6.265
  44    689.04   -651.10   1009.42        327    0.002    0.998    6.231
  45    717.23   -676.17    984.34        398    0.002    0.998    6.229
  46    745.42   -700.66    959.85        410    0.002    0.998    6.187
  47    773.61   -725.20    935.32        380    0.001    0.999    6.224
  48    801.80   -749.71    910.80        370    0.001    0.999    6.182
  49    829.99   -774.03    886.48        425    0.001    0.999    6.225
  50    858.18   -797.66    862.86        361    0.001    0.999    6.270
  51    886.37   -822.03    838.49        350    0.001    0.999    6.331
  52    914.56   -845.98    814.54        359    0.001    0.999    6.356
  53    942.75   -869.81    790.70        345    0.001    0.999    6.355
  54    970.95   -893.22    767.30        362    0.001    0.999    6.411
  55    999.14   -916.80    743.72        313    0.001    0.999    6.560
  56   1027.33   -940.47    720.05        323    0.001    0.999    6.612
  57   1055.52   -963.97    696.55        330    0.001    0.999    6.778
  58   1083.71   -987.17    673.35        386    0.001    0.999    6.872
  59   1111.90  -1010.00    650.52        324    0.001    0.999    7.032
  60   1140.09  -1033.18    627.33        333    0.001    0.999    7.086
  61   1168.28  -1056.19    604.32        342    0.001    0.999    7.048
  62   1196.47  -1079.14    581.38        348    0.001    0.999    6.886
  63   1224.67  -1101.54    558.98        343    0.001    0.999    6.592
  64   1252.86  -1124.21    536.31        353    0.001    0.999    6.378
  65   1281.05  -1146.93    513.59        394    0.001    0.999    6.335
  66   1309.24  -1169.36    491.16        425    0.001    0.999    6.263
  67   1337.43  -1191.63    468.88        452    0.001    0.999    6.172
  68   1365.62  -1213.72    446.79        402    0.000    1.000    6.157
  69   1393.81  -1236.22    424.30        396    0.000    1.000    6.146
  70   1422.00  -1257.73    402.79        470    0.000    1.000    6.097
  71   1450.19  -1279.77    380.74        615    0.000    1.000    6.153
  72   1478.38  -1300.96    359.56        643    0.000    1.000    6.201
  73   1506.58  -1322.77    337.75        595    0.000    1.000    6.215
  74   1534.77  -1343.80    316.72        715    0.000    1.000    6.209
  75   1562.96  -1364.82    295.70        850    0.000    1.000    6.218
  76   1591.15  -1385.45    275.07        959    0.000    1.000    6.136
  77   1619.34  -1405.85    254.67       1195    0.000    1.000    6.080
  78   1647.53  -1426.07    234.45       1104    0.000    1.000    6.081
  79   1675.72  -1445.71    214.81       1106    0.000    1.000    6.168
  80   1703.91  -1465.01    195.51       1033    0.000    1.000    6.254
  81   1732.10  -1484.08    176.44       1104    0.000    1.000    6.320
  82   1760.30  -1502.96    157.55       1338    0.000    1.000    6.386
  83   1788.49  -1521.41    139.11       1770    0.000    1.000    6.358
  84   1816.68  -1539.08    121.43       2437    0.000    1.000    6.299
  85   1844.87  -1555.96    104.56       2846    0.000    1.000    6.285
  86   1873.06  -1571.89     88.63       3062    0.000    1.000    6.358
  87   1901.25  -1586.92     73.60       3361    0.000    1.000    6.311
  88   1929.44  -1600.80     59.72       3398    0.000    1.000    6.278
  89   1957.63  -1613.92     46.60       4532    0.000    1.000    6.320
  90   1985.82  -1625.30     35.22       5873    0.000    1.000    6.210
  91   2014.01  -1634.93     25.59       5247    0.000    1.000    6.286
  92   2042.21  -1642.92     17.60       5154    0.000    1.000    6.421
  93   2070.40  -1649.63     10.89       5558    0.000    1.000    6.347
  94   2098.59  -1654.58      5.93       6749    0.000    1.000    6.742
  95   2126.78  -1657.68      2.84       5357    0.000    1.000    6.950
  96   2154.97  -1659.33      1.19       3625    0.000    1.000    6.779
  97   2183.16  -1660.10      0.42       2260    0.000    1.000    7.212
  98   2211.35  -1660.35      0.17       1487    0.000    1.000    7.152
  99   2239.54  -1660.52      0.00        356    0.000    1.000    6.991
