
Build and version information

Build number 6.0.15
Build date   20240314
Built:       
      by     p315462
      on     login1
      git id adc28a635c78993922188615a73366ace3402081
      with   GNU Fortran GCC 11.3.0
qfep version 6.0.15 , git id=adc28a635c78993922188615a73366ace3402081 initialising
Current date 2024- 4-18 and time 12:22:56

Welcome in qfep modification date 20240314

 Q6, Copyright © 2017 Johan Åqvist, John Marelius, Shina Caroline Lynn Kamerlin and Paul Bauer
 Q6 comes with ABSOLUTELY NO WARRANTY.  This is free software, and you are welcome
 to redistribute it under certain conditions. For details, add the --help flag.
--> Number of energy files: # Number of files                 =    51
--> No. of states, no. of predefined off-diag elements: # Number of states                 =     2
# Number of off-diagonal elements =     0
--> Give kT & no, of pts to skip   & calculation mode: # kT                              = 0.592
# Number of data points to skip   =   100
# Only QQ interactions will be considered   =   0
--> Give number of gap-bins: # Number of gap-bins              =   100
--> Give minimum # pts/bin: # Minimum number of points per bin=    20
--> Give alpha for state  2:                                                    # Alpha for state  2              =  -520.50
--> Number of off-diagonal elements:# Number of off-diagonal elements =     1
#   i   j   A(i,j)  mu(i,j) eta(i,j) rxy0(i,j)
--> i, j, A_ij, mu_ij, eta_ij, r_xy0: #   1   2     30.00      0.00      0.00      0.00
--> linear combination of states defining reaction coord: # Linear combination co-efficients=  1.00 -1.00


# Part 0: Average energies for all states in all files
# file             state   pts   lambda    EQtot   EQbond  EQang   EQtor   EQimp    EQel   EQvdW  Eel_qq  EvdW_qq Eel_qp  EvdW_qp Eel_qw EvdW_qw Eqrstr
--> Name of file number   1:                                                     
# Energy files from Qdyn, version: 6.0.16 , git id=adc28a635c78993922188615a73366ace3402081                        
fep_050_1.000.en        1      1899  1.000000  -10433.39  -10328.43     5.88     6.85     0.00   -97.73   -19.97   -57.25    10.45   -25.99   -32.09   -14.50     1.67     0.00
fep_050_1.000.en        2      1899  0.000000   -9572.21   -9607.52   178.25     3.94     0.00  -141.05    -5.82  -144.22    24.86    31.07   -32.30   -27.90     1.62     0.00
--> Name of file number   2:                                                     
# Energy files from Qdyn, version: 6.0.16 , git id=adc28a635c78993922188615a73366ace3402081                        
fep_049_0.980.en        1      1899  0.980000  -10437.34  -10328.65     5.44     6.57     0.00  -101.46   -19.24   -58.48    12.30   -24.22   -33.29   -18.77     1.76     0.00
fep_049_0.980.en        2      1899  0.020000   -9714.40   -9750.81   174.60     4.28     0.00  -139.14    -3.34  -138.51    28.66    32.04   -33.71   -32.66     1.71     0.00
--> Name of file number   3:                                                     
# Energy files from Qdyn, version: 6.0.16 , git id=adc28a635c78993922188615a73366ace3402081                        
fep_048_0.960.en        1      1899  0.960000  -10434.31  -10327.66     5.66     6.70     0.00  -102.30   -16.71   -60.21    14.71   -24.44   -32.31   -17.65     0.89     0.00
fep_048_0.960.en        2      1899  0.040000   -9827.27   -9867.99   169.12     3.83     0.00  -133.05     0.83  -133.90    32.73    34.11   -32.74   -33.26     0.84     0.00
--> Name of file number   4:                                                     
# Energy files from Qdyn, version: 6.0.16 , git id=adc28a635c78993922188615a73366ace3402081                        
fep_047_0.940.en        1      1899  0.940000  -10425.61  -10326.36     7.04     7.12     0.00  -100.60   -12.82   -60.92    19.32   -21.19   -33.06   -18.49     0.92     0.00
fep_047_0.940.en        2      1899  0.060000   -9946.33   -9983.87   150.43     5.43     0.00  -125.40     7.08  -126.94    39.75    33.34   -33.51   -31.80     0.84     0.00
--> Name of file number   5:                                                     
# Energy files from Qdyn, version: 6.0.16 , git id=adc28a635c78993922188615a73366ace3402081                        
fep_046_0.920.en        1      1899  0.920000  -10412.83  -10321.27     8.41     7.94     0.00  -101.95    -5.95   -62.47    26.28   -19.24   -33.94   -20.24     1.71     0.00
fep_046_0.920.en        2      1899  0.080000  -10127.91  -10177.69   144.25     5.27     0.00  -115.92    16.18  -119.07    48.91    35.43   -34.35   -32.28     1.62     0.00
--> Name of file number   6:                                                     
# Energy files from Qdyn, version: 6.0.16 , git id=adc28a635c78993922188615a73366ace3402081                        
fep_000_0.900.en        1      1899  0.900000  -10400.51  -10318.06    11.19     7.67     0.00  -101.68     0.36   -63.67    33.75   -14.25   -35.23   -23.76     1.84     0.00
fep_000_0.900.en        2      1899  0.100000  -10269.96  -10328.73   139.63     5.47     0.00  -110.77    24.44  -113.76    58.36    36.28   -35.65   -33.29     1.73     0.00
--> Name of file number   7:                                                     
# Energy files from Qdyn, version: 6.0.16 , git id=adc28a635c78993922188615a73366ace3402081                        
fep_001_0.880.en        1      1899  0.880000  -10384.57  -10310.73    13.46     7.96     0.00  -102.01     6.75   -64.15    39.11   -17.29   -33.78   -20.56     1.41     0.00
fep_001_0.880.en        2      1899  0.120000  -10384.90  -10447.83   128.71     5.39     0.00  -102.78    31.61  -107.24    64.49    35.45   -34.19   -30.99     1.31     0.00
--> Name of file number   8:                                                     
# Energy files from Qdyn, version: 6.0.16 , git id=adc28a635c78993922188615a73366ace3402081                        
fep_002_0.860.en        1      1899  0.860000  -10369.39  -10303.58    15.11     7.27     0.00   -99.91    11.72   -65.38    43.04   -15.85   -32.59   -18.69     1.27     0.00
fep_002_0.860.en        2      1899  0.140000  -10470.28  -10535.74   122.05     4.58     0.00   -96.57    35.40  -102.89    67.18    37.98   -32.99   -31.67     1.22     0.00
--> Name of file number   9:                                                     
# Energy files from Qdyn, version: 6.0.16 , git id=adc28a635c78993922188615a73366ace3402081                        
fep_003_0.840.en        1      1899  0.840000  -10361.77  -10298.68    16.64     8.67     0.00  -101.42    13.01   -65.13    47.39   -13.05   -35.86   -23.24     1.49     0.00
fep_003_0.840.en        2      1899  0.160000  -10545.60  -10605.87   120.27     4.06     0.00   -97.86    33.80  -104.85    68.60    41.57   -36.21   -34.58     1.41     0.00
--> Name of file number  10:                                                     
# Energy files from Qdyn, version: 6.0.16 , git id=adc28a635c78993922188615a73366ace3402081                        
fep_004_0.820.en        1      1899  0.820000  -10355.19  -10294.11    18.88     7.88     0.00  -102.00    14.16   -61.71    49.85    -9.98   -38.01   -30.30     2.31     0.00
fep_004_0.820.en        2      1899  0.180000  -10594.51  -10641.78   115.58     0.95     0.00  -101.68    32.42  -105.84    68.60    48.17   -38.33   -44.01     2.15     0.00
--> Name of file number  11:                                                     
# Energy files from Qdyn, version: 6.0.16 , git id=adc28a635c78993922188615a73366ace3402081                        
fep_005_0.800.en        1      1899  0.800000  -10347.37  -10287.75    18.36     8.68     0.00  -102.54    15.88   -58.60    51.92   -11.31   -37.22   -32.63     1.18     0.00
fep_005_0.800.en        2      1899  0.200000  -10634.59  -10674.07   108.77     2.11     0.00  -102.84    31.45  -102.57    68.00    50.10   -37.61   -50.37     1.06     0.00
--> Name of file number  12:                                                     
# Energy files from Qdyn, version: 6.0.16 , git id=adc28a635c78993922188615a73366ace3402081                        
fep_006_0.780.en        1      1899  0.780000  -10339.99  -10284.36    17.49    10.31     0.00  -102.59    19.16   -55.86    54.60   -14.82   -36.66   -31.90     1.21     0.00
fep_006_0.780.en        2      1899  0.220000  -10674.58  -10700.84    98.45     2.75     0.00  -106.64    31.69   -99.64    67.62    46.14   -37.02   -53.14     1.09     0.00
--> Name of file number  13:                                                     
# Energy files from Qdyn, version: 6.0.16 , git id=adc28a635c78993922188615a73366ace3402081                        
fep_007_0.760.en        1      1899  0.760000  -10333.61  -10282.89    18.11    12.31     0.00  -101.24    20.10   -60.87    57.01    -8.55   -38.00   -31.82     1.09     0.00
fep_007_0.760.en        2      1899  0.240000  -10690.93  -10720.67   103.66     2.56     0.00  -106.72    30.24  -102.97    67.61    48.31   -38.35   -52.05     0.99     0.00
--> Name of file number  14:                                                     
# Energy files from Qdyn, version: 6.0.16 , git id=adc28a635c78993922188615a73366ace3402081                        
fep_008_0.740.en        1      1899  0.740000  -10329.90  -10278.64    17.36    11.26     0.00  -101.78    21.90   -62.14    59.56    -8.33   -38.46   -31.31     0.80     0.00
fep_008_0.740.en        2      1899  0.260000  -10714.51  -10737.61   102.83     1.29     0.00  -108.63    27.61  -104.04    65.56    48.80   -38.62   -53.39     0.66     0.00
--> Name of file number  15:                                                     
# Energy files from Qdyn, version: 6.0.16 , git id=adc28a635c78993922188615a73366ace3402081                        
fep_009_0.720.en        1      1899  0.720000  -10324.70  -10270.17    17.74     8.01     0.00  -101.83    21.55   -60.35    60.23    -9.58   -39.71   -31.90     1.04     0.00
fep_009_0.720.en        2      1899  0.280000  -10748.25  -10756.13    97.82     1.62     0.00  -114.58    23.03  -100.46    61.80    42.69   -39.67   -56.81     0.89     0.00
--> Name of file number  16:                                                     
# Energy files from Qdyn, version: 6.0.16 , git id=adc28a635c78993922188615a73366ace3402081                        
fep_010_0.700.en        1      1899  0.700000  -10318.41  -10266.78    19.13     7.81     0.00  -100.66    22.09   -62.97    62.05    -8.11   -40.51   -29.59     0.55     0.00
fep_010_0.700.en        2      1899  0.300000  -10754.13  -10766.60   103.44     2.06     0.00  -113.74    20.72  -100.55    60.70    41.95   -40.41   -55.14     0.43     0.00
--> Name of file number  17:                                                     
# Energy files from Qdyn, version: 6.0.16 , git id=adc28a635c78993922188615a73366ace3402081                        
fep_011_0.680.en        1      1899  0.680000  -10305.24  -10266.41    19.01     8.24     0.00   -90.71    24.64   -58.66    63.39    -3.62   -39.68   -28.43     0.92     0.00
fep_011_0.680.en        2      1899  0.320000  -10778.38  -10781.55    78.15     7.36     0.00  -104.64    22.30   -97.90    60.89    41.37   -39.41   -48.11     0.82     0.00
--> Name of file number  18:                                                     
# Energy files from Qdyn, version: 6.0.16 , git id=adc28a635c78993922188615a73366ace3402081                        
fep_012_0.660.en        1      1899  0.660000  -10305.92  -10262.81    19.44     7.98     0.00   -96.57    26.03   -61.40    66.04    -4.62   -40.89   -30.55     0.89     0.00
fep_012_0.660.en        2      1899  0.340000  -10807.27  -10800.22    68.51     8.62     0.00  -105.02    20.83   -91.09    60.86    40.41   -40.81   -54.34     0.79     0.00
--> Name of file number  19:                                                     
# Energy files from Qdyn, version: 6.0.16 , git id=adc28a635c78993922188615a73366ace3402081                        
fep_013_0.640.en        1      1899  0.640000  -10310.33  -10258.50    19.68     8.33     0.00  -111.67    31.83   -72.49    70.60   -11.78   -39.46   -27.39     0.68     0.00
fep_013_0.640.en        2      1899  0.360000  -10836.57  -10835.13    62.85     5.26     0.00   -94.13    24.58   -78.86    63.74    36.57   -39.74   -51.83     0.58     0.00
--> Name of file number  20:                                                     
# Energy files from Qdyn, version: 6.0.16 , git id=adc28a635c78993922188615a73366ace3402081                        
fep_014_0.620.en        1      1899  0.620000  -10311.04  -10257.05    19.26     8.94     0.00  -114.62    32.44   -71.47    70.93   -12.07   -39.44   -31.08     0.94     0.00
fep_014_0.620.en        2      1899  0.380000  -10848.30  -10839.72    61.50     5.44     0.00   -99.26    23.73   -78.83    62.57    36.60   -39.68   -57.03     0.84     0.00
--> Name of file number  21:                                                     
# Energy files from Qdyn, version: 6.0.16 , git id=adc28a635c78993922188615a73366ace3402081                        
fep_015_0.600.en        1      1899  0.600000  -10301.55  -10254.07    19.10    10.11     0.00  -112.08    35.38   -72.11    73.70    -9.90   -39.40   -30.08     1.08     0.00
fep_015_0.600.en        2      1899  0.400000  -10855.30  -10846.93    59.56     5.32     0.00   -96.23    22.98   -79.03    61.70    38.53   -39.71   -55.73     0.99     0.00
--> Name of file number  22:                                                     
# Energy files from Qdyn, version: 6.0.16 , git id=adc28a635c78993922188615a73366ace3402081                        
fep_016_0.580.en        1      1899  0.580000  -10288.67  -10232.09    20.19     9.58     0.00  -123.72    37.37   -89.08    76.16    -5.94   -39.94   -28.69     1.14     0.00
fep_016_0.580.en        2      1899  0.420000  -10868.70  -10870.88    59.27     5.16     0.00   -84.13    21.87   -69.47    61.02    39.86   -40.19   -54.52     1.05     0.00
--> Name of file number  23:                                                     
# Energy files from Qdyn, version: 6.0.16 , git id=adc28a635c78993922188615a73366ace3402081                        
fep_017_0.560.en        1      1899  0.560000  -10269.44  -10173.88    19.28    10.18     0.00  -162.16    37.14  -134.87    76.54    -0.92   -40.80   -26.38     1.39     0.00
fep_017_0.560.en        2      1899  0.440000  -10886.24  -10913.90    59.79     4.78     0.00   -55.78    18.87   -47.14    58.66    46.19   -41.07   -54.83     1.28     0.00
--> Name of file number  24:                                                     
# Energy files from Qdyn, version: 6.0.16 , git id=adc28a635c78993922188615a73366ace3402081                        
fep_018_0.540.en        1      1899  0.540000  -10262.54  -10170.85    19.52     8.22     0.00  -159.83    40.40  -132.93    78.65     0.18   -39.89   -27.09     1.64     0.00
fep_018_0.540.en        2      1899  0.460000  -10894.09  -10920.72    58.13     5.07     0.00   -55.50    18.94   -47.38    57.45    45.89   -40.04   -54.01     1.53     0.00
--> Name of file number  25:                                                     
# Energy files from Qdyn, version: 6.0.16 , git id=adc28a635c78993922188615a73366ace3402081                        
fep_019_0.520.en        1      1899  0.520000  -10260.31  -10168.38    19.30     9.63     0.00  -161.02    40.16  -131.89    79.25     0.23   -40.25   -29.36     1.15     0.00
fep_019_0.520.en        2      1899  0.480000  -10905.85  -10928.70    57.94     4.88     0.00   -56.36    16.38   -46.76    55.81    46.38   -40.46   -55.98     1.04     0.00
--> Name of file number  26:                                                     
# Energy files from Qdyn, version: 6.0.16 , git id=adc28a635c78993922188615a73366ace3402081                        
fep_020_0.500.en        1      1899  0.500000  -10248.71  -10164.83    19.55     9.18     0.00  -155.43    42.82  -131.11    81.07     1.26   -39.79   -25.57     1.54     0.00
fep_020_0.500.en        2      1899  0.500000  -10912.39  -10934.70    56.57     4.55     0.00   -54.34    15.52   -47.32    54.11    46.42   -40.02   -53.43     1.43     0.00
--> Name of file number  27:                                                     
# Energy files from Qdyn, version: 6.0.16 , git id=adc28a635c78993922188615a73366ace3402081                        
fep_021_0.480.en        1      1899  0.480000  -10240.14  -10157.98    19.00     9.35     0.00  -153.40    42.90  -131.63    82.26     2.41   -40.96   -24.19     1.60     0.00
fep_021_0.480.en        2      1899  0.520000  -10916.17  -10938.07    55.57     4.58     0.00   -50.81    12.55   -46.54    52.21    47.01   -41.14   -51.28     1.49     0.00
--> Name of file number  28:                                                     
# Energy files from Qdyn, version: 6.0.16 , git id=adc28a635c78993922188615a73366ace3402081                        
fep_022_0.460.en        1      1899  0.460000  -10234.87  -10154.10    19.34     8.75     0.00  -153.64    44.78  -128.78    83.72     1.65   -40.97   -26.51     2.03     0.00
fep_022_0.460.en        2      1899  0.540000  -10927.43  -10941.27    54.94     4.80     0.00   -57.78    11.89   -46.15    51.13    46.01   -41.16   -57.64     1.92     0.00
--> Name of file number  29:                                                     
# Energy files from Qdyn, version: 6.0.16 , git id=adc28a635c78993922188615a73366ace3402081                        
fep_023_0.440.en        1      1899  0.440000  -10225.33  -10151.25    19.06    10.77     0.00  -149.63    45.73  -128.02    84.68     3.32   -40.98   -24.93     2.03     0.00
fep_023_0.440.en        2      1899  0.560000  -10933.34  -10945.31    53.35     3.69     0.00   -55.61    10.53   -46.30    49.78    46.69   -41.17   -55.99     1.92     0.00
--> Name of file number  30:                                                     
# Energy files from Qdyn, version: 6.0.16 , git id=adc28a635c78993922188615a73366ace3402081                        
fep_024_0.420.en        1      1899  0.420000  -10223.78  -10144.36    18.96    10.84     0.00  -155.73    46.52  -128.56    85.60     0.09   -40.89   -27.25     1.80     0.00
fep_024_0.420.en        2      1899  0.580000  -10944.96  -10949.44    52.59     4.00     0.00   -61.30     9.19   -45.37    48.69    43.67   -41.19   -59.60     1.70     0.00
--> Name of file number  31:                                                     
# Energy files from Qdyn, version: 6.0.16 , git id=adc28a635c78993922188615a73366ace3402081                        
fep_025_0.400.en        1      1899  0.400000  -10213.68  -10137.91    18.69    11.64     0.00  -154.36    48.27  -128.55    86.47     0.37   -40.55   -26.17     2.35     0.00
fep_025_0.400.en        2      1899  0.600000  -10950.35  -10952.84    51.68     4.00     0.00   -61.62     8.43   -44.58    47.06    41.70   -40.87   -58.73     2.24     0.00
--> Name of file number  32:                                                     
# Energy files from Qdyn, version: 6.0.16 , git id=adc28a635c78993922188615a73366ace3402081                        
fep_026_0.380.en        1      1899  0.380000  -10206.72  -10132.66    19.02    11.27     0.00  -152.89    48.54  -126.31    87.73     0.05   -41.37   -26.62     2.18     0.00
fep_026_0.380.en        2      1899  0.620000  -10958.77  -10955.65    50.39     3.76     0.00   -62.67     5.39   -44.81    44.96    41.80   -41.65   -59.65     2.08     0.00
--> Name of file number  33:                                                     
# Energy files from Qdyn, version: 6.0.16 , git id=adc28a635c78993922188615a73366ace3402081                        
fep_027_0.360.en        1      1899  0.360000  -10194.74  -10120.19    18.78    12.90     0.00  -155.53    49.29  -128.99    87.68     3.07   -41.67   -29.61     3.28     0.00
fep_027_0.360.en        2      1899  0.640000  -10963.07  -10958.14    49.57     3.65     0.00   -62.26     4.11   -42.02    42.89    43.18   -41.95   -63.43     3.17     0.00
--> Name of file number  34:                                                     
# Energy files from Qdyn, version: 6.0.16 , git id=adc28a635c78993922188615a73366ace3402081                        
fep_028_0.340.en        1      1899  0.340000  -10183.43  -10112.84    19.35    11.41     0.00  -151.74    50.38  -127.67    89.80     3.53   -41.66   -27.60     2.25     0.00
fep_028_0.340.en        2      1899  0.660000  -10962.95  -10960.17    49.07     4.59     0.00   -58.10     1.67   -42.90    41.53    44.30   -42.01   -59.50     2.15     0.00
--> Name of file number  35:                                                     
# Energy files from Qdyn, version: 6.0.16 , git id=adc28a635c78993922188615a73366ace3402081                        
fep_029_0.320.en        1      1899  0.320000  -10172.36  -10105.28    19.24    11.57     0.00  -149.49    51.60  -127.52    90.78     4.62   -42.42   -26.59     3.24     0.00
fep_029_0.320.en        2      1899  0.680000  -10972.21  -10963.22    46.97     4.15     0.00   -60.27     0.16   -43.20    39.70    46.02   -42.69   -63.09     3.15     0.00
--> Name of file number  36:                                                     
# Energy files from Qdyn, version: 6.0.16 , git id=adc28a635c78993922188615a73366ace3402081                        
fep_030_0.300.en        1      1899  0.300000  -10161.08  -10088.52    18.95    11.29     0.00  -154.92    52.12  -130.04    90.98     3.82   -42.17   -28.70     3.31     0.00
fep_030_0.300.en        2      1899  0.700000  -10980.09  -10965.03    45.86     4.23     0.00   -63.06    -2.09   -41.20    37.12    44.10   -42.45   -65.96     3.24     0.00
--> Name of file number  37:                                                     
# Energy files from Qdyn, version: 6.0.16 , git id=adc28a635c78993922188615a73366ace3402081                        
fep_031_0.280.en        1      1899  0.280000  -10144.46  -10082.95    19.72    11.77     0.00  -145.70    52.70  -126.46    92.43     7.15   -42.37   -26.39     2.64     0.00
fep_031_0.280.en        2      1899  0.720000  -10977.78  -10967.45    44.55     4.13     0.00   -55.86    -3.15   -42.21    36.88    47.66   -42.58   -61.31     2.56     0.00
--> Name of file number  38:                                                     
# Energy files from Qdyn, version: 6.0.16 , git id=adc28a635c78993922188615a73366ace3402081                        
fep_032_0.260.en        1      1899  0.260000  -10135.29  -10073.03    20.50    11.07     0.00  -146.34    52.50  -125.51    92.68     6.94   -42.96   -27.76     2.78     0.00
fep_032_0.260.en        2      1899  0.740000  -10984.94  -10968.69    43.04     3.89     0.00   -57.79    -5.39   -42.59    35.15    47.54   -43.22   -62.74     2.68     0.00
--> Name of file number  39:                                                     
# Energy files from Qdyn, version: 6.0.16 , git id=adc28a635c78993922188615a73366ace3402081                        
fep_033_0.240.en        1      1899  0.240000  -10110.42  -10042.62    19.90    11.12     0.00  -152.42    53.60  -132.75    91.69     9.47   -42.22   -29.14     4.13     0.00
fep_033_0.240.en        2      1899  0.760000  -10989.65  -10971.32    40.68     4.44     0.00   -56.32    -7.13   -38.70    31.29    49.38   -42.45   -66.99     4.03     0.00
--> Name of file number  40:                                                     
# Energy files from Qdyn, version: 6.0.16 , git id=adc28a635c78993922188615a73366ace3402081                        
fep_034_0.220.en        1      1899  0.220000  -10097.12  -10034.91    20.34    11.22     0.00  -146.33    52.56  -127.23    91.59     8.01   -42.45   -27.11     3.42     0.00
fep_034_0.220.en        2      1899  0.780000  -10996.85  -10972.12    38.51     3.96     0.00   -58.57    -8.63   -41.41    30.66    47.45   -42.62   -64.61     3.33     0.00
--> Name of file number  41:                                                     
# Energy files from Qdyn, version: 6.0.16 , git id=adc28a635c78993922188615a73366ace3402081                        
fep_035_0.200.en        1      1899  0.200000  -10072.78  -10012.72    21.52    11.79     0.00  -145.37    51.99  -125.51    91.23     6.93   -42.31   -26.79     3.07     0.00
fep_035_0.200.en        2      1899  0.800000  -11005.89  -10974.33    35.22     3.96     0.00   -60.71   -10.03   -41.69    29.57    46.29   -42.59   -65.31     3.00     0.00
--> Name of file number  42:                                                     
# Energy files from Qdyn, version: 6.0.16 , git id=adc28a635c78993922188615a73366ace3402081                        
fep_036_0.180.en        1      1899  0.180000  -10040.02   -9980.53    22.29    12.69     0.00  -144.22    49.76  -126.99    89.02     8.53   -42.73   -25.76     3.47     0.00
fep_036_0.180.en        2      1899  0.820000  -11009.17  -10974.85    32.11     4.00     0.00   -57.48   -12.95   -39.63    26.64    47.14   -42.97   -64.99     3.38     0.00
--> Name of file number  43:                                                     
# Energy files from Qdyn, version: 6.0.16 , git id=adc28a635c78993922188615a73366ace3402081                        
fep_037_0.160.en        1      1899  0.160000   -9997.63   -9937.66    24.14    12.68     0.00  -144.37    47.59  -127.45    86.21     9.29   -42.32   -26.21     3.69     0.00
fep_037_0.160.en        2      1899  0.840000  -11017.40  -10975.71    27.98     3.90     0.00   -58.65   -14.92   -38.76    23.97    46.90   -42.52   -66.79     3.63     0.00
--> Name of file number  44:                                                     
# Energy files from Qdyn, version: 6.0.16 , git id=adc28a635c78993922188615a73366ace3402081                        
fep_038_0.140.en        1      1899  0.140000   -9937.33   -9878.46    27.96    13.85     0.00  -142.54    41.87  -126.68    81.88     9.65   -43.30   -25.51     3.29     0.00
fep_038_0.140.en        2      1899  0.860000  -11026.45  -10976.36    23.37     3.94     0.00   -57.25   -20.15   -37.38    20.10    48.42   -43.52   -68.29     3.28     0.00
--> Name of file number  45:                                                     
# Energy files from Qdyn, version: 6.0.16 , git id=adc28a635c78993922188615a73366ace3402081                        
fep_039_0.120.en        1      1899  0.120000   -9885.54   -9824.80    30.15    13.39     0.00  -143.00    38.73  -128.08    77.57    11.68   -42.79   -26.60     3.95     0.00
fep_039_0.120.en        2      1899  0.880000  -11036.11  -10976.71    17.85     4.15     0.00   -60.13   -21.27   -36.84    17.81    47.95   -43.00   -71.24     3.92     0.00
--> Name of file number  46:                                                     
# Energy files from Qdyn, version: 6.0.16 , git id=adc28a635c78993922188615a73366ace3402081                        
fep_040_0.100.en        1      1899  0.100000   -9830.37   -9758.74    35.46    10.93     0.00  -155.18    37.16  -132.93    73.14     9.33   -41.78   -31.58     5.81     0.00
fep_040_0.100.en        2      1899  0.900000  -11045.24  -10978.28    13.33     4.57     0.00   -64.35   -20.50   -35.13    15.56    48.75   -41.89   -77.97     5.83     0.00
--> Name of file number  47:                                                     
# Energy files from Qdyn, version: 6.0.16 , git id=adc28a635c78993922188615a73366ace3402081                        
fep_041_0.080.en        1      1899  0.080000   -9773.24   -9708.85    39.11    13.47     0.00  -149.86    32.88  -131.89    70.08    11.06   -43.21   -29.03     6.02     0.00
fep_041_0.080.en        2      1899  0.920000  -11047.74  -10978.79    10.25     4.46     0.00   -60.02   -23.64   -33.80    13.64    50.81   -43.52   -77.04     6.25     0.00
--> Name of file number  48:                                                     
# Energy files from Qdyn, version: 6.0.16 , git id=adc28a635c78993922188615a73366ace3402081                        
fep_042_0.060.en        1      1899  0.060000   -9719.67   -9653.07    41.34    14.21     0.00  -154.75    32.60  -135.18    68.88    12.85   -44.24   -32.42     7.96     0.00
fep_042_0.060.en        2      1899  0.940000  -11052.18  -10978.78     7.82     4.58     0.00   -61.20   -24.60   -29.80    11.83    51.77   -44.66   -83.17     8.23     0.00
--> Name of file number  49:                                                     
# Energy files from Qdyn, version: 6.0.16 , git id=adc28a635c78993922188615a73366ace3402081                        
fep_043_0.040.en        1      1899  0.040000   -9697.76   -9631.21    44.10    12.19     0.00  -154.53    31.70  -134.90    68.14    14.21   -44.13   -33.85     7.68     0.00
fep_043_0.040.en        2      1899  0.960000  -11057.46  -10978.88     6.27     4.69     0.00   -65.02   -24.52   -31.83    12.02    51.62   -44.40   -84.80     7.86     0.00
--> Name of file number  50:                                                     
# Energy files from Qdyn, version: 6.0.16 , git id=adc28a635c78993922188615a73366ace3402081                        
fep_044_0.020.en        1      1899  0.020000   -9674.18   -9611.49    46.37    15.05     0.00  -154.48    30.37  -133.87    65.93    12.15   -44.13   -32.76     8.56     0.00
fep_044_0.020.en        2      1899  0.980000  -11062.58  -10980.24     5.14     4.39     0.00   -67.51   -24.36   -30.50    11.14    47.03   -44.49   -84.04     8.99     0.00
--> Name of file number  51:                                                     
# Energy files from Qdyn, version: 6.0.16 , git id=adc28a635c78993922188615a73366ace3402081                        
fep_045_0.000.en        1      1899  0.000000   -9649.75   -9587.68    49.45    14.21     0.00  -159.92    34.18  -137.48    67.13    16.00   -43.55   -38.43    10.60     0.00
fep_045_0.000.en        2      1899  1.000000  -11062.71  -10980.24     5.30     4.47     0.00   -70.23   -22.01   -29.04    10.77    50.72   -43.81   -91.92    11.04     0.00


# Part 1: Free energy perturbation summary:

# Calculation for full system
# lambda(1)      dGf sum(dGf)      dGr sum(dGr)     <dG>
   1.000000     0.000     0.000    -5.303  1103.989     0.000
   0.980000     4.058     4.058    -2.907  1109.292     4.681
   0.960000     2.728     6.786    -0.673  1112.200     7.498
   0.940000    -0.042     6.744     2.569  1112.873     7.814
   0.920000    -2.226     4.518     6.568  1110.304     5.417
   0.900000    -7.244    -2.726     9.306  1103.737    -1.489
   0.880000    -9.059   -11.785    11.535  1094.430   -10.672
   0.860000   -11.634   -23.419    13.553  1082.895   -22.257
   0.840000   -13.179   -36.598    14.480  1069.342   -35.623
   0.820000   -14.571   -51.169    15.531  1054.861   -50.148
   0.800000   -15.815   -66.984    16.627  1039.331   -65.822
   0.780000   -16.725   -83.709    17.198  1022.704   -82.497
   0.760000   -17.453  -101.163    17.824  1005.506   -99.823
   0.740000   -17.865  -119.028    18.570   987.682  -117.668
   0.720000   -18.359  -137.387    18.796   969.112  -136.132
   0.700000   -19.170  -156.558    19.630   950.315  -155.116
   0.680000   -19.408  -175.965    20.181   930.685  -174.635
   0.660000   -20.108  -196.073    20.729   910.504  -194.779
   0.640000   -20.688  -216.761    20.939   889.775  -215.487
   0.620000   -21.134  -237.895    21.294   868.836  -236.524
   0.600000   -21.365  -259.261    21.745   847.542  -257.854
   0.580000   -21.680  -280.941    22.476   825.798  -279.566
   0.560000   -22.303  -303.244    22.847   803.322  -301.956
   0.540000   -22.993  -326.238    23.133   780.475  -324.876
   0.520000   -23.220  -349.458    23.547   757.342  -348.052
   0.500000   -23.511  -372.968    23.792   733.795  -371.581
   0.480000   -23.813  -396.782    24.088   710.004  -395.384
   0.460000   -24.073  -420.855    24.382   685.915  -419.464
   0.440000   -24.446  -445.300    24.678   661.533  -443.878
   0.420000   -24.762  -470.062    24.995   636.855  -468.598
   0.400000   -24.993  -495.056    25.313   611.861  -493.592
   0.380000   -25.300  -520.355    25.625   586.547  -518.899
   0.360000   -25.590  -545.945    25.829   560.922  -544.506
   0.340000   -25.929  -571.874    26.236   535.094  -570.385
   0.320000   -26.186  -598.060    26.608   508.857  -596.596
   0.300000   -26.579  -624.639    26.857   482.250  -623.189
   0.280000   -26.998  -651.636    27.158   455.392  -650.116
   0.260000   -27.311  -678.947    27.780   428.234  -677.351
   0.240000   -27.659  -706.606    28.187   400.454  -705.071
   0.220000   -28.221  -734.827    28.730   372.267  -733.275
   0.200000   -28.616  -763.443    29.443   343.537  -761.948
   0.180000   -29.436  -792.879    30.311   314.094  -791.387
   0.160000   -30.166  -823.045    31.343   283.783  -821.626
   0.140000   -31.328  -854.373    32.614   252.439  -852.961
   0.120000   -32.998  -887.371    34.023   219.825  -885.768
   0.100000   -34.150  -921.522    35.431   185.803  -919.854
   0.080000   -35.345  -956.867    36.706   150.372  -955.242
   0.060000   -36.291  -993.158    37.279   113.665  -991.741
   0.040000   -37.365 -1030.523    37.912    76.386 -1029.063
   0.020000   -37.888 -1068.412    38.474    38.474 -1066.964
   0.000000   -38.414 -1106.826     0.000     0.000 -1105.407

# Min energy-gap is:   -465.50
# Max energy-gap is:   2020.83



# Part 2: Reaction free energy summary:
# Lambda(1)  bin Energy gap      dGa     dGb     dGg    # pts    c1**2    c2**2
   1.000000    2    -428.20       0.00     417.31      -2.11     69     0.995     0.005
   1.000000    3    -403.34       0.00     392.91      -2.23    349     0.995     0.005
   1.000000    4    -378.47       0.00     368.21      -2.37    431     0.994     0.006
   1.000000    5    -353.61       0.00     343.59      -2.52    380     0.993     0.007
   1.000000    6    -328.75       0.00     318.60      -2.71    189     0.992     0.008
   1.000000    7    -303.88       0.00     293.72      -2.93    115     0.991     0.009
   1.000000    8    -279.02       0.00     268.81      -3.18     80     0.989     0.011
   1.000000    9    -254.16       0.00     243.75      -3.52     73     0.986     0.014
   1.000000   10    -229.29       0.00     218.90      -3.86     68     0.984     0.016
   1.000000   11    -204.43       0.00     194.06      -4.35     44     0.980     0.020
   1.000000   12    -179.57       0.00     172.37      -4.82     29     0.975     0.025
   1.000000   15    -104.98       0.00      94.09      -8.18     23     0.934     0.066
   0.980000    6    -328.75      -1.89     316.81      -4.60     75     0.992     0.008
   0.980000    7    -303.88      -1.40     292.66      -4.33    121     0.990     0.010
   0.980000    8    -279.02      -0.90     267.94      -4.09    183     0.989     0.011
   0.980000    9    -254.16      -0.41     243.80      -3.90    205     0.987     0.013
   0.980000   10    -229.29       0.09     219.51      -3.77    205     0.984     0.016
   0.980000   11    -204.43       0.57     195.09      -3.72    259     0.980     0.020
   0.980000   12    -179.57       1.06     170.76      -3.79    217     0.974     0.026
   0.980000   13    -154.70       1.56     146.26      -4.04    217     0.966     0.034
   0.980000   14    -129.84       2.05     122.11      -4.54    161     0.954     0.046
   0.980000   15    -104.98       2.54      97.58      -5.43    126     0.935     0.065
   0.980000   16     -80.11       3.06      73.10      -7.20     84     0.900     0.100
   0.980000   17     -55.25       3.51      51.95      -9.90     30     0.846     0.154
   0.960000   11    -204.43      -0.62     193.37      -4.95     77     0.979     0.021
   0.960000   12    -179.57       0.30     170.65      -4.56     88     0.974     0.026
   0.960000   13    -154.70       1.25     145.99      -4.31    121     0.966     0.034
   0.960000   14    -129.84       2.30     122.24      -4.32    279     0.953     0.047
   0.960000   15    -104.98       3.21      98.86      -4.71    362     0.934     0.066
   0.960000   16     -80.11       4.19      74.52      -5.89    266     0.900     0.100
   0.960000   17     -55.25       5.20      50.99      -8.52    241     0.838     0.162
   0.960000   18     -30.39       6.14      27.05     -13.85    186     0.735     0.265
   0.960000   19      -5.52       7.20       3.00     -24.07    113     0.547     0.453
   0.960000   20      19.34       8.17     -20.36     -38.80     59     0.356     0.644
   0.960000   21      44.20       9.23     -44.56     -57.66     25     0.203     0.797
   0.960000   22      69.07      10.24     -68.75     -78.67     27     0.122     0.878
   0.940000   15    -104.98       1.59      96.38      -6.51     31     0.930     0.070
   0.940000   16     -80.11       2.96      73.35      -7.18     94     0.896     0.104
   0.940000   17     -55.25       4.46      50.15      -9.24    128     0.832     0.168
   0.940000   18     -30.39       5.90      27.08     -14.12    141     0.719     0.281
   0.940000   19      -5.52       7.30       3.60     -23.57    172     0.547     0.453
   0.940000   20      19.34       8.85     -20.07     -38.31    234     0.347     0.653
   0.940000   21      44.20      10.34     -43.43     -56.47    232     0.204     0.796
   0.940000   22      69.07      11.81     -66.45     -76.38    260     0.124     0.876
   0.940000   23      93.93      13.29     -89.75     -97.70    224     0.080     0.920
   0.940000   24     118.79      14.74    -113.20    -119.76    189     0.055     0.945
   0.940000   25     143.65      16.28    -136.57    -142.17    103     0.039     0.961
   0.940000   26     168.52      17.75    -159.13    -164.01     41     0.029     0.971
   0.940000   27     193.38      19.10    -183.70    -187.98     21     0.023     0.977
   0.920000   21      44.20       8.91     -44.18     -57.37     21     0.195     0.805
   0.920000   22      69.07      10.62     -67.22     -77.10     39     0.127     0.873
   0.920000   23      93.93      12.92     -90.73     -98.65     62     0.075     0.925
   0.920000   24     118.79      14.61    -113.16    -119.71    119     0.055     0.945
   0.920000   25     143.65      16.64    -136.20    -141.78    144     0.039     0.961
   0.920000   26     168.52      18.61    -158.93    -163.79    159     0.029     0.971
   0.920000   27     193.38      20.62    -181.52    -185.82    174     0.023     0.977
   0.920000   28     218.24      22.58    -204.71    -208.56    183     0.018     0.982
   0.920000   29     243.11      24.62    -227.44    -230.93    206     0.015     0.985
   0.920000   30     267.97      26.58    -250.38    -253.56    199     0.012     0.988
   0.920000   31     292.83      28.54    -273.45    -276.38    150     0.010     0.990
   0.920000   32     317.70      30.56    -295.77    -298.49    117     0.009     0.991
   0.920000   33     342.56      32.51    -319.18    -321.70    109     0.008     0.992
   0.920000   34     367.42      34.50    -341.24    -343.60     88     0.007     0.993
   0.920000   35     392.29      36.48    -364.10    -366.32     57     0.006     0.994
   0.920000   36     417.15      38.35    -383.14    -385.26     22     0.005     0.995
   0.900000   29     243.11      22.52    -229.65    -233.14     27     0.014     0.986
   0.900000   30     267.97      25.13    -252.24    -255.42     42     0.012     0.988
   0.900000   31     292.83      27.60    -273.97    -276.89    104     0.010     0.990
   0.900000   32     317.70      30.02    -296.47    -299.18    145     0.009     0.991
   0.900000   33     342.56      32.40    -318.77    -321.29    215     0.007     0.993
   0.900000   34     367.42      34.96    -341.31    -343.67    254     0.007     0.993
   0.900000   35     392.29      37.31    -363.36    -365.58    306     0.006     0.994
   0.900000   36     417.15      39.76    -386.23    -388.31    294     0.005     0.995
   0.900000   37     442.01      42.30    -408.29    -410.27    217     0.005     0.995
   0.900000   38     466.88      44.76    -430.59    -432.47    161     0.004     0.996
   0.900000   39     491.74      47.19    -452.66    -454.44     76     0.004     0.996
   0.900000   40     516.60      49.55    -475.31    -477.00     32     0.003     0.997
   0.880000   35     392.29      36.31    -365.19    -367.41     29     0.006     0.994
   0.880000   36     417.15      39.10    -386.85    -388.94     97     0.005     0.995
   0.880000   37     442.01      42.06    -408.90    -410.87    134     0.005     0.995
   0.880000   38     466.88      44.96    -430.31    -432.18    210     0.004     0.996
   0.880000   39     491.74      47.87    -452.42    -454.20    290     0.004     0.996
   0.880000   40     516.60      50.82    -473.96    -475.65    301     0.003     0.997
   0.880000   41     541.47      53.76    -495.65    -497.27    274     0.003     0.997
   0.880000   42     566.33      56.67    -517.69    -519.24    200     0.003     0.997
   0.880000   43     591.19      59.64    -539.61    -541.10    161     0.003     0.997
   0.880000   44     616.06      62.72    -561.48    -562.91    111     0.002     0.998
   0.880000   45     640.92      65.52    -582.60    -583.97     43     0.002     0.998
   0.880000   46     665.78      68.41    -601.45    -602.78     28     0.002     0.998
   0.860000   39     491.74      46.14    -453.93    -455.71     32     0.004     0.996
   0.860000   40     516.60      49.45    -475.46    -477.16     43     0.003     0.997
   0.860000   41     541.47      53.05    -496.77    -498.39    101     0.003     0.997
   0.860000   42     566.33      56.50    -517.97    -519.53    181     0.003     0.997
   0.860000   43     591.19      59.89    -539.47    -540.96    310     0.003     0.997
   0.860000   44     616.06      63.29    -560.57    -562.00    354     0.002     0.998
   0.860000   45     640.92      66.70    -581.79    -583.17    355     0.002     0.998
   0.860000   46     665.78      70.19    -603.52    -604.84    290     0.002     0.998
   0.860000   47     690.65      73.53    -624.67    -625.95    146     0.002     0.998
   0.860000   48     715.51      77.10    -646.27    -647.51     60     0.002     0.998
   0.860000   49     740.37      80.51    -665.62    -666.82     21     0.002     0.998
   0.840000   44     616.06      62.39    -561.77    -563.20     36     0.002     0.998
   0.840000   45     640.92      66.19    -582.25    -583.63    132     0.002     0.998
   0.840000   46     665.78      70.28    -603.33    -604.65    270     0.002     0.998
   0.840000   47     690.65      74.13    -624.11    -625.39    432     0.002     0.998
   0.840000   48     715.51      77.96    -644.87    -646.10    502     0.002     0.998
   0.840000   49     740.37      81.87    -665.50    -666.69    333     0.002     0.998
   0.840000   50     765.24      85.85    -686.01    -687.16    144     0.002     0.998
   0.840000   51     790.10      89.54    -706.82    -707.94     29     0.001     0.999
   0.820000   45     640.92      64.43    -584.56    -585.93     20     0.002     0.998
   0.820000   46     665.78      68.83    -603.71    -605.04     65     0.002     0.998
   0.820000   47     690.65      73.18    -624.74    -626.02    132     0.002     0.998
   0.820000   48     715.51      77.66    -644.95    -646.19    255     0.002     0.998
   0.820000   49     740.37      82.10    -665.11    -666.31    312     0.002     0.998
   0.820000   50     765.24      86.55    -685.73    -686.89    407     0.002     0.998
   0.820000   51     790.10      90.91    -706.03    -707.15    360     0.001     0.999
   0.820000   52     814.96      95.37    -726.29    -727.38    236     0.001     0.999
   0.820000   53     839.83      99.70    -745.73    -746.78     83     0.001     0.999
   0.820000   54     864.69     104.21    -763.93    -764.96     24     0.001     0.999
   0.800000   48     715.51      76.41    -646.90    -648.13     38     0.002     0.998
   0.800000   49     740.37      81.38    -666.19    -667.38    112     0.002     0.998
   0.800000   50     765.24      86.04    -686.11    -687.27    255     0.002     0.998
   0.800000   51     790.10      91.06    -705.72    -706.85    396     0.001     0.999
   0.800000   52     814.96      95.94    -725.49    -726.58    473     0.001     0.999
   0.800000   53     839.83     100.76    -745.29    -746.35    345     0.001     0.999
   0.800000   54     864.69     105.60    -764.72    -765.74    189     0.001     0.999
   0.800000   55     889.55     110.61    -784.00    -784.99     50     0.001     0.999
   0.780000   50     765.24      84.67    -687.18    -688.33     21     0.002     0.998
   0.780000   51     790.10      90.25    -706.67    -707.80    115     0.001     0.999
   0.780000   52     814.96      95.46    -725.73    -726.82    242     0.001     0.999
   0.780000   53     839.83     100.94    -745.29    -746.34    458     0.001     0.999
   0.780000   54     864.69     106.29    -764.65    -765.68    524     0.001     0.999
   0.780000   55     889.55     111.67    -783.90    -784.90    383     0.001     0.999
   0.780000   56     914.42     116.97    -801.82    -802.79    129     0.001     0.999
   0.760000   51     790.10      90.23    -708.17    -709.29     25     0.001     0.999
   0.760000   52     814.96      94.30    -726.73    -727.82    108     0.001     0.999
   0.760000   53     839.83     100.55    -745.75    -746.81    256     0.001     0.999
   0.760000   54     864.69     106.31    -764.48    -765.51    502     0.001     0.999
   0.760000   55     889.55     112.02    -783.11    -784.11    580     0.001     0.999
   0.760000   56     914.42     117.97    -802.00    -802.97    328     0.001     0.999
   0.760000   57     939.28     123.77    -820.46    -821.41     90     0.001     0.999
   0.740000   53     839.83      99.61    -746.41    -747.47     58     0.001     0.999
   0.740000   54     864.69     105.75    -765.03    -766.05    242     0.001     0.999
   0.740000   55     889.55     112.03    -783.17    -784.17    550     0.001     0.999
   0.740000   56     914.42     118.22    -801.14    -802.11    611     0.001     0.999
   0.740000   57     939.28     124.49    -819.50    -820.45    348     0.001     0.999
   0.740000   58     964.14     130.93    -837.43    -838.35     74     0.001     0.999
   0.720000   55     889.55     111.31    -784.07    -785.06    104     0.001     0.999
   0.720000   56     914.42     118.09    -801.66    -802.64    367     0.001     0.999
   0.720000   57     939.28     124.92    -819.34    -820.29    666     0.001     0.999
   0.720000   58     964.14     131.70    -837.11    -838.03    497     0.001     0.999
   0.720000   59     989.01     138.45    -854.60    -855.50    190     0.001     0.999
   0.720000   60    1013.87     145.29    -871.29    -872.17     38     0.001     0.999
   0.700000   55     889.55     109.94    -784.56    -785.56     77     0.001     0.999
   0.700000   56     914.42     117.09    -802.19    -803.16    231     0.001     0.999
   0.700000   57     939.28     124.69    -819.43    -820.37    484     0.001     0.999
   0.700000   58     964.14     131.91    -836.59    -837.52    593     0.001     0.999
   0.700000   59     989.01     139.16    -853.79    -854.69    394     0.001     0.999
   0.700000   60    1013.87     146.30    -870.64    -871.52     98     0.001     0.999
   0.680000   57     939.28     124.30    -820.45    -821.40     93     0.001     0.999
   0.680000   58     964.14     131.71    -836.82    -837.74    404     0.001     0.999
   0.680000   59     989.01     139.51    -853.67    -854.57    642     0.001     0.999
   0.680000   60    1013.87     147.32    -870.25    -871.13    532     0.001     0.999
   0.680000   61    1038.73     155.06    -887.27    -888.13    192     0.001     0.999
   0.680000   62    1063.60     162.52    -902.59    -903.43     20     0.001     0.999
   0.660000   58     964.14     131.06    -837.60    -838.52     96     0.001     0.999
   0.660000   59     989.01     139.03    -853.94    -854.84    329     0.001     0.999
   0.660000   60    1013.87     147.58    -870.25    -871.13    626     0.001     0.999
   0.660000   61    1038.73     155.59    -886.46    -887.32    600     0.001     0.999
   0.660000   62    1063.60     163.97    -902.94    -903.78    194     0.001     0.999
   0.660000   63    1088.46     172.47    -918.87    -919.69     42     0.001     0.999
   0.640000   59     989.01     138.48    -854.72    -855.62     55     0.001     0.999
   0.640000   60    1013.87     147.16    -870.58    -871.46    313     0.001     0.999
   0.640000   61    1038.73     155.70    -886.36    -887.22    720     0.001     0.999
   0.640000   62    1063.60     164.43    -901.93    -902.77    568     0.001     0.999
   0.640000   63    1088.46     173.14    -917.72    -918.54    211     0.001     0.999
   0.640000   64    1113.32     181.68    -929.66    -930.47     24     0.001     0.999
   0.620000   59     989.01     136.88    -855.68    -856.57     29     0.001     0.999
   0.620000   60    1013.87     146.16    -871.30    -872.18    148     0.001     0.999
   0.620000   61    1038.73     155.25    -886.46    -887.31    583     0.001     0.999
   0.620000   62    1063.60     164.51    -901.75    -902.58    691     0.001     0.999
   0.620000   63    1088.46     173.74    -916.85    -917.67    370     0.001     0.999
   0.620000   64    1113.32     183.10    -932.26    -933.06     72     0.001     0.999
   0.600000   60    1013.87     144.98    -872.29    -873.17     36     0.001     0.999
   0.600000   61    1038.73     155.14    -886.86    -887.72    278     0.001     0.999
   0.600000   62    1063.60     164.46    -901.68    -902.51    683     0.001     0.999
   0.600000   63    1088.46     174.18    -916.31    -917.13    655     0.001     0.999
   0.600000   64    1113.32     183.97    -930.84    -931.64    216     0.001     0.999
   0.600000   65    1138.19     193.71    -945.67    -946.46     27     0.001     0.999
   0.580000   61    1038.73     153.76    -887.33    -888.18     68     0.001     0.999
   0.580000   62    1063.60     164.33    -902.21    -903.05    310     0.001     0.999
   0.580000   63    1088.46     174.20    -916.21    -917.03    605     0.001     0.999
   0.580000   64    1113.32     184.35    -930.35    -931.15    535     0.001     0.999
   0.580000   65    1138.19     194.74    -944.43    -945.22    283     0.001     0.999
   0.580000   66    1163.05     205.00    -958.85    -959.62     81     0.001     0.999
   0.560000   62    1063.60     163.69    -903.27    -904.10     36     0.001     0.999
   0.560000   63    1088.46     173.56    -916.62    -917.44    152     0.001     0.999
   0.560000   64    1113.32     184.51    -930.64    -931.44    426     0.001     0.999
   0.560000   65    1138.19     195.12    -944.33    -945.11    683     0.001     0.999
   0.560000   66    1163.05     205.96    -958.05    -958.82    449     0.001     0.999
   0.560000   67    1187.91     216.60    -971.60    -972.35    134     0.001     0.999
   0.540000   63    1088.46     172.67    -918.08    -918.90     27     0.001     0.999
   0.540000   64    1113.32     184.15    -931.40    -932.20    243     0.001     0.999
   0.540000   65    1138.19     194.98    -944.40    -945.18    617     0.001     0.999
   0.540000   66    1163.05     206.15    -957.67    -958.44    693     0.001     0.999
   0.540000   67    1187.91     217.28    -970.72    -971.47    292     0.001     0.999
   0.540000   68    1212.78     228.51    -982.42    -983.15     25     0.001     0.999
   0.520000   64    1113.32     183.03    -932.16    -932.96     81     0.001     0.999
   0.520000   65    1138.19     194.45    -944.69    -945.47    410     0.001     0.999
   0.520000   66    1163.05     206.13    -957.44    -958.20    745     0.001     0.999
   0.520000   67    1187.91     217.85    -970.34    -971.09    515     0.001     0.999
   0.520000   68    1212.78     229.60    -982.65    -983.39    133     0.001     0.999
   0.500000   65    1138.19     194.40    -945.55    -946.33     88     0.001     0.999
   0.500000   66    1163.05     205.97    -957.86    -958.63    523     0.001     0.999
   0.500000   67    1187.91     218.02    -969.83    -970.58    895     0.001     0.999
   0.500000   68    1212.78     229.96    -981.57    -982.31    348     0.001     0.999
   0.500000   69    1237.64     241.95    -991.67    -992.40     38     0.001     0.999
   0.480000   65    1138.19     195.90    -946.52    -947.30     23     0.001     0.999
   0.480000   66    1163.05     205.48    -958.21    -958.98    268     0.001     0.999
   0.480000   67    1187.91     217.74    -969.82    -970.57    799     0.001     0.999
   0.480000   68    1212.78     230.32    -981.31    -982.04    645     0.001     0.999
   0.480000   69    1237.64     243.08    -993.15    -993.87    157     0.001     0.999
   0.460000   66    1163.05     205.06    -958.95    -959.72     90     0.001     0.999
   0.460000   67    1187.91     217.66    -970.02    -970.77    503     0.001     0.999
   0.460000   68    1212.78     230.79    -981.41    -982.15    733     0.001     0.999
   0.460000   69    1237.64     243.75    -992.35    -993.07    459     0.001     0.999
   0.460000   70    1262.50     256.87   -1003.48   -1004.19    102     0.001     0.999
   0.440000   67    1187.91     216.81    -970.74    -971.49    216     0.001     0.999
   0.440000   68    1212.78     230.36    -981.39    -982.12    629     0.001     0.999
   0.440000   69    1237.64     244.08    -992.01    -992.73    674     0.001     0.999
   0.440000   70    1262.50     257.78   -1002.83   -1003.54    317     0.001     0.999
   0.440000   71    1287.37     271.54   -1013.67   -1014.36     43     0.001     0.999
   0.420000   67    1187.91     215.70    -971.57    -972.32     49     0.001     0.999
   0.420000   68    1212.78     230.00    -981.83    -982.57    374     0.001     0.999
   0.420000   69    1237.64     243.93    -991.91    -992.63    820     0.001     0.999
   0.420000   70    1262.50     257.94   -1002.00   -1002.70    523     0.001     0.999
   0.420000   71    1287.37     272.31   -1012.03   -1012.72    130     0.001     0.999
   0.400000   68    1212.78     229.61    -982.51    -983.24    120     0.001     0.999
   0.400000   69    1237.64     244.02    -992.11    -992.83    597     0.001     0.999
   0.400000   70    1262.50     258.39   -1001.75   -1002.46    789     0.001     0.999
   0.400000   71    1287.37     273.01   -1011.51   -1012.20    341     0.001     0.999
   0.400000   72    1312.23     287.60   -1020.95   -1021.63     45     0.001     0.999
   0.380000   69    1237.64     243.63    -992.68    -993.40    257     0.001     0.999
   0.380000   70    1262.50     258.32   -1001.77   -1002.47    765     0.001     0.999
   0.380000   71    1287.37     273.28   -1010.97   -1011.66    683     0.001     0.999
   0.380000   72    1312.23     288.40   -1019.75   -1020.43    174     0.001     0.999
   0.360000   69    1237.64     242.50    -993.51    -994.23     69     0.001     0.999
   0.360000   70    1262.50     258.24   -1002.15   -1002.86    450     0.001     0.999
   0.360000   71    1287.37     273.48   -1010.73   -1011.43    794     0.001     0.999
   0.360000   72    1312.23     289.23   -1019.37   -1020.05    508     0.001     0.999
   0.360000   73    1337.09     304.85   -1027.32   -1027.99     75     0.001     0.999
   0.340000   70    1262.50     257.39   -1002.62   -1003.32    250     0.001     0.999
   0.340000   71    1287.37     273.13   -1010.84   -1011.54    694     0.001     0.999
   0.340000   72    1312.23     289.21   -1018.94   -1019.62    644     0.001     0.999
   0.340000   73    1337.09     305.52   -1027.04   -1027.71    250     0.001     0.999
   0.340000   74    1361.96     321.70   -1034.18   -1034.84     42     0.000     1.000
   0.320000   70    1262.50     262.40   -1003.88   -1004.59     39     0.001     0.999
   0.320000   71    1287.37     272.76   -1011.24   -1011.94    321     0.001     0.999
   0.320000   72    1312.23     289.35   -1019.04   -1019.72    729     0.001     0.999
   0.320000   73    1337.09     305.99   -1026.66   -1027.33    621     0.001     0.999
   0.320000   74    1361.96     322.71   -1034.15   -1034.81    175     0.000     1.000
   0.300000   71    1287.37     272.28   -1012.07   -1012.77     84     0.001     0.999
   0.300000   72    1312.23     289.16   -1019.33   -1020.01    441     0.001     0.999
   0.300000   73    1337.09     306.17   -1026.52   -1027.18    756     0.001     0.999
   0.300000   74    1361.96     323.23   -1033.67   -1034.32    461     0.000     1.000
   0.300000   75    1386.82     340.41   -1041.10   -1041.74    137     0.000     1.000
   0.280000   72    1312.23     288.62   -1019.84   -1020.52    259     0.001     0.999
   0.280000   73    1337.09     305.89   -1026.66   -1027.33    563     0.001     0.999
   0.280000   74    1361.96     323.47   -1033.43   -1034.09    647     0.000     1.000
   0.280000   75    1386.82     341.32   -1040.30   -1040.95    334     0.000     1.000
   0.280000   76    1411.68     358.96   -1047.19   -1047.82     74     0.000     1.000
   0.260000   72    1312.23     286.47   -1020.75   -1021.43     75     0.001     0.999
   0.260000   73    1337.09     305.37   -1027.00   -1027.67    365     0.001     0.999
   0.260000   74    1361.96     323.54   -1033.31   -1033.97    648     0.000     1.000
   0.260000   75    1386.82     341.70   -1039.66   -1040.30    526     0.000     1.000
   0.260000   76    1411.68     359.85   -1045.92   -1046.55    232     0.000     1.000
   0.260000   77    1436.55     378.15   -1051.57   -1052.19     45     0.000     1.000
   0.240000   73    1337.09     305.44   -1028.15   -1028.81     41     0.000     1.000
   0.240000   74    1361.96     323.43   -1033.85   -1034.51    257     0.000     1.000
   0.240000   75    1386.82     341.65   -1039.56   -1040.20    637     0.000     1.000
   0.240000   76    1411.68     360.35   -1045.38   -1046.01    646     0.000     1.000
   0.240000   77    1436.55     378.86   -1050.73   -1051.35    254     0.000     1.000
   0.240000   78    1461.41     397.77   -1057.16   -1057.77     52     0.000     1.000
   0.220000   74    1361.96     321.84   -1034.73   -1035.39     60     0.000     1.000
   0.220000   75    1386.82     341.08   -1040.01   -1040.65    331     0.000     1.000
   0.220000   76    1411.68     360.47   -1045.35   -1045.98    665     0.000     1.000
   0.220000   77    1436.55     379.45   -1050.48   -1051.10    578     0.000     1.000
   0.220000   78    1461.41     398.98   -1055.75   -1056.36    239     0.000     1.000
   0.220000   79    1486.27     417.97   -1061.23   -1061.83     21     0.000     1.000
   0.200000   75    1386.82     340.59   -1040.80   -1041.44     77     0.000     1.000
   0.200000   76    1411.68     359.90   -1045.69   -1046.32    265     0.000     1.000
   0.200000   77    1436.55     379.47   -1050.61   -1051.23    487     0.000     1.000
   0.200000   78    1461.41     399.38   -1055.41   -1056.02    559     0.000     1.000
   0.200000   79    1486.27     418.89   -1060.18   -1060.78    348     0.000     1.000
   0.200000   80    1511.13     438.80   -1065.04   -1065.63    112     0.000     1.000
   0.200000   81    1536.00     459.47   -1070.24   -1070.82     39     0.000     1.000
   0.180000   76    1411.68     358.82   -1046.89   -1047.53     34     0.000     1.000
   0.180000   77    1436.55     379.36   -1051.17   -1051.79    164     0.000     1.000
   0.180000   78    1461.41     399.06   -1055.63   -1056.24    416     0.000     1.000
   0.180000   79    1486.27     419.55   -1059.95   -1060.55    556     0.000     1.000
   0.180000   80    1511.13     439.69   -1064.26   -1064.85    434     0.000     1.000
   0.180000   81    1536.00     459.81   -1068.69   -1069.27    207     0.000     1.000
   0.180000   82    1560.86     480.33   -1073.35   -1073.93     75     0.000     1.000
   0.160000   78    1461.41     398.50   -1056.38   -1056.99     57     0.000     1.000
   0.160000   79    1486.27     419.06   -1060.54   -1061.14    222     0.000     1.000
   0.160000   80    1511.13     439.48   -1064.37   -1064.96    368     0.000     1.000
   0.160000   81    1536.00     460.21   -1068.23   -1068.82    471     0.000     1.000
   0.160000   82    1560.86     481.09   -1072.17   -1072.75    356     0.000     1.000
   0.160000   83    1585.72     501.88   -1075.92   -1076.49    243     0.000     1.000
   0.160000   84    1610.59     522.82   -1079.97   -1080.53    133     0.000     1.000
   0.160000   85    1635.45     542.97   -1083.58   -1084.13     30     0.000     1.000
   0.140000   79    1486.27     417.86   -1062.10   -1062.70     22     0.000     1.000
   0.140000   80    1511.13     437.98   -1065.12   -1065.71     62     0.000     1.000
   0.140000   81    1536.00     459.23   -1068.81   -1069.39    135     0.000     1.000
   0.140000   82    1560.86     481.00   -1072.23   -1072.81    267     0.000     1.000
   0.140000   83    1585.72     502.38   -1075.60   -1076.16    290     0.000     1.000
   0.140000   84    1610.59     523.48   -1079.10   -1079.65    319     0.000     1.000
   0.140000   85    1635.45     544.86   -1082.58   -1083.13    339     0.000     1.000
   0.140000   86    1660.31     566.17   -1085.92   -1086.46    259     0.000     1.000
   0.140000   87    1685.18     587.84   -1089.44   -1089.97    129     0.000     1.000
   0.140000   88    1710.04     609.41   -1093.13   -1093.65     56     0.000     1.000
   0.120000   82    1560.86     478.46   -1073.91   -1074.48     24     0.000     1.000
   0.120000   83    1585.72     501.28   -1076.67   -1077.23     61     0.000     1.000
   0.120000   84    1610.59     522.86   -1079.67   -1080.22    208     0.000     1.000
   0.120000   85    1635.45     544.82   -1082.58   -1083.13    279     0.000     1.000
   0.120000   86    1660.31     566.63   -1085.57   -1086.11    374     0.000     1.000
   0.120000   87    1685.18     588.37   -1088.40   -1088.93    384     0.000     1.000
   0.120000   88    1710.04     610.33   -1091.48   -1092.01    291     0.000     1.000
   0.120000   89    1734.90     631.95   -1094.24   -1094.76    164     0.000     1.000
   0.120000   90    1759.77     653.85   -1096.97   -1097.48     68     0.000     1.000
   0.120000   91    1784.63     675.44   -1100.41   -1100.91     24     0.000     1.000
   0.100000   85    1635.45     543.25   -1083.91   -1084.45     47     0.000     1.000
   0.100000   86    1660.31     565.48   -1086.37   -1086.91    106     0.000     1.000
   0.100000   87    1685.18     588.52   -1088.90   -1089.43    215     0.000     1.000
   0.100000   88    1710.04     610.45   -1091.30   -1091.83    344     0.000     1.000
   0.100000   89    1734.90     632.67   -1093.69   -1094.21    414     0.000     1.000
   0.100000   90    1759.77     654.86   -1096.15   -1096.66    367     0.000     1.000
   0.100000   91    1784.63     677.18   -1098.55   -1099.05    235     0.000     1.000
   0.100000   92    1809.49     699.38   -1101.01   -1101.50    106     0.000     1.000
   0.100000   93    1834.36     721.89   -1103.47   -1103.96     46     0.000     1.000
   0.080000   88    1710.04     609.08   -1092.51   -1093.03     42     0.000     1.000
   0.080000   89    1734.90     632.39   -1094.43   -1094.95    144     0.000     1.000
   0.080000   90    1759.77     654.78   -1096.36   -1096.86    289     0.000     1.000
   0.080000   91    1784.63     677.44   -1098.28   -1098.78    474     0.000     1.000
   0.080000   92    1809.49     700.15   -1100.20   -1100.69    477     0.000     1.000
   0.080000   93    1834.36     722.97   -1102.11   -1102.59    331     0.000     1.000
   0.080000   94    1859.22     745.81   -1104.02   -1104.50    112     0.000     1.000
   0.060000   91    1784.63     676.60   -1099.11   -1099.61     78     0.000     1.000
   0.060000   92    1809.49     700.06   -1100.59   -1101.09    234     0.000     1.000
   0.060000   93    1834.36     723.09   -1102.03   -1102.52    480     0.000     1.000
   0.060000   94    1859.22     746.65   -1103.44   -1103.93    548     0.000     1.000
   0.060000   95    1884.08     769.62   -1104.83   -1105.31    385     0.000     1.000
   0.060000   96    1908.95     792.64   -1106.22   -1106.69    154     0.000     1.000
   0.040000   92    1809.49     703.39   -1101.68   -1102.18     57     0.000     1.000
   0.040000   93    1834.36     722.42   -1102.60   -1103.09    226     0.000     1.000
   0.040000   94    1859.22     746.39   -1103.55   -1104.03    420     0.000     1.000
   0.040000   95    1884.08     769.79   -1104.49   -1104.97    585     0.000     1.000
   0.040000   96    1908.95     793.61   -1105.43   -1105.90    451     0.000     1.000
   0.040000   97    1933.81     817.29   -1106.33   -1106.80    138     0.000     1.000
   0.020000   93    1834.36     720.92   -1103.77   -1104.26     34     0.000     1.000
   0.020000   94    1859.22     746.55   -1104.22   -1104.71    138     0.000     1.000
   0.020000   95    1884.08     769.56   -1104.70   -1105.17    428     0.000     1.000
   0.020000   96    1908.95     793.90   -1105.17   -1105.64    659     0.000     1.000
   0.020000   97    1933.81     818.04   -1105.62   -1106.09    491     0.000     1.000
   0.020000   98    1958.67     842.17   -1106.10   -1106.56    137     0.000     1.000
   0.000000   95    1884.08     770.88   -1105.41   -1105.88    120     0.000     1.000
   0.000000   96    1908.95     793.59   -1105.41   -1105.88    470     0.000     1.000
   0.000000   97    1933.81     817.99   -1105.41   -1105.87    745     0.000     1.000
   0.000000   98    1958.67     842.90   -1105.41   -1105.87    426     0.000     1.000
   0.000000   99    1983.54     867.48   -1105.41   -1105.86    119     0.000     1.000


# Part 3: Bin-averaged summary:
# bin  energy gap  <dGg> <dGg norm> pts  <c1**2> <c2**2> <r_xy>
   2   -428.20     -2.11   1103.93         69    0.995    0.005    8.674
   3   -403.34     -2.23   1103.81        349    0.995    0.005    8.663
   4   -378.47     -2.37   1103.67        431    0.994    0.006    8.626
   5   -353.61     -2.52   1103.52        380    0.993    0.007    8.596
   6   -328.75     -3.25   1102.80        264    0.992    0.008    8.549
   7   -303.88     -3.65   1102.40        236    0.991    0.009    8.428
   8   -279.02     -3.81   1102.23        263    0.989    0.011    8.418
   9   -254.16     -3.80   1102.24        278    0.987    0.013    8.424
  10   -229.29     -3.79   1102.25        273    0.984    0.016    8.495
  11   -204.43     -4.04   1102.00        380    0.980    0.020    8.530
  12   -179.57     -4.09   1101.96        334    0.974    0.026    8.557
  13   -154.70     -4.14   1101.91        338    0.966    0.034    8.634
  14   -129.84     -4.40   1101.64        440    0.953    0.047    8.628
  15   -104.98     -5.13   1100.91        542    0.934    0.066    8.563
  16    -80.11     -6.41   1099.63        444    0.899    0.101    8.510
  17    -55.25     -8.86   1097.19        399    0.837    0.163    8.539
  18    -30.39    -13.97   1092.07        327    0.728    0.272    8.480
  19     -5.52    -23.77   1082.28        285    0.547    0.453    8.460
  20     19.34    -38.41   1067.64        293    0.349    0.651    8.453
  21     44.20    -56.64   1049.40        278    0.203    0.797    8.409
  22     69.07    -76.66   1029.39        326    0.124    0.876    8.406
  23     93.93    -97.90   1008.14        286    0.079    0.921    8.357
  24    118.79   -119.74    986.30        308    0.055    0.945    8.357
  25    143.65   -141.94    964.10        247    0.039    0.961    8.302
  26    168.52   -163.84    942.21        200    0.029    0.971    8.267
  27    193.38   -186.05    919.99        195    0.023    0.977    8.259
  28    218.24   -208.56    897.49        183    0.018    0.982    8.290
  29    243.11   -231.18    874.86        233    0.015    0.985    8.219
  30    267.97   -253.89    852.16        241    0.012    0.988    8.182
  31    292.83   -276.59    829.45        254    0.010    0.990    8.160
  32    317.70   -298.87    807.18        262    0.009    0.991    8.171
  33    342.56   -321.43    784.62        324    0.008    0.992    8.162
  34    367.42   -343.65    762.39        342    0.007    0.993    8.147
  35    392.29   -365.82    740.22        392    0.006    0.994    8.099
  36    417.15   -388.30    717.75        413    0.005    0.995    8.082
  37    442.01   -410.50    695.55        351    0.005    0.995    8.056
  38    466.88   -432.31    673.74        371    0.004    0.996    8.071
  39    491.74   -454.37    651.67        398    0.004    0.996    8.113
  40    516.60   -475.94    630.10        376    0.003    0.997    8.124
  41    541.47   -497.57    608.47        375    0.003    0.997    8.164
  42    566.33   -519.38    586.67        381    0.003    0.997    8.143
  43    591.19   -541.01    565.03        471    0.003    0.997    8.087
  44    616.06   -562.29    543.75        501    0.002    0.998    8.135
  45    640.92   -583.44    522.60        550    0.002    0.998    8.195
  46    665.78   -604.69    501.35        653    0.002    0.998    8.257
  47    690.65   -625.62    480.42        710    0.002    0.998    8.351
  48    715.51   -646.32    459.73        855    0.002    0.998    8.436
  49    740.37   -666.64    439.40        778    0.002    0.998    8.538
  50    765.24   -687.09    418.95        827    0.002    0.998    8.689
  51    790.10   -707.18    398.86        925    0.001    0.999    8.834
  52    814.96   -726.94    379.10       1059    0.001    0.999    8.901
  53    839.83   -746.53    359.52       1200    0.001    0.999    8.909
  54    864.69   -765.68    340.36       1481    0.001    0.999    8.873
  55    889.55   -784.45    321.59       1744    0.001    0.999    8.756
  56    914.42   -802.60    303.45       1666    0.001    0.999    8.575
  57    939.28   -820.47    285.58       1681    0.001    0.999    8.336
  58    964.14   -837.82    268.22       1664    0.001    0.999    7.998
  59    989.01   -854.83    251.21       1639    0.001    0.999    7.537
  60   1013.87   -871.36    234.69       1791    0.001    0.999    6.895
  61   1038.73   -887.42    218.62       2441    0.001    0.999    6.294
  62   1063.60   -902.79    203.26       2502    0.001    0.999    6.069
  63   1088.46   -917.44    188.60       2062    0.001    0.999    6.035
  64   1113.32   -931.62    174.42       1597    0.001    0.999    5.954
  65   1138.19   -945.31    160.74       2131    0.001    0.999    5.890
  66   1163.05   -958.60    147.45       2849    0.001    0.999    5.843
  67   1187.91   -970.91    135.13       3403    0.001    0.999    5.873
  68   1212.78   -982.30    123.75       3007    0.001    0.999    5.917
  69   1237.64   -992.92    113.13       3071    0.001    0.999    5.998
  70   1262.50  -1002.81    103.23       3235    0.001    0.999    6.062
  71   1287.37  -1011.77     94.27       3090    0.001    0.999    6.136
  72   1312.23  -1019.99     86.05       2875    0.001    0.999    6.160
  73   1337.09  -1027.41     78.63       2671    0.001    0.999    6.185
  74   1361.96  -1034.25     71.79       2290    0.000    1.000    6.213
  75   1386.82  -1040.57     65.47       2042    0.000    1.000    6.289
  76   1411.68  -1046.21     59.84       1916    0.000    1.000    6.341
  77   1436.55  -1051.29     54.75       1528    0.000    1.000    6.292
  78   1461.41  -1056.26     49.78       1323    0.000    1.000    6.280
  79   1486.27  -1060.79     45.25       1169    0.000    1.000    6.338
  80   1511.13  -1065.03     41.01        976    0.000    1.000    6.358
  81   1536.00  -1069.11     36.93        852    0.000    1.000    6.362
  82   1560.86  -1072.95     33.09        722    0.000    1.000    6.400
  83   1585.72  -1076.40     29.64        594    0.000    1.000    6.418
  84   1610.59  -1080.01     26.03        660    0.000    1.000    6.448
  85   1635.45  -1083.26     22.78        695    0.000    1.000    6.470
  86   1660.31  -1086.35     19.69        739    0.000    1.000    6.506
  87   1685.18  -1089.26     16.78        728    0.000    1.000    6.553
  88   1710.04  -1092.11     13.94        733    0.000    1.000    6.666
  89   1734.90  -1094.48     11.56        722    0.000    1.000    6.718
  90   1759.77  -1096.82      9.22        724    0.000    1.000    6.808
  91   1784.63  -1099.00      7.04        811    0.000    1.000    6.945
  92   1809.49  -1100.99      5.05        874    0.000    1.000    7.056
  93   1834.36  -1102.77      3.27       1117    0.000    1.000    7.081
  94   1859.22  -1104.10      1.94       1218    0.000    1.000    7.102
  95   1884.08  -1105.18      0.86       1518    0.000    1.000    7.151
  96   1908.95  -1105.86      0.18       1734    0.000    1.000    7.167
  97   1933.81  -1106.04      0.00       1374    0.000    1.000    7.202
  98   1958.67  -1106.04      0.01        563    0.000    1.000    7.286
  99   1983.54  -1105.86      0.18        119    0.000    1.000    7.423
