
 -----------------------------------------------
      Restrained ESP Fit 2.3  Amber 4.1
 -----------------------------------------------
 Resp charges for organic molecule                                               
 -----------------------------------------------


 inopt       =     0   ioutopt     =     1
 nmol        =     1   iqopt       =     2
 ihfree      =     1   irstrnt     =     1
 iunits      =     0   qwt         =   0.00100000
 wtmol(1) =     1.000000
 subtitle:

Resp charges for organic molecule                                               
ich =   0  iuniq =  30
    1    8  -99
    2    1  -99
    3    6  -99
    4    1  -99
    5    6  -99
    6    6  -99
    7    6  -99
    8    6  -99
    9    6  -99
   10    6  -99
   11    6  -99
   12    6  -99
   13    6  -99
   14    6  -99
   15    6  -99
   16    6  -99
   17    6  -99
   18    8  -99
   19    1  -99
   20    1  -99
   21    1  -99
   22    1  -99
   23    1  -99
   24    1  -99
   25    1  -99
   26    1  -99
   27    1  -99
   28    1  -99
   29    1  -99
   30    1  -99
 new q0 values to be read  30

  ----------------------------------------------------------------------------
     ATOM                       COORDINATES                         CHARGE
                       X             Y                Z
  ----------------------------------------------------------------------------
  ----------------------------------------------------------------------------


 Charge on the molecule(ich) =    0
 Total number of atoms (iuniq)     =   30
 Weight factor on initial charge restraints(qwt)=     0.10000D-02


  there are  1 charge constraints:


     1       1
     2       1
     3       1
     4       1
     5       1
     6       1
     7       1
     8       1
     9       1
    10       1
    11       1
    12       1
    13       1
    14       1
    15       1
    16       1
    17       1
    18       1
    19       1
    20       1
    21       1
    22       1
    23       1
    24       1
    25       1
    26       1
    27       1
    28       1
    29       1
    30       1

 Reading esp"s for molecule   1
 total number of atoms      =    30
 total number of esp points = 64399


 center     X       Y       Z 
    1  -0.2353030E+00  -0.3472224E+01  -0.3366284E+01
    2  -0.1661353E+01  -0.3339015E+01  -0.4510173E+01
    3   0.1183723E+01  -0.3163382E+01   0.8654850E+00
    4   0.2263841E+01  -0.4846875E+01   0.2911936E+00
    5   0.2878616E+01  -0.8660444E+00   0.5884229E+00
    6   0.2606503E+01   0.1230418E+01   0.2181182E+01
    7   0.4189657E+01   0.3324546E+01   0.1921526E+01
    8   0.6055610E+01   0.3353761E+01   0.5836986E-01
    9   0.6331846E+01   0.1274855E+01  -0.1545121E+01
   10   0.4759762E+01  -0.8228509E+00  -0.1274756E+01
   11  -0.1183585E+01  -0.3163454E+01  -0.8652829E+00
   12  -0.2878563E+01  -0.8661181E+00  -0.5884493E+00
   13  -0.2606790E+01   0.1230085E+01  -0.2181530E+01
   14  -0.4190036E+01   0.3324200E+01  -0.1921984E+01
   15  -0.6055678E+01   0.3353621E+01  -0.5855316E-01
   16  -0.6331580E+01   0.1274930E+01   0.1545308E+01
   17  -0.4759441E+01  -0.8227206E+00   0.1275059E+01
   18   0.2353276E+00  -0.3471899E+01   0.3366494E+01
   19   0.1661020E+01  -0.3336629E+01   0.4510585E+01
   20   0.1140654E+01   0.1213648E+01   0.3616552E+01
   21   0.3958243E+01   0.4936839E+01   0.3173230E+01
   22   0.7290436E+01   0.4982892E+01  -0.1419959E+00
   23   0.7783883E+01   0.1281032E+01  -0.2998164E+01
   24   0.4974679E+01  -0.2438395E+01  -0.2523563E+01
   25  -0.2263671E+01  -0.4846881E+01  -0.2906795E+00
   26  -0.1141239E+01   0.1213113E+01  -0.3617196E+01
   27  -0.3958919E+01   0.4936272E+01  -0.3174027E+01
   28  -0.7290589E+01   0.4982693E+01   0.1417616E+00
   29  -0.7783347E+01   0.1281321E+01   0.2998627E+01
   30  -0.4974095E+01  -0.2438098E+01   0.2524122E+01
 Initial ssvpot =     4.661


 Number of unique UNfrozen centers=    0
 ALL charges are frozen!!!

 Non-linear optimization requested.
 qchnge =    0.4763159816E-01
 qchnge =     0.000000000    
 qchnge =     0.000000000    

 Convergence in    2 iterations


Resp charges for organic molecule                                               

          Point Charges Before & After Optimization

    no.  At.no.    q(init)       q(opt)     ivary    d(rstr)/dq
    1   8      -0.708500      -0.708500    -99       0.001398
    2   1       0.413889       0.413889    -99       0.000000
    3   6       0.368385       0.368385    -99       0.002620
    4   1      -0.003180      -0.003180    -99       0.000000
    5   6      -0.046102      -0.046102    -99       0.009081
    6   6      -0.148188      -0.148188    -99       0.005594
    7   6      -0.157531      -0.157531    -99       0.005359
    8   6      -0.123219      -0.123219    -99       0.006302
    9   6      -0.157531      -0.157531    -99       0.005359
   10   6      -0.148188      -0.148188    -99       0.005594
   11   6       0.368385       0.368385    -99       0.002620
   12   6      -0.046102      -0.046102    -99       0.009081
   13   6      -0.148188      -0.148188    -99       0.005594
   14   6      -0.157531      -0.157531    -99       0.005359
   15   6      -0.123219      -0.123219    -99       0.006302
   16   6      -0.157531      -0.157531    -99       0.005359
   17   6      -0.148188      -0.148188    -99       0.005594
   18   8      -0.708500      -0.708500    -99       0.001398
   19   1       0.413889       0.413889    -99       0.000000
   20   1       0.149939       0.149939    -99       0.000000
   21   1       0.138469       0.138469    -99       0.000000
   22   1       0.133348       0.133348    -99       0.000000
   23   1       0.138469       0.138469    -99       0.000000
   24   1       0.149939       0.149939    -99       0.000000
   25   1      -0.003180      -0.003180    -99       0.000000
   26   1       0.149939       0.149939    -99       0.000000
   27   1       0.138469       0.138469    -99       0.000000
   28   1       0.133348       0.133348    -99       0.000000
   29   1       0.138469       0.138469    -99       0.000000
   30   1       0.149939       0.149939    -99       0.000000

 Sum over the calculated charges:     -0.000

        Statistics of the fitting:
  The initial sum of squares (ssvpot)                      4.661
  The residual sum of squares (chipot)                     0.078
  The std err of estimate (sqrt(chipot/N))               0.00110
  ESP relative RMS (SQRT(chipot/ssvpot))                 0.12918

 Center of Mass (Angst.):

 X  =   0.00000      Y  =   0.00000      Z  =   0.00000

 Dipole (Debye):

 X  =  -0.00032      Y  =   0.56966      Z  =   0.00020

 Dipole Moment (Debye)=   0.56966

 Quadrupole (Debye*Angst.):

 Qxx =   3.62958     QYY =  -3.18860     QZZ =  -0.44099
 Qxy = -35.17789     QXZ = -33.33316     QYZ = -35.16921
