
------------------------------- Free energies ---------------------------------
 Qfep_output  dG*         dG0         dG_lambda  
 ../03-fep/replica_001000/qfep.out  None        None          -1658.04 
 ../03-fep/replica_001001/qfep.out  None        None          -1658.98 
 ../03-fep/replica_001002/qfep.out  None        None          -1666.92 
 ../03-fep/replica_001003/qfep.out  None        None          -1662.41 
 ../03-fep/replica_001004/qfep.out  None        None          -1665.70 
 ../03-fep/replica_001005/qfep.out  None        None          -1659.07 
 ../03-fep/replica_001006/qfep.out  None        None          -1659.80 
 ../03-fep/replica_001007/qfep.out  None        None          -1662.47 
 ../03-fep/replica_001008/qfep.out  None        None          -1662.44 
 ../03-fep/replica_001009/qfep.out  None        None          -1657.90 

----------------------------------- SUMMARY -----------------------------------
# Analysed with: QTools/q_analysefeps.py (0.7.0)
# Work dir: /home3/p315462/Project/evb_solvent2/calibration
# Date: Tue May  7 10:49:04 2024
# CMDline: /home3/p315462/bin/qtools/qscripts-cli/q_analysefeps.py --lra_l 0.94 0.48 ../03-fep/replica_001000 ../03-fep/replica_001001 ../03-fep/replica_001002 ../03-fep/replica_001003 ../03-fep/replica_001004 ../03-fep/replica_001005 ../03-fep/replica_001006 ../03-fep/replica_001007 ../03-fep/replica_001008 ../03-fep/replica_001009


----- Statistics -----

#                 Mean      Std.dev    Median    Std.error       N
dG*                nan        nan        nan        nan          0
dG0                nan        nan        nan        nan          0
dG_lambda     -1661.37       3.16   -1661.10       1.00         10


------- Fails --------

Failed to produce dGa/dG0:
-> ../03-fep/replica_001000/qfep.out: Bad reaction free energy profile - 1 local minima (instead of 2)
-> ../03-fep/replica_001001/qfep.out: Bad reaction free energy profile - 0 local minima (instead of 2)
-> ../03-fep/replica_001002/qfep.out: Bad reaction free energy profile - 1 local minima (instead of 2)
-> ../03-fep/replica_001003/qfep.out: Bad reaction free energy profile - 0 local minima (instead of 2)
-> ../03-fep/replica_001004/qfep.out: Bad reaction free energy profile - 1 local minima (instead of 2)
-> ../03-fep/replica_001005/qfep.out: Bad reaction free energy profile - 1 local minima (instead of 2)
-> ../03-fep/replica_001006/qfep.out: Bad reaction free energy profile - 0 local minima (instead of 2)
-> ../03-fep/replica_001007/qfep.out: Bad reaction free energy profile - 1 local minima (instead of 2)
-> ../03-fep/replica_001008/qfep.out: Bad reaction free energy profile - 1 local minima (instead of 2)
-> ../03-fep/replica_001009/qfep.out: Bad reaction free energy profile - 1 local minima (instead of 2)
-------------------------------------------------------------------------------

