
 -----------------------------------------------
      Restrained ESP Fit 2.3  Amber 4.1
 -----------------------------------------------
 Resp charges for organic molecule                                               
 -----------------------------------------------


 inopt       =     0   ioutopt     =     1
 nmol        =     1   iqopt       =     2
 ihfree      =     1   irstrnt     =     1
 iunits      =     0   qwt         =   0.00100000
 wtmol(1) =     1.000000
 subtitle:

Resp charges for organic molecule                                               
ich =   0  iuniq =  27
    1    8  -99
    2    6  -99
    3    6  -99
    4    6  -99
    5    6  -99
    6    6  -99
    7    6  -99
    8    6  -99
    9    6  -99
   10    6  -99
   11    6  -99
   12    6  -99
   13    6  -99
   14    6  -99
   15    6  -99
   16    1  -99
   17    1  -99
   18    1  -99
   19    1  -99
   20    1  -99
   21    1  -99
   22    1  -99
   23    1  -99
   24    1  -99
   25    1  -99
   26    1  -99
   27    1  -99
 new q0 values to be read  27

  ----------------------------------------------------------------------------
     ATOM                       COORDINATES                         CHARGE
                       X             Y                Z
  ----------------------------------------------------------------------------
  ----------------------------------------------------------------------------


 Charge on the molecule(ich) =    0
 Total number of atoms (iuniq)     =   27
 Weight factor on initial charge restraints(qwt)=     0.10000D-02


  there are  1 charge constraints:


     1       1
     2       1
     3       1
     4       1
     5       1
     6       1
     7       1
     8       1
     9       1
    10       1
    11       1
    12       1
    13       1
    14       1
    15       1
    16       1
    17       1
    18       1
    19       1
    20       1
    21       1
    22       1
    23       1
    24       1
    25       1
    26       1
    27       1

 Reading esp"s for molecule   1
 total number of atoms      =    27
 total number of esp points = 63032


 center     X       Y       Z 
    1   0.1396507E-02   0.4205532E+01   0.1958087E+01
    2   0.1408054E+01   0.3510136E+01  -0.2453564E+00
    3   0.3014697E+01   0.1193891E+01  -0.1589203E+00
    4   0.4282351E+01   0.4267852E+00  -0.2354687E+01
    5   0.5815093E+01  -0.1714775E+01  -0.2335442E+01
    6   0.6117085E+01  -0.3104455E+01  -0.1109439E+00
    7   0.4881708E+01  -0.2333925E+01   0.2087439E+01
    8   0.3338146E+01  -0.1950972E+00   0.2066614E+01
    9  -0.1413458E+01   0.3508626E+01  -0.2399328E+00
   10  -0.3017499E+01   0.1191089E+01  -0.1485967E+00
   11  -0.3302901E+01  -0.2212302E+00   0.2067527E+01
   12  -0.4842924E+01  -0.2362479E+01   0.2091237E+01
   13  -0.6112797E+01  -0.3112477E+01  -0.9461291E-01
   14  -0.5849055E+01  -0.1699514E+01  -0.2309217E+01
   15  -0.4319900E+01   0.4446034E+00  -0.2331130E+01
   16   0.2286345E+01   0.5118586E+01  -0.1200254E+01
   17   0.4061633E+01   0.1511597E+01  -0.4087475E+01
   18   0.6779305E+01  -0.2295509E+01  -0.4053326E+01
   19   0.7317697E+01  -0.4770417E+01  -0.9164793E-01
   20   0.5124576E+01  -0.3394817E+01   0.3829326E+01
   21   0.2398724E+01   0.4315038E+00   0.3777071E+01
   22  -0.2296977E+01   0.5116129E+01  -0.1191417E+01
   23  -0.2337132E+01   0.3891947E+00   0.3768985E+01
   24  -0.5056096E+01  -0.3441473E+01   0.3825873E+01
   25  -0.7310728E+01  -0.4780340E+01  -0.7284516E-01
   26  -0.6840648E+01  -0.2263673E+01  -0.4017008E+01
   27  -0.4129461E+01   0.1547901E+01  -0.4055849E+01
 Initial ssvpot =     7.048


 Number of unique UNfrozen centers=    0
 ALL charges are frozen!!!

 Non-linear optimization requested.
 qchnge =    0.3194920783E-01
 qchnge =     0.000000000    
 qchnge =     0.000000000    

 Convergence in    2 iterations


Resp charges for organic molecule                                               

          Point Charges Before & After Optimization

    no.  At.no.    q(init)       q(opt)     ivary    d(rstr)/dq
    1   8      -0.251162      -0.251162    -99       0.003699
    2   6      -0.109201      -0.109201    -99       0.006754
    3   6       0.227212       0.227212    -99       0.004028
    4   6      -0.215119      -0.215119    -99       0.004215
    5   6      -0.123712      -0.123712    -99       0.006286
    6   6      -0.174545      -0.174545    -99       0.004971
    7   6      -0.123712      -0.123712    -99       0.006286
    8   6      -0.215119      -0.215119    -99       0.004215
    9   6      -0.109201      -0.109201    -99       0.006754
   10   6       0.227212       0.227212    -99       0.004028
   11   6      -0.215119      -0.215119    -99       0.004215
   12   6      -0.123712      -0.123712    -99       0.006286
   13   6      -0.174545      -0.174545    -99       0.004971
   14   6      -0.123712      -0.123712    -99       0.006286
   15   6      -0.215119      -0.215119    -99       0.004215
   16   1       0.133422       0.133422    -99       0.000000
   17   1       0.147457       0.147457    -99       0.000000
   18   1       0.142561       0.142561    -99       0.000000
   19   1       0.146319       0.146319    -99       0.000000
   20   1       0.142561       0.142561    -99       0.000000
   21   1       0.147457       0.147457    -99       0.000000
   22   1       0.133422       0.133422    -99       0.000000
   23   1       0.147457       0.147457    -99       0.000000
   24   1       0.142561       0.142561    -99       0.000000
   25   1       0.146319       0.146319    -99       0.000000
   26   1       0.142561       0.142561    -99       0.000000
   27   1       0.147457       0.147457    -99       0.000000

 Sum over the calculated charges:     -0.000

        Statistics of the fitting:
  The initial sum of squares (ssvpot)                      7.048
  The residual sum of squares (chipot)                     0.153
  The std err of estimate (sqrt(chipot/N))               0.00156
  ESP relative RMS (SQRT(chipot/ssvpot))                 0.14751

 Center of Mass (Angst.):

 X  =   0.00000      Y  =   0.00000      Z  =   0.00000

 Dipole (Debye):

 X  =  -0.00393      Y  =  -0.95191      Z  =  -2.00010

 Dipole Moment (Debye)=   2.21507

 Quadrupole (Debye*Angst.):

 Qxx =  -2.66996     QYY =  -5.80288     QZZ =   8.47284
 Qxy = -34.87039     QXZ = -34.42230     QYZ = -55.82013
