
Build and version information

Build number 6.0.15
Build date   20240314
Built:       
      by     p315462
      on     login1
      git id adc28a635c78993922188615a73366ace3402081
      with   GNU Fortran GCC 11.3.0
qfep version 6.0.15 , git id=adc28a635c78993922188615a73366ace3402081 initialising
Current date 2024- 4-18 and time 17:10:22

Welcome in qfep modification date 20240314

 Q6, Copyright © 2017 Johan Åqvist, John Marelius, Shina Caroline Lynn Kamerlin and Paul Bauer
 Q6 comes with ABSOLUTELY NO WARRANTY.  This is free software, and you are welcome
 to redistribute it under certain conditions. For details, add the --help flag.
--> Number of energy files: # Number of files                 =    51
--> No. of states, no. of predefined off-diag elements: # Number of states                 =     2
# Number of off-diagonal elements =     0
--> Give kT & no, of pts to skip   & calculation mode: # kT                              = 0.592
# Number of data points to skip   =   100
# Only QQ interactions will be considered   =   0
--> Give number of gap-bins: # Number of gap-bins              =   100
--> Give minimum # pts/bin: # Minimum number of points per bin=    20
--> Give alpha for state  2:                                                    # Alpha for state  2              =  -520.50
--> Number of off-diagonal elements:# Number of off-diagonal elements =     1
#   i   j   A(i,j)  mu(i,j) eta(i,j) rxy0(i,j)
--> i, j, A_ij, mu_ij, eta_ij, r_xy0: #   1   2     30.00      0.00      0.00      0.00
--> linear combination of states defining reaction coord: # Linear combination co-efficients=  1.00 -1.00


# Part 0: Average energies for all states in all files
# file             state   pts   lambda    EQtot   EQbond  EQang   EQtor   EQimp    EQel   EQvdW  Eel_qq  EvdW_qq Eel_qp  EvdW_qp Eel_qw EvdW_qw Eqrstr
--> Name of file number   1:                                                     
# Energy files from Qdyn, version: 6.0.16 , git id=adc28a635c78993922188615a73366ace3402081                        
fep_050_1.000.en        1      1899  1.000000  -10029.67   -9781.23    12.29     9.32     0.00  -263.16    -6.89   -47.51     7.70   -14.85     0.40  -200.80   -15.00     0.00
fep_050_1.000.en        2      1899  0.000000   -9208.90   -9539.90   185.76     4.89     0.00  -339.72   480.07  -182.83   495.07    -9.63     0.44  -147.25   -15.44     0.00
--> Name of file number   2:                                                     
# Energy files from Qdyn, version: 6.0.16 , git id=adc28a635c78993922188615a73366ace3402081                        
fep_049_0.980.en        1      1899  0.980000  -10029.11   -9779.73    11.01     9.24     0.00  -260.77    -8.86   -53.47     8.93   -16.94     0.85  -190.36   -18.64     0.00
fep_049_0.980.en        2      1899  0.020000   -9490.13   -9732.72   167.29     4.53     0.00  -324.65   395.42  -171.61   413.64   -11.18     0.89  -141.86   -19.11     0.00
--> Name of file number   3:                                                     
# Energy files from Qdyn, version: 6.0.16 , git id=adc28a635c78993922188615a73366ace3402081                        
fep_048_0.960.en        1      1899  0.960000  -10021.91   -9778.19    10.64     9.40     0.00  -257.21    -6.55   -55.37    11.42   -15.75     0.73  -186.10   -18.70     0.00
fep_048_0.960.en        2      1899  0.040000   -9642.12   -9827.36   149.28     6.99     0.00  -316.22   345.18  -164.71   363.53   -10.06     0.78  -141.44   -19.12     0.00
--> Name of file number   4:                                                     
# Energy files from Qdyn, version: 6.0.16 , git id=adc28a635c78993922188615a73366ace3402081                        
fep_047_0.940.en        1      1899  0.940000  -10004.02   -9774.20    11.95     9.47     0.00  -247.08    -4.16   -58.02    15.37   -15.86     0.69  -173.20   -20.22     0.00
fep_047_0.940.en        2      1899  0.060000   -9759.53   -9913.10   149.02     6.65     0.00  -300.74   298.64  -155.02   318.60   -10.28     0.74  -135.45   -20.69     0.00
--> Name of file number   5:                                                     
# Energy files from Qdyn, version: 6.0.16 , git id=adc28a635c78993922188615a73366ace3402081                        
fep_046_0.920.en        1      1899  0.920000  -10003.06   -9769.55    10.26     9.46     0.00  -254.60     1.38   -55.90    20.38   -17.23     1.17  -181.48   -20.17     0.00
fep_046_0.920.en        2      1899  0.080000   -9897.50  -10006.96   142.43     5.56     0.00  -306.67   268.15  -149.18   287.59   -11.23     1.21  -146.26   -20.65     0.00
--> Name of file number   6:                                                     
# Energy files from Qdyn, version: 6.0.16 , git id=adc28a635c78993922188615a73366ace3402081                        
fep_000_0.900.en        1      1899  0.900000  -10007.96   -9764.70    11.02     9.54     0.00  -271.55     7.73   -50.93    26.26   -16.49     0.22  -204.13   -18.75     0.00
fep_000_0.900.en        2      1899  0.100000  -10028.08  -10104.48   136.68     5.99     0.00  -317.87   251.59  -137.50   270.52   -11.42     0.26  -168.95   -19.19     0.00
--> Name of file number   7:                                                     
# Energy files from Qdyn, version: 6.0.16 , git id=adc28a635c78993922188615a73366ace3402081                        
fep_001_0.880.en        1      1899  0.880000   -9975.56   -9757.47    11.04     9.76     0.00  -252.30    13.42   -56.47    33.17   -16.27     0.61  -179.56   -20.37     0.00
fep_001_0.880.en        2      1899  0.120000  -10126.33  -10190.94   127.60     6.76     0.00  -296.13   226.39  -136.61   246.54   -10.58     0.66  -148.95   -20.81     0.00
--> Name of file number   8:                                                     
# Energy files from Qdyn, version: 6.0.16 , git id=adc28a635c78993922188615a73366ace3402081                        
fep_002_0.860.en        1      1899  0.860000   -9963.84   -9747.20    11.70     9.51     0.00  -260.24    22.40   -56.78    41.52   -16.11     0.78  -187.36   -19.90     0.00
fep_002_0.860.en        2      1899  0.140000  -10272.09  -10304.59   114.77     7.24     0.00  -297.96   208.45  -131.85   227.98   -10.45     0.82  -155.67   -20.35     0.00
--> Name of file number   9:                                                     
# Energy files from Qdyn, version: 6.0.16 , git id=adc28a635c78993922188615a73366ace3402081                        
fep_003_0.840.en        1      1899  0.840000   -9941.39   -9734.51    13.05     9.67     0.00  -262.23    32.62   -57.71    51.12   -15.74     0.51  -188.78   -19.01     0.00
fep_003_0.840.en        2      1899  0.160000  -10408.04  -10416.65   104.97     6.29     0.00  -293.73   191.08  -124.93   209.96   -10.25     0.56  -158.55   -19.44     0.00
--> Name of file number  10:                                                     
# Energy files from Qdyn, version: 6.0.16 , git id=adc28a635c78993922188615a73366ace3402081                        
fep_004_0.820.en        1      1899  0.820000   -9903.95   -9719.10    15.49     9.61     0.00  -250.22    40.28   -56.79    58.40   -15.63     0.37  -177.80   -18.49     0.00
fep_004_0.820.en        2      1899  0.180000  -10512.78  -10500.94    94.79     8.65     0.00  -284.71   169.43  -126.89   187.96   -10.14     0.41  -147.69   -18.94     0.00
--> Name of file number  11:                                                     
# Energy files from Qdyn, version: 6.0.16 , git id=adc28a635c78993922188615a73366ace3402081                        
fep_005_0.800.en        1      1899  0.800000   -9878.25   -9700.57    17.39     9.40     0.00  -250.60    46.12   -56.98    65.36   -16.97     0.74  -176.65   -19.98     0.00
fep_005_0.800.en        2      1899  0.200000  -10632.83  -10579.03    81.41     6.15     0.00  -287.51   146.15  -124.82   165.80   -10.91     0.79  -151.78   -20.44     0.00
--> Name of file number  12:                                                     
# Energy files from Qdyn, version: 6.0.16 , git id=adc28a635c78993922188615a73366ace3402081                        
fep_006_0.780.en        1      1899  0.780000   -9853.89   -9680.00    19.17     9.47     0.00  -252.90    50.37   -60.43    69.77   -15.55     0.56  -176.92   -19.96     0.00
fep_006_0.780.en        2      1899  0.220000  -10736.01  -10638.37    63.50     6.89     0.00  -284.97   116.94  -120.71   136.73    -9.85     0.61  -154.41   -20.40     0.00
--> Name of file number  13:                                                     
# Energy files from Qdyn, version: 6.0.16 , git id=adc28a635c78993922188615a73366ace3402081                        
fep_007_0.760.en        1      1899  0.760000   -9829.05   -9662.97    21.35     9.35     0.00  -249.93    53.15   -62.21    72.57   -15.90     0.55  -171.81   -19.98     0.00
fep_007_0.760.en        2      1899  0.240000  -10814.07  -10685.60    48.45     6.21     0.00  -278.92    95.78  -120.94   115.65    -9.86     0.60  -148.12   -20.46     0.00
--> Name of file number  14:                                                     
# Energy files from Qdyn, version: 6.0.16 , git id=adc28a635c78993922188615a73366ace3402081                        
fep_008_0.740.en        1      1899  0.740000   -9815.37   -9648.44    23.97     9.05     0.00  -253.13    53.18   -63.61    73.87   -16.20     0.86  -173.32   -21.56     0.00
fep_008_0.740.en        2      1899  0.260000  -10880.57  -10722.23    38.19     4.66     0.00  -279.36    78.18  -117.21    99.29   -10.40     0.91  -151.75   -22.02     0.00
--> Name of file number  15:                                                     
# Energy files from Qdyn, version: 6.0.16 , git id=adc28a635c78993922188615a73366ace3402081                        
fep_009_0.720.en        1      1899  0.720000   -9797.64   -9636.52    25.00     9.22     0.00  -252.66    57.32   -64.75    75.97   -16.15     0.82  -171.76   -19.47     0.00
fep_009_0.720.en        2      1899  0.280000  -10925.86  -10742.82    29.16     4.21     0.00  -284.26    67.84  -115.38    86.90   -10.33     0.86  -158.55   -19.92     0.00
--> Name of file number  16:                                                     
# Energy files from Qdyn, version: 6.0.16 , git id=adc28a635c78993922188615a73366ace3402081                        
fep_010_0.700.en        1      1899  0.700000   -9788.25   -9606.61    26.78     9.30     0.00  -279.60    61.89   -63.99    78.61   -13.14    -0.05  -202.47   -16.67     0.00
fep_010_0.700.en        2      1899  0.300000  -10965.57  -10757.79    30.64     4.46     0.00  -295.74    52.87  -101.85    61.97    -8.54    -0.01  -185.35    -9.09     0.00
--> Name of file number  17:                                                     
# Energy files from Qdyn, version: 6.0.16 , git id=adc28a635c78993922188615a73366ace3402081                        
fep_011_0.680.en        1      1899  0.680000   -9771.96   -9573.22    28.68     9.66     0.00  -304.11    67.03   -64.78    81.67   -15.36     0.66  -223.97   -15.30     0.00
fep_011_0.680.en        2      1899  0.320000  -11007.72  -10770.42    25.42     3.18     0.00  -309.44    43.54   -89.14    41.99    -9.85     0.70  -210.44     0.85     0.00
--> Name of file number  18:                                                     
# Energy files from Qdyn, version: 6.0.16 , git id=adc28a635c78993922188615a73366ace3402081                        
fep_012_0.660.en        1      1899  0.660000   -9764.01   -9569.52    29.60     9.47     0.00  -300.43    66.87   -65.46    83.76   -14.47     0.19  -220.50   -17.08     0.00
fep_012_0.660.en        2      1899  0.340000  -11028.31  -10783.41    21.80     3.78     0.00  -307.74    37.25   -89.63    39.29    -9.20     0.24  -208.90    -2.28     0.00
--> Name of file number  19:                                                     
# Energy files from Qdyn, version: 6.0.16 , git id=adc28a635c78993922188615a73366ace3402081                        
fep_013_0.640.en        1      1899  0.640000   -9758.84   -9566.29    30.15     9.55     0.00  -301.43    69.18   -63.69    85.05   -13.73     0.12  -224.00   -15.99     0.00
fep_013_0.640.en        2      1899  0.360000  -11035.19  -10794.87    20.60     6.66     0.00  -305.14    37.57   -86.91    38.81    -8.72     0.17  -209.51    -1.41     0.00
--> Name of file number  20:                                                     
# Energy files from Qdyn, version: 6.0.16 , git id=adc28a635c78993922188615a73366ace3402081                        
fep_014_0.620.en        1      1899  0.620000   -9738.80   -9560.82    29.50    10.14     0.00  -288.94    71.32   -66.85    88.69   -13.33     0.15  -208.76   -17.51     0.00
fep_014_0.620.en        2      1899  0.380000  -11047.81  -10801.45    16.81     4.84     0.00  -299.69    31.68   -89.17    35.62    -8.17     0.20  -202.35    -4.14     0.00
--> Name of file number  21:                                                     
# Energy files from Qdyn, version: 6.0.16 , git id=adc28a635c78993922188615a73366ace3402081                        
fep_015_0.600.en        1      1899  0.600000   -9734.54   -9554.48    30.59     9.30     0.00  -294.25    74.30   -68.81    90.70   -15.49     0.39  -209.95   -16.79     0.00
fep_015_0.600.en        2      1899  0.400000  -11062.23  -10808.43    16.60     4.35     0.00  -305.64    30.89   -88.38    33.94    -9.19     0.44  -208.08    -3.49     0.00
--> Name of file number  22:                                                     
# Energy files from Qdyn, version: 6.0.16 , git id=adc28a635c78993922188615a73366ace3402081                        
fep_016_0.580.en        1      1899  0.580000   -9720.09   -9551.59    30.93    10.04     0.00  -285.52    76.05   -68.58    93.22   -16.13     0.83  -200.81   -18.00     0.00
fep_016_0.580.en        2      1899  0.420000  -11062.12  -10814.71    15.43     4.16     0.00  -295.55    28.54   -82.10    33.08    -9.62     0.87  -203.82    -5.42     0.00
--> Name of file number  23:                                                     
# Energy files from Qdyn, version: 6.0.16 , git id=adc28a635c78993922188615a73366ace3402081                        
fep_017_0.560.en        1      1899  0.560000   -9722.04   -9549.04    31.85     9.88     0.00  -292.40    77.67   -67.91    94.87   -15.58     0.50  -208.91   -17.71     0.00
fep_017_0.560.en        2      1899  0.440000  -11081.40  -10823.10    13.17     4.19     0.00  -300.88    25.20   -81.52    30.58    -9.48     0.55  -209.88    -5.92     0.00
--> Name of file number  24:                                                     
# Energy files from Qdyn, version: 6.0.16 , git id=adc28a635c78993922188615a73366ace3402081                        
fep_018_0.540.en        1      1899  0.540000   -9721.50   -9544.33    34.15     9.36     0.00  -298.87    78.19   -69.78    95.08   -15.34     0.37  -213.75   -17.26     0.00
fep_018_0.540.en        2      1899  0.460000  -11102.45  -10830.28    13.30     4.74     0.00  -313.66    23.45   -81.99    28.47    -9.08     0.42  -222.59    -5.44     0.00
--> Name of file number  25:                                                     
# Energy files from Qdyn, version: 6.0.16 , git id=adc28a635c78993922188615a73366ace3402081                        
fep_019_0.520.en        1      1899  0.520000   -9699.31   -9539.61    33.92     9.63     0.00  -283.54    80.30   -70.93    98.39   -14.59     0.35  -198.03   -18.43     0.00
fep_019_0.520.en        2      1899  0.480000  -11094.26  -10834.75    12.13     3.73     0.00  -297.02    21.64   -79.72    27.91    -8.85     0.39  -208.45    -6.66     0.00
--> Name of file number  26:                                                     
# Energy files from Qdyn, version: 6.0.16 , git id=adc28a635c78993922188615a73366ace3402081                        
fep_020_0.500.en        1      1899  0.500000   -9700.52   -9536.04    34.85    10.01     0.00  -294.00    84.66   -69.80   100.50   -14.16     0.32  -210.04   -16.17     0.00
fep_020_0.500.en        2      1899  0.500000  -11112.21  -10838.05    10.66     3.17     0.00  -310.94    22.94   -82.04    27.47    -9.07     0.37  -219.83    -4.90     0.00
--> Name of file number  27:                                                     
# Energy files from Qdyn, version: 6.0.16 , git id=adc28a635c78993922188615a73366ace3402081                        
fep_021_0.480.en        1      1899  0.480000   -9690.02   -9531.02    34.73    10.01     0.00  -288.28    84.54   -68.48   101.92   -15.71     0.55  -204.09   -17.93     0.00
fep_021_0.480.en        2      1899  0.520000  -11113.52  -10842.67     9.93     3.05     0.00  -303.54    19.71   -80.75    26.32    -9.92     0.59  -212.88    -7.20     0.00
--> Name of file number  28:                                                     
# Energy files from Qdyn, version: 6.0.16 , git id=adc28a635c78993922188615a73366ace3402081                        
fep_022_0.460.en        1      1899  0.460000   -9687.14   -9527.93    34.87     9.99     0.00  -291.21    87.14   -70.75   102.78   -15.75     0.51  -204.72   -16.15     0.00
fep_022_0.460.en        2      1899  0.540000  -11125.92  -10846.22     9.53     2.58     0.00  -310.48    18.68   -75.71    23.97   -10.28     0.55  -224.49    -5.84     0.00
--> Name of file number  29:                                                     
# Energy files from Qdyn, version: 6.0.16 , git id=adc28a635c78993922188615a73366ace3402081                        
fep_023_0.440.en        1      1899  0.440000   -9680.65   -9524.19    35.66     9.43     0.00  -290.42    88.86   -70.05   103.93   -16.52     0.50  -203.85   -15.56     0.00
fep_023_0.440.en        2      1899  0.560000  -11124.02  -10848.92     8.11     2.56     0.00  -302.92    17.15   -72.63    22.58   -10.59     0.54  -219.71    -5.97     0.00
--> Name of file number  30:                                                     
# Energy files from Qdyn, version: 6.0.16 , git id=adc28a635c78993922188615a73366ace3402081                        
fep_024_0.420.en        1      1899  0.420000   -9677.18   -9518.52    36.33    10.05     0.00  -294.84    89.79   -69.78   105.30   -15.08     0.24  -209.98   -15.74     0.00
fep_024_0.420.en        2      1899  0.580000  -11137.69  -10852.48     8.01     3.58     0.00  -312.68    15.87   -70.77    21.66   -10.01     0.28  -231.90    -6.06     0.00
--> Name of file number  31:                                                     
# Energy files from Qdyn, version: 6.0.16 , git id=adc28a635c78993922188615a73366ace3402081                        
fep_025_0.400.en        1      1899  0.400000   -9674.59   -9515.24    37.28    10.00     0.00  -297.70    91.07   -67.66   107.56   -15.32     0.32  -214.72   -16.82     0.00
fep_025_0.400.en        2      1899  0.600000  -11149.47  -10855.60     8.21     3.72     0.00  -319.96    14.15   -70.47    20.92   -10.11     0.37  -239.38    -7.14     0.00
--> Name of file number  32:                                                     
# Energy files from Qdyn, version: 6.0.16 , git id=adc28a635c78993922188615a73366ace3402081                        
fep_026_0.380.en        1      1899  0.380000   -9666.28   -9512.20    37.61     9.83     0.00  -294.85    93.33   -67.99   108.68   -14.93     0.32  -211.93   -15.68     0.00
fep_026_0.380.en        2      1899  0.620000  -11151.47  -10858.67     8.22     3.82     0.00  -318.41    13.58   -74.13    19.65    -9.89     0.37  -234.38    -6.44     0.00
--> Name of file number  33:                                                     
# Energy files from Qdyn, version: 6.0.16 , git id=adc28a635c78993922188615a73366ace3402081                        
fep_027_0.360.en        1      1899  0.360000   -9659.04   -9508.08    38.47    10.01     0.00  -292.72    93.28   -67.30   110.61   -15.57     0.35  -209.85   -17.68     0.00
fep_027_0.360.en        2      1899  0.640000  -11149.90  -10860.62     7.67     3.08     0.00  -312.16    12.12   -73.37    20.11   -10.51     0.40  -228.27    -8.38     0.00
--> Name of file number  34:                                                     
# Energy files from Qdyn, version: 6.0.16 , git id=adc28a635c78993922188615a73366ace3402081                        
fep_028_0.340.en        1      1899  0.340000   -9652.91   -9507.75    39.05     9.98     0.00  -289.24    95.05   -65.08   112.63   -14.10     0.14  -210.06   -17.72     0.00
fep_028_0.340.en        2      1899  0.660000  -11150.47  -10862.71     8.71     3.55     0.00  -310.52    10.49   -71.11    19.40    -9.85     0.18  -229.55    -9.09     0.00
--> Name of file number  35:                                                     
# Energy files from Qdyn, version: 6.0.16 , git id=adc28a635c78993922188615a73366ace3402081                        
fep_029_0.320.en        1      1899  0.320000   -9643.35   -9499.08    39.75    10.08     0.00  -290.37    96.26   -64.08   113.71   -15.17     0.22  -211.11   -17.67     0.00
fep_029_0.320.en        2      1899  0.680000  -11150.53  -10864.18     7.96     3.21     0.00  -306.76     9.23   -67.25    17.70   -10.31     0.26  -229.20    -8.73     0.00
--> Name of file number  36:                                                     
# Energy files from Qdyn, version: 6.0.16 , git id=adc28a635c78993922188615a73366ace3402081                        
fep_030_0.300.en        1      1899  0.300000   -9643.50   -9496.27    40.76    11.63     0.00  -299.08    99.45   -66.57   114.75   -14.94     0.08  -217.56   -15.38     0.00
fep_030_0.300.en        2      1899  0.700000  -11163.62  -10866.16     8.73     3.56     0.00  -319.49     9.75   -67.66    16.71   -10.10     0.13  -241.72    -7.08     0.00
--> Name of file number  37:                                                     
# Energy files from Qdyn, version: 6.0.16 , git id=adc28a635c78993922188615a73366ace3402081                        
fep_031_0.280.en        1      1899  0.280000   -9635.85   -9491.65    40.65     9.73     0.00  -293.10    98.52   -66.33   116.61   -14.85     0.07  -211.92   -18.16     0.00
fep_031_0.280.en        2      1899  0.720000  -11162.84  -10868.23     7.50     2.88     0.00  -312.34     7.35   -70.38    17.41    -9.86     0.12  -232.10   -10.19     0.00
--> Name of file number  38:                                                     
# Energy files from Qdyn, version: 6.0.16 , git id=adc28a635c78993922188615a73366ace3402081                        
fep_032_0.260.en        1      1899  0.260000   -9625.66   -9487.88    41.13    13.38     0.00  -292.39   100.09   -69.29   117.61   -14.30     0.00  -208.80   -17.52     0.00
fep_032_0.260.en        2      1899  0.740000  -11169.34  -10869.91     7.46     3.05     0.00  -317.75     7.82   -65.23    16.99    -9.70     0.05  -242.83    -9.22     0.00
--> Name of file number  39:                                                     
# Energy files from Qdyn, version: 6.0.16 , git id=adc28a635c78993922188615a73366ace3402081                        
fep_033_0.240.en        1      1899  0.240000   -9621.52   -9486.39    41.84    15.48     0.00  -296.18   103.72   -69.86   118.87   -15.06    -0.15  -211.26   -15.01     0.00
fep_033_0.240.en        2      1899  0.760000  -11174.82  -10871.84     7.69     2.94     0.00  -321.84     8.23   -67.09    15.64   -10.30    -0.11  -244.45    -7.29     0.00
--> Name of file number  40:                                                     
# Energy files from Qdyn, version: 6.0.16 , git id=adc28a635c78993922188615a73366ace3402081                        
fep_034_0.220.en        1      1899  0.220000   -9609.05   -9477.68    41.71    14.37     0.00  -289.74   102.28   -70.38   119.33   -13.64    -0.37  -205.72   -16.68     0.00
fep_034_0.220.en        2      1899  0.780000  -11174.54  -10872.85     6.49     3.02     0.00  -316.26     5.06   -65.76    14.19    -9.44    -0.33  -241.06    -8.80     0.00
--> Name of file number  41:                                                     
# Energy files from Qdyn, version: 6.0.16 , git id=adc28a635c78993922188615a73366ace3402081                        
fep_035_0.200.en        1      1899  0.200000   -9621.69   -9459.72    45.14    13.49     0.00  -322.56   101.96   -70.21   120.30   -13.01    -0.27  -239.34   -18.07     0.00
fep_035_0.200.en        2      1899  0.800000  -11191.66  -10873.68     7.37     2.95     0.00  -332.00     3.69   -51.64    13.81    -8.98    -0.22  -271.38    -9.89     0.00
--> Name of file number  42:                                                     
# Energy files from Qdyn, version: 6.0.16 , git id=adc28a635c78993922188615a73366ace3402081                        
fep_036_0.180.en        1      1899  0.180000   -9622.94   -9447.78    43.62    13.75     0.00  -335.12   102.59   -66.67   121.37   -12.55    -0.66  -255.90   -18.12     0.00
fep_036_0.180.en        2      1899  0.820000  -11194.73  -10875.08     7.44     2.75     0.00  -331.17     1.33   -44.06    12.41    -9.12    -0.62  -277.99   -10.46     0.00
--> Name of file number  43:                                                     
# Energy files from Qdyn, version: 6.0.16 , git id=adc28a635c78993922188615a73366ace3402081                        
fep_037_0.160.en        1      1899  0.160000   -9626.64   -9447.34    42.97    14.10     0.00  -341.53   105.17   -64.09   123.23   -13.00    -0.58  -264.44   -17.49     0.00
fep_037_0.160.en        2      1899  0.840000  -11205.74  -10875.79     6.67     3.02     0.00  -342.19     2.56   -42.14    12.74    -9.66    -0.53  -290.39    -9.65     0.00
--> Name of file number  44:                                                     
# Energy files from Qdyn, version: 6.0.16 , git id=adc28a635c78993922188615a73366ace3402081                        
fep_038_0.140.en        1      1899  0.140000   -9625.73   -9441.48    44.18    14.48     0.00  -350.86   107.95   -64.72   124.42   -13.69    -0.58  -272.45   -15.89     0.00
fep_038_0.140.en        2      1899  0.860000  -11216.07  -10876.62     6.59     2.60     0.00  -351.11     2.47   -40.42    11.44    -9.23    -0.53  -301.46    -8.44     0.00
--> Name of file number  45:                                                     
# Energy files from Qdyn, version: 6.0.16 , git id=adc28a635c78993922188615a73366ace3402081                        
fep_039_0.120.en        1      1899  0.120000   -9607.63   -9438.24    47.27    16.44     0.00  -344.58   111.48   -65.38   126.85   -14.11    -0.13  -265.08   -15.25     0.00
fep_039_0.120.en        2      1899  0.880000  -11209.58  -10877.04     6.90     2.65     0.00  -345.69     3.60   -41.64    12.03    -9.63    -0.08  -294.42    -8.35     0.00
--> Name of file number  46:                                                     
# Energy files from Qdyn, version: 6.0.16 , git id=adc28a635c78993922188615a73366ace3402081                        
fep_040_0.100.en        1      1899  0.100000   -9609.47   -9432.34    48.51    14.26     0.00  -351.97   112.07   -64.10   128.22   -13.13    -0.44  -274.73   -15.71     0.00
fep_040_0.100.en        2      1899  0.900000  -11216.92  -10876.89     6.86     2.74     0.00  -353.11     3.48   -38.71    12.04    -9.44    -0.39  -304.96    -8.17     0.00
--> Name of file number  47:                                                     
# Energy files from Qdyn, version: 6.0.16 , git id=adc28a635c78993922188615a73366ace3402081                        
fep_041_0.080.en        1      1899  0.080000   -9603.22   -9428.39    51.25    11.65     0.00  -349.42   111.69   -67.98   129.19   -15.13     0.20  -266.31   -17.70     0.00
fep_041_0.080.en        2      1899  0.920000  -11227.76  -10877.39     6.23     2.70     0.00  -360.46     1.16   -39.86    11.65   -10.23     0.24  -310.37   -10.73     0.00
--> Name of file number  48:                                                     
# Energy files from Qdyn, version: 6.0.16 , git id=adc28a635c78993922188615a73366ace3402081                        
fep_042_0.060.en        1      1899  0.060000   -9590.77   -9424.07    49.40    11.76     0.00  -339.83   111.98   -67.77   131.87   -14.14    -0.12  -257.92   -19.78     0.00
fep_042_0.060.en        2      1899  0.940000  -11220.44  -10877.87     6.75     2.52     0.00  -350.36    -1.48   -40.13    11.71    -9.49    -0.08  -300.74   -13.12     0.00
--> Name of file number  49:                                                     
# Energy files from Qdyn, version: 6.0.16 , git id=adc28a635c78993922188615a73366ace3402081                        
fep_043_0.040.en        1      1899  0.040000   -9574.57   -9413.50    51.73    17.86     0.00  -343.61   112.95   -69.14   133.22   -15.15    -0.13  -259.32   -20.14     0.00
fep_043_0.040.en        2      1899  0.960000  -11223.56  -10878.55     5.95     2.45     0.00  -350.47    -2.94   -35.91    10.91   -10.20    -0.09  -304.35   -13.76     0.00
--> Name of file number  50:                                                     
# Energy files from Qdyn, version: 6.0.16 , git id=adc28a635c78993922188615a73366ace3402081                        
fep_044_0.020.en        1      1899  0.020000   -9571.12   -9389.95    55.04    19.37     0.00  -374.69   119.11   -67.22   135.32   -15.03    -0.43  -292.44   -15.77     0.00
fep_044_0.020.en        2      1899  0.980000  -11231.70  -10878.60     7.02     2.56     0.00  -363.59     0.92   -23.64    10.12   -10.88    -0.39  -329.06    -8.81     0.00
--> Name of file number  51:                                                     
# Energy files from Qdyn, version: 6.0.16 , git id=adc28a635c78993922188615a73366ace3402081                        
fep_045_0.000.en        1      1899  0.000000   -9575.17   -9386.07    51.88    13.87     0.00  -376.89   122.03   -60.15   137.76   -15.63    -0.21  -301.11   -15.52     0.00
fep_045_0.000.en        2      1899  1.000000  -11235.78  -10879.48     6.98     3.07     0.00  -367.62     1.27   -18.29     9.74   -11.34    -0.18  -337.99    -8.29     0.00


# Part 1: Free energy perturbation summary:

# Calculation for full system
# lambda(1)      dGf sum(dGf)      dGr sum(dGr)     <dG>
   1.000000     0.000     0.000    -2.535  1660.949     0.000
   0.980000     2.339     2.339     1.542  1663.484     2.437
   0.960000    -1.365     0.975     4.372  1661.942     0.984
   0.940000    -4.024    -3.049     7.229  1657.570    -3.214
   0.920000    -6.883    -9.932     9.726  1650.340   -10.270
   0.900000    -9.302   -19.234    11.916  1640.614   -19.784
   0.880000   -12.605   -31.839    14.986  1628.698   -32.045
   0.860000   -14.970   -46.809    18.762  1613.712   -47.023
   0.840000   -18.127   -64.936    21.124  1594.950   -65.468
   0.820000   -20.856   -85.792    23.708  1573.825   -86.458
   0.800000   -23.892  -109.685    26.567  1550.118  -110.258
   0.780000   -27.322  -137.006    28.988  1523.551  -137.202
   0.760000   -29.273  -166.279    31.129  1494.562  -166.333
   0.740000   -30.868  -197.147    32.413  1463.433  -197.331
   0.720000   -32.242  -229.389    33.289  1431.020  -229.659
   0.700000   -33.532  -262.921    34.627  1397.731  -263.069
   0.680000   -34.621  -297.542    35.312  1363.104  -297.693
   0.660000   -35.570  -333.112    35.556  1327.792  -333.134
   0.640000   -36.094  -369.206    36.276  1292.236  -368.959
   0.620000   -36.316  -405.522    36.651  1255.960  -405.255
   0.600000   -36.900  -442.422    36.949  1219.309  -442.031
   0.580000   -37.273  -479.695    37.327  1182.359  -479.142
   0.560000   -37.549  -517.244    37.846  1145.032  -516.580
   0.540000   -37.855  -555.099    38.174  1107.186  -554.431
   0.520000   -38.204  -593.303    38.507  1069.012  -592.620
   0.500000   -38.446  -631.749    38.701  1030.505  -631.096
   0.480000   -38.780  -670.529    39.025   991.804  -669.837
   0.460000   -39.053  -709.582    39.106   952.779  -708.876
   0.440000   -39.342  -748.924    39.458   913.673  -748.100
   0.420000   -39.446  -788.369    39.767   874.215  -787.551
   0.400000   -39.773  -828.143    39.991   834.448  -827.322
   0.380000   -40.049  -868.192    40.100   794.456  -867.342
   0.360000   -40.239  -908.431    40.206   754.357  -907.511
   0.340000   -40.356  -948.786    40.410   714.151  -947.792
   0.320000   -40.510  -989.296    40.651   673.741  -988.252
   0.300000   -40.694 -1029.990    40.801   633.090 -1028.924
   0.280000   -40.974 -1070.963    41.125   592.288 -1069.812
   0.260000   -41.107 -1112.070    41.353   551.164 -1110.928
   0.240000   -41.449 -1153.519    41.602   509.811 -1152.328
   0.220000   -41.599 -1195.118    41.663   468.209 -1193.929
   0.200000   -41.838 -1236.955    41.740   426.546 -1235.679
   0.180000   -41.962 -1278.917    41.886   384.806 -1277.530
   0.160000   -41.950 -1320.867    42.103   342.919 -1319.448
   0.140000   -42.099 -1362.966    42.352   300.816 -1361.549
   0.120000   -42.328 -1405.293    42.441   258.464 -1403.889
   0.100000   -42.546 -1447.839    42.767   216.024 -1446.382
   0.080000   -42.681 -1490.520    42.908   173.257 -1489.106
   0.060000   -43.037 -1533.557    43.290   130.349 -1532.078
   0.040000   -43.097 -1576.653    43.516    87.059 -1575.271
   0.020000   -43.490 -1620.143    43.543    43.543 -1618.774
   0.000000   -43.734 -1663.877     0.000     0.000 -1662.413

# Min energy-gap is:   -708.43
# Max energy-gap is:   2238.65



# Part 2: Reaction free energy summary:
# Lambda(1)  bin Energy gap      dGa     dGb     dGg    # pts    c1**2    c2**2
   1.000000    6    -546.34       0.00     534.42      -1.64     25     0.997     0.003
   1.000000    7    -516.87       0.00     503.99      -1.74     39     0.997     0.003
   1.000000    8    -487.40       0.00     475.10      -1.84     39     0.996     0.004
   1.000000    9    -457.93       0.00     445.03      -1.97     54     0.996     0.004
   1.000000   10    -428.46       0.00     416.25      -2.09     77     0.995     0.005
   1.000000   11    -398.99       0.00     386.46      -2.24    125     0.994     0.006
   1.000000   12    -369.52       0.00     357.26      -2.43    159     0.993     0.007
   1.000000   13    -340.05       0.00     327.75      -2.63    206     0.992     0.008
   1.000000   14    -310.58       0.00     298.03      -2.88    211     0.991     0.009
   1.000000   15    -281.10       0.00     268.75      -3.17    206     0.989     0.011
   1.000000   16    -251.63       0.00     239.18      -3.55    200     0.986     0.014
   1.000000   17    -222.16       0.00     210.06      -3.98    153     0.983     0.017
   1.000000   18    -192.69       0.00     180.38      -4.60    122     0.977     0.023
   1.000000   19    -163.22       0.00     151.27      -5.36     86     0.970     0.030
   1.000000   20    -133.75       0.00     121.86      -6.46     70     0.957     0.043
   1.000000   21    -104.28       0.00      91.75      -8.25     46     0.935     0.065
   0.980000   18    -192.69      -1.36     178.40      -6.00     23     0.976     0.024
   0.980000   19    -163.22      -0.84     149.77      -6.20     45     0.969     0.031
   0.980000   20    -133.75      -0.23     120.95      -6.77    102     0.955     0.045
   0.980000   21    -104.28       0.34      93.27      -7.86    160     0.932     0.068
   0.980000   22     -74.81       0.92      63.66     -10.15    251     0.888     0.112
   0.980000   23     -45.34       1.50      34.78     -15.02    256     0.800     0.200
   0.980000   24     -15.87       2.10       5.70     -25.25    257     0.623     0.377
   0.980000   25      13.60       2.68     -22.88     -42.20    243     0.396     0.604
   0.980000   26      43.07       3.26     -51.81     -64.67    193     0.215     0.785
   0.980000   27      72.54       3.87     -80.74     -90.13    163     0.115     0.885
   0.980000   28     102.02       4.44    -109.68    -116.96    113     0.070     0.930
   0.980000   29     131.49       5.00    -138.74    -144.66     55     0.047     0.953
   0.960000   24     -15.87       0.31       4.09     -27.01     23     0.613     0.387
   0.960000   25      13.60       1.47     -24.11     -43.31     37     0.384     0.616
   0.960000   26      43.07       2.75     -52.45     -65.30    103     0.198     0.802
   0.960000   27      72.54       3.85     -80.61     -89.96    223     0.114     0.886
   0.960000   28     102.02       4.97    -108.59    -115.88    289     0.070     0.930
   0.960000   29     131.49       6.17    -137.10    -143.04    328     0.045     0.955
   0.960000   30     160.96       7.33    -165.63    -170.63    319     0.032     0.968
   0.960000   31     190.43       8.46    -193.28    -197.59    281     0.024     0.976
   0.960000   32     219.90       9.59    -221.70    -225.49    177     0.018     0.982
   0.960000   33     249.37      10.77    -250.34    -253.71     63     0.014     0.986
   0.960000   34     278.84      11.96    -277.74    -280.79     39     0.011     0.989
   0.940000   29     131.49       4.59    -138.88    -144.81     27     0.044     0.956
   0.940000   30     160.96       6.67    -166.57    -171.57     61     0.029     0.971
   0.940000   31     190.43       8.08    -193.82    -198.13    131     0.023     0.977
   0.940000   32     219.90       9.80    -221.49    -225.28    266     0.018     0.982
   0.940000   33     249.37      11.58    -249.19    -252.56    331     0.014     0.986
   0.940000   34     278.84      13.31    -276.93    -279.97    365     0.011     0.989
   0.940000   35     308.31      14.99    -304.55    -307.32    291     0.009     0.991
   0.940000   36     337.78      16.80    -332.00    -334.54    213     0.008     0.992
   0.940000   37     367.25      18.55    -359.71    -362.06    116     0.007     0.993
   0.940000   38     396.72      20.24    -387.41    -389.59     55     0.006     0.994
   0.940000   39     426.19      22.14    -414.89    -416.93     27     0.005     0.995
   0.920000   34     278.84      11.82    -278.11    -281.15     35     0.011     0.989
   0.920000   35     308.31      14.02    -305.82    -308.58     70     0.009     0.991
   0.920000   36     337.78      16.52    -332.76    -335.30    168     0.008     0.992
   0.920000   37     367.25      18.83    -359.58    -361.92    253     0.007     0.993
   0.920000   38     396.72      21.13    -386.52    -388.70    356     0.006     0.994
   0.920000   39     426.19      23.50    -413.87    -415.90    372     0.005     0.995
   0.920000   40     455.66      25.77    -440.26    -442.17    327     0.004     0.996
   0.920000   41     485.14      28.13    -467.51    -469.30    185     0.004     0.996
   0.920000   42     514.61      30.35    -494.80    -496.49     97     0.003     0.997
   0.920000   43     544.08      32.70    -521.31    -522.92     23     0.003     0.997
   0.900000   39     426.19      22.51    -414.82    -416.85     54     0.005     0.995
   0.900000   40     455.66      25.34    -441.08    -442.99    126     0.004     0.996
   0.900000   41     485.14      28.36    -467.81    -469.61    227     0.004     0.996
   0.900000   42     514.61      31.20    -493.81    -495.51    405     0.003     0.997
   0.900000   43     544.08      34.10    -520.57    -522.17    395     0.003     0.997
   0.900000   44     573.55      37.05    -547.02    -548.55    332     0.003     0.997
   0.900000   45     603.02      39.91    -573.17    -574.63    174     0.002     0.998
   0.900000   46     632.49      42.67    -600.09    -601.48     76     0.002     0.998
   0.900000   47     661.96      45.70    -626.03    -627.36     49     0.002     0.998
   0.900000   48     691.43      48.81    -650.28    -651.56     21     0.002     0.998
   0.880000   42     514.61      29.28    -496.16    -497.85     24     0.003     0.997
   0.880000   43     544.08      32.70    -521.45    -523.06     67     0.003     0.997
   0.880000   44     573.55      36.24    -547.37    -548.90    117     0.003     0.997
   0.880000   45     603.02      39.70    -573.45    -574.91    208     0.002     0.998
   0.880000   46     632.49      43.21    -599.36    -600.75    277     0.002     0.998
   0.880000   47     661.96      46.66    -625.29    -626.62    312     0.002     0.998
   0.880000   48     691.43      50.19    -651.35    -652.63    289     0.002     0.998
   0.880000   49     720.90      53.65    -676.87    -678.09    226     0.002     0.998
   0.880000   50     750.37      57.22    -702.90    -704.08    155     0.002     0.998
   0.880000   51     779.84      60.77    -728.80    -729.93    131     0.001     0.999
   0.880000   52     809.31      64.22    -752.84    -753.93     59     0.001     0.999
   0.860000   47     661.96      44.72    -626.56    -627.89     20     0.002     0.998
   0.860000   48     691.43      49.22    -652.41    -653.69     55     0.002     0.998
   0.860000   49     720.90      53.14    -677.44    -678.67    115     0.002     0.998
   0.860000   50     750.37      57.08    -703.16    -704.33    182     0.002     0.998
   0.860000   51     779.84      61.40    -728.09    -729.22    214     0.001     0.999
   0.860000   52     809.31      65.47    -753.10    -754.20    283     0.001     0.999
   0.860000   53     838.78      69.53    -778.56    -779.61    327     0.001     0.999
   0.860000   54     868.26      73.63    -804.09    -805.11    243     0.001     0.999
   0.860000   55     897.73      77.71    -828.84    -829.82    216     0.001     0.999
   0.860000   56     927.20      81.74    -854.56    -855.51    123     0.001     0.999
   0.860000   57     956.67      85.95    -879.22    -880.15     73     0.001     0.999
   0.860000   58     986.14      89.98    -904.84    -905.74     23     0.001     0.999
   0.840000   54     868.26      72.64    -805.45    -806.47     45     0.001     0.999
   0.840000   55     897.73      77.14    -829.18    -830.17    127     0.001     0.999
   0.840000   56     927.20      81.82    -854.49    -855.44    275     0.001     0.999
   0.840000   57     956.67      86.54    -879.45    -880.37    375     0.001     0.999
   0.840000   58     986.14      91.14    -903.92    -904.82    291     0.001     0.999
   0.840000   59    1015.61      95.80    -928.53    -929.40    278     0.001     0.999
   0.840000   60    1045.08     100.57    -953.45    -954.30    274     0.001     0.999
   0.840000   61    1074.55     105.23    -977.93    -978.76    147     0.001     0.999
   0.840000   62    1104.02     109.81   -1002.66   -1003.46     54     0.001     0.999
   0.840000   63    1133.49     114.38   -1026.92   -1027.70     21     0.001     0.999
   0.820000   59    1015.61      95.16    -929.03    -929.90     75     0.001     0.999
   0.820000   60    1045.08     100.58    -953.34    -954.19    167     0.001     0.999
   0.820000   61    1074.55     105.62    -977.75    -978.58    229     0.001     0.999
   0.820000   62    1104.02     111.01   -1001.74   -1002.55    289     0.001     0.999
   0.820000   63    1133.49     116.26   -1025.98   -1026.76    356     0.001     0.999
   0.820000   64    1162.96     121.46   -1049.94   -1050.71    328     0.001     0.999
   0.820000   65    1192.43     126.75   -1073.90   -1074.65    230     0.001     0.999
   0.820000   66    1221.90     132.05   -1097.55   -1098.27    100     0.001     0.999
   0.820000   67    1251.38     137.40   -1122.35   -1123.06     46     0.001     0.999
   0.820000   68    1280.85     142.42   -1145.19   -1145.89     32     0.001     0.999
   0.800000   62    1104.02     109.43   -1003.21   -1004.02     20     0.001     0.999
   0.800000   63    1133.49     115.18   -1025.94   -1026.72     54     0.001     0.999
   0.800000   64    1162.96     120.79   -1050.13   -1050.90    116     0.001     0.999
   0.800000   65    1192.43     126.80   -1073.82   -1074.56    174     0.001     0.999
   0.800000   66    1221.90     132.50   -1097.68   -1098.41    251     0.001     0.999
   0.800000   67    1251.38     138.49   -1121.12   -1121.83    281     0.001     0.999
   0.800000   68    1280.85     144.31   -1144.43   -1145.13    254     0.001     0.999
   0.800000   69    1310.32     150.12   -1168.26   -1168.94    232     0.001     0.999
   0.800000   70    1339.79     156.05   -1191.41   -1192.08    196     0.001     0.999
   0.800000   71    1369.26     161.80   -1215.19   -1215.84    136     0.000     1.000
   0.800000   72    1398.73     167.79   -1239.14   -1239.77     91     0.000     1.000
   0.800000   73    1428.20     173.46   -1262.07   -1262.70     47     0.000     1.000
   0.800000   74    1457.67     179.56   -1285.73   -1286.35     34     0.000     1.000
   0.780000   67    1251.38     136.67   -1123.08   -1123.79     39     0.001     0.999
   0.780000   68    1280.85     143.10   -1145.71   -1146.41     72     0.001     0.999
   0.780000   69    1310.32     149.23   -1168.82   -1169.50    121     0.001     0.999
   0.780000   70    1339.79     155.75   -1191.83   -1192.50    188     0.001     0.999
   0.780000   71    1369.26     162.28   -1214.38   -1215.03    281     0.000     1.000
   0.780000   72    1398.73     168.66   -1237.64   -1238.28    321     0.000     1.000
   0.780000   73    1428.20     175.10   -1260.54   -1261.17    289     0.000     1.000
   0.780000   74    1457.67     181.61   -1283.72   -1284.33    276     0.000     1.000
   0.780000   75    1487.14     188.17   -1306.30   -1306.90    185     0.000     1.000
   0.780000   76    1516.61     194.68   -1329.04   -1329.63     72     0.000     1.000
   0.780000   77    1546.08     200.95   -1350.23   -1350.81     30     0.000     1.000
   0.760000   71    1369.26     160.90   -1216.03   -1216.68     21     0.000     1.000
   0.760000   72    1398.73     167.54   -1238.24   -1238.88     59     0.000     1.000
   0.760000   73    1428.20     174.58   -1261.20   -1261.83    123     0.000     1.000
   0.760000   74    1457.67     181.58   -1283.35   -1283.96    253     0.000     1.000
   0.760000   75    1487.14     188.57   -1305.74   -1306.34    397     0.000     1.000
   0.760000   76    1516.61     195.52   -1328.05   -1328.64    424     0.000     1.000
   0.760000   77    1546.08     202.49   -1350.52   -1351.10    368     0.000     1.000
   0.760000   78    1575.55     209.48   -1372.41   -1372.98    181     0.000     1.000
   0.760000   79    1605.02     216.56   -1394.74   -1395.30     51     0.000     1.000
   0.740000   75    1487.14     187.45   -1306.86   -1307.45     44     0.000     1.000
   0.740000   76    1516.61     195.03   -1328.65   -1329.24    141     0.000     1.000
   0.740000   77    1546.08     202.50   -1350.20   -1350.78    335     0.000     1.000
   0.740000   78    1575.55     210.11   -1372.11   -1372.67    505     0.000     1.000
   0.740000   79    1605.02     217.56   -1393.68   -1394.23    452     0.000     1.000
   0.740000   80    1634.50     225.11   -1415.46   -1416.00    301     0.000     1.000
   0.740000   81    1663.97     232.76   -1436.50   -1437.04    101     0.000     1.000
   0.720000   77    1546.08     201.67   -1351.70   -1352.27     24     0.000     1.000
   0.720000   78    1575.55     209.14   -1372.95   -1373.52    135     0.000     1.000
   0.720000   79    1605.02     217.39   -1393.97   -1394.52    361     0.000     1.000
   0.720000   80    1634.50     225.41   -1414.95   -1415.50    462     0.000     1.000
   0.720000   81    1663.97     233.78   -1436.16   -1436.70    410     0.000     1.000
   0.720000   82    1693.44     241.97   -1457.15   -1457.68    328     0.000     1.000
   0.720000   83    1722.91     249.87   -1478.04   -1478.56    162     0.000     1.000
   0.700000   79    1605.02     216.05   -1394.96   -1395.51     79     0.000     1.000
   0.700000   80    1634.50     224.83   -1415.72   -1416.27    217     0.000     1.000
   0.700000   81    1663.97     233.54   -1436.11   -1436.65    345     0.000     1.000
   0.700000   82    1693.44     242.14   -1456.66   -1457.19    461     0.000     1.000
   0.700000   83    1722.91     250.77   -1477.09   -1477.60    393     0.000     1.000
   0.700000   84    1752.38     259.66   -1497.96   -1498.47    256     0.000     1.000
   0.700000   85    1781.85     268.57   -1518.44   -1518.94    117     0.000     1.000
   0.680000   81    1663.97     233.36   -1437.00   -1437.54     39     0.000     1.000
   0.680000   82    1693.44     241.40   -1457.49   -1458.01    185     0.000     1.000
   0.680000   83    1722.91     250.64   -1477.23   -1477.75    390     0.000     1.000
   0.680000   84    1752.38     260.05   -1497.12   -1497.62    514     0.000     1.000
   0.680000   85    1781.85     269.50   -1517.27   -1517.77    460     0.000     1.000
   0.680000   86    1811.32     278.88   -1536.87   -1537.36    269     0.000     1.000
   0.680000   87    1840.79     287.74   -1551.55   -1552.03     39     0.000     1.000
   0.660000   83    1722.91     249.76   -1478.28   -1478.79    156     0.000     1.000
   0.660000   84    1752.38     259.56   -1497.47   -1497.98    463     0.000     1.000
   0.660000   85    1781.85     269.23   -1516.85   -1517.35    538     0.000     1.000
   0.660000   86    1811.32     279.19   -1536.10   -1536.59    465     0.000     1.000
   0.660000   87    1840.79     289.12   -1555.25   -1555.74    228     0.000     1.000
   0.660000   88    1870.26     299.04   -1570.75   -1571.23     34     0.000     1.000
   0.640000   83    1722.91     249.41   -1479.21   -1479.73     70     0.000     1.000
   0.640000   84    1752.38     258.76   -1498.08   -1498.59    348     0.000     1.000
   0.640000   85    1781.85     269.06   -1516.85   -1517.35    532     0.000     1.000
   0.640000   86    1811.32     279.48   -1535.47   -1535.96    528     0.000     1.000
   0.640000   87    1840.79     290.01   -1554.07   -1554.56    336     0.000     1.000
   0.640000   88    1870.26     300.21   -1571.83   -1572.31     79     0.000     1.000
   0.620000   84    1752.38     260.91   -1499.57   -1500.08     31     0.000     1.000
   0.620000   85    1781.85     268.86   -1517.42   -1517.92    276     0.000     1.000
   0.620000   86    1811.32     279.27   -1535.37   -1535.86    567     0.000     1.000
   0.620000   87    1840.79     290.34   -1553.60   -1554.09    584     0.000     1.000
   0.620000   88    1870.26     301.44   -1571.55   -1572.02    381     0.000     1.000
   0.620000   89    1899.73     312.24   -1586.63   -1587.11     58     0.000     1.000
   0.600000   85    1781.85     268.03   -1518.54   -1519.04     92     0.000     1.000
   0.600000   86    1811.32     278.85   -1535.89   -1536.39    399     0.000     1.000
   0.600000   87    1840.79     290.21   -1553.20   -1553.69    610     0.000     1.000
   0.600000   88    1870.26     301.94   -1570.86   -1571.34    551     0.000     1.000
   0.600000   89    1899.73     313.36   -1588.36   -1588.83    229     0.000     1.000
   0.580000   85    1781.85     268.27   -1519.93   -1520.43     24     0.000     1.000
   0.580000   86    1811.32     278.07   -1536.55   -1537.05    194     0.000     1.000
   0.580000   87    1840.79     289.68   -1553.51   -1554.00    589     0.000     1.000
   0.580000   88    1870.26     301.94   -1570.42   -1570.90    621     0.000     1.000
   0.580000   89    1899.73     314.18   -1587.12   -1587.59    394     0.000     1.000
   0.580000   90    1929.20     326.19   -1602.76   -1603.22     74     0.000     1.000
   0.560000   86    1811.32     278.13   -1537.64   -1538.13     45     0.000     1.000
   0.560000   87    1840.79     289.14   -1553.98   -1554.47    337     0.000     1.000
   0.560000   88    1870.26     301.73   -1570.23   -1570.71    694     0.000     1.000
   0.560000   89    1899.73     314.61   -1586.46   -1586.93    597     0.000     1.000
   0.560000   90    1929.20     327.40   -1601.97   -1602.43    206     0.000     1.000
   0.540000   87    1840.79     289.81   -1555.20   -1555.69     48     0.000     1.000
   0.540000   88    1870.26     301.60   -1570.67   -1571.15    427     0.000     1.000
   0.540000   89    1899.73     314.70   -1586.33   -1586.81    850     0.000     1.000
   0.540000   90    1929.20     327.83   -1601.60   -1602.06    524     0.000     1.000
   0.540000   91    1958.67     340.97   -1617.70   -1618.16     50     0.000     1.000
   0.520000   88    1870.26     303.42   -1571.58   -1572.06    130     0.000     1.000
   0.520000   89    1899.73     314.42   -1586.34   -1586.81    789     0.000     1.000
   0.520000   90    1929.20     328.03   -1601.19   -1601.65    822     0.000     1.000
   0.520000   91    1958.67     341.67   -1615.02   -1615.47    154     0.000     1.000
   0.500000   89    1899.73     313.89   -1586.81   -1587.28    353     0.000     1.000
   0.500000   90    1929.20     328.13   -1601.16   -1601.62    991     0.000     1.000
   0.500000   91    1958.67     342.42   -1615.28   -1615.74    512     0.000     1.000
   0.500000   92    1988.14     356.76   -1622.80   -1623.25     31     0.000     1.000
   0.480000   89    1899.73     313.69   -1587.39   -1587.86    196     0.000     1.000
   0.480000   90    1929.20     327.84   -1601.15   -1601.61    725     0.000     1.000
   0.480000   91    1958.67     342.79   -1615.00   -1615.45    772     0.000     1.000
   0.480000   92    1988.14     357.72   -1628.36   -1628.81    196     0.000     1.000
   0.460000   89    1899.73     313.50   -1588.12   -1588.59     31     0.000     1.000
   0.460000   90    1929.20     327.57   -1601.60   -1602.07    443     0.000     1.000
   0.460000   91    1958.67     342.92   -1614.74   -1615.20    916     0.000     1.000
   0.460000   92    1988.14     358.39   -1627.56   -1628.01    473     0.000     1.000
   0.460000   93    2017.62     373.61   -1639.88   -1640.32     35     0.000     1.000
   0.440000   90    1929.20     326.66   -1602.03   -1602.50    358     0.000     1.000
   0.440000   91    1958.67     342.51   -1614.73   -1615.18    874     0.000     1.000
   0.440000   92    1988.14     358.84   -1627.11   -1627.56    573     0.000     1.000
   0.440000   93    2017.62     374.79   -1639.23   -1639.67     76     0.000     1.000
   0.420000   90    1929.20     326.30   -1602.88   -1603.35    100     0.000     1.000
   0.420000   91    1958.67     342.76   -1614.83   -1615.29    572     0.000     1.000
   0.420000   92    1988.14     358.93   -1626.82   -1627.27    928     0.000     1.000
   0.420000   93    2017.62     375.65   -1638.66   -1639.10    288     0.000     1.000
   0.400000   91    1958.67     342.10   -1615.43   -1615.89    268     0.000     1.000
   0.400000   92    1988.14     358.80   -1626.74   -1627.19    927     0.000     1.000
   0.400000   93    2017.62     376.17   -1637.79   -1638.23    627     0.000     1.000
   0.400000   94    2047.09     393.42   -1648.48   -1648.92     66     0.000     1.000
   0.380000   91    1958.67     345.13   -1616.19   -1616.65     80     0.000     1.000
   0.380000   92    1988.14     358.76   -1626.90   -1627.35    765     0.000     1.000
   0.380000   93    2017.62     376.35   -1637.64   -1638.08    892     0.000     1.000
   0.380000   94    2047.09     394.12   -1647.50   -1647.93    157     0.000     1.000
   0.360000   91    1958.67     344.62   -1616.96   -1617.42     41     0.000     1.000
   0.360000   92    1988.14     357.95   -1627.07   -1627.52    586     0.000     1.000
   0.360000   93    2017.62     376.35   -1637.29   -1637.73   1004     0.000     1.000
   0.360000   94    2047.09     394.79   -1647.43   -1647.87    262     0.000     1.000
   0.340000   91    1958.67     339.03   -1617.54   -1618.00     27     0.000     1.000
   0.340000   92    1988.14     357.28   -1627.42   -1627.87    454     0.000     1.000
   0.340000   93    2017.62     376.43   -1637.13   -1637.58    923     0.000     1.000
   0.340000   94    2047.09     395.28   -1646.40   -1646.84    461     0.000     1.000
   0.340000   95    2076.56     414.09   -1654.53   -1654.96     33     0.000     1.000
   0.320000   92    1988.14     356.47   -1628.02   -1628.47    206     0.000     1.000
   0.320000   93    2017.62     375.94   -1637.08   -1637.52    889     0.000     1.000
   0.320000   94    2047.09     395.61   -1645.96   -1646.40    713     0.000     1.000
   0.320000   95    2076.56     415.17   -1654.04   -1654.47     81     0.000     1.000
   0.300000   92    1988.14     355.46   -1628.87   -1629.32     86     0.000     1.000
   0.300000   93    2017.62     376.20   -1637.27   -1637.71    569     0.000     1.000
   0.300000   94    2047.09     395.90   -1645.63   -1646.07    934     0.000     1.000
   0.300000   95    2076.56     415.94   -1653.94   -1654.37    288     0.000     1.000
   0.300000   96    2106.03     436.29   -1660.31   -1660.74     20     0.000     1.000
   0.280000   92    1988.14     360.89   -1629.67   -1630.12     25     0.000     1.000
   0.280000   93    2017.62     375.51   -1637.60   -1638.04    439     0.000     1.000
   0.280000   94    2047.09     395.64   -1645.49   -1645.93    966     0.000     1.000
   0.280000   95    2076.56     416.45   -1653.18   -1653.61    428     0.000     1.000
   0.280000   96    2106.03     437.49   -1659.51   -1659.93     40     0.000     1.000
   0.260000   93    2017.62     376.38   -1638.46   -1638.91    151     0.000     1.000
   0.260000   94    2047.09     395.46   -1645.65   -1646.08    731     0.000     1.000
   0.260000   95    2076.56     416.81   -1652.98   -1653.41    796     0.000     1.000
   0.260000   96    2106.03     438.26   -1660.06   -1660.48    209     0.000     1.000
   0.240000   93    2017.62     377.64   -1639.45   -1639.89     22     0.000     1.000
   0.240000   94    2047.09     395.12   -1646.04   -1646.48    502     0.000     1.000
   0.240000   95    2076.56     416.88   -1652.66   -1653.10   1020     0.000     1.000
   0.240000   96    2106.03     438.75   -1659.16   -1659.58    348     0.000     1.000
   0.220000   94    2047.09     394.59   -1646.64   -1647.08    195     0.000     1.000
   0.220000   95    2076.56     416.80   -1652.71   -1653.14    964     0.000     1.000
   0.220000   96    2106.03     439.22   -1658.59   -1659.01    675     0.000     1.000
   0.220000   97    2135.50     461.69   -1663.79   -1664.21     62     0.000     1.000
   0.200000   94    2047.09     395.43   -1647.16   -1647.59    173     0.000     1.000
   0.200000   95    2076.56     416.44   -1652.72   -1653.15    811     0.000     1.000
   0.200000   96    2106.03     439.47   -1658.14   -1658.57    764     0.000     1.000
   0.200000   97    2135.50     462.78   -1663.76   -1664.18    145     0.000     1.000
   0.180000   94    2047.09     395.79   -1647.89   -1648.33     81     0.000     1.000
   0.180000   95    2076.56     415.97   -1652.91   -1653.34    828     0.000     1.000
   0.180000   96    2106.03     439.21   -1657.65   -1658.08    893     0.000     1.000
   0.180000   97    2135.50     463.03   -1661.70   -1662.12     97     0.000     1.000
   0.160000   94    2047.09     400.78   -1648.92   -1649.36     31     0.000     1.000
   0.160000   95    2076.56     415.50   -1653.15   -1653.58    611     0.000     1.000
   0.160000   96    2106.03     439.47   -1657.35   -1657.78   1017     0.000     1.000
   0.160000   97    2135.50     463.64   -1660.88   -1661.30    237     0.000     1.000
   0.140000   95    2076.56     415.45   -1653.56   -1653.99    285     0.000     1.000
   0.140000   96    2106.03     439.40   -1657.35   -1657.77   1035     0.000     1.000
   0.140000   97    2135.50     464.18   -1660.77   -1661.19    554     0.000     1.000
   0.140000   98    2164.97     489.04   -1663.82   -1664.24     22     0.000     1.000
   0.120000   95    2076.56     418.76   -1654.29   -1654.72     57     0.000     1.000
   0.120000   96    2106.03     439.13   -1657.52   -1657.94    812     0.000     1.000
   0.120000   97    2135.50     464.50   -1660.58   -1661.00    942     0.000     1.000
   0.120000   98    2164.97     490.05   -1663.36   -1663.77     87     0.000     1.000
   0.100000   95    2076.56     421.44   -1655.07   -1655.50     42     0.000     1.000
   0.100000   96    2106.03     438.70   -1657.72   -1658.15    633     0.000     1.000
   0.100000   97    2135.50     464.52   -1660.32   -1660.74    999     0.000     1.000
   0.100000   98    2164.97     490.71   -1662.90   -1663.32    222     0.000     1.000
   0.080000   96    2106.03     438.07   -1658.29   -1658.71    218     0.000     1.000
   0.080000   97    2135.50     464.57   -1660.36   -1660.78    908     0.000     1.000
   0.080000   98    2164.97     491.15   -1662.39   -1662.81    680     0.000     1.000
   0.080000   99    2194.44     517.89   -1664.29   -1664.70     87     0.000     1.000
   0.060000   96    2106.03     440.67   -1659.04   -1659.47     66     0.000     1.000
   0.060000   97    2135.50     464.16   -1660.55   -1660.97    886     0.000     1.000
   0.060000   98    2164.97     491.18   -1662.00   -1662.41    880     0.000     1.000
   0.060000   99    2194.44     518.35   -1663.30   -1663.72     66     0.000     1.000
   0.040000   97    2135.50     465.33   -1661.01   -1661.43    255     0.000     1.000
   0.040000   98    2164.97     491.70   -1661.99   -1662.41   1101     0.000     1.000
   0.040000   99    2194.44     519.13   -1662.91   -1663.32    519     0.000     1.000
   0.040000  100    2223.91     547.07   -1663.89   -1664.30     20     0.000     1.000
   0.020000   97    2135.50     465.97   -1661.67   -1662.09     70     0.000     1.000
   0.020000   98    2164.97     491.54   -1662.15   -1662.56    847     0.000     1.000
   0.020000   99    2194.44     519.54   -1662.63   -1663.04    855     0.000     1.000
   0.020000  100    2223.91     547.87   -1663.13   -1663.54    126     0.000     1.000
   0.000000   97    2135.50     469.66   -1662.41   -1662.83     42     0.000     1.000
   0.000000   98    2164.97     491.13   -1662.41   -1662.83    859     0.000     1.000
   0.000000   99    2194.44     519.34   -1662.41   -1662.82    927     0.000     1.000
   0.000000  100    2223.91     548.28   -1662.41   -1662.82     71     0.000     1.000


# Part 3: Bin-averaged summary:
# bin  energy gap  <dGg> <dGg norm> pts  <c1**2> <c2**2> <r_xy>
   6   -546.34     -1.64   1661.73         25    0.997    0.003    9.358
   7   -516.87     -1.74   1661.63         39    0.997    0.003    9.423
   8   -487.40     -1.84   1661.54         39    0.996    0.004    9.330
   9   -457.93     -1.97   1661.41         54    0.996    0.004    9.507
  10   -428.46     -2.09   1661.28         77    0.995    0.005    9.414
  11   -398.99     -2.24   1661.13        125    0.994    0.006    9.496
  12   -369.52     -2.43   1660.94        159    0.993    0.007    9.540
  13   -340.05     -2.63   1660.74        206    0.992    0.008    9.554
  14   -310.58     -2.88   1660.50        211    0.991    0.009    9.479
  15   -281.10     -3.17   1660.20        206    0.989    0.011    9.386
  16   -251.63     -3.55   1659.83        200    0.986    0.014    9.286
  17   -222.16     -3.98   1659.39        153    0.983    0.017    9.182
  18   -192.69     -4.83   1658.55        145    0.977    0.023    9.023
  19   -163.22     -5.65   1657.72        131    0.969    0.031    8.863
  20   -133.75     -6.64   1656.73        172    0.956    0.044    8.815
  21   -104.28     -7.94   1655.43        206    0.933    0.067    8.745
  22    -74.81    -10.15   1653.22        251    0.888    0.112    8.709
  23    -45.34    -15.02   1648.35        256    0.800    0.200    8.677
  24    -15.87    -25.39   1637.98        280    0.622    0.378    8.660
  25     13.60    -42.34   1621.03        280    0.394    0.606    8.618
  26     43.07    -64.89   1598.48        296    0.209    0.791    8.588
  27     72.54    -90.03   1573.34        386    0.114    0.886    8.479
  28    102.02   -116.18   1547.19        402    0.070    0.930    8.467
  29    131.49   -143.38   1520.00        410    0.045    0.955    8.426
  30    160.96   -170.78   1492.59        380    0.031    0.969    8.468
  31    190.43   -197.76   1465.61        412    0.023    0.977    8.509
  32    219.90   -225.36   1438.01        443    0.018    0.982    8.543
  33    249.37   -252.75   1410.63        394    0.014    0.986    8.582
  34    278.84   -280.14   1383.24        439    0.011    0.989    8.501
  35    308.31   -307.56   1355.81        361    0.009    0.991    8.408
  36    337.78   -334.88   1328.50        381    0.008    0.992    8.227
  37    367.25   -361.96   1301.41        369    0.007    0.993    8.070
  38    396.72   -388.81   1274.56        411    0.006    0.994    7.886
  39    426.19   -416.08   1247.29        453    0.005    0.995    7.596
  40    455.66   -442.40   1220.98        453    0.004    0.996    7.348
  41    485.14   -469.47   1193.90        412    0.004    0.996    6.892
  42    514.61   -495.80   1167.58        526    0.003    0.997    6.483
  43    544.08   -522.33   1141.04        485    0.003    0.997    6.404
  44    573.55   -548.64   1114.73        449    0.003    0.997    6.509
  45    603.02   -574.78   1088.59        382    0.002    0.998    6.887
  46    632.49   -600.90   1062.47        353    0.002    0.998    7.154
  47    661.96   -626.78   1036.59        381    0.002    0.998    7.344
  48    691.43   -652.72   1010.65        365    0.002    0.998    7.547
  49    720.90   -678.28    985.09        341    0.002    0.998    7.692
  50    750.37   -704.21    959.16        337    0.002    0.998    7.775
  51    779.84   -729.49    933.89        345    0.001    0.999    7.832
  52    809.31   -754.15    909.22        342    0.001    0.999    7.959
  53    838.78   -779.61    883.76        327    0.001    0.999    8.034
  54    868.26   -805.32    858.05        288    0.001    0.999    7.971
  55    897.73   -829.95    833.42        343    0.001    0.999    7.937
  56    927.20   -855.46    807.91        398    0.001    0.999    7.847
  57    956.67   -880.34    783.04        448    0.001    0.999    7.855
  58    986.14   -904.89    758.48        314    0.001    0.999    7.853
  59   1015.61   -929.51    733.87        353    0.001    0.999    7.848
  60   1045.08   -954.26    709.12        441    0.001    0.999    7.753
  61   1074.55   -978.65    684.73        376    0.001    0.999    7.646
  62   1104.02  -1002.76    660.61        363    0.001    0.999    7.643
  63   1133.49  -1026.80    636.57        431    0.001    0.999    7.652
  64   1162.96  -1050.76    612.62        444    0.001    0.999    7.702
  65   1192.43  -1074.61    588.76        404    0.001    0.999    7.863
  66   1221.90  -1098.37    565.00        351    0.001    0.999    8.040
  67   1251.38  -1122.19    541.18        366    0.001    0.999    8.238
  68   1280.85  -1145.45    517.92        358    0.001    0.999    8.335
  69   1310.32  -1169.13    494.24        353    0.001    0.999    8.518
  70   1339.79  -1192.28    471.09        384    0.001    0.999    8.685
  71   1369.26  -1215.36    448.01        438    0.000    1.000    8.990
  72   1398.73  -1238.64    424.73        471    0.000    1.000    9.210
  73   1428.20  -1261.50    401.87        459    0.000    1.000    9.353
  74   1457.67  -1284.29    379.09        563    0.000    1.000    9.541
  75   1487.14  -1306.58    356.79        626    0.000    1.000    9.649
  76   1516.61  -1328.89    334.49        637    0.000    1.000    9.651
  77   1546.08  -1350.99    312.39        757    0.000    1.000    9.595
  78   1575.55  -1372.88    290.49        821    0.000    1.000    9.459
  79   1605.02  -1394.51    268.86        943    0.000    1.000    9.315
  80   1634.50  -1415.82    247.55        980    0.000    1.000    9.169
  81   1663.97  -1436.75    226.62        895    0.000    1.000    9.182
  82   1693.44  -1457.51    205.86        974    0.000    1.000    9.508
  83   1722.91  -1478.07    185.30       1171    0.000    1.000    9.916
  84   1752.38  -1498.12    165.26       1612    0.000    1.000   10.114
  85   1781.85  -1517.73    145.65       2039    0.000    1.000   10.533
  86   1811.32  -1536.40    126.97       2467    0.000    1.000   11.238
  87   1840.79  -1554.22    109.16       2771    0.000    1.000   11.675
  88   1870.26  -1571.21     92.16       2917    0.000    1.000   11.382
  89   1899.73  -1587.18     76.20       3497    0.000    1.000   10.022
  90   1929.20  -1601.91     61.46       4243    0.000    1.000    8.549
  91   1958.67  -1615.47     47.90       4266    0.000    1.000    7.343
  92   1988.14  -1627.57     35.80       5250    0.000    1.000    6.276
  93   2017.62  -1637.95     25.42       5915    0.000    1.000    5.501
  94   2047.09  -1646.52     16.86       5272    0.000    1.000    4.983
  95   2076.56  -1653.42      9.95       6244    0.000    1.000    4.948
  96   2106.03  -1658.33      5.04       6730    0.000    1.000    4.938
  97   2135.50  -1661.14      2.23       5197    0.000    1.000    5.503
  98   2164.97  -1662.65      0.73       4698    0.000    1.000    6.513
  99   2194.44  -1663.09      0.28       2454    0.000    1.000    6.733
 100   2223.91  -1663.37      0.00        217    0.000    1.000    7.057
