
 -----------------------------------------------
      Restrained ESP Fit 2.3  Amber 4.1
 -----------------------------------------------
 Resp charges for organic molecule                                               
 -----------------------------------------------


 inopt       =     0   ioutopt     =     1
 nmol        =     1   iqopt       =     0
 ihfree      =     1   irstrnt     =     1
 iunits      =     0   qwt         =   0.00050000
 wtmol(1) =     1.000000
 subtitle:

Resp charges for organic molecule                                               
ich =  -1  iuniq =  27
    1    8    0
    2    6    0
    3    6    0
    4    6    0
    5    6    0
    6    6    0
    7    6    5
    8    6    4
    9    6    2
   10    6    3
   11    6    4
   12    6    5
   13    6    6
   14    6    5
   15    6    4
   16    1    0
   17    1    0
   18    1    0
   19    1    0
   20    1   18
   21    1   17
   22    1   16
   23    1   17
   24    1   18
   25    1   19
   26    1   18
   27    1   17

  ----------------------------------------------------------------------------
     ATOM                       COORDINATES                         CHARGE
                       X             Y                Z
  ----------------------------------------------------------------------------
  ----------------------------------------------------------------------------


 Charge on the molecule(ich) =   -1
 Total number of atoms (iuniq)     =   27
 Weight factor on initial charge restraints(qwt)=     0.50000D-03


  there are  1 charge constraints:


     1       1
     2       1
     3       1
     4       1
     5       1
     6       1
     7       1
     8       1
     9       1
    10       1
    11       1
    12       1
    13       1
    14       1
    15       1
    16       1
    17       1
    18       1
    19       1
    20       1
    21       1
    22       1
    23       1
    24       1
    25       1
    26       1
    27       1

 Reading esp"s for molecule   1
 total number of atoms      =    27
 total number of esp points =  7526


 center     X       Y       Z 
    1  -0.1190527E-03   0.4311149E+01  -0.1689646E+01
    2  -0.1383234E+01   0.3501375E+01   0.4468049E+00
    3  -0.2974474E+01   0.1179767E+01   0.2064110E+00
    4  -0.4099303E+01   0.2026996E+00   0.2375106E+01
    5  -0.5605392E+01  -0.1931933E+01   0.2241961E+01
    6  -0.6019675E+01  -0.3107178E+01  -0.6732149E-01
    7  -0.4920614E+01  -0.2130247E+01  -0.2232598E+01
    8  -0.3401420E+01   0.5092811E-02  -0.2099225E+01
    9   0.1383455E+01   0.3501288E+01   0.4464856E+00
   10   0.2974578E+01   0.1179654E+01   0.2056891E+00
   11   0.3398795E+01   0.3358043E-02  -0.2099641E+01
   12   0.4917882E+01  -0.2132025E+01  -0.2233329E+01
   13   0.6019526E+01  -0.3107450E+01  -0.6867642E-01
   14   0.5607957E+01  -0.1930618E+01   0.2240272E+01
   15   0.4102024E+01   0.2041187E+00   0.2373709E+01
   16  -0.2277687E+01   0.5030086E+01   0.1449771E+01
   17  -0.3794105E+01   0.1115233E+01   0.4167021E+01
   18  -0.6457063E+01  -0.2674057E+01   0.3930964E+01
   19  -0.7193896E+01  -0.4762013E+01  -0.1738113E+00
   20  -0.5242818E+01  -0.3022464E+01  -0.4029761E+01
   21  -0.2567374E+01   0.7555011E+00  -0.3789354E+01
   22   0.2278214E+01   0.5029933E+01   0.1449272E+01
   23   0.2562767E+01   0.7525853E+00  -0.3789307E+01
   24   0.5237995E+01  -0.3025463E+01  -0.4030260E+01
   25   0.7193658E+01  -0.4762331E+01  -0.1754214E+00
   26   0.6461648E+01  -0.2671540E+01   0.3928782E+01
   27   0.3798984E+01   0.1117911E+01   0.4165347E+01
 Initial ssvpot =     2.033


 Number of unique UNfrozen centers=   10

 Non-linear optimization requested.
 qchnge =    0.1909446475    
 qchnge =    0.6920732920E-03
 qchnge =    0.6435724666E-04
 qchnge =    0.8652861841E-05
 qchnge =    0.1174124924E-05
 qchnge =    0.1594852565E-06

 Convergence in    5 iterations


Resp charges for organic molecule                                               

          Point Charges Before & After Optimization

    no.  At.no.    q(init)       q(opt)     ivary    d(rstr)/dq
    1   8       0.000000      -1.479514      0       0.000337
    2   6       0.000000       2.687179      0       0.000186
    3   6       0.000000      -1.395703      0       0.000357
    4   6       0.000000       0.139184      0       0.002917
    5   6       0.000000       0.685498      0       0.000722
    6   6       0.000000       0.025409      0       0.004846
    7   6       0.000000       0.685498      5       0.000722
    8   6       0.000000       0.139184      4       0.002917
    9   6       0.000000       2.687179      2       0.000186
   10   6       0.000000      -1.395703      3       0.000357
   11   6       0.000000       0.139184      4       0.002917
   12   6       0.000000       0.685498      5       0.000722
   13   6       0.000000       0.025409      6       0.004846
   14   6       0.000000       0.685498      5       0.000722
   15   6       0.000000       0.139184      4       0.002917
   16   1       0.000000      -1.169821      0       0.000000
   17   1       0.000000      -0.042207      0       0.000000
   18   1       0.000000      -0.546574      0       0.000000
   19   1       0.000000      -0.379108      0       0.000000
   20   1       0.000000      -0.546574     18       0.000000
   21   1       0.000000      -0.042207     17       0.000000
   22   1       0.000000      -1.169821     16       0.000000
   23   1       0.000000      -0.042207     17       0.000000
   24   1       0.000000      -0.546574     18       0.000000
   25   1       0.000000      -0.379108     19       0.000000
   26   1       0.000000      -0.546574     18       0.000000
   27   1       0.000000      -0.042207     17       0.000000

 Sum over the calculated charges:     -1.000

        Statistics of the fitting:
  The initial sum of squares (ssvpot)                      2.033
  The residual sum of squares (chipot)                    80.315
  The std err of estimate (sqrt(chipot/N))               0.10330
  ESP relative RMS (SQRT(chipot/ssvpot))                 6.28602

 Center of Mass (Angst.):

 X  =   0.00000      Y  =   0.00000      Z  =   0.00000

 Dipole (Debye):

 X  =   0.00028      Y  =   3.52830      Z  =   3.12147

 Dipole Moment (Debye)=   4.71088

 Quadrupole (Debye*Angst.):

 Qxx = -50.23858     QYY = -13.21314     QZZ =  63.45172
 Qxy = 180.48173     QXZ = 180.46171     QYZ = 178.69718
