Host: node10
Tmpdir: 
                      :-) GROMACS - gmx grompp, 2021.6 (-:

                            GROMACS is written by:
     Andrey Alekseenko              Emile Apol              Rossen Apostolov     
         Paul Bauer           Herman J.C. Berendsen           Par Bjelkmar       
       Christian Blau           Viacheslav Bolnykh             Kevin Boyd        
     Aldert van Buuren           Rudi van Drunen             Anton Feenstra      
    Gilles Gouaillardet             Alan Gray               Gerrit Groenhof      
       Anca Hamuraru            Vincent Hindriksen          M. Eric Irrgang      
      Aleksei Iupinov           Christoph Junghans             Joe Jordan        
    Dimitrios Karkoulis            Peter Kasson                Jiri Kraus        
      Carsten Kutzner              Per Larsson              Justin A. Lemkul     
       Viveca Lindahl            Magnus Lundborg             Erik Marklund       
        Pascal Merz             Pieter Meulenhoff            Teemu Murtola       
        Szilard Pall               Sander Pronk              Roland Schulz       
       Michael Shirts            Alexey Shvetsov             Alfons Sijbers      
       Peter Tieleman              Jon Vincent              Teemu Virolainen     
     Christian Wennberg            Maarten Wolf              Artem Zhmurov       
                           and the project leaders:
        Mark Abraham, Berk Hess, Erik Lindahl, and David van der Spoel

Copyright (c) 1991-2000, University of Groningen, The Netherlands.
Copyright (c) 2001-2022, The GROMACS development team at
Uppsala University, Stockholm University and
the Royal Institute of Technology, Sweden.
check out http://www.gromacs.org for more information.

GROMACS is free software; you can redistribute it and/or modify it
under the terms of the GNU Lesser General Public License
as published by the Free Software Foundation; either version 2.1
of the License, or (at your option) any later version.

GROMACS:      gmx grompp, version 2021.6
Executable:   /cvmfs/hpc.rug.nl/versions/2023.01/rocky8/x86_64/amd/zen3/software/GROMACS/2021.6-foss-2022a-CUDA-11.7.0/bin/gmx
Data prefix:  /cvmfs/hpc.rug.nl/versions/2023.01/rocky8/x86_64/amd/zen3/software/GROMACS/2021.6-foss-2022a-CUDA-11.7.0
Working dir:  /home3/p315462/Final_EVB_GROMACS/FEP
Command line:
  gmx grompp -f restart.mdp -c equil_11_300k_npt.gro -p topol_000.top -o restart.tpr -r STBO_ion.pdb -maxwarn 1

Generating 1-4 interactions: fudge = 0.5

WARNING 1 [file topol_000.top, line 19061]:
  Some parameters for bonded interaction involving perturbed atoms are
  specified explicitly in state A, but not B - copying A to B

Number of degrees of freedom in T-Coupling group Protein is 6797.87
Number of degrees of freedom in T-Coupling group non-Protein is 148320.12

There was 1 warning

GROMACS reminds you: "The most exciting phrase to hear in science, the one that heralds new discoveries, is not "Eureka" but "That's funny..."." (Isaac Asimov)

Setting the LD random seed to -655958537

Generated 439453 of the 439453 non-bonded parameter combinations

Generated 439453 of the 439453 1-4 parameter combinations

Excluding 3 bonded neighbours molecule type 'Protein_chain_A'

Excluding 2 bonded neighbours molecule type 'SOL'

Excluding 1 bonded neighbours molecule type 'NA'

Setting gen_seed to 921317367

Velocities were taken from a Maxwell distribution at 300 K
Analysing residue names:
There are:   144    Protein residues
There are:     2      Other residues
There are: 16469      Water residues
There are:     4        Ion residues
Analysing Protein...
Analysing residues not classified as Protein/DNA/RNA/Water and splitting into groups...
Analysing residues not classified as Protein/DNA/RNA/Water and splitting into groups...

Determining Verlet buffer for a tolerance of 0.0002 kJ/mol/ps at 300 K

Calculated rlist for 1x1 atom pair-list as 1.011 nm, buffer size 0.011 nm

Set rlist, assuming 4x4 atom pair-list, to 1.005 nm, buffer size 0.005 nm

Note that mdrun will redetermine rlist based on the actual pair-list setup
Calculating fourier grid dimensions for X Y Z
Using a fourier grid of 80x80x80, spacing 0.112 0.112 0.112

Estimate for the relative computational load of the PME mesh part: 0.50

This run will generate roughly 4 Mb of data
                      :-) GROMACS - gmx mdrun, 2021.6 (-:

                            GROMACS is written by:
     Andrey Alekseenko              Emile Apol              Rossen Apostolov     
         Paul Bauer           Herman J.C. Berendsen           Par Bjelkmar       
       Christian Blau           Viacheslav Bolnykh             Kevin Boyd        
     Aldert van Buuren           Rudi van Drunen             Anton Feenstra      
    Gilles Gouaillardet             Alan Gray               Gerrit Groenhof      
       Anca Hamuraru            Vincent Hindriksen          M. Eric Irrgang      
      Aleksei Iupinov           Christoph Junghans             Joe Jordan        
    Dimitrios Karkoulis            Peter Kasson                Jiri Kraus        
      Carsten Kutzner              Per Larsson              Justin A. Lemkul     
       Viveca Lindahl            Magnus Lundborg             Erik Marklund       
        Pascal Merz             Pieter Meulenhoff            Teemu Murtola       
        Szilard Pall               Sander Pronk              Roland Schulz       
       Michael Shirts            Alexey Shvetsov             Alfons Sijbers      
       Peter Tieleman              Jon Vincent              Teemu Virolainen     
     Christian Wennberg            Maarten Wolf              Artem Zhmurov       
                           and the project leaders:
        Mark Abraham, Berk Hess, Erik Lindahl, and David van der Spoel

Copyright (c) 1991-2000, University of Groningen, The Netherlands.
Copyright (c) 2001-2022, The GROMACS development team at
Uppsala University, Stockholm University and
the Royal Institute of Technology, Sweden.
check out http://www.gromacs.org for more information.

GROMACS is free software; you can redistribute it and/or modify it
under the terms of the GNU Lesser General Public License
as published by the Free Software Foundation; either version 2.1
of the License, or (at your option) any later version.

GROMACS:      gmx mdrun, version 2021.6
Executable:   /cvmfs/hpc.rug.nl/versions/2023.01/rocky8/x86_64/amd/zen3/software/GROMACS/2021.6-foss-2022a-CUDA-11.7.0/bin/gmx
Data prefix:  /cvmfs/hpc.rug.nl/versions/2023.01/rocky8/x86_64/amd/zen3/software/GROMACS/2021.6-foss-2022a-CUDA-11.7.0
Working dir:  /home3/p315462/Final_EVB_GROMACS/FEP
Command line:
  gmx mdrun -deffnm restart -table table.xvg -tableb table_b0.xvg -c restart.gro -pin on -ntmpi 1 -ntomp 16

Reading file restart.tpr, VERSION 2021.6 (single precision)
Changing nstlist from 30 to 100, rlist from 1.005 to 1.029

Using 1 MPI thread
Using 16 OpenMP threads 


Overriding thread affinity set outside gmx mdrun
NOTE: Affinity setting for 13/16 threads failed.

NOTE: Thread affinity was not set.
starting mdrun 'Protein in water'
1000000 steps,    100.0 ps.
