
Build and version information

Build number 6.0.15
Build date   20240314
Built:       
      by     p315462
      on     login1
      git id adc28a635c78993922188615a73366ace3402081
      with   GNU Fortran GCC 11.3.0
qfep version 6.0.15 , git id=adc28a635c78993922188615a73366ace3402081 initialising
Current date 2024- 4-18 and time 12:26:47

Welcome in qfep modification date 20240314

 Q6, Copyright © 2017 Johan Åqvist, John Marelius, Shina Caroline Lynn Kamerlin and Paul Bauer
 Q6 comes with ABSOLUTELY NO WARRANTY.  This is free software, and you are welcome
 to redistribute it under certain conditions. For details, add the --help flag.
--> Number of energy files: # Number of files                 =    51
--> No. of states, no. of predefined off-diag elements: # Number of states                 =     2
# Number of off-diagonal elements =     0
--> Give kT & no, of pts to skip   & calculation mode: # kT                              = 0.592
# Number of data points to skip   =   100
# Only QQ interactions will be considered   =   0
--> Give number of gap-bins: # Number of gap-bins              =   100
--> Give minimum # pts/bin: # Minimum number of points per bin=    20
--> Give alpha for state  2:                                                    # Alpha for state  2              =  -520.50
--> Number of off-diagonal elements:# Number of off-diagonal elements =     1
#   i   j   A(i,j)  mu(i,j) eta(i,j) rxy0(i,j)
--> i, j, A_ij, mu_ij, eta_ij, r_xy0: #   1   2     30.00      0.00      0.00      0.00
--> linear combination of states defining reaction coord: # Linear combination co-efficients=  1.00 -1.00


# Part 0: Average energies for all states in all files
# file             state   pts   lambda    EQtot   EQbond  EQang   EQtor   EQimp    EQel   EQvdW  Eel_qq  EvdW_qq Eel_qp  EvdW_qp Eel_qw EvdW_qw Eqrstr
--> Name of file number   1:                                                     
# Energy files from Qdyn, version: 6.0.16 , git id=adc28a635c78993922188615a73366ace3402081                        
fep_050_1.000.en        1      1899  1.000000  -10444.29  -10329.63     6.61     9.59     0.00  -103.71   -27.14   -42.46     9.22   -20.03   -38.47   -41.22     2.11     0.00
fep_050_1.000.en        2      1899  0.000000   -9479.18   -9502.87   192.34     2.69     0.00  -158.20   -13.15  -152.87    23.47    35.43   -38.58   -40.76     1.96     0.00
--> Name of file number   2:                                                     
# Energy files from Qdyn, version: 6.0.16 , git id=adc28a635c78993922188615a73366ace3402081                        
fep_049_0.980.en        1      1899  0.980000  -10439.70  -10328.98     6.93     9.78     0.00  -103.20   -24.23   -50.55    12.23   -28.91   -36.65   -23.75     0.20     0.00
fep_049_0.980.en        2      1899  0.020000   -9713.17   -9743.84   186.89     4.56     0.00  -151.38    -9.39  -145.62    27.40    19.26   -36.87   -25.03     0.08     0.00
--> Name of file number   3:                                                     
# Energy files from Qdyn, version: 6.0.16 , git id=adc28a635c78993922188615a73366ace3402081                        
fep_048_0.960.en        1      1899  0.960000  -10437.54  -10328.10     6.26     9.95     0.00  -102.51   -23.14   -53.04    14.39   -27.20   -36.63   -22.27    -0.90     0.00
fep_048_0.960.en        2      1899  0.040000   -9854.04   -9869.81   170.05     3.61     0.00  -151.27    -6.60  -141.76    31.37    13.97   -36.96   -23.48    -1.01     0.00
--> Name of file number   4:                                                     
# Energy files from Qdyn, version: 6.0.16 , git id=adc28a635c78993922188615a73366ace3402081                        
fep_047_0.940.en        1      1899  0.940000  -10427.43  -10325.48     6.99    10.43     0.00  -103.12   -16.25   -54.16    19.95   -28.68   -35.64   -20.27    -0.56     0.00
fep_047_0.940.en        2      1899  0.060000  -10010.02  -10033.00   161.04     3.29     0.00  -144.27     2.92  -134.25    39.56    11.56   -35.97   -21.58    -0.67     0.00
--> Name of file number   5:                                                     
# Energy files from Qdyn, version: 6.0.16 , git id=adc28a635c78993922188615a73366ace3402081                        
fep_046_0.920.en        1      1899  0.920000  -10416.60  -10323.74     8.98    10.43     0.00  -100.92   -11.34   -54.10    24.81   -22.10   -36.08   -24.72    -0.06     0.00
fep_046_0.920.en        2      1899  0.080000  -10150.54  -10174.34   148.23     2.03     0.00  -136.25     9.79  -123.97    46.40    14.67   -36.44   -26.95    -0.18     0.00
--> Name of file number   6:                                                     
# Energy files from Qdyn, version: 6.0.16 , git id=adc28a635c78993922188615a73366ace3402081                        
fep_000_0.900.en        1      1899  0.900000  -10401.24  -10316.62    11.40     9.76     0.00  -102.85    -2.93   -58.96    33.66   -20.52   -35.23   -23.37    -1.36     0.00
fep_000_0.900.en        2      1899  0.100000  -10285.25  -10326.50   140.84     1.69     0.00  -121.42    20.15  -113.61    57.25    11.90   -35.63   -19.71    -1.47     0.00
--> Name of file number   7:                                                     
# Energy files from Qdyn, version: 6.0.16 , git id=adc28a635c78993922188615a73366ace3402081                        
fep_001_0.880.en        1      1899  0.880000  -10393.18  -10308.33    12.63    10.34     0.00  -107.50    -0.33   -55.59    36.16   -21.33   -36.43   -30.58    -0.05     0.00
fep_001_0.880.en        2      1899  0.120000  -10410.62  -10441.00   131.12     1.46     0.00  -123.83    21.62  -107.78    58.59    13.90   -36.80   -29.95    -0.16     0.00
--> Name of file number   8:                                                     
# Energy files from Qdyn, version: 6.0.16 , git id=adc28a635c78993922188615a73366ace3402081                        
fep_002_0.860.en        1      1899  0.860000  -10381.00  -10302.31    14.66    11.12     0.00  -108.46     3.99   -58.25    40.99   -16.70   -37.26   -33.52     0.26     0.00
fep_002_0.860.en        2      1899  0.140000  -10485.73  -10521.27   125.34     1.37     0.00  -118.63    27.46  -104.43    64.93    19.56   -37.61   -33.76     0.14     0.00
--> Name of file number   9:                                                     
# Energy files from Qdyn, version: 6.0.16 , git id=adc28a635c78993922188615a73366ace3402081                        
fep_003_0.840.en        1      1899  0.840000  -10378.62  -10297.03    14.42    10.12     0.00  -116.29    10.17   -54.47    44.60   -25.08   -35.13   -36.74     0.70     0.00
fep_003_0.840.en        2      1899  0.160000  -10560.99  -10595.19   122.77     1.69     0.00  -119.13    28.88   -89.77    63.78     5.57   -35.46   -34.93     0.55     0.00
--> Name of file number  10:                                                     
# Energy files from Qdyn, version: 6.0.16 , git id=adc28a635c78993922188615a73366ace3402081                        
fep_004_0.820.en        1      1899  0.820000  -10372.94  -10293.31    15.59     9.75     0.00  -119.50    14.54   -59.87    49.02   -23.44   -34.19   -36.20    -0.30     0.00
fep_004_0.820.en        2      1899  0.180000  -10598.91  -10640.88   117.17     1.69     0.00  -108.40    31.50   -78.99    66.49     2.34   -34.56   -31.74    -0.44     0.00
--> Name of file number  11:                                                     
# Energy files from Qdyn, version: 6.0.16 , git id=adc28a635c78993922188615a73366ace3402081                        
fep_005_0.800.en        1      1899  0.800000  -10353.60  -10289.20    16.40    11.09     0.00  -106.83    14.95   -59.57    52.09   -20.28   -36.78   -26.98    -0.37     0.00
fep_005_0.800.en        2      1899  0.200000  -10647.42  -10676.83   108.84     1.62     0.00  -109.77    28.73  -100.07    66.29    20.70   -37.11   -30.40    -0.45     0.00
--> Name of file number  12:                                                     
# Energy files from Qdyn, version: 6.0.16 , git id=adc28a635c78993922188615a73366ace3402081                        
fep_006_0.780.en        1      1899  0.780000  -10331.85  -10286.54    17.17    12.49     0.00   -92.96    17.99   -57.39    54.13    -8.81   -36.69   -26.76     0.54     0.00
fep_006_0.780.en        2      1899  0.220000  -10682.09  -10706.13    83.14     2.07     0.00   -91.04    29.88  -101.30    66.40    42.49   -37.00   -32.23     0.48     0.00
--> Name of file number  13:                                                     
# Energy files from Qdyn, version: 6.0.16 , git id=adc28a635c78993922188615a73366ace3402081                        
fep_007_0.760.en        1      1899  0.760000  -10324.86  -10283.14    18.33    13.19     0.00   -93.04    19.80   -55.94    56.13    -7.17   -36.27   -29.93    -0.06     0.00
fep_007_0.760.en        2      1899  0.240000  -10710.41  -10726.61    75.24     3.48     0.00   -91.19    28.68  -101.32    65.40    45.49   -36.59   -35.36    -0.13     0.00
--> Name of file number  14:                                                     
# Energy files from Qdyn, version: 6.0.16 , git id=adc28a635c78993922188615a73366ace3402081                        
fep_008_0.740.en        1      1899  0.740000  -10323.73  -10280.29    27.96    14.16     0.00  -104.39    18.82   -53.25    52.22   -18.85   -33.55   -32.29     0.15     0.00
fep_008_0.740.en        2      1899  0.260000  -10781.06  -10776.63    76.83     4.06     0.00  -114.53    29.21  -115.71    62.94    39.11   -33.79   -37.93     0.05     0.00
--> Name of file number  15:                                                     
# Energy files from Qdyn, version: 6.0.16 , git id=adc28a635c78993922188615a73366ace3402081                        
fep_009_0.720.en        1      1899  0.720000  -10319.18  -10277.18    27.13    15.13     0.00  -104.01    19.75   -52.89    54.57   -18.18   -34.24   -32.93    -0.58     0.00
fep_009_0.720.en        2      1899  0.280000  -10788.96  -10783.08    73.95     4.70     0.00  -112.36    27.83  -117.85    62.96    41.20   -34.45   -35.71    -0.68     0.00
--> Name of file number  16:                                                     
# Energy files from Qdyn, version: 6.0.16 , git id=adc28a635c78993922188615a73366ace3402081                        
fep_010_0.700.en        1      1899  0.700000  -10321.64  -10275.57    26.97    15.57     0.00  -107.76    19.15   -54.43    54.56   -25.55   -34.44   -27.78    -0.97     0.00
fep_010_0.700.en        2      1899  0.300000  -10812.54  -10796.26    74.81     3.55     0.00  -119.85    25.22  -123.47    61.03    33.62   -34.74   -30.01    -1.06     0.00
--> Name of file number  17:                                                     
# Energy files from Qdyn, version: 6.0.16 , git id=adc28a635c78993922188615a73366ace3402081                        
fep_011_0.680.en        1      1899  0.680000  -10312.78  -10272.08    26.76    16.11     0.00  -104.26    20.68   -54.56    55.89   -23.37   -34.76   -26.32    -0.45     0.00
fep_011_0.680.en        2      1899  0.320000  -10818.34  -10803.27    74.59     4.18     0.00  -117.86    24.02  -122.18    59.59    33.89   -35.03   -29.57    -0.54     0.00
--> Name of file number  18:                                                     
# Energy files from Qdyn, version: 6.0.16 , git id=adc28a635c78993922188615a73366ace3402081                        
fep_012_0.660.en        1      1899  0.660000  -10311.81  -10268.96    25.91    14.62     0.00  -105.38    22.01   -55.13    57.50   -23.51   -35.06   -26.74    -0.43     0.00
fep_012_0.660.en        2      1899  0.340000  -10825.84  -10808.06    74.04     3.69     0.00  -118.99    23.49  -123.37    59.37    34.37   -35.37   -30.00    -0.52     0.00
--> Name of file number  19:                                                     
# Energy files from Qdyn, version: 6.0.16 , git id=adc28a635c78993922188615a73366ace3402081                        
fep_013_0.640.en        1      1899  0.640000  -10305.31  -10265.25    28.03    15.84     0.00  -104.34    20.40   -54.44    56.42   -22.21   -35.48   -27.69    -0.54     0.00
fep_013_0.640.en        2      1899  0.360000  -10835.34  -10814.08    73.54     4.05     0.00  -118.10    19.23  -120.90    55.63    34.90   -35.76   -32.10    -0.63     0.00
--> Name of file number  20:                                                     
# Energy files from Qdyn, version: 6.0.16 , git id=adc28a635c78993922188615a73366ace3402081                        
fep_014_0.620.en        1      1899  0.620000  -10298.23  -10261.49    27.72    16.44     0.00  -101.13    20.23   -54.87    57.17   -19.81   -36.30   -26.45    -0.65     0.00
fep_014_0.620.en        2      1899  0.380000  -10841.23  -10819.03    72.43     3.93     0.00  -115.90    17.34  -121.18    54.69    36.60   -36.61   -31.32    -0.74     0.00
--> Name of file number  21:                                                     
# Energy files from Qdyn, version: 6.0.16 , git id=adc28a635c78993922188615a73366ace3402081                        
fep_015_0.600.en        1      1899  0.600000  -10298.22  -10259.09    27.91    16.25     0.00  -105.32    22.03   -55.41    58.21   -17.97   -36.33   -31.94     0.15     0.00
fep_015_0.600.en        2      1899  0.400000  -10852.73  -10824.65    72.13     4.39     0.00  -121.93    17.33  -122.90    53.86    38.08   -36.59   -37.11     0.06     0.00
--> Name of file number  22:                                                     
# Energy files from Qdyn, version: 6.0.16 , git id=adc28a635c78993922188615a73366ace3402081                        
fep_016_0.580.en        1      1899  0.580000  -10294.88  -10256.47    27.49    16.24     0.00  -104.03    21.89   -55.42    58.64   -15.42   -36.47   -33.20    -0.28     0.00
fep_016_0.580.en        2      1899  0.420000  -10859.94  -10829.19    70.89     4.53     0.00  -121.41    15.24  -122.94    52.30    39.33   -36.68   -37.79    -0.37     0.00
--> Name of file number  23:                                                     
# Energy files from Qdyn, version: 6.0.16 , git id=adc28a635c78993922188615a73366ace3402081                        
fep_017_0.560.en        1      1899  0.560000  -10285.75  -10252.05    27.42    16.32     0.00  -101.11    23.67   -55.54    60.36   -11.65   -37.02   -33.92     0.33     0.00
fep_017_0.560.en        2      1899  0.440000  -10864.52  -10832.81    69.72     4.25     0.00  -120.22    14.54  -121.26    51.68    40.11   -37.38   -39.07     0.24     0.00
--> Name of file number  24:                                                     
# Energy files from Qdyn, version: 6.0.16 , git id=adc28a635c78993922188615a73366ace3402081                        
fep_018_0.540.en        1      1899  0.540000  -10284.02  -10248.11    27.24    15.91     0.00  -103.56    24.50   -55.72    61.42   -16.02   -36.37   -31.82    -0.55     0.00
fep_018_0.540.en        2      1899  0.460000  -10870.07  -10836.36    69.69     3.09     0.00  -120.32    13.82  -122.62    51.11    39.05   -36.65   -36.74    -0.64     0.00
--> Name of file number  25:                                                     
# Energy files from Qdyn, version: 6.0.16 , git id=adc28a635c78993922188615a73366ace3402081                        
fep_019_0.520.en        1      1899  0.520000  -10275.07  -10244.56    27.91    16.18     0.00   -98.25    23.65   -56.33    60.89   -12.87   -37.07   -29.05    -0.17     0.00
fep_019_0.520.en        2      1899  0.480000  -10876.54  -10840.55    68.06     3.78     0.00  -119.03    11.20  -122.42    48.78    37.31   -37.32   -33.92    -0.26     0.00
--> Name of file number  26:                                                     
# Energy files from Qdyn, version: 6.0.16 , git id=adc28a635c78993922188615a73366ace3402081                        
fep_020_0.500.en        1      1899  0.500000  -10266.26  -10239.94    27.22    16.34     0.00   -95.09    25.20   -56.24    62.73   -11.71   -37.86   -27.14     0.33     0.00
fep_020_0.500.en        2      1899  0.500000  -10878.27  -10843.63    67.45     3.66     0.00  -116.64    10.88  -122.88    48.74    40.09   -38.10   -33.85     0.24     0.00
--> Name of file number  27:                                                     
# Energy files from Qdyn, version: 6.0.16 , git id=adc28a635c78993922188615a73366ace3402081                        
fep_021_0.480.en        1      1899  0.480000  -10254.68  -10235.11    27.43    16.53     0.00   -88.71    25.18   -56.04    62.91   -10.29   -37.58   -22.38    -0.16     0.00
fep_021_0.480.en        2      1899  0.520000  -10883.90  -10846.88    65.93     2.91     0.00  -114.89     9.03  -122.35    47.15    40.75   -37.86   -33.28    -0.25     0.00
--> Name of file number  28:                                                     
# Energy files from Qdyn, version: 6.0.16 , git id=adc28a635c78993922188615a73366ace3402081                        
fep_022_0.460.en        1      1899  0.460000  -10256.85  -10231.07    25.83    16.41     0.00   -96.66    28.64   -55.22    66.40   -14.09   -38.00   -27.35     0.24     0.00
fep_022_0.460.en        2      1899  0.540000  -10888.11  -10848.53    65.26     2.78     0.00  -117.09     9.48  -122.45    47.60    39.84   -38.27   -34.49     0.14     0.00
--> Name of file number  29:                                                     
# Energy files from Qdyn, version: 6.0.16 , git id=adc28a635c78993922188615a73366ace3402081                        
fep_023_0.440.en        1      1899  0.440000  -10249.54  -10224.87    26.68    16.37     0.00   -95.60    27.87   -55.71    65.76   -12.47   -38.55   -27.42     0.66     0.00
fep_023_0.440.en        2      1899  0.560000  -10895.58  -10851.29    64.37     2.80     0.00  -119.10     7.63  -122.45    45.82    39.74   -38.76   -36.39     0.57     0.00
--> Name of file number  30:                                                     
# Energy files from Qdyn, version: 6.0.16 , git id=adc28a635c78993922188615a73366ace3402081                        
fep_024_0.420.en        1      1899  0.420000  -10245.91  -10219.61    29.23    16.41     0.00   -95.86    23.92   -56.52    63.15    -9.66   -39.45   -29.67     0.23     0.00
fep_024_0.420.en        2      1899  0.580000  -10908.37  -10855.28    63.12     3.18     0.00  -123.18     3.80  -122.64    43.28    36.81   -39.63   -37.35     0.15     0.00
--> Name of file number  31:                                                     
# Energy files from Qdyn, version: 6.0.16 , git id=adc28a635c78993922188615a73366ace3402081                        
fep_025_0.400.en        1      1899  0.400000  -10228.32  -10210.85    29.92    16.27     0.00   -91.06    27.40   -56.46    65.80    -8.06   -39.03   -26.54     0.63     0.00
fep_025_0.400.en        2      1899  0.600000  -10905.07  -10856.39    62.99     3.21     0.00  -119.21     4.32  -122.20    43.05    38.73   -39.27   -35.74     0.54     0.00
--> Name of file number  32:                                                     
# Energy files from Qdyn, version: 6.0.16 , git id=adc28a635c78993922188615a73366ace3402081                        
fep_026_0.380.en        1      1899  0.380000  -10221.96  -10207.01    31.51    16.59     0.00   -88.01    24.96   -57.25    64.46    -1.31   -39.37   -29.45    -0.12     0.00
fep_026_0.380.en        2      1899  0.620000  -10913.79  -10859.21    57.87     4.75     0.00  -118.69     1.49  -122.93    41.18    42.90   -39.48   -38.67    -0.21     0.00
--> Name of file number  33:                                                     
# Energy files from Qdyn, version: 6.0.16 , git id=adc28a635c78993922188615a73366ace3402081                        
fep_027_0.360.en        1      1899  0.360000  -10213.15  -10198.06    33.49    16.42     0.00   -90.25    25.25   -57.60    63.70    -3.15   -38.88   -29.49     0.43     0.00
fep_027_0.360.en        2      1899  0.640000  -10923.90  -10861.66    57.18     4.80     0.00  -124.95     0.73  -122.88    39.35    37.86   -38.96   -39.93     0.34     0.00
--> Name of file number  34:                                                     
# Energy files from Qdyn, version: 6.0.16 , git id=adc28a635c78993922188615a73366ace3402081                        
fep_028_0.340.en        1      1899  0.340000  -10193.65  -10183.04    34.55    15.02     0.00   -86.61    26.43   -55.76    63.91    -2.53   -38.61   -28.32     1.12     0.00
fep_028_0.340.en        2      1899  0.660000  -10933.78  -10863.56    56.26     5.50     0.00  -132.73     0.75  -128.19    38.39    33.14   -38.68   -37.68     1.04     0.00
--> Name of file number  35:                                                     
# Energy files from Qdyn, version: 6.0.16 , git id=adc28a635c78993922188615a73366ace3402081                        
fep_029_0.320.en        1      1899  0.320000  -10189.49  -10177.03    35.84    14.75     0.00   -86.89    23.83   -54.72    62.71    -0.72   -39.20   -31.44     0.32     0.00
fep_029_0.320.en        2      1899  0.680000  -10942.51  -10866.00    54.78     5.55     0.00  -135.06    -1.79  -129.29    37.15    36.91   -39.17   -42.67     0.23     0.00
--> Name of file number  36:                                                     
# Energy files from Qdyn, version: 6.0.16 , git id=adc28a635c78993922188615a73366ace3402081                        
fep_030_0.300.en        1      1899  0.300000  -10171.76  -10164.18    37.37    15.29     0.00   -84.83    24.58   -54.76    63.42    -0.38   -39.37   -29.68     0.53     0.00
fep_030_0.300.en        2      1899  0.700000  -10949.52  -10868.01    53.01     5.79     0.00  -137.38    -2.92  -129.49    36.08    33.23   -39.44   -41.12     0.44     0.00
--> Name of file number  37:                                                     
# Energy files from Qdyn, version: 6.0.16 , git id=adc28a635c78993922188615a73366ace3402081                        
fep_031_0.280.en        1      1899  0.280000  -10156.31  -10146.50    34.36    15.20     0.00   -86.11    26.75   -56.42    66.35    -0.75   -39.83   -28.94     0.22     0.00
fep_031_0.280.en        2      1899  0.720000  -10961.83  -10869.78    51.11     3.61     0.00  -142.21    -4.56  -134.77    35.11    33.64   -39.82   -41.08     0.15     0.00
--> Name of file number  38:                                                     
# Energy files from Qdyn, version: 6.0.16 , git id=adc28a635c78993922188615a73366ace3402081                        
fep_032_0.260.en        1      1899  0.260000  -10132.79  -10125.73    32.30    15.49     0.00   -86.25    31.40   -56.50    70.09    -0.45   -39.21   -29.30     0.52     0.00
fep_032_0.260.en        2      1899  0.740000  -10966.05  -10871.16    47.39     3.35     0.00  -141.20    -4.42  -136.74    34.52    36.57   -39.40   -41.03     0.46     0.00
--> Name of file number  39:                                                     
# Energy files from Qdyn, version: 6.0.16 , git id=adc28a635c78993922188615a73366ace3402081                        
fep_033_0.240.en        1      1899  0.240000  -10110.31  -10102.70    40.79    14.47     0.00   -90.42    27.55   -54.62    65.62    -1.86   -38.51   -33.93     0.44     0.00
fep_033_0.240.en        2      1899  0.760000  -10982.62  -10872.80    44.84     5.80     0.00  -154.91    -5.56  -134.64    32.73    27.22   -38.68   -47.49     0.39     0.00
--> Name of file number  40:                                                     
# Energy files from Qdyn, version: 6.0.16 , git id=adc28a635c78993922188615a73366ace3402081                        
fep_034_0.220.en        1      1899  0.220000  -10071.27  -10070.08    51.43    13.91     0.00   -92.33    25.80   -51.75    64.00    -5.10   -38.76   -35.48     0.55     0.00
fep_034_0.220.en        2      1899  0.780000  -10994.00  -10874.01    40.57     8.39     0.00  -161.52    -7.43  -132.61    30.98    20.37   -38.91   -49.28     0.50     0.00
--> Name of file number  41:                                                     
# Energy files from Qdyn, version: 6.0.16 , git id=adc28a635c78993922188615a73366ace3402081                        
fep_035_0.200.en        1      1899  0.200000  -10016.59  -10026.03    58.56    14.37     0.00   -88.30    24.82   -48.32    62.01    -4.16   -37.80   -35.82     0.61     0.00
fep_035_0.200.en        2      1899  0.800000  -11002.95  -10875.48    36.74    10.50     0.00  -167.32    -7.39  -134.15    30.12    16.14   -38.05   -49.31     0.55     0.00
--> Name of file number  42:                                                     
# Energy files from Qdyn, version: 6.0.16 , git id=adc28a635c78993922188615a73366ace3402081                        
fep_036_0.180.en        1      1899  0.180000   -9954.45   -9966.78    62.07    13.42     0.00   -87.24    24.08   -49.77    62.46    -2.87   -38.49   -34.59     0.11     0.00
fep_036_0.180.en        2      1899  0.820000  -11017.65  -10876.35    32.44    10.17     0.00  -174.39    -9.53  -144.65    29.02    17.88   -38.59   -47.63     0.05     0.00
--> Name of file number  43:                                                     
# Energy files from Qdyn, version: 6.0.16 , git id=adc28a635c78993922188615a73366ace3402081                        
fep_037_0.160.en        1      1899  0.160000   -9865.63   -9883.94    64.25    14.42     0.00   -83.00    22.64   -50.05    61.05    -2.08   -38.98   -30.87     0.56     0.00
fep_037_0.160.en        2      1899  0.840000  -11029.90  -10876.62    27.74     9.97     0.00  -179.61   -11.38  -153.80    27.27    18.76   -39.16   -44.57     0.50     0.00
--> Name of file number  44:                                                     
# Energy files from Qdyn, version: 6.0.16 , git id=adc28a635c78993922188615a73366ace3402081                        
fep_038_0.140.en        1      1899  0.140000   -9758.78   -9767.71    56.49    15.52     0.00   -86.58    23.49   -52.14    61.40    -0.84   -38.54   -33.60     0.63     0.00
fep_038_0.140.en        2      1899  0.860000  -11049.67  -10877.13    24.54     8.35     0.00  -193.96   -11.47  -169.74    26.56    21.31   -38.61   -45.53     0.58     0.00
--> Name of file number  45:                                                     
# Energy files from Qdyn, version: 6.0.16 , git id=adc28a635c78993922188615a73366ace3402081                        
fep_039_0.120.en        1      1899  0.120000   -9728.76   -9772.92    63.13    14.36     0.00   -57.19    23.84   -32.27    60.77    20.08   -37.24   -44.99     0.31     0.00
fep_039_0.120.en        2      1899  0.880000  -10889.21  -10869.42    20.77    10.37     0.00   -32.05   -18.88   -17.45    18.26    45.74   -37.42   -60.34     0.29     0.00
--> Name of file number  46:                                                     
# Energy files from Qdyn, version: 6.0.16 , git id=adc28a635c78993922188615a73366ace3402081                        
fep_040_0.100.en        1      1899  0.100000   -9697.33   -9743.80    67.33    14.46     0.00   -59.28    23.96   -32.07    61.20    22.00   -37.75   -49.21     0.51     0.00
fep_040_0.100.en        2      1899  0.900000  -10899.84  -10876.14    14.49    11.66     0.00   -28.95   -20.90   -11.54    16.52    47.69   -37.89   -65.10     0.47     0.00
--> Name of file number  47:                                                     
# Energy files from Qdyn, version: 6.0.16 , git id=adc28a635c78993922188615a73366ace3402081                        
fep_041_0.080.en        1      1899  0.080000   -9662.31   -9709.16    65.77    13.91     0.00   -55.58    22.75   -30.99    60.40    20.56   -37.56   -45.14    -0.09     0.00
fep_041_0.080.en        2      1899  0.920000  -10908.20  -10878.77    10.38    11.13     0.00   -27.66   -23.28   -10.15    14.53    44.93   -37.69   -62.44    -0.11     0.00
--> Name of file number  48:                                                     
# Energy files from Qdyn, version: 6.0.16 , git id=adc28a635c78993922188615a73366ace3402081                        
fep_042_0.060.en        1      1899  0.060000   -9617.76   -9669.00    69.21    14.19     0.00   -57.26    25.11   -33.20    62.38    22.82   -37.94   -46.88     0.67     0.00
fep_042_0.060.en        2      1899  0.940000  -10911.75  -10879.06     8.88    11.41     0.00   -29.54   -23.44   -10.91    13.99    45.77   -38.06   -64.40     0.63     0.00
--> Name of file number  49:                                                     
# Energy files from Qdyn, version: 6.0.16 , git id=adc28a635c78993922188615a73366ace3402081                        
fep_043_0.040.en        1      1899  0.040000   -9584.09   -9635.25    71.84    14.11     0.00   -60.55    25.75   -33.61    63.02    19.75   -37.91   -46.69     0.64     0.00
fep_043_0.040.en        2      1899  0.960000  -10917.24  -10878.54     6.20    11.73     0.00   -31.81   -24.83   -11.29    12.74    43.42   -38.16   -63.95     0.59     0.00
--> Name of file number  50:                                                     
# Energy files from Qdyn, version: 6.0.16 , git id=adc28a635c78993922188615a73366ace3402081                        
fep_044_0.020.en        1      1899  0.020000   -9556.65   -9615.50    75.17    13.65     0.00   -59.16    29.19   -32.93    65.28    19.23   -37.28   -45.46     1.19     0.00
fep_044_0.020.en        2      1899  0.980000  -10916.31  -10878.55     6.05    11.79     0.00   -31.27   -24.33   -10.37    12.00    42.31   -37.48   -63.21     1.15     0.00
--> Name of file number  51:                                                     
# Energy files from Qdyn, version: 6.0.16 , git id=adc28a635c78993922188615a73366ace3402081                        
fep_045_0.000.en        1      1899  0.000000   -9533.28   -9595.39    80.36    13.97     0.00   -62.53    30.30   -33.85    67.91    18.73   -38.04   -47.41     0.43     0.00
fep_045_0.000.en        2      1899  1.000000  -10922.29  -10879.63     6.08    11.87     0.00   -34.62   -25.99   -11.13    11.81    40.14   -38.19   -63.63     0.39     0.00


# Part 1: Free energy perturbation summary:

# Calculation for full system
# lambda(1)      dGf sum(dGf)      dGr sum(dGr)     <dG>
   1.000000     0.000     0.000    -5.125  1102.863     0.000
   0.980000     8.490     8.490    -2.449  1107.987     6.808
   0.960000     2.939    11.429     0.723  1110.436     9.501
   0.940000    -0.098    11.331     3.490  1109.713     9.091
   0.920000    -3.604     7.727     6.717  1106.223     5.544
   0.900000    -6.383     1.344     8.928  1099.506    -1.006
   0.880000    -9.577    -8.233    11.192  1090.579   -10.259
   0.860000   -12.377   -20.610    13.425  1079.387   -22.043
   0.840000   -13.597   -34.207    14.361  1065.962   -35.554
   0.820000   -14.653   -48.860    15.832  1051.601   -50.061
   0.800000   -15.420   -64.280    17.123  1035.770   -65.687
   0.780000   -16.752   -81.032    17.862  1018.646   -82.624
   0.760000   -17.682   -98.714    19.375  1000.785  -100.396
   0.740000   -18.380  -117.093    19.599   981.410  -119.273
   0.720000   -19.723  -136.816    20.135   961.811  -138.934
   0.700000   -20.000  -156.816    20.384   941.676  -159.001
   0.680000   -20.322  -177.138    20.547   921.292  -179.354
   0.660000   -20.649  -197.786    20.848   900.745  -199.952
   0.640000   -20.834  -218.621    21.126   879.897  -220.793
   0.620000   -21.168  -239.788    21.361   858.770  -241.940
   0.600000   -21.402  -261.190    21.586   837.410  -263.322
   0.580000   -21.634  -282.825    21.860   815.824  -284.932
   0.560000   -21.832  -304.657    22.012   793.964  -306.777
   0.540000   -22.112  -326.769    22.359   771.953  -328.839
   0.520000   -22.246  -349.015    22.506   749.594  -351.142
   0.500000   -22.520  -371.536    22.861   727.087  -373.655
   0.480000   -22.789  -394.325    22.924   704.226  -396.481
   0.460000   -23.125  -417.449    23.203   681.302  -419.505
   0.440000   -23.147  -440.597    23.544   658.099  -442.680
   0.420000   -23.469  -464.066    23.764   634.555  -466.187
   0.400000   -23.779  -487.845    24.128   610.790  -489.959
   0.380000   -24.148  -511.993    24.480   586.662  -514.097
   0.360000   -24.369  -536.362    25.005   562.182  -538.521
   0.340000   -24.794  -561.156    25.313   537.177  -563.421
   0.320000   -25.429  -586.585    25.785   511.864  -588.792
   0.300000   -25.637  -612.222    26.326   486.079  -614.503
   0.280000   -26.150  -638.372    26.862   459.753  -640.741
   0.260000   -26.723  -665.096    27.511   432.892  -667.533
   0.240000   -27.337  -692.433    28.469   405.380  -694.958
   0.220000   -28.196  -720.629    29.690   376.912  -723.290
   0.200000   -29.324  -749.953    31.005   347.221  -752.797
   0.180000   -30.727  -780.680    32.810   316.216  -783.663
   0.160000   -32.458  -813.137    34.727   283.407  -816.297
   0.140000   -34.634  -847.772    31.775   248.680  -850.977
   0.120000   -38.949  -886.721    33.821   216.905  -886.339
   0.100000  -110.885  -997.606    34.845   183.083  -958.693
   0.080000   -34.956 -1032.562    35.981   148.239  -993.593
   0.060000   -35.750 -1068.312    36.815   112.258 -1029.458
   0.040000   -36.573 -1104.885    37.427    75.443 -1066.153
   0.020000   -37.264 -1142.149    38.015    38.015 -1103.498
   0.000000   -37.806 -1179.955     0.000     0.000 -1141.409

# Min energy-gap is:   -511.91
# Max energy-gap is:   5767.87



# Part 2: Reaction free energy summary:
# Lambda(1)  bin Energy gap      dGa     dGb     dGg    # pts    c1**2    c2**2
   1.000000    1    -480.52       0.00     451.56      -1.92    967     0.996     0.004
   1.000000    2    -417.72       0.00     389.56      -2.10    792     0.995     0.005
   1.000000    3    -354.92       0.00     353.96      -2.39    140     0.994     0.006
   0.980000    3    -354.92       0.03     327.15      -2.60     30     0.992     0.008
   0.980000    4    -292.12       0.95     264.82      -2.08    294     0.989     0.011
   0.980000    5    -229.32       2.13     203.45      -1.66    742     0.983     0.017
   0.980000    6    -166.53       3.32     142.53      -1.80    597     0.971     0.029
   0.980000    7    -103.73       4.47      81.87      -3.69    205     0.939     0.061
   0.980000    8     -40.93       5.66      32.46     -12.19     31     0.830     0.170
   0.960000    6    -166.53       2.70     141.83      -2.42    316     0.968     0.032
   0.960000    7    -103.73       5.07      81.61      -3.22    541     0.927     0.073
   0.960000    8     -40.93       7.47      21.55     -14.28    584     0.769     0.231
   0.960000    9      21.87       9.86     -38.53     -52.11    362     0.373     0.627
   0.960000   10      84.67      12.14     -95.98    -103.47     84     0.121     0.879
   0.940000    8     -40.93       6.45      20.21     -15.49     91     0.716     0.284
   0.940000    9      21.87      10.02     -38.31     -51.93    389     0.290     0.710
   0.940000   10      84.67      13.35     -97.21    -104.54    637     0.100     0.900
   0.940000   11     147.46      17.10    -156.20    -161.11    500     0.039     0.961
   0.940000   12     210.26      20.86    -215.18    -218.86    217     0.020     0.980
   0.940000   13     273.06      24.19    -265.90    -268.92     60     0.013     0.987
   0.920000   10      84.67      11.02     -99.00    -106.31     50     0.099     0.901
   0.920000   11     147.46      16.92    -156.36    -161.29    205     0.034     0.966
   0.920000   12     210.26      21.24    -214.36    -218.04    568     0.019     0.981
   0.920000   13     273.06      26.02    -272.10    -275.03    587     0.012     0.988
   0.920000   14     335.86      31.07    -328.76    -331.20    404     0.008     0.992
   0.920000   15     398.65      35.69    -386.76    -388.85     83     0.006     0.994
   0.900000   13     273.06      25.58    -272.73    -275.67    102     0.011     0.989
   0.900000   14     335.86      31.12    -329.07    -331.51    464     0.008     0.992
   0.900000   15     398.65      37.19    -385.40    -387.48    674     0.006     0.994
   0.900000   16     461.45      43.27    -441.72    -443.54    472     0.004     0.996
   0.900000   17     524.25      49.35    -498.55    -500.16    145     0.003     0.997
   0.900000   18     587.05      55.53    -549.47    -550.94     29     0.003     0.997
   0.880000   14     335.86      29.79    -331.72    -334.15     31     0.007     0.993
   0.880000   15     398.65      35.74    -386.23    -388.32    151     0.005     0.995
   0.880000   16     461.45      42.99    -441.16    -442.98    397     0.004     0.996
   0.880000   17     524.25      50.43    -496.77    -498.38    525     0.003     0.997
   0.880000   18     587.05      58.01    -551.64    -553.09    443     0.003     0.997
   0.880000   19     649.85      65.39    -606.86    -608.18    314     0.002     0.998
   0.880000   20     712.64      72.82    -661.02    -662.24     38     0.002     0.998
   0.860000   16     461.45      41.46    -443.96    -445.78     40     0.004     0.996
   0.860000   17     524.25      48.81    -497.19    -498.80    208     0.003     0.997
   0.860000   18     587.05      57.64    -551.32    -552.77    592     0.003     0.997
   0.860000   19     649.85      65.98    -605.21    -606.53    680     0.002     0.998
   0.860000   20     712.64      74.77    -658.29    -659.50    339     0.002     0.998
   0.860000   21     775.44      83.19    -703.10    -704.23     40     0.002     0.998
   0.840000   18     587.05      57.89    -553.12    -554.58     53     0.002     0.998
   0.840000   19     649.85      65.87    -605.48    -606.80    532     0.002     0.998
   0.840000   20     712.64      75.15    -657.83    -659.04    971     0.002     0.998
   0.840000   21     775.44      84.75    -709.95    -711.06    336     0.002     0.998
   0.820000   19     649.85      63.69    -606.68    -607.99    107     0.002     0.998
   0.820000   20     712.64      74.75    -657.58    -658.79    777     0.002     0.998
   0.820000   21     775.44      85.46    -708.46    -709.58    884     0.002     0.998
   0.820000   22     838.24      96.11    -746.93    -747.98    131     0.001     0.999
   0.800000   20     712.64      76.83    -659.11    -660.32     60     0.002     0.998
   0.800000   21     775.44      85.71    -708.92    -710.04    750     0.001     0.999
   0.800000   22     838.24      97.38    -758.11    -759.14    955     0.001     0.999
   0.800000   23     901.04     109.43    -808.30    -809.27    133     0.001     0.999
   0.780000   21     775.44      89.65    -709.88    -711.00     29     0.001     0.999
   0.780000   22     838.24      97.68    -758.78    -759.81    859     0.001     0.999
   0.780000   23     901.04     110.25    -806.16    -807.13    981     0.001     0.999
   0.780000   24     963.84     123.33    -819.51    -820.46     30     0.001     0.999
   0.760000   22     838.24     100.41    -759.70    -760.73    197     0.001     0.999
   0.760000   23     901.04     110.61    -806.19    -807.15   1357     0.001     0.999
   0.760000   24     963.84     124.64    -853.26    -854.17    345     0.001     0.999
   0.740000   23     901.04     119.28    -807.46    -808.43     52     0.001     0.999
   0.740000   24     963.84     125.71    -853.20    -854.10   1394     0.001     0.999
   0.740000   25    1026.63     140.73    -881.92    -882.79    453     0.001     0.999
   0.720000   23     901.04     118.50    -808.93    -809.90     25     0.001     0.999
   0.720000   24     963.84     125.28    -853.28    -854.18   1056     0.001     0.999
   0.720000   25    1026.63     141.23    -896.59    -897.44    815     0.001     0.999
   0.700000   24     963.84     131.43    -854.34    -855.24    318     0.001     0.999
   0.700000   25    1026.63     141.48    -894.79    -895.64   1581     0.001     0.999
   0.680000   24     963.84     129.22    -854.28    -855.18    122     0.001     0.999
   0.680000   25    1026.63     141.59    -895.86    -896.71   1688     0.001     0.999
   0.680000   26    1089.43     160.30    -911.78    -912.62     89     0.001     0.999
   0.660000   24     963.84     133.99    -855.51    -856.41     54     0.001     0.999
   0.660000   25    1026.63     141.32    -895.33    -896.18   1589     0.001     0.999
   0.660000   26    1089.43     161.06    -920.19    -921.01    256     0.001     0.999
   0.640000   25    1026.63     140.86    -895.78    -896.63   1183     0.001     0.999
   0.640000   26    1089.43     161.68    -928.83    -929.64    708     0.001     0.999
   0.620000   25    1026.63     141.62    -896.09    -896.95    732     0.001     0.999
   0.620000   26    1089.43     161.90    -931.69    -932.49   1163     0.001     0.999
   0.600000   25    1026.63     143.09    -896.52    -897.37    397     0.001     0.999
   0.600000   26    1089.43     162.08    -931.69    -932.49   1490     0.001     0.999
   0.580000   25    1026.63     146.06    -896.92    -897.77    151     0.001     0.999
   0.580000   26    1089.43     161.96    -931.91    -932.72   1690     0.001     0.999
   0.580000   27    1152.23     186.76    -950.05    -950.83     58     0.001     0.999
   0.560000   25    1026.63     149.64    -897.89    -898.74     22     0.001     0.999
   0.560000   26    1089.43     161.75    -931.96    -932.76   1631     0.001     0.999
   0.560000   27    1152.23     187.84    -951.17    -951.94    246     0.001     0.999
   0.540000   26    1089.43     161.91    -931.99    -932.79   1463     0.001     0.999
   0.540000   27    1152.23     188.20    -957.19    -957.95    422     0.001     0.999
   0.520000   26    1089.43     168.89    -932.32    -933.12    877     0.001     0.999
   0.520000   27    1152.23     188.47    -955.87    -956.64   1022     0.001     0.999
   0.500000   26    1089.43     160.02    -932.47    -933.28    533     0.001     0.999
   0.500000   27    1152.23     188.81    -960.81    -961.57   1356     0.001     0.999
   0.480000   26    1089.43     174.50    -933.14    -933.95    149     0.001     0.999
   0.480000   27    1152.23     189.05    -961.77    -962.53   1675     0.001     0.999
   0.480000   28    1215.03     220.27    -973.40    -974.14     75     0.001     0.999
   0.460000   26    1089.43     171.77    -934.06    -934.86     84     0.001     0.999
   0.460000   27    1152.23     188.75    -961.08    -961.84   1742     0.001     0.999
   0.460000   28    1215.03     221.02    -978.46    -979.20     73     0.001     0.999
   0.440000   27    1152.23     188.57    -961.38    -962.14   1505     0.001     0.999
   0.440000   28    1215.03     221.62    -980.65    -981.38    385     0.001     0.999
   0.420000   27    1152.23     189.96    -961.58    -962.34   1003     0.001     0.999
   0.420000   28    1215.03     222.14    -982.46    -983.19    895     0.001     0.999
   0.400000   27    1152.23     195.25    -961.81    -962.57    534     0.001     0.999
   0.400000   28    1215.03     222.59    -985.34    -986.06   1323     0.001     0.999
   0.400000   29    1277.82     259.33   -1003.05   -1003.75     42     0.001     0.999
   0.380000   27    1152.23     204.83    -962.80    -963.56    127     0.001     0.999
   0.380000   28    1215.03     222.70    -985.00    -985.72   1701     0.001     0.999
   0.380000   29    1277.82     259.92    -995.77    -996.48     71     0.001     0.999
   0.360000   28    1215.03     222.71    -985.10    -985.82   1440     0.001     0.999
   0.360000   29    1277.82     260.88   -1006.24   -1006.92    451     0.001     0.999
   0.340000   28    1215.03     223.71    -985.78    -986.50    542     0.001     0.999
   0.340000   29    1277.82     261.44   -1005.83   -1006.52   1308     0.001     0.999
   0.340000   30    1340.62     302.16   -1020.99   -1021.66     49     0.001     0.999
   0.320000   28    1215.03     237.78    -986.54    -987.26    212     0.001     0.999
   0.320000   29    1277.82     261.56   -1005.23   -1005.92   1572     0.001     0.999
   0.320000   30    1340.62     302.96   -1013.77   -1014.44    115     0.001     0.999
   0.300000   28    1215.03     248.11    -987.67    -988.39     23     0.001     0.999
   0.300000   29    1277.82     261.36   -1005.49   -1006.18   1298     0.001     0.999
   0.300000   30    1340.62     303.83   -1022.20   -1022.85    578     0.001     0.999
   0.280000   29    1277.82     265.95   -1005.92   -1006.61    486     0.001     0.999
   0.280000   30    1340.62     304.35   -1022.05   -1022.71   1348     0.001     0.999
   0.280000   31    1403.42     348.79   -1030.59   -1031.23     65     0.000     1.000
   0.260000   29    1277.82     283.42   -1006.69   -1007.38     62     0.001     0.999
   0.260000   30    1340.62     304.91   -1022.18   -1022.83   1380     0.000     1.000
   0.260000   31    1403.42     349.68   -1036.35   -1036.98    449     0.000     1.000
   0.240000   30    1340.62     304.25   -1022.89   -1023.55    480     0.000     1.000
   0.240000   31    1403.42     350.45   -1037.10   -1037.73   1235     0.000     1.000
   0.240000   32    1466.22     397.19   -1049.28   -1049.89    176     0.000     1.000
   0.220000   30    1340.62     329.33   -1023.90   -1024.56     30     0.000     1.000
   0.220000   31    1403.42     350.36   -1037.36   -1037.99    761     0.000     1.000
   0.220000   32    1466.22     398.42   -1050.31   -1050.91    980     0.000     1.000
   0.220000   33    1529.02     446.78   -1063.37   -1063.95    125     0.000     1.000
   0.200000   31    1403.42     369.72   -1038.76   -1039.39     35     0.000     1.000
   0.200000   32    1466.22     398.92   -1050.75   -1051.35    798     0.000     1.000
   0.200000   33    1529.02     447.75   -1062.70   -1063.28    874     0.000     1.000
   0.200000   34    1591.81     497.94   -1074.83   -1075.38    188     0.000     1.000
   0.180000   32    1466.22     408.81   -1051.99   -1052.60     51     0.000     1.000
   0.180000   33    1529.02     447.52   -1063.10   -1063.68    564     0.000     1.000
   0.180000   34    1591.81     498.40   -1073.99   -1074.55    910     0.000     1.000
   0.180000   35    1654.61     549.68   -1085.03   -1085.57    328     0.000     1.000
   0.180000   36    1717.41     601.14   -1091.15   -1091.68     46     0.000     1.000
   0.160000   34    1591.81     498.13   -1074.81   -1075.36    225     0.000     1.000
   0.160000   35    1654.61     549.96   -1084.54   -1085.07    720     0.000     1.000
   0.160000   36    1717.41     602.40   -1094.24   -1094.75    726     0.000     1.000
   0.160000   37    1780.21     654.75   -1103.58   -1104.08    192     0.000     1.000
   0.160000   38    1843.01     709.28   -1111.16   -1111.65     20     0.000     1.000
   0.140000   35    1654.61     551.78   -1085.98   -1086.51     70     0.000     1.000
   0.140000   36    1717.41     602.81   -1094.49   -1095.01    379     0.000     1.000
   0.140000   37    1780.21     655.71   -1103.06   -1103.55    570     0.000     1.000
   0.140000   38    1843.01     709.87   -1111.78   -1112.26    484     0.000     1.000
   0.140000   39    1905.80     763.75   -1120.42   -1120.89    251     0.000     1.000
   0.140000   40    1968.60     817.71   -1129.25   -1129.70    114     0.000     1.000
   0.140000   41    2031.40     876.71   -1138.23   -1138.67     23     0.000     1.000
   0.120000   33    1529.02     434.86   -1072.14   -1072.72     58     0.000     1.000
   0.120000   34    1591.81     490.47   -1079.96   -1080.51    355     0.000     1.000
   0.120000   35    1654.61     544.93   -1087.18   -1087.71    875     0.000     1.000
   0.120000   36    1717.41     599.72   -1094.33   -1094.85    476     0.000     1.000
   0.120000   37    1780.21     654.69   -1100.17   -1100.67     46     0.000     1.000
   0.100000   34    1591.81     478.77   -1119.89   -1120.45     23     0.000     1.000
   0.100000   35    1654.61     506.71   -1126.35   -1126.88    336     0.000     1.000
   0.100000   36    1717.41     561.75   -1132.20   -1132.71    983     0.000     1.000
   0.100000   37    1780.21     617.68   -1137.61   -1138.11    544     0.000     1.000
   0.080000   35    1654.61     528.05   -1127.83   -1128.36     30     0.000     1.000
   0.080000   36    1717.41     561.05   -1132.47   -1132.99    582     0.000     1.000
   0.080000   37    1780.21     618.01   -1137.16   -1137.66   1067     0.000     1.000
   0.080000   38    1843.01     675.09   -1140.63   -1141.12    220     0.000     1.000
   0.060000   36    1717.41     583.20   -1133.88   -1134.40     20     0.000     1.000
   0.060000   37    1780.21     617.50   -1137.34   -1137.84    854     0.000     1.000
   0.060000   38    1843.01     675.89   -1140.37   -1140.85    994     0.000     1.000
   0.060000   39    1905.80     733.76   -1142.29   -1142.77     31     0.000     1.000
   0.040000   37    1780.21     618.50   -1138.20   -1138.70    113     0.000     1.000
   0.040000   38    1843.01     676.60   -1140.41   -1140.89   1425     0.000     1.000
   0.040000   39    1905.80     735.44   -1141.81   -1142.28    361     0.000     1.000
   0.020000   38    1843.01     678.53   -1140.71   -1141.20    781     0.000     1.000
   0.020000   39    1905.80     735.79   -1141.46   -1141.93   1089     0.000     1.000
   0.020000   40    1968.60     796.54   -1142.50   -1142.96     27     0.000     1.000
   0.000000   38    1843.01     707.95   -1141.41   -1141.89    118     0.000     1.000
   0.000000   39    1905.80     736.41   -1141.41   -1141.88   1539     0.000     1.000
   0.000000   40    1968.60     797.73   -1141.41   -1141.87    242     0.000     1.000


# Part 3: Bin-averaged summary:
# bin  energy gap  <dGg> <dGg norm> pts  <c1**2> <c2**2> <r_xy>
   1   -480.52     -1.92   1138.42        967    0.996    0.004    7.724
   2   -417.72     -2.10   1138.24        792    0.995    0.005    7.685
   3   -354.92     -2.43   1137.91        170    0.993    0.007    7.461
   4   -292.12     -2.08   1138.26        294    0.989    0.011    6.896
   5   -229.32     -1.66   1138.68        742    0.983    0.017    7.188
   6   -166.53     -2.01   1138.33        913    0.970    0.030    6.916
   7   -103.73     -3.35   1136.99        746    0.930    0.070    6.668
   8    -40.93    -14.35   1125.99        706    0.765    0.235    6.629
   9     21.87    -52.02   1088.32        751    0.330    0.670    6.549
  10     84.67   -104.54   1035.80        771    0.102    0.898    6.678
  11    147.46   -161.16    979.18        705    0.038    0.962    6.737
  12    210.26   -218.26    922.07        785    0.019    0.981    6.670
  13    273.06   -274.63    865.71        749    0.012    0.988    6.621
  14    335.86   -331.46    808.88        899    0.008    0.992    6.389
  15    398.65   -387.75    752.59        908    0.006    0.994    6.270
  16    461.45   -443.40    696.94        909    0.004    0.996    6.333
  17    524.25   -498.78    641.56        878    0.003    0.997    6.586
  18    587.05   -552.94    587.40       1117    0.003    0.997    6.629
  19    649.85   -607.03    533.31       1633    0.002    0.998    6.499
  20    712.64   -659.11    481.23       2185    0.002    0.998    6.282
  21    775.44   -709.91    430.43       2039    0.001    0.999    6.338
  22    838.24   -758.88    381.46       2142    0.001    0.999    7.102
  23    901.04   -807.31    333.03       2548    0.001    0.999    7.583
  24    963.84   -854.02    286.32       3319    0.001    0.999    8.421
  25   1026.63   -895.82    244.52       8611    0.001    0.999    8.617
  26   1089.43   -932.09    208.25      10133    0.001    0.999    8.456
  27   1152.23   -961.05    179.29       9690    0.001    0.999    8.430
  28   1215.03   -985.14    155.20       6669    0.001    0.999    7.983
  29   1277.82  -1006.15    134.19       5290    0.001    0.999    7.623
  30   1340.62  -1022.63    117.70       3980    0.001    0.999    6.939
  31   1403.42  -1037.53    102.81       2545    0.000    1.000    6.435
  32   1466.22  -1051.04     89.30       2005    0.000    1.000    6.384
  33   1529.02  -1063.81     76.53       1621    0.000    1.000    6.327
  34   1591.81  -1076.61     63.72       1701    0.000    1.000    6.393
  35   1654.61  -1092.67     47.67       2359    0.000    1.000    6.448
  36   1717.41  -1113.54     26.79       3212    0.000    1.000    6.454
  37   1780.21  -1129.66     10.67       3386    0.000    1.000    6.492
  38   1843.01  -1137.41      2.93       4042    0.000    1.000    6.534
  39   1905.80  -1140.34      0.00       3271    0.000    1.000    6.551
  40   1968.60  -1138.33      2.01        383    0.000    1.000    6.602
  41   2031.40  -1138.67      1.67         23    0.000    1.000    6.641
