
Build and version information

Build number 6.0.15
Build date   20240314
Built:       
      by     p315462
      on     login1
      git id adc28a635c78993922188615a73366ace3402081
      with   GNU Fortran GCC 11.3.0
qfep version 6.0.15 , git id=adc28a635c78993922188615a73366ace3402081 initialising
Current date 2024- 4-18 and time 17:10:32

Welcome in qfep modification date 20240314

 Q6, Copyright © 2017 Johan Åqvist, John Marelius, Shina Caroline Lynn Kamerlin and Paul Bauer
 Q6 comes with ABSOLUTELY NO WARRANTY.  This is free software, and you are welcome
 to redistribute it under certain conditions. For details, add the --help flag.
--> Number of energy files: # Number of files                 =    51
--> No. of states, no. of predefined off-diag elements: # Number of states                 =     2
# Number of off-diagonal elements =     0
--> Give kT & no, of pts to skip   & calculation mode: # kT                              = 0.592
# Number of data points to skip   =   100
# Only QQ interactions will be considered   =   0
--> Give number of gap-bins: # Number of gap-bins              =   100
--> Give minimum # pts/bin: # Minimum number of points per bin=    20
--> Give alpha for state  2:                                                    # Alpha for state  2              =  -520.50
--> Number of off-diagonal elements:# Number of off-diagonal elements =     1
#   i   j   A(i,j)  mu(i,j) eta(i,j) rxy0(i,j)
--> i, j, A_ij, mu_ij, eta_ij, r_xy0: #   1   2     30.00      0.00      0.00      0.00
--> linear combination of states defining reaction coord: # Linear combination co-efficients=  1.00 -1.00


# Part 0: Average energies for all states in all files
# file             state   pts   lambda    EQtot   EQbond  EQang   EQtor   EQimp    EQel   EQvdW  Eel_qq  EvdW_qq Eel_qp  EvdW_qp Eel_qw EvdW_qw Eqrstr
--> Name of file number   1:                                                     
# Energy files from Qdyn, version: 6.0.16 , git id=adc28a635c78993922188615a73366ace3402081                        
fep_050_1.000.en        1      1899  1.000000  -10018.48   -9781.02    10.79     9.23     0.00  -245.52   -11.97   -56.38     7.38   -17.17     0.90  -171.97   -20.25     0.00
fep_050_1.000.en        2      1899  0.000000   -9167.56   -9615.36   292.06     6.89     0.00  -336.71   485.57  -187.20   505.28   -11.12     0.95  -138.40   -20.65     0.00
--> Name of file number   2:                                                     
# Energy files from Qdyn, version: 6.0.16 , git id=adc28a635c78993922188615a73366ace3402081                        
fep_049_0.980.en        1      1899  0.980000  -10029.38   -9780.13    10.76     9.24     0.00  -259.62    -9.63   -57.76     8.73   -16.05     0.62  -185.81   -18.98     0.00
fep_049_0.980.en        2      1899  0.020000   -9479.41   -9716.52   163.35     4.89     0.00  -327.67   396.54  -167.89   415.32   -10.27     0.67  -149.51   -19.45     0.00
--> Name of file number   3:                                                     
# Energy files from Qdyn, version: 6.0.16 , git id=adc28a635c78993922188615a73366ace3402081                        
fep_048_0.960.en        1      1899  0.960000  -10015.82   -9776.51    11.63     9.46     0.00  -252.43    -7.96   -58.50    11.59   -16.53     0.72  -177.40   -20.27     0.00
fep_048_0.960.en        2      1899  0.040000   -9644.24   -9832.23   153.46     6.12     0.00  -313.68   342.08  -157.58   362.03   -10.59     0.77  -145.51   -20.72     0.00
--> Name of file number   4:                                                     
# Energy files from Qdyn, version: 6.0.16 , git id=adc28a635c78993922188615a73366ace3402081                        
fep_047_0.940.en        1      1899  0.940000  -10001.86   -9772.38    11.15     9.69     0.00  -246.98    -3.35   -59.19    15.95   -15.00     0.19  -172.78   -19.49     0.00
fep_047_0.940.en        2      1899  0.060000   -9795.00   -9949.61   145.96     4.86     0.00  -303.36   307.14  -149.62   326.84    -9.60     0.24  -144.14   -19.95     0.00
--> Name of file number   5:                                                     
# Energy files from Qdyn, version: 6.0.16 , git id=adc28a635c78993922188615a73366ace3402081                        
fep_046_0.920.en        1      1899  0.920000  -10001.79   -9769.06    10.87     9.65     0.00  -255.06     1.80   -57.90    21.94   -15.20     0.38  -181.96   -20.51     0.00
fep_046_0.920.en        2      1899  0.080000   -9931.24  -10050.11   136.74     4.52     0.00  -302.90   280.52  -145.45   301.06    -9.91     0.43  -147.55   -20.97     0.00
--> Name of file number   6:                                                     
# Energy files from Qdyn, version: 6.0.16 , git id=adc28a635c78993922188615a73366ace3402081                        
fep_000_0.900.en        1      1899  0.900000   -9994.91   -9763.10    10.35     9.65     0.00  -258.25     6.46   -54.90    25.65   -16.09     0.57  -187.26   -19.77     0.00
fep_000_0.900.en        2      1899  0.100000  -10026.36  -10104.75   130.13     3.89     0.00  -303.14   247.51  -141.22   267.06   -10.51     0.62  -151.42   -20.16     0.00
--> Name of file number   7:                                                     
# Energy files from Qdyn, version: 6.0.16 , git id=adc28a635c78993922188615a73366ace3402081                        
fep_001_0.880.en        1      1899  0.880000   -9974.15   -9756.78    11.46     9.51     0.00  -252.46    14.12   -57.62    34.13   -15.46     0.55  -179.37   -20.57     0.00
fep_001_0.880.en        2      1899  0.120000  -10150.77  -10212.72   122.89     4.38     0.00  -296.46   231.14  -137.27   251.52   -10.07     0.60  -149.12   -20.99     0.00
--> Name of file number   8:                                                     
# Energy files from Qdyn, version: 6.0.16 , git id=adc28a635c78993922188615a73366ace3402081                        
fep_002_0.860.en        1      1899  0.860000   -9956.56   -9748.28    11.61     9.65     0.00  -252.71    23.17   -58.03    41.35   -14.99     0.43  -179.69   -18.60     0.00
fep_002_0.860.en        2      1899  0.140000  -10264.72  -10311.51   117.48     5.59     0.00  -292.92   216.63  -129.86   235.16    -9.88     0.48  -153.18   -19.00     0.00
--> Name of file number   9:                                                     
# Energy files from Qdyn, version: 6.0.16 , git id=adc28a635c78993922188615a73366ace3402081                        
fep_003_0.840.en        1      1899  0.840000   -9931.91   -9735.22    12.24     9.60     0.00  -249.47    30.93   -58.74    49.15   -16.14     0.77  -174.58   -18.99     0.00
fep_003_0.840.en        2      1899  0.160000  -10395.08  -10403.59   105.86     4.97     0.00  -296.51   194.19  -126.22   212.81   -10.54     0.82  -159.74   -19.43     0.00
--> Name of file number  10:                                                     
# Energy files from Qdyn, version: 6.0.16 , git id=adc28a635c78993922188615a73366ace3402081                        
fep_004_0.820.en        1      1899  0.820000   -9907.23   -9719.59    14.20     9.97     0.00  -252.85    41.04   -56.56    58.05   -15.75     0.67  -180.54   -17.67     0.00
fep_004_0.820.en        2      1899  0.180000  -10517.86  -10499.86    94.51     4.56     0.00  -289.33   172.25  -123.88   189.60   -10.12     0.71  -155.33   -18.05     0.00
--> Name of file number  11:                                                     
# Energy files from Qdyn, version: 6.0.16 , git id=adc28a635c78993922188615a73366ace3402081                        
fep_005_0.800.en        1      1899  0.800000   -9873.83   -9701.22    16.96     9.41     0.00  -246.65    47.66   -58.74    64.36   -16.15     0.67  -171.76   -17.37     0.00
fep_005_0.800.en        2      1899  0.200000  -10640.53  -10584.24    82.80     4.21     0.00  -288.61   145.31  -122.38   162.35   -10.45     0.71  -155.78   -17.75     0.00
--> Name of file number  12:                                                     
# Energy files from Qdyn, version: 6.0.16 , git id=adc28a635c78993922188615a73366ace3402081                        
fep_006_0.780.en        1      1899  0.780000   -9845.49   -9676.84    21.42     9.15     0.00  -249.51    50.28   -60.20    67.25   -16.31     0.49  -173.01   -17.46     0.00
fep_006_0.780.en        2      1899  0.220000  -10764.35  -10657.63    64.27     4.32     0.00  -289.88   114.58  -117.69   131.93   -10.31     0.54  -161.87   -17.89     0.00
--> Name of file number  13:                                                     
# Energy files from Qdyn, version: 6.0.16 , git id=adc28a635c78993922188615a73366ace3402081                        
fep_007_0.760.en        1      1899  0.760000   -9834.40   -9662.49    21.35     9.45     0.00  -257.91    55.19   -59.25    70.30   -16.68     0.82  -181.98   -15.93     0.00
fep_007_0.760.en        2      1899  0.240000  -10824.63  -10683.60    50.25     4.47     0.00  -292.67    96.92  -111.64   112.44   -10.80     0.86  -170.23   -16.38     0.00
--> Name of file number  14:                                                     
# Energy files from Qdyn, version: 6.0.16 , git id=adc28a635c78993922188615a73366ace3402081                        
fep_008_0.740.en        1      1899  0.740000   -9818.64   -9648.18    23.77     9.57     0.00  -262.02    58.22   -60.95    72.32   -16.76     0.85  -184.31   -14.95     0.00
fep_008_0.740.en        2      1899  0.260000  -10885.34  -10717.75    39.44     4.74     0.00  -293.65    81.88  -109.69    96.46   -10.99     0.89  -172.98   -15.47     0.00
--> Name of file number  15:                                                     
# Energy files from Qdyn, version: 6.0.16 , git id=adc28a635c78993922188615a73366ace3402081                        
fep_009_0.720.en        1      1899  0.720000   -9801.07   -9639.52    28.63     9.17     0.00  -255.65    56.30   -62.78    72.12   -15.91     0.48  -176.96   -16.30     0.00
fep_009_0.720.en        2      1899  0.280000  -10921.14  -10750.40    41.03     5.62     0.00  -286.91    69.51  -110.00    85.78   -10.39     0.53  -166.52   -16.79     0.00
--> Name of file number  16:                                                     
# Energy files from Qdyn, version: 6.0.16 , git id=adc28a635c78993922188615a73366ace3402081                        
fep_010_0.700.en        1      1899  0.700000   -9793.65   -9621.40    27.99     9.13     0.00  -271.59    62.23   -67.62    75.16   -16.28     0.79  -187.69   -13.72     0.00
fep_010_0.700.en        2      1899  0.300000  -10970.73  -10763.73    31.13     4.01     0.00  -301.26    59.12  -105.52    70.78   -10.44     0.84  -185.30   -12.50     0.00
--> Name of file number  17:                                                     
# Energy files from Qdyn, version: 6.0.16 , git id=adc28a635c78993922188615a73366ace3402081                        
fep_011_0.680.en        1      1899  0.680000   -9771.74   -9578.24    31.52     8.99     0.00  -297.87    63.86   -69.44    76.31   -15.54     0.58  -212.89   -13.03     0.00
fep_011_0.680.en        2      1899  0.320000  -11007.99  -10780.33    34.12     6.39     0.00  -313.92    45.74   -94.09    42.53   -10.11     0.63  -209.72     2.59     0.00
--> Name of file number  18:                                                     
# Energy files from Qdyn, version: 6.0.16 , git id=adc28a635c78993922188615a73366ace3402081                        
fep_012_0.660.en        1      1899  0.660000   -9764.47   -9567.05    30.44    10.59     0.00  -306.12    67.67   -68.17    80.94   -14.24     0.07  -223.72   -13.34     0.00
fep_012_0.660.en        2      1899  0.340000  -11041.23  -10786.81    22.95     5.93     0.00  -321.69    38.40   -88.22    36.22    -9.36     0.12  -224.12     2.06     0.00
--> Name of file number  19:                                                     
# Energy files from Qdyn, version: 6.0.16 , git id=adc28a635c78993922188615a73366ace3402081                        
fep_013_0.640.en        1      1899  0.640000   -9760.99   -9564.44    29.62     9.35     0.00  -305.67    70.15   -65.57    84.03   -15.53     0.33  -224.56   -14.22     0.00
fep_013_0.640.en        2      1899  0.360000  -11055.16  -10793.91    17.26     4.45     0.00  -317.21    34.26   -83.27    34.90   -10.24     0.38  -223.70    -1.03     0.00
--> Name of file number  20:                                                     
# Energy files from Qdyn, version: 6.0.16 , git id=adc28a635c78993922188615a73366ace3402081                        
fep_014_0.620.en        1      1899  0.620000   -9750.80   -9560.54    30.53     9.10     0.00  -302.29    72.41   -66.91    86.12   -16.64     0.73  -218.74   -14.44     0.00
fep_014_0.620.en        2      1899  0.380000  -11062.96  -10803.68    17.97     3.20     0.00  -314.46    34.01   -81.32    34.38   -11.15     0.78  -221.99    -1.15     0.00
--> Name of file number  21:                                                     
# Energy files from Qdyn, version: 6.0.16 , git id=adc28a635c78993922188615a73366ace3402081                        
fep_015_0.600.en        1      1899  0.600000   -9749.86   -9555.19    30.91     9.31     0.00  -309.58    74.68   -67.44    87.60   -15.45     0.27  -226.69   -13.18     0.00
fep_015_0.600.en        2      1899  0.400000  -11085.24  -10812.93    15.50     2.42     0.00  -321.72    31.49   -79.56    31.12   -10.45     0.31  -231.72     0.06     0.00
--> Name of file number  22:                                                     
# Energy files from Qdyn, version: 6.0.16 , git id=adc28a635c78993922188615a73366ace3402081                        
fep_016_0.580.en        1      1899  0.580000   -9732.98   -9551.54    32.52     9.27     0.00  -297.22    73.99   -68.31    88.45   -14.70     0.14  -214.21   -14.61     0.00
fep_016_0.580.en        2      1899  0.420000  -11081.85  -10819.26    16.50     3.92     0.00  -311.68    28.66   -84.32    30.54    -9.85     0.19  -217.50    -2.06     0.00
--> Name of file number  23:                                                     
# Energy files from Qdyn, version: 6.0.16 , git id=adc28a635c78993922188615a73366ace3402081                        
fep_017_0.560.en        1      1899  0.560000   -9734.52   -9547.14    32.40     9.35     0.00  -308.68    79.55   -66.55    92.74   -16.04     0.56  -226.09   -13.75     0.00
fep_017_0.560.en        2      1899  0.440000  -11102.38  -10823.63    12.82     3.21     0.00  -322.95    28.17   -77.35    29.25   -10.64     0.60  -234.95    -1.69     0.00
--> Name of file number  24:                                                     
# Energy files from Qdyn, version: 6.0.16 , git id=adc28a635c78993922188615a73366ace3402081                        
fep_018_0.540.en        1      1899  0.540000   -9723.26   -9543.48    33.37     9.71     0.00  -303.69    80.82   -62.60    94.87   -16.53     0.57  -224.56   -14.61     0.00
fep_018_0.540.en        2      1899  0.460000  -11107.18  -10828.01    12.07     3.27     0.00  -319.87    25.37   -75.64    27.78   -11.19     0.61  -233.04    -3.03     0.00
--> Name of file number  25:                                                     
# Energy files from Qdyn, version: 6.0.16 , git id=adc28a635c78993922188615a73366ace3402081                        
fep_019_0.520.en        1      1899  0.520000   -9718.59   -9540.76    33.53    10.05     0.00  -302.19    80.77   -65.54    96.58   -15.22     0.29  -221.43   -16.10     0.00
fep_019_0.520.en        2      1899  0.480000  -11110.93  -10833.67    11.94     3.01     0.00  -314.80    22.58   -75.04    26.84   -10.37     0.33  -229.39    -4.58     0.00
--> Name of file number  26:                                                     
# Energy files from Qdyn, version: 6.0.16 , git id=adc28a635c78993922188615a73366ace3402081                        
fep_020_0.500.en        1      1899  0.500000   -9707.15   -9537.19    33.78     9.85     0.00  -297.04    83.45   -63.46    99.58   -14.78     0.08  -218.80   -16.21     0.00
fep_020_0.500.en        2      1899  0.500000  -11110.78  -10838.19    11.18     3.74     0.00  -309.02    21.50   -74.95    27.05   -10.07     0.13  -224.00    -5.68     0.00
--> Name of file number  27:                                                     
# Energy files from Qdyn, version: 6.0.16 , git id=adc28a635c78993922188615a73366ace3402081                        
fep_021_0.480.en        1      1899  0.480000   -9708.81   -9534.88    34.82    11.50     0.00  -306.86    86.60   -60.20   101.10   -15.06     0.17  -231.60   -14.66     0.00
fep_021_0.480.en        2      1899  0.520000  -11128.22  -10842.74    11.83     3.88     0.00  -323.71    22.51   -69.98    26.34   -10.34     0.21  -243.39    -4.04     0.00
--> Name of file number  28:                                                     
# Energy files from Qdyn, version: 6.0.16 , git id=adc28a635c78993922188615a73366ace3402081                        
fep_022_0.460.en        1      1899  0.460000   -9707.75   -9529.87    35.22     9.66     0.00  -309.40    86.65   -58.03   102.44   -15.62     0.42  -235.74   -16.21     0.00
fep_022_0.460.en        2      1899  0.540000  -11138.20  -10846.56    10.63     3.97     0.00  -326.28    20.04   -69.08    25.53   -10.73     0.47  -246.47    -5.95     0.00
--> Name of file number  29:                                                     
# Energy files from Qdyn, version: 6.0.16 , git id=adc28a635c78993922188615a73366ace3402081                        
fep_023_0.440.en        1      1899  0.440000   -9701.88   -9526.76    34.90     9.47     0.00  -308.38    88.90   -59.94   105.16   -15.38     0.52  -233.06   -16.78     0.00
fep_023_0.440.en        2      1899  0.560000  -11142.88  -10850.21     9.95     4.36     0.00  -324.70    17.72   -68.05    24.37   -10.66     0.56  -245.99    -7.21     0.00
--> Name of file number  30:                                                     
# Energy files from Qdyn, version: 6.0.16 , git id=adc28a635c78993922188615a73366ace3402081                        
fep_024_0.420.en        1      1899  0.420000   -9683.08   -9523.00    36.89     9.66     0.00  -298.81    92.19   -61.72   106.46   -16.28     0.51  -220.81   -14.78     0.00
fep_024_0.420.en        2      1899  0.580000  -11137.79  -10853.84     8.85     3.12     0.00  -313.43    17.51   -70.54    22.93   -11.04     0.55  -231.84    -5.98     0.00
--> Name of file number  31:                                                     
# Energy files from Qdyn, version: 6.0.16 , git id=adc28a635c78993922188615a73366ace3402081                        
fep_025_0.400.en        1      1899  0.400000   -9684.45   -9518.54    37.10    10.49     0.00  -305.49    91.99   -63.65   108.09   -15.60     0.26  -226.24   -16.37     0.00
fep_025_0.400.en        2      1899  0.600000  -11154.55  -10856.70     8.29     3.09     0.00  -322.49    13.26   -72.94    20.57   -10.68     0.31  -238.87    -7.62     0.00
--> Name of file number  32:                                                     
# Energy files from Qdyn, version: 6.0.16 , git id=adc28a635c78993922188615a73366ace3402081                        
fep_026_0.380.en        1      1899  0.380000   -9665.91   -9511.20    38.32     9.56     0.00  -294.66    92.06   -65.13   107.98   -15.90     0.40  -213.63   -16.32     0.00
fep_026_0.380.en        2      1899  0.620000  -11143.90  -10858.52     9.16     3.30     0.00  -310.81    12.97   -72.72    19.64   -10.63     0.45  -227.46    -7.12     0.00
--> Name of file number  33:                                                     
# Energy files from Qdyn, version: 6.0.16 , git id=adc28a635c78993922188615a73366ace3402081                        
fep_027_0.360.en        1      1899  0.360000   -9654.86   -9507.65    39.22    11.00     0.00  -288.41    90.99   -68.19   110.51   -14.75     0.35  -205.48   -19.88     0.00
fep_027_0.360.en        2      1899  0.640000  -11149.37  -10862.14     8.53     3.44     0.00  -308.07     8.87   -75.86    19.52    -9.48     0.39  -222.73   -11.05     0.00
--> Name of file number  34:                                                     
# Energy files from Qdyn, version: 6.0.16 , git id=adc28a635c78993922188615a73366ace3402081                        
fep_028_0.340.en        1      1899  0.340000   -9654.93   -9504.65    38.94     9.96     0.00  -293.90    94.72   -66.05   112.88   -13.76     0.12  -214.09   -18.28     0.00
fep_028_0.340.en        2      1899  0.660000  -11159.81  -10863.47     8.56     3.07     0.00  -317.47     9.50   -73.43    19.20    -9.13     0.16  -234.91    -9.86     0.00
--> Name of file number  35:                                                     
# Energy files from Qdyn, version: 6.0.16 , git id=adc28a635c78993922188615a73366ace3402081                        
fep_029_0.320.en        1      1899  0.320000   -9648.00   -9503.73    39.38     9.41     0.00  -289.84    96.79   -67.75   113.94   -14.00     0.12  -208.09   -17.27     0.00
fep_029_0.320.en        2      1899  0.680000  -11162.87  -10865.61     7.64     2.67     0.00  -317.97    10.39   -77.33    19.45    -9.37     0.17  -231.27    -9.22     0.00
--> Name of file number  36:                                                     
# Energy files from Qdyn, version: 6.0.16 , git id=adc28a635c78993922188615a73366ace3402081                        
fep_030_0.300.en        1      1899  0.300000   -9638.03   -9498.09    40.55    12.14     0.00  -291.18    98.55   -66.70   114.42   -13.75    -0.20  -210.73   -15.67     0.00
fep_030_0.300.en        2      1899  0.700000  -11160.63  -10867.79     7.79     2.62     0.00  -312.89     9.65   -75.02    17.41    -9.08    -0.16  -228.80    -7.61     0.00
--> Name of file number  37:                                                     
# Energy files from Qdyn, version: 6.0.16 , git id=adc28a635c78993922188615a73366ace3402081                        
fep_031_0.280.en        1      1899  0.280000   -9636.51   -9493.24    41.43    10.12     0.00  -293.21    98.39   -64.35   115.82   -15.69     0.28  -213.17   -17.71     0.00
fep_031_0.280.en        2      1899  0.720000  -11171.46  -10870.15     7.46     2.67     0.00  -319.07     7.63   -70.77    16.87   -10.47     0.32  -237.84    -9.57     0.00
--> Name of file number  38:                                                     
# Energy files from Qdyn, version: 6.0.16 , git id=adc28a635c78993922188615a73366ace3402081                        
fep_032_0.260.en        1      1899  0.260000   -9632.77   -9487.74    42.35    10.73     0.00  -298.39   100.28   -65.83   117.22   -15.82     0.29  -216.75   -17.22     0.00
fep_032_0.260.en        2      1899  0.740000  -11180.33  -10871.22     7.64     3.25     0.00  -326.42     6.41   -70.91    15.71   -10.66     0.33  -244.86    -9.64     0.00
--> Name of file number  39:                                                     
# Energy files from Qdyn, version: 6.0.16 , git id=adc28a635c78993922188615a73366ace3402081                        
fep_033_0.240.en        1      1899  0.240000   -9631.37   -9489.73    40.53     9.90     0.00  -295.16   103.09   -65.65   119.40   -15.56     0.31  -213.96   -16.62     0.00
fep_033_0.240.en        2      1899  0.760000  -11180.41  -10872.00     6.98     3.27     0.00  -325.61     6.96   -70.24    15.99   -10.74     0.36  -244.64    -9.38     0.00
--> Name of file number  40:                                                     
# Energy files from Qdyn, version: 6.0.16 , git id=adc28a635c78993922188615a73366ace3402081                        
fep_034_0.220.en        1      1899  0.220000   -9608.63   -9480.71    43.23    13.43     0.00  -287.57   102.97   -69.86   119.95   -13.92     0.14  -203.78   -17.11     0.00
fep_034_0.220.en        2      1899  0.780000  -11171.87  -10873.87     7.75     3.73     0.00  -315.04     5.56   -73.33    14.76    -9.81     0.18  -231.89    -9.38     0.00
--> Name of file number  41:                                                     
# Energy files from Qdyn, version: 6.0.16 , git id=adc28a635c78993922188615a73366ace3402081                        
fep_035_0.200.en        1      1899  0.200000   -9602.94   -9464.13    45.04    14.86     0.00  -302.26   103.55   -70.27   120.67   -14.90     0.37  -217.10   -17.48     0.00
fep_035_0.200.en        2      1899  0.800000  -11180.87  -10875.26     7.42     3.18     0.00  -321.03     4.82   -64.80    14.03   -10.40     0.42  -245.83    -9.62     0.00
--> Name of file number  42:                                                     
# Energy files from Qdyn, version: 6.0.16 , git id=adc28a635c78993922188615a73366ace3402081                        
fep_036_0.180.en        1      1899  0.180000   -9621.88   -9449.86    44.50    11.68     0.00  -331.96   103.77   -68.77   122.45   -15.77     0.17  -247.43   -18.85     0.00
fep_036_0.180.en        2      1899  0.820000  -11198.64  -10876.10     6.71     2.97     0.00  -334.29     2.07   -50.41    13.01   -10.85     0.21  -273.03   -11.16     0.00
--> Name of file number  43:                                                     
# Energy files from Qdyn, version: 6.0.16 , git id=adc28a635c78993922188615a73366ace3402081                        
fep_037_0.160.en        1      1899  0.160000   -9616.40   -9446.16    44.88    12.97     0.00  -336.48   108.39   -68.61   124.57   -15.05     0.10  -252.82   -16.28     0.00
fep_037_0.160.en        2      1899  0.840000  -11204.61  -10876.38     6.70     3.74     0.00  -344.15     5.47   -47.39    13.34   -10.16     0.14  -286.60    -8.02     0.00
--> Name of file number  44:                                                     
# Energy files from Qdyn, version: 6.0.16 , git id=adc28a635c78993922188615a73366ace3402081                        
fep_038_0.140.en        1      1899  0.140000   -9603.00   -9440.51    46.06    11.11     0.00  -327.29   107.62   -69.63   125.34   -15.43     0.21  -242.22   -17.93     0.00
fep_038_0.140.en        2      1899  0.860000  -11197.26  -10876.89     6.77     2.81     0.00  -331.93     1.98   -53.43    12.57   -10.22     0.26  -268.28   -10.85     0.00
--> Name of file number  45:                                                     
# Energy files from Qdyn, version: 6.0.16 , git id=adc28a635c78993922188615a73366ace3402081                        
fep_039_0.120.en        1      1899  0.120000   -9596.57   -9439.00    47.01    10.21     0.00  -325.39   110.60   -71.87   127.84   -15.39     0.36  -238.13   -17.61     0.00
fep_039_0.120.en        2      1899  0.880000  -11199.32  -10877.50     6.70     2.88     0.00  -334.82     3.42   -53.98    13.23   -10.06     0.41  -270.78   -10.22     0.00
--> Name of file number  46:                                                     
# Energy files from Qdyn, version: 6.0.16 , git id=adc28a635c78993922188615a73366ace3402081                        
fep_040_0.100.en        1      1899  0.100000   -9584.67   -9433.53    47.32    16.45     0.00  -325.59   110.67   -72.38   129.42   -15.16     0.30  -238.05   -19.06     0.00
fep_040_0.100.en        2      1899  0.900000  -11195.97  -10878.01     7.41     2.96     0.00  -329.04     0.71   -52.25    12.13   -10.11     0.35  -266.68   -11.77     0.00
--> Name of file number  47:                                                     
# Energy files from Qdyn, version: 6.0.16 , git id=adc28a635c78993922188615a73366ace3402081                        
fep_041_0.080.en        1      1899  0.080000   -9570.07   -9430.43    46.99    11.89     0.00  -311.26   112.73   -70.96   131.53   -14.73     0.25  -225.57   -19.05     0.00
fep_041_0.080.en        2      1899  0.920000  -11189.69  -10877.68     6.74     2.70     0.00  -322.48     1.05   -50.71    12.42    -9.60     0.30  -262.18   -11.68     0.00
--> Name of file number  48:                                                     
# Energy files from Qdyn, version: 6.0.16 , git id=adc28a635c78993922188615a73366ace3402081                        
fep_042_0.060.en        1      1899  0.060000   -9585.39   -9425.16    48.80    12.94     0.00  -337.99   116.02   -69.98   132.63   -14.99     0.12  -253.02   -16.73     0.00
fep_042_0.060.en        2      1899  0.940000  -11215.49  -10877.95     7.13     2.94     0.00  -349.22     1.62   -44.85    11.45   -10.04     0.16  -294.34    -9.99     0.00
--> Name of file number  49:                                                     
# Energy files from Qdyn, version: 6.0.16 , git id=adc28a635c78993922188615a73366ace3402081                        
fep_043_0.040.en        1      1899  0.040000   -9568.81   -9420.76    53.74    12.08     0.00  -329.45   115.58   -72.37   133.19   -14.29    -0.05  -242.79   -17.56     0.00
fep_043_0.040.en        2      1899  0.960000  -11208.27  -10878.28     6.55     2.40     0.00  -339.80     0.85   -46.08    11.49    -9.67    -0.00  -284.05   -10.64     0.00
--> Name of file number  50:                                                     
# Energy files from Qdyn, version: 6.0.16 , git id=adc28a635c78993922188615a73366ace3402081                        
fep_044_0.020.en        1      1899  0.020000   -9543.68   -9408.13    69.12    11.66     0.00  -334.77   118.43   -72.18   136.06   -15.61     0.11  -246.98   -17.75     0.00
fep_044_0.020.en        2      1899  0.980000  -11211.90  -10878.87     7.25     2.78     0.00  -342.20    -0.86   -41.30    10.41   -10.58     0.16  -290.31   -11.43     0.00
--> Name of file number  51:                                                     
# Energy files from Qdyn, version: 6.0.16 , git id=adc28a635c78993922188615a73366ace3402081                        
fep_045_0.000.en        1      1899  0.000000   -9539.77   -9408.22    76.75    11.71     0.00  -344.66   124.65   -70.34   139.65   -15.57     0.13  -258.75   -15.13     0.00
fep_045_0.000.en        2      1899  1.000000  -11222.05  -10878.87     6.73     2.66     0.00  -354.08     1.52   -44.72    10.69   -10.37     0.18  -299.00    -9.35     0.00


# Part 1: Free energy perturbation summary:

# Calculation for full system
# lambda(1)      dGf sum(dGf)      dGr sum(dGr)     <dG>
   1.000000     0.000     0.000    -2.336  1667.754     0.000
   0.980000     4.611     4.611     1.444  1670.090     3.473
   0.960000    -1.007     3.604     4.364  1668.645     2.248
   0.940000    -4.701    -1.096     7.679  1664.281    -2.285
   0.920000    -8.145    -9.242     9.650  1656.603   -10.197
   0.900000   -10.390   -19.632    12.952  1646.953   -20.216
   0.880000   -12.661   -32.292    15.400  1634.001   -33.023
   0.860000   -14.967   -47.260    17.921  1618.601   -48.206
   0.840000   -17.703   -64.962    21.623  1600.680   -66.018
   0.820000   -21.656   -86.618    24.207  1579.057   -87.658
   0.800000   -23.636  -110.255    27.786  1554.850  -111.579
   0.780000   -26.927  -137.182    29.073  1527.064  -138.936
   0.760000   -29.507  -166.689    30.997  1497.991  -168.226
   0.740000   -31.116  -197.805    32.311  1466.993  -199.283
   0.720000   -32.361  -230.166    33.552  1434.682  -231.619
   0.700000   -33.217  -263.384    34.908  1401.130  -265.004
   0.680000   -34.318  -297.702    35.677  1366.222  -299.617
   0.660000   -35.361  -333.063    36.098  1330.545  -335.136
   0.640000   -36.176  -369.239    36.466  1294.447  -371.273
   0.620000   -36.486  -405.725    36.989  1257.981  -407.749
   0.600000   -36.838  -442.563    37.207  1220.992  -444.662
   0.580000   -37.248  -479.811    37.601  1183.786  -481.889
   0.560000   -37.567  -517.378    37.942  1146.185  -519.473
   0.540000   -37.937  -555.315    38.117  1108.243  -557.413
   0.520000   -38.235  -593.550    38.362  1070.126  -595.589
   0.500000   -38.399  -631.949    38.663  1031.765  -633.969
   0.480000   -38.608  -670.557    38.907   993.101  -672.605
   0.460000   -38.925  -709.482    39.092   954.194  -711.521
   0.440000   -39.132  -748.613    39.385   915.102  -750.633
   0.420000   -39.363  -787.977    39.704   875.717  -790.007
   0.400000   -39.622  -827.599    39.837   836.014  -829.670
   0.380000   -39.917  -867.516    40.170   796.177  -869.546
   0.360000   -40.104  -907.620    40.390   756.007  -909.683
   0.340000   -40.431  -948.051    40.611   715.617  -950.094
   0.320000   -40.626  -988.677    40.780   675.006  -990.712
   0.300000   -40.806 -1029.483    41.033   634.227 -1031.505
   0.280000   -40.942 -1070.425    41.268   593.194 -1072.493
   0.260000   -41.185 -1111.610    41.293   551.926 -1113.719
   0.240000   -41.453 -1153.063    41.592   510.633 -1155.092
   0.220000   -41.491 -1194.554    41.869   469.041 -1196.633
   0.200000   -41.760 -1236.313    41.850   427.172 -1238.448
   0.180000   -42.068 -1278.381    42.070   385.322 -1280.407
   0.160000   -42.033 -1320.415    42.191   343.252 -1322.458
   0.140000   -42.279 -1362.694    42.373   301.061 -1364.694
   0.120000   -42.404 -1405.097    42.542   258.688 -1407.082
   0.100000   -42.557 -1447.654    42.709   216.146 -1449.631
   0.080000   -42.733 -1490.387    42.920   173.437 -1492.352
   0.060000   -42.899 -1533.286    43.086   130.517 -1535.262
   0.040000   -43.099 -1576.385    43.602    87.431 -1578.354
   0.020000   -43.314 -1619.699    43.829    43.829 -1621.812
   0.000000   -43.947 -1663.645     0.000     0.000 -1665.700

# Min energy-gap is:   -717.26
# Max energy-gap is:   2335.61



# Part 2: Reaction free energy summary:
# Lambda(1)  bin Energy gap      dGa     dGb     dGg    # pts    c1**2    c2**2
   1.000000    7    -518.82       0.00     505.16      -1.73     34     0.997     0.003
   1.000000    8    -488.29       0.00     475.39      -1.84     51     0.996     0.004
   1.000000    9    -457.76       0.00     444.85      -1.96     89     0.996     0.004
   1.000000   10    -427.24       0.00     414.01      -2.10    136     0.995     0.005
   1.000000   11    -396.71       0.00     383.68      -2.27    183     0.994     0.006
   1.000000   12    -366.18       0.00     353.36      -2.45    191     0.993     0.007
   1.000000   13    -335.65       0.00     322.57      -2.67    256     0.992     0.008
   1.000000   14    -305.12       0.00     292.01      -2.94    281     0.991     0.009
   1.000000   15    -274.59       0.00     261.71      -3.24    232     0.988     0.012
   1.000000   16    -244.06       0.00     231.99      -3.63    188     0.986     0.014
   1.000000   17    -213.54       0.00     200.48      -4.12    117     0.982     0.018
   1.000000   18    -183.01       0.00     170.56      -4.81     63     0.975     0.025
   1.000000   19    -152.48       0.00     139.45      -5.73     31     0.966     0.034
   0.980000   18    -183.01      -0.24     170.28      -4.99     41     0.975     0.025
   0.980000   19    -152.48       0.40     140.36      -5.31     95     0.965     0.035
   0.980000   20    -121.95       1.02     110.50      -6.06    123     0.948     0.052
   0.980000   21     -91.42       1.63      80.53      -7.66    238     0.916     0.084
   0.980000   22     -60.89       2.24      50.81     -10.99    275     0.853     0.147
   0.980000   23     -30.36       2.85      20.60     -18.54    286     0.717     0.283
   0.980000   24       0.16       3.43      -9.40     -32.92    258     0.507     0.493
   0.980000   25      30.69       4.04     -38.96     -53.92    229     0.283     0.717
   0.980000   26      61.22       4.64     -68.88     -79.33    179     0.151     0.849
   0.980000   27      91.75       5.23     -98.49    -106.40    101     0.087     0.913
   0.980000   28     122.28       5.79    -128.00    -134.33     36     0.056     0.944
   0.960000   24       0.16       2.14     -10.58     -34.10     36     0.497     0.503
   0.960000   25      30.69       3.54     -39.84     -54.79     77     0.255     0.745
   0.960000   26      61.22       4.59     -69.10     -79.52    159     0.146     0.854
   0.960000   27      91.75       5.90     -98.24    -106.12    255     0.080     0.920
   0.960000   28     122.28       7.02    -127.52    -133.80    304     0.052     0.948
   0.960000   29     152.81       8.23    -156.56    -161.78    321     0.035     0.965
   0.960000   30     183.34       9.49    -186.03    -190.47    283     0.025     0.975
   0.960000   31     213.87      10.68    -215.13    -219.00    202     0.019     0.981
   0.960000   32     244.39      11.86    -244.60    -248.03    129     0.015     0.985
   0.960000   33     274.92      13.09    -274.00    -277.07     63     0.012     0.988
   0.960000   34     305.45      14.29    -303.22    -306.01     29     0.010     0.990
   0.960000   35     335.98      15.60    -332.44    -334.99     22     0.008     0.992
   0.940000   29     152.81       6.87    -156.74    -162.01     39     0.034     0.966
   0.940000   30     183.34       8.58    -186.28    -190.74    101     0.025     0.975
   0.940000   31     213.87      10.35    -215.48    -219.35    143     0.019     0.981
   0.940000   32     244.39      12.19    -244.12    -247.55    185     0.014     0.986
   0.940000   33     274.92      14.02    -273.08    -276.16    261     0.011     0.989
   0.940000   34     305.45      15.81    -301.18    -303.97    256     0.009     0.991
   0.940000   35     335.98      17.62    -330.18    -332.72    256     0.008     0.992
   0.940000   36     366.51      19.50    -358.92    -361.26    240     0.007     0.993
   0.940000   37     397.04      21.27    -387.57    -389.74    165     0.006     0.994
   0.940000   38     427.57      23.04    -416.04    -418.07    127     0.005     0.995
   0.940000   39     458.09      24.86    -444.47    -446.37     62     0.004     0.996
   0.940000   40     488.62      26.61    -473.45    -475.23     26     0.004     0.996
   0.920000   34     305.45      13.96    -303.32    -306.11     32     0.009     0.991
   0.920000   35     335.98      16.43    -331.51    -334.06     81     0.008     0.992
   0.920000   36     366.51      18.83    -359.44    -361.79    176     0.007     0.993
   0.920000   37     397.04      21.18    -387.26    -389.43    264     0.006     0.994
   0.920000   38     427.57      23.63    -415.08    -417.11    302     0.005     0.995
   0.920000   39     458.09      26.10    -443.42    -445.31    335     0.004     0.996
   0.920000   40     488.62      28.52    -471.45    -473.24    291     0.004     0.996
   0.920000   41     519.15      30.92    -499.34    -501.02    214     0.003     0.997
   0.920000   42     549.68      33.29    -527.34    -528.93    124     0.003     0.997
   0.920000   43     580.21      35.73    -554.04    -555.55     48     0.003     0.997
   0.900000   37     397.04      19.26    -389.50    -391.68     33     0.006     0.994
   0.900000   38     427.57      22.22    -417.03    -419.06     62     0.005     0.995
   0.900000   39     458.09      25.23    -444.09    -445.98    141     0.004     0.996
   0.900000   40     488.62      28.17    -471.52    -473.30    227     0.004     0.996
   0.900000   41     519.15      31.16    -498.70    -500.38    333     0.003     0.997
   0.900000   42     549.68      34.24    -526.40    -527.99    306     0.003     0.997
   0.900000   43     580.21      37.22    -553.59    -555.10    284     0.003     0.997
   0.900000   44     610.74      40.22    -581.33    -582.76    227     0.002     0.998
   0.900000   45     641.27      43.29    -608.98    -610.34    135     0.002     0.998
   0.900000   46     671.79      46.34    -635.81    -637.12     83     0.002     0.998
   0.900000   47     702.32      49.15    -662.02    -663.28     38     0.002     0.998
   0.880000   43     580.21      36.10    -553.40    -554.91     54     0.003     0.997
   0.880000   44     610.74      39.74    -581.97    -583.41    139     0.002     0.998
   0.880000   45     641.27      43.40    -608.82    -610.19    243     0.002     0.998
   0.880000   46     671.79      46.90    -635.21    -636.52    393     0.002     0.998
   0.880000   47     702.32      50.49    -662.20    -663.45    376     0.002     0.998
   0.880000   48     732.85      54.13    -689.13    -690.33    336     0.002     0.998
   0.880000   49     763.38      57.71    -716.27    -717.43    186     0.002     0.998
   0.880000   50     793.91      61.27    -742.57    -743.68    110     0.001     0.999
   0.880000   51     824.44      65.03    -767.70    -768.78     41     0.001     0.999
   0.860000   47     702.32      49.10    -663.28    -664.53     50     0.002     0.998
   0.860000   48     732.85      53.80    -689.92    -691.12    106     0.002     0.998
   0.860000   49     763.38      57.84    -715.60    -716.76    226     0.002     0.998
   0.860000   50     793.91      62.01    -742.01    -743.12    308     0.001     0.999
   0.860000   51     824.44      66.31    -767.75    -768.82    385     0.001     0.999
   0.860000   52     854.97      70.54    -794.22    -795.26    348     0.001     0.999
   0.860000   53     885.50      74.74    -820.18    -821.18    237     0.001     0.999
   0.860000   54     916.02      78.88    -846.56    -847.52    135     0.001     0.999
   0.860000   55     946.55      83.31    -872.98    -873.92     67     0.001     0.999
   0.840000   51     824.44      65.17    -769.40    -770.47     45     0.001     0.999
   0.840000   52     854.97      69.72    -794.20    -795.23     95     0.001     0.999
   0.840000   53     885.50      74.67    -820.50    -821.50    182     0.001     0.999
   0.840000   54     916.02      79.59    -845.92    -846.89    190     0.001     0.999
   0.840000   55     946.55      84.10    -871.55    -872.48    241     0.001     0.999
   0.840000   56     977.08      89.10    -897.43    -898.34    259     0.001     0.999
   0.840000   57    1007.61      94.10    -922.75    -923.63    279     0.001     0.999
   0.840000   58    1038.14      98.78    -948.57    -949.43    207     0.001     0.999
   0.840000   59    1068.67     103.64    -973.99    -974.82    165     0.001     0.999
   0.840000   60    1099.20     108.57    -999.74   -1000.54    120     0.001     0.999
   0.840000   61    1129.72     113.43   -1025.81   -1026.59     72     0.001     0.999
   0.820000   57    1007.61      93.29    -924.61    -925.49     34     0.001     0.999
   0.820000   58    1038.14      98.06    -949.19    -950.05     91     0.001     0.999
   0.820000   59    1068.67     103.44    -974.48    -975.31    248     0.001     0.999
   0.820000   60    1099.20     108.81    -999.33   -1000.14    358     0.001     0.999
   0.820000   61    1129.72     114.26   -1024.52   -1025.30    403     0.001     0.999
   0.820000   62    1160.25     119.69   -1049.09   -1049.86    330     0.001     0.999
   0.820000   63    1190.78     125.11   -1074.31   -1075.05    254     0.001     0.999
   0.820000   64    1221.31     130.59   -1099.19   -1099.91    101     0.001     0.999
   0.820000   65    1251.84     136.31   -1124.48   -1125.19     51     0.001     0.999
   0.800000   61    1129.72     113.01   -1024.35   -1025.14     28     0.001     0.999
   0.800000   62    1160.25     118.98   -1050.07   -1050.83     71     0.001     0.999
   0.800000   63    1190.78     125.21   -1074.29   -1075.04    105     0.001     0.999
   0.800000   64    1221.31     131.16   -1098.87   -1099.60    154     0.001     0.999
   0.800000   65    1251.84     137.23   -1123.30   -1124.01    319     0.001     0.999
   0.800000   66    1282.37     143.17   -1147.21   -1147.91    321     0.001     0.999
   0.800000   67    1312.90     149.33   -1171.93   -1172.60    324     0.001     0.999
   0.800000   68    1343.42     155.50   -1196.38   -1197.04    302     0.000     1.000
   0.800000   69    1373.95     161.35   -1220.27   -1220.91    200     0.000     1.000
   0.800000   70    1404.48     167.18   -1245.29   -1245.92     45     0.000     1.000
   0.780000   67    1312.90     148.73   -1173.56   -1174.23     26     0.001     0.999
   0.780000   68    1343.42     155.18   -1196.95   -1197.61     65     0.000     1.000
   0.780000   69    1373.95     161.82   -1220.73   -1221.38    187     0.000     1.000
   0.780000   70    1404.48     168.15   -1244.13   -1244.77    342     0.000     1.000
   0.780000   71    1435.01     174.89   -1268.08   -1268.70    466     0.000     1.000
   0.780000   72    1465.54     181.63   -1291.75   -1292.36    401     0.000     1.000
   0.780000   73    1496.07     188.11   -1315.46   -1316.06    292     0.000     1.000
   0.780000   74    1526.60     194.54   -1338.88   -1339.47     89     0.000     1.000
   0.760000   69    1373.95     159.13   -1221.66   -1222.31     22     0.000     1.000
   0.760000   70    1404.48     167.23   -1244.99   -1245.63     88     0.000     1.000
   0.760000   71    1435.01     174.12   -1268.60   -1269.22    161     0.000     1.000
   0.760000   72    1465.54     181.27   -1291.79   -1292.39    283     0.000     1.000
   0.760000   73    1496.07     188.69   -1314.70   -1315.30    354     0.000     1.000
   0.760000   74    1526.60     195.95   -1337.94   -1338.52    384     0.000     1.000
   0.760000   75    1557.13     203.31   -1360.81   -1361.38    324     0.000     1.000
   0.760000   76    1587.65     210.37   -1384.04   -1384.61    186     0.000     1.000
   0.760000   77    1618.18     217.50   -1406.03   -1406.58     72     0.000     1.000
   0.740000   73    1496.07     187.74   -1315.52   -1316.11     60     0.000     1.000
   0.740000   74    1526.60     195.43   -1338.35   -1338.93    241     0.000     1.000
   0.740000   75    1557.13     203.18   -1360.80   -1361.38    359     0.000     1.000
   0.740000   76    1587.65     211.16   -1383.44   -1384.00    492     0.000     1.000
   0.740000   77    1618.18     218.84   -1405.79   -1406.34    419     0.000     1.000
   0.740000   78    1648.71     226.70   -1428.23   -1428.77    242     0.000     1.000
   0.740000   79    1679.24     234.47   -1451.14   -1451.67     58     0.000     1.000
   0.720000   75    1557.13     202.48   -1362.02   -1362.59     70     0.000     1.000
   0.720000   76    1587.65     210.65   -1383.72   -1384.28    194     0.000     1.000
   0.720000   77    1618.18     218.89   -1405.54   -1406.10    478     0.000     1.000
   0.720000   78    1648.71     227.35   -1427.43   -1427.97    641     0.000     1.000
   0.720000   79    1679.24     235.66   -1448.73   -1449.26    383     0.000     1.000
   0.720000   80    1709.77     244.19   -1469.57   -1470.09    106     0.000     1.000
   0.700000   77    1618.18     217.86   -1406.87   -1407.42     49     0.000     1.000
   0.700000   78    1648.71     227.07   -1427.79   -1428.33    234     0.000     1.000
   0.700000   79    1679.24     235.86   -1449.19   -1449.72    589     0.000     1.000
   0.700000   80    1709.77     244.88   -1469.94   -1470.46    612     0.000     1.000
   0.700000   81    1740.30     253.96   -1491.88   -1492.39    333     0.000     1.000
   0.700000   82    1770.83     262.91   -1511.41   -1511.92     72     0.000     1.000
   0.680000   80    1709.77     245.15   -1470.86   -1471.38    210     0.000     1.000
   0.680000   81    1740.30     254.35   -1491.44   -1491.95    699     0.000     1.000
   0.680000   82    1770.83     263.82   -1511.67   -1512.18    725     0.000     1.000
   0.680000   83    1801.35     273.20   -1532.19   -1532.69    234     0.000     1.000
   0.660000   81    1740.30     253.31   -1492.00   -1492.52    147     0.000     1.000
   0.660000   82    1770.83     263.97   -1512.27   -1512.77    479     0.000     1.000
   0.660000   83    1801.35     273.91   -1531.82   -1532.32    790     0.000     1.000
   0.660000   84    1831.88     283.95   -1551.32   -1551.81    437     0.000     1.000
   0.660000   85    1862.41     293.97   -1571.52   -1572.00     42     0.000     1.000
   0.640000   82    1770.83     263.75   -1512.77   -1513.27    223     0.000     1.000
   0.640000   83    1801.35     273.72   -1532.02   -1532.52    778     0.000     1.000
   0.640000   84    1831.88     284.35   -1551.00   -1551.49    714     0.000     1.000
   0.640000   85    1862.41     294.90   -1569.47   -1569.95    169     0.000     1.000
   0.620000   82    1770.83     262.66   -1513.51   -1514.01     46     0.000     1.000
   0.620000   83    1801.35     273.36   -1532.32   -1532.82    428     0.000     1.000
   0.620000   84    1831.88     284.42   -1550.86   -1551.35    910     0.000     1.000
   0.620000   85    1862.41     295.61   -1569.21   -1569.69    462     0.000     1.000
   0.620000   86    1892.94     307.22   -1584.92   -1585.39     53     0.000     1.000
   0.600000   83    1801.35     277.81   -1533.10   -1533.60     43     0.000     1.000
   0.600000   84    1831.88     284.44   -1551.29   -1551.78    569     0.000     1.000
   0.600000   85    1862.41     295.97   -1568.89   -1569.37   1033     0.000     1.000
   0.600000   86    1892.94     307.64   -1586.64   -1587.11    246     0.000     1.000
   0.580000   84    1831.88     283.54   -1551.56   -1552.05    314     0.000     1.000
   0.580000   85    1862.41     295.92   -1569.01   -1569.49    873     0.000     1.000
   0.580000   86    1892.94     308.21   -1586.09   -1586.56    597     0.000     1.000
   0.580000   87    1923.47     320.72   -1601.63   -1602.10     98     0.000     1.000
   0.560000   84    1831.88     284.16   -1552.07   -1552.56     56     0.000     1.000
   0.560000   85    1862.41     295.80   -1569.30   -1569.78    546     0.000     1.000
   0.560000   86    1892.94     308.51   -1585.97   -1586.44    941     0.000     1.000
   0.560000   87    1923.47     321.64   -1602.19   -1602.65    328     0.000     1.000
   0.560000   88    1954.00     334.73   -1612.52   -1612.98     27     0.000     1.000
   0.540000   85    1862.41     295.65   -1569.84   -1570.32    211     0.000     1.000
   0.540000   86    1892.94     308.48   -1586.03   -1586.50    871     0.000     1.000
   0.540000   87    1923.47     321.97   -1601.94   -1602.40    722     0.000     1.000
   0.540000   88    1954.00     335.61   -1616.09   -1616.55     91     0.000     1.000
   0.520000   85    1862.41     297.00   -1570.43   -1570.91     75     0.000     1.000
   0.520000   86    1892.94     308.00   -1586.19   -1586.66    725     0.000     1.000
   0.520000   87    1923.47     322.13   -1601.44   -1601.90    891     0.000     1.000
   0.520000   88    1954.00     336.37   -1616.29   -1616.74    201     0.000     1.000
   0.500000   86    1892.94     307.79   -1586.71   -1587.18    393     0.000     1.000
   0.500000   87    1923.47     322.14   -1601.31   -1601.77   1068     0.000     1.000
   0.500000   88    1954.00     336.85   -1615.39   -1615.84    407     0.000     1.000
   0.500000   89    1984.53     352.11   -1623.84   -1624.29     24     0.000     1.000
   0.480000   86    1892.94     307.12   -1587.21   -1587.69     97     0.000     1.000
   0.480000   87    1923.47     321.89   -1601.42   -1601.89    782     0.000     1.000
   0.480000   88    1954.00     337.33   -1615.47   -1615.92    887     0.000     1.000
   0.480000   89    1984.53     352.65   -1628.17   -1628.62    130     0.000     1.000
   0.460000   87    1923.47     322.08   -1601.98   -1602.44    491     0.000     1.000
   0.460000   88    1954.00     337.39   -1615.25   -1615.71   1081     0.000     1.000
   0.460000   89    1984.53     353.39   -1627.90   -1628.35    304     0.000     1.000
   0.440000   87    1923.47     321.31   -1602.33   -1602.79    230     0.000     1.000
   0.440000   88    1954.00     337.31   -1615.38   -1615.84    992     0.000     1.000
   0.440000   89    1984.53     353.86   -1628.11   -1628.56    622     0.000     1.000
   0.440000   90    2015.05     370.52   -1638.65   -1639.09     46     0.000     1.000
   0.420000   87    1923.47     326.51   -1603.18   -1603.64     48     0.000     1.000
   0.420000   88    1954.00     337.13   -1615.58   -1616.03    660     0.000     1.000
   0.420000   89    1984.53     354.12   -1627.64   -1628.09   1002     0.000     1.000
   0.420000   90    2015.05     371.17   -1640.04   -1640.49    187     0.000     1.000
   0.400000   88    1954.00     336.81   -1616.18   -1616.64    229     0.000     1.000
   0.400000   89    1984.53     354.27   -1627.87   -1628.32   1073     0.000     1.000
   0.400000   90    2015.05     371.84   -1639.15   -1639.59    576     0.000     1.000
   0.380000   88    1954.00     337.24   -1616.73   -1617.18    139     0.000     1.000
   0.380000   89    1984.53     353.70   -1627.81   -1628.26    837     0.000     1.000
   0.380000   90    2015.05     372.02   -1638.82   -1639.26    804     0.000     1.000
   0.380000   91    2045.58     390.68   -1647.57   -1648.00    118     0.000     1.000
   0.360000   89    1984.53     353.95   -1628.36   -1628.81    407     0.000     1.000
   0.360000   90    2015.05     372.52   -1638.76   -1639.20   1057     0.000     1.000
   0.360000   91    2045.58     391.36   -1649.10   -1649.53    402     0.000     1.000
   0.340000   89    1984.53     352.76   -1628.97   -1629.42    175     0.000     1.000
   0.340000   90    2015.05     372.12   -1638.77   -1639.22    957     0.000     1.000
   0.340000   91    2045.58     391.68   -1648.45   -1648.88    714     0.000     1.000
   0.340000   92    2076.11     411.53   -1655.94   -1656.37     53     0.000     1.000
   0.320000   89    1984.53     359.23   -1629.73   -1630.18     31     0.000     1.000
   0.320000   90    2015.05     372.42   -1639.03   -1639.48    698     0.000     1.000
   0.320000   91    2045.58     391.90   -1648.23   -1648.67   1049     0.000     1.000
   0.320000   92    2076.11     412.33   -1655.75   -1656.18    120     0.000     1.000
   0.300000   90    2015.05     371.61   -1639.54   -1639.99    384     0.000     1.000
   0.300000   91    2045.58     392.02   -1647.97   -1648.41   1260     0.000     1.000
   0.300000   92    2076.11     412.43   -1655.58   -1656.01    246     0.000     1.000
   0.280000   90    2015.05     378.18   -1640.19   -1640.63     93     0.000     1.000
   0.280000   91    2045.58     392.14   -1648.10   -1648.54   1110     0.000     1.000
   0.280000   92    2076.11     413.00   -1655.49   -1655.92    686     0.000     1.000
   0.260000   90    2015.05     378.41   -1640.58   -1641.02     21     0.000     1.000
   0.260000   91    2045.58     392.06   -1648.35   -1648.79    616     0.000     1.000
   0.260000   92    2076.11     413.31   -1655.67   -1656.10   1114     0.000     1.000
   0.260000   93    2106.64     435.32   -1662.64   -1663.07    148     0.000     1.000
   0.240000   91    2045.58     391.32   -1648.62   -1649.05    592     0.000     1.000
   0.240000   92    2076.11     413.23   -1655.29   -1655.72   1091     0.000     1.000
   0.240000   93    2106.64     435.72   -1661.50   -1661.92    198     0.000     1.000
   0.220000   91    2045.58     394.47   -1649.22   -1649.66    138     0.000     1.000
   0.220000   92    2076.11     413.24   -1655.38   -1655.81   1151     0.000     1.000
   0.220000   93    2106.64     436.55   -1661.04   -1661.46    594     0.000     1.000
   0.200000   91    2045.58     400.26   -1649.88   -1650.31     24     0.000     1.000
   0.200000   92    2076.11     413.32   -1655.68   -1656.11    631     0.000     1.000
   0.200000   93    2106.64     436.79   -1661.22   -1661.64   1084     0.000     1.000
   0.200000   94    2137.17     460.54   -1666.21   -1666.63    160     0.000     1.000
   0.180000   91    2045.58     389.09   -1650.66   -1651.09     35     0.000     1.000
   0.180000   92    2076.11     412.55   -1655.95   -1656.38    643     0.000     1.000
   0.180000   93    2106.64     436.66   -1660.73   -1661.16   1103     0.000     1.000
   0.180000   94    2137.17     460.77   -1664.47   -1664.89    118     0.000     1.000
   0.160000   92    2076.11     412.23   -1656.25   -1656.68    302     0.000     1.000
   0.160000   93    2106.64     436.73   -1660.71   -1661.13   1139     0.000     1.000
   0.160000   94    2137.17     461.72   -1664.57   -1664.99    436     0.000     1.000
   0.140000   92    2076.11     413.48   -1656.81   -1657.24    179     0.000     1.000
   0.140000   93    2106.64     436.51   -1660.67   -1661.10   1074     0.000     1.000
   0.140000   94    2137.17     462.07   -1664.24   -1664.66    606     0.000     1.000
   0.140000   95    2167.70     487.90   -1667.27   -1667.68     40     0.000     1.000
   0.120000   92    2076.11     413.17   -1657.60   -1658.03     49     0.000     1.000
   0.120000   93    2106.64     436.25   -1660.89   -1661.31    842     0.000     1.000
   0.120000   94    2137.17     462.26   -1663.92   -1664.34    931     0.000     1.000
   0.120000   95    2167.70     488.50   -1666.47   -1666.89     77     0.000     1.000
   0.100000   93    2106.64     436.61   -1661.18   -1661.60    520     0.000     1.000
   0.100000   94    2137.17     462.19   -1663.75   -1664.17   1157     0.000     1.000
   0.100000   95    2167.70     489.26   -1666.21   -1666.62    208     0.000     1.000
   0.080000   93    2106.64     437.56   -1661.63   -1662.05    262     0.000     1.000
   0.080000   94    2137.17     462.13   -1663.72   -1664.14   1198     0.000     1.000
   0.080000   95    2167.70     489.75   -1665.60   -1666.02    425     0.000     1.000
   0.060000   93    2106.64     434.23   -1662.23   -1662.65     82     0.000     1.000
   0.060000   94    2137.17     462.23   -1663.87   -1664.29    946     0.000     1.000
   0.060000   95    2167.70     490.01   -1665.25   -1665.67    832     0.000     1.000
   0.060000   96    2198.23     518.39   -1666.65   -1667.06     39     0.000     1.000
   0.040000   93    2106.64     442.97   -1663.04   -1663.47     36     0.000     1.000
   0.040000   94    2137.17     462.02   -1664.09   -1664.51    617     0.000     1.000
   0.040000   95    2167.70     490.16   -1665.10   -1665.51   1038     0.000     1.000
   0.040000   96    2198.23     519.09   -1666.07   -1666.48    205     0.000     1.000
   0.020000   94    2137.17     464.72   -1664.70   -1665.12    110     0.000     1.000
   0.020000   95    2167.70     490.18   -1665.24   -1665.65    645     0.000     1.000
   0.020000   96    2198.23     519.82   -1665.78   -1666.19    888     0.000     1.000
   0.020000   97    2228.76     549.30   -1666.29   -1666.70    242     0.000     1.000
   0.000000   94    2137.17     458.24   -1665.70   -1666.12     25     0.000     1.000
   0.000000   95    2167.70     489.68   -1665.70   -1666.11    458     0.000     1.000
   0.000000   96    2198.23     519.68   -1665.70   -1666.11    834     0.000     1.000
   0.000000   97    2228.76     549.73   -1665.70   -1666.10    434     0.000     1.000
   0.000000   98    2259.28     579.93   -1665.70   -1666.10    104     0.000     1.000
   0.000000   99    2289.81     612.02   -1665.70   -1666.09     28     0.000     1.000


# Part 3: Bin-averaged summary:
# bin  energy gap  <dGg> <dGg norm> pts  <c1**2> <c2**2> <r_xy>
   7   -518.82     -1.73   1664.59         34    0.997    0.003    8.244
   8   -488.29     -1.84   1664.47         51    0.996    0.004    8.274
   9   -457.76     -1.96   1664.36         89    0.996    0.004    8.298
  10   -427.24     -2.10   1664.21        136    0.995    0.005    8.347
  11   -396.71     -2.27   1664.05        183    0.994    0.006    8.456
  12   -366.18     -2.45   1663.87        191    0.993    0.007    8.565
  13   -335.65     -2.67   1663.65        256    0.992    0.008    8.650
  14   -305.12     -2.94   1663.38        281    0.991    0.009    8.743
  15   -274.59     -3.24   1663.07        232    0.988    0.012    8.711
  16   -244.06     -3.63   1662.69        188    0.986    0.014    8.782
  17   -213.54     -4.12   1662.20        117    0.982    0.018    8.948
  18   -183.01     -4.88   1661.44        104    0.975    0.025    8.846
  19   -152.48     -5.41   1660.90        126    0.965    0.035    8.822
  20   -121.95     -6.06   1660.25        123    0.948    0.052    8.816
  21    -91.42     -7.66   1658.66        238    0.916    0.084    8.725
  22    -60.89    -10.99   1655.33        275    0.853    0.147    8.623
  23    -30.36    -18.54   1647.78        286    0.717    0.283    8.615
  24      0.16    -33.06   1633.26        294    0.506    0.494    8.492
  25     30.69    -54.14   1612.18        306    0.276    0.724    8.288
  26     61.22    -79.42   1586.90        338    0.149    0.851    8.047
  27     91.75   -106.20   1560.12        356    0.082    0.918    7.688
  28    122.28   -133.86   1532.46        340    0.052    0.948    7.514
  29    152.81   -161.81   1504.51        360    0.035    0.965    7.503
  30    183.34   -190.54   1475.77        384    0.025    0.975    7.547
  31    213.87   -219.15   1447.17        345    0.019    0.981    7.581
  32    244.39   -247.75   1418.57        314    0.014    0.986    7.684
  33    274.92   -276.33   1389.98        324    0.012    0.988    7.760
  34    305.45   -304.38   1361.94        317    0.009    0.991    7.726
  35    335.98   -333.16   1333.15        359    0.008    0.992    7.672
  36    366.51   -361.48   1304.83        416    0.007    0.993    7.584
  37    397.04   -389.70   1276.61        462    0.006    0.994    7.432
  38    427.57   -417.60   1248.72        491    0.005    0.995    7.310
  39    458.09   -445.61   1220.70        538    0.004    0.996    7.140
  40    488.62   -473.36   1192.96        544    0.004    0.996    7.009
  41    519.15   -500.63   1165.69        547    0.003    0.997    6.870
  42    549.68   -528.26   1138.06        430    0.003    0.997    6.767
  43    580.21   -555.13   1111.19        386    0.003    0.997    6.730
  44    610.74   -583.01   1083.31        366    0.002    0.998    6.732
  45    641.27   -610.24   1056.07        378    0.002    0.998    6.886
  46    671.79   -636.63   1029.69        476    0.002    0.998    7.038
  47    702.32   -663.55   1002.76        464    0.002    0.998    6.858
  48    732.85   -690.52    975.80        442    0.002    0.998    6.637
  49    763.38   -717.06    949.26        412    0.002    0.998    6.296
  50    793.91   -743.27    923.05        418    0.001    0.999    5.843
  51    824.44   -768.97    897.34        471    0.001    0.999    5.579
  52    854.97   -795.25    871.07        443    0.001    0.999    5.524
  53    885.50   -821.32    845.00        419    0.001    0.999    5.475
  54    916.02   -847.15    819.16        325    0.001    0.999    5.534
  55    946.55   -872.79    793.52        308    0.001    0.999    5.499
  56    977.08   -898.34    767.98        259    0.001    0.999    5.467
  57   1007.61   -923.83    742.49        313    0.001    0.999    5.511
  58   1038.14   -949.62    716.70        298    0.001    0.999    5.687
  59   1068.67   -975.12    691.20        413    0.001    0.999    5.815
  60   1099.20  -1000.24    666.08        478    0.001    0.999    5.885
  61   1129.72  -1025.48    640.84        503    0.001    0.999    5.892
  62   1160.25  -1050.03    616.28        401    0.001    0.999    6.077
  63   1190.78  -1075.05    591.27        359    0.001    0.999    5.961
  64   1221.31  -1099.72    566.59        255    0.001    0.999    5.841
  65   1251.84  -1124.17    542.15        370    0.001    0.999    5.643
  66   1282.37  -1147.91    518.41        321    0.001    0.999    5.580
  67   1312.90  -1172.72    493.59        350    0.001    0.999    5.640
  68   1343.42  -1197.14    469.17        367    0.000    1.000    5.644
  69   1373.95  -1221.20    445.12        409    0.000    1.000    5.623
  70   1404.48  -1245.04    421.28        475    0.000    1.000    5.551
  71   1435.01  -1268.84    397.48        627    0.000    1.000    5.552
  72   1465.54  -1292.38    373.94        684    0.000    1.000    5.490
  73   1496.07  -1315.68    350.63        706    0.000    1.000    5.492
  74   1526.60  -1338.78    327.54        714    0.000    1.000    5.425
  75   1557.13  -1361.49    304.83        753    0.000    1.000    5.369
  76   1587.65  -1384.19    282.13        872    0.000    1.000    5.342
  77   1618.18  -1406.29    260.02       1018    0.000    1.000    5.427
  78   1648.71  -1428.22    238.10       1117    0.000    1.000    5.614
  79   1679.24  -1449.66    216.66       1030    0.000    1.000    5.995
  80   1709.77  -1470.63    195.69        928    0.000    1.000    6.366
  81   1740.30  -1492.15    174.17       1179    0.000    1.000    6.602
  82   1770.83  -1512.56    153.76       1545    0.000    1.000    6.561
  83   1801.35  -1532.54    133.77       2273    0.000    1.000    6.364
  84   1831.88  -1551.63    114.69       3000    0.000    1.000    6.338
  85   1862.41  -1569.66     96.65       3411    0.000    1.000    6.308
  86   1892.94  -1586.64     79.67       3923    0.000    1.000    6.043
  87   1923.47  -1602.12     64.19       4658    0.000    1.000    5.798
  88   1954.00  -1615.97     50.35       4714    0.000    1.000    5.711
  89   1984.53  -1628.38     37.94       4605    0.000    1.000    6.020
  90   2015.05  -1639.45     26.87       4823    0.000    1.000    6.796
  91   2045.58  -1648.75     17.56       6058    0.000    1.000    6.700
  92   2076.11  -1656.07     10.25       6265    0.000    1.000    6.418
  93   2106.64  -1661.42      4.90       7082    0.000    1.000    7.121
  94   2137.17  -1664.45      1.87       6304    0.000    1.000    7.928
  95   2167.70  -1665.82      0.50       3723    0.000    1.000    8.029
  96   2198.23  -1666.20      0.11       1966    0.000    1.000    8.011
  97   2228.76  -1666.32      0.00        676    0.000    1.000    8.172
  98   2259.28  -1666.10      0.22        104    0.000    1.000    8.173
  99   2289.81  -1666.09      0.22         28    0.000    1.000    7.749
